  1000.000    11.027     5.580     0.000     0.690    -1.642    -1.175     2.680     0.000     0.000     0.000     0.000     0.000     0.000   304.785     0.000   0.00E+00    -1.109     0.333   284.180
   950.000     6.910     5.388     0.001     0.864     1.825    -1.368    -0.324     0.000    13.659     0.000   -11.582     0.000     0.002   304.730     0.000   0.47E-06    -1.860     0.371   280.057
   900.000     3.652     3.908    -0.365     0.729     1.331    -1.342     0.000     0.000    13.647    -0.002    -8.407     0.002     2.016   300.946     0.001   0.22E-01    -0.447     0.396   276.247
   850.000     0.176     2.833     0.232     0.663     1.339    -1.355     0.000     0.000    12.735    -2.005    -8.183     2.272     1.638   298.737     0.003   0.13E-01     0.246     0.424   273.491
   800.000    -3.271     1.901     0.610     0.576     1.475    -1.495     0.000     0.000    11.662    -1.638    -8.769     1.991     0.110   297.299     0.008   0.29E+00     0.924     0.450   270.639
   750.000    -6.388     1.049     0.559     0.440     1.557    -1.579     0.000     0.000    11.704    -0.108    -7.618     1.526     0.051   296.332     0.004   0.17E+00     1.320     0.480   267.485
   700.000    -9.862     0.555     0.329     0.325     1.513    -1.537     0.000     0.000    11.842    -0.002    -6.812     1.361     0.049   296.437     0.006   0.13E+00     1.368     0.508   263.955
   650.000   -13.765     0.288     0.032     0.244     1.350    -1.377     0.000     0.000    11.990    -0.001    -6.115     1.226     0.043   297.212     0.009   0.11E+00     1.182     0.529   259.978
   600.000   -18.266     0.160    -0.225     0.200     1.114    -1.148     0.000     0.000    12.209     0.000    -5.302     1.320     0.038   298.126     0.014   0.10E+00     0.887     0.541   255.474
   550.000   -23.495     0.109    -0.357     0.194     0.897    -0.939     0.000     0.000    12.536     0.000    -4.274     1.466     0.054   299.263     0.022   0.12E+00     0.596     0.535   250.361
   500.000   -29.501     0.092    -0.349     0.237     0.786    -0.839     0.000     0.000    13.058     0.000    -2.965     1.649     0.058   300.089     0.032   0.58E-01     0.375     0.510   244.562
   450.000   -36.247     0.088    -0.268     0.361     0.794    -0.861     0.000     0.000    13.884    -0.001    -1.534     1.943     0.094   300.653     0.077   0.22E+00     0.214     0.468   238.004
   400.000   -43.725     0.088    -0.225     0.625     0.842    -0.922     0.000     0.000    14.349    -0.002    -0.557     2.402     1.052   301.096     0.176   0.21E+00     0.053     0.415   230.622
   350.000   -51.971     0.024    -0.293     0.801     0.604    -0.698     0.000     0.000    12.502     0.000    -0.150     2.860     4.123   301.481     0.226   0.11E+00     0.011     0.341   222.331
   300.000   -61.316     0.018    -0.424     0.928     0.449    -0.559     0.000     0.000     5.383     0.000    -0.025     1.223     8.013   301.767     0.301   0.12E-01     0.001     0.225   213.004
   250.000   -70.676     0.006    -1.044     1.000     0.040    -0.158     0.000     0.000     0.041     0.000    -0.000     0.000     5.342   302.570     0.405   0.20E-02    -0.000     0.099   202.371
   200.000   -68.061     0.001    -4.000     0.128    -0.001    -0.031     0.000     0.000     0.000     0.000    -0.000     0.000     0.041   315.883     0.000   0.20E-04    -0.000     0.003   189.437
   150.000   -69.507     0.001    -4.000     0.097     0.000     0.024     0.000     0.000     0.000     0.000     0.000     0.000     0.000   329.793     0.000   0.00E+00     0.000     0.000   172.786
   100.000   -70.503     0.001    -4.000     0.076     0.000     0.018     0.000     0.000     0.000     0.000     0.000     0.000     0.000   351.865     0.000   0.00E+00     0.000     0.000   149.602
    80.000   -70.104     0.001    -4.000     0.058     0.000     0.020     0.000     0.000     0.000     0.000     0.000     0.000     0.000   365.008     0.000   0.00E+00     0.000     0.000     0.000
    60.000   -67.021     0.001     0.000     0.029     0.000     0.041     0.000     0.000     0.000     0.000     0.000     0.000     0.000   384.474     0.000   0.00E+00     0.000     0.000     0.000
    40.000   -62.965     0.001     0.000     0.011     0.000     0.068     0.000     0.000     0.000     0.000     0.000     0.000     0.000   412.045     0.000   0.00E+00     0.000     0.000     0.000
    30.000   -61.508     0.001     0.000     0.007     0.000     0.078     0.000     0.000     0.000     0.000     0.000     0.000     0.000   430.831     0.000   0.00E+00     0.000     0.000     0.000
    25.000   -62.199     0.001     0.000     0.006     0.000     0.073     0.000     0.000     0.000     0.000     0.000     0.000     0.000   441.423     0.000   0.00E+00    -0.001     0.000     0.000
