  1000.000     7.900     4.354    -0.002     0.760    -1.689    -1.812     2.813     0.000     0.000     0.000     0.000     0.000     0.000   362.985     0.000   0.00E+00    -2.331     0.489   281.042
   950.000     3.803     4.178     0.020     0.939     2.796    -0.974    -1.344     0.000    10.089     0.000   -10.926     0.000     0.000   362.848     0.003   0.12E-04    -5.735     0.528   276.963
   900.000     0.250     3.065    -0.119     0.797     1.410    -1.510     0.000     0.000    10.085     0.000    -6.072     0.000     1.162   355.036     0.001   0.10E+00    -2.919     0.553   272.966
   850.000    -3.345     2.282     0.425     0.765     1.322    -1.424     0.000     0.000     9.362    -1.158    -6.704     1.279     0.667   350.825     0.011   0.14E+00    -1.897     0.588   270.201
   800.000    -6.698     1.466     0.727     0.715     1.427    -1.531     0.000     0.000     8.729    -0.653    -5.678     0.956     0.386   347.699     0.008   0.20E+00    -1.014     0.619   267.151
   750.000   -10.107     0.855     0.857     0.658     1.491    -1.596     0.000     0.000     8.402    -0.167    -5.113     0.788     0.291   344.919     0.006   0.18E+00    -0.352     0.643   263.765
   700.000   -13.794     0.537     0.894     0.613     1.537    -1.643     0.000     0.000     8.231    -0.012    -4.702     0.750     0.298   343.451     0.007   0.17E+00     0.053     0.660   259.984
   650.000   -17.993     0.354     0.871     0.580     1.568    -1.677     0.000     0.000     8.060    -0.012    -4.292     0.712     0.300   341.984     0.028   0.15E+00     0.292     0.667   255.748
   600.000   -22.715     0.224     0.791     0.555     1.571    -1.682     0.000     0.000     7.913    -0.016    -3.822     0.732     0.291   341.336     0.154   0.24E+00     0.270     0.664   250.991
   550.000   -28.018     0.132     0.708     0.539     1.575    -1.690     0.000     0.000     7.834    -0.019    -3.260     0.794     0.257   340.883     0.165   0.32E+00     0.182     0.651   245.652
   500.000   -34.053     0.110     0.683     0.545     1.637    -1.755     0.000     0.000     7.854    -0.015    -2.561     0.874     0.227   340.520     0.169   0.30E+00     0.055     0.624   239.678
   450.000   -40.968     0.115     0.735     0.583     1.766    -1.890     0.000     0.000     7.689     0.000    -1.793     0.927     0.551   339.975     0.191   0.44E+00    -0.052     0.584   233.024
   400.000   -48.450     0.064     0.766     0.620     1.828    -1.962     0.003     0.000     7.323     0.000    -1.140     1.030     0.947   338.973     0.222   0.44E+00    -0.169     0.524   225.631
   350.000   -56.631     0.027    -0.279     0.647     1.673    -1.784    -0.017     0.000     6.718    -0.000    -0.685     1.214     1.468   336.962     0.203   0.34E+00     0.088     0.447   217.411
   300.000   -65.556     0.010    -2.170     0.697     1.607    -1.778     0.022     0.000     3.980    -0.007    -0.380     0.634     3.155   337.055     0.286   0.24E+00     0.145     0.379   208.213
   250.000   -72.748     0.004    -4.000     0.711     1.535    -1.487    -0.129     0.000     2.257    -0.001    -0.160     0.355     1.950   337.173     0.217   0.10E+00     0.185     0.298   197.693
   200.000   -69.422     0.001    -4.000     0.538     0.892    -1.127     0.093     0.000     1.256    -0.000    -0.065     0.204     1.125   341.608     0.131   0.66E-01     0.125     0.227   184.862
   150.000   -69.655     0.001    -4.000     0.468     0.489    -0.603     0.031     0.000     0.623     0.000    -0.021     0.100     0.701   349.805     0.111   0.36E-01    -0.002     0.159   168.261
   100.000   -68.270     0.001    -4.000     0.283     0.092    -0.113     0.000     0.000     0.000     0.000    -0.000     0.000     0.623   368.245     0.071   0.95E-02    -0.000     0.089   144.941
    80.000   -65.305     0.001    -4.000     0.031     0.000     0.012     0.000     0.000     0.000     0.000     0.000     0.000     0.000   385.284     0.000   0.25E-09    -0.000     0.000     0.000
    60.000   -58.194     0.001     0.000     0.006     0.000     0.037     0.000     0.000     0.000     0.000     0.000     0.000     0.000   410.000     0.000   0.00E+00     0.000     0.000     0.000
    40.000   -48.658     0.001     0.000     0.002     0.000     0.061     0.000     0.000     0.000     0.000     0.000     0.000     0.000   443.711     0.000   0.00E+00     0.000     0.000     0.000
    30.000   -41.192     0.001     0.000     0.001     0.000     0.080     0.000     0.000     0.000     0.000     0.000     0.000     0.000   468.742     0.000   0.00E+00     0.000     0.000     0.000
    25.000   -26.412     0.001     0.000     0.000     0.000     0.116     0.000     0.000     0.000     0.000     0.000     0.000     0.000   493.439     0.000   0.00E+00    -0.001     0.000     0.000
