  1000.000     3.195     3.045     0.000     0.645    -1.440    -1.023     2.656     0.000     0.000     0.000     0.000     0.000     0.000   292.129     0.000   0.00E+00    -0.788     0.284   276.303
   950.000    -0.902     2.886     0.001     0.816     0.683    -1.447     0.514     0.000    18.650     0.000   -13.774     0.000     0.000   292.137     0.000   0.00E+00    -1.149     0.316   272.292
   900.000    -4.664     2.060    -0.120     0.736     1.426    -1.459     0.000     0.000    18.645     0.000   -13.711     0.000     2.161   289.356     0.002   0.51E-01    -0.337     0.344   268.426
   850.000    -8.205     1.372     0.361     0.655     1.485    -1.520     0.000     0.000    17.344    -2.157   -10.065     2.579     2.242   287.740     0.044   0.29E+00     0.215     0.376   265.395
   800.000   -11.844     0.865     0.580     0.546     1.581    -1.618     0.000     0.000    15.874    -2.242    -7.471     2.687     1.388   287.006     0.016   0.27E+00     0.622     0.407   262.060
   750.000   -15.639     0.461     0.551     0.407     1.560    -1.599     0.000     0.000    14.678    -1.386    -6.100     2.072     0.526   286.691     0.003   0.18E+00     0.851     0.430   258.377
   700.000   -19.618     0.231     0.367     0.294     1.455    -1.496     0.000     0.000    14.288    -0.490    -5.083     1.811     0.466   286.980     0.002   0.13E+00     0.845     0.442   254.299
   650.000   -24.053     0.126     0.164     0.222     1.301    -1.345     0.000     0.000    13.987    -0.418    -4.173     1.664     0.381   287.437     0.002   0.10E+00     0.718     0.443   249.781
   600.000   -28.953     0.068    -0.033     0.183     1.106    -1.153     0.000     0.000    13.831    -0.333    -3.252     1.618     0.411   287.918     0.003   0.87E-01     0.532     0.434   244.783
   550.000   -34.343     0.026    -0.184     0.159     0.780    -0.830     0.000     0.000    13.774    -0.369    -2.365     1.813     0.119   288.679     0.006   0.81E-01     0.359     0.414   239.265
   500.000   -40.374     0.020    -0.235     0.196     0.629    -0.684     0.000     0.000    14.436    -0.085    -1.459     2.243     0.026   289.252     0.010   0.48E-01     0.209     0.381   233.194
   450.000   -47.042     0.017    -0.231     0.326     0.599    -0.659     0.000     0.000    15.968     0.000    -0.667     3.106     0.150   289.542     0.042   0.86E-01     0.092     0.338   226.526
   400.000   -54.360     0.015    -0.248     0.543     0.467    -0.531     0.000     0.000    18.213     0.000    -0.237     4.582     1.144   289.979     0.135   0.87E-01     0.026     0.288   219.201
   350.000   -62.454     0.014    -0.260     0.860     0.409    -0.478    -0.000     0.000     7.842     0.000    -0.042     1.958    11.528   290.202     0.265   0.28E-01     0.003     0.224   211.122
   300.000   -71.060     0.005    -0.467     1.010     0.129    -0.202     0.000     0.000     1.086     0.000    -0.005     0.219     6.924   290.469     0.433   0.80E-02     0.000     0.115   202.122
   250.000   -74.839     0.003    -4.000     1.004     0.008    -0.069     0.000     0.000     0.013     0.000    -0.000     0.000     1.073   294.906     0.458   0.69E-03    -0.000     0.024   191.759
   200.000   -73.301     0.001    -4.000     0.170    -0.000    -0.033     0.000     0.000     0.000     0.000    -0.000     0.000     0.013   308.993     0.000   0.55E-05    -0.000     0.001   179.128
   150.000   -73.819     0.001    -4.000     0.133     0.000    -0.002     0.000     0.000     0.000     0.000     0.000     0.000     0.000   324.094     0.000   0.00E+00     0.000     0.000   162.855
   100.000   -72.026     0.001    -4.000     0.074     0.000     0.003     0.000     0.000     0.000     0.000     0.000     0.000     0.000   348.389     0.000   0.00E+00     0.000     0.000   139.988
    80.000   -68.620     0.001    -4.000     0.039     0.000     0.011     0.000     0.000     0.000     0.000     0.000     0.000     0.000   363.988     0.000   0.00E+00     0.000     0.000     0.000
    60.000   -60.913     0.001     0.000     0.012     0.000     0.031     0.000     0.000     0.000     0.000     0.000     0.000     0.000   387.979     0.000   0.00E+00     0.000     0.000     0.000
    40.000   -50.672     0.001     0.000     0.003     0.000     0.056     0.000     0.000     0.000     0.000     0.000     0.000     0.000   422.755     0.000   0.00E+00     0.000     0.000     0.000
    30.000   -42.436     0.001     0.000     0.001     0.000     0.077     0.000     0.000     0.000     0.000     0.000     0.000     0.000   448.923     0.000   0.00E+00     0.000     0.000     0.000
    25.000   -26.092     0.001     0.000     0.000     0.000     0.118     0.000     0.000     0.000     0.000     0.000     0.000     0.000   477.090     0.000   0.00E+00    -0.001     0.000     0.000
