  1000.000    10.747     5.519    -0.000     0.695    -1.545    -1.265     2.730     0.000     0.000     0.000     0.000     0.000     0.000   302.894     0.000   0.00E+00    -0.988     0.321   283.899
   950.000     6.633     5.324     0.001     0.873     1.954    -1.500    -0.304     0.000    13.797     0.000   -10.581     0.000     0.005   302.919     0.000   0.11E-05    -1.652     0.356   279.780
   900.000     3.408     3.815    -0.334     0.728     1.437    -1.433     0.000     0.000    13.753    -0.005    -7.815     0.005     2.197   299.140     0.004   0.33E-01    -0.279     0.379   276.024
   850.000    -0.040     2.769     0.211     0.667     1.395    -1.408     0.000     0.000    12.734    -2.158    -7.665     2.414     1.729   297.279     0.012   0.28E-01     0.290     0.405   273.258
   800.000    -3.462     1.865     0.531     0.593     1.466    -1.492     0.000     0.000    11.579    -1.702    -8.817     2.029     0.071   296.010     0.018   0.29E+00     0.908     0.429   270.405
   750.000    -6.574     1.049     0.343     0.466     1.484    -1.513     0.000     0.000    11.622    -0.038    -6.810     1.416     0.109   295.441     0.018   0.19E+00     1.123     0.461   267.234
   700.000   -10.077     0.575     0.124     0.379     1.376    -1.413     0.000     0.000    11.683    -0.009    -6.439     1.247     0.109   295.670     0.028   0.15E+00     1.097     0.488   263.686
   650.000   -14.026     0.313    -0.125     0.326     1.196    -1.244     0.000     0.000    11.790    -0.008    -5.713     1.251     0.090   296.391     0.039   0.14E+00     0.899     0.507   259.689
   600.000   -18.580     0.184    -0.320     0.312     0.985    -1.052     0.000     0.000    11.979    -0.006    -4.819     1.405     0.104   297.333     0.066   0.15E+00     0.640     0.512   255.166
   550.000   -23.854     0.131    -0.408     0.344     0.820    -0.913     0.000     0.000    12.260    -0.005    -3.694     1.538     0.148   298.238     0.092   0.27E+00     0.405     0.498   250.036
   500.000   -29.891     0.114    -0.418     0.441     0.804    -0.931     0.000     0.000    12.736    -0.006    -2.332     1.684     0.159   298.993     0.113   0.56E-01     0.234     0.465   244.223
   450.000   -36.644     0.114    -0.452     0.638     0.856    -1.022     0.000     0.000    12.798    -0.009    -1.043     1.841     0.888   299.613     0.217   0.27E+00     0.101     0.420   237.658
   400.000   -44.090     0.085    -0.632     0.866     0.797    -1.005     0.000     0.000    12.822    -0.012    -0.336     2.248     1.468   300.141     0.288   0.19E+00     0.022     0.355   230.274
   350.000   -52.352     0.035    -0.956     1.022     0.446    -0.697     0.000     0.000    10.338     0.000    -0.096     2.620     4.682   300.636     0.313   0.98E-01     0.007     0.281   221.988
   300.000   -61.631     0.017    -1.511     1.105     0.314    -0.611     0.000     0.000     1.131     0.000    -0.001     0.173     9.223   301.282     0.688   0.99E-02    -0.001     0.169   212.671
   250.000   -70.950     0.006    -3.528     0.998     0.001    -0.319     0.000     0.000     0.000     0.000    -0.000     0.000     1.131   303.446     0.528   0.51E-03    -0.000     0.047   202.050
   200.000   -69.647     0.001    -4.000     0.215     0.001    -0.089     0.000     0.000     0.000     0.000     0.000     0.000     0.000   314.382     0.000   0.14E-08    -0.000     0.000   189.185
   150.000   -72.277     0.001    -4.000     0.138     0.000     0.018     0.000     0.000     0.000     0.000     0.000     0.000     0.000   326.956     0.000   0.00E+00     0.000     0.000   172.721
   100.000   -72.715     0.001    -4.000     0.100     0.000     0.009     0.000     0.000     0.000     0.000     0.000     0.000     0.000   349.285     0.000   0.00E+00     0.000     0.000   149.816
    80.000   -71.129     0.001    -4.000     0.072     0.000     0.040     0.000     0.000     0.000     0.000     0.000     0.000     0.000   362.733     0.000   0.00E+00     0.000     0.000     0.000
    60.000   -65.207     0.001     0.000     0.033     0.000     0.159     0.000     0.000     0.000     0.000     0.000     0.000     0.000   382.886     0.000   0.00E+00     0.000     0.000     0.000
    40.000   -56.302     0.001     0.000     0.011     0.000     0.337     0.000     0.000     0.000     0.000     0.000     0.000     0.000   412.803     0.000   0.00E+00     0.000     0.000     0.000
    30.000   -49.359     0.001     0.000     0.005     0.000     0.476     0.000     0.000     0.000     0.000     0.000     0.000     0.000   435.757     0.000   0.00E+00     0.000     0.000     0.000
    25.000   -37.499     0.001     0.000     0.002     0.000     0.713     0.000     0.000     0.000     0.000     0.000     0.000     0.000   459.247     0.000   0.00E+00    -0.001     0.000     0.000
