     0.250     0.072     1.454     9.668    10.523   -23.650     0.919   262.079   250.222    12.455  1010.243     0.125   268.046
     0.500     0.047     1.488     9.876    11.019   -23.913     0.919   262.136   250.467    15.219  1009.133     0.375   265.843
     0.750     0.249     1.567    10.178    11.478   -24.176     0.919   262.175   250.773    17.886  1007.825     0.625   260.965
     1.000     0.724     1.648    10.455    11.897   -24.437     0.919   262.181   251.207    20.145  1006.580     0.875   258.214
     1.250     1.189     1.742    10.736    12.278   -24.696     0.919   262.197   251.642    22.224  1005.312     1.125   255.659
     1.500     1.629     1.834    11.014    12.622   -24.954     0.919   262.187   252.314    24.090  1004.069     1.375   253.377
     1.750     1.834     1.920    11.282    12.934   -25.210     0.919   262.182   252.971    25.832  1002.820     1.625   250.970
     2.000     1.971     2.002    11.536    13.217   -25.464     0.919   262.170   253.607    27.492  1001.549     1.875   248.401
     2.250     2.182     2.077    11.767    13.473   -25.716     0.919   262.160   254.239    29.026  1000.310     2.125   246.122
     2.500     2.186     2.146    11.982    13.705   -25.972     0.920   262.152   254.815    30.508   999.048     2.375   243.753
     2.750     2.306     2.209    12.177    13.915   -26.278     0.927   262.147   255.361    31.864   997.844     2.625   241.794
     3.000     2.296     2.268    12.358    14.106   -26.623     0.939   262.143   255.897    33.180   996.624     2.875   239.702
     3.250     2.374     2.318    12.521    14.278   -26.910     0.943   262.137   256.351    34.388   995.468     3.125   237.991
     3.500     2.435     2.364    12.671    14.436   -27.107     0.948   262.151   256.737    35.516   994.353     3.375   236.501
     3.750     2.688     2.412    12.803    14.580   -27.205     0.946   262.147   257.262    36.702   993.049     3.625   234.758
     4.000     3.060     2.449    12.913    14.709   -27.254     0.935   262.133   257.932    37.799   991.776     3.875   233.291
     4.250     3.062     2.472    13.024    14.828   -27.329     0.927   262.117   258.553    38.897   990.441     4.125   231.446
     4.500     3.161     2.502    13.126    14.937   -27.359     0.944   262.095   259.339    39.914   989.166     4.375   229.833
     4.750     3.124     2.532    13.220    15.036   -27.400     1.003   262.081   259.938    40.897   987.960     4.625   228.120
     5.000     3.148     2.555    13.306    15.125   -27.362     1.008   262.069   260.584    41.894   986.678     4.875   226.215
     5.250     3.138     2.575    13.388    15.209   -27.176     0.932   262.058   261.128    42.654   985.717     5.125   225.175
     5.500     3.197     2.598    13.464    15.286   -26.994     0.857   262.047   261.660    43.427   984.702     5.375   223.999
     5.750     3.149     2.611    13.535    15.356   -26.894     0.818   262.031   262.298    44.197   983.628     5.625   222.645
     6.000     3.064     2.628    13.604    15.421   -26.838     0.787   262.022   262.981    44.894   982.575     5.875   221.422
     6.250     3.120     2.646    13.664    15.482   -26.744     0.747   262.015   263.452    45.478   981.691     6.125   220.614
     6.500     3.180     2.659    13.719    15.539   -26.612     0.696   262.007   263.949    46.037   980.855     6.375   219.797
     6.750     3.250     2.677    13.769    15.591   -26.473     0.640   261.999   264.319    46.577   980.074     6.625   219.022
     7.000     3.250     2.692    13.816    15.637   -26.378     0.594   261.985   264.879    47.123   979.263     6.875   218.126
     7.250     3.266     2.705    13.859    15.679   -26.295     0.558   261.954   266.184    47.688   978.376     7.125   217.003
     7.500     3.083     2.709    13.905    15.719   -26.293     0.534   261.957   266.232    48.113   977.608     7.375   216.332
     7.750     3.160     2.724    13.943    15.756   -26.270     0.511   261.950   266.586    48.491   976.979     7.625   215.847
     8.000     3.120     2.735    13.978    15.789   -26.226     0.486   261.945   266.981    48.843   976.385     7.875   215.397
     8.250     3.187     2.749    14.008    15.819   -26.138     0.452   261.939   267.482    49.174   975.876     8.125   215.009
     8.500     3.203     2.762    14.035    15.845   -26.016     0.413   261.928   268.099    49.501   975.383     8.375   214.611
     8.750     3.105     2.763    14.061    15.869   -25.910     0.377   261.917   268.558    49.824   974.812     8.625   214.189
     9.000     3.159     2.783    14.083    15.889   -25.839     0.368   261.904   268.871    50.112   974.309     8.875   213.853
     9.250     3.170     2.793    14.102    15.906   -25.813     0.350   261.893   269.321    50.394   973.833     9.125   213.477
     9.500     3.181     2.797    14.118    15.920   -25.798     0.326   261.880   269.853    50.669   973.364     9.375   213.054
     9.750     3.205     2.800    14.129    15.933   -25.779     0.303   261.867   270.253    50.934   972.905     9.625   212.599
    10.000     3.147     2.803    14.141    15.944   -25.762     0.285   261.855   270.655    51.214   972.387     9.875   212.042
    10.250     3.117     2.809    14.151    15.953   -25.742     0.271   261.844   270.999    51.513   971.828    10.125   211.394
    10.500     3.054     2.811    14.161    15.961   -25.729     0.260   261.834   271.264    51.730   971.398    10.375   211.031
    10.750     2.903     2.820    14.173    15.967   -25.740     0.255   261.832   271.401    51.922   970.957    10.625   210.769
    11.000     2.901     2.828    14.180    15.971   -25.752     0.260   261.828   271.525    52.110   970.555    10.875   210.517
    11.250     2.950     2.835    14.182    15.973   -25.754     0.260   261.826   271.512    52.286   970.197    11.125   210.280
    11.500     2.962     2.842    14.182    15.973   -25.752     0.271   261.821   271.612    52.448   969.867    11.375   210.058
    11.750     2.991     2.854    14.182    15.971   -25.761     0.283   261.817   271.684    52.600   969.546    11.625   209.837
    12.000     2.920     2.860    14.185    15.969   -25.778     0.290   261.815   271.779    52.739   969.199    11.875   209.617
    12.250     2.937     2.865    14.184    15.966   -25.795     0.283   261.819   270.492    52.876   968.890    12.125   209.413
    12.500     2.960     2.870    14.180    15.961   -25.809     0.281   261.817   270.603    53.002   968.600    12.375   209.215
    12.750     2.968     2.872    14.175    15.956   -25.827     0.283   261.810   272.197    53.121   968.318    12.625   209.026
    13.000     2.998     2.861    14.168    15.950   -25.837     0.279   261.808   272.504    53.212   968.128    12.875   208.900
    13.250     3.063     2.829    14.159    15.943   -25.865     0.249   261.802   272.912    53.283   967.968    13.125   208.802
    13.500     3.114     2.865    14.148    15.936   -25.899     0.249   261.793   273.369    53.351   967.803    13.375   208.705
    13.750     3.088     2.852    14.138    15.929   -25.920     0.229   261.786   273.535    53.419   967.655    13.625   208.605
    14.000     3.094     2.864    14.130    15.922   -25.930     0.205   261.776   274.004    53.486   967.496    13.875   208.496
    14.250     3.071     2.865    14.120    15.914   -25.925     0.184   261.767   274.175    53.554   967.371    14.125   208.404
    14.500     3.032     2.868    14.111    15.906   -25.907     0.173   261.760   274.306    53.623   967.246    14.375   208.312
    14.750     3.001     2.872    14.102    15.896   -25.890     0.168   261.754   274.294    53.690   967.113    14.625   208.217
    15.000     3.013     2.873    14.090    15.885   -25.879     0.170   261.748   274.339    53.758   967.015    14.875   208.128
    15.250     2.967     2.879    14.081    15.874   -25.880     0.190   261.746   273.325    53.830   966.883    15.125   208.013
    15.500     2.972     2.835    14.067    15.861   -25.923     0.206   261.740   274.086    53.902   966.780    15.375   207.917
    15.750     3.008     2.881    14.058    15.849   -26.002     0.241   261.733   274.281    53.956   966.585    15.625   207.781
    16.000     3.013     2.881    14.046    15.836   -26.074     0.252   261.726   274.330    54.012   966.459    15.875   207.673
    16.250     2.999     2.881    14.033    15.823   -26.134     0.236   261.722   274.038    54.067   966.339    16.125   207.566
    16.500     3.016     2.880    14.017    15.808   -26.155     0.223   261.716   273.497    54.127   966.230    16.375   207.453
    16.750     2.965     2.879    14.004    15.794   -26.192     0.237   261.709   274.336    54.178   966.087    16.625   207.328
    17.000     2.984     2.863    13.987    15.780   -26.216     0.213   261.705   274.176    54.226   966.011    16.875   207.230
    17.250     2.966     2.862    13.971    15.765   -26.223     0.200   261.700   274.182    54.272   965.895    17.125   207.113
    17.500     2.994     2.875    13.956    15.750   -26.227     0.194   261.696   273.570    54.316   965.779    17.375   206.983
    17.750     2.936     2.860    13.940    15.736   -26.238     0.202   261.691   274.393    54.365   965.695    17.625   206.866
    18.000     2.987     2.873    13.926    15.721   -26.265     0.195   261.687   274.238    54.406   965.558    17.875   206.726
    18.250     3.002     2.871    13.908    15.706   -26.288     0.188   261.680   274.557    54.453   965.489    18.125   206.602
    18.500     2.971     2.856    13.891    15.691   -26.308     0.182   261.675   274.432    54.501   965.412    18.375   206.479
    18.750     2.980     2.857    13.876    15.675   -26.327     0.187   261.669   274.565    54.551   965.298    18.625   206.332
    19.000     2.961     2.870    13.861    15.660   -26.351     0.190   261.667   273.721    54.598   965.174    18.875   206.191
    19.250     2.969     2.870    13.845    15.645   -26.388     0.194   261.662   273.743    54.645   965.075    19.125   206.046
    19.500     2.947     2.869    13.829    15.629   -26.421     0.202   261.657   273.750    54.692   964.952    19.375   205.895
    19.750     2.982     2.854    13.811    15.613   -26.462     0.207   261.651   274.349    54.736   964.866    19.625   205.755
    20.000     2.975     2.851    13.795    15.597   -26.501     0.199   261.646   274.435    54.779   964.755    19.875   205.600
    20.250     2.995     2.862    13.778    15.582   -26.530     0.194   261.640   274.475    54.822   964.651    20.125   205.446
    20.500     2.965     2.862    13.764    15.566   -26.560     0.193   261.634   274.639    54.870   964.505    20.375   205.257
    20.750     2.962     2.861    13.746    15.550   -26.581     0.189   261.630   274.440    54.920   964.409    20.625   205.092
    21.000     2.955     2.860    13.731    15.534   -26.602     0.185   261.625   274.506    54.956   964.306    20.875   204.952
    21.250     2.957     2.859    13.714    15.518   -26.623     0.181   261.620   274.703    54.967   964.270    21.125   204.909
    21.500     2.955     2.859    13.697    15.502   -26.647     0.179   261.615   274.620    54.977   964.223    21.375   204.865
    21.750     2.965     2.857    13.679    15.486   -26.669     0.176   261.610   274.667    54.986   964.192    21.625   204.824
    22.000     2.958     2.856    13.662    15.469   -26.694     0.177   261.605   274.846    54.996   964.161    21.875   204.786
    22.250     2.979     2.855    13.643    15.453   -26.724     0.173   261.600   274.783    55.002   964.149    22.125   204.749
    22.500     2.946     2.855    13.627    15.437   -26.750     0.173   261.594   274.764    55.010   964.107    22.375   204.713
    22.750     2.948     2.855    13.611    15.420   -26.781     0.177   261.589   274.637    55.015   964.076    22.625   204.677
    23.000     2.945     2.854    13.592    15.404   -26.812     0.181   261.584   274.570    55.028   964.049    22.875   204.643
    23.250     2.913     2.824    13.573    15.387   -26.843     0.186   261.581   274.493    55.044   964.034    23.125   204.610
    23.500     2.964     2.835    13.554    15.370   -26.882     0.183   261.576   274.589    55.043   964.014    23.375   204.579
    23.750     2.970     2.833    13.536    15.354   -26.920     0.176   261.570   274.677    55.042   963.998    23.625   204.548
    24.000     2.954     2.831    13.518    15.337   -26.946     0.169   261.564   274.725    55.043   963.978    23.875   204.518
    24.250     2.946     2.830    13.500    15.321   -26.966     0.168   261.560   274.610    55.046   963.954    24.125   204.489
    24.500     2.932     2.829    13.483    15.304   -26.992     0.170   261.554   274.660    55.048   963.931    24.375   204.461
    24.750     2.951     2.842    13.465    15.287   -27.020     0.169   261.550   274.555    55.047   963.921    24.625   204.434
    25.000     2.932     2.812    13.446    15.270   -27.046     0.164   261.545   274.605    55.046   963.919    24.875   204.407
    25.250     2.939     2.811    13.428    15.253   -27.073     0.165   261.539   274.598    55.044   963.908    25.125   204.382
    25.500     2.936     2.823    13.410    15.236   -27.103     0.168   261.533   274.611    55.042   963.896    25.375   204.357
    25.750     2.943     2.822    13.392    15.219   -27.137     0.173   261.528   274.590    55.039   963.893    25.625   204.334
    26.000     2.939     2.820    13.374    15.202   -27.177     0.174   261.523   274.571    55.034   963.891    25.875   204.310
    26.250     2.936     2.819    13.356    15.185   -27.211     0.171   261.517   274.560    55.028   963.887    26.125   204.287
    26.500     2.927     2.817    13.338    15.167   -27.241     0.171   261.513   274.506    55.024   963.882    26.375   204.264
    26.750     2.932     2.816    13.320    15.150   -27.269     0.168   261.508   274.483    55.019   963.881    26.625   204.242
    27.000     2.916     2.801    13.302    15.133   -27.290     0.162   261.503   274.432    55.015   963.886    26.875   204.220
    27.250     2.896     2.815    13.285    15.116   -27.311     0.160   261.498   274.436    55.013   963.873    27.125   204.199
    27.500     2.893     2.783    13.265    15.099   -27.329     0.160   261.495   274.342    55.013   963.881    27.375   204.177
    27.750     2.899     2.813    13.248    15.082   -27.358     0.163   261.491   274.229    55.008   963.868    27.625   204.156
    28.000     2.896     2.781    13.229    15.065   -27.386     0.164   261.486   274.131    55.002   963.872    27.875   204.135
    28.250     2.911     2.811    13.212    15.048   -27.422     0.168   261.483   273.962    54.996   963.856    28.125   204.114
    28.500     2.903     2.809    13.194    15.031   -27.460     0.172   261.477   274.032    54.990   963.853    28.375   204.092
    28.750     2.911     2.776    13.176    15.014   -27.497     0.170   261.472   273.979    54.981   963.860    28.625   204.071
    29.000     2.926     2.774    13.158    14.998   -27.530     0.167   261.467   273.941    54.973   963.864    28.875   204.051
    29.250     2.915     2.772    13.141    14.981   -27.559     0.162   261.462   273.933    54.966   963.866    29.125   204.030
    29.500     2.929     2.802    13.123    14.965   -27.582     0.159   261.457   274.050    54.961   963.876    29.375   204.010
    29.750     2.892     2.786    13.106    14.948   -27.600     0.153   261.452   274.060    54.956   963.882    29.625   203.990
    30.000     2.904     2.786    13.089    14.932   -27.614     0.150   261.448   273.975    54.951   963.896    29.875   203.970
    30.250     2.886     2.800    13.072    14.915   -27.633     0.150   261.443   273.966    54.947   963.896    30.125   203.951
    30.500     2.906     2.809    13.055    14.898   -27.656     0.151   261.438   273.926    54.939   963.907    30.375   203.932
    30.750     2.873     2.766    13.038    14.882   -27.681     0.154   261.435   273.083    54.932   963.916    30.625   203.910
    31.000     2.908     2.813    13.021    14.865   -27.721     0.162   261.429   273.981    54.926   963.911    30.875   203.889
    31.250     2.874     2.812    13.006    14.849   -27.764     0.161   261.424   273.904    54.915   963.888    31.125   203.866
    31.500     2.887     2.810    12.988    14.832   -27.795     0.162   261.421   273.062    54.913   963.901    31.375   203.842
    31.750     2.890     2.809    12.971    14.815   -27.828     0.164   261.415   273.769    54.911   963.904    31.625   203.819
    32.000     2.897     2.792    12.952    14.799   -27.856     0.165   261.411   273.626    54.906   963.929    31.875   203.802
    32.250     2.888     2.775    12.934    14.782   -27.894     0.161   261.406   273.609    54.897   963.939    32.125   203.782
    32.500     2.905     2.788    12.917    14.766   -27.914     0.155   261.401   273.653    54.886   963.950    32.375   203.766
    32.750     2.890     2.801    12.902    14.750   -27.939     0.152   261.396   273.824    54.873   963.934    32.625   203.747
    33.000     2.882     2.795    12.883    14.734   -27.957     0.147   261.391   273.774    54.872   963.964    32.875   203.729
    33.250     2.880     2.795    12.867    14.718   -27.973     0.143   261.387   273.705    54.867   963.958    33.125   203.708
    33.500     2.865     2.799    12.851    14.702   -27.992     0.145   261.382   273.795    54.861   963.954    33.375   203.687
    33.750     2.887     2.798    12.833    14.685   -28.016     0.144   261.378   273.694    54.859   963.973    33.625   203.666
    34.000     2.860     2.796    12.816    14.669   -28.042     0.148   261.374   273.516    54.854   963.974    33.875   203.646
    34.250     2.870     2.796    12.799    14.653   -28.074     0.151   261.369   273.612    54.848   963.983    34.125   203.626
    34.500     2.874     2.794    12.783    14.637   -28.110     0.154   261.364   273.539    54.835   963.986    34.375   203.608
    34.750     2.867     2.745    12.765    14.620   -28.144     0.151   261.359   273.078    54.830   964.019    34.625   203.589
    35.000     2.895     2.777    12.747    14.604   -28.173     0.153   261.355   273.422    54.824   964.031    34.875   203.573
    35.250     2.883     2.785    12.731    14.588   -28.206     0.152   261.349   273.467    54.813   964.026    35.125   203.556
    35.500     2.860     2.788    12.716    14.572   -28.236     0.152   261.344   273.574    54.801   964.015    35.375   203.537
    35.750     2.865     2.773    12.699    14.557   -28.260     0.149   261.341   272.702    54.799   964.045    35.625   203.517
    36.000     2.864     2.785    12.682    14.541   -28.285     0.148   261.335   273.138    54.794   964.035    35.875   203.497
    36.250     2.859     2.770    12.665    14.525   -28.304     0.145   261.330   273.541    54.788   964.053    36.125   203.479
    36.500     2.864     2.753    12.647    14.509   -28.332     0.141   261.326   273.502    54.780   964.082    36.375   203.462
    36.750     2.866     2.782    12.633    14.493   -28.355     0.140   261.320   273.560    54.763   964.058    36.625   203.447
    37.000     2.875     2.780    12.614    14.477   -28.369     0.139   261.318   273.350    54.760   964.099    36.875   203.432
    37.250     2.841     2.750    12.598    14.461   -28.398     0.144   261.312   273.531    54.755   964.130    37.125   203.414
    37.500     2.882     2.778    12.581    14.445   -28.429     0.139   261.307   273.574    54.742   964.130    37.375   203.401
    37.750     2.867     2.776    12.565    14.429   -28.460     0.134   261.301   273.577    54.735   964.141    37.625   203.382
    38.000     2.834     2.762    12.547    14.414   -28.477     0.135   261.296   273.280    54.735   964.159    37.875   203.366
    38.250     2.855     2.762    12.531    14.397   -28.504     0.140   261.292   273.255    54.725   964.179    38.125   203.351
    38.500     2.838     2.745    12.515    14.381   -28.537     0.141   261.288   272.934    54.716   964.187    38.375   203.334
    38.750     2.841     2.775    12.501    14.365   -28.576     0.145   261.283   273.264    54.702   964.159    38.625   203.317
    39.000     2.861     2.768    12.481    14.349   -28.603     0.147   261.280   273.036    54.700   964.200    38.875   203.301
    39.250     2.834     2.723    12.464    14.333   -28.634     0.157   261.276   272.418    54.689   964.230    39.125   203.285
    39.500     2.866     2.753    12.447    14.317   -28.687     0.153   261.270   273.271    54.678   964.247    39.375   203.271
    39.750     2.875     2.765    12.431    14.302   -28.716     0.138   261.263   273.375    54.660   964.241    39.625   203.256
    40.000     2.849     2.760    12.414    14.286   -28.723     0.129   261.258   273.327    54.657   964.262    39.875   203.239
    40.250     2.813     2.751    12.399    14.270   -28.725     0.129   261.254   273.313    54.655   964.270    40.125   203.221
    40.500     2.816     2.765    12.383    14.254   -28.744     0.132   261.250   273.221    54.648   964.261    40.375   203.204
    40.750     2.822     2.765    12.366    14.238   -28.765     0.135   261.247   273.178    54.638   964.281    40.625   203.187
    41.000     2.824     2.763    12.349    14.222   -28.797     0.137   261.242   273.069    54.629   964.293    40.875   203.170
    41.250     2.827     2.747    12.331    14.206   -28.826     0.144   261.239   272.886    54.625   964.337    41.125   203.156
    41.500     2.857     2.760    12.315    14.190   -28.873     0.146   261.233   273.072    54.606   964.337    41.375   203.142
    41.750     2.839     2.742    12.297    14.175   -28.906     0.146   261.228   273.015    54.600   964.375    41.625   203.127
    42.000     2.842     2.707    12.280    14.159   -28.946     0.145   261.224   272.927    54.588   964.394    41.875   203.115
    42.250     2.866     2.722    12.264    14.144   -28.972     0.137   261.217   273.101    54.576   964.418    42.125   203.103
    42.500     2.861     2.735    12.247    14.129   -28.990     0.128   261.211   273.179    54.565   964.436    42.375   203.091
    42.750     2.816     2.720    12.232    14.114   -29.001     0.125   261.207   273.149    54.556   964.451    42.625   203.078
    43.000     2.830     2.734    12.216    14.098   -29.015     0.125   261.203   273.085    54.548   964.461    42.875   203.066
    43.250     2.811     2.700    12.199    14.083   -29.036     0.126   261.198   273.040    54.539   964.484    43.125   203.053
    43.500     2.836     2.733    12.183    14.067   -29.063     0.127   261.193   273.152    54.531   964.502    43.375   203.040
    43.750     2.823     2.732    12.166    14.052   -29.092     0.128   261.188   273.074    54.520   964.522    43.625   203.027
    44.000     2.818     2.715    12.150    14.036   -29.123     0.128   261.183   273.028    54.510   964.542    43.875   203.015
    44.250     2.827     2.730    12.133    14.020   -29.154     0.129   261.178   273.051    54.501   964.559    44.125   203.002
    44.500     2.814     2.695    12.117    14.005   -29.181     0.127   261.173   272.940    54.491   964.582    44.375   202.988
    44.750     2.832     2.712    12.100    13.989   -29.208     0.125   261.169   272.996    54.481   964.607    44.625   202.974
    45.000     2.820     2.727    12.084    13.973   -29.229     0.122   261.165   272.967    54.471   964.620    44.875   202.961
    45.250     2.816     2.710    12.067    13.958   -29.249     0.120   261.159   273.104    54.463   964.648    45.125   202.947
    45.500     2.807     2.725    12.052    13.942   -29.271     0.119   261.155   273.062    54.455   964.660    45.375   202.934
    45.750     2.817     2.737    12.036    13.927   -29.295     0.118   261.150   273.026    54.445   964.674    45.625   202.920
    46.000     2.811     2.723    12.019    13.911   -29.319     0.119   261.146   273.031    54.436   964.705    45.875   202.906
    46.250     2.813     2.723    12.003    13.895   -29.345     0.116   261.142   272.939    54.424   964.728    46.125   202.893
    46.500     2.812     2.722    11.986    13.879   -29.368     0.116   261.137   272.968    54.416   964.750    46.375   202.878
    46.750     2.808     2.722    11.970    13.864   -29.393     0.117   261.132   272.914    54.408   964.770    46.625   202.865
    47.000     2.791     2.686    11.954    13.848   -29.422     0.119   261.127   272.962    54.400   964.792    46.875   202.851
    47.250     2.812     2.720    11.938    13.832   -29.456     0.122   261.122   272.875    54.390   964.800    47.125   202.837
    47.500     2.793     2.684    11.921    13.816   -29.487     0.121   261.118   272.800    54.380   964.827    47.375   202.823
    47.750     2.810     2.718    11.905    13.800   -29.516     0.122   261.113   272.680    54.370   964.836    47.625   202.810
    48.000     2.796     2.716    11.889    13.785   -29.548     0.122   261.108   272.790    54.358   964.852    47.875   202.796
    48.250     2.801     2.698    11.872    13.769   -29.573     0.121   261.103   272.733    54.348   964.879    48.125   202.783
    48.500     2.796     2.713    11.856    13.753   -29.599     0.120   261.099   272.733    54.337   964.888    48.375   202.769
    48.750     2.784     2.711    11.839    13.738   -29.622     0.118   261.094   272.704    54.328   964.905    48.625   202.756
    49.000     2.789     2.675    11.822    13.722   -29.644     0.116   261.090   272.640    54.317   964.934    48.875   202.743
    49.250     2.798     2.720    11.807    13.707   -29.666     0.116   261.085   272.651    54.308   964.942    49.125   202.729
    49.500     2.786     2.708    11.790    13.691   -29.689     0.115   261.081   272.664    54.298   964.968    49.375   202.716
    49.750     2.773     2.671    11.774    13.676   -29.712     0.113   261.077   272.524    54.288   964.986    49.625   202.703
    50.000     2.794     2.690    11.758    13.661   -29.738     0.115   261.072   272.578    54.279   965.010    49.875   202.690
