  1000.000     2.967     2.984     0.000     0.661    -1.454    -1.101     2.690     0.000     0.000     0.000     0.000     0.000     0.000   301.576     0.000   0.00E+00    -0.954     0.329   276.073
   950.000    -1.131     2.824     0.001     0.837     0.805    -1.441     0.415     0.000    17.981     0.000   -14.954     0.000     0.000   301.579     0.000   0.00E+00    -1.857     0.363   272.064
   900.000    -4.916     2.009    -0.088     0.744     1.480    -1.522     0.000     0.000    17.981     0.000   -12.652     0.000     1.881   297.561     0.003   0.78E-01    -0.754     0.393   268.190
   850.000    -8.470     1.343     0.352     0.663     1.504    -1.548     0.000     0.000    16.772    -1.881    -9.427     2.316     2.067   296.100     0.034   0.25E+00    -0.133     0.428   265.146
   800.000   -12.129     0.852     0.534     0.564     1.583    -1.627     0.000     0.000    15.407    -2.067    -6.967     2.512     1.434   294.437     0.014   0.24E+00     0.332     0.459   261.798
   750.000   -15.928     0.461     0.506     0.442     1.564    -1.609     0.000     0.000    14.190    -1.376    -5.625     1.952     0.618   294.599     0.003   0.17E+00     0.606     0.481   258.101
   700.000   -19.951     0.215     0.350     0.341     1.482    -1.528     0.000     0.000    13.724    -0.534    -4.709     1.714     0.514   293.844     0.001   0.13E+00     0.672     0.491   254.011
   650.000   -24.353     0.109     0.178     0.276     1.363    -1.410     0.000     0.000    13.389    -0.428    -3.959     1.595     0.431   294.511     0.000   0.10E+00     0.630     0.492   249.482
   600.000   -29.236     0.060    -0.007     0.235     1.202    -1.251     0.000     0.000    13.188    -0.347    -3.183     1.520     0.455   295.368     0.000   0.83E-01     0.529     0.482   244.475
   550.000   -34.640     0.025    -0.162     0.201     0.879    -0.930     0.000     0.000    13.100    -0.382    -2.440     1.720     0.095   296.119     0.000   0.70E-01     0.410     0.463   238.951
   500.000   -40.681     0.019    -0.214     0.225     0.766    -0.819     0.000     0.000    13.867    -0.039    -1.648     2.221     0.048   295.862     0.001   0.48E-01     0.285     0.434   232.878
   450.000   -47.348     0.016    -0.206     0.312     0.750    -0.804     0.000     0.000    15.456     0.000    -0.929     3.117     0.195   295.930     0.017   0.11E+00     0.192     0.396   226.213
   400.000   -54.666     0.014    -0.196     0.467     0.661    -0.718     0.000     0.000    19.334     0.000    -0.476     5.734     0.642   296.804     0.077   0.10E+00     0.146     0.347   218.894
   350.000   -62.755     0.013    -0.169     0.816     0.641    -0.700    -0.000     0.000     5.372     0.000    -0.215     0.977    14.523   297.121     0.283   0.63E-01     0.098     0.290   210.823
   300.000   -71.334     0.004    -0.396     0.872     0.350    -0.411     0.000     0.000     1.624     0.000    -0.101     0.263     3.933   297.259     0.366   0.41E-01     0.077     0.178   201.834
   250.000   -74.972     0.003    -4.000     0.914     0.267    -0.323     0.000     0.000     0.857     0.000    -0.038     0.135     0.858   302.184     0.296   0.25E-01     0.040     0.102   191.480
   200.000   -73.602     0.001    -4.000     0.278     0.157    -0.201     0.000     0.000     0.414     0.000    -0.011     0.066     0.485   314.017     0.041   0.14E-01     0.016     0.074   178.863
   150.000   -74.157     0.001    -4.000     0.235     0.087    -0.116     0.000     0.000     0.138     0.000    -0.002     0.022     0.289   328.454     0.033   0.55E-02    -0.000     0.047   162.616
   100.000   -72.287     0.001    -4.000     0.128     0.007    -0.013     0.000     0.000     0.000     0.000    -0.000     0.000     0.138   350.882     0.016   0.51E-03    -0.000     0.020   139.783
    80.000   -68.811     0.001    -4.000     0.033     0.000     0.004     0.000     0.000     0.000     0.000     0.000     0.000     0.000   366.974     0.000   0.00E+00     0.000     0.000     0.000
    60.000   -61.058     0.001     0.000     0.009     0.000     0.013     0.000     0.000     0.000     0.000     0.000     0.000     0.000   392.645     0.000   0.00E+00     0.000     0.000     0.000
    40.000   -50.766     0.001     0.000     0.002     0.000     0.024     0.000     0.000     0.000     0.000     0.000     0.000     0.000   428.032     0.000   0.00E+00     0.000     0.000     0.000
    30.000   -42.493     0.001     0.000     0.001     0.000     0.033     0.000     0.000     0.000     0.000     0.000     0.000     0.000   453.309     0.000   0.00E+00     0.000     0.000     0.000
    25.000   -26.078     0.001     0.000     0.000     0.000     0.053     0.000     0.000     0.000     0.000     0.000     0.000     0.000   480.589     0.000   0.00E+00    -0.001     0.000     0.000
