  1000.000     9.186     4.834     0.000     0.676    -1.535    -1.127     2.698     0.000     0.000     0.000     0.000     0.000     0.000   298.130     0.000   0.00E+00    -1.018     0.300   282.333
   950.000     5.080     4.669     0.001     0.851     1.580    -1.387    -0.101     0.000    15.336     0.000   -11.037     0.000     0.007   298.102     0.000   0.10E-05    -1.436     0.335   278.235
   900.000     1.597     3.559    -0.308     0.739     1.376    -1.348     0.000     0.000    15.294    -0.007    -9.556     0.007     2.482   295.078     0.003   0.23E-01    -0.350     0.358   274.324
   850.000    -2.076     2.763     0.299     0.707     1.383    -1.377     0.000     0.000    14.087    -2.447   -10.420     2.744     1.884   293.568     0.067   0.32E+00     0.165     0.382   271.574
   800.000    -5.456     1.751     0.542     0.610     1.484    -1.490     0.000     0.000    12.715    -1.813    -7.592     2.113     0.458   292.371     0.031   0.28E+00     0.692     0.414   268.614
   750.000    -8.743     0.928     0.429     0.486     1.478    -1.491     0.000     0.000    12.193    -0.394    -6.236     1.443     0.312   291.889     0.031   0.18E+00     0.915     0.441   265.325
   700.000   -12.408     0.467     0.219     0.397     1.373    -1.397     0.000     0.000    12.089    -0.042    -5.566     1.345     0.305   292.140     0.043   0.15E+00     0.896     0.458   261.649
   650.000   -16.433     0.218     0.001     0.350     1.222    -1.258     0.000     0.000    12.011    -0.071    -4.762     1.288     0.278   292.812     0.063   0.13E+00     0.741     0.465   257.520
   600.000   -20.938     0.099    -0.201     0.340     1.053    -1.107     0.000     0.000    11.947    -0.082    -3.788     1.358     0.327   293.644     0.091   0.13E+00     0.539     0.459   252.863
   550.000   -26.066     0.051    -0.367     0.364     0.875    -0.952     0.000     0.000    12.017    -0.088    -2.745     1.503     0.300   294.437     0.114   0.13E+00     0.354     0.438   247.608
   500.000   -31.947     0.044    -0.506     0.441     0.772    -0.880     0.000     0.000    12.366    -0.072    -1.673     1.748     0.242   295.134     0.137   0.95E-01     0.211     0.402   241.692
   450.000   -38.669     0.090    -0.662     0.618     0.703    -0.850     0.000     0.000    12.992    -0.023    -0.791     2.096     0.482   295.726     0.196   0.17E+00     0.078     0.356   235.058
   400.000   -46.234     0.142    -0.908     0.911     0.590    -0.781     0.000     0.000    12.810    -0.024    -0.234     2.458     1.854   296.242     0.313   0.16E+00     0.021     0.302   227.650
   350.000   -54.601     0.035    -1.277     1.139     0.390    -0.626     0.000     0.000    10.802    -0.010    -0.058     3.075     4.583   296.750     0.418   0.57E-01     0.005     0.229   219.388
   300.000   -63.791     0.013    -2.051     1.052     0.177    -0.457     0.000     0.000     0.399     0.000    -0.001     0.000    10.403   297.594     0.548   0.51E-02    -0.000     0.135   210.131
   250.000   -72.160     0.005    -4.000     0.998    -0.013    -0.269     0.000     0.000     0.000     0.000    -0.000     0.000     0.399   300.879     0.480   0.99E-04    -0.000     0.020   199.570
   200.000   -70.739     0.001    -4.000     0.219     0.000    -0.051     0.000     0.000     0.000     0.000     0.000     0.000     0.000   311.745     0.000   0.99E-09    -0.000     0.000   186.775
   150.000   -72.960     0.001    -4.000     0.147     0.000     0.004     0.000     0.000     0.000     0.000     0.000     0.000     0.000   325.267     0.000   0.00E+00     0.000     0.000   170.377
   100.000   -73.219     0.001    -4.000     0.104     0.000    -0.001     0.000     0.000     0.000     0.000     0.000     0.000     0.000   347.707     0.000   0.00E+00     0.000     0.000   147.539
    80.000   -71.632     0.001    -4.000     0.075     0.000     0.030     0.000     0.000     0.000     0.000     0.000     0.000     0.000   361.115     0.000   0.00E+00     0.000     0.000     0.000
    60.000   -65.736     0.001     0.000     0.035     0.000     0.148     0.000     0.000     0.000     0.000     0.000     0.000     0.000   381.209     0.000   0.00E+00     0.000     0.000     0.000
    40.000   -56.782     0.001     0.000     0.012     0.000     0.327     0.000     0.000     0.000     0.000     0.000     0.000     0.000   411.103     0.000   0.00E+00     0.000     0.000     0.000
    30.000   -49.691     0.001     0.000     0.005     0.000     0.469     0.000     0.000     0.000     0.000     0.000     0.000     0.000   434.088     0.000   0.00E+00     0.000     0.000     0.000
    25.000   -37.420     0.001     0.000     0.002     0.000     0.715     0.000     0.000     0.000     0.000     0.000     0.000     0.000   457.875     0.000   0.00E+00    -0.001     0.000     0.000
