     0.250     0.052     1.223     6.671     7.566   -26.635     0.701   261.488   244.153    10.642  1010.833     0.125   267.357
     0.500     0.040     1.262     6.912     8.100   -26.883     0.701   261.547   244.561    13.221  1009.929     0.375   265.356
     0.750     0.210     1.336     7.235     8.594   -27.130     0.701   261.570   245.091    15.764  1008.838     0.625   260.689
     1.000     0.611     1.416     7.538     9.048   -27.377     0.701   261.573   245.662    17.861  1007.794     0.875   258.268
     1.250     1.032     1.515     7.854     9.459   -27.622     0.701   261.566   246.339    19.793  1006.737     1.125   256.177
     1.500     1.280     1.616     8.172     9.832   -27.866     0.701   261.576   246.942    21.602  1005.646     1.375   253.832
     1.750     1.552     1.700     8.470    10.173   -28.109     0.701   261.573   247.629    23.248  1004.573     1.625   251.688
     2.000     1.767     1.776     8.743    10.484   -28.351     0.701   261.569   248.318    24.767  1003.519     1.875   249.706
     2.250     1.749     1.849     9.006    10.769   -28.591     0.701   261.564   248.949    26.271  1002.406     2.125   247.261
     2.500     1.958     1.919     9.242    11.030   -28.830     0.701   261.559   249.597    27.641  1001.342     2.375   245.283
     2.750     1.930     1.984     9.463    11.267   -29.067     0.701   261.561   250.146    28.986  1000.244     2.625   243.124
     3.000     2.100     2.045     9.661    11.483   -29.324     0.703   261.560   250.675    30.237   999.180     2.875   241.248
     3.250     2.151     2.101     9.845    11.680   -29.646     0.713   261.559   251.190    31.419   998.137     3.125   239.659
     3.500     2.118     2.153    10.018    11.860   -30.009     0.724   261.561   251.651    32.568   997.082     3.375   237.902
     3.750     2.235     2.195    10.175    12.025   -30.354     0.726   261.565   252.094    33.594   996.113     3.625   236.570
     4.000     2.166     2.240    10.324    12.177   -30.584     0.724   261.572   252.486    34.594   995.140     3.875   235.126
     4.250     2.271     2.275    10.459    12.316   -30.730     0.725   261.577   252.877    35.538   994.196     4.125   233.813
     4.500     2.774     2.316    10.565    12.440   -30.755     0.716   261.568   253.489    36.482   993.147     4.375   232.530
     4.750     2.760     2.344    10.670    12.554   -30.803     0.707   261.551   254.120    37.389   992.091     4.625   231.230
     5.000     2.826     2.368    10.767    12.659   -30.876     0.700   261.539   254.601    38.295   990.998     4.875   229.696
     5.250     2.653     2.388    10.868    12.757   -30.936     0.693   261.525   255.133    39.183   989.880     5.125   227.993
     5.500     2.696     2.405    10.961    12.848   -30.980     0.727   261.518   255.709    40.030   988.774     5.375   226.320
     5.750     2.696     2.437    11.049    12.935   -31.016     0.772   261.534   256.059    40.875   987.635     5.625   224.527
     6.000     2.900     2.453    11.123    13.013   -30.899     0.737   261.523   256.730    41.512   986.770     5.875   223.650
     6.250     2.828     2.468    11.195    13.086   -30.774     0.696   261.507   257.101    42.128   985.936     6.125   222.638
     6.500     2.903     2.481    11.261    13.153   -30.618     0.637   261.502   257.519    42.767   985.032     6.375   221.464
     6.750     2.885     2.503    11.326    13.217   -30.510     0.600   261.509   257.936    43.432   984.112     6.625   220.129
     7.000     2.972     2.518    11.383    13.275   -30.445     0.574   261.495   258.701    43.982   983.354     6.875   219.191
     7.250     2.888     2.527    11.439    13.329   -30.370     0.542   261.472   259.261    44.437   982.682     7.125   218.606
     7.500     2.898     2.549    11.490    13.380   -30.274     0.504   261.466   259.718    44.882   982.028     7.375   218.000
     7.750     3.069     2.546    11.532    13.425   -30.139     0.458   261.451   260.310    45.299   981.457     7.625   217.396
     8.000     2.916     2.565    11.578    13.467   -30.057     0.423   261.444   260.666    45.721   980.843     7.875   216.799
     8.250     2.891     2.535    11.622    13.506   -30.007     0.397   261.450   261.058    46.150   980.172     8.125   216.060
     8.500     3.309     2.543    11.651    13.556   -29.935     0.377   261.418   261.906    46.600   979.255     8.375   215.003
     8.750     3.112     2.542    11.691    13.601   -29.907     0.363   261.393   262.650    46.982   978.730     8.625   214.329
     9.000     3.015     2.558    11.729    13.643   -29.875     0.347   261.378   263.090    47.298   978.230     8.875   214.007
     9.250     2.976     2.570    11.763    13.680   -29.819     0.327   261.365   263.561    47.592   977.789     9.125   213.711
     9.500     2.980     2.589    11.794    13.711   -29.744     0.304   261.356   263.958    47.867   977.425     9.375   213.459
     9.750     3.018     2.604    11.819    13.737   -29.661     0.276   261.344   264.487    48.122   977.128     9.625   213.237
    10.000     3.030     2.618    11.841    13.758   -29.572     0.247   261.329   265.161    48.354   976.859     9.875   213.025
    10.250     3.015     2.627    11.860    13.776   -29.483     0.220   261.314   265.739    48.572   976.592    10.125   212.800
    10.500     2.999     2.637    11.877    13.790   -29.387     0.196   261.300   266.216    48.788   976.302    10.375   212.526
    10.750     2.887     2.632    11.894    13.803   -29.313     0.180   261.286   266.577    49.016   975.909    10.625   212.186
    11.000     2.903     2.637    11.908    13.814   -29.264     0.179   261.271   266.701    49.217   975.537    10.875   211.921
    11.250     2.909     2.663    11.923    13.823   -29.272     0.210   261.255   267.074    49.398   975.175    11.125   211.680
    11.500     2.862     2.663    11.935    13.830   -29.310     0.205   261.245   267.336    49.577   974.870    11.375   211.462
    11.750     2.870     2.663    11.944    13.836   -29.352     0.194   261.240   267.517    49.747   974.555    11.625   211.215
    12.000     2.843     2.667    11.951    13.842   -29.386     0.184   261.230   267.989    49.917   974.198    11.875   210.917
    12.250     2.778     2.656    11.959    13.847   -29.399     0.170   261.224   268.163    50.082   973.852    12.125   210.631
    12.500     2.778     2.671    11.964    13.852   -29.401     0.156   261.220   268.639    50.257   973.527    12.375   210.338
    12.750     2.842     2.674    11.963    13.854   -29.381     0.145   261.213   268.848    50.427   973.239    12.625   210.013
    13.000     2.840     2.678    11.961    13.854   -29.352     0.137   261.207   269.011    50.600   972.954    12.875   209.655
    13.250     2.815     2.683    11.960    13.852   -29.316     0.132   261.199   269.212    50.785   972.638    13.125   209.242
    13.500     2.802     2.690    11.958    13.850   -29.296     0.134   261.192   269.118    50.970   972.300    13.375   208.788
    13.750     2.775     2.697    11.955    13.846   -29.304     0.157   261.187   268.912    51.084   972.075    13.625   208.625
    14.000     2.721     2.706    11.956    13.841   -29.359     0.181   261.181   268.955    51.186   971.814    13.875   208.465
    14.250     2.749     2.707    11.951    13.835   -29.403     0.174   261.178   268.968    51.280   971.617    14.125   208.317
    14.500     2.758     2.696    11.942    13.828   -29.451     0.182   261.177   268.839    51.364   971.440    14.375   208.173
    14.750     2.743     2.661    11.934    13.822   -29.480     0.175   261.173   268.711    51.441   971.241    14.625   208.026
    15.000     2.785     2.692    11.927    13.815   -29.489     0.167   261.168   268.942    51.517   971.055    14.875   207.884
    15.250     2.731     2.660    11.920    13.809   -29.489     0.168   261.165   268.932    51.598   970.865    15.125   207.742
    15.500     2.767     2.699    11.913    13.802   -29.495     0.173   261.163   269.035    51.673   970.680    15.375   207.606
    15.750     2.742     2.699    11.906    13.796   -29.508     0.176   261.161   269.064    51.744   970.504    15.625   207.478
    16.000     2.762     2.692    11.898    13.789   -29.524     0.167   261.158   269.175    51.814   970.348    15.875   207.353
    16.250     2.772     2.690    11.890    13.782   -29.533     0.159   261.155   269.285    51.883   970.192    16.125   207.228
    16.500     2.751     2.690    11.883    13.775   -29.535     0.155   261.152   269.375    51.950   970.016    16.375   207.103
    16.750     2.774     2.700    11.876    13.768   -29.542     0.156   261.150   269.168    52.010   969.850    16.625   206.986
    17.000     2.780     2.692    11.867    13.761   -29.547     0.159   261.147   269.606    52.072   969.733    16.875   206.885
    17.250     2.774     2.608    11.857    13.753   -29.574     0.169   261.143   269.826    52.112   969.638    17.125   206.818
    17.500     2.891     2.697    11.848    13.745   -29.622     0.148   261.137   269.942    52.145   969.547    17.375   206.765
    17.750     2.807     2.685    11.841    13.737   -29.638     0.131   261.131   270.723    52.165   969.488    17.625   206.736
    18.000     2.827     2.696    11.831    13.729   -29.673     0.115   261.129   271.738    52.193   969.495    17.875   206.734
    18.250     2.800     2.698    11.821    13.720   -29.683     0.098   261.125   271.844    52.244   969.426    18.125   206.649
    18.500     2.729     2.699    11.811    13.709   -29.650     0.084   261.120   271.688    52.310   969.326    18.375   206.567
    18.750     2.715     2.690    11.799    13.697   -29.577     0.077   261.116   271.108    52.373   969.241    18.625   206.501
    19.000     2.729     2.735    11.791    13.684   -29.523     0.090   261.112   270.118    52.406   969.125    18.875   206.431
    19.250     2.620     2.638    11.778    13.669   -29.520     0.116   261.118   269.960    52.454   969.101    19.125   206.404
    19.500     2.805     2.735    11.763    13.653   -29.595     0.147   261.111   270.330    52.474   969.013    19.375   206.335
    19.750     2.744     2.731    11.755    13.639   -29.699     0.148   261.107   270.512    52.472   968.909    19.625   206.266
    20.000     2.874     2.716    11.733    13.625   -29.788     0.164   261.102   270.678    52.481   968.900    19.875   206.226
    20.250     2.894     2.704    11.715    13.613   -29.860     0.142   261.092   270.819    52.485   968.874    20.125   206.185
    20.500     2.854     2.684    11.701    13.603   -29.897     0.120   261.082   271.048    52.495   968.843    20.375   206.146
    20.750     2.710     2.684    11.694    13.594   -29.926     0.104   261.084   271.840    52.504   968.808    20.625   206.149
    21.000     2.837     2.695    11.679    13.582   -29.924     0.089   261.081   272.411    52.528   968.859    20.875   206.138
    21.250     2.750     2.694    11.665    13.570   -29.900     0.075   261.078   272.205    52.571   968.809    21.125   206.051
    21.500     2.377     2.766    11.667    13.542   -29.855     0.068   261.088   270.726    52.666   968.796    21.375   206.011
    21.750     2.209     2.856    11.666    13.510   -29.813     0.098   261.101   268.333    52.665   968.654    21.625   205.933
    22.000     2.278     2.877    11.654    13.475   -29.850     0.146   261.130   267.447    52.635   968.616    21.875   205.900
    22.250     2.615     2.838    11.617    13.439   -29.927     0.170   261.139   268.722    52.581   968.743    22.125   205.871
    22.500     2.738     2.780    11.582    13.411   -30.051     0.154   261.142   268.938    52.494   968.810    22.375   205.805
    22.750     2.931     2.728    11.544    13.392   -30.145     0.130   261.152   269.593    52.418   968.974    22.625   205.799
    23.000     2.905     2.705    11.522    13.382   -30.226     0.108   261.145   270.708    52.357   969.022    22.875   205.791
    23.250     2.826     2.698    11.510    13.375   -30.257     0.090   261.142   271.071    52.343   969.021    23.125   205.793
    23.500     2.776     2.704    11.500    13.367   -30.257     0.074   261.140   271.706    52.351   969.043    23.375   205.809
    23.750     2.995     2.724    11.478    13.353   -30.201     0.060   261.115   272.404    52.369   969.238    23.625   205.826
    24.000     2.818     2.726    11.461    13.337   -30.108     0.051   261.106   271.799    52.415   969.276    23.875   205.745
    24.250     2.589     2.719    11.452    13.323   -30.002     0.054   261.109   269.923    52.469   969.152    24.125   205.635
    24.500     2.582     2.790    11.446    13.306   -29.943     0.090   261.113   267.943    52.504   968.984    24.375   205.529
    24.750     2.519     2.810    11.442    13.289   -30.000     0.143   261.123   267.181    52.517   968.845    24.625   205.486
    25.000     2.819     2.776    11.414    13.266   -30.092     0.156   261.116   268.205    52.526   968.906    24.875   205.455
    25.250     2.829     2.710    11.389    13.249   -30.241     0.142   261.108   268.723    52.505   968.880    25.125   205.391
    25.500     2.810     2.692    11.372    13.239   -30.362     0.123   261.105   269.264    52.488   968.757    25.375   205.310
    25.750     2.822     2.682    11.362    13.234   -30.447     0.106   261.113   270.218    52.466   968.700    25.625   205.299
    26.000     2.792     2.678    11.356    13.230   -30.490     0.089   261.111   270.822    52.460   968.658    25.875   205.295
    26.250     2.746     2.683    11.351    13.226   -30.500     0.075   261.110   271.274    52.473   968.643    26.125   205.306
    26.500     2.797     2.712    11.342    13.218   -30.477     0.062   261.108   271.821    52.494   968.729    26.375   205.345
    26.750     3.010     2.718    11.319    13.202   -30.403     0.051   261.080   272.500    52.503   968.991    26.625   205.383
    27.000     2.852     2.723    11.300    13.185   -30.301     0.044   261.071   271.848    52.541   969.099    26.875   205.320
    27.250     2.614     2.715    11.291    13.170   -30.196     0.049   261.071   269.845    52.585   969.018    27.125   205.215
    27.500     2.501     2.629    11.279    13.153   -30.129     0.086   261.073   268.245    52.639   968.876    27.375   205.113
    27.750     2.474     2.641    11.273    13.134   -30.227     0.140   261.088   267.880    52.655   968.726    27.625   205.078
    28.000     2.721     2.764    11.255    13.112   -30.373     0.171   261.086   267.792    52.647   968.635    27.875   205.028
    28.250     2.856     2.697    11.229    13.092   -30.529     0.165   261.079   267.805    52.606   968.601    28.125   204.947
    28.500     2.815     2.684    11.210    13.082   -30.657     0.141   261.071   268.482    52.577   968.497    28.375   204.882
    28.750     2.779     2.673    11.202    13.078   -30.748     0.119   261.081   269.483    52.555   968.402    28.625   204.859
    29.000     2.779     2.664    11.196    13.075   -30.796     0.098   261.079   270.154    52.546   968.354    28.875   204.845
    29.250     2.732     2.668    11.192    13.073   -30.802     0.080   261.079   270.696    52.555   968.322    29.125   204.843
    29.500     2.727     2.679    11.188    13.068   -30.782     0.065   261.078   271.298    52.576   968.356    29.375   204.863
    29.750     2.971     2.706    11.169    13.056   -30.710     0.053   261.054   271.989    52.583   968.616    29.625   204.942
    30.000     2.979     2.704    11.146    13.038   -30.612     0.044   261.038   272.297    52.591   968.885    29.875   204.959
    30.250     2.831     2.695    11.128    13.019   -30.491     0.040   261.032   271.332    52.622   969.013    30.125   204.903
    30.500     2.594     2.715    11.117    13.003   -30.387     0.053   261.031   269.232    52.659   968.931    30.375   204.802
    30.750     2.428     2.803    11.117    12.986   -30.389     0.104   261.039   266.981    52.684   968.651    30.625   204.671
    31.000     2.473     2.814    11.111    12.966   -30.481     0.147   261.053   266.266    52.704   968.480    30.875   204.601
    31.250     2.797     2.757    11.082    12.943   -30.623     0.155   261.048   267.441    52.691   968.491    31.125   204.562
    31.500     2.857     2.691    11.056    12.927   -30.802     0.141   261.034   268.012    52.655   968.415    31.375   204.477
    31.750     2.765     2.662    11.042    12.921   -30.933     0.122   261.045   268.638    52.628   968.276    31.625   204.427
    32.000     2.730     2.654    11.038    12.920   -31.031     0.103   261.044   269.582    52.613   968.142    31.875   204.394
    32.250     2.733     2.650    11.035    12.920   -31.059     0.085   261.044   270.021    52.616   968.068    32.125   204.371
    32.500     2.714     2.658    11.033    12.919   -31.055     0.070   261.043   270.725    52.635   968.046    32.375   204.373
    32.750     2.730     2.689    11.028    12.915   -31.021     0.057   261.042   271.275    52.656   968.115    32.625   204.404
    33.000     3.026     2.699    11.005    12.900   -30.931     0.047   261.014   271.982    52.653   968.457    32.875   204.511
    33.250     2.988     2.700    10.982    12.882   -30.827     0.040   260.999   272.174    52.659   968.764    33.125   204.548
    33.500     2.807     2.724    10.966    12.863   -30.718     0.037   260.992   270.604    52.676   968.867    33.375   204.494
    33.750     2.608     2.711    10.952    12.844   -30.616     0.050   260.991   268.986    52.713   968.844    33.625   204.421
    34.000     2.370     2.803    10.954    12.828   -30.631     0.101   261.002   266.673    52.730   968.543    33.875   204.286
    34.250     2.456     2.809    10.946    12.807   -30.725     0.135   261.016   265.984    52.744   968.368    34.125   204.213
    34.500     2.810     2.745    10.915    12.783   -30.854     0.145   261.014   266.019    52.728   968.392    34.375   204.176
    34.750     2.875     2.676    10.889    12.769   -31.039     0.133   260.993   267.904    52.676   968.314    34.625   204.092
    35.000     2.678     2.640    10.881    12.765   -31.182     0.115   261.003   268.945    52.655   968.095    34.875   204.025
    35.250     2.759     2.639    10.876    12.764   -31.274     0.097   261.006   269.306    52.642   968.005    35.125   203.999
    35.500     2.722     2.636    10.874    12.766   -31.306     0.079   261.005   269.938    52.646   967.915    35.375   203.968
    35.750     2.711     2.646    10.873    12.767   -31.299     0.065   261.004   270.629    52.668   967.897    35.625   203.971
    36.000     2.776     2.678    10.866    12.762   -31.255     0.053   261.001   271.159    52.692   968.010    35.875   204.021
    36.250     3.023     2.690    10.844    12.747   -31.163     0.044   260.970   271.883    52.683   968.368    36.125   204.142
    36.500     2.973     2.692    10.821    12.729   -31.057     0.037   260.955   271.988    52.683   968.684    36.375   204.192
    36.750     2.773     2.675    10.805    12.710   -30.948     0.035   260.950   270.795    52.703   968.814    36.625   204.160
    37.000     2.621     2.704    10.792    12.690   -30.855     0.050   260.946   268.824    52.725   968.790    36.875   204.091
    37.250     2.315     2.798    10.795    12.674   -30.880     0.099   260.959   266.421    52.742   968.459    37.125   203.955
    37.500     2.469     2.798    10.786    12.653   -30.981     0.131   260.973   265.734    52.748   968.310    37.375   203.890
    37.750     2.793     2.714    10.754    12.629   -31.126     0.142   260.969   266.904    52.726   968.336    37.625   203.852
    38.000     2.796     2.655    10.731    12.616   -31.306     0.130   260.954   267.599    52.680   968.218    37.875   203.768
    38.250     2.653     2.637    10.725    12.614   -31.451     0.113   260.968   268.313    52.656   967.989    38.125   203.705
    38.500     2.746     2.628    10.720    12.614   -31.536     0.094   260.968   269.001    52.643   967.901    38.375   203.674
    38.750     2.711     2.626    10.718    12.616   -31.559     0.077   260.967   269.649    52.644   967.821    38.625   203.641
    39.000     2.706     2.636    10.717    12.617   -31.547     0.062   260.966   270.351    52.668   967.809    38.875   203.646
    39.250     2.796     2.668    10.709    12.612   -31.496     0.051   260.962   270.928    52.690   967.954    39.125   203.709
    39.500     3.020     2.681    10.686    12.597   -31.402     0.042   260.929   271.660    52.676   968.329    39.375   203.841
    39.750     2.977     2.683    10.664    12.578   -31.297     0.036   260.915   271.831    52.670   968.670    39.625   203.910
    40.000     2.768     2.711    10.650    12.559   -31.196     0.034   260.908   270.321    52.679   968.782    39.875   203.873
    40.250     2.583     2.697    10.636    12.539   -31.102     0.046   260.907   268.584    52.707   968.790    40.125   203.830
    40.500     2.355     2.787    10.635    12.522   -31.117     0.092   260.917   266.782    52.715   968.510    40.375   203.705
    40.750     2.438     2.785    10.627    12.502   -31.215     0.125   260.932   265.511    52.717   968.328    40.625   203.629
    41.000     2.715     2.709    10.599    12.480   -31.363     0.139   260.932   266.662    52.698   968.324    40.875   203.597
    41.250     2.820     2.635    10.574    12.466   -31.541     0.127   260.915   267.382    52.647   968.226    41.125   203.513
    41.500     2.650     2.625    10.568    12.464   -31.690     0.109   260.929   268.117    52.618   968.002    41.375   203.460
    41.750     2.733     2.616    10.564    12.465   -31.770     0.090   260.929   268.755    52.604   967.906    41.625   203.429
    42.000     2.700     2.614    10.564    12.468   -31.794     0.074   260.927   269.322    52.608   967.817    41.875   203.396
    42.250     2.697     2.625    10.563    12.470   -31.775     0.060   260.926   270.028    52.631   967.809    42.125   203.404
    42.500     2.780     2.658    10.556    12.465   -31.725     0.050   260.908   270.677    52.653   967.953    42.375   203.470
    42.750     3.011     2.670    10.534    12.451   -31.637     0.041   260.889   271.363    52.637   968.332    42.625   203.608
    43.000     2.995     2.673    10.511    12.432   -31.538     0.035   260.874   271.858    52.620   968.713    42.875   203.707
    43.250     2.802     2.639    10.493    12.412   -31.431     0.033   260.865   270.748    52.627   968.907    43.125   203.703
    43.500     2.602     2.686    10.481    12.393   -31.344     0.044   260.862   268.706    52.643   968.897    43.375   203.649
    43.750     2.316     2.713    10.480    12.377   -31.354     0.084   260.873   266.267    52.658   968.611    43.625   203.529
    44.000     2.417     2.763    10.473    12.359   -31.461     0.118   260.887   265.317    52.675   968.381    43.875   203.446
    44.250     2.809     2.706    10.441    12.335   -31.590     0.134   260.881   266.203    52.659   968.422    44.125   203.416
    44.500     2.675     2.628    10.423    12.323   -31.763     0.125   260.871   266.970    52.608   968.254    44.375   203.328
    44.750     2.594     2.617    10.419    12.320   -31.920     0.109   260.888   267.783    52.578   968.037    44.625   203.283
    45.000     2.675     2.607    10.416    12.322   -32.014     0.091   260.891   268.373    52.557   967.923    44.875   203.245
    45.250     2.679     2.604    10.416    12.326   -32.040     0.074   260.891   268.954    52.557   967.833    45.125   203.209
    45.500     2.678     2.615    10.415    12.327   -32.021     0.060   260.889   269.595    52.580   967.817    45.375   203.212
    45.750     2.760     2.648    10.409    12.324   -31.967     0.050   260.872   270.172    52.602   967.955    45.625   203.275
    46.000     3.000     2.661    10.387    12.310   -31.872     0.042   260.853   270.811    52.585   968.335    45.875   203.412
    46.250     3.012     2.673    10.363    12.290   -31.772     0.036   260.837   271.374    52.559   968.750    46.125   203.535
    46.500     2.881     2.649    10.343    12.269   -31.666     0.033   260.823   270.863    52.553   969.006    46.375   203.547
    46.750     2.585     2.673    10.331    12.252   -31.577     0.043   260.820   268.729    52.567   968.999    46.625   203.490
    47.000     2.321     2.692    10.332    12.238   -31.592     0.076   260.827   266.754    52.586   968.697    46.875   203.368
    47.250     2.432     2.740    10.324    12.222   -31.702     0.110   260.842   265.228    52.616   968.464    47.125   203.295
    47.500     2.634     2.697    10.301    12.203   -31.849     0.136   260.841   266.134    52.620   968.391    47.375   203.265
    47.750     2.666     2.633    10.283    12.187   -32.010     0.126   260.835   266.568    52.570   968.267    47.625   203.190
    48.000     2.611     2.614    10.276    12.183   -32.143     0.108   260.852   267.421    52.522   968.106    47.875   203.158
    48.250     2.691     2.601    10.271    12.183   -32.230     0.089   260.852   268.258    52.490   968.027    48.125   203.127
    48.500     2.685     2.597    10.270    12.186   -32.254     0.073   260.852   268.656    52.481   967.962    48.375   203.098
    48.750     2.679     2.607    10.269    12.187   -32.234     0.059   260.850   269.305    52.497   967.959    48.625   203.106
    49.000     2.765     2.639    10.261    12.183   -32.180     0.049   260.832   269.893    52.515   968.112    48.875   203.176
    49.250     2.992     2.651    10.239    12.169   -32.088     0.041   260.812   270.557    52.496   968.489    49.125   203.314
    49.500     2.997     2.663    10.216    12.150   -31.991     0.035   260.797   271.079    52.470   968.896    49.375   203.431
    49.750     2.854     2.641    10.197    12.130   -31.888     0.032   260.783   270.337    52.463   969.137    49.625   203.441
    50.000     2.576     2.664    10.185    12.112   -31.800     0.043   260.780   268.451    52.476   969.138    49.875   203.389
