  1000.000     6.396     3.928    -0.000     0.654    -1.416    -1.058     2.679     0.000     0.000     0.000     0.000     0.000     0.000   291.594     0.000   0.00E+00    -0.784     0.275   279.534
   950.000     2.312     3.747     0.000     0.827     1.057    -1.351     0.257     0.000    17.814     0.000   -11.624     0.000     0.000   291.582     0.000   0.00E+00    -1.012     0.307   275.476
   900.000    -1.324     2.911    -0.178     0.764     1.430    -1.381     0.000     0.000    17.814     0.000   -14.431     0.000     2.300   289.328     0.009   0.29E-01    -0.374     0.328   271.572
   850.000    -4.755     2.031     0.326     0.707     1.448    -1.415     0.000     0.000    16.442    -2.300    -9.731     2.701     2.202   287.952     0.114   0.56E+00     0.149     0.360   268.722
   800.000    -8.280     1.331     0.511     0.608     1.542    -1.524     0.000     0.000    14.895    -2.109    -6.912     2.497     1.369   287.074     0.050   0.28E+00     0.532     0.392   265.580
   750.000   -11.933     0.753     0.458     0.489     1.496    -1.493     0.000     0.000    13.616    -1.237    -5.596     1.839     0.597   286.770     0.050   0.19E+00     0.719     0.413   262.098
   700.000   -15.773     0.382     0.245     0.400     1.358    -1.369     0.000     0.000    13.237    -0.377    -4.674     1.694     0.538   287.089     0.070   0.15E+00     0.677     0.420   258.219
   650.000   -20.108     0.195     0.035     0.361     1.192    -1.223     0.000     0.000    12.915    -0.356    -3.873     1.561     0.456   287.703     0.095   0.12E+00     0.547     0.418   253.887
   600.000   -24.982     0.104    -0.190     0.359     0.987    -1.042     0.000     0.000    12.684    -0.305    -2.937     1.621     0.489   288.423     0.122   0.11E+00     0.384     0.404   249.046
   550.000   -30.422     0.062    -0.410     0.388     0.756    -0.840     0.000     0.000    12.642    -0.287    -2.019     1.774     0.331   289.094     0.137   0.99E-01     0.252     0.377   243.645
   500.000   -36.408     0.039    -0.615     0.482     0.637    -0.754     0.000     0.000    13.150    -0.139    -1.126     2.226     0.305   289.694     0.160   0.94E-01     0.150     0.341   237.636
   450.000   -42.955     0.027    -0.843     0.691     0.586    -0.738     0.000     0.000    14.753    -0.045    -0.459     3.245     0.389   290.200     0.225   0.12E+00     0.045     0.296   230.970
   400.000   -50.174     0.018    -1.155     1.014     0.390    -0.579     0.000     0.000    14.103    -0.039    -0.127     2.949     2.873   290.687     0.331   0.10E+00     0.010     0.246   223.588
   350.000   -58.284     0.014    -1.647     1.006     0.307    -0.537     0.000     0.000     5.165    -0.024    -0.019     1.299     9.791   291.233     0.385   0.10E-01     0.000     0.172   215.400
   300.000   -67.283     0.008    -3.054     1.006     0.042    -0.312     0.000     0.000     0.171    -0.008    -0.000     0.008     4.987   292.731     0.490   0.13E-02    -0.000     0.067   206.258
   250.000   -73.285     0.004    -4.000     0.996    -0.002    -0.222     0.000     0.000     0.000     0.000    -0.000     0.000     0.171   297.537     0.476   0.32E-04    -0.000     0.007   195.782
   200.000   -72.613     0.001    -4.000     0.251     0.000    -0.008     0.000     0.000     0.000     0.000     0.000     0.000     0.000   307.663     0.000   0.59E-09    -0.000     0.000   183.085
   150.000   -73.946     0.001    -4.000     0.163     0.000    -0.016     0.000     0.000     0.000     0.000     0.000     0.000     0.000   322.844     0.000   0.00E+00     0.000     0.000   166.794
   100.000   -73.472     0.001    -4.000     0.107     0.000    -0.006     0.000     0.000     0.000     0.000     0.000     0.000     0.000   345.704     0.000   0.00E+00     0.000     0.000   144.022
    80.000   -71.435     0.001    -4.000     0.074     0.000     0.034     0.000     0.000     0.000     0.000     0.000     0.000     0.000   359.327     0.000   0.00E+00     0.000     0.000     0.000
    60.000   -64.597     0.001     0.000     0.033     0.000     0.171     0.000     0.000     0.000     0.000     0.000     0.000     0.000   379.864     0.000   0.00E+00     0.000     0.000     0.000
    40.000   -53.871     0.001     0.000     0.010     0.000     0.386     0.000     0.000     0.000     0.000     0.000     0.000     0.000   410.749     0.000   0.00E+00     0.000     0.000     0.000
    30.000   -44.417     0.001     0.000     0.005     0.000     0.575     0.000     0.000     0.000     0.000     0.000     0.000     0.000   435.390     0.000   0.00E+00     0.000     0.000     0.000
    25.000   -26.022     0.001     0.000     0.001     0.000     0.943     0.000     0.000     0.000     0.000     0.000     0.000     0.000   464.360     0.000   0.00E+00    -0.001     0.000     0.000
