  1000.000     9.846     5.063    -0.000     0.668    -1.661    -1.042     2.656     0.000     0.000     0.000     0.000     0.000     0.000   299.873     0.000   0.00E+00    -1.154     0.317   282.995
   950.000     5.736     4.900     0.001     0.839     1.417    -1.280    -0.099     0.000    15.283     0.000   -12.273     0.000     0.001   299.827     0.000   0.14E-06    -1.604     0.355   278.888
   900.000     2.326     3.733    -0.342     0.737     1.280    -1.286     0.000     0.000    15.279    -0.001   -10.649     0.001     2.201   296.610     0.000   0.14E-01    -0.476     0.380   274.983
   850.000    -1.286     2.895     0.313     0.693     1.366    -1.374     0.000     0.000    14.273    -2.198   -11.644     2.542     1.734   294.899     0.045   0.27E+00     0.141     0.406   272.228
   800.000    -4.630     1.886     0.616     0.574     1.544    -1.553     0.000     0.000    13.052    -1.734    -8.562     2.085     0.319   293.482     0.011   0.28E+00     0.793     0.441   269.309
   750.000    -7.972     1.076     0.545     0.419     1.596    -1.606     0.000     0.000    12.811    -0.318    -7.309     1.589     0.124   292.511     0.001   0.17E+00     1.141     0.472   266.066
   700.000   -11.671     0.580     0.331     0.299     1.525    -1.536     0.000     0.000    12.899    -0.020    -6.520     1.463     0.171   293.114     0.002   0.13E+00     1.165     0.496   262.440
   650.000   -15.787     0.295     0.090     0.220     1.363    -1.375     0.000     0.000    12.948    -0.076    -5.693     1.349     0.165   293.528     0.003   0.11E+00     1.000     0.511   258.365
   600.000   -20.399     0.144    -0.121     0.176     1.153    -1.168     0.000     0.000    13.056    -0.085    -4.714     1.423     0.189   294.086     0.004   0.10E+00     0.750     0.515   253.764
   550.000   -25.571     0.070    -0.239     0.163     0.923    -0.939     0.000     0.000    13.303    -0.106    -3.625     1.605     0.143   295.098     0.007   0.97E-01     0.509     0.502   248.564
   500.000   -31.382     0.037    -0.245     0.194     0.782    -0.802     0.000     0.000    13.880    -0.082    -2.397     1.894     0.036   295.837     0.010   0.50E-01     0.326     0.472   242.691
   450.000   -37.923     0.024    -0.187     0.321     0.756    -0.779     0.000     0.000    15.060    -0.000    -1.233     2.382     0.107   296.374     0.045   0.16E+00     0.157     0.428   236.085
   400.000   -45.282     0.019    -0.157     0.573     0.708    -0.735     0.000     0.000    15.407    -0.001    -0.428     2.741     1.504   297.123     0.154   0.16E+00     0.047     0.377   228.682
   350.000   -53.539     0.016    -0.166     0.657     0.485    -0.517     0.000     0.000    16.175     0.000    -0.117     4.563     3.101   297.191     0.207   0.56E-01     0.012     0.301   220.404
   300.000   -62.855     0.015    -0.176     0.975     0.355    -0.392     0.000     0.000     2.157     0.000    -0.008     0.367    14.286   297.241     0.436   0.55E-02     0.000     0.214   211.117
   250.000   -71.865     0.005    -1.474     1.000    -0.000    -0.037     0.000     0.000     0.012     0.000    -0.000     0.000     2.145   298.953     0.363   0.74E-03    -0.000     0.057   200.536
   200.000   -69.228     0.001    -4.000     0.112    -0.000    -0.012     0.000     0.000     0.000     0.000    -0.000     0.000     0.012   313.423     0.000   0.60E-05    -0.000     0.001   187.676
   150.000   -70.469     0.001    -4.000     0.095     0.000     0.005     0.000     0.000     0.000     0.000     0.000     0.000     0.000   328.651     0.000   0.00E+00     0.000     0.000   171.108
   100.000   -71.252     0.001    -4.000     0.073     0.000     0.004     0.000     0.000     0.000     0.000     0.000     0.000     0.000   350.889     0.000   0.00E+00     0.000     0.000   148.019
    80.000   -70.751     0.001    -4.000     0.055     0.000     0.005     0.000     0.000     0.000     0.000     0.000     0.000     0.000   363.658     0.000   0.00E+00     0.000     0.000     0.000
    60.000   -67.588     0.001     0.000     0.026     0.000     0.011     0.000     0.000     0.000     0.000     0.000     0.000     0.000   383.554     0.000   0.00E+00     0.000     0.000     0.000
    40.000   -63.400     0.001     0.000     0.010     0.000     0.019     0.000     0.000     0.000     0.000     0.000     0.000     0.000   411.566     0.000   0.00E+00     0.000     0.000     0.000
    30.000   -61.791     0.001     0.000     0.006     0.000     0.022     0.000     0.000     0.000     0.000     0.000     0.000     0.000   430.280     0.000   0.00E+00     0.000     0.000     0.000
    25.000   -62.134     0.001     0.000     0.005     0.000     0.023     0.000     0.000     0.000     0.000     0.000     0.000     0.000   441.454     0.000   0.00E+00    -0.001     0.000     0.000
