  1000.000     8.970     4.771     0.000     0.687    -1.596    -1.249     2.731     0.000     0.000     0.000     0.000     0.000     0.000   302.372     0.000   0.00E+00    -1.069     0.324   282.118
   950.000     4.871     4.598     0.001     0.862     1.799    -1.495    -0.232     0.000    14.416     0.000   -11.242     0.000     0.000   302.346     0.000   0.00E+00    -1.683     0.361   278.024
   900.000     1.484     3.391    -0.332     0.732     1.412    -1.449     0.000     0.000    14.395     0.000    -8.854     0.000     2.200   298.743     0.002   0.24E-01    -0.383     0.385   274.117
   850.000    -2.047     2.555     0.252     0.679     1.408    -1.455     0.000     0.000    13.379    -2.179    -9.152     2.469     1.702   296.929     0.029   0.17E+00     0.246     0.411   271.366
   800.000    -5.358     1.718     0.543     0.584     1.516    -1.568     0.000     0.000    12.208    -1.702    -8.034     2.036     0.352   295.519     0.014   0.31E+00     0.829     0.440   268.389
   750.000    -8.809     1.057     0.484     0.454     1.531    -1.588     0.000     0.000    11.931    -0.345    -7.159     1.513     0.122   294.804     0.006   0.18E+00     1.154     0.468   265.083
   700.000   -12.487     0.611     0.251     0.346     1.440    -1.502     0.000     0.000    11.997    -0.026    -6.392     1.368     0.124   294.948     0.010   0.14E+00     1.162     0.492   261.389
   650.000   -16.614     0.354    -0.005     0.275     1.263    -1.333     0.000     0.000    12.080    -0.030    -5.694     1.285     0.120   295.620     0.015   0.12E+00     0.986     0.508   257.241
   600.000   -21.331     0.212    -0.214     0.241     1.052    -1.133     0.000     0.000    12.239    -0.035    -4.805     1.402     0.120   296.545     0.023   0.12E+00     0.728     0.513   252.569
   550.000   -26.744     0.138    -0.315     0.247     0.858    -0.953     0.000     0.000    12.508    -0.042    -3.712     1.559     0.124   297.452     0.036   0.16E+00     0.483     0.500   247.306
   500.000   -32.870     0.097    -0.307     0.309     0.788    -0.901     0.000     0.000    13.025    -0.031    -2.415     1.767     0.085   298.172     0.050   0.69E-01     0.296     0.469   241.393
   450.000   -39.519     0.058    -0.268     0.469     0.821    -0.952     0.000     0.000    13.581    -0.001    -1.173     2.045     0.480   298.750     0.118   0.22E+00     0.137     0.423   234.770
   400.000   -46.793     0.030    -0.313     0.686     0.742    -0.893     0.000     0.000    13.763    -0.003    -0.414     2.479     1.454   299.203     0.207   0.19E+00     0.035     0.363   227.375
   350.000   -54.974     0.019    -0.437     0.861     0.524    -0.696     0.000     0.000    12.606     0.000    -0.096     3.321     3.907   299.506     0.249   0.84E-01     0.006     0.287   219.125
   300.000   -64.165     0.013    -0.652     1.017     0.346    -0.540     0.000     0.000     2.506     0.000    -0.009     0.477    10.419   299.878     0.422   0.10E-01    -0.000     0.187   209.880
   250.000   -72.416     0.005    -1.982     1.003     0.004    -0.198     0.000     0.000     0.001     0.000    -0.000     0.000     2.506   301.364     0.451   0.12E-02    -0.000     0.055   199.334
   200.000   -70.100     0.001    -4.000     0.167     0.000    -0.069     0.000     0.000     0.000     0.000    -0.000     0.000     0.001   314.084     0.000   0.33E-06    -0.000     0.000   186.520
   150.000   -71.670     0.001    -4.000     0.125     0.000     0.015     0.000     0.000     0.000     0.000     0.000     0.000     0.000   327.324     0.000   0.00E+00     0.000     0.000   170.039
   100.000   -71.527     0.001    -4.000     0.089     0.000     0.016     0.000     0.000     0.000     0.000     0.000     0.000     0.000   349.850     0.000   0.00E+00     0.000     0.000   147.028
    80.000   -69.284     0.001    -4.000     0.059     0.000     0.039     0.000     0.000     0.000     0.000     0.000     0.000     0.000   363.972     0.000   0.00E+00     0.000     0.000     0.000
    60.000   -62.861     0.001     0.000     0.023     0.000     0.103     0.000     0.000     0.000     0.000     0.000     0.000     0.000   385.678     0.000   0.00E+00     0.000     0.000     0.000
    40.000   -54.316     0.001     0.000     0.007     0.000     0.188     0.000     0.000     0.000     0.000     0.000     0.000     0.000   417.249     0.000   0.00E+00     0.000     0.000     0.000
    30.000   -48.190     0.001     0.000     0.003     0.000     0.250     0.000     0.000     0.000     0.000     0.000     0.000     0.000   440.955     0.000   0.00E+00     0.000     0.000     0.000
    25.000   -37.654     0.001     0.000     0.001     0.000     0.355     0.000     0.000     0.000     0.000     0.000     0.000     0.000   463.992     0.000   0.00E+00    -0.001     0.000     0.000
