     0.250     2.612     8.776    44.790    44.365    11.021    13.639   270.500   299.230    74.846   918.276     0.125   212.423
     0.500     5.395     8.023    44.188    43.852    10.620    13.589   270.543   300.273    72.940   922.426     0.375   214.026
     0.750     6.569     7.601    43.654    43.479    10.311    13.462   270.572   301.119    71.680   925.153     0.625   215.513
     1.000    10.638     7.357    43.144    43.156    10.361    13.098   270.546   303.573    71.036   926.285     0.875   217.110
     1.250    11.861     7.078    42.748    42.892    10.461    12.719   270.479   305.948    70.323   927.677     1.125   218.497
     1.500    15.800     6.892    42.407    42.669    10.903    12.127   270.411   309.368    69.809   928.627     1.375   219.766
     1.750    16.935     6.678    42.191    42.449    11.506    11.498   270.339   312.868    69.092   930.143     1.625   220.942
     2.000    20.445     6.461    42.044    42.203    12.460    10.781   270.249   317.829    68.159  1012.500     1.875   222.112
     2.250    14.109     6.288    41.936    42.050    12.815    11.875   270.182   320.407    67.957   931.809     2.125   222.740
     2.500     9.477     6.280    41.827    41.951    13.524    11.371   270.148   320.154    67.981   931.616     2.375   222.993
     2.750     8.893     6.298    41.718    41.864    13.984    11.234   270.108   319.344    67.930  1012.500     2.625   223.108
     3.000     9.236     6.268    41.617    41.775    14.267    11.112   270.075   319.101    68.003   931.786     2.875   223.220
     3.250     8.221     6.210    41.564    41.708    14.210    11.109   270.048   318.771    67.860  1012.500     3.125   223.290
     3.500     7.760     6.187    41.515    41.654    14.090    11.135   270.026   318.280    67.818  1012.500     3.375   223.299
     3.750     7.731     6.164    41.479    41.610    14.013    11.170   270.004   317.851    67.766  1012.500     3.625   223.280
     4.000     7.669     6.160    41.446    41.573    13.937    11.218   269.984   317.400    68.103   936.890     3.875   223.235
     4.250     7.288     6.169    41.404    41.550    13.738    11.367   269.966   316.998    68.242   936.883     4.125   223.168
     4.500     7.462     6.195    41.362    41.520    13.578    11.592   269.947   316.561    68.392   936.876     4.375   223.087
     4.750     7.425     6.210    41.317    41.491    13.447    11.824   269.930   316.139    68.533   936.755     4.625   222.988
     5.000     7.307     6.226    41.270    41.465    13.337    12.027   269.914   315.709    68.653   936.520     4.875   222.876
     5.250     7.613     6.238    41.231    41.432    13.272    12.196   269.895   315.434    68.808   936.466     5.125   222.770
     5.500     7.495     6.255    41.194    41.395    13.231    12.330   269.877   315.102    68.907   936.341     5.375   222.651
     5.750     7.404     6.257    41.156    41.356    13.201    12.442   269.861   314.794    68.981   936.224     5.625   222.526
     6.000     7.355     6.258    41.118    41.317    13.181    12.534   269.846   314.488    69.048   936.091     5.875   222.397
     6.250     7.291     6.247    41.079    41.278    13.164    12.613   269.831   314.191    69.108   935.953     6.125   222.265
     6.500     7.228     6.242    41.040    41.240    13.149    12.681   269.818   313.917    69.160   935.791     6.375   222.133
     6.750     7.196     6.238    41.000    41.203    13.135    12.741   269.805   313.652    69.209   935.616     6.625   222.000
     7.000     7.184     6.233    40.961    41.166    13.120    12.794   269.793   313.355    69.256   935.454     6.875   221.868
     7.250     7.120     6.227    40.924    41.130    13.106    12.840   269.781   313.110    69.288   935.230     7.125   221.739
     7.500     7.321     6.232    40.881    41.094    13.125    12.871   269.768   312.955    69.352   935.053     7.375   221.618
     7.750     7.180     6.223    40.841    41.059    13.133    12.903   269.756   312.766    69.388   934.834     7.625   221.497
     8.000     7.098     6.214    40.802    41.025    13.127    12.939   269.745   312.555    69.422   934.619     7.875   221.377
     8.250     7.060     6.206    40.767    40.993    13.114    12.972   269.735   312.373    69.445   934.381     8.125   221.262
     8.500     7.054     6.200    40.732    40.962    13.097    13.004   269.725   312.194    69.471   934.078     8.375   221.149
     8.750     7.062     6.194    40.699    40.931    13.078    13.034   269.716   312.037    69.502   933.876     8.625   221.040
     9.000     7.057     6.190    40.667    40.902    13.057    13.061   269.706   311.888    69.536   933.661     8.875   220.935
     9.250     7.071     6.186    40.636    40.873    13.036    13.084   269.696   311.760    69.573   933.457     9.125   220.833
     9.500     7.082     6.182    40.605    40.845    13.014    13.105   269.687   311.650    69.605   933.279     9.375   220.734
     9.750     7.093     6.177    40.575    40.817    12.991    13.123   269.677   311.556    69.631   933.109     9.625   220.639
    10.000     7.102     6.173    40.545    40.790    12.967    13.138   269.668   311.505    69.664   932.942     9.875   220.546
    10.250     7.113     6.169    40.516    40.763    12.944    13.150   269.659   311.438    69.691   932.720    10.125   220.455
    10.500     7.124     6.165    40.488    40.737    12.920    13.159   269.649   311.382    69.723   932.591    10.375   220.367
    10.750     7.127     6.161    40.460    40.711    12.896    13.165   269.640   311.335    69.753   932.466    10.625   220.281
    11.000     7.130     6.157    40.433    40.687    12.872    13.169   269.630   311.296    69.786   932.336    10.875   220.197
    11.250     7.132     6.154    40.406    40.662    12.848    13.171   269.621   311.263    69.818   932.209    11.125   220.114
    11.500     7.137     6.150    40.380    40.638    12.824    13.170   269.612   311.236    69.848   932.093    11.375   220.033
    11.750     7.138     6.146    40.354    40.614    12.799    13.167   269.602   311.213    69.876   931.980    11.625   219.953
    12.000     7.135     6.143    40.328    40.591    12.774    13.162   269.593   311.192    69.907   931.861    11.875   219.875
    12.250     8.669     6.203    40.266    40.559    13.113    13.013   269.574   311.785    70.119   932.390    12.125   219.810
    12.500     9.382     6.198    40.191    40.514    13.579    12.801   269.547   312.885    70.345   934.643    12.375   219.715
    12.750     8.708     6.177    40.142    40.473    13.935    12.640   269.522   312.527    70.429   935.654    12.625   219.362
    13.000     8.314     6.167    40.103    40.435    14.206    12.531   269.498   313.674    70.529   936.258    12.875   219.069
    13.250     8.103     6.153    40.072    40.401    14.337    12.502   269.478   314.143    70.554   936.850    13.125   218.803
    13.500     8.001     6.130    40.049    40.374    14.404    12.495   269.460   314.340    70.566   937.159    13.375   218.513
    13.750     8.148     6.125    40.014    40.347    14.513    12.448   269.441   314.582    70.652   937.663    13.625   218.355
    14.000     8.097     6.118    39.980    40.320    14.612    12.398   269.420   314.833    70.729   938.101    13.875   218.154
    14.250     7.956     6.112    39.949    40.294    14.684    12.359   269.401   315.039    70.808   938.349    14.125   217.836
    14.500     6.905     6.093    39.942    40.273    14.686    12.338   269.388   314.673    70.822   937.505    14.375   217.484
    14.750     6.856     6.089    39.927    40.254    14.699    12.324   269.376   314.139    70.851   936.612    14.625   217.146
    15.000     6.913     6.091    39.911    40.236    14.716    12.321   269.365   313.777    70.850   935.817    14.875   217.125
    15.250     6.945     6.095    39.892    40.216    14.729    12.330   269.353   313.421    70.859   935.260    15.125   217.218
    15.500     7.211     6.100    39.865    40.194    14.732    12.348   269.342   313.326    70.926   935.245    15.375   217.254
    15.750     7.279     6.122    39.839    40.170    14.737    12.371   269.329   313.312    70.964   935.181    15.625   217.222
    16.000     7.270     6.104    39.812    40.146    14.745    12.394   269.317   313.270    71.016   935.148    15.875   217.130
    16.250     7.270     6.102    39.786    40.121    14.750    12.418   269.304   313.278    71.067   935.054    16.125   216.988
    16.500     7.246     6.095    39.760    40.097    14.752    12.441   269.292   313.179    71.119   934.909    16.375   216.803
    16.750     7.188     6.092    39.734    40.073    14.752    12.462   269.280   313.093    71.182   934.714    16.625   216.584
    17.000     7.142     6.089    39.709    40.050    14.743    12.481   269.269   313.005    71.236   934.435    16.875   216.337
    17.250     7.076     6.086    39.686    40.027    14.730    12.497   269.258   312.900    71.283   934.042    17.125   216.075
    17.500     7.047     6.085    39.663    40.005    14.713    12.510   269.247   312.751    71.343   933.648    17.375   215.800
    17.750     7.123     6.088    39.638    39.982    14.691    12.521   269.237   312.758    71.370   933.467    17.625   215.796
    18.000     7.323     6.086    39.609    39.958    14.663    12.531   269.226   312.982    71.385   933.751    17.875   215.975
    18.250     7.365     6.081    39.580    39.934    14.642    12.537   269.215   313.209    71.407   934.060    18.125   216.080
    18.500     7.358     6.078    39.554    39.911    14.626    12.540   269.204   313.403    71.421   934.242    18.375   216.132
    18.750     7.353     6.073    39.528    39.887    14.612    12.538   269.193   313.581    71.444   934.422    18.625   216.142
    19.000     8.629     6.162    39.474    39.859    14.628    12.531   269.179   314.216    71.661   936.182    18.875   216.125
    19.250     8.818     5.944    39.444    39.825    14.529    12.503   269.166   316.576    71.672   939.159    19.125   216.004
    19.500     7.324     5.924    39.472    39.814    14.330    12.453   269.166   317.851    71.565   939.500    19.375   215.879
    19.750     7.423     5.930    39.485    39.806    14.140    12.406   269.164   318.940    71.588   939.687    19.625   215.676
    20.000     7.514     5.931    39.490    39.800    13.928    12.409   269.160   320.062    71.604   939.874    19.875   215.627
    20.250     6.962     5.931    39.506    39.797    13.609    12.542   269.158   320.566    71.583   939.221    20.125   215.419
    20.500     7.473     5.942    39.505    39.793    13.408    12.562   269.153   321.562    71.620   939.142    20.375   215.406
    20.750     7.193     5.948    39.508    39.790    13.254    12.522   269.148   321.927    71.641   938.620    20.625   215.247
    21.000     6.995     5.950    39.514    39.786    13.107    12.466   269.142   322.537    71.629   937.772    20.875   215.131
    21.250     7.681     5.958    39.498    39.778    13.036    12.363   269.135   323.204    71.710   937.871    21.125   215.129
    21.500     7.321     5.958    39.493    39.771    12.928    12.274   269.128   323.800    71.706   937.519    21.375   215.132
    21.750     7.050     5.973    39.490    39.765    12.825    12.181   269.122   323.782    71.750   936.749    21.625   214.957
    22.000     7.158     5.980    39.479    39.756    12.750    12.081   269.115   324.002    71.809   936.183    21.875   214.866
    22.250     7.170     5.982    39.466    39.744    12.672    11.983   269.107   324.226    71.833   935.699    22.125   214.828
    22.500     7.530     5.985    39.445    39.730    12.625    11.869   269.098   324.796    71.866   935.661    22.375   214.890
    22.750     6.796     5.989    39.437    39.718    12.547    11.770   269.091   324.362    71.909   934.618    22.625   214.660
    23.000     6.932     5.999    39.418    39.700    12.525    11.636   269.080   324.153    71.975   933.538    22.875   214.470
    23.250     7.163     6.143    39.392    39.680    12.581    11.456   269.066   322.996    72.034   932.413    23.125   214.327
    23.500     6.978     6.156    39.337    39.649    12.826    11.162   269.047   322.030    72.171   931.581    23.375   214.129
    23.750     7.724     6.169    39.297    39.619    12.959    11.014   269.030   321.661    72.169   931.569    23.625   214.121
    24.000     7.534     6.165    39.273    39.589    13.016    10.934   269.012   322.000    72.124   931.069    23.875   214.028
    24.250     7.633     6.166    39.238    39.560    13.052    10.874   268.995   321.419    72.168   930.951    24.125   213.862
    24.500     8.682     6.159    39.172    39.524    13.189    10.776   268.975   321.212    72.325   932.002    24.375   213.914
    24.750     7.952     6.156    39.142    39.491    13.215    10.729   268.951   321.133    72.304   932.180    24.625   213.805
    25.000     7.560     6.148    39.127    39.465    13.161    10.718   268.936   320.357    72.273   932.189    24.875   213.653
    25.250     7.647     6.144    39.106    39.442    13.133    10.707   268.923   321.149    72.319   932.260    25.125   213.528
    25.500     7.600     6.139    39.085    39.420    13.120    10.675   268.908   320.450    72.351   932.234    25.375   213.384
    25.750     7.852     6.133    39.055    39.397    13.179    10.574   268.894   320.530    72.443   932.573    25.625   213.247
    26.000     7.873     6.117    39.032    39.374    13.219    10.477   268.877   321.483    72.467   932.732    25.875   213.118
    26.250     8.121     6.109    39.000    39.355    13.305    10.333   268.861   321.212    72.557   933.445    26.125   212.976
    26.500     7.550     6.121    39.004    39.339    13.183    10.361   268.846   321.626    72.499   933.035    26.375   212.810
    26.750     7.709     6.117    38.982    39.320    13.148    10.351   268.833   322.560    72.616   933.177    26.625   212.683
    27.000     7.643     6.113    38.962    39.301    13.104    10.325   268.817   322.265    72.657   933.209    26.875   212.531
    27.250     7.905     6.112    38.933    39.281    13.121    10.252   268.803   322.579    72.753   933.548    27.125   212.400
    27.500     7.577     6.109    38.917    39.262    13.061    10.239   268.787   322.977    72.775   933.466    27.375   212.266
    27.750     7.702     6.138    38.901    39.242    12.990    10.241   268.774   323.431    72.810   933.530    27.625   212.143
    28.000     7.897     6.144    38.884    39.224    12.896    10.261   268.763   324.591    72.852   934.067    27.875   212.046
    28.250     7.767     6.144    38.866    39.204    12.815    10.253   268.751   325.628    72.929   934.579    28.125   211.976
    28.500     7.392     6.143    38.856    39.186    12.710    10.249   268.742   326.371    72.932   934.461    28.375   211.930
    28.750     7.390     6.142    38.844    39.169    12.627    10.217   268.733   327.044    72.944   934.393    28.625   211.925
    29.000     7.390     6.143    38.831    39.153    12.561    10.162   268.723   327.732    72.963   934.319    28.875   211.959
    29.250     6.718     6.142    38.828    39.140    12.457    10.114   268.716   328.041    72.970   933.558    29.125   211.836
    29.500     6.764     6.170    38.822    39.125    12.343    10.078   268.715   327.581    73.013   932.657    29.375   211.688
    29.750     6.774     6.176    38.800    39.107    12.229    10.062   268.704   327.875    73.097   932.104    29.625   211.587
    30.000     7.096     6.194    38.772    39.084    12.107    10.051   268.699   327.873    73.162   931.690    29.875   211.544
    30.250     6.529     5.975    38.743    39.060    11.967    10.079   268.692   327.942    73.218   931.275    30.125   211.533
    30.500     6.895     5.973    38.714    39.036    11.832    10.092   268.685   328.073    73.237   930.935    30.375   211.571
    30.750     6.627     6.194    38.700    39.015    11.666    10.107   268.680   327.742    73.233   929.878    30.625   211.399
    31.000     6.769     6.197    38.673    38.991    11.563    10.081   268.676   327.275    73.280   929.352    30.875   211.303
    31.250     6.844     6.193    38.645    38.968    11.464    10.049   268.670   327.040    73.295   928.808    31.125   211.257
    31.500     6.779     6.177    38.617    38.944    11.377    10.011   268.658   327.213    73.320   928.438    31.375   211.264
    31.750     5.777     6.109    38.572    38.916    11.504     9.825   268.652   325.818    73.505   927.996    31.625   211.106
    32.000     5.806     5.999    38.499    38.873    11.742     9.603   268.640   324.600    73.606   926.700    31.875   211.049
    32.250     6.593     5.980    38.448    38.834    11.770     9.559   268.632   323.400    73.559   926.138    32.125   211.080
    32.500     6.560     5.967    38.411    38.799    11.712     9.581   268.623   322.031    73.539   925.507    32.375   211.025
    32.750     6.783     5.961    38.367    38.763    11.653     9.606   268.613   320.907    73.576   925.130    32.625   210.973
    33.000     6.806     5.954    38.324    38.728    11.580     9.639   268.603   319.938    73.624   924.854    32.875   210.870
    33.250     7.171     5.948    38.277    38.691    11.508     9.667   268.592   319.644    73.674   925.134    33.125   210.892
    33.500     6.842     5.936    38.243    38.658    11.394     9.706   268.583   318.975    73.670   925.087    33.375   210.855
    33.750     6.694     5.930    38.211    38.627    11.313     9.719   268.575   318.524    73.701   924.715    33.625   210.730
    34.000     6.837     5.925    38.175    38.596    11.249     9.722   268.566   318.561    73.740   924.446    33.875   210.607
    34.250     6.811     5.920    38.142    38.566    11.191     9.723   268.557   318.284    73.775   924.179    34.125   210.495
    34.500     6.826     5.914    38.115    38.536    11.134     9.725   268.548   318.111    73.757   923.589    34.375   210.391
    34.750     6.922     5.908    38.077    38.507    11.093     9.723   268.538   317.976    73.827   923.626    34.625   210.287
    35.000     7.062     5.904    38.040    38.477    11.055     9.723   268.529   317.788    73.887   923.630    34.875   210.167
    35.250     6.820     5.895    38.013    38.450    10.987     9.738   268.519   317.758    73.889   923.290    35.125   210.059
    35.500     6.818     5.887    37.996    38.423    10.890     9.766   268.509   317.641    73.819   922.713    35.375   209.945
    35.750     7.002     5.882    37.966    38.397    10.835     9.770   268.499   317.605    73.852   922.594    35.625   209.839
    36.000     7.298     5.883    37.918    38.370    10.849     9.731   268.489   317.562    74.020   923.077    35.875   209.755
    36.250     6.987     5.878    37.889    38.345    10.798     9.721   268.479   317.528    74.051   922.920    36.125   209.669
    36.500     7.421     5.875    37.851    38.317    10.779     9.693   268.466   317.802    74.095   923.324    36.375   209.731
    36.750     7.080     5.865    37.825    38.292    10.716     9.686   268.454   317.894    74.081   923.353    36.625   209.743
    37.000     7.142     5.861    37.799    38.267    10.654     9.673   268.445   318.009    74.105   923.485    36.875   209.764
    37.250     6.853     5.854    37.780    38.246    10.560     9.668   268.435   318.079    74.095   923.320    37.125   209.752
    37.500     6.474     5.857    37.762    38.225    10.508     9.627   268.428   317.570    74.138   922.618    37.375   209.631
    37.750     6.608     5.858    37.739    38.203    10.481     9.582   268.420   317.437    74.171   921.974    37.625   209.527
    38.000     7.026     5.858    37.704    38.178    10.480     9.538   268.410   316.880    74.233   921.770    37.875   209.435
    38.250     7.174     5.855    37.669    38.152    10.470     9.503   268.397   316.293    74.283   921.810    38.125   209.413
    38.500     7.591     5.851    37.630    38.124    10.440     9.476   268.384   316.502    74.345   922.577    38.375   209.436
    38.750     7.351     5.842    37.603    38.098    10.373     9.464   268.372   316.756    74.351   923.030    38.625   209.441
    39.000     6.932     5.835    37.586    38.077    10.297     9.446   268.362   316.595    74.355   922.879    38.875   209.340
    39.250     7.000     5.834    37.563    38.055    10.257     9.407   268.352   316.863    74.400   922.764    39.125   209.229
    39.500     7.190     5.832    37.535    38.032    10.228     9.368   268.340   316.952    74.451   922.848    39.375   209.126
    39.750     7.149     5.828    37.510    38.010    10.199     9.331   268.328   317.219    74.490   922.839    39.625   209.030
    40.000     7.131     5.825    37.487    37.988    10.167     9.298   268.315   317.348    74.519   922.756    39.875   208.929
    40.250     7.311     5.822    37.458    37.965    10.141     9.264   268.303   317.369    74.575   922.950    40.125   208.836
    40.500     7.281     5.820    37.431    37.943    10.112     9.231   268.290   317.495    74.621   923.052    40.375   208.740
    40.750     7.238     5.816    37.406    37.921    10.081     9.199   268.277   317.571    74.662   923.093    40.625   208.642
    41.000     7.414     5.813    37.378    37.898    10.050     9.166   268.263   317.782    74.700   923.460    40.875   208.657
    41.250     7.371     5.810    37.353    37.876    10.013     9.133   268.250   317.903    74.729   923.709    41.125   208.669
    41.500     7.314     5.807    37.328    37.854     9.971     9.098   268.236   318.062    74.757   923.916    41.375   208.668
    41.750     7.261     5.804    37.304    37.832     9.927     9.062   268.223   318.192    74.786   924.085    41.625   208.658
    42.000     7.237     5.802    37.280    37.810     9.880     9.024   268.210   318.323    74.826   924.276    41.875   208.642
    42.250     6.740     5.796    37.272    37.792     9.764     9.021   268.200   318.618    74.793   923.975    42.125   208.619
    42.500     6.476     5.802    37.271    37.774     9.627     9.026   268.194   318.561    74.744   923.083    42.375   208.530
    42.750     6.492     5.900    37.250    37.756     9.606     8.963   268.186   318.465    74.837   922.366    42.625   208.468
    43.000     6.555     5.823    37.195    37.729     9.828     8.746   268.168   317.588    74.983   921.712    42.875   208.421
    43.250     6.992     5.938    37.146    37.698    10.021     8.599   268.152   316.753    75.066   921.335    43.125   208.374
    43.500     7.280     5.935    37.094    37.663    10.280     8.457   268.131   316.138    75.135   921.307    43.375   208.307
    43.750     7.196     5.952    37.053    37.627    10.482     8.310   268.117   315.722    75.179   921.405    43.625   208.273
    44.000     6.872     5.936    37.029    37.594    10.592     8.205   268.101   315.710    75.132   921.120    43.875   208.198
    44.250     7.283     5.777    36.967    37.559    10.829     8.059   268.086   315.359    75.278   921.789    44.125   208.113
    44.500     7.051     5.766    36.945    37.531    10.870     7.979   268.074   315.617    75.231   921.919    44.375   208.029
    44.750     6.814     5.758    36.929    37.506    10.829     7.949   268.065   315.705    75.227   921.851    44.625   207.950
    45.000     6.870     5.755    36.908    37.483    10.761     7.952   268.056   315.940    75.254   921.842    44.875   207.885
    45.250     6.797     5.753    36.887    37.462    10.685     7.960   268.050   315.905    75.276   921.677    45.125   207.830
    45.500     6.673     5.744    36.872    37.442    10.581     7.977   268.041   316.100    75.255   921.434    45.375   207.784
    45.750     6.738     5.740    36.856    37.424    10.473     7.995   268.033   316.226    75.259   921.223    45.625   207.751
    46.000     6.614     5.738    36.843    37.406    10.326     8.035   268.027   316.341    75.271   920.963    45.875   207.709
    46.250     6.529     5.746    36.829    37.389    10.164     8.101   268.021   316.280    75.312   920.546    46.125   207.634
    46.500     6.576     5.753    36.806    37.369     9.947     8.253   268.014   316.282    75.393   920.267    46.375   207.567
    46.750     6.402     5.752    36.787    37.348     9.748     8.359   268.009   316.157    75.423   919.880    46.625   207.505
    47.000     6.296     5.756    36.769    37.328     9.553     8.456   268.005   316.052    75.447   919.401    46.875   207.455
    47.250     6.090     5.757    36.762    37.307     9.314     8.556   268.001   316.045    75.396   918.540    47.125   207.415
    47.500     6.158     5.761    36.732    37.285     9.206     8.528   267.999   315.908    75.492   918.326    47.375   207.364
    47.750     6.029     5.763    36.709    37.263     9.075     8.518   267.997   315.004    75.546   917.799    47.625   207.302
    48.000     6.077     5.760    36.686    37.240     8.923     8.530   267.995   315.505    75.542   917.190    47.875   207.267
    48.250     6.226     5.769    36.647    37.213     8.906     8.469   267.990   315.169    75.658   916.668    48.125   207.197
    48.500     6.458     5.767    36.605    37.184     8.889     8.429   267.984   314.898    75.718   916.475    48.375   207.132
    48.750     6.401     5.762    36.573    37.155     8.880     8.405   267.975   314.721    75.718   915.891    48.625   207.062
    49.000     6.915     5.964    36.539    37.122     8.927     8.395   267.959   313.962    75.697   915.342    48.875   206.983
    49.250     6.665     5.825    36.506    37.090     8.844     8.510   267.950   314.040    75.673   915.619    49.125   206.905
    49.500     6.626     5.939    36.482    37.063     8.789     8.586   267.943   313.761    75.664   915.352    49.375   206.838
    49.750     6.614     5.926    36.451    37.035     8.698     8.657   267.933   313.738    75.702   915.385    49.625   206.766
    50.000     6.569     5.920    36.418    37.007     8.625     8.695   267.924   313.577    75.746   915.293    49.875   206.698
