  1000.000    11.780     5.903     0.000     0.677    -1.672    -1.071     2.639     0.000     0.000     0.000     0.000     0.000     0.000   303.256     0.000   0.00E+00    -1.117     0.327   284.937
   950.000     7.658     5.710     0.001     0.850     1.620    -1.283    -0.235     0.000    14.164     0.000   -12.054     0.000     0.000   303.193     0.000   0.29E-08    -1.764     0.365   280.802
   900.000     4.442     4.185    -0.372     0.723     1.289    -1.291     0.000     0.000    14.162    -0.000    -9.187     0.000     2.057   299.235     0.000   0.16E-01    -0.416     0.391   277.030
   850.000     0.966     3.087     0.254     0.650     1.350    -1.353     0.000     0.000    13.251    -2.055    -8.839     2.370     1.739   297.079     0.001   0.39E-02     0.262     0.419   274.312
   800.000    -2.481     2.113     0.674     0.557     1.538    -1.542     0.000     0.000    12.124    -1.739    -9.666     2.153     0.025   295.602     0.005   0.26E+00     1.020     0.445   271.461
   750.000    -5.572     1.191     0.540     0.396     1.638    -1.641     0.000     0.000    12.307    -0.025    -7.611     1.640     0.013   294.803     0.001   0.16E+00     1.381     0.478   268.364
   700.000    -8.992     0.640     0.295     0.274     1.565    -1.567     0.000     0.000    12.493    -0.000    -7.063     1.445     0.013   295.324     0.001   0.12E+00     1.396     0.509   264.897
   650.000   -12.814     0.333    -0.011     0.191     1.361    -1.364     0.000     0.000    12.681    -0.000    -6.350     1.290     0.011   294.802     0.001   0.11E+00     1.170     0.531   260.989
   600.000   -17.219     0.183    -0.257     0.147     1.081    -1.086     0.000     0.000    12.948     0.000    -5.537     1.397     0.010   296.646     0.002   0.10E+00     0.853     0.543   256.555
   550.000   -22.357     0.119    -0.358     0.141     0.836    -0.841     0.000     0.000    13.333     0.000    -4.496     1.544     0.013   297.089     0.004   0.11E+00     0.558     0.538   251.508
   500.000   -28.301     0.099    -0.306     0.183     0.715    -0.723     0.000     0.000    13.945     0.000    -3.112     1.756     0.013   298.316     0.005   0.32E+00     0.351     0.513   245.764
   450.000   -35.040     0.094    -0.174     0.306     0.771    -0.780     0.000     0.000    14.950    -0.000    -1.528     2.120     0.017   298.652     0.033   0.15E+00     0.219     0.473   239.243
   400.000   -42.530     0.092    -0.083     0.601     0.791    -0.803     0.000     0.000    16.161    -0.000    -0.506     2.873     0.648   299.173     0.155   0.19E+00     0.043     0.420   231.875
   350.000   -50.847     0.058    -0.061     0.875     0.621    -0.636     0.000     0.000    13.124     0.000    -0.077     3.304     5.732   299.450     0.243   0.91E-01     0.005     0.352   223.576
   300.000   -60.155     0.022    -0.089     0.951     0.478    -0.495     0.000     0.000     3.891     0.000    -0.011     0.742     9.641   299.863     0.305   0.50E-02     0.000     0.212   214.220
   250.000   -69.972     0.007    -0.712     1.000     0.017    -0.035     0.000     0.000     0.018     0.000    -0.000     0.000     3.873   300.770     0.305   0.18E-02    -0.000     0.078   203.554
   200.000   -66.548     0.001    -4.000     0.080    -0.001    -0.003     0.000     0.000     0.000     0.000    -0.000     0.000     0.018   316.634     0.000   0.89E-05    -0.000     0.001   190.544
   150.000   -67.786     0.001    -4.000     0.068     0.000     0.005     0.000     0.000     0.000     0.000     0.000     0.000     0.000   331.522     0.000   0.00E+00     0.000     0.000   173.760
   100.000   -69.030     0.001    -4.000     0.055     0.000     0.004     0.000     0.000     0.000     0.000     0.000     0.000     0.000   353.867     0.000   0.00E+00     0.000     0.000   150.396
    80.000   -69.091     0.001    -4.000     0.044     0.000     0.004     0.000     0.000     0.000     0.000     0.000     0.000     0.000   366.793     0.000   0.00E+00     0.000     0.000     0.000
    60.000   -67.015     0.001     0.000     0.024     0.000     0.006     0.000     0.000     0.000     0.000     0.000     0.000     0.000   385.881     0.000   0.00E+00     0.000     0.000     0.000
    40.000   -64.711     0.001     0.000     0.012     0.000     0.008     0.000     0.000     0.000     0.000     0.000     0.000     0.000   411.554     0.000   0.00E+00     0.000     0.000     0.000
    30.000   -65.233     0.001     0.000     0.009     0.000     0.008     0.000     0.000     0.000     0.000     0.000     0.000     0.000   427.815     0.000   0.00E+00     0.000     0.000     0.000
    25.000   -70.159     0.001     0.000     0.016     0.000     0.004     0.000     0.000     0.000     0.000     0.000     0.000     0.000   434.685     0.000   0.00E+00    -0.001     0.000     0.000
