  1000.000     4.609     3.335     0.000     0.625    -1.464    -0.906     2.633     0.000     0.000     0.000     0.000     0.000     0.000   288.713     0.000   0.00E+00    -0.786     0.273   277.732
   950.000     0.522     3.159     0.001     0.791     0.455    -1.338     0.618     0.000    20.074     0.000   -12.468     0.000     0.001   288.718     0.000   0.60E-06    -0.933     0.306   273.700
   900.000    -3.310     2.338    -0.074     0.741     1.380    -1.382     0.000     0.000    20.072    -0.001   -15.888     0.001     2.281   286.470     0.001   0.11E-01    -0.335     0.328   269.702
   850.000    -6.836     1.596     0.407     0.658     1.501    -1.504     0.000     0.000    18.578    -2.279   -10.723     2.696     2.591   284.668     0.056   0.35E+00     0.189     0.363   266.743
   800.000   -10.403     1.007     0.620     0.540     1.640    -1.644     0.000     0.000    16.875    -2.585    -7.537     3.004     1.699   283.471     0.019   0.26E+00     0.575     0.396   263.483
   750.000   -14.067     0.560     0.579     0.381     1.599    -1.604     0.000     0.000    15.356    -1.692    -5.910     2.249     0.420   284.248     0.004   0.17E+00     0.790     0.418   259.877
   700.000   -18.021     0.315     0.371     0.266     1.493    -1.499     0.000     0.000    15.102    -0.396    -4.771     2.008     0.613   283.522     0.004   0.13E+00     0.743     0.427   255.873
   650.000   -22.431     0.171     0.191     0.195     1.320    -1.328     0.000     0.000    14.626    -0.592    -3.849     1.808     0.395   284.607     0.005   0.98E-01     0.628     0.424   251.423
   600.000   -27.281     0.093    -0.002     0.160     1.116    -1.125     0.000     0.000    14.431    -0.372    -2.844     1.724     0.470   285.942     0.007   0.79E-01     0.454     0.410   246.478
   550.000   -32.631     0.041    -0.158     0.135     0.771    -0.781     0.000     0.000    14.274    -0.447    -1.994     1.880     0.182   286.214     0.008   0.58E-01     0.306     0.386   240.996
   500.000   -38.581     0.025    -0.238     0.161     0.569    -0.582     0.000     0.000    14.768    -0.167    -1.191     2.250     0.016   286.535     0.010   0.41E-01     0.176     0.351   234.937
   450.000   -45.306     0.026    -0.265     0.288     0.544    -0.559     0.000     0.000    16.567    -0.002    -0.487     3.392     0.038   286.749     0.029   0.54E-01     0.072     0.309   228.259
   400.000   -52.725     0.022    -0.311     0.513     0.383    -0.401     0.000     0.000    17.727    -0.002    -0.159     3.495     1.170   286.797     0.126   0.59E-01     0.019     0.262   220.905
   350.000   -60.870     0.015    -0.330     0.785     0.355    -0.375    -0.000     0.000    10.028    -0.001    -0.029     2.765     9.532   286.846     0.176   0.38E-02     0.001     0.201   212.782
   300.000   -69.748     0.006    -0.487     1.001     0.062    -0.085     0.000     0.000     0.180    -0.000    -0.000     0.000     9.848   287.085     0.435   0.18E-02    -0.000     0.098   203.730
   250.000   -74.293     0.003    -4.000     0.999    -0.005    -0.013     0.000     0.000     0.000     0.000    -0.000     0.000     0.180   293.480     0.136   0.33E-04    -0.000     0.007   193.326
   200.000   -73.111     0.001    -4.000     0.189     0.000    -0.004     0.000     0.000     0.000     0.000     0.000     0.000     0.000   306.387     0.000   0.48E-10    -0.000     0.000   180.673
   150.000   -74.143     0.001    -4.000     0.164     0.000    -0.002     0.000     0.000     0.000     0.000     0.000     0.000     0.000   322.082     0.000   0.00E+00     0.000     0.000   164.408
   100.000   -73.189     0.001    -4.000     0.097     0.000    -0.001     0.000     0.000     0.000     0.000     0.000     0.000     0.000   344.667     0.000   0.00E+00     0.000     0.000   141.629
    80.000   -70.594     0.001    -4.000     0.054     0.000     0.003     0.000     0.000     0.000     0.000     0.000     0.000     0.000   360.415     0.000   0.00E+00     0.000     0.000     0.000
    60.000   -64.143     0.001     0.000     0.017     0.000     0.011     0.000     0.000     0.000     0.000     0.000     0.000     0.000   383.988     0.000   0.00E+00     0.000     0.000     0.000
    40.000   -55.487     0.001     0.000     0.004     0.000     0.021     0.000     0.000     0.000     0.000     0.000     0.000     0.000   416.119     0.000   0.00E+00     0.000     0.000     0.000
    30.000   -48.995     0.001     0.000     0.001     0.000     0.029     0.000     0.000     0.000     0.000     0.000     0.000     0.000   440.094     0.000   0.00E+00     0.000     0.000     0.000
    25.000   -37.490     0.001     0.000     0.000     0.000     0.045     0.000     0.000     0.000     0.000     0.000     0.000     0.000   463.972     0.000   0.00E+00    -0.001     0.000     0.000
