  1000.000    14.699     7.432     0.000     0.705    -1.680    -1.205     2.688     0.000     0.000     0.000     0.000     0.000     0.000   310.261     0.000   0.00E+00    -1.242     0.351   287.866
   950.000    10.558     7.220     0.001     0.882     2.012    -1.247    -0.522     0.000    12.357     0.000   -11.836     0.000     0.000   310.213     0.000   0.00E+00    -2.324     0.390   283.691
   900.000     7.661     5.308    -0.399     0.745     1.234    -1.217     0.000     0.000    12.346     0.000    -7.502     0.000     1.705   306.000     0.001   0.27E-01    -0.768     0.417   280.205
   850.000     4.358     4.035     0.213     0.688     1.190    -1.178     0.000     0.000    11.557    -1.694    -7.487     1.872     1.348   303.708     0.002   0.61E-02     0.085     0.447   277.637
   800.000     1.084     2.908     0.610     0.604     1.278    -1.270     0.000     0.000    10.614    -1.348    -6.886     1.581     0.203   301.727     0.006   0.29E+00     0.677     0.475   274.848
   750.000    -2.268     1.958     0.856     0.518     1.411    -1.406     0.000     0.000    10.447    -0.200    -8.422     1.340     0.114   300.547     0.003   0.15E+00     1.336     0.494   271.884
   700.000    -5.429     1.196     0.683     0.398     1.524    -1.519     0.000     0.000    10.482    -0.002    -6.469     1.248     0.114   300.231     0.005   0.11E+00     1.563     0.522   268.679
   650.000    -8.917     0.714     0.366     0.301     1.497    -1.492     0.000     0.000    10.515    -0.001    -5.713     1.071     0.101   300.835     0.008   0.85E-01     1.498     0.541   265.060
   600.000   -12.944     0.436     0.006     0.236     1.361    -1.359     0.000     0.000    10.575     0.000    -4.904     0.997     0.091   301.789     0.013   0.74E-01     1.237     0.553   260.938
   550.000   -17.764     0.292    -0.281     0.207     1.164    -1.168     0.000     0.000    10.686     0.000    -3.991     1.083     0.105   303.060     0.021   0.74E-01     0.901     0.553   256.208
   500.000   -23.536     0.219    -0.422     0.219     0.979    -0.992     0.000     0.000    10.915     0.000    -2.950     1.215     0.106   304.147     0.031   0.82E-01     0.580     0.535   250.755
   450.000   -30.170     0.151    -0.426     0.287     0.892    -0.917     0.000     0.000    11.310    -0.001    -1.828     1.384     0.145   305.145     0.042   0.16E+00     0.334     0.498   244.465
   400.000   -37.563     0.096    -0.396     0.445     0.838    -0.877     0.000     0.000    11.635    -0.002    -0.857     1.595     0.523   305.837     0.104   0.21E+00     0.130     0.447   237.229
   350.000   -45.839     0.062    -0.435     0.722     0.687    -0.741     0.000     0.000    11.061     0.000    -0.278     1.865     1.862   306.284     0.224   0.16E+00     0.036     0.383   228.945
   300.000   -55.227     0.035    -0.544     0.888     0.518    -0.588     0.000     0.000     8.840     0.000    -0.056     2.148     3.948   306.565     0.359   0.34E-01     0.006     0.289   219.495
   250.000   -65.875     0.012    -0.883     1.000     0.172    -0.257     0.000     0.000     0.241     0.000    -0.001     0.000     8.600   307.191     0.488   0.34E-02    -0.000     0.183   208.672
   200.000   -62.774     0.001    -4.000     0.103    -0.011     0.014     0.000     0.000     0.000     0.000    -0.000     0.000     0.241   320.250     0.000   0.13E-03    -0.000     0.018   195.424
   150.000   -64.450     0.001    -4.000     0.065     0.000     0.058     0.000     0.000     0.000     0.000     0.000     0.000     0.000   334.551     0.000   0.00E+00     0.000     0.000   178.361
   100.000   -66.363     0.001    -4.000     0.053     0.000     0.045     0.000     0.000     0.000     0.000     0.000     0.000     0.000   356.562     0.000   0.00E+00     0.000     0.000   154.665
    80.000   -66.941     0.001    -4.000     0.043     0.000     0.041     0.000     0.000     0.000     0.000     0.000     0.000     0.000   369.353     0.000   0.00E+00     0.000     0.000     0.000
    60.000   -65.677     0.001     0.000     0.026     0.000     0.050     0.000     0.000     0.000     0.000     0.000     0.000     0.000   387.564     0.000   0.00E+00     0.000     0.000     0.000
    40.000   -65.026     0.001     0.000     0.015     0.000     0.054     0.000     0.000     0.000     0.000     0.000     0.000     0.000   412.193     0.000   0.00E+00     0.000     0.000     0.000
    30.000   -67.721     0.001     0.000     0.015     0.000     0.036     0.000     0.000     0.000     0.000     0.000     0.000     0.000   426.862     0.000   0.00E+00     0.000     0.000     0.000
    25.000   -77.296     0.001     0.000     0.045     0.000    -0.028     0.000     0.000     0.000     0.000     0.000     0.000     0.000   428.772     0.000   0.00E+00    -0.001     0.000     0.000
