  1000.000     2.984     2.989    -0.000     0.627    -1.328    -0.859     2.583     0.000     0.000     0.000     0.000     0.000     0.000   287.433     0.000   0.00E+00    -0.608     0.259   276.090
   950.000    -1.113     2.829     0.001     0.801     0.046    -1.407     0.946     0.000    20.424     0.000   -16.050     0.000     0.000   287.481     0.000   0.38E-07    -0.922     0.289   272.082
   900.000    -4.898     2.007    -0.021     0.727     1.422    -1.432     0.000     0.000    20.421    -0.000   -14.741     0.000     2.112   284.259     0.004   0.86E-01    -0.263     0.322   268.209
   850.000    -8.456     1.342     0.415     0.635     1.499    -1.511     0.000     0.000    19.068    -2.109   -10.340     2.646     2.539   283.427     0.044   0.30E+00     0.223     0.355   265.166
   800.000   -12.116     0.844     0.612     0.524     1.596    -1.608     0.000     0.000    17.456    -2.536    -7.339     3.009     1.766   282.237     0.018   0.25E+00     0.562     0.385   261.818
   750.000   -15.886     0.450     0.574     0.383     1.571    -1.585     0.000     0.000    15.948    -1.764    -5.587     2.300     0.728   282.854     0.005   0.17E+00     0.733     0.406   258.123
   700.000   -19.889     0.236     0.393     0.269     1.464    -1.479     0.000     0.000    15.368    -0.705    -4.431     1.989     0.595   282.268     0.003   0.13E+00     0.701     0.413   254.033
   650.000   -24.357     0.129     0.203     0.200     1.313    -1.329     0.000     0.000    14.959    -0.567    -3.504     1.850     0.486   283.502     0.004   0.98E-01     0.576     0.410   249.505
   600.000   -29.264     0.063     0.011     0.162     1.109    -1.128     0.000     0.000    14.718    -0.460    -2.617     1.747     0.525   284.540     0.005   0.80E-01     0.412     0.395   244.499
   550.000   -34.639     0.025    -0.157     0.129     0.699    -0.719     0.000     0.000    14.603    -0.500    -1.832     1.993     0.073   284.931     0.007   0.61E-01     0.271     0.373   238.977
   500.000   -40.675     0.020    -0.222     0.167     0.542    -0.565     0.000     0.000    15.574    -0.051    -1.042     2.626     0.017   285.193     0.009   0.37E-01     0.151     0.339   232.904
   450.000   -47.339     0.017    -0.241     0.280     0.478    -0.504     0.000     0.000    17.703    -0.001    -0.426     3.763     0.072   285.332     0.025   0.50E-01     0.064     0.299   226.239
   400.000   -54.652     0.014    -0.267     0.495     0.362    -0.390     0.000     0.000    22.735    -0.001    -0.144     7.072     0.591   285.576     0.100   0.40E-01     0.014     0.254   218.920
   350.000   -62.733     0.013    -0.273     0.949     0.328    -0.359    -0.000     0.000     4.672     0.000    -0.013     0.937    18.603   285.681     0.370   0.77E-02     0.001     0.199   210.849
   300.000   -71.315     0.004    -0.598     1.006     0.042    -0.075     0.000     0.000     0.113     0.000    -0.000     0.000     4.559   285.830     0.477   0.14E-02    -0.000     0.077   201.859
   250.000   -74.968     0.003    -4.000     1.000    -0.002    -0.025     0.000     0.000     0.000     0.000    -0.000     0.000     0.113   291.564     0.317   0.23E-04    -0.000     0.005   191.505
   200.000   -73.596     0.001    -4.000     0.195     0.000    -0.011     0.000     0.000     0.000     0.000     0.000     0.000     0.000   305.545     0.000   0.91E-10    -0.000     0.000   178.888
   150.000   -74.150     0.001    -4.000     0.159     0.000    -0.002     0.000     0.000     0.000     0.000     0.000     0.000     0.000   321.254     0.000   0.00E+00     0.000     0.000   162.640
   100.000   -72.281     0.001    -4.000     0.084     0.000     0.001     0.000     0.000     0.000     0.000     0.000     0.000     0.000   346.509     0.000   0.00E+00     0.000     0.000   139.806
    80.000   -68.806     0.001    -4.000     0.042     0.000     0.006     0.000     0.000     0.000     0.000     0.000     0.000     0.000   361.344     0.000   0.00E+00     0.000     0.000     0.000
    60.000   -61.053     0.001     0.000     0.011     0.000     0.017     0.000     0.000     0.000     0.000     0.000     0.000     0.000   386.019     0.000   0.00E+00     0.000     0.000     0.000
    40.000   -50.762     0.001     0.000     0.002     0.000     0.031     0.000     0.000     0.000     0.000     0.000     0.000     0.000   421.440     0.000   0.00E+00     0.000     0.000     0.000
    30.000   -42.490     0.001     0.000     0.001     0.000     0.043     0.000     0.000     0.000     0.000     0.000     0.000     0.000   447.875     0.000   0.00E+00     0.000     0.000     0.000
    25.000   -26.079     0.001     0.000     0.000     0.000     0.068     0.000     0.000     0.000     0.000     0.000     0.000     0.000   476.358     0.000   0.00E+00    -0.001     0.000     0.000
