  1000.000     3.052     3.006    -0.000     0.665    -1.481    -1.157     2.721     0.000     0.000     0.000     0.000     0.000     0.000   300.177     0.000   0.00E+00    -0.958     0.323   276.159
   950.000    -1.046     2.846     0.001     0.839     1.016    -1.505     0.309     0.000    17.473     0.000   -13.954     0.000     0.000   300.168     0.000   0.00E+00    -1.720     0.357   272.149
   900.000    -4.823     2.028    -0.136     0.744     1.488    -1.538     0.000     0.000    17.473     0.000   -12.438     0.000     1.938   296.609     0.002   0.62E-01    -0.627     0.386   268.277
   850.000    -8.372     1.355     0.314     0.666     1.499    -1.550     0.000     0.000    16.263    -1.938    -9.417     2.326     1.984   294.865     0.035   0.24E+00     0.007     0.420   265.238
   800.000   -12.025     0.861     0.503     0.564     1.565    -1.619     0.000     0.000    14.931    -1.984    -7.093     2.414     1.284   293.394     0.014   0.24E+00     0.480     0.451   261.894
   750.000   -15.826     0.468     0.473     0.440     1.541    -1.596     0.000     0.000    13.832    -1.247    -5.862     1.891     0.529   293.784     0.002   0.17E+00     0.750     0.474   258.203
   700.000   -19.847     0.219     0.318     0.339     1.455    -1.511     0.000     0.000    13.444    -0.455    -5.017     1.671     0.454   293.028     0.001   0.13E+00     0.800     0.486   254.117
   650.000   -24.241     0.111     0.148     0.272     1.334    -1.392     0.000     0.000    13.159    -0.372    -4.295     1.556     0.386   293.468     0.000   0.10E+00     0.739     0.488   249.593
   600.000   -29.124     0.063    -0.033     0.229     1.174    -1.234     0.000     0.000    13.001    -0.305    -3.495     1.499     0.398   294.237     0.000   0.80E-01     0.615     0.480   244.589
   550.000   -34.526     0.025    -0.177     0.198     0.882    -0.944     0.000     0.000    12.948    -0.335    -2.695     1.678     0.098   294.775     0.000   0.72E-01     0.468     0.463   239.067
   500.000   -40.563     0.019    -0.222     0.224     0.767    -0.832     0.000     0.000    13.595    -0.055    -1.828     2.086     0.032   295.314     0.001   0.47E-01     0.320     0.434   232.994
   450.000   -47.230     0.016    -0.205     0.324     0.764    -0.833     0.000     0.000    14.892     0.000    -0.979     2.841     0.242   295.486     0.024   0.12E+00     0.198     0.396   226.328
   400.000   -54.548     0.014    -0.193     0.487     0.664    -0.735     0.000     0.000    17.389     0.000    -0.436     4.548     0.922   296.111     0.095   0.12E+00     0.125     0.344   219.007
   350.000   -62.638     0.013    -0.168     0.777     0.604    -0.679    -0.000     0.000     6.810     0.000    -0.166     1.433    11.418   296.438     0.243   0.63E-01     0.068     0.280   210.932
   300.000   -71.235     0.005    -0.342     0.874     0.301    -0.379     0.000     0.000     2.047     0.000    -0.065     0.365     5.024   296.484     0.357   0.38E-01     0.036     0.174   201.939
   250.000   -74.931     0.003    -4.000     0.941     0.183    -0.253     0.000     0.000     0.924     0.000    -0.018     0.170     1.245   300.561     0.389   0.19E-01     0.007     0.091   191.582
   200.000   -73.538     0.001    -4.000     0.303     0.087    -0.138     0.000     0.000     0.253     0.000    -0.003     0.045     0.702   312.692     0.060   0.70E-02    -0.000     0.054   178.962
   150.000   -74.082     0.001    -4.000     0.195     0.009    -0.039     0.000     0.000     0.004     0.000    -0.000     0.000     0.249   327.349     0.022   0.42E-03    -0.000     0.021   162.709
   100.000   -72.237     0.001    -4.000     0.068    -0.003     0.004     0.000     0.000     0.000     0.000    -0.000     0.000     0.004   351.715     0.000   0.23E-05     0.000     0.001   139.869
    80.000   -68.771     0.001    -4.000     0.033     0.000     0.007     0.000     0.000     0.000     0.000     0.000     0.000     0.000   367.574     0.000   0.00E+00     0.000     0.000     0.000
    60.000   -61.023     0.001     0.000     0.009     0.000     0.020     0.000     0.000     0.000     0.000     0.000     0.000     0.000   391.743     0.000   0.00E+00     0.000     0.000     0.000
    40.000   -50.739     0.001     0.000     0.002     0.000     0.037     0.000     0.000     0.000     0.000     0.000     0.000     0.000   426.779     0.000   0.00E+00     0.000     0.000     0.000
    30.000   -42.476     0.001     0.000     0.001     0.000     0.051     0.000     0.000     0.000     0.000     0.000     0.000     0.000   452.692     0.000   0.00E+00     0.000     0.000     0.000
    25.000   -26.083     0.001     0.000     0.000     0.000     0.079     0.000     0.000     0.000     0.000     0.000     0.000     0.000   479.871     0.000   0.00E+00    -0.001     0.000     0.000
