  1000.000    29.589    20.919     0.000     0.792    -2.010    -1.971     3.055     0.000     0.000     0.000     0.000     0.000     0.000   376.911     0.000   0.00E+00    -2.701     0.715   302.815
   950.000    25.328    20.635     0.001     0.974     3.615    -1.143    -1.848     0.000     9.054     0.000   -12.439     0.000     0.000   376.918     0.000   0.00E+00    -6.959     0.762   298.437
   900.000    23.765    16.994    -0.199     0.838     1.700    -1.849     0.000     0.000     9.054     0.000    -5.252     0.000     0.982   368.625     0.000   0.75E-01    -3.825     0.792   296.282
   850.000    21.224    14.825     0.276     0.814     1.590    -1.738     0.000     0.000     8.235    -0.982    -5.987     1.039     0.000   364.198     0.006   0.34E+00    -2.664     0.836   294.356
   800.000    18.865    13.015     0.347     0.779     1.704    -1.844     0.000     0.000     7.883    -0.000    -5.044     0.551     0.535   360.933     0.001   0.30E+00    -1.635     0.871   292.297
   750.000    16.352    11.422     0.336     0.749     1.724    -1.855     0.000     0.000     7.512     0.000    -4.721     0.519     0.524   358.495     0.000   0.21E+00    -0.887     0.897   290.085
   700.000    13.700     9.882     0.247     0.719     1.727    -1.849     0.000     0.000     7.147     0.000    -4.400     0.474     0.492   356.629     0.000   0.19E+00    -0.322     0.913   287.692
   650.000    10.939     8.272     0.119     0.691     1.724    -1.834     0.000     0.000     6.790     0.000    -4.081     0.435     0.467   355.179     0.000   0.18E+00     0.090     0.920   285.084
   600.000     8.169     6.486    -0.019     0.661     1.742    -1.834     0.000     0.000     6.429     0.000    -3.733     0.426     0.464   354.066     0.000   0.17E+00     0.368     0.919   282.213
   550.000     5.209     4.713    -0.148     0.629     1.803    -1.875     0.000     0.000     6.101     0.000    -3.342     0.448     0.434   353.268     0.000   0.15E+00     0.525     0.904   279.017
   500.000     1.273     3.555    -0.229     0.591     1.898    -1.962     0.000     0.000     5.806     0.000    -3.005     0.464     0.402   352.693     0.001   0.14E+00     0.584     0.876   275.418
   450.000    -3.623     2.650    -0.163     0.550     1.968    -2.034     0.000     0.000     5.606     0.000    -2.993     0.445     0.306   352.275     0.004   0.27E+00     0.749     0.833   271.465
   400.000    -8.836     2.020    -0.096     0.515     2.101    -2.164     0.000     0.000     5.355     0.000    -2.352     0.407     0.359   352.600     0.006   0.36E+00     0.849     0.800   266.933
   350.000   -15.786     1.741    -0.032     0.492     2.372    -2.453     0.000     0.000     4.658     0.000    -1.367     0.361     0.813   353.898     0.012   0.31E+00     0.745     0.768   261.390
   300.000   -22.997     0.465    -0.060     0.369     2.286    -2.371     0.000     0.000     4.082     0.000    -0.752     0.347     0.705   355.328     0.007   0.25E+00     0.672     0.688   254.320
   250.000   -32.852     0.256    -0.166     0.302     1.900    -2.016     0.000     0.000     3.936     0.000    -0.332     0.426     0.347   357.974     0.014   0.19E+00     0.402     0.600   245.007
   200.000   -45.381     0.119    -0.012     0.398     1.414    -1.577     0.000     0.000     3.822     0.000    -0.109     0.565     0.474   360.849     0.035   0.14E+00     0.115     0.541   232.487
   150.000   -61.756     0.035     0.109     0.994     1.046    -1.275     0.000     0.000     1.327     0.000    -0.006     0.183     2.590   363.070     0.424   0.56E-01    -0.000     0.473   215.855
   100.000   -73.507     0.004    -4.000     0.867     0.057    -0.152     0.000     0.000     0.000     0.000    -0.000     0.000     1.327   369.283     0.164   0.41E-02    -0.000     0.206   192.909
    80.000   -66.048     0.001    -4.000     0.048     0.000     0.142     0.000     0.000     0.000     0.000     0.000     0.000     0.000   384.222     0.000   0.00E+00     0.000     0.000     0.000
    60.000   -57.711     0.001     0.000     0.020     0.000     0.309     0.000     0.000     0.000     0.000     0.000     0.000     0.000   406.341     0.000   0.00E+00     0.000     0.000     0.000
    40.000   -48.184     0.001     0.000     0.007     0.000     0.499     0.000     0.000     0.000     0.000     0.000     0.000     0.000   437.166     0.000   0.00E+00     0.000     0.000     0.000
    30.000   -40.671     0.001     0.000     0.004     0.000     0.650     0.000     0.000     0.000     0.000     0.000     0.000     0.000   461.000     0.000   0.00E+00     0.000     0.000     0.000
    25.000   -26.878     0.001     0.000     0.001     0.000     0.925     0.000     0.000     0.000     0.000     0.000     0.000     0.000   486.655     0.000   0.00E+00    -0.001     0.000     0.000
