  1000.000    33.479    26.329     0.000     0.798    -2.112    -1.863     2.892     0.000     0.000     0.000     0.000     0.000     0.000   399.432     0.000   0.00E+00    -3.232     0.803   306.679
   950.000    29.184    26.019     0.001     0.977     3.294    -0.391    -2.165     0.000     8.098     0.000   -13.248     0.000     0.000   399.443     0.000   0.00E+00    -8.795     0.852   302.251
   900.000    27.782    22.012    -0.059     0.857     1.299    -1.467     0.000     0.000     8.098     0.000    -5.224     0.000     0.730   390.656     0.005   0.22E+00    -5.445     0.884   300.195
   850.000    25.300    19.572     0.522     0.846     1.339    -1.505     0.000     0.000     7.462    -0.730    -6.101     0.790     0.017   385.734     0.004   0.23E+00    -4.281     0.931   298.381
   800.000    23.036    17.396     0.755     0.817     1.626    -1.782     0.000     0.000     7.270    -0.000    -5.171     0.570     0.425   381.291     0.017   0.17E+00    -2.961     0.968   296.450
   750.000    20.670    15.481     0.843     0.786     1.782    -1.927     0.000     0.000     7.010     0.000    -4.753     0.516     0.435   377.584     0.015   0.14E+00    -1.814     0.996   294.383
   700.000    18.198    13.699     0.768     0.750     1.882    -2.013     0.000     0.000     6.750     0.000    -4.412     0.475     0.407   374.505     0.008   0.12E+00    -0.841     1.014   292.159
   650.000    15.554    12.006     0.562     0.711     1.921    -2.037     0.000     0.000     6.518     0.000    -4.140     0.421     0.357   372.057     0.001   0.11E+00    -0.072     1.026   289.749
   600.000    12.635    10.412     0.282     0.675     1.925    -2.027     0.000     0.000     6.299     0.000    -3.875     0.386     0.330   370.332     0.000   0.10E+00     0.457     1.034   287.118
   550.000     9.372     8.857    -0.005     0.645     1.940    -2.028     0.000     0.000     6.076     0.000    -3.558     0.386     0.327   369.302     0.000   0.11E+00     0.737     1.038   284.218
   500.000     5.654     7.344    -0.233     0.624     2.027    -2.103     0.000     0.000     5.831     0.000    -3.170     0.424     0.357   368.836     0.001   0.11E+00     0.760     1.031   280.984
   450.000     1.482     5.693    -0.357     0.604     2.246    -2.309     0.000     0.000     5.416     0.000    -2.780     0.445     0.538   368.601     0.002   0.23E+00     0.697     1.004   277.324
   400.000    -3.360     3.893    -0.467     0.532     2.347    -2.400     0.000     0.000     5.082     0.000    -2.685     0.414     0.453   367.283     0.003   0.26E+00     1.063     0.946   273.111
   350.000    -8.619     2.609    -0.517     0.473     2.450    -2.486     0.000     0.000     4.698     0.000    -2.288     0.391     0.507   367.442     0.004   0.29E+00     1.249     0.897   268.529
   300.000   -15.213     1.428    -0.738     0.405     2.602    -2.630     0.000     0.000     4.478     0.000    -1.351     0.426     0.373   369.031     0.003   0.32E+00     1.304     0.853   262.715
   250.000   -23.238     0.540    -0.502     0.385     3.066    -3.089     0.000     0.000     3.719     0.000    -0.645     0.393     0.920   371.997     0.011   0.29E+00     1.004     0.797   255.055
   200.000   -34.629     0.297    -0.706     0.232     2.239    -2.286     0.000     0.000     3.844     0.000    -0.299     0.563     0.174   375.412     0.009   0.24E+00     0.693     0.667   244.339
   150.000   -50.288     0.195     0.394     0.506     1.819    -1.918     0.000     0.000     3.543     0.000    -0.116     0.583     0.702   379.182     0.107   0.16E+00    -0.000     0.594   228.677
   100.000   -69.025     0.018     0.706     0.985     0.503    -0.608     0.000     0.000     0.000     0.000    -0.001     0.000     3.543   382.204     0.392   0.37E-01    -0.000     0.490   205.768
    80.000   -64.164     0.001    -4.000     0.040     0.000     0.180     0.000     0.000     0.000     0.000     0.000     0.000     0.000   391.066     0.000   0.00E+00     0.000     0.000     0.000
    60.000   -55.722     0.001     0.000     0.018     0.000     0.349     0.000     0.000     0.000     0.000     0.000     0.000     0.000   413.258     0.000   0.00E+00     0.000     0.000     0.000
    40.000   -46.891     0.001     0.000     0.007     0.000     0.525     0.000     0.000     0.000     0.000     0.000     0.000     0.000   443.846     0.000   0.00E+00     0.000     0.000     0.000
    30.000   -39.962     0.001     0.000     0.004     0.000     0.664     0.000     0.000     0.000     0.000     0.000     0.000     0.000   467.364     0.000   0.00E+00     0.000     0.000     0.000
    25.000   -27.052     0.001     0.000     0.001     0.000     0.922     0.000     0.000     0.000     0.000     0.000     0.000     0.000   492.362     0.000   0.00E+00    -0.001     0.000     0.000
