  1000.000     2.990     2.989    -0.000     0.655    -1.434    -1.076     2.683     0.000     0.000     0.000     0.000     0.000     0.000   296.571     0.000   0.00E+00    -0.854     0.305   276.096
   950.000    -1.108     2.829     0.001     0.830     0.738    -1.487     0.497     0.000    18.267     0.000   -14.650     0.000     0.000   296.574     0.000   0.00E+00    -1.498     0.337   272.087
   900.000    -4.893     2.008    -0.103     0.739     1.471    -1.512     0.000     0.000    18.267     0.000   -12.997     0.000     1.957   292.994     0.003   0.71E-01    -0.517     0.367   268.212
   850.000    -8.449     1.341     0.338     0.656     1.497    -1.538     0.000     0.000    17.033    -1.957    -9.622     2.392     2.142   291.572     0.036   0.24E+00     0.079     0.401   265.169
   800.000   -12.103     0.846     0.529     0.552     1.568    -1.611     0.000     0.000    15.628    -2.142    -7.138     2.577     1.417   290.094     0.014   0.24E+00     0.516     0.432   261.822
   750.000   -15.877     0.471     0.500     0.423     1.545    -1.588     0.000     0.000    14.420    -1.398    -5.786     2.008     0.583   290.743     0.003   0.17E+00     0.760     0.454   258.127
   700.000   -19.923     0.243     0.341     0.319     1.456    -1.501     0.000     0.000    13.982    -0.531    -4.865     1.766     0.488   289.846     0.001   0.13E+00     0.788     0.465   254.038
   650.000   -24.378     0.119     0.171     0.251     1.328    -1.375     0.000     0.000    13.668    -0.430    -4.099     1.642     0.406   290.525     0.000   0.99E-01     0.709     0.466   249.511
   600.000   -29.247     0.056    -0.010     0.210     1.159    -1.208     0.000     0.000    13.494    -0.347    -3.285     1.570     0.433   291.568     0.000   0.79E-01     0.571     0.456   244.505
   550.000   -34.618     0.025    -0.161     0.177     0.830    -0.881     0.000     0.000    13.428    -0.384    -2.490     1.771     0.082   292.005     0.000   0.68E-01     0.424     0.438   238.982
   500.000   -40.660     0.019    -0.210     0.205     0.705    -0.758     0.000     0.000    14.200    -0.048    -1.625     2.262     0.025   292.473     0.001   0.44E-01     0.278     0.409   232.909
   450.000   -47.326     0.016    -0.199     0.304     0.688    -0.744     0.000     0.000    15.766     0.000    -0.822     3.150     0.209   292.653     0.021   0.10E+00     0.160     0.370   226.244
   400.000   -54.642     0.014    -0.189     0.476     0.584    -0.643     0.000     0.000    19.284     0.000    -0.347     5.539     0.793   293.134     0.090   0.97E-01     0.093     0.319   218.924
   350.000   -62.731     0.013    -0.173     0.817     0.521    -0.582    -0.000     0.000     6.078     0.000    -0.124     1.219    13.916   293.381     0.280   0.49E-01     0.046     0.257   210.853
   300.000   -71.311     0.004    -0.380     0.905     0.226    -0.289     0.000     0.000     1.660     0.000    -0.044     0.301     4.639   293.415     0.382   0.28E-01     0.019     0.147   201.863
   250.000   -74.964     0.003    -4.000     0.961     0.126    -0.183     0.000     0.000     0.708     0.000    -0.010     0.135     1.051   297.835     0.364   0.13E-01     0.002     0.067   191.508
   200.000   -73.592     0.001    -4.000     0.293     0.056    -0.096     0.000     0.000     0.103     0.000    -0.000     0.012     0.612   310.455     0.059   0.44E-02    -0.000     0.038   178.891
   150.000   -74.146     0.001    -4.000     0.181     0.002    -0.025     0.000     0.000     0.000     0.000    -0.000     0.000     0.103   325.616     0.009   0.16E-03    -0.000     0.010   162.643
   100.000   -72.278     0.001    -4.000     0.068     0.000     0.001     0.000     0.000     0.000     0.000     0.000     0.000     0.000   350.416     0.000   0.00E+00     0.000     0.000   139.809
    80.000   -68.803     0.001    -4.000     0.034     0.000     0.006     0.000     0.000     0.000     0.000     0.000     0.000     0.000   365.830     0.000   0.00E+00     0.000     0.000     0.000
    60.000   -61.051     0.001     0.000     0.010     0.000     0.017     0.000     0.000     0.000     0.000     0.000     0.000     0.000   390.459     0.000   0.00E+00     0.000     0.000     0.000
    40.000   -50.760     0.001     0.000     0.002     0.000     0.032     0.000     0.000     0.000     0.000     0.000     0.000     0.000   425.790     0.000   0.00E+00     0.000     0.000     0.000
    30.000   -42.489     0.001     0.000     0.001     0.000     0.043     0.000     0.000     0.000     0.000     0.000     0.000     0.000   451.496     0.000   0.00E+00     0.000     0.000     0.000
    25.000   -26.079     0.001     0.000     0.000     0.000     0.068     0.000     0.000     0.000     0.000     0.000     0.000     0.000   478.997     0.000   0.00E+00    -0.001     0.000     0.000
