  1000.000     4.654     3.349     0.000     0.625    -1.454    -0.911     2.632     0.000     0.000     0.000     0.000     0.000     0.000   288.529     0.000   0.00E+00    -0.762     0.272   277.779
   950.000     0.570     3.174     0.001     0.791     0.458    -1.330     0.615     0.000    20.105     0.000   -12.523     0.000     0.000   288.541     0.000   0.00E+00    -0.908     0.306   273.746
   900.000    -3.231     2.360    -0.067     0.747     1.385    -1.382     0.000     0.000    20.105     0.000   -16.353     0.000     2.251   286.353     0.001   0.94E-02    -0.343     0.327   269.749
   850.000    -6.741     1.613     0.398     0.660     1.503    -1.502     0.000     0.000    18.614    -2.251   -10.524     2.675     2.591   284.664     0.059   0.36E+00     0.187     0.364   266.792
   800.000   -10.335     1.041     0.610     0.542     1.639    -1.639     0.000     0.000    16.913    -2.580    -7.532     3.005     1.717   284.133     0.021   0.26E+00     0.567     0.396   263.536
   750.000   -14.074     0.580     0.572     0.386     1.601    -1.603     0.000     0.000    15.389    -1.702    -5.905     2.261     0.470   284.007     0.007   0.17E+00     0.778     0.418   259.933
   700.000   -18.006     0.282     0.365     0.271     1.485    -1.489     0.000     0.000    15.083    -0.447    -4.766     2.018     0.596   284.156     0.008   0.13E+00     0.733     0.426   255.933
   650.000   -22.352     0.158     0.184     0.202     1.310    -1.316     0.000     0.000    14.631    -0.577    -3.844     1.822     0.412   284.622     0.010   0.99E-01     0.616     0.423   251.485
   600.000   -27.233     0.075    -0.010     0.168     1.098    -1.106     0.000     0.000    14.417    -0.393    -2.843     1.740     0.462   285.471     0.012   0.79E-01     0.445     0.409   246.543
   550.000   -32.584     0.035    -0.167     0.147     0.767    -0.777     0.000     0.000    14.270    -0.438    -1.981     1.882     0.199   285.838     0.014   0.59E-01     0.300     0.385   241.063
   500.000   -38.635     0.025    -0.253     0.177     0.571    -0.585     0.000     0.000    14.748    -0.179    -1.176     2.252     0.031   286.552     0.016   0.42E-01     0.173     0.350   235.006
   450.000   -45.352     0.021    -0.292     0.310     0.548    -0.566     0.000     0.000    16.636    -0.005    -0.477     3.488     0.042   286.891     0.039   0.57E-01     0.068     0.308   228.332
   400.000   -52.652     0.016    -0.353     0.555     0.384    -0.406     0.000     0.000    17.438    -0.004    -0.149     3.319     1.398   286.930     0.139   0.60E-01     0.018     0.260   220.978
   350.000   -60.728     0.012    -0.396     0.785     0.353    -0.379    -0.000     0.000     9.448    -0.003    -0.027     2.537     9.620   287.056     0.173   0.29E-02     0.001     0.199   212.851
   300.000   -69.708     0.006    -0.635     0.999     0.059    -0.089     0.000     0.000     0.209    -0.000    -0.000     0.000     9.238   287.333     0.436   0.17E-02    -0.000     0.095   203.796
   250.000   -74.273     0.003    -4.000     0.999    -0.004    -0.018     0.000     0.000     0.000     0.000    -0.000     0.000     0.209   292.784     0.169   0.36E-04    -0.000     0.008   193.391
   200.000   -73.066     0.001    -4.000     0.188     0.000    -0.000     0.000     0.000     0.000     0.000     0.000     0.000     0.000   306.433     0.000   0.00E+00     0.000     0.000   180.736
   150.000   -74.101     0.001    -4.000     0.167     0.000    -0.002     0.000     0.000     0.000     0.000     0.000     0.000     0.000   321.847     0.000   0.00E+00     0.000     0.000   164.467
   100.000   -73.158     0.001    -4.000     0.100     0.000    -0.000     0.000     0.000     0.000     0.000     0.000     0.000     0.000   344.841     0.000   0.00E+00     0.000     0.000   141.685
    80.000   -70.571     0.001    -4.000     0.057     0.000     0.005     0.000     0.000     0.000     0.000     0.000     0.000     0.000   359.800     0.000   0.00E+00     0.000     0.000     0.000
    60.000   -64.124     0.001     0.000     0.018     0.000     0.018     0.000     0.000     0.000     0.000     0.000     0.000     0.000   383.361     0.000   0.00E+00     0.000     0.000     0.000
    40.000   -55.473     0.001     0.000     0.004     0.000     0.035     0.000     0.000     0.000     0.000     0.000     0.000     0.000   415.695     0.000   0.00E+00     0.000     0.000     0.000
    30.000   -48.986     0.001     0.000     0.002     0.000     0.048     0.000     0.000     0.000     0.000     0.000     0.000     0.000   439.549     0.000   0.00E+00     0.000     0.000     0.000
    25.000   -37.488     0.001     0.000     0.000     0.000     0.071     0.000     0.000     0.000     0.000     0.000     0.000     0.000   463.526     0.000   0.00E+00    -0.001     0.000     0.000
