  1000.000    16.354     8.605    -0.002     0.789    -1.715    -2.012     2.831     0.000     0.000     0.000     0.000     0.000     0.000   387.589     0.000   0.00E+00    -2.954     0.540   289.529
   950.000    12.201     8.376     0.022     0.969     3.161    -0.710    -1.789     0.000     8.313     0.000   -10.695     0.000     0.000   387.413     0.003   0.15E-04    -7.455     0.580   285.331
   900.000     9.602     6.142    -0.009     0.823     1.372    -1.477     0.000     0.000     8.309     0.000    -4.912     0.000     0.788   378.104     0.001   0.13E+00    -4.008     0.605   282.191
   850.000     6.468     4.775     0.553     0.800     1.251    -1.358     0.000     0.000     7.701    -0.784    -5.659     0.838     0.277   373.108     0.002   0.11E+00    -2.814     0.643   279.716
   800.000     3.292     3.610     0.913     0.770     1.364    -1.472     0.000     0.000     7.274    -0.260    -4.852     0.546     0.380   368.883     0.007   0.17E+00    -1.802     0.674   277.031
   750.000    -0.011     2.589     1.166     0.742     1.460    -1.569     0.000     0.000     6.945    -0.081    -4.309     0.500     0.351   365.352     0.007   0.19E+00    -0.978     0.697   274.098
   700.000    -3.407     1.707     1.343     0.722     1.567    -1.678     0.000     0.000     6.691     0.000    -4.008     0.500     0.359   362.686     0.012   0.19E+00    -0.380     0.711   271.010
   650.000    -6.728     1.025     1.425     0.703     1.684    -1.794     0.000     0.000     6.428     0.000    -3.700     0.484     0.360   360.781     0.065   0.17E+00     0.063     0.714   267.581
   600.000   -10.488     0.597     1.401     0.683     1.772    -1.883     0.000     0.000     6.193     0.000    -3.399     0.472     0.330   359.327     0.216   0.31E+00     0.105     0.709   263.674
   550.000   -14.933     0.359     1.330     0.664     1.864    -1.976     0.000     0.000     5.992     0.000    -3.057     0.492     0.304   358.210     0.229   0.40E+00     0.081     0.696   259.176
   500.000   -20.298     0.249     1.276     0.652     1.976    -2.091     0.000     0.000     5.816     0.000    -2.610     0.514     0.299   357.262     0.230   0.41E+00     0.003     0.672   253.956
   450.000   -26.726     0.212     1.260     0.647     2.123    -2.244     0.000     0.000     5.403     0.000    -1.996     0.502     0.563   356.084     0.239   0.53E+00    -0.065     0.634   247.873
   400.000   -34.177     0.196     1.097     0.637     2.216    -2.348     0.003     0.000     4.946     0.000    -1.384     0.496     0.657   354.317     0.250   0.54E+00    -0.150     0.576   240.788
   350.000   -42.490     0.115    -0.907     0.629     2.183    -2.321     0.002     0.000     4.576    -0.009    -0.907     0.514     0.618   351.642     0.235   0.42E+00     0.175     0.506   232.575
   300.000   -51.904     0.050    -4.000     0.588     2.267    -2.231    -0.126     0.000     4.168    -0.009    -0.519     0.598     0.768   350.810     0.178   0.27E+00     0.335     0.444   223.104
   250.000   -62.746     0.019    -4.000     0.611     1.882    -1.976    -0.041     0.000     3.023    -0.002    -0.219     0.485     1.456   350.658     0.130   0.14E+00     0.269     0.385   212.186
   200.000   -69.809     0.002    -4.000     0.688     1.207    -1.541     0.134     0.000     1.717    -0.000    -0.091     0.273     1.474   351.856     0.179   0.94E-01     0.192     0.307   199.203
   150.000   -67.607     0.001    -4.000     0.608     0.682    -0.819     0.032     0.000     0.837     0.000    -0.030     0.135     0.973   356.989     0.156   0.54E-01    -0.002     0.218   182.514
   100.000   -65.209     0.001    -4.000     0.363     0.128    -0.150     0.000     0.000     0.000     0.000    -0.000     0.000     0.837   373.152     0.091   0.14E-01    -0.000     0.120   158.882
    80.000   -62.177     0.001    -4.000     0.034     0.000     0.022     0.000     0.000     0.000     0.000     0.000     0.000     0.000   390.526     0.000   0.38E-09    -0.000     0.000     0.000
    60.000   -55.251     0.001     0.000     0.006     0.000     0.060     0.000     0.000     0.000     0.000     0.000     0.000     0.000   415.169     0.000   0.00E+00     0.000     0.000     0.000
    40.000   -46.216     0.001     0.000     0.002     0.000     0.090     0.000     0.000     0.000     0.000     0.000     0.000     0.000   448.677     0.000   0.00E+00     0.000     0.000     0.000
    30.000   -39.538     0.001     0.000     0.001     0.000     0.112     0.000     0.000     0.000     0.000     0.000     0.000     0.000   473.385     0.000   0.00E+00     0.000     0.000     0.000
    25.000   -26.823     0.001     0.000     0.000     0.000     0.154     0.000     0.000     0.000     0.000     0.000     0.000     0.000   497.514     0.000   0.00E+00    -0.001     0.000     0.000
