     0.250     0.314     3.585    26.724    27.413    -6.657     3.729   289.370   272.021    52.946   971.228     0.125   224.637
     0.500     7.606     3.847    26.738    27.777    -5.972     3.429   289.352   273.585    57.514   963.982     0.375   221.993
     0.750     6.587     4.027    26.939    28.054    -5.396     3.188   289.329   274.414    61.197   957.229     0.625   218.798
     1.000     5.037     4.175    27.156    28.277    -5.087     3.122   289.314   275.601    64.362   950.074     0.875   216.035
     1.250     5.277     4.308    27.328    28.454    -5.013     3.226   289.305   276.680    66.859   944.089     1.125   213.812
     1.500     5.334     4.425    27.466    28.595    -4.891     3.291   289.299   277.258    68.813   939.057     1.375   212.052
     1.750     5.456     4.497    27.577    28.710    -4.824     3.507   289.293   278.195    70.376   934.816     1.625   210.599
     2.000     5.439     4.555    27.672    28.805    -4.782     3.535   289.289   278.997    71.633   931.199     1.875   209.451
     2.250     5.431     4.601    27.752    28.886    -4.752     3.511   289.285   279.905    72.631   928.275     2.125   208.513
     2.500     5.610     4.741    27.817    28.953    -4.709     3.409   289.282   280.888    73.298   926.507     2.375   207.810
     2.750     5.423     4.665    27.875    29.012    -4.665     3.362   289.278   281.713    73.976   924.334     2.625   207.200
     3.000     5.621     4.795    27.924    29.062    -4.628     3.266   289.275   282.693    74.553   922.468     2.875   206.674
     3.250     5.680     4.814    27.965    29.106    -4.609     3.119   289.270   283.592    75.007   921.049     3.125   206.238
     3.500     5.499     4.709    28.004    29.146    -4.609     3.031   289.265   284.266    75.436   919.552     3.375   205.831
     3.750     5.549     4.828    28.040    29.182    -4.538     2.890   289.260   285.080    75.799   918.207     3.625   205.480
     4.000     5.445     4.813    28.064    29.214    -4.463     2.906   289.255   285.827    76.128   917.005     3.875   205.179
     4.250     5.428     4.816    28.084    29.242    -4.444     2.953   289.251   286.375    76.404   915.950     4.125   204.911
     4.500     5.278     4.826    28.105    29.268    -4.393     2.868   289.247   286.802    76.656   914.876     4.375   204.663
     4.750     5.101     4.833    28.129    29.291    -4.345     2.790   289.245   287.079    76.929   913.590     4.625   204.385
     5.000     4.999     4.844    28.150    29.313    -4.288     2.706   289.244   287.292    77.176   912.436     4.875   204.154
     5.250     4.958     4.853    28.168    29.331    -4.229     2.635   289.243   287.421    77.391   911.391     5.125   203.957
     5.500     4.925     4.863    28.184    29.346    -4.150     2.565   289.242   287.473    77.587   910.392     5.375   203.785
     5.750     5.054     4.906    28.192    29.358    -4.076     2.507   289.240   287.466    77.746   909.667     5.625   203.651
     6.000     5.168     4.887    28.196    29.366    -3.999     2.458   289.238   287.588    77.863   909.231     5.875   203.550
     6.250     5.280     4.889    28.198    29.372    -3.930     2.412   289.235   287.883    77.941   909.007     6.125   203.470
     6.500     5.263     4.891    28.202    29.377    -3.860     2.369   289.232   288.147    78.003   908.769     6.375   203.393
     6.750     5.263     4.889    28.205    29.381    -3.789     2.330   289.229   288.379    78.060   908.546     6.625   203.326
     7.000     5.275     4.890    28.207    29.385    -3.721     2.298   289.225   288.589    78.103   908.356     6.875   203.265
     7.250     5.254     4.891    28.209    29.388    -3.664     2.274   289.222   288.776    78.147   908.191     7.125   203.214
     7.500     5.267     4.900    28.209    29.390    -3.613     2.255   289.219   288.930    78.184   908.075     7.375   203.168
     7.750     5.263     4.910    28.209    29.390    -3.574     2.244   289.216   289.096    78.210   908.013     7.625   203.120
     8.000     5.071     4.884    28.213    29.392    -3.594     2.244   289.214   289.345    78.237   907.829     7.875   203.069
     8.250     5.076     4.911    28.215    29.394    -3.604     2.243   289.212   289.437    78.270   907.616     8.125   203.020
     8.500     5.117     4.896    28.213    29.394    -3.588     2.240   289.210   289.534    78.297   907.523     8.375   202.981
     8.750     5.025     4.897    28.215    29.395    -3.615     2.241   289.209   289.635    78.324   907.334     8.625   202.939
     9.000     5.085     4.898    28.213    29.395    -3.611     2.238   289.208   289.783    78.350   907.267     8.875   202.910
     9.250     4.876     4.895    28.219    29.396    -3.624     2.236   289.207   289.680    78.374   906.844     9.125   202.865
     9.500     5.083     4.895    28.214    29.395    -3.653     2.237   289.206   289.661    78.400   906.867     9.375   202.849
     9.750     5.194     4.902    28.207    29.392    -3.659     2.232   289.204   289.829    78.399   906.980     9.625   202.836
    10.000     5.194     4.887    28.203    29.390    -3.663     2.220   289.202   289.946    78.397   907.102     9.875   202.826
    10.250     5.103     4.890    28.203    29.388    -3.688     2.205   289.200   290.080    78.393   907.086    10.125   202.810
    10.500     5.213     4.895    28.197    29.385    -3.668     2.179   289.198   290.206    78.387   907.211    10.375   202.802
    10.750     5.143     4.880    28.196    29.382    -3.666     2.155   289.196   290.352    78.369   907.249    10.625   202.791
    11.000     5.137     4.886    28.194    29.380    -3.630     2.126   289.193   290.486    78.365   907.222    10.875   202.781
    11.250     5.072     4.890    28.193    29.379    -3.616     2.105   289.191   290.355    78.362   907.101    11.125   202.766
    11.500     5.309     4.884    28.185    29.376    -3.597     2.086   289.189   290.596    78.344   907.385    11.375   202.768
    11.750     5.294     4.882    28.181    29.373    -3.586     2.070   289.186   290.796    78.317   907.583    11.625   202.768
    12.000     5.229     4.872    28.179    29.372    -3.586     2.055   289.183   291.000    78.300   907.693    11.875   202.768
    12.250     5.234     4.876    28.177    29.370    -3.581     2.037   289.180   291.186    78.282   907.780    12.125   202.767
    12.500     5.214     4.878    28.175    29.368    -3.576     2.017   289.177   291.328    78.266   907.816    12.375   202.762
    12.750     5.213     4.875    28.173    29.367    -3.556     1.994   289.174   291.485    78.250   907.879    12.625   202.761
    13.000     5.179     4.874    28.172    29.366    -3.545     1.973   289.172   291.602    78.235   907.916    12.875   202.763
    13.250     5.192     4.864    28.169    29.364    -3.516     1.950   289.169   291.724    78.226   907.988    13.125   202.763
    13.500     5.127     4.872    28.169    29.363    -3.506     1.933   289.167   291.849    78.214   907.946    13.375   202.761
    13.750     5.127     4.870    28.167    29.362    -3.487     1.915   289.164   291.923    78.206   907.935    13.625   202.761
    14.000     5.089     4.871    28.166    29.360    -3.477     1.902   289.163   292.070    78.199   907.907    13.875   202.760
    14.250     5.079     4.870    28.164    29.358    -3.471     1.890   289.161   292.142    78.192   907.876    14.125   202.760
    14.500     5.059     4.871    28.162    29.356    -3.470     1.880   289.159   292.137    78.190   907.854    14.375   202.762
    14.750     5.044     4.864    28.159    29.353    -3.472     1.872   289.157   292.158    78.188   907.836    14.625   202.763
    15.000     5.022     4.869    28.157    29.351    -3.475     1.865   289.156   292.210    78.186   907.764    14.875   202.763
    15.250     5.028     4.872    28.153    29.348    -3.479     1.858   289.154   292.301    78.178   907.735    15.125   202.769
    15.500     5.018     4.873    28.150    29.344    -3.485     1.853   289.153   292.353    78.166   907.734    15.375   202.777
    15.750     5.016     4.869    28.145    29.340    -3.487     1.848   289.152   292.335    78.151   907.754    15.625   202.787
    16.000     5.009     4.869    28.141    29.336    -3.489     1.843   289.150   292.352    78.139   907.731    15.875   202.791
    16.250     4.997     4.872    28.137    29.332    -3.494     1.839   289.149   292.346    78.129   907.710    16.125   202.796
    16.500     5.001     4.871    28.132    29.328    -3.500     1.836   289.148   292.385    78.117   907.737    16.375   202.802
    16.750     4.993     4.871    28.128    29.323    -3.505     1.833   289.147   292.509    78.102   907.723    16.625   202.810
    17.000     5.005     4.869    28.122    29.319    -3.509     1.830   289.146   292.469    78.084   907.774    16.875   202.824
    17.250     4.993     4.868    28.117    29.314    -3.515     1.827   289.145   292.502    78.068   907.786    17.125   202.831
    17.500     4.987     4.868    28.113    29.309    -3.521     1.825   289.143   292.544    78.048   907.777    17.375   202.840
    17.750     4.994     4.865    28.107    29.305    -3.526     1.823   289.142   292.578    78.033   907.827    17.625   202.854
    18.000     4.989     4.865    28.102    29.300    -3.533     1.821   289.141   292.635    78.013   907.841    17.875   202.866
    18.250     4.988     4.859    28.097    29.295    -3.540     1.820   289.140   292.660    77.996   907.887    18.125   202.878
    18.500     4.974     4.866    28.092    29.290    -3.548     1.818   289.139   292.689    77.975   907.877    18.375   202.887
    18.750     4.979     4.865    28.087    29.285    -3.556     1.816   289.138   292.710    77.957   907.901    18.625   202.899
    19.000     4.966     4.862    28.082    29.280    -3.564     1.814   289.137   292.741    77.938   907.904    18.875   202.910
    19.250     4.978     4.864    28.077    29.276    -3.573     1.812   289.136   292.753    77.919   907.933    19.125   202.923
    19.500     4.968     4.861    28.072    29.271    -3.583     1.811   289.135   292.801    77.902   907.949    19.375   202.934
    19.750     4.967     4.863    28.067    29.266    -3.592     1.809   289.134   292.820    77.883   907.962    19.625   202.945
    20.000     4.969     4.862    28.061    29.261    -3.601     1.807   289.133   292.847    77.863   907.991    19.875   202.958
    20.250     4.972     4.862    28.056    29.256    -3.611     1.805   289.132   292.892    77.842   908.031    20.125   202.972
    20.500     4.972     4.861    28.051    29.251    -3.620     1.803   289.131   292.911    77.822   908.072    20.375   202.985
    20.750     4.964     4.860    28.046    29.246    -3.628     1.800   289.130   292.944    77.801   908.101    20.625   202.999
    21.000     4.971     4.869    28.041    29.241    -3.638     1.798   289.129   292.947    77.778   908.123    20.875   203.013
    21.250     4.963     4.857    28.035    29.235    -3.646     1.796   289.128   292.945    77.762   908.198    21.125   203.027
    21.500     4.960     4.857    28.029    29.230    -3.656     1.793   289.127   292.972    77.740   908.213    21.375   203.040
    21.750     4.960     4.854    28.024    29.225    -3.665     1.791   289.126   293.010    77.720   908.245    21.625   203.052
    22.000     4.981     4.880    28.019    29.220    -3.673     1.788   289.125   292.672    77.696   908.271    21.875   203.067
    22.250     4.951     4.852    28.013    29.215    -3.682     1.786   289.124   293.037    77.678   908.366    22.125   203.082
    22.500     4.956     4.852    28.008    29.210    -3.690     1.783   289.123   293.102    77.657   908.380    22.375   203.094
    22.750     4.960     4.854    28.003    29.204    -3.699     1.781   289.122   293.089    77.636   908.419    22.625   203.109
    23.000     4.977     4.863    27.997    29.199    -3.707     1.778   289.121   293.131    77.612   908.480    22.875   203.124
    23.250     4.969     4.862    27.992    29.194    -3.711     1.775   289.120   293.065    77.588   908.531    23.125   203.139
    23.500     4.952     4.848    27.986    29.189    -3.717     1.773   289.119   293.158    77.568   908.599    23.375   203.154
    23.750     4.973     4.847    27.980    29.184    -3.725     1.771   289.118   293.175    77.549   908.684    23.625   203.171
    24.000     4.966     4.848    27.975    29.179    -3.732     1.769   289.117   293.271    77.525   908.730    23.875   203.187
    24.250     4.952     4.845    27.970    29.173    -3.740     1.766   289.116   293.311    77.502   908.764    24.125   203.202
    24.500     4.965     4.845    27.965    29.168    -3.748     1.764   289.115   293.214    77.479   908.805    24.375   203.217
    24.750     4.963     4.844    27.959    29.163    -3.757     1.762   289.114   293.342    77.459   908.891    24.625   203.236
    25.000     4.954     4.843    27.953    29.158    -3.766     1.760   289.113   293.385    77.437   908.941    24.875   203.250
    25.250     4.960     4.845    27.948    29.153    -3.777     1.759   289.112   293.330    77.416   909.005    25.125   203.267
    25.500     4.946     4.841    27.943    29.148    -3.787     1.756   289.111   293.310    77.394   909.061    25.375   203.283
    25.750     4.938     4.844    27.938    29.143    -3.797     1.754   289.110   293.303    77.375   909.088    25.625   203.298
    26.000     4.952     4.844    27.933    29.138    -3.808     1.752   289.109   293.315    77.355   909.160    25.875   203.315
    26.250     4.946     4.853    27.928    29.133    -3.817     1.749   289.108   293.276    77.332   909.189    26.125   203.331
    26.500     4.934     4.841    27.922    29.128    -3.826     1.746   289.107   293.291    77.315   909.274    26.375   203.345
    26.750     4.936     4.842    27.917    29.122    -3.835     1.744   289.106   293.311    77.293   909.291    26.625   203.360
    27.000     4.955     4.838    27.911    29.117    -3.843     1.741   289.105   293.341    77.273   909.389    26.875   203.377
    27.250     4.953     4.849    27.905    29.112    -3.849     1.738   289.104   293.298    77.245   909.433    27.125   203.393
    27.500     4.949     4.848    27.900    29.106    -3.852     1.735   289.103   293.315    77.223   909.491    27.375   203.407
    27.750     4.942     4.844    27.895    29.101    -3.860     1.733   289.102   293.027    77.204   909.560    27.625   203.421
    28.000     4.939     4.834    27.889    29.096    -3.867     1.731   289.101   293.028    77.187   909.630    27.875   203.434
    28.250     4.939     4.834    27.884    29.091    -3.871     1.728   289.100   293.339    77.164   909.674    28.125   203.450
    28.500     4.950     4.832    27.877    29.086    -3.878     1.726   289.099   293.457    77.143   909.771    28.375   203.466
    28.750     4.952     4.833    27.872    29.080    -3.882     1.724   289.098   293.400    77.121   909.846    28.625   203.480
    29.000     4.950     4.832    27.866    29.075    -3.885     1.722   289.097   293.434    77.100   909.903    28.875   203.493
    29.250     4.948     4.831    27.861    29.070    -3.887     1.720   289.096   293.457    77.077   909.972    29.125   203.511
    29.500     4.946     4.828    27.856    29.065    -3.894     1.719   289.095   293.448    77.052   910.003    29.375   203.528
    29.750     4.937     4.827    27.851    29.060    -3.901     1.718   289.094   293.507    77.033   910.089    29.625   203.543
    30.000     4.931     4.827    27.846    29.055    -3.912     1.717   289.093   293.479    77.011   910.113    29.875   203.560
    30.250     4.913     4.825    27.841    29.051    -3.921     1.715   289.092   293.519    76.992   910.154    30.125   203.575
    30.500     4.923     4.832    27.836    29.046    -3.930     1.714   289.091   293.464    76.982   910.211    30.375   203.591
    30.750     4.942     4.827    27.829    29.040    -3.941     1.713   289.090   293.545    76.953   910.303    30.625   203.609
    31.000     4.929     4.849    27.825    29.035    -3.950     1.711   289.089   293.482    76.924   910.427    30.875   203.624
    31.250     4.904     4.825    27.820    29.030    -3.960     1.710   289.088   293.547    76.906   910.503    31.125   203.640
    31.500     4.919     4.834    27.815    29.025    -3.971     1.708   289.088   293.511    76.885   910.525    31.375   203.654
    31.750     4.915     4.823    27.809    29.021    -3.979     1.707   289.087   293.580    76.866   910.603    31.625   203.673
    32.000     4.926     4.830    27.805    29.015    -3.988     1.704   289.086   293.254    76.843   910.638    31.875   203.688
    32.250     4.924     4.846    27.799    29.011    -3.998     1.703   289.085   293.556    76.826   910.689    32.125   203.702
    32.500     4.911     4.831    27.794    29.006    -4.005     1.700   289.084   293.632    76.805   910.738    32.375   203.716
    32.750     4.915     4.820    27.788    29.001    -4.014     1.699   289.083   293.694    76.790   910.824    32.625   203.731
    33.000     4.923     4.812    27.783    28.996    -4.023     1.697   289.082   293.694    76.773   910.898    32.875   203.747
    33.250     4.923     4.816    27.778    28.991    -4.029     1.694   289.081   293.634    76.751   910.933    33.125   203.762
    33.500     4.925     4.810    27.773    28.986    -4.035     1.692   289.080   293.641    76.732   911.005    33.375   203.777
    33.750     4.923     4.817    27.768    28.981    -4.042     1.690   289.079   293.654    76.714   911.039    33.625   203.792
    34.000     4.917     4.814    27.763    28.977    -4.049     1.687   289.079   293.667    76.695   911.089    33.875   203.807
    34.250     4.925     4.839    27.759    28.972    -4.059     1.685   289.078   293.631    76.675   911.110    34.125   203.822
    34.500     4.904     4.825    27.754    28.967    -4.067     1.683   289.077   292.694    76.656   911.159    34.375   203.836
    34.750     4.898     4.813    27.748    28.962    -4.080     1.682   289.076   293.686    76.645   911.250    34.625   203.851
    35.000     4.908     4.812    27.743    28.957    -4.092     1.680   289.075   293.684    76.627   911.291    34.875   203.865
    35.250     4.916     4.823    27.738    28.952    -4.096     1.676   289.074   292.835    76.602   911.322    35.125   203.879
    35.500     4.913     4.805    27.732    28.947    -4.102     1.674   289.073   293.324    76.587   911.405    35.375   203.892
    35.750     4.907     4.822    27.728    28.942    -4.108     1.671   289.072   293.616    76.567   911.418    35.625   203.906
    36.000     4.915     4.821    27.723    28.938    -4.114     1.669   289.071   293.349    76.548   911.473    35.875   203.919
    36.250     4.907     4.820    27.718    28.933    -4.120     1.667   289.070   293.361    76.531   911.522    36.125   203.932
    36.500     4.901     4.807    27.712    28.928    -4.126     1.665   289.069   293.663    76.517   911.591    36.375   203.945
    36.750     4.897     4.806    27.708    28.923    -4.131     1.663   289.068   293.640    76.493   911.602    36.625   203.959
    37.000     4.934     4.831    27.702    28.918    -4.139     1.661   289.067   293.662    76.476   911.678    36.875   203.975
    37.250     4.908     4.804    27.697    28.913    -4.145     1.660   289.066   293.725    76.461   911.768    37.125   203.989
    37.500     4.909     4.807    27.692    28.909    -4.151     1.658   289.065   293.682    76.442   911.797    37.375   204.002
    37.750     4.913     4.806    27.687    28.904    -4.155     1.655   289.064   293.686    76.423   911.852    37.625   204.017
    38.000     4.910     4.811    27.683    28.899    -4.161     1.654   289.063   293.409    76.402   911.895    37.875   204.030
    38.250     4.888     4.803    27.678    28.895    -4.170     1.652   289.062   293.702    76.389   911.956    38.125   204.043
    38.500     4.865     4.806    27.673    28.890    -4.174     1.650   289.062   293.715    76.373   911.947    38.375   204.059
    38.750     5.046     4.825    27.664    28.884    -4.180     1.649   289.060   293.644    76.355   912.146    38.625   204.069
    39.000     5.033     4.824    27.657    28.879    -4.191     1.647   289.058   293.518    76.330   912.340    38.875   204.080
    39.250     5.039     4.822    27.650    28.873    -4.205     1.645   289.057   293.857    76.306   912.524    39.125   204.090
    39.500     4.735     4.831    27.664    28.870    -4.264     1.644   289.057   294.143    76.245   912.435    39.375   204.106
    39.750     4.398     4.714    27.679    28.870    -4.334     1.655   289.063   294.565    76.271   912.265    39.625   204.122
    40.000     4.338     4.847    27.694    28.871    -4.460     1.699   289.069   294.713    76.318   911.797    39.875   204.136
    40.250     4.321     4.745    27.699    28.870    -4.705     1.868   289.073   294.776    76.356   911.391    40.125   204.150
    40.500     4.402     4.750    27.697    28.868    -4.836     1.921   289.078   294.840    76.380   911.031    40.375   204.163
    40.750     4.495     4.754    27.693    28.864    -4.954     1.962   289.081   294.959    76.392   910.752    40.625   204.178
    41.000     4.558     4.794    27.686    28.860    -5.056     1.993   289.084   294.859    76.400   910.532    40.875   204.196
    41.250     4.644     4.786    27.671    28.854    -5.004     1.926   289.086   294.782    76.435   910.394    41.125   204.206
    41.500     4.657     4.792    27.658    28.846    -4.927     1.873   289.087   294.551    76.447   910.312    41.375   204.217
    41.750     4.695     4.847    27.649    28.837    -4.867     1.858   289.088   293.328    76.441   910.183    41.625   204.227
    42.000     4.566     4.830    27.639    28.829    -4.844     1.880   289.088   293.822    76.435   909.972    41.875   204.238
    42.250     4.579     4.841    27.626    28.820    -4.855     1.928   289.089   293.203    76.426   909.832    42.125   204.249
    42.500     4.692     4.841    27.610    28.810    -4.875     1.970   289.090   292.974    76.416   909.870    42.375   204.260
    42.750     4.759     4.845    27.596    28.800    -4.921     1.993   289.090   292.645    76.399   910.015    42.625   204.268
    43.000     4.845     4.840    27.583    28.790    -4.955     1.996   289.090   292.014    76.369   910.185    42.875   204.277
    43.250     4.744     4.826    27.576    28.782    -4.939     1.978   289.089   291.746    76.344   910.151    43.125   204.289
    43.500     4.914     4.842    27.565    28.772    -4.939     1.955   289.088   291.430    76.308   910.329    43.375   204.300
    43.750     4.934     4.860    27.556    28.763    -4.915     1.929   289.087   291.679    76.261   910.504    43.625   204.309
    44.000     4.981     4.856    27.546    28.755    -4.880     1.905   289.085   291.540    76.223   910.712    43.875   204.317
    44.250     4.973     4.825    27.538    28.748    -4.839     1.886   289.084   291.540    76.189   910.899    44.125   204.325
    44.500     4.964     4.846    27.530    28.742    -4.795     1.873   289.082   291.816    76.151   911.030    44.375   204.339
    44.750     4.989     4.842    27.524    28.736    -4.759     1.866   289.080   291.844    76.115   911.190    44.625   204.348
    45.000     4.950     4.837    27.519    28.731    -4.723     1.864   289.078   291.788    76.084   911.284    44.875   204.358
    45.250     4.962     4.801    27.513    28.727    -4.696     1.866   289.077   291.831    76.060   911.451    45.125   204.369
    45.500     4.967     4.793    27.508    28.722    -4.677     1.872   289.075   291.944    76.032   911.559    45.375   204.379
    45.750     4.967     4.810    27.504    28.719    -4.660     1.879   289.073   291.945    76.007   911.637    45.625   204.392
    46.000     4.834     4.792    27.504    28.717    -4.694     1.890   289.073   291.960    75.983   911.640    45.875   204.404
    46.250     4.900     4.805    27.501    28.714    -4.716     1.899   289.072   291.784    75.977   911.714    46.125   204.416
    46.500     4.857     4.783    27.498    28.712    -4.710     1.902   289.071   291.970    75.964   911.734    46.375   204.427
    46.750     4.780     4.795    27.499    28.710    -4.743     1.907   289.071   291.713    75.950   911.580    46.625   204.441
    47.000     4.946     4.796    27.492    28.706    -4.787     1.913   289.070   291.870    75.936   911.768    46.875   204.453
    47.250     5.031     4.793    27.485    28.702    -4.785     1.908   289.068   291.914    75.921   911.956    47.125   204.463
    47.500     4.995     4.790    27.482    28.699    -4.815     1.901   289.066   291.989    75.896   912.133    47.375   204.476
    47.750     4.989     4.791    27.479    28.696    -4.818     1.883   289.065   292.070    75.882   912.271    47.625   204.488
    48.000     4.986     4.785    27.475    28.693    -4.804     1.861   289.063   292.095    75.857   912.367    47.875   204.500
    48.250     4.986     4.791    27.472    28.690    -4.802     1.839   289.061   291.948    75.842   912.518    48.125   204.511
    48.500     5.022     4.783    27.467    28.688    -4.756     1.813   289.059   292.239    75.819   912.625    48.375   204.520
    48.750     4.945     4.781    27.466    28.686    -4.746     1.795   289.058   292.426    75.794   912.685    48.625   204.533
    49.000     5.048     4.791    27.462    28.683    -4.718     1.777   289.056   292.273    75.778   912.848    48.875   204.540
    49.250     4.895     4.775    27.461    28.682    -4.699     1.764   289.054   292.538    75.763   912.860    49.125   204.554
    49.500     4.912     4.768    27.460    28.680    -4.709     1.757   289.053   292.569    75.752   912.917    49.375   204.565
    49.750     4.969     4.773    27.456    28.678    -4.683     1.746   289.051   292.564    75.747   912.985    49.625   204.573
    50.000     4.874     4.802    27.457    28.677    -4.687     1.741   289.050   292.563    75.729   912.937    49.875   204.584
