  1000.000     3.028     3.000     0.000     0.675    -1.523    -1.211     2.738     0.000     0.000     0.000     0.000     0.000     0.000   307.422     0.000   0.00E+00    -1.119     0.359   276.135
   950.000    -1.069     2.841     0.001     0.850     1.189    -1.441     0.138     0.000    16.829     0.000   -14.015     0.000     0.000   307.429     0.000   0.00E+00    -2.233     0.394   272.125
   900.000    -4.851     2.018    -0.129     0.753     1.494    -1.550     0.000     0.000    16.829     0.000   -11.885     0.000     1.839   303.380     0.002   0.67E-01    -0.960     0.423   268.253
   850.000    -8.408     1.348     0.324     0.678     1.501    -1.558     0.000     0.000    15.657    -1.839    -9.141     2.208     1.830   301.455     0.033   0.25E+00    -0.283     0.458   265.213
   800.000   -12.062     0.847     0.506     0.583     1.578    -1.636     0.000     0.000    14.413    -1.829    -6.912     2.277     1.239   299.558     0.013   0.24E+00     0.244     0.489   261.868
   750.000   -15.829     0.456     0.480     0.467     1.562    -1.621     0.000     0.000    13.359    -1.164    -5.731     1.786     0.544   300.030     0.002   0.18E+00     0.561     0.513   258.175
   700.000   -19.838     0.242     0.332     0.372     1.486    -1.547     0.000     0.000    12.960    -0.433    -4.916     1.578     0.467   298.738     0.001   0.14E+00     0.664     0.525   254.088
   650.000   -24.311     0.128     0.165     0.309     1.375    -1.438     0.000     0.000    12.661    -0.352    -4.223     1.467     0.396   299.287     0.000   0.11E+00     0.652     0.527   249.562
   600.000   -29.204     0.061    -0.017     0.267     1.229    -1.293     0.000     0.000    12.481    -0.285    -3.469     1.411     0.413   300.046     0.000   0.87E-01     0.573     0.519   244.558
   550.000   -34.572     0.025    -0.167     0.236     0.960    -1.026     0.000     0.000    12.401    -0.314    -2.713     1.579     0.125   300.421     0.000   0.78E-01     0.463     0.502   239.037
   500.000   -40.607     0.019    -0.221     0.257     0.866    -0.935     0.000     0.000    12.993    -0.047    -1.902     1.971     0.060   300.667     0.001   0.53E-01     0.339     0.474   232.964
   450.000   -47.271     0.016    -0.219     0.341     0.868    -0.939     0.000     0.000    14.175     0.000    -1.133     2.677     0.271   300.683     0.022   0.13E+00     0.246     0.436   226.298
   400.000   -54.586     0.014    -0.218     0.484     0.789    -0.863     0.000     0.000    16.675     0.000    -0.612     4.386     0.813   301.261     0.085   0.13E+00     0.194     0.385   218.978
   350.000   -62.673     0.013    -0.197     0.757     0.749    -0.826    -0.000     0.000     6.361     0.000    -0.320     1.263    11.036   301.651     0.231   0.80E-01     0.146     0.326   210.905
   300.000   -71.266     0.004    -0.372     0.830     0.471    -0.551     0.000     0.000     2.153     0.000    -0.150     0.346     4.441   301.893     0.328   0.57E-01     0.113     0.222   201.913
   250.000   -74.947     0.003    -3.951     0.886     0.378    -0.450     0.000     0.000     1.153     0.000    -0.056     0.183     1.122   306.074     0.347   0.36E-01     0.059     0.141   191.557
   200.000   -73.569     0.001    -4.000     0.296     0.233    -0.290     0.000     0.000     0.569     0.000    -0.019     0.088     0.640   317.354     0.051   0.22E-01     0.027     0.101   178.938
   150.000   -74.124     0.001    -4.000     0.249     0.124    -0.162     0.000     0.000     0.203     0.000    -0.004     0.032     0.388   331.113     0.046   0.94E-02    -0.000     0.065   162.689
   100.000   -72.259     0.001    -4.000     0.145     0.015    -0.024     0.000     0.000     0.000     0.000    -0.000     0.000     0.203   353.891     0.025   0.99E-03    -0.000     0.028   139.852
    80.000   -68.786     0.001    -4.000     0.030     0.000     0.006     0.000     0.000     0.000     0.000     0.000     0.000     0.000   369.905     0.000   0.00E+00     0.000     0.000     0.000
    60.000   -61.037     0.001     0.000     0.008     0.000     0.017     0.000     0.000     0.000     0.000     0.000     0.000     0.000   394.786     0.000   0.00E+00     0.000     0.000     0.000
    40.000   -50.749     0.001     0.000     0.002     0.000     0.032     0.000     0.000     0.000     0.000     0.000     0.000     0.000   429.732     0.000   0.00E+00     0.000     0.000     0.000
    30.000   -42.482     0.001     0.000     0.001     0.000     0.044     0.000     0.000     0.000     0.000     0.000     0.000     0.000   455.234     0.000   0.00E+00     0.000     0.000     0.000
    25.000   -26.081     0.001     0.000     0.000     0.000     0.068     0.000     0.000     0.000     0.000     0.000     0.000     0.000   482.075     0.000   0.00E+00    -0.001     0.000     0.000
