  1000.000     3.117     3.022     0.000     0.675    -1.527    -1.231     2.752     0.000     0.000     0.000     0.000     0.000     0.000   305.730     0.000   0.00E+00    -1.095     0.351   276.225
   950.000    -0.980     2.863     0.001     0.850     1.263    -1.491     0.120     0.000    16.711     0.000   -13.605     0.000     0.000   305.721     0.000   0.00E+00    -2.093     0.386   272.214
   900.000    -4.749     2.035    -0.152     0.752     1.506    -1.565     0.000     0.000    16.711     0.000   -11.833     0.000     1.877   301.928     0.002   0.59E-01    -0.845     0.414   268.343
   850.000    -8.295     1.353     0.303     0.678     1.504    -1.564     0.000     0.000    15.533    -1.877    -9.160     2.232     1.808   299.909     0.033   0.24E+00    -0.168     0.449   265.307
   800.000   -11.934     0.851     0.484     0.581     1.571    -1.632     0.000     0.000    14.289    -1.808    -6.965     2.249     1.191   298.257     0.012   0.24E+00     0.350     0.481   261.967
   750.000   -15.719     0.476     0.455     0.464     1.550    -1.613     0.000     0.000    13.274    -1.121    -5.828     1.775     0.519   298.550     0.002   0.18E+00     0.655     0.504   258.279
   700.000   -19.745     0.252     0.306     0.367     1.469    -1.533     0.000     0.000    12.895    -0.412    -5.038     1.571     0.440   297.590     0.001   0.14E+00     0.740     0.517   254.197
   650.000   -24.208     0.128     0.141     0.303     1.356    -1.422     0.000     0.000    12.621    -0.327    -4.353     1.462     0.383   297.972     0.000   0.11E+00     0.709     0.519   249.676
   600.000   -29.092     0.062    -0.038     0.260     1.207    -1.275     0.000     0.000    12.454    -0.272    -3.587     1.415     0.393   298.638     0.000   0.86E-01     0.614     0.512   244.675
   550.000   -34.457     0.026    -0.178     0.230     0.947    -1.018     0.000     0.000    12.393    -0.297    -2.801     1.577     0.126   299.112     0.000   0.77E-01     0.486     0.495   239.156
   500.000   -40.491     0.020    -0.222     0.253     0.851    -0.924     0.000     0.000    12.946    -0.056    -1.947     1.939     0.057   299.500     0.001   0.53E-01     0.344     0.467   233.084
   450.000   -47.155     0.017    -0.195     0.344     0.858    -0.934     0.000     0.000    14.069     0.000    -1.147     2.608     0.269   299.660     0.024   0.14E+00     0.242     0.428   226.418
   400.000   -54.468     0.015    -0.176     0.494     0.779    -0.859     0.000     0.000    16.082     0.000    -0.579     3.996     0.942   300.294     0.093   0.14E+00     0.170     0.376   219.095
   350.000   -62.556     0.014    -0.161     0.744     0.725    -0.808    -0.000     0.000     7.001     0.000    -0.253     1.476     9.927   300.699     0.216   0.82E-01     0.116     0.314   211.019
   300.000   -71.162     0.005    -0.316     0.833     0.430    -0.516     0.000     0.000     2.293     0.000    -0.111     0.385     4.977   300.825     0.327   0.52E-01     0.076     0.212   202.023
   250.000   -74.898     0.003    -3.741     0.899     0.296    -0.374     0.000     0.000     1.158     0.000    -0.038     0.193     1.269   304.830     0.373   0.30E-01     0.028     0.127   191.663
   200.000   -73.455     0.001    -4.000     0.314     0.166    -0.225     0.000     0.000     0.459     0.000    -0.009     0.071     0.746   316.217     0.062   0.15E-01     0.006     0.087   179.039
   150.000   -73.996     0.001    -4.000     0.246     0.074    -0.112     0.000     0.000     0.076     0.000    -0.000     0.009     0.386   330.159     0.051   0.37E-02    -0.000     0.049   162.779
   100.000   -72.154     0.001    -4.000     0.120     0.001    -0.005     0.000     0.000     0.000     0.000    -0.000     0.000     0.076   353.425     0.010   0.23E-03    -0.000     0.013   139.930
    80.000   -68.714     0.001    -4.000     0.031     0.000     0.007     0.000     0.000     0.000     0.000     0.000     0.000     0.000   369.603     0.000   0.00E+00     0.000     0.000     0.000
    60.000   -60.989     0.001     0.000     0.009     0.000     0.020     0.000     0.000     0.000     0.000     0.000     0.000     0.000   393.964     0.000   0.00E+00     0.000     0.000     0.000
    40.000   -50.715     0.001     0.000     0.002     0.000     0.037     0.000     0.000     0.000     0.000     0.000     0.000     0.000   428.815     0.000   0.00E+00     0.000     0.000     0.000
    30.000   -42.461     0.001     0.000     0.001     0.000     0.051     0.000     0.000     0.000     0.000     0.000     0.000     0.000   454.596     0.000   0.00E+00     0.000     0.000     0.000
    25.000   -26.086     0.001     0.000     0.000     0.000     0.079     0.000     0.000     0.000     0.000     0.000     0.000     0.000   481.476     0.000   0.00E+00    -0.001     0.000     0.000
