     0.250     1.715     6.504    37.680    37.891     4.299     8.347   268.128   294.047    76.609   902.951     0.125   204.398
     0.500    11.924     6.570    37.137    37.695     4.730     7.940   268.107   296.649    77.387   900.256     0.375   204.762
     0.750    15.528     6.511    36.722    37.481     5.463     7.407   268.040   301.125    77.640   898.995     0.625   205.094
     1.000    16.596     6.349    36.408    37.274     6.308     6.904   267.945   306.033    77.640   898.652     0.875   205.352
     1.250    14.601     6.162    36.208    37.101     7.037     6.516   267.861   310.079    77.464   902.597     1.125   205.526
     1.500    12.149     6.058    36.085    36.966     7.770     6.223   267.790   312.314    77.320   907.543     1.375   205.623
     1.750     9.734     6.017    36.012    36.862     8.323     6.101   267.734   312.649    77.139   910.334     1.625   205.604
     2.000     7.376     5.967    35.996    36.779     8.421     6.230   267.702   311.256    76.882   911.393     1.875   205.497
     2.250     6.836     5.915    35.973    36.715     8.348     6.480   267.685   311.324    76.747   912.329     2.125   205.411
     2.500     6.304     5.883    35.952    36.665     8.268     6.703   267.670   311.065    76.628   912.353     2.375   205.324
     2.750     6.362     5.884    35.922    36.621     8.198     6.898   267.659   310.846    76.644   912.424     2.625   205.216
     3.000     6.190     5.867    35.896    36.579     8.078     7.086   267.649   310.499    76.629   912.161     2.875   205.106
     3.250     6.173     5.880    35.864    36.540     7.975     7.240   267.640   310.198    76.662   911.900     3.125   205.001
     3.500     6.146     5.828    35.829    36.501     7.862     7.375   267.632   309.858    76.698   911.683     3.375   204.894
     3.750     6.105     5.883    35.795    36.463     7.772     7.477   267.625   309.652    76.736   911.250     3.625   204.790
     4.000     6.163     5.877    35.758    36.426     7.673     7.557   267.617   309.570    76.759   910.963     3.875   204.700
     4.250     6.214     5.796    35.718    36.388     7.588     7.611   267.611   309.258    76.795   910.918     4.125   204.626
     4.500     6.222     5.864    35.683    36.353     7.520     7.651   267.604   309.039    76.813   910.532     4.375   204.542
     4.750     6.361     5.855    35.642    36.317     7.448     7.690   267.597   308.796    76.850   910.507     4.625   204.461
     5.000     6.227     5.772    35.602    36.283     7.379     7.724   267.590   308.658    76.882   910.457     4.875   204.375
     5.250     6.355     5.791    35.565    36.249     7.309     7.757   267.583   308.585    76.904   910.351     5.125   204.298
     5.500     6.343     5.756    35.527    36.216     7.242     7.782   267.575   308.462    76.937   910.293     5.375   204.217
     5.750     6.375     5.748    35.490    36.184     7.177     7.799   267.567   308.308    76.963   910.204     5.625   204.141
     6.000     6.494     5.810    35.454    36.152     7.114     7.809   267.559   308.328    76.986   910.095     5.875   204.067
     6.250     6.360     5.760    35.418    36.122     7.047     7.810   267.552   308.202    77.009   910.092     6.125   204.004
     6.500     6.470     5.793    35.384    36.092     6.987     7.804   267.543   308.176    77.033   910.020     6.375   203.941
     6.750     6.457     5.785    35.351    36.063     6.929     7.785   267.535   308.123    77.053   909.961     6.625   203.884
     7.000     6.445     5.778    35.319    36.035     6.873     7.754   267.527   307.885    77.077   909.913     6.875   203.824
     7.250     6.376     5.772    35.286    36.007     6.838     7.722   267.518   307.878    77.112   909.749     7.125   203.754
     7.500     6.373     5.766    35.254    35.980     6.801     7.691   267.509   307.844    77.146   909.647     7.375   203.703
     7.750     6.443     5.761    35.223    35.953     6.751     7.682   267.502   307.621    77.165   909.534     7.625   203.651
     8.000     6.533     5.752    35.192    35.926     6.673     7.687   267.493   307.651    77.180   909.635     7.875   203.609
     8.250     6.403     5.746    35.161    35.900     6.627     7.674   267.484   307.474    77.205   909.478     8.125   203.543
     8.500     6.361     5.740    35.133    35.874     6.577     7.656   267.475   307.488    77.226   909.290     8.375   203.471
     8.750     6.310     5.738    35.103    35.849     6.556     7.635   267.467   307.262    77.262   908.982     8.625   203.394
     9.000     6.478     5.732    35.073    35.823     6.503     7.627   267.459   307.183    77.293   908.972     8.875   203.335
     9.250     6.371     5.726    35.045    35.798     6.449     7.621   267.449   307.209    77.312   908.804     9.125   203.266
     9.500     6.501     5.720    35.015    35.773     6.400     7.608   267.440   307.074    77.336   908.774     9.375   203.220
     9.750     6.302     5.715    34.988    35.749     6.348     7.595   267.431   307.105    77.353   908.628     9.625   203.184
    10.000     6.435     5.710    34.960    35.724     6.302     7.584   267.422   307.083    77.373   908.482     9.875   203.124
    10.250     6.363     5.706    34.933    35.700     6.254     7.573   267.415   306.826    77.394   908.328    10.125   203.076
    10.500     6.342     5.701    34.907    35.676     6.212     7.552   267.405   306.927    77.414   908.165    10.375   203.042
    10.750     6.327     5.699    34.877    35.653     6.204     7.512   267.396   306.861    77.459   907.985    10.625   203.008
    11.000     6.361     5.630    34.846    35.628     6.174     7.483   267.387   306.808    77.504   908.049    10.875   202.979
    11.250     6.419     5.687    34.825    35.605     6.084     7.511   267.379   306.713    77.475   907.808    11.125   202.951
    11.500     6.336     5.660    34.799    35.581     6.046     7.482   267.370   306.622    77.495   907.697    11.375   202.922
    11.750     6.320     5.680    34.773    35.558     6.013     7.462   267.361   306.559    77.517   907.484    11.625   202.883
    12.000     6.414     5.641    34.745    35.535     5.981     7.425   267.353   306.489    77.545   907.480    11.875   202.849
    12.250     6.333     5.673    34.720    35.512     5.958     7.389   267.344   306.508    77.570   907.272    12.125   202.818
    12.500     6.333     5.608    34.691    35.488     5.930     7.358   267.335   306.428    77.607   907.327    12.375   202.802
    12.750     6.430     5.603    34.667    35.465     5.859     7.365   267.326   306.393    77.599   907.286    12.625   202.778
    13.000     6.406     5.660    34.642    35.442     5.826     7.347   267.317   306.348    77.626   907.094    12.875   202.720
    13.250     6.256     5.596    34.614    35.419     5.815     7.291   267.309   306.271    77.672   907.043    13.125   202.685
    13.500     6.457     5.652    34.591    35.396     5.747     7.288   267.300   306.220    77.666   906.919    13.375   202.657
    13.750     6.345     5.649    34.565    35.373     5.713     7.268   267.291   306.143    77.694   906.815    13.625   202.618
    14.000     6.314     5.647    34.539    35.351     5.689     7.230   267.282   306.026    77.724   906.655    13.875   202.574
    14.250     6.389     5.642    34.514    35.328     5.636     7.212   267.273   306.088    77.735   906.638    14.125   202.547
    14.500     6.308     5.639    34.488    35.305     5.607     7.183   267.264   306.065    77.760   906.547    14.375   202.527
    14.750     6.363     5.547    34.454    35.282     5.627     7.108   267.255   305.988    77.850   906.703    14.625   202.491
    15.000     6.332     5.631    34.437    35.259     5.534     7.131   267.246   306.024    77.803   906.387    14.875   202.455
    15.250     6.390     5.626    34.412    35.237     5.493     7.095   267.237   305.853    77.819   906.384    15.125   202.432
    15.500     6.222     5.625    34.387    35.214     5.465     7.071   267.229   305.922    77.848   906.210    15.375   202.402
    15.750     6.270     5.560    34.361    35.191     5.425     7.044   267.219   305.776    77.857   906.118    15.625   202.378
    16.000     6.338     5.617    34.338    35.169     5.389     7.002   267.211   305.796    77.874   905.949    15.875   202.346
    16.250     6.157     5.581    34.311    35.146     5.368     6.979   267.202   305.766    77.909   905.787    16.125   202.304
    16.500     6.314     5.613    34.287    35.124     5.324     6.967   267.194   305.702    77.924   905.670    16.375   202.279
    16.750     6.263     5.610    34.262    35.101     5.288     6.938   267.185   305.689    77.943   905.563    16.625   202.250
    17.000     6.306     5.606    34.236    35.078     5.255     6.907   267.176   305.640    77.964   905.513    16.875   202.226
    17.250     6.299     5.602    34.211    35.056     5.222     6.875   267.167   305.643    77.983   905.467    17.125   202.201
    17.500     6.273     5.600    34.186    35.034     5.194     6.847   267.159   305.614    78.008   905.297    17.375   202.156
    17.750     6.252     5.598    34.161    35.012     5.159     6.826   267.150   305.595    78.038   905.209    17.625   202.119
    18.000     6.342     5.595    34.135    34.989     5.127     6.810   267.141   305.741    78.070   905.172    17.875   202.077
    18.250     6.248     5.553    34.109    34.966     5.085     6.797   267.133   305.661    78.094   905.200    18.125   202.048
    18.500     6.318     5.587    34.084    34.943     5.051     6.787   267.123   305.880    78.111   905.094    18.375   202.030
    18.750     6.255     5.596    34.058    34.921     5.010     6.779   267.115   305.881    78.135   905.039    18.625   201.999
    19.000     6.321     5.578    34.031    34.898     4.972     6.772   267.106   305.967    78.157   905.010    18.875   201.970
    19.250     6.277     5.575    34.005    34.875     4.928     6.763   267.096   305.972    78.179   904.980    19.125   201.945
    19.500     6.154     5.489    33.979    34.851     4.883     6.752   267.088   305.928    78.201   904.987    19.375   201.921
    19.750     6.317     5.566    33.954    34.829     4.840     6.734   267.079   305.962    78.221   904.877    19.625   201.891
    20.000     6.288     5.562    33.927    34.806     4.798     6.714   267.070   305.980    78.242   904.848    19.875   201.865
    20.250     6.221     5.558    33.902    34.783     4.754     6.692   267.061   306.003    78.263   904.791    20.125   201.835
    20.500     6.234     5.499    33.875    34.760     4.714     6.669   267.052   305.988    78.286   904.810    20.375   201.797
    20.750     6.322     5.550    33.850    34.737     4.674     6.644   267.044   305.892    78.304   904.733    20.625   201.769
    21.000     6.255     5.547    33.824    34.714     4.638     6.619   267.034   305.909    78.326   904.695    20.875   201.741
    21.250     6.229     5.543    33.798    34.691     4.605     6.593   267.025   306.068    78.350   904.628    21.125   201.706
    21.500     6.209     5.540    33.773    34.668     4.569     6.569   267.016   306.077    78.371   904.551    21.375   201.673
    21.750     6.242     5.535    33.746    34.645     4.533     6.545   267.007   306.111    78.394   904.563    21.625   201.639
    22.000     6.198     5.532    33.721    34.622     4.500     6.521   267.000   305.937    78.413   904.453    21.875   201.606
    22.250     6.246     5.529    33.694    34.599     4.466     6.501   266.990   306.014    78.433   904.443    22.125   201.585
    22.500     6.162     5.526    33.669    34.576     4.430     6.482   266.982   305.922    78.454   904.352    22.375   201.559
    22.750     6.165     5.502    33.643    34.553     4.393     6.466   266.973   306.020    78.477   904.303    22.625   201.525
    23.000     6.181     5.520    33.617    34.530     4.357     6.452   266.963   306.076    78.500   904.204    22.875   201.495
    23.250     6.216     5.516    33.591    34.507     4.316     6.443   266.955   306.103    78.520   904.158    23.125   201.463
    23.500     6.189     5.515    33.565    34.484     4.276     6.435   266.946   306.144    78.542   904.091    23.375   201.433
    23.750     6.163     5.511    33.539    34.460     4.235     6.430   266.937   306.180    78.564   904.024    23.625   201.400
    24.000     6.157     5.507    33.512    34.437     4.188     6.430   266.928   306.178    78.590   904.008    23.875   201.369
    24.250     6.205     5.506    33.485    34.413     4.142     6.436   266.919   306.224    78.609   903.941    24.125   201.335
    24.500     6.163     5.439    33.459    34.390     4.081     6.424   266.912   306.205    78.622   904.048    24.375   201.306
    24.750     6.290     5.496    33.432    34.366     4.041     6.406   266.902   306.258    78.648   903.990    24.625   201.277
    25.000     6.153     5.487    33.406    34.343     3.990     6.405   266.892   306.468    78.665   903.927    24.875   201.245
    25.250     6.124     5.487    33.378    34.319     3.950     6.448   266.883   306.389    78.693   903.822    25.125   201.211
    25.500     6.162     5.483    33.351    34.294     3.903     6.433   266.875   306.461    78.707   903.835    25.375   201.180
    25.750     6.104     5.478    33.325    34.271     3.850     6.392   266.867   306.369    78.723   903.745    25.625   201.148
    26.000     5.946     5.299    33.280    34.247     3.913     6.215   266.861   307.178    78.871   904.068    25.875   201.119
    26.250     6.006     5.296    33.252    34.222     3.952     6.076   266.853   307.008    78.886   903.763    26.125   201.096
    26.500     6.236     5.380    33.228    34.199     3.927     6.003   266.845   306.015    78.874   903.590    26.375   201.073
    26.750     6.100     5.397    33.209    34.174     3.916     5.932   266.831   306.303    78.825   903.364    26.625   201.040
    27.000     6.114     5.456    33.189    34.151     3.896     5.881   266.824   306.077    78.804   903.115    26.875   201.007
    27.250     6.165     5.449    33.164    34.127     3.828     5.869   266.815   306.156    78.806   903.214    27.125   200.975
    27.500     6.105     5.446    33.137    34.104     3.790     5.845   266.807   306.020    78.827   903.151    27.375   200.941
    27.750     5.991     5.399    33.109    34.081     3.746     5.829   266.798   306.107    78.868   903.131    27.625   200.907
    28.000     6.155     5.436    33.086    34.058     3.662     5.832   266.789   306.071    78.851   903.055    27.875   200.874
    28.250     6.009     5.368    33.057    34.035     3.611     5.828   266.781   305.981    78.898   903.048    28.125   200.842
    28.500     6.174     5.430    33.033    34.011     3.544     5.844   266.773   305.886    78.906   902.899    28.375   200.812
    28.750     6.025     5.427    33.009    33.988     3.472     5.876   266.764   305.857    78.924   902.828    28.625   200.780
    29.000     6.025     5.423    32.984    33.965     3.425     5.876   266.755   305.936    78.939   902.698    28.875   200.747
    29.250     5.970     5.249    32.938    33.942     3.465     5.805   266.749   305.913    79.100   903.205    29.125   200.714
    29.500     6.186     5.242    32.910    33.919     3.395     5.822   266.741   306.885    79.105   903.291    29.375   200.690
    29.750     6.081     5.239    32.885    33.896     3.357     5.802   266.732   307.020    79.112   903.088    29.625   200.669
    30.000     6.123     5.235    32.857    33.873     3.310     5.784   266.723   306.995    79.147   903.229    29.875   200.643
    30.250     6.108     5.232    32.831    33.850     3.271     5.781   266.714   306.124    79.165   903.177    30.125   200.621
    30.500     6.108     5.229    32.806    33.827     3.237     5.755   266.705   306.207    79.179   903.104    30.375   200.596
    30.750     6.095     5.228    32.784    33.804     3.197     5.728   266.696   307.269    79.172   902.900    30.625   200.581
    31.000     6.131     5.225    32.756    33.780     3.154     5.705   266.687   307.272    79.199   902.973    30.875   200.559
    31.250     6.055     5.216    32.726    33.756     3.162     5.618   266.677   307.292    79.221   903.111    31.125   200.542
    31.500     6.162     5.383    32.719    33.732     3.104     5.574   266.664   306.259    79.114   902.564    31.375   200.519
    31.750     6.070     5.374    32.694    33.708     3.039     5.565   266.654   306.485    79.118   902.620    31.625   200.488
    32.000     6.028     5.374    32.668    33.685     2.996     5.555   266.646   306.428    79.148   902.527    31.875   200.452
    32.250     5.916     5.369    32.643    33.662     2.937     5.594   266.637   306.456    79.169   902.404    32.125   200.422
    32.500     5.981     5.364    32.617    33.638     2.865     5.666   266.629   306.193    79.184   902.284    32.375   200.386
    32.750     5.876     5.360    32.592    33.614     2.832     5.594   266.620   306.244    79.204   902.141    32.625   200.357
    33.000     6.027     5.356    32.564    33.590     2.779     5.611   266.611   306.216    79.224   902.164    32.875   200.327
    33.250     5.981     5.353    32.538    33.566     2.746     5.580   266.602   306.166    79.238   902.093    33.125   200.299
    33.500     5.932     5.309    32.510    33.541     2.712     5.561   266.595   306.079    79.264   902.126    33.375   200.280
    33.750     6.079     5.342    32.485    33.517     2.644     5.551   266.587   306.132    79.250   902.136    33.625   200.272
    34.000     5.970     5.339    32.459    33.493     2.619     5.499   266.577   306.080    79.264   902.093    33.875   200.265
    34.250     5.910     5.276    32.431    33.469     2.565     5.539   266.569   306.035    79.286   902.132    34.125   200.243
    34.500     6.084     5.333    32.404    33.445     2.515     5.546   266.560   306.016    79.299   902.129    34.375   200.234
    34.750     5.904     5.286    32.377    33.421     2.476     5.520   266.551   306.040    79.314   902.120    34.625   200.211
    35.000     5.969     5.282    32.350    33.396     2.430     5.521   266.543   306.102    79.332   902.121    34.875   200.188
    35.250     5.928     5.319    32.326    33.373     2.391     5.500   266.535   305.947    79.341   901.968    35.125   200.162
    35.500     5.929     5.314    32.298    33.349     2.358     5.477   266.527   306.046    79.353   901.919    35.375   200.153
    35.750     6.001     5.312    32.269    33.325     2.326     5.445   266.517   306.144    79.381   902.026    35.625   200.143
    36.000     5.920     5.305    32.246    33.301     2.271     5.397   266.508   306.186    79.366   901.976    35.875   200.126
    36.250     6.045     5.301    32.217    33.277     2.237     5.376   266.499   306.097    79.384   902.068    36.125   200.127
    36.500     5.860     5.294    32.192    33.254     2.190     5.378   266.491   306.145    79.397   901.979    36.375   200.110
    36.750     5.963     5.293    32.165    33.229     2.152     5.365   266.483   306.103    79.411   901.973    36.625   200.084
    37.000     5.882     5.286    32.139    33.206     2.115     5.339   266.473   306.124    79.429   901.933    36.875   200.058
    37.250     5.952     5.283    32.111    33.182     2.076     5.325   266.464   306.189    79.442   901.943    37.125   200.046
    37.500     5.952     5.278    32.084    33.158     2.056     5.253   266.456   306.091    79.457   901.868    37.375   200.019
    37.750     5.794     5.275    32.060    33.134     2.026     5.225   266.448   305.991    79.465   901.741    37.625   200.014
    38.000     5.974     5.274    32.031    33.110     1.991     5.216   266.438   306.133    79.452   901.928    37.875   200.109
    38.250     5.892     5.270    32.003    33.086     1.950     5.218   266.430   305.969    79.447   902.072    38.125   200.186
    38.500     5.894     5.263    31.979    33.062     1.893     5.179   266.421   306.079    79.417   902.089    38.375   200.203
    38.750     5.989     5.259    31.951    33.038     1.861     5.156   266.412   305.888    79.411   902.238    38.625   200.258
    39.000     5.742     5.214    31.926    33.014     1.821     5.147   266.404   305.949    79.412   902.219    38.875   200.280
    39.250     5.873     5.252    31.900    32.990     1.786     5.139   266.396   305.862    79.416   902.129    39.125   200.276
    39.500     5.872     5.249    31.872    32.965     1.738     5.144   266.387   305.873    79.400   902.249    39.375   200.356
    39.750     5.847     5.242    31.845    32.941     1.716     5.079   266.379   305.822    79.388   902.322    39.625   200.434
    40.000     5.798     5.182    31.815    32.916     1.681     5.077   266.370   305.916    79.382   902.503    39.875   200.497
    40.250     5.958     5.231    31.789    32.892     1.689     4.953   266.360   305.893    79.350   902.567    40.125   200.572
    40.500     5.921     5.224    31.763    32.868     1.642     4.926   266.351   305.949    79.326   902.701    40.375   200.603
    40.750     5.793     5.227    31.739    32.844     1.597     4.930   266.343   305.821    79.323   902.665    40.625   200.638
    41.000     5.885     5.222    31.708    32.819     1.588     4.874   266.335   305.750    79.333   902.894    40.875   200.685
    41.250     5.869     5.213    31.684    32.795     1.534     4.854   266.326   305.912    79.294   902.964    41.125   200.733
    41.500     5.801     5.215    31.656    32.770     1.547     4.812   266.316   305.699    79.304   902.953    41.375   200.782
    41.750     5.785     5.152    31.627    32.746     1.504     4.792   266.308   305.987    79.287   903.190    41.625   200.829
    42.000     5.843     5.133    31.596    32.722     1.502     4.771   266.299   305.967    79.311   903.290    41.875   200.885
    42.250     5.736     5.041    31.561    32.699     1.491     4.717   266.295   305.782    79.313   903.681    42.125   200.955
    42.500     5.908     5.043    31.529    32.674     1.477     4.704   266.283   305.728    79.327   903.822    42.375   201.051
    42.750     5.816     5.037    31.504    32.650     1.434     4.667   266.277   306.468    79.291   903.852    42.625   201.081
    43.000     5.943     5.030    31.475    32.626     1.383     4.652   266.268   306.504    79.266   904.080    42.875   201.149
    43.250     5.762     5.032    31.453    32.602     1.331     4.645   266.259   306.522    79.254   903.922    43.125   201.156
    43.500     5.852     5.023    31.423    32.578     1.282     4.630   266.250   306.393    79.238   904.239    43.375   201.235
    43.750     5.892     5.021    31.395    32.554     1.256     4.599   266.241   306.518    79.215   904.307    43.625   201.302
    44.000     5.858     5.014    31.368    32.529     1.200     4.586   266.231   306.576    79.212   904.472    43.875   201.270
    44.250     5.830     5.012    31.340    32.504     1.178     4.552   266.222   306.576    79.202   904.551    44.125   201.324
    44.500     5.815     5.163    31.331    32.479     1.141     4.515   266.208   305.882    79.127   903.906    44.375   201.310
    44.750     5.802     5.160    31.302    32.453     1.137     4.466   266.200   306.005    79.131   904.086    44.625   201.353
    45.000     5.668     5.131    31.279    32.427     1.134     4.411   266.191   305.889    79.100   903.977    44.875   201.333
    45.250     6.088     5.124    31.237    32.400     1.222     4.331   266.179   306.183    79.103   904.306    45.125   201.404
    45.500     6.160     5.123    31.203    32.370     1.337     4.222   266.162   305.158    79.048   904.564    45.375   201.439
    45.750     5.939     5.114    31.179    32.344     1.402     4.124   266.151   305.134    78.994   904.787    45.625   201.458
    46.000     5.961     5.109    31.144    32.318     1.492     4.029   266.142   305.178    79.031   905.200    45.875   201.512
    46.250     5.653     5.108    31.130    32.293     1.479     3.962   266.133   305.210    78.988   905.002    46.125   201.500
    46.500     5.680     5.105    31.106    32.268     1.482     3.907   266.125   305.256    78.978   905.041    46.375   201.500
    46.750     5.829     5.100    31.076    32.242     1.505     3.858   266.115   305.228    78.966   905.168    46.625   201.521
    47.000     5.831     5.097    31.047    32.216     1.520     3.821   266.105   306.048    78.960   905.332    46.875   201.536
    47.250     5.787     5.092    31.019    32.191     1.532     3.788   266.096   305.250    78.949   905.390    47.125   201.550
    47.500     5.803     5.085    30.989    32.166     1.534     3.761   266.087   305.387    78.951   905.531    47.375   201.565
    47.750     5.658     5.083    30.966    32.141     1.509     3.739   266.078   305.266    78.916   905.495    47.625   201.569
    48.000     5.737     5.078    30.939    32.115     1.501     3.717   266.068   305.266    78.902   905.546    47.875   201.581
    48.250     5.865     5.053    30.892    32.090     1.543     3.695   266.061   306.014    78.963   906.192    48.125   201.668
    48.500     6.065     5.069    30.868    32.060     1.569     3.666   266.042   304.958    78.876   906.069    48.375   201.678
    48.750     5.801     5.059    30.842    32.034     1.573     3.644   266.032   304.985    78.826   906.256    48.625   201.731
    49.000     5.732     5.051    30.822    32.009     1.552     3.626   266.024   305.122    78.775   906.326    48.875   201.717
    49.250     5.790     5.046    30.800    31.985     1.524     3.609   266.016   305.319    78.739   906.492    49.125   201.739
    49.500     5.764     5.043    30.770    31.963     1.512     3.590   266.008   305.429    78.759   906.787    49.375   201.802
    49.750     5.580     5.044    30.760    31.941     1.436     3.575   265.999   306.337    78.702   906.556    49.625   201.798
    50.000     5.577     5.044    30.740    31.919     1.383     3.557   265.992   305.549    78.698   906.465    49.875   201.811
