  1000.000     3.149     3.032    -0.000     0.641    -1.425    -0.993     2.643     0.000     0.000     0.000     0.000     0.000     0.000   291.118     0.000   0.00E+00    -0.761     0.278   276.256
   950.000    -0.949     2.873     0.001     0.812     0.585    -1.434     0.578     0.000    18.964     0.000   -14.005     0.000     0.001   291.127     0.000   0.43E-07    -1.094     0.311   272.245
   900.000    -4.716     2.050    -0.106     0.735     1.422    -1.449     0.000     0.000    18.958    -0.001   -13.970     0.001     2.188   288.395     0.003   0.55E-01    -0.323     0.339   268.378
   850.000    -8.263     1.367     0.372     0.654     1.487    -1.517     0.000     0.000    17.634    -2.183   -10.171     2.618     2.299   286.862     0.046   0.29E+00     0.212     0.371   265.344
   800.000   -11.909     0.860     0.587     0.543     1.586    -1.618     0.000     0.000    16.133    -2.299    -7.498     2.751     1.434   286.161     0.017   0.27E+00     0.609     0.402   262.006
   750.000   -15.695     0.451     0.555     0.403     1.561    -1.595     0.000     0.000    14.893    -1.434    -6.061     2.110     0.550   285.836     0.003   0.17E+00     0.829     0.425   258.320
   700.000   -19.666     0.232     0.362     0.289     1.454    -1.490     0.000     0.000    14.478    -0.512    -4.957     1.836     0.491   286.180     0.002   0.13E+00     0.809     0.436   254.240
   650.000   -24.119     0.128     0.163     0.219     1.297    -1.336     0.000     0.000    14.151    -0.443    -4.061     1.690     0.398   286.690     0.003   0.10E+00     0.680     0.436   249.720
   600.000   -29.024     0.068    -0.029     0.181     1.103    -1.145     0.000     0.000    13.979    -0.350    -3.132     1.639     0.433   287.147     0.005   0.86E-01     0.498     0.426   244.720
   550.000   -34.407     0.026    -0.179     0.157     0.766    -0.811     0.000     0.000    13.898    -0.392    -2.251     1.836     0.119   287.904     0.008   0.80E-01     0.333     0.405   239.201
   500.000   -40.433     0.020    -0.234     0.195     0.614    -0.664     0.000     0.000    14.580    -0.083    -1.361     2.284     0.028   288.423     0.013   0.47E-01     0.192     0.371   233.129
   450.000   -47.099     0.017    -0.240     0.326     0.580    -0.634     0.000     0.000    16.156     0.000    -0.596     3.174     0.153   288.663     0.044   0.83E-01     0.081     0.329   226.462
   400.000   -54.415     0.014    -0.268     0.546     0.444    -0.503     0.000     0.000    18.656    -0.000    -0.193     4.829     1.103   289.099     0.136   0.78E-01     0.024     0.279   219.138
   350.000   -62.507     0.013    -0.287     0.879     0.386    -0.450    -0.000     0.000     7.446     0.000    -0.033     1.854    12.316   289.298     0.279   0.22E-01     0.002     0.216   211.060
   300.000   -71.120     0.005    -0.516     1.011     0.108    -0.177     0.000     0.000     0.701     0.000    -0.002     0.119     6.828   289.548     0.448   0.44E-02    -0.000     0.105   202.062
   250.000   -74.865     0.003    -4.000     1.002    -0.001    -0.056     0.000     0.000     0.001     0.000    -0.000     0.000     0.700   294.268     0.453   0.37E-03    -0.000     0.017   191.701
   200.000   -73.369     0.001    -4.000     0.172     0.000    -0.028     0.000     0.000     0.000     0.000    -0.000     0.000     0.001   308.338     0.000   0.53E-06    -0.000     0.000   179.073
   150.000   -73.889     0.001    -4.000     0.138     0.000    -0.002     0.000     0.000     0.000     0.000     0.000     0.000     0.000   323.483     0.000   0.00E+00     0.000     0.000   162.805
   100.000   -72.097     0.001    -4.000     0.077     0.000     0.003     0.000     0.000     0.000     0.000     0.000     0.000     0.000   347.890     0.000   0.00E+00     0.000     0.000   139.947
    80.000   -68.660     0.001    -4.000     0.040     0.000     0.011     0.000     0.000     0.000     0.000     0.000     0.000     0.000   363.373     0.000   0.00E+00     0.000     0.000     0.000
    60.000   -60.950     0.001     0.000     0.012     0.000     0.030     0.000     0.000     0.000     0.000     0.000     0.000     0.000   387.365     0.000   0.00E+00     0.000     0.000     0.000
    40.000   -50.693     0.001     0.000     0.003     0.000     0.056     0.000     0.000     0.000     0.000     0.000     0.000     0.000   422.241     0.000   0.00E+00     0.000     0.000     0.000
    30.000   -42.448     0.001     0.000     0.001     0.000     0.077     0.000     0.000     0.000     0.000     0.000     0.000     0.000   448.543     0.000   0.00E+00     0.000     0.000     0.000
    25.000   -26.089     0.001     0.000     0.000     0.000     0.118     0.000     0.000     0.000     0.000     0.000     0.000     0.000   476.792     0.000   0.00E+00    -0.001     0.000     0.000
