  1000.000     3.034     3.000    -0.001     0.692    -1.514    -1.335     2.700     0.000     0.000     0.000     0.000     0.000     0.000   324.920     0.000   0.00E+00    -1.471     0.374   276.140
   950.000    -1.064     2.841     0.011     0.867     1.411    -1.185    -0.197     0.000    15.396     0.000   -13.347     0.000     0.000   324.867     0.001   0.61E-05    -3.306     0.408   272.131
   900.000    -4.844     2.019    -0.065     0.764     1.415    -1.471     0.000     0.000    15.394     0.000   -10.833     0.000     1.641   319.646     0.002   0.89E-01    -1.600     0.437   268.257
   850.000    -8.393     1.346     0.421     0.701     1.415    -1.472     0.000     0.000    14.334    -1.639    -8.566     1.960     1.592   316.864     0.029   0.23E+00    -0.842     0.471   265.217
   800.000   -12.038     0.851     0.668     0.618     1.516    -1.575     0.000     0.000    13.220    -1.585    -6.516     1.992     1.121   314.768     0.013   0.23E+00    -0.236     0.502   261.872
   750.000   -15.827     0.486     0.720     0.519     1.534    -1.594     0.000     0.000    12.264    -1.012    -5.365     1.570     0.517   313.894     0.004   0.18E+00     0.183     0.525   258.179
   700.000   -19.896     0.240     0.649     0.438     1.503    -1.563     0.000     0.000    11.873    -0.373    -4.551     1.386     0.458   312.579     0.004   0.15E+00     0.370     0.536   254.092
   650.000   -24.318     0.111     0.545     0.386     1.443    -1.505     0.000     0.000    11.562    -0.306    -3.870     1.288     0.398   312.374     0.014   0.12E+00     0.431     0.538   249.568
   600.000   -29.167     0.055     0.410     0.354     1.347    -1.411     0.000     0.000    11.354    -0.245    -3.180     1.240     0.419   312.663     0.077   0.16E+00     0.339     0.529   244.563
   550.000   -34.550     0.025     0.282     0.327     1.142    -1.207     0.000     0.000    11.227    -0.274    -2.509     1.389     0.169   312.922     0.083   0.19E+00     0.227     0.510   239.041
   500.000   -40.595     0.019     0.234     0.346     1.084    -1.152     0.000     0.000    11.687    -0.042    -1.783     1.734     0.117   312.544     0.085   0.17E+00     0.103     0.480   232.968
   450.000   -47.262     0.016     0.252     0.421     1.120    -1.190     0.000     0.000    12.702     0.000    -1.096     2.373     0.280   312.167     0.102   0.24E+00     0.006     0.440   226.302
   400.000   -54.580     0.014     0.259     0.547     1.082    -1.158     0.002     0.000    14.833     0.000    -0.628     3.898     0.825   312.144     0.159   0.24E+00    -0.075     0.387   218.982
   350.000   -62.671     0.013    -0.254     0.782     1.003    -1.066    -0.008     0.000     5.784    -0.000    -0.347     1.118     9.694   311.188     0.270   0.17E+00     0.044     0.322   210.909
   300.000   -71.260     0.004    -1.337     0.848     0.818    -0.910     0.011     0.000     2.038    -0.003    -0.190     0.317     3.955   311.172     0.373   0.12E+00     0.073     0.227   201.917
   250.000   -74.946     0.003    -4.000     0.855     0.767    -0.745    -0.065     0.000     1.129    -0.000    -0.080     0.178     1.023   314.339     0.316   0.51E-01     0.093     0.151   191.560
   200.000   -73.567     0.001    -4.000     0.358     0.446    -0.569     0.046     0.000     0.628    -0.000    -0.033     0.102     0.562   324.041     0.066   0.33E-01     0.063     0.114   178.942
   150.000   -74.123     0.001    -4.000     0.306     0.244    -0.307     0.015     0.000     0.311     0.000    -0.011     0.050     0.350   336.239     0.055   0.18E-01    -0.001     0.079   162.692
   100.000   -72.258     0.001    -4.000     0.178     0.046    -0.061     0.000     0.000     0.000     0.000    -0.000     0.000     0.311   356.985     0.035   0.47E-02    -0.000     0.044   139.855
    80.000   -68.785     0.001    -4.000     0.034     0.000     0.001     0.000     0.000     0.000     0.000     0.000     0.000     0.000   373.984     0.000   0.12E-09    -0.000     0.000     0.000
    60.000   -61.035     0.001     0.000     0.008     0.000     0.015     0.000     0.000     0.000     0.000     0.000     0.000     0.000   399.004     0.000   0.00E+00     0.000     0.000     0.000
    40.000   -50.747     0.001     0.000     0.002     0.000     0.028     0.000     0.000     0.000     0.000     0.000     0.000     0.000   433.837     0.000   0.00E+00     0.000     0.000     0.000
    30.000   -42.481     0.001     0.000     0.001     0.000     0.038     0.000     0.000     0.000     0.000     0.000     0.000     0.000   459.171     0.000   0.00E+00     0.000     0.000     0.000
    25.000   -26.081     0.001     0.000     0.000     0.000     0.059     0.000     0.000     0.000     0.000     0.000     0.000     0.000   485.724     0.000   0.00E+00    -0.001     0.000     0.000
