     0.250     0.039     3.432    25.601    26.288    -7.724     3.466   265.018   279.621    45.992   982.954     0.125   234.117
     0.500     4.766     3.485    25.489    26.552    -7.309     3.273   265.007   280.801    49.435   977.888     0.375   231.101
     0.750     4.586     3.624    25.554    26.769    -7.102     3.278   264.989   281.262    52.871   972.308     0.625   226.854
     1.000     4.998     3.681    25.633    26.946    -6.882     3.163   264.966   282.487    55.472   967.687     0.875   224.094
     1.250     5.146     3.757    25.695    27.089    -6.771     3.079   264.945   283.510    57.602   963.751     1.125   221.856
     1.500     5.019     3.820    25.751    27.204    -6.683     3.015   264.932   284.107    59.489   959.926     1.375   219.651
     1.750     4.930     3.879    25.813    27.298    -6.596     2.960   264.916   284.597    61.167   956.203     1.625   217.560
     2.000     4.992     3.932    25.876    27.372    -6.579     2.937   264.907   285.429    62.439   953.329     1.875   216.171
     2.250     5.097     3.973    25.928    27.430    -6.553     2.887   264.896   285.958    63.510   950.858     2.125   214.940
     2.500     4.831     4.035    25.976    27.478    -6.575     2.845   264.887   286.503    64.481   948.323     2.375   213.717
     2.750     4.887     4.029    26.008    27.517    -6.568     2.888   264.878   287.115    65.333   946.079     2.625   212.593
     3.000     4.965     4.051    26.037    27.548    -6.561     2.908   264.869   287.575    66.083   944.001     2.875   211.538
     3.250     4.978     4.067    26.064    27.574    -6.542     2.870   264.860   288.052    66.675   942.274     3.125   210.776
     3.500     5.593     4.159    26.076    27.593    -6.484     2.776   264.848   288.776    67.122   941.288     3.375   210.269
     3.750     5.417     4.091    26.083    27.606    -6.386     2.631   264.830   289.739    67.479   940.597     3.625   209.846
     4.000     5.053     4.100    26.099    27.618    -6.441     2.594   264.823   290.225    67.827   939.554     3.875   209.415
     4.250     5.090     4.107    26.106    27.626    -6.445     2.523   264.809   290.814    68.153   938.557     4.125   209.013
     4.500     5.020     4.113    26.112    27.632    -6.459     2.458   264.801   291.414    68.434   937.673     4.375   208.661
     4.750     4.961     4.120    26.114    27.636    -6.482     2.461   264.790   291.911    68.696   936.829     4.625   208.351
     5.000     5.021     4.203    26.121    27.636    -6.560     2.566   264.782   291.038    68.946   935.786     4.875   208.011
     5.250     4.838     4.133    26.110    27.634    -6.541     2.523   264.772   292.590    69.166   935.302     5.125   207.770
     5.500     4.987     4.213    26.115    27.630    -6.596     2.493   264.762   292.884    69.348   934.345     5.375   207.495
     5.750     4.871     4.218    26.108    27.623    -6.609     2.499   264.753   291.995    69.544   933.651     5.625   207.255
     6.000     4.783     4.222    26.102    27.615    -6.644     2.534   264.744   292.223    69.703   933.012     5.875   207.036
     6.250     4.867     4.225    26.086    27.604    -6.659     2.606   264.735   292.485    69.854   932.567     6.125   206.858
     6.500     4.888     4.227    26.071    27.592    -6.686     2.664   264.726   292.759    69.995   932.033     6.375   206.669
     6.750     4.921     4.228    26.054    27.579    -6.752     2.681   264.715   293.269    70.101   931.667     6.625   206.511
     7.000     5.003     4.218    26.037    27.563    -6.753     2.698   264.705   293.863    70.161   931.399     6.875   206.362
     7.250     4.988     4.229    26.038    27.551    -6.765     2.614   264.696   294.747    70.206   930.986     7.125   206.205
     7.500     4.953     4.232    26.044    27.540    -6.769     2.467   264.687   295.575    70.250   930.777     7.375   206.109
     7.750     4.769     4.134    26.025    27.527    -6.755     2.453   264.681   296.758    70.424   930.786     7.625   206.074
     8.000     4.691     4.222    26.024    27.511    -6.798     2.398   264.671   296.279    70.518   930.278     7.875   205.978
     8.250     4.559     4.147    26.002    27.493    -6.801     2.321   264.665   296.841    70.624   930.122     8.125   205.933
     8.500     4.684     4.222    25.989    27.474    -6.860     2.242   264.663   297.176    70.680   929.720     8.375   205.842
     8.750     4.660     4.222    25.951    27.451    -6.900     2.199   264.654   296.826    70.754   929.577     8.625   205.792
     9.000     4.739     4.210    25.911    27.426    -6.946     2.195   264.643   296.668    70.773   929.503     8.875   205.725
     9.250     4.931     4.151    25.870    27.401    -6.952     2.171   264.633   296.723    70.748   929.524     9.125   205.673
     9.500     4.846     4.138    25.838    27.378    -6.987     2.113   264.622   296.569    70.740   929.512     9.375   205.608
     9.750     4.866     4.132    25.809    27.354    -7.013     2.079   264.609   296.623    70.755   929.329     9.625   205.523
    10.000     4.801     4.126    25.780    27.332    -7.042     2.058   264.602   296.474    70.774   929.286     9.875   205.458
    10.250     4.752     4.158    25.755    27.309    -7.085     2.051   264.590   296.430    70.789   929.173    10.125   205.384
    10.500     4.718     4.153    25.730    27.285    -7.122     2.041   264.581   296.406    70.815   929.103    10.375   205.314
    10.750     4.727     4.175    25.705    27.262    -7.164     2.038   264.571   296.265    70.838   928.990    10.625   205.241
    11.000     4.669     4.146    25.679    27.237    -7.199     2.032   264.565   296.208    70.849   928.931    10.875   205.185
    11.250     4.648     4.108    25.652    27.213    -7.218     2.021   264.555   296.183    70.858   928.862    11.125   205.137
    11.500     4.579     4.104    25.628    27.188    -7.272     2.022   264.547   296.172    70.871   928.777    11.375   205.080
    11.750     4.695     4.102    25.601    27.163    -7.319     2.019   264.539   295.989    70.875   928.760    11.625   205.034
    12.000     4.599     4.100    25.575    27.137    -7.361     2.016   264.530   296.018    70.873   928.718    11.875   204.999
    12.250     4.640     4.096    25.547    27.111    -7.392     2.004   264.521   296.022    70.877   928.723    12.125   204.961
    12.500     4.647     4.137    25.522    27.085    -7.452     2.005   264.514   295.960    70.866   928.698    12.375   204.927
    12.750     4.623     4.090    25.494    27.058    -7.487     1.996   264.507   295.866    70.852   928.704    12.625   204.890
    13.000     4.569     4.087    25.467    27.031    -7.527     1.987   264.499   295.949    70.836   928.709    12.875   204.873
    13.250     4.678     4.082    25.438    27.004    -7.574     1.980   264.490   295.875    70.807   928.775    13.125   204.854
    13.500     4.566     4.131    25.412    26.977    -7.632     1.977   264.482   295.873    70.804   928.747    13.375   204.818
    13.750     4.583     4.111    25.384    26.950    -7.675     1.969   264.475   295.918    70.793   928.762    13.625   204.781
    14.000     4.609     4.115    25.355    26.923    -7.708     1.958   264.466   295.929    70.774   928.806    13.875   204.769
    14.250     4.574     4.067    25.326    26.895    -7.748     1.948   264.458   295.883    70.739   928.889    14.125   204.765
    14.500     4.680     4.098    25.298    26.868    -7.797     1.940   264.451   295.789    70.710   928.929    14.375   204.741
    14.750     4.515     4.059    25.269    26.841    -7.839     1.929   264.444   295.776    70.687   928.995    14.625   204.730
    15.000     4.581     4.054    25.239    26.813    -7.869     1.913   264.433   295.892    70.666   929.057    14.875   204.716
    15.250     4.588     4.051    25.212    26.786    -7.915     1.902   264.428   295.821    70.627   929.087    15.125   204.711
    15.500     4.565     4.045    25.183    26.759    -7.961     1.894   264.419   295.776    70.599   929.165    15.375   204.694
    15.750     4.587     4.043    25.155    26.731    -8.009     1.883   264.411   295.908    70.576   929.234    15.625   204.681
    16.000     4.647     4.100    25.126    26.704    -8.042     1.871   264.403   295.880    70.559   929.257    15.875   204.656
    16.250     4.488     4.033    25.098    26.676    -8.087     1.862   264.394   295.811    70.518   929.320    16.125   204.648
    16.500     4.550     4.030    25.070    26.649    -8.130     1.851   264.385   295.822    70.499   929.367    16.375   204.630
    16.750     4.551     4.025    25.042    26.622    -8.184     1.846   264.379   295.753    70.467   929.414    16.625   204.609
    17.000     4.558     4.054    25.015    26.595    -8.232     1.835   264.368   295.805    70.439   929.459    16.875   204.588
    17.250     4.528     4.079    24.988    26.568    -8.280     1.828   264.361   295.754    70.422   929.451    17.125   204.566
    17.500     4.521     4.048    24.959    26.540    -8.326     1.820   264.355   295.819    70.387   929.530    17.375   204.556
    17.750     4.512     4.009    24.929    26.513    -8.351     1.801   264.347   295.852    70.348   929.683    17.625   204.562
    18.000     4.552     4.047    24.901    26.486    -8.407     1.797   264.339   295.878    70.332   929.740    17.875   204.538
    18.250     4.555     4.035    24.873    26.459    -8.450     1.786   264.331   295.845    70.283   929.810    18.125   204.542
    18.500     4.508     4.031    24.844    26.431    -8.490     1.770   264.323   295.774    70.259   929.865    18.375   204.526
    18.750     4.565     4.052    24.815    26.404    -8.524     1.758   264.314   295.692    70.233   929.913    18.625   204.504
    19.000     4.399     4.032    24.790    26.377    -8.580     1.752   264.308   295.779    70.212   929.920    18.875   204.497
    19.250     4.132     4.056    24.766    26.349    -8.641     1.751   264.302   295.487    70.208   929.860    19.125   204.518
    19.500     4.176     4.039    24.733    26.318    -8.686     1.738   264.302   295.522    70.201   929.887    19.375   204.535
    19.750     4.248     3.991    24.697    26.287    -8.722     1.738   264.298   295.566    70.155   929.990    19.625   204.552
    20.000     4.459     4.056    24.662    26.256    -8.759     1.776   264.291   295.527    70.101   930.067    19.875   204.551
    20.250     4.421     4.012    24.628    26.225    -8.789     1.762   264.282   295.565    70.037   930.212    20.125   204.563
    20.500     4.457     4.003    24.596    26.196    -8.822     1.743   264.276   295.450    69.968   930.356    20.375   204.579
    20.750     4.583     4.025    24.565    26.167    -8.863     1.746   264.268   295.501    69.903   930.480    20.625   204.585
    21.000     4.413     3.991    24.536    26.138    -8.928     1.791   264.260   295.528    69.847   930.603    20.875   204.597
    21.250     4.521     3.986    24.506    26.110    -8.962     1.749   264.250   295.747    69.793   930.704    21.125   204.604
    21.500     4.496     4.027    24.487    26.083    -9.048     1.768   264.243   294.894    69.719   930.638    21.375   204.589
    21.750     4.434     4.024    24.457    26.055    -9.088     1.805   264.235   294.914    69.685   930.761    21.625   204.611
    22.000     4.445     4.018    24.430    26.027    -9.134     1.796   264.227   295.257    69.630   930.856    21.875   204.618
    22.250     4.464     4.015    24.401    26.000    -9.170     1.785   264.219   295.137    69.587   930.973    22.125   204.632
    22.500     4.469     4.009    24.371    25.972    -9.188     1.708   264.212   295.206    69.537   931.115    22.375   204.642
    22.750     4.378     4.007    24.350    25.945    -9.276     1.736   264.203   295.268    69.475   931.118    22.625   204.641
    23.000     4.512     3.995    24.313    25.917    -9.277     1.690   264.196   295.199    69.445   931.348    22.875   204.661
    23.250     4.375     3.998    24.292    25.890    -9.359     1.700   264.187   295.239    69.380   931.328    23.125   204.660
    23.500     4.484     3.987    24.257    25.862    -9.369     1.672   264.179   295.148    69.336   931.653    23.375   204.692
    23.750     4.381     3.991    24.234    25.834    -9.450     1.676   264.171   295.969    69.275   931.641    23.625   204.687
    24.000     4.406     3.987    24.206    25.807    -9.498     1.694   264.162   296.014    69.228   931.746    23.875   204.697
    24.250     4.437     3.981    24.173    25.779    -9.507     1.632   264.155   294.977    69.187   931.914    24.125   204.717
    24.500     4.416     3.977    24.144    25.751    -9.571     1.678   264.146   295.444    69.142   932.033    24.375   204.728
    24.750     4.355     3.974    24.120    25.723    -9.628     1.620   264.138   295.120    69.077   932.066    24.625   204.727
    25.000     4.384     3.970    24.089    25.696    -9.655     1.612   264.130   295.843    69.041   932.206    24.875   204.743
    25.250     4.422     3.959    24.055    25.668    -9.680     1.594   264.123   294.954    68.999   932.422    25.125   204.760
    25.500     4.313     3.963    24.035    25.640    -9.767     1.615   264.114   295.377    68.927   932.352    25.375   204.750
    25.750     4.489     3.950    23.996    25.612    -9.774     1.612   264.107   294.790    68.898   932.668    25.625   204.776
    26.000     4.326     3.953    23.972    25.584    -9.835     1.614   264.099   294.956    68.845   932.670    25.875   204.779
    26.250     4.366     3.949    23.943    25.556    -9.886     1.636   264.090   294.935    68.784   932.874    26.125   204.796
    26.500     4.329     3.944    23.919    25.529    -9.952     1.609   264.082   295.380    68.715   932.922    26.375   204.798
    26.750     4.413     3.940    23.886    25.501    -9.982     1.618   264.074   295.046    68.680   933.110    26.625   204.813
    27.000     4.359     3.935    23.861    25.473   -10.046     1.580   264.066   294.982    68.612   933.192    26.875   204.815
    27.250     4.381     3.933    23.831    25.445   -10.083     1.551   264.057   295.856    68.567   933.323    27.125   204.819
    27.500     4.304     3.928    23.804    25.418   -10.126     1.524   264.049   295.123    68.516   933.396    27.375   204.828
    27.750     4.365     3.926    23.775    25.390   -10.168     1.530   264.041   294.915    68.469   933.530    27.625   204.834
    28.000     4.366     3.901    23.736    25.362   -10.175     1.504   264.033   295.582    68.439   933.861    27.875   204.862
    28.250     4.335     3.879    23.706    25.334   -10.217     1.483   264.026   295.583    68.388   933.984    28.125   204.869
    28.500     4.338     3.874    23.677    25.306   -10.262     1.464   264.017   295.464    68.337   934.088    28.375   204.875
    28.750     4.318     3.830    23.647    25.278   -10.300     1.442   264.010   295.484    68.291   934.215    28.625   204.881
    29.000     4.385     3.868    23.619    25.250   -10.355     1.445   264.000   295.382    68.241   934.298    28.875   204.884
    29.250     4.312     3.864    23.590    25.222   -10.404     1.434   263.990   295.315    68.193   934.444    29.125   204.895
    29.500     4.309     3.861    23.562    25.194   -10.443     1.416   263.984   295.424    68.141   934.521    29.375   204.899
    29.750     4.291     3.849    23.531    25.165   -10.487     1.423   263.977   295.348    68.094   934.670    29.625   204.910
    30.000     4.314     3.879    23.503    25.137   -10.538     1.419   263.966   295.194    68.047   934.745    29.875   204.911
    30.250     4.262     3.857    23.474    25.109   -10.579     1.394   263.958   295.164    67.994   934.852    30.125   204.918
    30.500     4.304     3.879    23.450    25.080   -10.632     1.410   263.951   294.063    67.936   934.821    30.375   204.911
    30.750     4.252     3.875    23.422    25.052   -10.675     1.392   263.944   294.122    67.886   934.935    30.625   204.918
    31.000     4.267     3.871    23.391    25.024   -10.720     1.407   263.935   294.321    67.837   935.117    30.875   204.931
    31.250     4.205     3.868    23.366    24.995   -10.780     1.416   263.928   294.414    67.779   935.143    31.125   204.933
    31.500     4.272     3.863    23.340    24.967   -10.845     1.434   263.920   294.470    67.716   935.241    31.375   204.931
    31.750     4.318     3.858    23.305    24.938   -10.875     1.439   263.911   294.343    67.687   935.440    31.625   204.933
    32.000     4.232     3.854    23.277    24.911   -10.916     1.396   263.903   294.438    67.634   935.526    31.875   204.932
    32.250     4.245     3.850    23.248    24.883   -10.969     1.393   263.896   294.201    67.584   935.659    32.125   204.937
    32.500     4.186     3.848    23.225    24.854   -11.045     1.403   263.888   294.214    67.528   935.660    32.375   204.932
    32.750     4.276     3.843    23.190    24.826   -11.061     1.385   263.881   294.195    67.493   935.855    32.625   204.937
    33.000     4.286     3.830    23.160    24.798   -11.103     1.365   263.872   295.130    67.430   936.103    32.875   204.942
    33.250     4.170     3.832    23.138    24.770   -11.186     1.377   263.863   295.148    67.378   935.984    33.125   204.929
    33.500     4.301     3.828    23.104    24.742   -11.196     1.344   263.856   294.139    67.331   936.287    33.375   204.941
    33.750     4.243     3.822    23.079    24.715   -11.257     1.344   263.847   294.290    67.269   936.349    33.625   204.934
    34.000     4.166     3.746    23.043    24.687   -11.266     1.318   263.839   295.168    67.239   936.616    33.875   204.944
    34.250     4.252     3.809    23.019    24.660   -11.302     1.268   263.831   294.067    67.185   936.566    34.125   204.946
    34.500     4.125     3.816    22.995    24.633   -11.372     1.296   263.823   294.193    67.144   936.578    34.375   204.941
    34.750     4.186     3.811    22.961    24.604   -11.392     1.292   263.817   293.831    67.111   936.722    34.625   204.945
    35.000     4.199     3.801    22.927    24.576   -11.442     1.303   263.809   294.859    67.073   936.984    34.875   204.961
    35.250     4.186     3.730    22.897    24.547   -11.491     1.273   263.800   294.815    67.027   937.139    35.125   204.955
    35.500     4.276     3.776    22.869    24.519   -11.550     1.268   263.792   294.669    66.978   937.214    35.375   204.952
    35.750     4.135     3.748    22.840    24.491   -11.596     1.243   263.784   294.581    66.937   937.317    35.625   204.952
    36.000     4.169     3.793    22.817    24.463   -11.623     1.181   263.776   293.336    66.886   937.234    35.875   204.934
    36.250     4.105     3.791    22.787    24.434   -11.676     1.270   263.768   294.428    66.858   937.336    36.125   204.936
    36.500     4.075     3.787    22.761    24.406   -11.735     1.271   263.762   293.397    66.804   937.366    36.375   204.927
    36.750     4.153     3.783    22.732    24.377   -11.782     1.253   263.754   293.461    66.756   937.479    36.625   204.924
    37.000     4.171     3.778    22.704    24.348   -11.834     1.270   263.746   293.595    66.705   937.599    36.875   204.920
    37.250     4.164     3.765    22.671    24.320   -11.856     1.233   263.739   293.409    66.661   937.752    37.125   204.917
    37.500     4.114     3.769    22.642    24.292   -11.894     1.210   263.733   293.309    66.623   937.840    37.375   204.916
    37.750     4.087     3.766    22.619    24.264   -11.972     1.225   263.723   294.017    66.564   937.846    37.625   204.908
    38.000     4.161     3.762    22.590    24.236   -12.024     1.220   263.715   294.020    66.518   937.965    37.875   204.902
    38.250     4.166     3.757    22.557    24.208   -12.052     1.221   263.709   293.318    66.488   938.138    38.125   204.904
    38.500     4.062     3.748    22.530    24.180   -12.083     1.178   263.700   294.333    66.443   938.172    38.375   204.897
    38.750     4.056     3.752    22.505    24.152   -12.146     1.195   263.693   294.258    66.403   938.206    38.625   204.889
    39.000     4.167     3.746    22.469    24.124   -12.169     1.184   263.687   293.198    66.370   938.385    38.875   204.885
    39.250     4.089     3.743    22.444    24.096   -12.247     1.222   263.678   293.350    66.321   938.424    39.125   204.875
    39.500     4.152     3.738    22.416    24.068   -12.298     1.188   263.669   293.905    66.271   938.552    39.375   204.872
    39.750     4.151     3.723    22.381    24.041   -12.293     1.112   263.662   294.079    66.246   938.757    39.625   204.874
    40.000     4.013     3.732    22.357    24.013   -12.337     1.118   263.655   293.075    66.209   938.699    39.875   204.865
    40.250     4.102     3.716    22.323    23.985   -12.389     1.124   263.646   294.011    66.172   938.934    40.125   204.872
    40.500     4.135     3.723    22.298    23.957   -12.456     1.151   263.638   293.306    66.119   938.933    40.375   204.859
    40.750     4.086     3.712    22.270    23.929   -12.492     1.115   263.630   293.600    66.082   939.033    40.625   204.845
    41.000     3.981     3.711    22.245    23.902   -12.520     1.090   263.624   292.648    66.049   939.013    40.875   204.830
    41.250     4.006     3.715    22.220    23.874   -12.588     1.131   263.616   293.331    66.004   939.046    41.125   204.827
    41.500     4.141     3.709    22.185    23.845   -12.621     1.123   263.610   292.694    65.971   939.237    41.375   204.821
    41.750     4.075     3.705    22.158    23.818   -12.683     1.122   263.601   292.828    65.926   939.349    41.625   204.812
    42.000     4.053     3.694    22.129    23.790   -12.699     1.068   263.593   292.927    65.894   939.434    41.875   204.800
    42.250     3.987     3.686    22.101    23.762   -12.715     1.047   263.586   293.259    65.863   939.479    42.125   204.788
    42.500     3.895     3.681    22.068    23.734   -12.703     0.988   263.582   293.371    65.868   939.612    42.375   204.786
    42.750     3.852     3.662    22.034    23.704   -12.708     1.005   263.577   292.936    65.876   939.636    42.625   204.771
    43.000     3.816     3.629    22.001    23.672   -12.779     1.121   263.573   292.748    65.858   939.655    42.875   204.756
    43.250     3.928     3.685    21.972    23.641   -12.876     1.153   263.569   292.741    65.809   939.703    43.125   204.748
    43.500     3.970     3.678    21.943    23.611   -12.898     1.050   263.563   291.668    65.733   939.794    43.375   204.731
    43.750     4.109     3.675    21.908    23.582   -12.886     0.996   263.553   292.673    65.687   939.987    43.625   204.728
    44.000     3.911     3.676    21.886    23.554   -12.949     1.063   263.547   291.559    65.637   939.906    43.875   204.710
    44.250     3.972     3.672    21.856    23.525   -13.013     1.120   263.541   291.645    65.603   940.001    44.125   204.702
    44.500     4.002     3.630    21.824    23.496   -13.075     1.100   263.533   292.735    65.572   940.228    44.375   204.700
    44.750     3.987     3.637    21.795    23.468   -13.150     1.098   263.526   292.868    65.530   940.324    44.625   204.696
    45.000     4.056     3.645    21.766    23.440   -13.178     1.011   263.519   292.505    65.471   940.409    44.875   204.678
    45.250     4.002     3.651    21.743    23.414   -13.194     0.951   263.508   292.459    65.425   940.400    45.125   204.658
    45.500     3.936     3.650    21.715    23.387   -13.224     1.003   263.503   291.293    65.409   940.419    45.375   204.644
    45.750     3.900     3.649    21.689    23.359   -13.304     1.115   263.497   291.275    65.383   940.427    45.625   204.630
    46.000     3.925     3.647    21.661    23.331   -13.380     1.101   263.490   291.318    65.358   940.540    45.875   204.621
    46.250     4.011     3.630    21.629    23.304   -13.403     1.024   263.484   292.270    65.321   940.699    46.125   204.610
    46.500     4.028     3.622    21.600    23.278   -13.413     0.943   263.476   292.241    65.269   940.824    46.375   204.596
    46.750     3.978     3.630    21.576    23.253   -13.434     0.929   263.468   291.156    65.243   940.795    46.625   204.580
    47.000     3.950     3.630    21.548    23.226   -13.489     1.037   263.459   291.172    65.231   940.818    46.875   204.566
    47.250     3.856     3.629    21.524    23.199   -13.589     1.112   263.455   291.181    65.205   940.824    47.125   204.555
    47.500     3.962     3.589    21.492    23.172   -13.648     1.052   263.447   292.233    65.182   941.011    47.375   204.546
    47.750     4.012     3.609    21.466    23.145   -13.669     0.947   263.438   291.386    65.123   941.070    47.625   204.531
    48.000     4.038     3.600    21.437    23.120   -13.667     0.866   263.432   292.100    65.082   941.269    47.875   204.520
    48.250     3.968     3.571    21.408    23.094   -13.662     0.860   263.421   291.949    65.070   941.306    48.125   204.505
    48.500     3.908     3.571    21.381    23.068   -13.722     0.943   263.413   291.917    65.058   941.320    48.375   204.496
    48.750     3.843     3.563    21.357    23.041   -13.843     1.069   263.407   291.985    65.037   941.321    48.625   204.485
    49.000     3.964     3.567    21.330    23.014   -13.901     0.974   263.398   291.940    64.993   941.425    48.875   204.477
    49.250     3.992     3.585    21.302    22.988   -13.913     0.877   263.392   291.935    64.939   941.568    49.125   204.470
    49.500     4.000     3.560    21.274    22.962   -13.909     0.804   263.384   291.977    64.893   941.738    49.375   204.460
    49.750     4.000     3.580    21.246    22.936   -13.908     0.805   263.373   291.814    64.884   941.787    49.625   204.447
    50.000     3.873     3.552    21.220    22.909   -13.957     0.889   263.366   291.764    64.872   941.783    49.875   204.435
