  1000.000     2.984     2.988    -0.000     0.623    -1.306    -0.828     2.572     0.000     0.000     0.000     0.000     0.000     0.000   286.406     0.000   0.00E+00    -0.574     0.254   276.090
   950.000    -1.114     2.828     0.001     0.797    -0.075    -1.396     1.028     0.000    20.812     0.000   -16.428     0.000     0.001   286.449     0.000   0.59E-06    -0.876     0.284   272.081
   900.000    -4.899     2.006     0.001     0.727     1.421    -1.425     0.000     0.000    20.809    -0.001   -15.048     0.001     2.097   283.384     0.005   0.92E-01    -0.257     0.317   268.207
   850.000    -8.456     1.340     0.428     0.633     1.501    -1.507     0.000     0.000    19.436    -2.094   -10.384     2.652     2.599   282.589     0.047   0.31E+00     0.220     0.351   265.164
   800.000   -12.110     0.844     0.616     0.522     1.598    -1.605     0.000     0.000    17.789    -2.592    -7.218     3.069     1.883   281.485     0.019   0.25E+00     0.539     0.381   261.816
   750.000   -15.882     0.469     0.586     0.381     1.572    -1.580     0.000     0.000    16.177    -1.875    -5.464     2.350     0.772   282.026     0.006   0.17E+00     0.705     0.401   258.120
   700.000   -19.926     0.246     0.406     0.267     1.466    -1.476     0.000     0.000    15.555    -0.750    -4.266     2.034     0.628   281.467     0.004   0.12E+00     0.672     0.407   254.031
   650.000   -24.389     0.120     0.218     0.199     1.316    -1.327     0.000     0.000    15.110    -0.605    -3.335     1.885     0.510   282.762     0.006   0.95E-01     0.551     0.402   249.503
   600.000   -29.259     0.056     0.021     0.161     1.112    -1.124     0.000     0.000    14.839    -0.488    -2.459     1.767     0.554   283.777     0.008   0.76E-01     0.392     0.386   244.497
   550.000   -34.632     0.025    -0.157     0.126     0.685    -0.700     0.000     0.000    14.700    -0.529    -1.704     2.019     0.065   284.120     0.009   0.53E-01     0.258     0.363   238.975
   500.000   -40.676     0.020    -0.232     0.164     0.522    -0.539     0.000     0.000    15.704    -0.047    -0.952     2.682     0.021   284.307     0.011   0.37E-01     0.142     0.330   232.902
   450.000   -47.339     0.017    -0.261     0.274     0.454    -0.474     0.000     0.000    17.958    -0.002    -0.381     3.890     0.036   284.545     0.022   0.39E-01     0.060     0.290   226.237
   400.000   -54.653     0.014    -0.292     0.488     0.336    -0.358     0.000     0.000    23.348    -0.002    -0.132     7.415     0.533   284.706     0.095   0.32E-01     0.012     0.246   218.918
   350.000   -62.735     0.013    -0.305     0.958     0.316    -0.342    -0.000     0.000     3.881    -0.001    -0.008     0.678    19.782   284.826     0.388   0.35E-02     0.000     0.193   210.847
   300.000   -71.317     0.004    -0.680     1.002     0.024    -0.052     0.000     0.000     0.067    -0.000    -0.000     0.000     3.814   284.992     0.470   0.94E-03    -0.000     0.068   201.857
   250.000   -74.969     0.003    -4.000     1.000    -0.001    -0.020     0.000     0.000     0.000     0.000    -0.000     0.000     0.067   291.135     0.306   0.13E-04    -0.000     0.003   191.503
   200.000   -73.597     0.001    -4.000     0.203     0.000    -0.006     0.000     0.000     0.000     0.000     0.000     0.000     0.000   304.879     0.000   0.55E-10    -0.000     0.000   178.886
   150.000   -74.151     0.001    -4.000     0.166     0.000    -0.002     0.000     0.000     0.000     0.000     0.000     0.000     0.000   320.746     0.000   0.00E+00     0.000     0.000   162.638
   100.000   -72.282     0.001    -4.000     0.087     0.000     0.001     0.000     0.000     0.000     0.000     0.000     0.000     0.000   345.951     0.000   0.00E+00     0.000     0.000   139.805
    80.000   -68.806     0.001    -4.000     0.043     0.000     0.005     0.000     0.000     0.000     0.000     0.000     0.000     0.000   360.860     0.000   0.00E+00     0.000     0.000     0.000
    60.000   -61.054     0.001     0.000     0.012     0.000     0.017     0.000     0.000     0.000     0.000     0.000     0.000     0.000   385.494     0.000   0.00E+00     0.000     0.000     0.000
    40.000   -50.762     0.001     0.000     0.002     0.000     0.031     0.000     0.000     0.000     0.000     0.000     0.000     0.000   420.848     0.000   0.00E+00     0.000     0.000     0.000
    30.000   -42.491     0.001     0.000     0.001     0.000     0.043     0.000     0.000     0.000     0.000     0.000     0.000     0.000   447.465     0.000   0.00E+00     0.000     0.000     0.000
    25.000   -26.079     0.001     0.000     0.000     0.000     0.068     0.000     0.000     0.000     0.000     0.000     0.000     0.000   476.044     0.000   0.00E+00    -0.001     0.000     0.000
