  1000.000    13.810     7.072    -0.000     0.770    -1.819    -1.876     3.037     0.000     0.000     0.000     0.000     0.000     0.000   345.646     0.000   0.00E+00    -2.008     0.547   286.977
   950.000     9.676     6.859     0.001     0.953     3.235    -1.574    -1.250     0.000    10.176     0.000   -11.519     0.000     0.000   345.616     0.000   0.00E+00    -4.778     0.589   282.814
   900.000     6.780     4.980    -0.295     0.798     1.691    -1.818     0.000     0.000    10.176     0.000    -5.670     0.000     1.163   338.851     0.000   0.59E-01    -2.254     0.616   279.393
   850.000     3.493     3.784     0.131     0.753     1.520    -1.650     0.000     0.000     9.373    -1.163    -6.211     1.258     0.547   335.500     0.002   0.96E-01    -1.210     0.655   276.788
   800.000     0.218     2.747     0.248     0.695     1.524    -1.657     0.000     0.000     8.778    -0.546    -5.481     0.900     0.429   333.007     0.003   0.22E+00    -0.371     0.688   273.955
   750.000    -3.166     1.845     0.251     0.641     1.514    -1.650     0.000     0.000     8.429    -0.186    -5.481     0.818     0.298   331.264     0.001   0.19E+00     0.203     0.713   270.991
   700.000    -6.393     1.110     0.185     0.592     1.516    -1.652     0.000     0.000     8.291     0.000    -5.362     0.818     0.289   330.197     0.001   0.16E+00     0.569     0.730   267.719
   650.000    -9.996     0.643     0.080     0.544     1.505    -1.642     0.000     0.000     8.152     0.000    -5.205     0.775     0.280   329.525     0.000   0.12E+00     0.785     0.741   264.025
   600.000   -14.133     0.372    -0.078     0.497     1.477    -1.617     0.000     0.000     8.055     0.000    -4.812     0.770     0.241   329.285     0.000   0.97E-01     0.884     0.744   259.822
   550.000   -18.983     0.232    -0.206     0.463     1.449    -1.593     0.000     0.000     8.027     0.000    -4.236     0.816     0.199   329.536     0.000   0.92E-01     0.839     0.738   255.006
   500.000   -24.701     0.174    -0.246     0.452     1.485    -1.636     0.000     0.000     8.062     0.000    -3.461     0.860     0.182   329.965     0.001   0.94E-01     0.699     0.721   249.468
   450.000   -31.376     0.156    -0.182     0.457     1.587    -1.747     0.000     0.000     7.728     0.000    -2.544     0.838     0.614   330.474     0.017   0.30E+00     0.610     0.688   243.106
   400.000   -38.876     0.109    -0.123     0.448     1.603    -1.774     0.000     0.000     7.401     0.000    -1.579     0.837     0.694   331.087     0.037   0.31E+00     0.552     0.630   235.824
   350.000   -47.142     0.060    -0.050     0.476     1.598    -1.780     0.000     0.000     7.057     0.000    -0.825     0.959     0.908   332.155     0.055   0.25E+00     0.412     0.569   227.528
   300.000   -56.539     0.024    -0.056     0.478     1.366    -1.560     0.000     0.000     6.160     0.000    -0.393     1.031     1.615   333.282     0.059   0.17E+00     0.295     0.491   218.098
   250.000   -67.196     0.010    -0.091     0.623     1.044    -1.250     0.000     0.000     3.751     0.000    -0.156     0.615     2.822   334.603     0.195   0.11E+00     0.159     0.403   207.323
   200.000   -68.719     0.001    -1.484     0.628     0.656    -0.819     0.000     0.000     1.710     0.000    -0.043     0.264     2.214   337.380     0.181   0.58E-01     0.042     0.306   194.349
   150.000   -67.852     0.001    -4.000     0.536     0.327    -0.419     0.000     0.000     0.420     0.000    -0.004     0.063     1.327   345.982     0.166   0.21E-01    -0.000     0.188   177.639
   100.000   -65.924     0.001    -4.000     0.289     0.014    -0.005     0.000     0.000     0.000     0.000    -0.000     0.000     0.420   365.136     0.046   0.14E-02    -0.000     0.064   154.071
    80.000   -63.038     0.001    -4.000     0.024     0.000     0.051     0.000     0.000     0.000     0.000     0.000     0.000     0.000   382.115     0.000   0.00E+00     0.000     0.000     0.000
    60.000   -56.057     0.001     0.000     0.008     0.000     0.086     0.000     0.000     0.000     0.000     0.000     0.000     0.000   406.429     0.000   0.00E+00     0.000     0.000     0.000
    40.000   -46.849     0.001     0.000     0.003     0.000     0.132     0.000     0.000     0.000     0.000     0.000     0.000     0.000   440.077     0.000   0.00E+00     0.000     0.000     0.000
    30.000   -39.974     0.001     0.000     0.001     0.000     0.166     0.000     0.000     0.000     0.000     0.000     0.000     0.000   465.112     0.000   0.00E+00     0.000     0.000     0.000
    25.000   -26.714     0.001     0.000     0.000     0.000     0.232     0.000     0.000     0.000     0.000     0.000     0.000     0.000   490.223     0.000   0.00E+00    -0.001     0.000     0.000
