  1000.000    31.160    22.967     0.000     0.794    -2.056    -1.928     2.994     0.000     0.000     0.000     0.000     0.000     0.000   385.289     0.000   0.00E+00    -2.890     0.750   304.380
   950.000    26.884    22.691     0.001     0.974     3.523    -0.872    -1.979     0.000     8.756     0.000   -12.798     0.000     0.000   385.318     0.000   0.00E+00    -7.605     0.798   299.982
   900.000    25.397    18.911    -0.153     0.846     1.571    -1.727     0.000     0.000     8.756     0.000    -5.259     0.000     0.896   376.785     0.002   0.92E-01    -4.378     0.829   297.870
   850.000    22.921    16.612     0.370     0.827     1.522    -1.676     0.000     0.000     7.987    -0.896    -6.042     0.950     0.011   372.114     0.006   0.41E+00    -3.218     0.874   295.992
   800.000    20.672    14.600     0.498     0.794     1.701    -1.845     0.000     0.000     7.673    -0.000    -5.075     0.553     0.506   368.478     0.001   0.22E+00    -2.088     0.910   293.987
   750.000    18.257    12.868     0.512     0.764     1.769    -1.902     0.000     0.000     7.331     0.000    -4.711     0.520     0.501   365.614     0.000   0.17E+00    -1.209     0.936   291.836
   700.000    15.671    11.278     0.413     0.732     1.801    -1.923     0.000     0.000     7.002     0.000    -4.388     0.482     0.467   363.350     0.000   0.15E+00    -0.511     0.952   289.514
   650.000    12.842     9.787     0.245     0.699     1.800    -1.911     0.000     0.000     6.691     0.000    -4.097     0.426     0.424   361.579     0.000   0.14E+00     0.020     0.961   286.992
   600.000     9.708     8.350     0.060     0.669     1.795    -1.897     0.000     0.000     6.374     0.000    -3.783     0.401     0.418   360.288     0.000   0.14E+00     0.377     0.963   284.226
   550.000     6.192     6.951    -0.100     0.643     1.826    -1.918     0.000     0.000     6.058     0.000    -3.417     0.414     0.417   359.423     0.000   0.14E+00     0.570     0.955   281.164
   500.000     2.308     5.438    -0.209     0.615     1.922    -2.006     0.000     0.000     5.752     0.000    -3.028     0.436     0.409   358.876     0.001   0.14E+00     0.602     0.932   277.731
   450.000    -2.180     3.770    -0.233     0.580     2.070    -2.147     0.000     0.000     5.471     0.000    -2.785     0.429     0.386   358.463     0.003   0.28E+00     0.679     0.892   273.811
   400.000    -6.857     2.639    -0.135     0.533     2.195    -2.259     0.000     0.000     5.143     0.000    -2.510     0.373     0.426   358.059     0.005   0.34E+00     0.862     0.844   269.588
   350.000   -12.612     1.541    -0.126     0.489     2.455    -2.512     0.000     0.000     4.634     0.000    -1.654     0.341     0.611   358.971     0.007   0.32E+00     0.856     0.809   264.428
   300.000   -19.711     0.717    -0.230     0.380     2.401    -2.460     0.000     0.000     4.027     0.000    -0.924     0.340     0.730   360.391     0.006   0.26E+00     0.853     0.746   257.897
   250.000   -28.882     0.329    -0.176     0.322     2.390    -2.466     0.000     0.000     3.707     0.000    -0.411     0.363     0.472   363.184     0.009   0.21E+00     0.587     0.653   249.248
   200.000   -40.976     0.146    -0.307     0.294     1.635    -1.750     0.000     0.000     3.771     0.000    -0.154     0.550     0.251   366.644     0.019   0.17E+00     0.273     0.585   237.341
   150.000   -57.213     0.064     0.219     0.811     1.365    -1.542     0.000     0.000     2.378     0.000    -0.035     0.392     1.642   369.391     0.298   0.92E-01    -0.000     0.520   220.906
   100.000   -72.578     0.008    -1.901     0.964     0.170    -0.286     0.000     0.000     0.000     0.000    -0.000     0.000     2.378   373.436     0.280   0.91E-02    -0.000     0.330   197.944
    80.000   -65.562     0.001    -4.000     0.045     0.000     0.152     0.000     0.000     0.000     0.000     0.000     0.000     0.000   386.697     0.000   0.00E+00     0.000     0.000     0.000
    60.000   -57.022     0.001     0.000     0.019     0.000     0.323     0.000     0.000     0.000     0.000     0.000     0.000     0.000   408.936     0.000   0.00E+00     0.000     0.000     0.000
    40.000   -47.740     0.001     0.000     0.007     0.000     0.508     0.000     0.000     0.000     0.000     0.000     0.000     0.000   439.669     0.000   0.00E+00     0.000     0.000     0.000
    30.000   -40.433     0.001     0.000     0.004     0.000     0.654     0.000     0.000     0.000     0.000     0.000     0.000     0.000   463.389     0.000   0.00E+00     0.000     0.000     0.000
    25.000   -26.937     0.001     0.000     0.001     0.000     0.924     0.000     0.000     0.000     0.000     0.000     0.000     0.000   488.812     0.000   0.00E+00    -0.001     0.000     0.000
