     0.250     0.073     2.389    18.631    19.397   -14.682     1.983   263.801   266.455    23.373  1004.841     0.125   264.086
     0.500     0.099     2.399    18.742    19.782   -14.982     1.983   263.852   266.185    26.814  1002.440     0.375   260.531
     0.750     0.989     2.500    18.953    20.133   -15.288     1.983   263.885   266.096    30.143   999.731     0.625   253.982
     1.000     1.986     2.600    19.134    20.443   -15.596     1.983   263.891   266.323    32.969   997.215     0.875   249.007
     1.250     2.695     2.699    19.304    20.714   -15.911     1.994   263.882   266.804    35.379   994.924     1.125   245.486
     1.500     3.052     2.795    19.469    20.947   -16.157     2.036   263.864   267.426    37.753   992.383     1.375   242.031
     1.750     3.674     2.883    19.609    21.148   -16.319     2.141   263.853   268.181    39.824   990.020     1.625   239.642
     2.000     4.442     2.949    19.726    21.319   -16.299     2.251   263.812   269.584    41.911   987.653     1.875   236.124
     2.250     3.842     3.011    19.863    21.470   -16.096     2.146   263.800   269.975    43.922   985.013     2.125   232.416
     2.500     4.885     3.064    19.954    21.598   -15.733     1.982   263.771   271.111    45.368   983.475     2.375   230.744
     2.750     4.485     3.104    20.048    21.709   -15.551     1.896   263.743   272.190    46.777   981.702     2.625   228.742
     3.000     3.409     3.143    20.166    21.811   -15.493     1.834   263.741   272.671    48.189   979.306     2.875   226.394
     3.250     4.309     3.182    20.239    21.902   -15.288     1.743   263.725   273.422    49.405   977.571     3.125   224.743
     3.500     4.130     3.165    20.315    21.980   -15.132     1.652   263.706   274.430    50.570   975.789     3.375   222.805
     3.750     3.674     3.242    20.415    22.053   -15.125     1.589   263.704   274.863    51.665   973.510     3.625   221.004
     4.000     3.417     3.226    20.487    22.122   -15.043     1.518   263.708   275.165    52.733   971.455     3.875   219.324
     4.250     4.234     3.312    20.533    22.179   -14.886     1.439   263.706   274.935    53.698   969.787     4.125   217.849
     4.500     3.869     3.273    20.586    22.229   -14.784     1.368   263.689   276.506    54.455   968.293     4.375   216.688
     4.750     3.857     3.345    20.637    22.275   -14.759     1.310   263.685   276.949    55.158   966.715     4.625   215.728
     5.000     3.892     3.365    20.684    22.315   -14.739     1.254   263.679   277.401    55.809   965.143     4.875   214.766
     5.250     3.955     3.370    20.709    22.351   -14.679     1.194   263.682   276.611    56.409   963.896     5.125   213.918
     5.500     3.792     3.382    20.741    22.385   -14.660     1.152   263.679   277.045    56.988   962.466     5.375   213.035
     5.750     4.092     3.394    20.761    22.414   -14.626     1.129   263.663   278.713    57.508   961.265     5.625   212.246
     6.000     4.500     3.397    20.760    22.437   -14.485     1.055   263.649   279.463    57.958   960.626     5.875   211.593
     6.250     4.506     3.400    20.768    22.457   -14.372     0.988   263.629   280.329    58.358   959.926     6.125   210.965
     6.500     4.361     3.401    20.781    22.474   -14.291     0.929   263.614   281.059    58.645   959.337     6.375   210.647
     6.750     3.822     3.412    20.812    22.492   -14.319     0.891   263.608   281.406    58.956   958.353     6.625   210.318
     7.000     3.842     3.423    20.834    22.507   -14.368     0.872   263.600   281.791    59.248   957.464     6.875   210.015
     7.250     3.860     3.433    20.847    22.518   -14.395     0.866   263.592   282.099    59.524   956.757     7.125   209.743
     7.500     3.857     3.442    20.857    22.527   -14.409     0.832   263.586   282.378    59.774   956.117     7.375   209.499
     7.750     3.948     3.457    20.857    22.533   -14.384     0.795   263.583   281.484    60.016   955.612     7.625   209.286
     8.000     3.790     3.468    20.867    22.536   -14.406     0.778   263.572   282.880    60.233   954.948     7.875   209.051
     8.250     3.820     3.479    20.871    22.535   -14.423     0.772   263.564   283.075    60.435   954.342     8.125   208.833
     8.500     3.864     3.478    20.864    22.532   -14.392     0.766   263.562   282.076    60.627   953.941     8.375   208.640
     8.750     3.845     3.488    20.866    22.528   -14.405     0.765   263.555   282.388    60.757   953.465     8.625   208.458
     9.000     4.029     3.490    20.851    22.522   -14.393     0.765   263.544   284.351    60.882   953.261     8.875   208.375
     9.250     3.981     3.485    20.841    22.514   -14.416     0.796   263.535   283.621    60.983   953.018     9.125   208.291
     9.500     3.984     3.459    20.826    22.504   -14.447     0.845   263.523   285.215    61.094   952.786     9.375   208.209
     9.750     3.935     3.486    20.818    22.494   -14.541     0.891   263.517   284.438    61.176   952.500     9.625   208.118
    10.000     3.824     3.480    20.809    22.483   -14.606     0.849   263.508   285.830    61.265   952.265     9.875   208.038
    10.250     3.922     3.478    20.795    22.472   -14.626     0.785   263.501   285.885    61.325   952.098    10.125   207.970
    10.500     3.978     3.495    20.782    22.459   -14.643     0.745   263.491   285.989    61.386   951.876    10.375   207.895
    10.750     3.770     3.497    20.770    22.444   -14.690     0.760   263.483   285.236    61.459   951.631    10.625   207.822
    11.000     3.820     3.495    20.752    22.428   -14.718     0.750   263.476   285.391    61.511   951.573    10.875   207.769
    11.250     3.874     3.493    20.733    22.411   -14.736     0.716   263.467   285.323    61.544   951.516    11.125   207.715
    11.500     3.849     3.493    20.717    22.394   -14.759     0.677   263.459   286.065    61.565   951.437    11.375   207.654
    11.750     3.872     3.488    20.696    22.376   -14.768     0.642   263.452   286.104    61.590   951.470    11.625   207.620
    12.000     3.917     3.487    20.674    22.358   -14.753     0.614   263.443   286.374    61.618   951.460    11.875   207.575
    12.250     3.815     3.492    20.655    22.339   -14.766     0.648   263.434   286.132    61.672   951.320    12.125   207.516
    12.500     3.694     3.459    20.637    22.317   -14.830     0.724   263.427   286.087    61.710   951.177    12.375   207.458
    12.750     3.729     3.466    20.619    22.296   -14.892     0.717   263.421   286.188    61.720   951.117    12.625   207.413
    13.000     3.851     3.491    20.600    22.275   -14.937     0.689   263.414   285.699    61.722   951.052    12.875   207.349
    13.250     3.832     3.487    20.576    22.254   -14.973     0.655   263.408   285.524    61.725   951.093    13.125   207.304
    13.500     3.799     3.483    20.556    22.233   -14.997     0.624   263.399   286.263    61.725   951.044    13.375   207.247
    13.750     3.804     3.486    20.535    22.213   -15.011     0.598   263.393   285.416    61.734   951.027    13.625   207.195
    14.000     3.816     3.489    20.514    22.191   -15.027     0.605   263.385   285.360    61.765   950.968    13.875   207.150
    14.250     3.661     3.484    20.492    22.168   -15.071     0.688   263.376   286.293    61.815   950.861    14.125   207.092
    14.500     3.592     3.456    20.470    22.145   -15.131     0.702   263.374   286.055    61.830   950.815    14.375   207.052
    14.750     3.777     3.480    20.448    22.122   -15.182     0.685   263.368   285.514    61.820   950.750    14.625   206.988
    15.000     3.798     3.474    20.423    22.099   -15.224     0.657   263.360   286.169    61.810   950.775    14.875   206.951
    15.250     3.790     3.469    20.399    22.077   -15.260     0.625   263.354   285.493    61.801   950.800    15.125   206.908
    15.500     3.767     3.466    20.375    22.055   -15.282     0.601   263.347   285.467    61.805   950.819    15.375   206.862
    15.750     3.695     3.464    20.357    22.034   -15.308     0.586   263.341   285.649    61.807   950.735    15.625   206.813
    16.000     3.779     3.468    20.334    22.012   -15.321     0.573   263.333   285.645    61.805   950.714    15.875   206.783
    16.250     3.721     3.469    20.312    21.989   -15.350     0.591   263.327   285.409    61.820   950.697    16.125   206.764
    16.500     3.719     3.460    20.289    21.966   -15.396     0.603   263.319   286.209    61.817   950.673    16.375   206.737
    16.750     3.753     3.457    20.265    21.943   -15.446     0.591   263.312   286.155    61.811   950.700    16.625   206.715
    17.000     3.727     3.454    20.243    21.921   -15.492     0.575   263.305   286.111    61.800   950.677    16.875   206.682
    17.250     3.730     3.423    20.216    21.898   -15.521     0.559   263.299   285.972    61.794   950.786    17.125   206.684
    17.500     3.748     3.438    20.192    21.875   -15.550     0.545   263.293   285.957    61.781   950.803    17.375   206.662
    17.750     3.723     3.435    20.169    21.853   -15.580     0.532   263.285   286.033    61.771   950.815    17.625   206.641
    18.000     3.704     3.443    20.150    21.831   -15.613     0.521   263.278   286.249    61.764   950.745    17.875   206.591
    18.250     3.735     3.441    20.126    21.808   -15.636     0.513   263.271   286.209    61.761   950.777    18.125   206.574
    18.500     3.699     3.439    20.104    21.785   -15.663     0.513   263.265   286.204    61.758   950.772    18.375   206.542
    18.750     3.691     3.444    20.084    21.762   -15.707     0.521   263.258   285.441    61.751   950.711    18.625   206.501
    19.000     3.720     3.442    20.059    21.738   -15.746     0.543   263.251   286.353    61.747   950.731    18.875   206.487
    19.250     3.709     3.405    20.032    21.715   -15.794     0.553   263.245   286.224    61.744   950.834    19.125   206.489
    19.500     3.693     3.402    20.008    21.692   -15.852     0.547   263.238   286.167    61.727   950.833    19.375   206.470
    19.750     3.718     3.418    19.985    21.668   -15.907     0.529   263.231   286.144    61.714   950.841    19.625   206.447
    20.000     3.680     3.425    19.964    21.645   -15.955     0.513   263.223   286.270    61.701   950.784    19.875   206.408
    20.250     3.665     3.395    19.937    21.621   -15.987     0.499   263.218   285.322    61.697   950.884    20.125   206.407
    20.500     3.673     3.412    19.912    21.598   -16.013     0.492   263.212   286.096    61.678   950.915    20.375   206.401
    20.750     3.651     3.390    19.888    21.574   -16.040     0.485   263.206   285.919    61.661   950.942    20.625   206.387
    21.000     3.707     3.407    19.863    21.550   -16.072     0.479   263.199   285.923    61.639   950.981    20.875   206.378
    21.250     3.671     3.412    19.841    21.527   -16.109     0.474   263.193   285.313    61.621   950.973    21.125   206.349
    21.500     3.666     3.410    19.819    21.503   -16.147     0.472   263.184   286.153    61.598   950.970    21.375   206.329
    21.750     3.686     3.407    19.794    21.479   -16.185     0.472   263.179   285.474    61.581   951.048    21.625   206.330
    22.000     3.658     3.405    19.771    21.456   -16.228     0.468   263.171   285.750    61.558   951.046    21.875   206.311
    22.250     3.658     3.376    19.743    21.432   -16.264     0.465   263.165   285.994    61.548   951.160    22.125   206.320
    22.500     3.629     3.393    19.720    21.408   -16.306     0.469   263.159   286.009    61.532   951.177    22.375   206.314
    22.750     3.658     3.397    19.695    21.384   -16.354     0.470   263.153   285.917    61.506   951.215    22.625   206.313
    23.000     3.668     3.388    19.671    21.360   -16.404     0.463   263.145   286.103    61.485   951.247    22.875   206.294
    23.250     3.619     3.380    19.647    21.336   -16.451     0.454   263.139   286.037    61.452   951.371    23.125   206.297
    23.500     3.514     3.373    19.625    21.312   -16.485     0.440   263.136   285.901    61.446   951.469    23.375   206.289
    23.750     3.569     3.389    19.602    21.288   -16.516     0.424   263.132   286.073    61.423   951.547    23.625   206.276
    24.000     3.719     3.390    19.572    21.264   -16.518     0.407   263.126   285.159    61.396   951.685    23.875   206.275
    24.250     3.661     3.381    19.545    21.239   -16.490     0.411   263.116   285.924    61.395   951.716    24.125   206.251
    24.500     3.557     3.383    19.528    21.215   -16.530     0.440   263.110   285.887    61.380   951.688    24.375   206.231
    24.750     3.559     3.365    19.508    21.190   -16.592     0.460   263.105   285.803    61.373   951.688    24.625   206.221
    25.000     3.611     3.392    19.487    21.164   -16.667     0.472   263.100   284.845    61.366   951.625    24.875   206.184
    25.250     3.516     3.332    19.460    21.138   -16.735     0.476   263.094   285.691    61.359   951.669    25.125   206.179
    25.500     3.591     3.381    19.434    21.112   -16.810     0.491   263.086   285.641    61.347   951.640    25.375   206.166
    25.750     3.484     3.350    19.408    21.085   -16.888     0.515   263.083   285.292    61.321   951.636    25.625   206.158
    26.000     3.574     3.368    19.381    21.060   -16.962     0.505   263.077   285.374    61.272   951.726    25.875   206.156
    26.250     3.636     3.353    19.353    21.035   -17.028     0.474   263.072   285.620    61.217   951.880    26.125   206.159
    26.500     3.700     3.335    19.324    21.012   -17.050     0.440   263.064   285.731    61.172   951.973    26.375   206.159
    26.750     3.707     3.333    19.297    20.989   -17.032     0.420   263.055   285.534    61.157   952.028    26.625   206.149
    27.000     3.561     3.355    19.279    20.966   -17.059     0.435   263.051   285.417    61.140   951.998    26.875   206.131
    27.250     3.549     3.350    19.257    20.942   -17.087     0.438   263.043   285.450    61.125   952.023    27.125   206.123
    27.500     3.613     3.349    19.234    20.919   -17.145     0.427   263.036   285.716    61.091   952.103    27.375   206.112
    27.750     3.634     3.343    19.209    20.896   -17.203     0.407   263.029   285.869    61.048   952.228    27.625   206.116
    28.000     3.667     3.318    19.181    20.874   -17.225     0.385   263.023   285.580    61.010   952.332    27.875   206.130
    28.250     3.646     3.279    19.155    20.851   -17.203     0.379   263.012   285.625    61.008   952.375    28.125   206.114
    28.500     3.553     3.322    19.137    20.828   -17.240     0.400   263.007   285.451    61.003   952.356    28.375   206.102
    28.750     3.510     3.340    19.120    20.804   -17.294     0.415   263.003   284.699    60.995   952.287    28.625   206.073
    29.000     3.558     3.337    19.095    20.780   -17.347     0.409   262.996   285.543    60.967   952.369    28.875   206.070
    29.250     3.607     3.331    19.069    20.756   -17.409     0.394   262.989   285.673    60.921   952.479    29.125   206.072
    29.500     3.698     3.306    19.040    20.733   -17.438     0.374   262.982   284.748    60.885   952.620    29.375   206.081
    29.750     3.599     3.307    19.017    20.710   -17.444     0.376   262.975   285.398    60.875   952.606    29.625   206.066
    30.000     3.452     3.341    19.006    20.687   -17.512     0.401   262.967   285.477    60.870   952.466    29.875   206.026
    30.250     3.474     3.328    18.979    20.662   -17.541     0.405   262.963   285.463    60.869   952.523    30.125   206.018
    30.500     3.565     3.319    18.953    20.638   -17.608     0.396   262.956   285.703    60.826   952.640    30.375   206.027
    30.750     3.629     3.322    18.927    20.615   -17.676     0.378   262.951   285.746    60.776   952.760    30.625   206.029
    31.000     3.667     3.317    18.899    20.593   -17.703     0.358   262.941   285.342    60.749   952.845    30.875   206.037
    31.250     3.485     3.256    18.875    20.569   -17.699     0.363   262.935   285.101    60.750   952.835    31.125   206.027
    31.500     3.465     3.316    18.858    20.545   -17.739     0.378   262.930   284.435    60.733   952.785    31.375   206.009
    31.750     3.535     3.308    18.833    20.521   -17.785     0.376   262.924   285.405    60.694   952.903    31.625   206.016
    32.000     3.591     3.304    18.807    20.497   -17.850     0.364   262.917   285.566    60.645   953.033    31.875   206.022
    32.250     3.664     3.305    18.781    20.475   -17.899     0.346   262.909   284.916    60.614   953.121    32.125   206.008
    32.500     3.557     3.281    18.755    20.452   -17.910     0.337   262.900   285.263    60.622   953.152    32.375   205.989
    32.750     3.354     3.308    18.738    20.428   -17.933     0.367   262.895   285.034    60.641   953.034    32.625   205.979
    33.000     3.473     3.301    18.715    20.403   -17.982     0.381   262.891   285.013    60.608   953.051    32.875   205.968
    33.250     3.556     3.297    18.689    20.379   -18.053     0.372   262.885   285.213    60.560   953.167    33.125   205.971
    33.500     3.569     3.287    18.663    20.355   -18.124     0.356   262.878   285.425    60.507   953.307    33.375   205.979
    33.750     3.611     3.286    18.638    20.333   -18.177     0.336   262.871   285.677    60.463   953.440    33.625   205.984
    34.000     3.570     3.265    18.611    20.310   -18.186     0.318   262.861   285.028    60.462   953.445    33.875   205.961
    34.250     3.418     3.293    18.590    20.286   -18.177     0.331   262.855   284.687    60.480   953.378    34.125   205.956
    34.500     3.385     3.281    18.570    20.261   -18.207     0.352   262.852   284.553    60.463   953.362    34.375   205.938
    34.750     3.538     3.284    18.545    20.237   -18.257     0.352   262.846   284.980    60.412   953.462    34.625   205.937
    35.000     3.571     3.272    18.519    20.213   -18.329     0.341   262.838   285.222    60.355   953.611    34.875   205.947
    35.250     3.592     3.277    18.495    20.191   -18.395     0.325   262.831   285.672    60.305   953.730    35.125   205.949
    35.500     3.636     3.276    18.470    20.168   -18.422     0.308   262.822   284.311    60.294   953.744    35.375   205.923
    35.750     3.385     3.279    18.447    20.145   -18.418     0.324   262.815   284.726    60.326   953.687    35.625   205.915
    36.000     3.349     3.256    18.427    20.120   -18.454     0.345   262.812   284.642    60.295   953.698    35.875   205.917
    36.250     3.527     3.259    18.401    20.096   -18.511     0.342   262.805   284.849    60.246   953.805    36.125   205.920
    36.500     3.553     3.252    18.375    20.073   -18.586     0.329   262.798   285.179    60.191   953.946    36.375   205.930
    36.750     3.549     3.247    18.352    20.050   -18.655     0.312   262.791   285.657    60.143   954.070    36.625   205.933
    37.000     3.606     3.261    18.327    20.028   -18.691     0.291   262.782   284.813    60.126   954.092    36.875   205.909
    37.250     3.515     3.271    18.303    20.004   -18.689     0.283   262.773   284.202    60.150   954.089    37.125   205.887
    37.500     3.262     3.255    18.284    19.979   -18.678     0.313   262.770   284.767    60.157   954.039    37.375   205.866
    37.750     3.394     3.229    18.260    19.955   -18.701     0.332   262.766   284.635    60.126   954.071    37.625   205.855
    38.000     3.548     3.250    18.236    19.931   -18.771     0.330   262.758   284.988    60.072   954.150    37.875   205.849
    38.250     3.556     3.241    18.211    19.909   -18.862     0.316   262.750   285.282    60.020   954.277    38.125   205.855
    38.500     3.534     3.247    18.188    19.887   -18.943     0.298   262.742   285.542    59.980   954.379    38.375   205.858
    38.750     3.536     3.223    18.160    19.864   -18.967     0.278   262.732   284.874    59.997   954.410    38.625   205.841
    39.000     3.306     3.221    18.139    19.839   -18.958     0.286   262.726   284.390    60.014   954.307    38.875   205.824
    39.250     3.378     3.237    18.117    19.815   -18.964     0.306   262.723   284.290    59.979   954.338    39.125   205.820
    39.500     3.478     3.230    18.091    19.790   -19.012     0.311   262.717   284.538    59.929   954.448    39.375   205.824
    39.750     3.517     3.223    18.066    19.767   -19.083     0.304   262.709   284.932    59.873   954.569    39.625   205.831
    40.000     3.514     3.218    18.042    19.744   -19.154     0.291   262.702   285.255    59.826   954.683    39.875   205.833
    40.250     3.500     3.221    18.020    19.722   -19.220     0.274   262.695   285.547    59.789   954.767    40.125   205.829
    40.500     3.511     3.214    17.994    19.700   -19.259     0.257   262.688   285.294    59.766   954.878    40.375   205.837
    40.750     3.462     3.241    17.971    19.675   -19.254     0.247   262.678   283.738    59.792   954.800    40.625   205.802
    41.000     3.240     3.230    17.953    19.650   -19.237     0.268   262.673   284.596    59.783   954.765    40.875   205.778
    41.250     3.380     3.228    17.929    19.625   -19.241     0.291   262.671   283.751    59.763   954.813    41.125   205.758
    41.500     3.431     3.221    17.906    19.602   -19.295     0.300   262.665   283.709    59.709   954.853    41.375   205.753
    41.750     3.518     3.204    17.877    19.579   -19.372     0.296   262.655   284.902    59.668   955.001    41.625   205.756
    42.000     3.523     3.208    17.854    19.557   -19.459     0.283   262.648   285.085    59.625   955.074    41.875   205.752
    42.250     3.452     3.188    17.831    19.535   -19.538     0.266   262.640   285.320    59.598   955.163    42.125   205.756
    42.500     3.447     3.179    17.806    19.512   -19.570     0.249   262.631   284.931    59.591   955.188    42.375   205.756
    42.750     3.371     3.212    17.786    19.488   -19.569     0.242   262.625   284.678    59.580   955.153    42.625   205.744
    43.000     3.392     3.207    17.763    19.464   -19.570     0.241   262.619   284.631    59.545   955.219    42.875   205.748
    43.250     3.435     3.202    17.737    19.440   -19.593     0.241   262.613   284.692    59.512   955.313    43.125   205.744
    43.500     3.439     3.191    17.712    19.417   -19.635     0.239   262.606   284.739    59.471   955.423    43.375   205.749
    43.750     3.472     3.187    17.688    19.394   -19.678     0.234   262.598   284.775    59.434   955.505    43.625   205.743
    44.000     3.439     3.170    17.662    19.370   -19.704     0.231   262.587   284.715    59.428   955.548    43.875   205.748
    44.250     3.362     3.168    17.641    19.346   -19.734     0.238   262.583   284.377    59.396   955.552    44.125   205.728
    44.500     3.452     3.187    17.617    19.323   -19.784     0.241   262.576   284.544    59.352   955.629    44.375   205.739
    44.750     3.439     3.170    17.593    19.299   -19.851     0.238   262.568   284.795    59.323   955.711    44.625   205.728
    45.000     3.430     3.177    17.570    19.276   -19.911     0.231   262.561   284.821    59.290   955.769    44.875   205.720
    45.250     3.407     3.175    17.546    19.253   -19.958     0.223   262.554   284.900    59.261   955.834    45.125   205.722
    45.500     3.400     3.174    17.523    19.230   -19.993     0.216   262.547   285.015    59.233   955.891    45.375   205.717
    45.750     3.395     3.172    17.499    19.206   -20.021     0.209   262.540   284.847    59.202   955.974    45.625   205.725
    46.000     3.399     3.176    17.475    19.182   -20.048     0.204   262.533   284.996    59.174   956.031    45.875   205.719
    46.250     3.395     3.194    17.451    19.157   -20.068     0.203   262.523   284.580    59.166   956.019    46.125   205.712
    46.500     3.260     3.184    17.428    19.131   -20.079     0.221   262.519   284.284    59.157   956.011    46.375   205.687
    46.750     3.354     3.178    17.403    19.106   -20.124     0.237   262.514   284.188    59.115   956.044    46.625   205.677
    47.000     3.425     3.169    17.375    19.081   -20.201     0.242   262.506   284.189    59.077   956.141    46.875   205.672
    47.250     3.393     3.149    17.350    19.057   -20.288     0.238   262.498   284.283    59.043   956.211    47.125   205.659
    47.500     3.385     3.149    17.325    19.033   -20.354     0.230   262.491   284.175    59.006   956.286    47.375   205.667
    47.750     3.038     3.185    17.309    19.008   -20.410     0.223   262.491   284.002    59.048   956.221    47.625   205.666
    48.000     2.993     3.168    17.277    18.978   -20.424     0.223   262.497   283.314    59.081   956.246    47.875   205.652
    48.250     3.256     3.188    17.244    18.948   -20.444     0.243   262.494   283.150    59.024   956.290    48.125   205.624
    48.500     3.282     3.185    17.221    18.920   -20.521     0.272   262.490   283.158    58.951   956.324    48.375   205.623
    48.750     3.299     3.153    17.189    18.893   -20.592     0.285   262.485   283.064    58.927   956.445    48.625   205.637
    49.000     3.362     3.176    17.163    18.865   -20.688     0.314   262.479   281.698    58.895   956.438    48.875   205.620
    49.250     3.295     3.168    17.135    18.838   -20.807     0.380   262.474   282.551    58.858   956.504    49.125   205.622
    49.500     3.220     3.146    17.110    18.811   -20.938     0.389   262.470   282.743    58.817   956.533    49.375   205.620
    49.750     3.176     3.156    17.084    18.784   -21.030     0.337   262.469   282.746    58.795   956.568    49.625   205.605
    50.000     3.182     3.150    17.054    18.758   -21.083     0.296   262.471   282.779    58.760   956.675    49.875   205.599
