  1000.000    14.332     7.351     0.000     0.765    -1.762    -1.871     3.053     0.000     0.000     0.000     0.000     0.000     0.000   336.120     0.000   0.00E+00    -1.796     0.501   287.498
   950.000    10.193     7.139     0.001     0.949     3.168    -1.749    -1.080     0.000    10.455     0.000   -11.203     0.000     0.000   336.038     0.000   0.00E+00    -4.107     0.541   283.329
   900.000     7.355     5.210    -0.330     0.787     1.714    -1.839     0.000     0.000    10.455     0.000    -5.736     0.000     1.199   329.846     0.000   0.55E-01    -1.756     0.567   279.950
   850.000     4.094     4.007     0.070     0.736     1.511    -1.641     0.000     0.000     9.657    -1.199    -6.239     1.303     0.676   326.688     0.001   0.20E-01    -0.745     0.605   277.370
   800.000     0.796     3.006     0.189     0.673     1.470    -1.604     0.000     0.000     8.999    -0.676    -5.574     0.973     0.399   324.430     0.004   0.20E+00     0.029     0.637   274.568
   750.000    -2.661     2.053     0.190     0.613     1.443    -1.580     0.000     0.000     8.656    -0.229    -5.616     0.882     0.243   322.967     0.002   0.20E+00     0.529     0.662   271.605
   700.000    -5.805     1.224     0.146     0.561     1.443    -1.580     0.000     0.000     8.571     0.000    -5.601     0.901     0.241   322.199     0.001   0.16E+00     0.826     0.680   268.379
   650.000    -9.349     0.712     0.072     0.511     1.439    -1.578     0.000     0.000     8.479     0.000    -5.495     0.862     0.240   321.834     0.001   0.12E+00     0.979     0.690   264.738
   600.000   -13.411     0.410    -0.081     0.458     1.414    -1.555     0.000     0.000     8.424     0.000    -5.099     0.853     0.208   321.784     0.000   0.81E-01     1.037     0.694   260.592
   550.000   -18.201     0.252    -0.210     0.419     1.370    -1.517     0.000     0.000     8.481     0.000    -4.476     0.908     0.127   322.201     0.000   0.74E-01     0.947     0.689   255.837
   500.000   -23.880     0.180    -0.236     0.412     1.381    -1.537     0.000     0.000     8.615     0.000    -3.634     0.949     0.101   322.979     0.001   0.76E-01     0.773     0.674   250.357
   450.000   -30.458     0.140    -0.168     0.432     1.500    -1.668     0.000     0.000     8.280     0.000    -2.440     0.926     0.647   323.898     0.020   0.30E+00     0.607     0.647   244.042
   400.000   -37.864     0.111    -0.092     0.430     1.523    -1.705     0.000     0.000     7.831     0.000    -1.329     0.923     0.860   324.770     0.043   0.31E+00     0.477     0.587   236.788
   350.000   -46.210     0.103    -0.049     0.456     1.415    -1.611     0.000     0.000     7.587     0.000    -0.645     1.072     0.875   325.777     0.064   0.23E+00     0.304     0.514   228.498
   300.000   -55.669     0.031    -0.092     0.489     1.029    -1.241     0.000     0.000     6.800     0.000    -0.286     1.222     1.656   326.729     0.076   0.16E+00     0.176     0.434   219.054
   250.000   -66.377     0.011    -0.003     0.725     0.819    -1.047     0.000     0.000     3.926     0.000    -0.089     0.707     3.377   327.780     0.235   0.83E-01     0.040     0.350   208.249
   200.000   -69.051     0.001    -1.561     0.734     0.409    -0.588     0.000     0.000     1.216     0.000    -0.015     0.219     2.863   330.120     0.238   0.32E-01     0.001     0.243   195.277
   150.000   -68.147     0.001    -4.000     0.434     0.066    -0.151     0.000     0.000     0.033     0.000    -0.000     0.000     1.183   339.798     0.107   0.25E-02    -0.000     0.103   178.592
   100.000   -66.289     0.001    -4.000     0.103    -0.017     0.062     0.000     0.000     0.000     0.000    -0.000     0.000     0.033   361.783     0.000   0.19E-04     0.000     0.007   155.062
    80.000   -63.358     0.001    -4.000     0.030     0.000     0.065     0.000     0.000     0.000     0.000     0.000     0.000     0.000   378.127     0.000   0.00E+00     0.000     0.000     0.000
    60.000   -56.207     0.001     0.000     0.011     0.000     0.113     0.000     0.000     0.000     0.000     0.000     0.000     0.000   401.831     0.000   0.00E+00     0.000     0.000     0.000
    40.000   -46.874     0.001     0.000     0.003     0.000     0.175     0.000     0.000     0.000     0.000     0.000     0.000     0.000   435.422     0.000   0.00E+00     0.000     0.000     0.000
    30.000   -39.955     0.001     0.000     0.002     0.000     0.221     0.000     0.000     0.000     0.000     0.000     0.000     0.000   460.623     0.000   0.00E+00     0.000     0.000     0.000
    25.000   -26.719     0.001     0.000     0.000     0.000     0.309     0.000     0.000     0.000     0.000     0.000     0.000     0.000   486.303     0.000   0.00E+00    -0.001     0.000     0.000
