  1000.000    12.257     6.128    -0.000     0.682    -1.678    -1.091     2.647     0.000     0.000     0.000     0.000     0.000     0.000   303.371     0.000   0.00E+00    -1.137     0.331   285.414
   950.000     8.132     5.933     0.001     0.855     1.679    -1.272    -0.285     0.000    13.962     0.000   -12.061     0.000     0.000   303.349     0.000   0.00E+00    -1.839     0.369   281.274
   900.000     4.954     4.368    -0.374     0.729     1.274    -1.273     0.000     0.000    13.960     0.000    -8.950     0.000     2.054   299.311     0.000   0.18E-01    -0.461     0.396   277.541
   850.000     1.486     3.259     0.262     0.660     1.320    -1.321     0.000     0.000    13.029    -2.052    -8.770     2.356     1.708   298.253     0.001   0.59E-02     0.228     0.424   274.848
   800.000    -1.957     2.260     0.678     0.569     1.507    -1.507     0.000     0.000    11.939    -1.708    -9.653     2.109     0.032   297.351     0.006   0.26E+00     0.994     0.450   271.995
   750.000    -5.023     1.295     0.569     0.411     1.624    -1.626     0.000     0.000    12.108    -0.032    -7.680     1.623     0.017   295.734     0.001   0.16E+00     1.392     0.484   268.935
   700.000    -8.408     0.705     0.330     0.288     1.577    -1.580     0.000     0.000    12.287    -0.000    -7.078     1.436     0.017   295.851     0.001   0.12E+00     1.438     0.514   265.510
   650.000   -12.183     0.370     0.018     0.201     1.395    -1.398     0.000     0.000    12.466    -0.000    -6.360     1.250     0.015   295.325     0.002   0.10E+00     1.226     0.537   261.647
   600.000   -16.532     0.202    -0.248     0.153     1.120    -1.124     0.000     0.000    12.719     0.000    -5.556     1.354     0.013   296.952     0.002   0.97E-01     0.906     0.550   257.260
   550.000   -21.623     0.130    -0.369     0.143     0.871    -0.876     0.000     0.000    13.081     0.000    -4.530     1.496     0.016   298.261     0.004   0.10E+00     0.601     0.546   252.260
   500.000   -27.531     0.105    -0.329     0.180     0.730    -0.737     0.000     0.000    13.658     0.000    -3.171     1.695     0.017   299.871     0.006   0.23E+00     0.380     0.523   246.555
   450.000   -34.255     0.098    -0.193     0.296     0.788    -0.798     0.000     0.000    14.582    -0.000    -1.606     2.020     0.021   299.169     0.024   0.13E+00     0.240     0.483   240.063
   400.000   -41.738     0.097    -0.095     0.573     0.808    -0.821     0.000     0.000    15.680    -0.000    -0.579     2.665     0.582   300.401     0.146   0.20E+00     0.051     0.430   232.707
   350.000   -50.075     0.066    -0.073     0.862     0.648    -0.664     0.000     0.000    13.065     0.000    -0.095     3.169     5.169   300.473     0.239   0.10E+00     0.006     0.363   224.405
   300.000   -59.405     0.023    -0.101     0.895     0.491    -0.509     0.000     0.000     5.120     0.000    -0.019     1.035     8.622   300.535     0.198   0.58E-02     0.001     0.226   215.030
   250.000   -69.559     0.007    -0.499     0.999     0.023    -0.043     0.000     0.000     0.025     0.000    -0.000     0.000     5.095   301.850     0.338   0.20E-02    -0.000     0.096   204.346
   200.000   -65.900     0.001    -4.000     0.075    -0.001    -0.003     0.000     0.000     0.000     0.000    -0.000     0.000     0.025   317.801     0.000   0.12E-04    -0.000     0.002   191.300
   150.000   -67.152     0.001    -4.000     0.063     0.000     0.007     0.000     0.000     0.000     0.000     0.000     0.000     0.000   332.538     0.000   0.00E+00     0.000     0.000   174.465
   100.000   -68.523     0.001    -4.000     0.051     0.000     0.005     0.000     0.000     0.000     0.000     0.000     0.000     0.000   354.868     0.000   0.00E+00     0.000     0.000   151.038
    80.000   -68.700     0.001    -4.000     0.042     0.000     0.005     0.000     0.000     0.000     0.000     0.000     0.000     0.000   366.978     0.000   0.00E+00     0.000     0.000     0.000
    60.000   -66.805     0.001     0.000     0.024     0.000     0.007     0.000     0.000     0.000     0.000     0.000     0.000     0.000   385.946     0.000   0.00E+00     0.000     0.000     0.000
    40.000   -64.856     0.001     0.000     0.012     0.000     0.009     0.000     0.000     0.000     0.000     0.000     0.000     0.000   411.549     0.000   0.00E+00     0.000     0.000     0.000
    30.000   -65.792     0.001     0.000     0.010     0.000     0.008     0.000     0.000     0.000     0.000     0.000     0.000     0.000   427.867     0.000   0.00E+00     0.000     0.000     0.000
    25.000   -71.600     0.001     0.000     0.019     0.000     0.003     0.000     0.000     0.000     0.000     0.000     0.000     0.000   432.319     0.000   0.00E+00    -0.001     0.000     0.000
