  1000.000     5.997     3.769    -0.000     0.670    -1.576    -1.186     2.722     0.000     0.000     0.000     0.000     0.000     0.000   299.400     0.000   0.00E+00    -1.018     0.318   279.128
   950.000     1.906     3.590     0.001     0.842     1.423    -1.453    -0.006     0.000    16.129     0.000   -12.020     0.000     0.000   299.372     0.000   0.00E+00    -1.539     0.354   275.076
   900.000    -1.875     2.756    -0.263     0.746     1.412    -1.455     0.000     0.000    16.125     0.000   -12.080     0.000     2.080   296.161     0.000   0.16E-01    -0.482     0.378   271.126
   850.000    -5.432     1.948     0.283     0.681     1.443    -1.490     0.000     0.000    15.004    -2.075    -9.914     2.404     1.883   294.294     0.047   0.28E+00     0.168     0.409   268.252
   800.000    -8.940     1.146     0.538     0.572     1.547    -1.597     0.000     0.000    13.711    -1.883    -7.737     2.233     0.752   292.989     0.014   0.29E+00     0.699     0.442   265.083
   750.000   -12.354     0.562     0.511     0.437     1.549    -1.600     0.000     0.000    13.072    -0.747    -6.742     1.715     0.306   292.563     0.002   0.18E+00     0.997     0.468   261.570
   700.000   -16.226     0.298     0.345     0.326     1.450    -1.504     0.000     0.000    12.923    -0.247    -6.077     1.565     0.229   292.627     0.001   0.14E+00     1.051     0.486   257.659
   650.000   -20.524     0.175     0.138     0.251     1.302    -1.359     0.000     0.000    12.872    -0.164    -5.258     1.440     0.253   293.056     0.001   0.11E+00     0.933     0.495   253.295
   600.000   -25.335     0.102    -0.067     0.206     1.102    -1.163     0.000     0.000    12.854    -0.191    -4.277     1.471     0.226   293.878     0.002   0.95E-01     0.726     0.495   248.424
   550.000   -30.638     0.040    -0.202     0.191     0.887    -0.952     0.000     0.000    12.989    -0.174    -3.235     1.621     0.148   294.689     0.003   0.95E-01     0.510     0.480   242.994
   500.000   -36.549     0.030    -0.230     0.230     0.768    -0.838     0.000     0.000    13.432    -0.117    -2.108     1.869     0.026   295.258     0.009   0.58E-01     0.320     0.450   236.961
   450.000   -43.244     0.052    -0.189     0.384     0.778    -0.855     0.000     0.000    14.397     0.000    -1.082     2.361     0.197   295.847     0.062   0.15E+00     0.149     0.407   230.281
   400.000   -50.673     0.065    -0.174     0.607     0.679    -0.762     0.000     0.000    13.962     0.000    -0.406     2.454     1.995   296.211     0.161   0.16E+00     0.059     0.353   222.898
   350.000   -58.895     0.019    -0.192     0.694     0.534    -0.624     0.000     0.000    11.429     0.000    -0.121     2.775     4.573   296.585     0.119   0.59E-01     0.011     0.273   214.722
   300.000   -67.805     0.007    -0.288     0.968     0.290    -0.387     0.000     0.000     2.733     0.000    -0.017     0.566     9.147   296.833     0.385   0.21E-01     0.001     0.186   205.599
   250.000   -73.831     0.004    -2.526     1.011     0.053    -0.142     0.000     0.000     0.097     0.000    -0.000     0.000     2.636   299.087     0.359   0.21E-02    -0.000     0.067   195.147
   200.000   -72.028     0.001    -4.000     0.172    -0.005    -0.044     0.000     0.000     0.000     0.000    -0.000     0.000     0.097   312.288     0.000   0.29E-04    -0.000     0.009   182.442
   150.000   -72.961     0.001    -4.000     0.127     0.000    -0.009     0.000     0.000     0.000     0.000     0.000     0.000     0.000   327.118     0.000   0.17E-09    -0.000     0.000   166.085
   100.000   -72.205     0.001    -4.000     0.075     0.000     0.003     0.000     0.000     0.000     0.000     0.000     0.000     0.000   350.235     0.000   0.00E+00     0.000     0.000   143.183
    80.000   -69.770     0.001    -4.000     0.045     0.000     0.011     0.000     0.000     0.000     0.000     0.000     0.000     0.000   365.081     0.000   0.00E+00     0.000     0.000     0.000
    60.000   -63.464     0.001     0.000     0.016     0.000     0.032     0.000     0.000     0.000     0.000     0.000     0.000     0.000   387.660     0.000   0.00E+00     0.000     0.000     0.000
    40.000   -55.002     0.001     0.000     0.004     0.000     0.060     0.000     0.000     0.000     0.000     0.000     0.000     0.000   420.009     0.000   0.00E+00     0.000     0.000     0.000
    30.000   -48.692     0.001     0.000     0.002     0.000     0.082     0.000     0.000     0.000     0.000     0.000     0.000     0.000   444.067     0.000   0.00E+00     0.000     0.000     0.000
    25.000   -37.564     0.001     0.000     0.000     0.000     0.119     0.000     0.000     0.000     0.000     0.000     0.000     0.000   466.505     0.000   0.00E+00    -0.001     0.000     0.000
