  1000.000     4.931     3.452    -0.000     0.659    -1.526    -1.142     2.704     0.000     0.000     0.000     0.000     0.000     0.000   295.505     0.000   0.00E+00    -0.925     0.299   278.060
   950.000     0.850     3.277     0.001     0.830     1.209    -1.460     0.152     0.000    17.136     0.000   -11.887     0.000     0.002   295.504     0.000   0.25E-06    -1.288     0.334   274.023
   900.000    -2.892     2.457    -0.218     0.743     1.420    -1.460     0.000     0.000    17.125    -0.002   -12.746     0.002     2.285   292.577     0.001   0.16E-01    -0.381     0.357   270.064
   850.000    -6.373     1.684     0.320     0.678     1.467    -1.511     0.000     0.000    15.876    -2.276   -10.076     2.630     2.112   291.061     0.052   0.31E+00     0.195     0.388   267.126
   800.000    -9.955     1.103     0.559     0.568     1.568    -1.617     0.000     0.000    14.440    -2.112    -7.773     2.478     0.911   289.934     0.017   0.29E+00     0.675     0.420   263.888
   750.000   -13.708     0.643     0.507     0.429     1.542    -1.595     0.000     0.000    13.629    -0.909    -6.548     1.843     0.368   289.440     0.004   0.18E+00     0.924     0.445   260.305
   700.000   -17.675     0.324     0.307     0.319     1.421    -1.478     0.000     0.000    13.396    -0.291    -5.621     1.632     0.345   289.664     0.006   0.14E+00     0.911     0.461   256.326
   650.000   -22.010     0.155     0.103     0.251     1.252    -1.314     0.000     0.000    13.211    -0.250    -4.762     1.500     0.314   290.286     0.008   0.11E+00     0.767     0.467   251.897
   600.000   -26.861     0.078    -0.076     0.216     1.043    -1.111     0.000     0.000    13.127    -0.218    -3.778     1.536     0.281   291.047     0.012   0.97E-01     0.568     0.460   246.972
   550.000   -32.307     0.046    -0.188     0.213     0.830    -0.905     0.000     0.000    13.189    -0.199    -2.738     1.677     0.204   291.705     0.018   0.11E+00     0.383     0.440   241.505
   500.000   -38.378     0.033    -0.223     0.264     0.722    -0.806     0.000     0.000    13.608    -0.131    -1.672     1.946     0.054   292.296     0.028   0.56E-01     0.226     0.405   235.458
   450.000   -45.007     0.025    -0.232     0.435     0.715    -0.809     0.000     0.000    14.589    -0.001    -0.761     2.545     0.311   292.723     0.091   0.14E+00     0.087     0.360   228.786
   400.000   -52.252     0.017    -0.291     0.681     0.568    -0.671     0.000     0.000    14.149    -0.002    -0.246     2.557     2.081   293.040     0.197   0.12E+00     0.026     0.305   221.429
   350.000   -60.306     0.014    -0.363     0.810     0.432    -0.545     0.000     0.000    10.020     0.000    -0.056     2.525     5.932   293.276     0.166   0.36E-01     0.004     0.230   213.291
   300.000   -69.178     0.006    -0.573     1.026     0.193    -0.315     0.000     0.000     0.966     0.000    -0.002     0.116     9.115   293.617     0.452   0.56E-02    -0.000     0.136   204.218
   250.000   -74.062     0.004    -3.611     1.002    -0.006    -0.099     0.000     0.000     0.000     0.000    -0.000     0.000     0.966   296.749     0.410   0.48E-03    -0.000     0.028   193.796
   200.000   -72.031     0.001    -4.000     0.160     0.000    -0.044     0.000     0.000     0.000     0.000     0.000     0.000     0.000   310.850     0.000   0.46E-09    -0.000     0.000   181.098
   150.000   -72.573     0.001    -4.000     0.127     0.000     0.003     0.000     0.000     0.000     0.000     0.000     0.000     0.000   325.318     0.000   0.00E+00     0.000     0.000   164.723
   100.000   -71.020     0.001    -4.000     0.077     0.000     0.011     0.000     0.000     0.000     0.000     0.000     0.000     0.000   349.113     0.000   0.00E+00     0.000     0.000   141.727
    80.000   -67.733     0.001    -4.000     0.044     0.000     0.027     0.000     0.000     0.000     0.000     0.000     0.000     0.000   364.406     0.000   0.00E+00     0.000     0.000     0.000
    60.000   -60.130     0.001     0.000     0.014     0.000     0.065     0.000     0.000     0.000     0.000     0.000     0.000     0.000   387.981     0.000   0.00E+00     0.000     0.000     0.000
    40.000   -50.064     0.001     0.000     0.004     0.000     0.115     0.000     0.000     0.000     0.000     0.000     0.000     0.000   422.180     0.000   0.00E+00     0.000     0.000     0.000
    30.000   -42.066     0.001     0.000     0.001     0.000     0.155     0.000     0.000     0.000     0.000     0.000     0.000     0.000   448.342     0.000   0.00E+00     0.000     0.000     0.000
    25.000   -26.183     0.001     0.000     0.000     0.000     0.235     0.000     0.000     0.000     0.000     0.000     0.000     0.000   476.445     0.000   0.00E+00    -0.001     0.000     0.000
