  1000.000     4.636     3.346    -0.000     0.639    -1.499    -0.997     2.662     0.000     0.000     0.000     0.000     0.000     0.000   292.051     0.000   0.00E+00    -0.856     0.288   277.761
   950.000     0.552     3.172     0.001     0.807     0.750    -1.380     0.430     0.000    18.869     0.000   -12.336     0.000     0.000   292.044     0.000   0.00E+00    -1.133     0.322   273.728
   900.000    -3.251     2.360    -0.127     0.742     1.393    -1.411     0.000     0.000    18.868     0.000   -14.710     0.000     2.196   289.462     0.000   0.11E-01    -0.381     0.345   269.735
   850.000    -6.768     1.615     0.367     0.662     1.487    -1.506     0.000     0.000    17.493    -2.194   -10.356     2.584     2.375   287.634     0.049   0.31E+00     0.188     0.379   266.778
   800.000   -10.370     1.038     0.595     0.547     1.613    -1.633     0.000     0.000    15.922    -2.375    -7.601     2.776     1.424   286.247     0.016   0.27E+00     0.619     0.411   263.520
   750.000   -14.096     0.561     0.562     0.396     1.587    -1.608     0.000     0.000    14.668    -1.422    -6.180     2.100     0.376   287.151     0.002   0.17E+00     0.863     0.435   259.917
   700.000   -18.002     0.283     0.368     0.281     1.486    -1.508     0.000     0.000    14.453    -0.354    -5.195     1.883     0.498   286.259     0.001   0.13E+00     0.851     0.446   255.916
   650.000   -22.396     0.156     0.180     0.208     1.320    -1.343     0.000     0.000    14.104    -0.472    -4.310     1.705     0.343   287.297     0.000   0.10E+00     0.737     0.448   251.467
   600.000   -27.262     0.070    -0.019     0.167     1.114    -1.139     0.000     0.000    13.970    -0.317    -3.315     1.649     0.383   288.524     0.001   0.83E-01     0.552     0.438   246.525
   550.000   -32.617     0.033    -0.167     0.144     0.808    -0.835     0.000     0.000    13.908    -0.362    -2.413     1.798     0.165   289.083     0.001   0.69E-01     0.379     0.418   241.045
   500.000   -38.678     0.024    -0.225     0.171     0.630    -0.658     0.000     0.000    14.387    -0.153    -1.512     2.127     0.010   289.351     0.004   0.44E-01     0.227     0.385   234.988
   450.000   -45.380     0.021    -0.221     0.301     0.618    -0.650     0.000     0.000    15.954     0.000    -0.695     3.097     0.078   289.413     0.031   0.83E-01     0.101     0.343   228.314
   400.000   -52.666     0.015    -0.234     0.526     0.481    -0.515    -0.000     0.000    16.657     0.000    -0.246     3.142     1.355   289.836     0.129   0.90E-01     0.033     0.293   220.962
   350.000   -60.741     0.012    -0.234     0.748     0.419    -0.455     0.000     0.000    10.474     0.000    -0.062     2.741     8.043   289.976     0.152   0.24E-01     0.005     0.228   212.835
   300.000   -69.722     0.006    -0.336     0.988     0.139    -0.178     0.000     0.000     1.117     0.000    -0.006     0.212     9.526   290.307     0.412   0.90E-02     0.000     0.128   203.780
   250.000   -74.285     0.003    -4.000     1.004     0.018    -0.053     0.000     0.000     0.036     0.000    -0.000     0.000     1.081   295.433     0.207   0.80E-03    -0.000     0.028   193.375
   200.000   -73.092     0.001    -4.000     0.182    -0.002    -0.018     0.000     0.000     0.000     0.000    -0.000     0.000     0.036   308.178     0.000   0.11E-04    -0.000     0.003   180.722
   150.000   -74.125     0.001    -4.000     0.150     0.000    -0.005     0.000     0.000     0.000     0.000     0.000     0.000     0.000   323.781     0.000   0.63E-10    -0.000     0.000   164.455
   100.000   -73.176     0.001    -4.000     0.088     0.000    -0.000     0.000     0.000     0.000     0.000     0.000     0.000     0.000   346.375     0.000   0.00E+00     0.000     0.000   141.675
    80.000   -70.585     0.001    -4.000     0.049     0.000     0.003     0.000     0.000     0.000     0.000     0.000     0.000     0.000   362.766     0.000   0.00E+00     0.000     0.000     0.000
    60.000   -64.136     0.001     0.000     0.015     0.000     0.011     0.000     0.000     0.000     0.000     0.000     0.000     0.000   385.449     0.000   0.00E+00     0.000     0.000     0.000
    40.000   -55.482     0.001     0.000     0.004     0.000     0.022     0.000     0.000     0.000     0.000     0.000     0.000     0.000   417.822     0.000   0.00E+00     0.000     0.000     0.000
    30.000   -48.992     0.001     0.000     0.001     0.000     0.030     0.000     0.000     0.000     0.000     0.000     0.000     0.000   441.909     0.000   0.00E+00     0.000     0.000     0.000
    25.000   -37.491     0.001     0.000     0.000     0.000     0.046     0.000     0.000     0.000     0.000     0.000     0.000     0.000   465.355     0.000   0.00E+00    -0.001     0.000     0.000
