  1000.000     3.226     3.051    -0.000     0.674    -1.527    -1.236     2.758     0.000     0.000     0.000     0.000     0.000     0.000   303.193     0.000   0.00E+00    -1.053     0.339   276.334
   950.000    -0.872     2.893     0.001     0.848     1.295    -1.526     0.122     0.000    16.689     0.000   -13.110     0.000     0.000   303.183     0.000   0.00E+00    -1.898     0.374   272.321
   900.000    -4.634     2.064    -0.172     0.750     1.500    -1.560     0.000     0.000    16.689     0.000   -11.891     0.000     1.929   299.574     0.001   0.50E-01    -0.708     0.400   268.454
   850.000    -8.175     1.374     0.289     0.676     1.497    -1.559     0.000     0.000    15.503    -1.929    -9.233     2.271     1.870   297.633     0.035   0.23E+00    -0.039     0.434   265.425
   800.000   -11.805     0.867     0.480     0.576     1.560    -1.623     0.000     0.000    14.220    -1.870    -7.074     2.274     1.129   296.272     0.013   0.24E+00     0.472     0.466   262.091
   750.000   -15.588     0.495     0.446     0.454     1.533    -1.598     0.000     0.000    13.247    -1.084    -5.967     1.779     0.455   296.143     0.002   0.18E+00     0.765     0.490   258.410
   700.000   -19.635     0.251     0.295     0.356     1.450    -1.517     0.000     0.000    12.931    -0.366    -5.210     1.587     0.416   295.712     0.001   0.14E+00     0.830     0.503   254.334
   650.000   -24.067     0.121     0.129     0.290     1.332    -1.401     0.000     0.000    12.676    -0.318    -4.533     1.476     0.352   295.957     0.000   0.10E+00     0.781     0.507   249.819
   600.000   -28.926     0.057    -0.047     0.247     1.180    -1.251     0.000     0.000    12.546    -0.256    -3.740     1.437     0.356   296.472     0.000   0.82E-01     0.663     0.500   244.822
   550.000   -34.288     0.026    -0.182     0.219     0.927    -1.002     0.000     0.000    12.514    -0.281    -2.919     1.592     0.118   297.118     0.000   0.77E-01     0.513     0.484   239.305
   500.000   -40.327     0.020    -0.223     0.244     0.823    -0.901     0.000     0.000    13.039    -0.066    -2.020     1.920     0.039   297.765     0.002   0.50E-01     0.358     0.456   233.233
   450.000   -46.996     0.017    -0.200     0.345     0.837    -0.918     0.000     0.000    14.073     0.000    -1.109     2.555     0.290   297.971     0.029   0.14E+00     0.226     0.418   226.565
   400.000   -54.315     0.015    -0.186     0.503     0.737    -0.822     0.000     0.000    15.532     0.000    -0.506     3.588     1.107   298.722     0.103   0.14E+00     0.146     0.364   219.240
   350.000   -62.412     0.014    -0.163     0.733     0.665    -0.755    -0.000     0.000     7.746     0.000    -0.200     1.720     8.793   299.114     0.200   0.76E-01     0.082     0.297   211.159
   300.000   -71.025     0.005    -0.297     0.848     0.360    -0.453     0.000     0.000     2.456     0.000    -0.078     0.438     5.602   299.169     0.334   0.45E-01     0.044     0.197   202.158
   250.000   -74.796     0.003    -3.573     0.929     0.220    -0.303     0.000     0.000     1.108     0.000    -0.022     0.204     1.494   302.840     0.393   0.23E-01     0.008     0.109   191.793
   200.000   -73.203     0.001    -4.000     0.323     0.105    -0.165     0.000     0.000     0.303     0.000    -0.003     0.054     0.842   314.479     0.072   0.84E-02    -0.000     0.065   179.157
   150.000   -73.721     0.001    -4.000     0.201     0.011    -0.046     0.000     0.000     0.004     0.000    -0.000     0.000     0.299   328.837     0.026   0.50E-03    -0.000     0.025   162.876
   100.000   -71.926     0.001    -4.000     0.065    -0.003     0.006     0.000     0.000     0.000     0.000    -0.000     0.000     0.004   352.820     0.000   0.28E-05     0.000     0.001   139.997
    80.000   -68.538     0.001    -4.000     0.031     0.000     0.009     0.000     0.000     0.000     0.000     0.000     0.000     0.000   369.000     0.000   0.00E+00     0.000     0.000     0.000
    60.000   -60.869     0.001     0.000     0.009     0.000     0.024     0.000     0.000     0.000     0.000     0.000     0.000     0.000   393.116     0.000   0.00E+00     0.000     0.000     0.000
    40.000   -50.647     0.001     0.000     0.002     0.000     0.045     0.000     0.000     0.000     0.000     0.000     0.000     0.000   427.647     0.000   0.00E+00     0.000     0.000     0.000
    30.000   -42.422     0.001     0.000     0.001     0.000     0.061     0.000     0.000     0.000     0.000     0.000     0.000     0.000   453.629     0.000   0.00E+00     0.000     0.000     0.000
    25.000   -26.096     0.001     0.000     0.000     0.000     0.094     0.000     0.000     0.000     0.000     0.000     0.000     0.000   480.542     0.000   0.00E+00    -0.001     0.000     0.000
