     0.250     0.353     8.511    46.019    45.371    12.068    14.716   270.871   298.763    73.704   922.610     0.125   212.226
     0.500     0.998     7.743    45.732    44.985    11.627    14.999   270.915   296.357    71.282   928.263     0.375   211.994
     0.750     2.239     7.294    45.451    44.755    11.232    15.207   270.946   294.807    69.857  1012.500     0.625   211.766
     1.000     3.430     7.040    45.212    44.601    10.909    15.378   270.970   293.582    69.327   931.899     0.875   211.544
     1.250     4.073     6.874    45.020    44.488    10.648    15.542   270.986   292.556    68.916   932.761     1.125   211.326
     1.500     4.657     6.760    44.873    44.402    10.455    15.702   270.989   291.957    68.659   933.225     1.375   211.114
     1.750     5.515     6.680    44.764    44.333    10.292    15.885   270.985   291.725    68.487   933.523     1.625   210.906
     2.000     6.062     6.627    44.682    44.276    10.161    16.091   270.979   291.595    68.399   933.656     1.875   210.704
     2.250     6.434     6.596    44.619    44.228    10.090    16.304   270.973   291.399    68.360   933.692     2.125   210.507
     2.500     6.611     6.582    44.566    44.183    10.142    16.487   270.965   291.392    68.379   933.609     2.375   210.316
     2.750     6.745     6.573    44.517    44.140    10.284    16.633   270.959   291.393    68.415   933.490     2.625   210.130
     3.000     6.780     6.566    44.471    44.098    10.420    16.777   270.952   291.421    68.461   933.353     2.875   209.949
     3.250     6.814     6.560    44.426    44.057    10.551    16.916   270.945   291.459    68.505   933.222     3.125   209.772
     3.500     6.835     6.555    44.382    44.017    10.674    17.048   270.937   291.528    68.551   933.082     3.375   209.600
     3.750     6.847     6.548    44.338    43.978    10.790    17.174   270.930   291.580    68.593   932.956     3.625   209.432
     4.000     5.894     6.425    44.251    43.953    10.848    17.236   270.935   291.485    68.230   933.709     3.875   209.268
     4.250     5.309     6.084    44.188    43.935    10.853    17.249   270.947   291.323    67.489   935.450     4.125   209.109
     4.500     7.076     5.631    44.465    44.065    10.704    17.053   270.981   290.766    65.163   941.041     4.375   208.950
     4.750     6.414     5.435    44.865    44.299    10.536    16.873   270.999   290.485    63.951   944.014     4.625   208.792
     5.000     7.093     5.355    45.241    44.581    10.366    16.693   271.011   290.324    63.323   945.673     4.875   208.637
     5.250     6.624     5.747    45.518    44.866    10.195    16.514   271.017   290.234    64.322   943.762     5.125   208.483
     5.500    15.666     6.622    45.515    44.633    10.702    17.104   270.978   291.192    68.153   934.698     5.375   208.332
     5.750     1.924     5.914    45.146    44.709    10.569    16.907   271.013   290.763    65.902   939.989     5.625   208.183
     6.000     8.059     7.580    45.396    44.784    10.554    16.921   271.007   291.012    66.740   938.205     5.875   208.035
     6.250    11.668     6.433    45.301    44.597    10.896    17.263   270.974   291.527    67.748   935.592     6.125   207.891
     6.500     2.938     5.800    45.102    44.695    10.727    17.075   271.008   290.970    65.590   940.735     6.375   207.748
     6.750    14.150     7.822    45.414    44.567    11.206    17.523   270.957   291.831    69.661   931.158     6.625   207.607
     7.000     8.605     6.627    45.169    44.392    11.225    17.663   270.933   292.057    68.660   933.272     6.875   207.471
     7.250     2.031     5.903    44.843    44.460    11.083    17.462   270.975   291.492    66.239   938.977     7.125   207.339
     7.500     8.281     7.115    45.131    44.528    11.083    17.507   270.976   291.725    67.306   936.635     7.375   207.210
     7.750    13.793     6.836    45.147    44.320    11.483    17.884   270.910   292.526    69.558   931.123     7.625   207.085
     8.000     1.903     6.029    44.804    44.354    11.239    17.721   270.952   292.073    66.809   937.604     7.875   206.964
     8.250     8.295     7.013    44.962    44.371    11.398    17.825   270.949   292.293    68.317   933.988     8.125   206.843
     8.500    11.583     7.209    44.971    44.188    11.760    18.127   270.889   292.923    70.402   929.511     8.375   206.727
     8.750     4.687     6.375    44.664    44.112    11.560    18.081   270.919   292.775    68.322   933.719     8.625   206.615
     9.000     6.629     5.929    44.459    44.174    11.494    17.920   270.945   293.950    66.840   937.300     8.875   206.507
     9.250     5.881     5.573    44.827    44.344    11.320    17.723   270.973   293.217    64.986   941.767     9.125   206.401
     9.500    15.534     6.850    45.095    44.246    11.853    18.077   270.912   293.251    69.877   930.860     9.375   206.298
     9.750     2.437     6.262    44.741    44.272    11.464    17.963   270.939   294.129    67.283   936.426     9.625   206.207
    10.000    10.211     7.119    44.841    44.167    11.858    18.170   270.893   293.570    70.100   930.266     9.875   206.111
    10.250     5.534     6.107    44.557    44.155    11.548    18.068   270.921   294.516    67.495   935.722    10.125   206.018
    10.500     8.445     6.917    44.670    44.109    11.826    18.180   270.893   293.838    69.446  1012.500    10.375   205.927
    10.750     7.164     6.841    44.571    44.003    11.786    18.300   270.878   293.756    69.826   930.754    10.625   205.838
    11.000     5.923     6.705    44.416    43.928    11.805    18.302   270.884   293.663    69.491   931.262    10.875   205.754
    11.250     7.188     6.037    44.205    43.929    11.707    18.158   270.913   294.785    67.627   935.180    11.125   205.673
    11.500     6.585     6.367    44.479    44.005    11.678    18.089   270.923   294.361    67.399   935.783    11.375   205.591
    11.750     8.996     6.038    44.411    44.018    11.652    18.090   270.909   294.921    67.414   935.766    11.625   205.512
    12.000     7.602     6.706    44.576    44.045    11.762    18.149   270.901   294.176    68.672   932.922    11.875   205.434
    12.250     8.605     6.222    44.470    44.009    11.709    18.152   270.891   295.060    68.107   934.090    12.125   205.361
    12.500     5.420     6.551    44.503    44.046    11.665    18.160   270.901   294.465    68.094   934.240    12.375   205.287
    12.750    10.153     6.339    44.491    43.996    11.745    18.196   270.878   295.315    68.580   933.073    12.625   205.217
    13.000     4.547     6.484    44.449    44.026    11.668    18.161   270.892   294.825    67.997   934.444    12.875   205.147
    13.250    10.553     6.417    44.478    43.971    11.741    18.247   270.866   296.004    68.936   932.286    13.125   205.080
    13.500     4.462     6.540    44.404    43.991    11.723    18.216   270.880   294.998    68.509   933.223    13.375   205.014
    13.750    10.463     6.539    44.430    43.927    11.749    18.308   270.849   294.499    69.307  1012.500    13.625   204.950
    14.000     3.282     6.370    44.300    43.942    11.690    18.187   270.879   295.119    67.992   934.364    13.875   204.888
    14.250     8.221     6.696    44.399    43.892    11.805    18.315   270.848   294.435    69.573   931.107    14.125   204.829
    14.500     5.653     6.622    44.210    43.922    11.655    18.158   270.877   295.213    67.642   935.152    14.375   204.773
    14.750    10.228     6.746    44.364    43.860    11.780    18.310   270.848   294.865    69.787   930.635    14.625   204.719
    15.000     5.564     6.098    44.166    43.845    11.644    18.179   270.869   295.103    68.043   934.068    14.875   204.667
    15.250     7.241     6.613    44.280    43.830    11.797    18.131   270.850   294.317    69.256  1012.500    15.125   204.617
    15.500     5.457     5.806    44.162    43.893    11.479    17.993   270.875   294.793    66.895   936.882    15.375   204.568
    15.750    10.847     6.200    44.360    43.910    11.526    17.989   270.853   295.025    68.250   933.698    15.625   204.520
    16.000     4.022     6.632    44.414    44.013    11.396    17.831   270.873   294.963    66.865   937.124    15.875   204.473
    16.250    11.904     6.369    44.503    43.959    11.490    17.970   270.840   295.470    68.799   932.577    16.125   204.428
    16.500     3.594     6.389    44.394    44.005    11.404    17.867   270.862   295.087    67.751   934.997    16.375   204.384
    16.750    11.066     6.404    44.454    43.950    11.491    17.965   270.832   295.540    69.018   932.005    16.625   204.341
    17.000     4.062     6.469    44.369    43.980    11.430    17.894   270.849   295.225    68.192   933.897    16.875   204.301
    17.250    10.696     6.445    44.416    43.919    11.532    17.973   270.824   295.331    69.239   931.451    17.125   204.261
    17.500     3.724     6.413    44.318    43.946    11.430    17.894   270.844   295.298    68.121   934.013    17.375   204.223
    17.750    11.085     6.518    44.395    43.886    11.533    18.018   270.813   292.982    69.387  1012.500    17.625   204.186
    18.000     3.322     6.375    44.261    43.905    11.447    17.910   270.839   295.414    68.118   933.978    17.875   204.150
    18.250    10.601     6.580    44.366    43.851    11.573    18.056   270.806   294.913    69.808   930.592    18.125   204.116
    18.500     4.165     6.433    44.221    43.873    11.495    17.961   270.826   295.558    68.702   932.701    18.375   204.088
    18.750     7.539     6.674    44.281    43.820    11.570    18.065   270.805   294.865    69.763   930.653    18.625   204.057
    19.000     6.353     6.360    44.140    43.826    11.481    17.969   270.825   295.551    68.605   932.862    18.875   204.033
    19.250     8.840     6.719    44.212    43.771    11.566    18.025   270.802   294.917    70.007   929.987    19.125   204.005
    19.500     4.936     5.971    44.027    43.803    11.415    17.827   270.837   294.998    67.450   935.437    19.375   203.978
    19.750     9.702     6.111    44.150    43.801    11.348    17.820   270.817   295.560    68.208   933.685    19.625   203.958
    20.000     5.374     6.408    44.306    43.866    11.318    17.773   270.826   295.140    67.922   934.456    19.875   203.933
    20.250     9.363     6.132    44.275    43.860    11.275    17.762   270.809   295.623    68.157   933.853    20.125   203.914
    20.500     7.095     6.661    44.361    43.871    11.412    17.790   270.801   295.227    69.229   931.424    20.375   203.891
    20.750     7.242     6.104    44.228    43.857    11.315    17.718   270.803   295.605    68.113   933.945    20.625   203.870
    21.000     7.215     6.664    44.361    43.869    11.374    17.800   270.796   295.162    69.227   931.426    20.875   203.849
    21.250     7.746     6.155    44.240    43.845    11.327    17.730   270.795   295.738    68.310   933.514    21.125   203.829
    21.500     6.805     6.678    44.324    43.857    11.361    17.823   270.789   295.257    69.308   931.223    21.375   203.811
    21.750     7.861     6.190    44.219    43.826    11.279    17.775   270.788   295.866    68.486   933.119    21.625   203.799
    22.000     6.916     6.681    44.275    43.816    11.418    17.856   270.777   295.376    69.579   931.047    21.875   203.783
    22.250     7.353     6.210    44.148    43.782    11.366    17.775   270.782   295.863    68.651   932.720    22.125   203.768
    22.500     6.589     6.621    44.219    43.783    11.392    17.860   270.777   295.357    69.217  1012.500    22.375   203.754
    22.750     8.178     6.271    44.140    43.745    11.422    17.816   270.774   296.017    68.901   932.046    22.625   203.747
    23.000     5.861     6.593    44.141    43.757    11.427    17.879   270.772   295.508    69.368  1012.500    22.875   203.735
    23.250     9.543     6.326    44.071    43.703    11.409    17.824   270.769   296.319    69.212   931.267    23.125   203.722
    23.500     4.434     6.350    44.107    43.740    11.324    17.680   270.791   294.720    68.246   933.542    23.375   203.713
    23.750     6.827     5.815    44.053    43.797    11.122    17.593   270.792   295.500    67.161   936.171    23.625   203.704
    24.000     8.767     6.729    44.410    43.837    11.276    17.712   270.772   295.177    69.147   931.581    23.875   203.696
    24.250     7.241     6.070    44.242    43.835    11.208    17.596   270.773   295.729    67.966   934.323    24.125   203.689
    24.500     7.696     6.752    44.347    43.839    11.285    17.727   270.761   295.293    69.403  1012.500    24.375   203.683
    24.750     6.255     6.018    44.166    43.842    11.133    17.604   270.772   295.875    67.866   934.563    24.625   203.677
    25.000     8.987     6.807    44.313    43.791    11.366    17.748   270.742   295.179    70.012   930.089    24.875   203.672
    25.250     4.928     5.956    44.081    43.811    11.194    17.581   270.769   295.819    67.711   934.882    25.125   203.669
    25.500     9.322     6.766    44.270    43.758    11.360    17.771   270.736   295.385    69.952   930.183    25.375   203.667
    25.750     5.395     6.361    44.093    43.773    11.230    17.661   270.755   296.132    68.569   932.886    25.625   203.665
    26.000     8.481     6.722    44.188    43.716    11.370    17.809   270.729   295.367    70.047   929.831    25.875   203.664
    26.250     5.594     6.381    44.026    43.732    11.252    17.703   270.750   296.137    68.824   932.212    26.125   203.664
    26.500    11.198     6.378    44.058    43.685    11.267    17.750   270.737   296.563    69.258  1012.500    26.375   203.665
    26.750     6.348     6.608    44.058    43.689    11.283    17.631   270.742   295.108    69.218  1012.500    26.625   203.668
    27.000     3.702     5.739    44.048    43.770    11.070    17.444   270.765   295.666    66.843   936.875    26.875   203.667
    27.250    11.494     6.478    44.403    43.789    11.272    17.594   270.733   295.633    69.566   931.054    27.125   203.670
    27.500     2.481     6.185    44.155    43.863    10.982    17.425   270.764   295.988    67.236   936.087    27.375   203.674
    27.750    12.269     6.563    44.342    43.783    11.199    17.631   270.711   294.690    69.708   930.808    27.625   203.678
    28.000     4.326     6.655    44.206    43.795    11.157    17.586   270.728   296.238    69.219  1012.500    27.875   203.683
    28.250     8.619     6.360    44.158    43.730    11.152    17.627   270.719   296.556    69.248   931.216    28.125   203.692
    28.500     6.412     6.724    44.144    43.705    11.239    17.694   270.713   296.058    69.905   930.224    28.375   203.698
    28.750     8.594     6.116    43.985    43.680    11.209    17.598   270.732   297.183    68.444   933.054    28.625   203.705
    29.000     7.025     6.127    43.983    43.690    11.130    17.503   270.725   296.499    68.496   932.956    28.875   203.713
    29.250     4.664     6.719    44.178    43.794    10.987    17.360   270.749   295.781    67.133   936.271    29.125   203.721
    29.500     7.360     6.338    44.122    43.830    10.907    17.340   270.751   296.043    67.436   935.523    29.375   203.732
    29.750    10.422     6.936    44.336    43.733    11.208    17.629   270.694   295.755    70.453   928.893    29.625   203.740
    30.000     5.545     6.279    44.099    43.707    11.110    17.491   270.714   296.146    68.620   932.706    29.875   203.749
    30.250     8.061     6.764    44.145    43.660    11.216    17.640   270.692   295.742    70.107   929.618    30.125   203.759
    30.500    12.056     6.572    44.021    43.605    11.209    17.620   270.696   296.210    69.696   930.567    30.375   203.775
    30.750     6.561     6.722    43.976    43.538    11.168    17.582   270.676   295.258    70.338   928.918    30.625   203.790
    31.000     5.760     6.605    43.874    43.474    11.103    17.518   270.674   294.861    70.033   929.562    30.875   203.807
    31.250     6.429     6.529    43.796    43.433    11.053    17.464   270.671   294.884    69.790   930.171    31.125   203.825
    31.500     7.044     6.379    43.721    43.454    10.967    17.363   270.681   294.988    69.057  1012.500    31.375   203.844
    31.750     7.160     5.882    43.653    43.483    10.819    17.261   270.694   295.587    67.801   934.198    31.625   203.861
    32.000     7.197     6.248    44.030    43.593    10.762    17.148   270.704   295.049    67.405   935.338    31.875   203.880
    32.250    11.756     6.327    44.081    43.561    10.861    17.319   270.667   296.250    69.102   931.356    32.125   203.897
    32.500     3.074     6.543    43.960    43.645    10.742    17.139   270.693   295.606    67.426   935.346    32.375   203.917
    32.750    13.031     6.555    44.121    43.576    10.966    17.353   270.644   295.353    69.831   930.244    32.625   203.937
    33.000     2.471     6.790    43.909    43.613    10.810    17.209   270.677   295.928    68.060   933.801    32.875   203.959
    33.250    12.109     6.588    44.044    43.549    10.984    17.391   270.638   295.454    70.002   929.730    33.125   203.980
    33.500     2.121     6.196    43.831    43.601    10.785    17.209   270.678   295.808    67.591   934.899    33.375   204.003
    33.750    11.592     6.761    44.050    43.537    11.037    17.416   270.636   295.487    70.099   929.485    33.625   204.026
    34.000     2.685     5.851    43.810    43.586    10.799    17.239   270.671   296.160    67.467   935.157    33.875   204.050
    34.250    14.263     6.455    44.028    43.550    10.967    17.405   270.640   294.622    69.499   930.968    34.125   204.075
    34.500     2.155     6.619    43.888    43.608    10.832    17.219   270.667   296.823    67.806   934.437    34.375   204.099
    34.750     7.347     5.933    43.847    43.615    10.726    17.161   270.660   296.321    67.763   934.529    34.625   204.123
    35.000     7.421     6.637    44.150    43.675    10.820    17.140   270.662   295.806    68.652   932.595    34.875   204.148
    35.250     5.590     6.465    44.049    43.748    10.650    17.002   270.678   295.973    67.274   935.791    35.125   204.172
    35.500    13.231     6.720    44.244    43.629    10.944    17.283   270.614   295.723    70.373   928.944    35.375   204.195
    35.750     2.784     6.504    44.008    43.645    10.775    17.176   270.639   296.370    68.893   931.938    35.625   204.221
    36.000    10.329     6.529    44.038    43.561    10.895    17.305   270.618   295.759    69.792   930.306    35.875   204.248
    36.250     5.235     6.702    43.953    43.546    10.912    17.312   270.617   296.182    69.789   930.293    36.125   204.274
    36.500     8.391     6.409    43.880    43.476    10.958    17.315   270.615   296.279    69.463   930.966    36.375   204.300
    36.750     7.680     6.611    43.826    43.488    10.908    17.288   270.610   299.123    69.552   930.740    36.625   204.326
    37.000     4.714     6.576    43.712    43.503    10.775    17.146   270.638   296.521    68.149   933.489    36.875   204.356
    37.250     7.058     5.831    43.721    43.527    10.689    17.031   270.640   296.132    67.434   935.152    37.125   204.387
    37.500     9.699     6.167    43.964    43.554    10.693    17.056   270.625   295.938    68.507   932.773    37.375   204.417
    37.750     5.494     6.647    43.988    43.583    10.695    17.056   270.621   296.108    68.942   931.743    37.625   204.444
    38.000     8.471     6.198    43.926    43.537    10.726    17.077   270.607   296.533    68.676   932.390    37.875   204.472
    38.250     6.583     6.708    43.955    43.547    10.754    17.115   270.605   295.872    69.263   931.358    38.125   204.500
    38.500     6.850     6.083    43.834    43.524    10.661    17.090   270.606   296.464    68.302   933.178    38.375   204.525
    38.750     8.296     6.796    43.953    43.495    10.831    17.215   270.584   296.046    69.919   929.848    38.625   204.553
    39.000     5.991     6.060    43.773    43.480    10.682    17.112   270.599   296.343    68.256   933.229    38.875   204.581
    39.250     8.362     6.758    43.895    43.446    10.852    17.255   270.577   295.858    69.993   929.608    39.125   204.609
    39.500     4.846     5.949    43.686    43.458    10.684    17.114   270.601   296.468    67.891   933.994    39.375   204.639
    39.750    12.731     6.333    43.807    43.426    10.850    17.197   270.579   297.117    69.141  1012.500    39.625   204.671
    40.000     4.395     6.516    43.784    43.453    10.767    17.072   270.594   296.342    68.954   931.555    39.875   204.701
    40.250     5.439     5.746    43.751    43.521    10.517    16.935   270.607   296.125    66.977   936.260    40.125   204.730
    40.500    11.071     6.378    44.044    43.530    10.686    17.017   270.578   294.946    69.192   931.086    40.375   204.758
    40.750     2.741     6.356    43.889    43.578    10.527    16.900   270.597   296.144    67.940   934.007    40.625   204.787
    41.000    11.523     6.522    43.989    43.483    10.733    17.085   270.557   296.466    69.708   930.392    40.875   204.816
    41.250     3.501     6.470    43.819    43.510    10.609    16.985   270.579   296.232    68.690   932.240    41.125   204.845
    41.500    10.514     6.463    43.871    43.429    10.766    17.106   270.552   296.430    69.592   930.583    41.375   204.876
    41.750     4.943     6.626    43.782    43.441    10.698    17.091   270.561   295.987    69.398   931.038    41.625   204.905
    42.000    13.217     7.354    43.764    43.379    10.725    17.124   270.546   296.129    70.043   929.398    41.875   204.931
    42.250    11.753     7.255    43.393    43.104    10.574    16.912   270.493   295.706    71.711   924.720    42.125   208.736
    42.500     7.961     7.124    42.990    42.872    10.422    16.745   270.480   296.796    71.409   925.096    42.375   210.942
    42.750     9.936     7.037    42.633    42.654    10.260    16.579   270.462   297.254    71.021   925.714    42.625   213.218
    43.000    12.319     6.999    42.302    42.442    10.014    16.304   270.430   298.386    70.765   926.012    42.875   215.421
    43.250    14.547     6.963    41.966    42.221     9.664    15.742   270.374   300.696    70.773   925.629    43.125   217.168
    43.500    15.648     6.901    41.640    41.998     9.509    14.963   270.311   303.249    70.795   925.219    43.375   218.366
    43.750    15.309     6.721    41.361    41.790     9.461    14.122   270.249   305.720    70.558   925.501    43.625   219.125
    44.000    21.927     6.491    41.181    41.480    10.103    12.746   270.171   310.188    69.518   927.711    43.875   219.979
    44.250    19.013     6.186    41.088    41.231    10.830    11.648   270.089   314.279    68.282   930.533    44.125   220.549
    44.500    20.259     5.945    40.996    41.039    11.894    10.636   269.993   319.618    67.455  1012.500    44.375   221.088
    44.750    10.788     5.860    40.974    40.994    12.490    10.286   269.952   320.630    67.426   931.767    44.625   221.262
    45.000    11.858     5.900    40.910    40.934    13.298     9.965   269.895   321.755    67.655   938.366    44.875   221.379
    45.250    10.327     7.130    40.840    40.897    13.897     9.893   269.842   322.209    67.885   939.296    45.125   221.394
    45.500     9.400     5.858    40.812    40.870    14.308     9.983   269.798   322.000    67.905   939.274    45.375   221.345
    45.750     8.140     5.899    40.760    40.861    14.606    10.126   269.759   321.038    68.212   937.892    45.625   221.252
    46.000     7.557     5.947    40.735    40.850    14.753    10.310   269.736   320.087    68.334   937.177    45.875   221.187
    46.250     8.326     6.093    40.701    40.842    14.875    10.524   269.708   319.619    68.535   936.900    46.125   221.138
    46.500    10.289     6.069    40.611    40.804    15.144    10.762   269.657   320.138    69.042   939.188    46.375   220.889
    46.750     8.431     6.104    40.558    40.778    15.284    10.964   269.623   319.689    69.308   939.246    46.625   220.497
    47.000     8.231     6.100    40.489    40.752    15.396    11.168   269.586   318.758    69.651   939.321    46.875   220.141
    47.250     7.575     7.155    40.453    40.726    15.297    11.374   269.567   319.442    69.754   939.493    47.125   219.953
    47.500     7.432     6.105    40.425    40.700    15.228    11.543   269.548   319.318    69.862   939.592    47.375   219.746
    47.750     7.077     6.125    40.395    40.679    15.180    11.654   269.533   318.891    69.956   939.037    47.625   219.522
    48.000     6.647     6.127    40.361    40.661    15.166    11.729   269.521   318.115    70.105   938.193    47.875   219.319
    48.250     7.023     6.145    40.333    40.635    15.188    11.810   269.505   317.530    70.251   937.715    48.125   219.047
    48.500     7.065     6.156    40.305    40.606    15.208    11.899   269.490   317.000    70.355   937.392    48.375   218.891
    48.750     7.112     6.164    40.275    40.574    15.218    11.991   269.475   316.600    70.424   937.199    48.625   218.846
    49.000     7.132     6.169    40.243    40.541    15.219    12.084   269.461   316.207    70.498   937.084    48.875   218.705
    49.250     7.238     6.170    40.205    40.506    15.229    12.174   269.445   316.026    70.593   937.045    49.125   218.474
    49.500     7.114     6.164    40.170    40.473    15.225    12.259   269.432   315.754    70.662   936.830    49.375   218.175
    49.750     7.092     6.160    40.136    40.440    15.211    12.337   269.419   315.481    70.692   936.674    49.625   218.072
    50.000     7.205     6.153    40.100    40.408    15.186    12.409   269.407   315.397    70.718   936.838    49.875   218.107
    50.250     7.152     6.147    40.068    40.377    15.165    12.473   269.395   315.324    70.743   936.840    50.125   218.069
    50.500     7.136     6.141    40.037    40.347    15.146    12.532   269.384   315.230    70.776   936.808    50.375   217.978
    50.750     7.396     6.131    40.001    40.316    15.131    12.583   269.371   315.386    70.840   937.049    50.625   217.845
    51.000     7.050     6.130    39.975    40.289    15.110    12.621   269.360   315.144    70.856   936.743    50.875   217.686
    51.250     7.069     6.126    39.948    40.262    15.090    12.653   269.349   315.052    70.901   936.520    51.125   217.501
    51.500     7.052     6.135    39.922    40.236    15.068    12.682   269.339   314.891    70.945   936.237    51.375   217.299
    51.750     6.998     6.118    39.895    40.211    15.045    12.706   269.329   314.759    70.989   935.856    51.625   217.081
    52.000     6.996     6.115    39.868    40.186    15.021    12.729   269.319   314.624    71.041   935.528    51.875   216.847
    52.250     6.985     6.108    39.842    40.161    14.996    12.749   269.309   314.502    71.097   935.195    52.125   216.600
    52.500     6.967     6.110    39.815    40.137    14.969    12.765   269.300   314.370    71.152   934.810    52.375   216.341
    52.750     6.956     6.107    39.789    40.113    14.940    12.779   269.291   314.250    71.209   934.425    52.625   216.070
    53.000     7.094     6.104    39.760    40.088    14.905    12.789   269.281   314.294    71.246   934.404    52.875   216.064
    53.250     7.255     6.107    39.730    40.064    14.868    12.796   269.272   314.525    71.248   934.668    53.125   216.275
    53.500     7.255     6.101    39.702    40.039    14.837    12.798   269.262   314.711    71.250   934.922    53.375   216.416
    53.750     7.248     6.089    39.675    40.015    14.812    12.797   269.253   314.887    71.257   935.143    53.625   216.505
    54.000    10.343     6.009    39.578    39.973    14.873    12.785   269.230   316.896    71.682   939.662    53.875   216.549
    54.250     7.227     5.947    39.606    39.953    14.678    12.751   269.232   318.536    71.421   940.297    54.125   216.361
    54.500     7.406     5.942    39.628    39.943    14.495    12.697   269.231   319.792    71.371   940.690    54.375   216.234
    54.750     7.188     5.939    39.644    39.938    14.272    12.694   269.230   320.737    71.354   940.563    54.625   216.101
    55.000     7.224     5.941    39.655    39.934    14.014    12.756   269.227   321.593    71.351   940.355    54.875   215.982
    55.250     7.414     5.946    39.656    39.930    13.768    12.830   269.224   322.409    71.389   940.267    55.125   215.886
    55.500     7.199     5.952    39.662    39.928    13.568    12.843   269.220   323.174    71.384   939.857    55.375   215.855
    55.750     6.960     5.958    39.668    39.926    13.421    12.791   269.215   322.715    71.395   939.012    55.625   215.665
    56.000     7.358     5.964    39.662    39.921    13.314    12.714   269.210   323.964    71.437   938.690    55.875   215.614
    56.250     7.357     5.964    39.658    39.914    13.200    12.634   269.203   324.793    71.423   938.364    56.125   215.642
    56.500     7.005     5.972    39.668    39.909    13.047    12.570   269.198   324.865    71.367   937.293    56.375   215.456
    56.750     7.154     5.982    39.660    39.901    12.968    12.466   269.191   325.036    71.430   936.685    56.625   215.333
    57.000     7.534     5.989    39.629    39.891    12.963    12.324   269.184   325.245    71.585   936.898    56.875   215.274
    57.250     7.206     5.987    39.620    39.879    12.881    12.230   269.174   325.750    71.573   936.399    57.125   215.251
    57.500     7.566     5.989    39.599    39.866    12.839    12.113   269.164   325.508    71.608   936.426    57.375   215.307
    57.750     7.141     5.996    39.585    39.853    12.790    11.996   269.158   326.000    71.676   935.868    57.625   215.175
    58.000     6.623     6.064    39.578    39.838    12.756    11.862   269.149   324.920    71.719   934.138    57.875   214.929
    58.250     7.140     6.164    39.516    39.811    13.004    11.549   269.130   324.684    71.932   933.258    58.125   214.824
    58.500     7.662     6.169    39.464    39.780    13.197    11.325   269.113   323.935    71.949   933.215    58.375   214.857
    58.750     7.628     6.170    39.444    39.750    13.274    11.218   269.096   323.560    71.863   932.767    58.625   214.805
    59.000     7.182     6.167    39.425    39.724    13.291    11.157   269.076   322.251    71.838   932.073    58.875   214.597
    59.250     8.156     6.172    39.366    39.695    13.410    11.043   269.059   322.605    72.055   932.829    59.125   214.543
    59.500     8.318     6.166    39.322    39.661    13.480    10.974   269.040   322.358    72.075   933.240    59.375   214.521
    59.750     7.663     6.165    39.306    39.632    13.437    10.959   269.020   321.660    72.011   933.275    59.625   214.403
    60.000     7.381     6.161    39.295    39.610    13.343    10.997   269.007   321.636    71.994   933.137    59.875   214.271
    60.250     7.886     6.148    39.255    39.586    13.415    10.903   268.994   321.703    72.147   933.758    60.125   214.184
    60.500     7.355     6.150    39.251    39.565    13.310    10.934   268.980   321.782    72.074   933.280    60.375   214.063
    60.750     7.884     6.140    39.219    39.543    13.362    10.843   268.966   321.869    72.165   933.625    60.625   213.963
    61.000     7.864     6.133    39.194    39.522    13.402    10.753   268.950   322.013    72.201   933.785    60.875   213.843
    61.250     7.925     6.130    39.174    39.503    13.447    10.638   268.934   322.235    72.225   933.992    61.125   213.710
    61.500     7.452     6.131    39.168    39.487    13.370    10.643   268.919   322.504    72.226   933.744    61.375   213.565
    61.750     7.726     6.131    39.147    39.469    13.348    10.595   268.907   323.462    72.305   933.923    61.625   213.447
    62.000     7.651     6.130    39.127    39.450    13.321    10.550   268.893   323.744    72.360   934.029    61.875   213.346
    62.250     7.616     6.126    39.098    39.432    13.343    10.465   268.880   323.304    72.475   934.366    62.125   213.219
    62.500     7.593     6.125    39.078    39.414    13.319    10.415   268.867   323.580    72.530   934.421    62.375   213.114
    62.750     7.291     6.126    39.074    39.395    13.192    10.444   268.854   323.835    72.481   933.906    62.625   213.008
    63.000     7.537     6.125    39.054    39.376    13.161    10.398   268.840   324.068    72.527   933.915    62.875   212.917
    63.250     7.518     6.124    39.034    39.357    13.129    10.354   268.827   324.283    72.573   933.902    63.125   212.833
    63.500     7.870     6.160    39.011    39.336    13.086    10.328   268.814   324.901    72.628   934.295    63.375   212.778
    63.750     7.529     6.160    39.001    39.318    12.959    10.350   268.806   325.832    72.624   934.576    63.625   212.728
    64.000     7.130     6.165    38.996    39.303    12.829    10.340   268.799   326.519    72.646   934.459    63.875   212.733
    64.250     6.437     5.958    38.994    39.289    12.720    10.294   268.796   326.782    72.673   933.802    64.125   212.562
    64.500     6.881     6.179    38.991    39.276    12.589    10.275   268.790   326.934    72.681   932.905    64.375   212.412
    64.750     6.926     6.206    38.974    39.259    12.472    10.269   268.784   327.154    72.751   932.461    64.625   212.313
    65.000     6.550     5.988    38.947    39.237    12.334    10.295   268.780   327.156    72.863   932.134    64.875   212.273
    65.250     6.908     6.209    38.921    39.215    12.179    10.333   268.773   327.404    72.895   931.569    65.125   212.255
    65.500     6.630     6.208    38.899    39.192    12.025    10.358   268.769   327.450    72.899   930.984    65.375   212.197
    65.750     6.433     5.988    38.875    39.168    11.905    10.352   268.766   327.019    72.935   930.315    65.625   212.053
    66.000     6.877     6.207    38.851    39.147    11.796    10.336   268.758   326.971    72.964   929.737    65.875   211.960
    66.250     6.935     5.983    38.816    39.121    11.727    10.296   268.751   327.006    73.012   929.659    66.125   211.944
    66.500     6.963     5.978    38.787    39.097    11.631    10.268   268.743   327.140    73.022   929.422    66.375   211.971
    66.750     6.377     6.089    38.755    39.074    11.632    10.175   268.735   326.653    72.991  1012.500    66.625   211.803
    67.000     5.962     6.146    38.688    39.034    11.937     9.902   268.723   324.688    73.269   927.685    66.875   211.660
    67.250     6.591     6.163    38.642    38.998    11.972     9.841   268.714   323.536    73.205   927.082    67.125   211.656
    67.500     6.613     6.167    38.618    38.964    11.900     9.863   268.702   322.480    73.097   926.152    67.375   211.583
    67.750     6.876     6.165    38.568    38.931    11.891     9.857   268.694   321.391    73.208   926.021    67.625   211.532
    68.000     6.800     6.177    38.540    38.897    11.798     9.898   268.682   320.581    73.154   925.331    67.875   211.387
    68.250     6.929     6.179    38.502    38.863    11.734     9.921   268.671   320.065    73.203   925.116    68.125   211.216
    68.500     7.283     6.172    38.458    38.829    11.675     9.940   268.660   319.942    73.257   925.425    68.375   211.226
    68.750     6.957     6.155    38.426    38.797    11.580     9.972   268.648   319.856    73.234   925.381    68.625   211.232
    69.000     7.052     6.142    38.392    38.768    11.502     9.987   268.638   319.826    73.258   925.534    68.875   211.262
    69.250     6.898     6.143    38.366    38.741    11.400    10.004   268.631   319.753    73.257   925.370    69.125   211.225
    69.500     6.579     6.153    38.344    38.715    11.332     9.991   268.624   319.221    73.284   924.667    69.375   211.063
    69.750     6.809     6.148    38.313    38.689    11.289     9.973   268.615   319.044    73.339   924.341    69.625   210.918
    70.000     6.958     6.142    38.279    38.662    11.259     9.954   268.607   318.693    73.396   924.120    69.875   210.774
    70.250     6.954     6.138    38.247    38.634    11.234     9.938   268.598   318.401    73.438   923.782    70.125   210.616
    70.500     7.377     6.124    38.207    38.605    11.221     9.922   268.584   318.559    73.502   924.182    70.375   210.623
    70.750     7.378     6.113    38.170    38.576    11.196     9.911   268.571   318.761    73.539   924.523    70.625   210.625
    71.000     6.832     6.098    38.148    38.552    11.114     9.923   268.560   318.876    73.523   924.378    70.875   210.606
    71.250     7.145     6.105    38.124    38.528    11.040     9.924   268.553   318.855    73.523   924.367    71.125   210.606
    71.500     6.853     6.098    38.105    38.506    10.951     9.923   268.542   319.063    73.517   924.182    71.375   210.598
    71.750     6.622     6.104    38.084    38.485    10.905     9.888   268.535   318.711    73.564   923.507    71.625   210.446
    72.000     6.796     6.083    38.055    38.462    10.893     9.843   268.527   317.988    73.623   923.031    71.875   210.302
    72.250     7.391     6.100    38.013    38.435    10.921     9.786   268.513   317.249    73.722   923.105    72.125   210.257
    72.500     7.544     6.094    37.976    38.406    10.891     9.763   268.499   317.440    73.764   923.690    72.375   210.231
    72.750     7.599     6.081    37.942    38.379    10.857     9.742   268.485   317.786    73.810   924.382    72.625   210.187
    73.000     7.321     6.072    37.919    38.355    10.792     9.734   268.474   318.057    73.818   924.631    72.875   210.145
    73.250     7.011     6.062    37.905    38.335    10.698     9.734   268.462   318.371    73.789   924.539    73.125   210.106
    73.500     7.305     6.060    37.883    38.315    10.638     9.709   268.453   318.586    73.824   924.732    73.375   210.067
    73.750     6.966     6.056    37.868    38.298    10.559     9.687   268.444   318.664    73.842   924.507    73.625   209.962
    74.000     6.974     6.056    37.850    38.280    10.504     9.650   268.434   318.642    73.887   924.247    73.875   209.847
    74.250     6.984     6.057    37.830    38.262    10.481     9.594   268.424   318.612    73.942   923.994    74.125   209.751
    74.500     6.997     6.055    37.808    38.243    10.459     9.542   268.413   318.527    73.978   923.748    74.375   209.662
    74.750     7.289     6.052    37.778    38.221    10.463     9.479   268.400   318.664    74.043   923.824    74.625   209.579
    75.000     6.765     6.004    37.760    38.202    10.427     9.441   268.392   318.463    74.051   923.372    74.875   209.493
    75.250     7.045     5.978    37.701    38.177    10.638     9.263   268.375   318.210    74.289   923.107    75.125   209.413
    75.500     7.366     5.981    37.639    38.145    10.879     9.088   268.352   317.756    74.413   923.144    75.375   209.384
    75.750     7.696     5.977    37.588    38.108    11.146     8.911   268.327   317.190    74.429   923.211    75.625   209.365
    76.000     7.620     5.974    37.529    38.071    11.485     8.702   268.305   316.732    74.567   923.831    75.875   209.295
    76.250     7.463     5.976    37.502    38.035    11.673     8.564   268.284   316.665    74.484   923.893    76.125   209.284
    76.500     7.403     5.970    37.463    38.003    11.802     8.467   268.271   316.221    74.551   924.653    76.375   209.242
    76.750     7.103     5.960    37.451    37.976    11.814     8.408   268.260   316.552    74.469   924.688    76.625   209.190
    77.000     7.127     5.944    37.419    37.953    11.857     8.360   268.250   317.515    74.564   925.218    76.875   209.177
    77.250     6.905     5.797    37.400    37.931    11.848     8.325   268.243   317.589    74.579   925.298    77.125   209.153
    77.500     6.699     5.792    37.385    37.912    11.807     8.301   268.236   317.601    74.606   925.053    77.375   209.081
    77.750     6.734     5.947    37.375    37.894    11.736     8.289   268.227   317.545    74.627   924.542    77.625   208.984
    78.000     6.535     5.953    37.357    37.874    11.651     8.300   268.221   317.464    74.674   924.093    77.875   208.896
    78.250     6.550     5.955    37.336    37.852    11.560     8.322   268.214   317.389    74.715   923.690    78.125   208.817
    78.500     6.677     5.953    37.309    37.830    11.498     8.335   268.203   317.444    74.768   923.359    78.375   208.743
    78.750     6.704     5.807    37.275    37.804    11.454     8.332   268.197   317.168    74.824   923.135    78.625   208.666
    79.000     7.044     5.960    37.246    37.780    11.391     8.328   268.186   317.207    74.853   922.968    78.875   208.591
    79.250     7.042     5.955    37.214    37.754    11.347     8.310   268.175   317.216    74.893   922.950    79.125   208.513
    79.500     6.902     5.785    37.183    37.729    11.307     8.284   268.161   317.380    74.920   923.051    79.375   208.437
    79.750     7.049     5.779    37.160    37.707    11.244     8.258   268.155   317.302    74.931   923.064    79.625   208.367
    80.000     6.804     5.771    37.143    37.687    11.163     8.235   268.144   317.449    74.925   922.817    79.875   208.305
    80.250     6.888     5.767    37.124    37.668    11.077     8.217   268.136   317.498    74.944   922.717    80.125   208.255
    80.500     6.789     5.768    37.105    37.649    10.996     8.208   268.127   317.553    74.980   922.471    80.375   208.213
    80.750     6.813     5.768    37.082    37.628    10.916     8.203   268.119   317.557    75.023   922.361    80.625   208.180
    81.000     6.651     5.765    37.065    37.609    10.804     8.208   268.112   317.577    75.030   922.097    80.875   208.159
    81.250     6.710     5.763    37.047    37.590    10.692     8.214   268.106   317.624    75.041   921.922    81.125   208.151
    81.500     6.572     5.760    37.033    37.572    10.541     8.243   268.100   317.646    75.053   921.582    81.375   208.076
    81.750     6.660     5.769    37.013    37.554    10.318     8.378   268.093   317.653    75.106   921.331    81.625   208.011
    82.000     6.640     5.769    36.992    37.534    10.142     8.456   268.086   317.669    75.146   921.044    81.875   207.958
    82.250     6.574     5.771    36.970    37.513    10.008     8.494   268.079   317.528    75.192   920.743    82.125   207.913
    82.500     6.460     5.776    36.948    37.492     9.855     8.553   268.073   317.324    75.223   920.353    82.375   207.877
    82.750     6.299     5.774    36.940    37.471     9.637     8.646   268.067   317.279    75.167   919.609    82.625   207.845
    83.000     6.309     5.775    36.909    37.448     9.536     8.626   268.063   317.117    75.273   919.491    82.875   207.807
    83.250     6.135     5.780    36.888    37.426     9.409     8.606   268.060   316.859    75.304   918.978    83.125   207.743
    83.500     6.268     5.782    36.859    37.402     9.295     8.593   268.058   316.617    75.371   918.693    83.375   207.698
    83.750     6.168     5.781    36.838    37.378     9.166     8.593   268.055   316.423    75.375   918.010    83.625   207.657
    84.000     6.366     5.784    36.797    37.351     9.136     8.543   268.048   315.511    75.479   917.837    83.875   207.581
    84.250     6.443     5.781    36.759    37.323     9.114     8.506   268.041   315.270    75.520   917.533    84.125   207.520
    84.500     6.536     5.776    36.724    37.294     9.095     8.484   268.032   315.720    75.546   917.268    84.375   207.465
    84.750     6.608     5.788    36.693    37.265     9.078     8.473   268.023   315.536    75.545   916.806    84.625   207.410
    85.000     6.861     5.968    36.663    37.233     9.112     8.498   268.007   314.791    75.485   916.175    84.875   207.339
    85.250     6.745     5.951    36.632    37.205     9.058     8.603   267.996   314.937    75.488   916.289    85.125   207.260
    85.500     6.767     5.737    36.586    37.178     9.051     8.655   267.992   315.288    75.624   916.995    85.375   207.201
    85.750     7.079     5.930    36.574    37.152     8.929     8.744   267.976   314.836    75.504   916.497    85.625   207.152
    86.000     6.666     5.725    36.529    37.128     8.919     8.740   267.971   315.312    75.667   917.109    85.875   207.101
    86.250     6.697     5.803    36.513    37.106     8.839     8.760   267.961   315.409    75.613   916.532    86.125   207.081
    86.500     6.456     5.811    36.492    37.081     8.745     8.800   267.950   314.502    75.658   916.237    86.375   207.011
    86.750     6.449     5.806    36.449    37.056     8.685     8.802   267.945   314.941    75.806   916.339    86.625   206.945
    87.000     6.349     5.727    36.416    37.028     8.642     8.780   267.937   314.711    75.845   915.832    86.875   206.866
    87.250     6.557     5.720    36.381    37.001     8.559     8.768   267.927   313.667    75.887   915.845    87.125   206.798
    87.500     6.409     5.714    36.351    36.975     8.488     8.751   267.919   314.124    75.902   915.489    87.375   206.745
    87.750     6.613     5.709    36.318    36.948     8.424     8.729   267.910   313.929    75.934   915.417    87.625   206.675
    88.000     6.549     5.703    36.288    36.923     8.370     8.702   267.902   313.676    75.951   915.202    87.875   206.609
    88.250     6.594     5.699    36.257    36.897     8.321     8.673   267.892   313.513    75.979   915.139    88.125   206.591
    88.500     6.431     5.694    36.232    36.873     8.277     8.644   267.884   312.505    75.988   914.823    88.375   206.539
    88.750     6.623     5.694    36.206    36.848     8.236     8.623   267.876   313.156    75.987   914.496    88.625   206.484
    89.000     6.583     5.683    36.175    36.824     8.180     8.605   267.867   313.011    76.033   914.657    88.875   206.449
    89.250     6.535     5.680    36.149    36.801     8.153     8.577   267.858   312.813    76.044   914.318    89.125   206.417
    89.500     6.625     5.676    36.119    36.777     8.107     8.558   267.849   312.591    76.089   914.451    89.375   206.364
    89.750     6.589     5.673    36.091    36.753     8.073     8.539   267.840   312.466    76.118   914.375    89.625   206.338
    90.000     6.525     5.669    36.065    36.730     8.043     8.513   267.831   311.466    76.139   914.176    89.875   206.290
    90.250     6.580     5.667    36.038    36.706     8.008     8.489   267.821   311.305    76.169   914.093    90.125   206.256
    90.500     6.540     5.663    36.012    36.683     7.971     8.469   267.813   311.160    76.188   913.982    90.375   206.234
    90.750     6.587     5.659    35.985    36.659     7.935     8.448   267.804   311.038    76.214   913.914    90.625   206.198
    91.000     6.588     5.657    35.960    36.636     7.898     8.426   267.796   311.806    76.237   913.816    90.875   206.158
    91.250     6.596     5.657    35.937    36.613     7.857     8.408   267.787   311.755    76.237   913.575    91.125   206.129
    91.500     6.564     5.653    35.912    36.590     7.821     8.387   267.778   311.672    76.261   913.507    91.375   206.100
    91.750     6.554     5.643    35.884    36.568     7.764     8.379   267.769   311.656    76.299   913.651    91.625   206.060
    92.000     6.619     5.641    35.857    36.545     7.727     8.359   267.760   311.572    76.333   913.678    91.875   206.031
    92.250     6.525     5.638    35.832    36.523     7.700     8.335   267.750   311.532    76.359   913.516    92.125   205.990
    92.500     6.530     5.636    35.808    36.501     7.674     8.311   267.740   310.593    76.385   913.341    92.375   205.946
    92.750     6.572     5.630    35.784    36.479     7.610     8.309   267.733   311.545    76.393   913.342    92.625   205.931
    93.000     6.535     5.629    35.760    36.457     7.590     8.284   267.724   311.499    76.413   913.087    92.875   205.907
    93.250     6.587     5.626    35.732    36.434     7.553     8.260   267.714   310.443    76.456   913.236    93.125   205.885
    93.500     6.569     5.627    35.711    36.412     7.514     8.242   267.706   311.489    76.453   913.007    93.375   205.873
    93.750     6.689     5.699    35.681    36.389     7.453     8.230   267.696   311.447    76.495   913.327    93.625   205.871
    94.000     6.362     5.616    35.659    36.367     7.433     8.206   267.687   311.390    76.507   912.984    93.875   205.865
    94.250     6.482     5.614    35.632    36.345     7.396     8.182   267.678   311.254    76.545   912.973    94.125   205.825
    94.500     6.572     5.690    35.609    36.323     7.340     8.167   267.670   311.138    76.553   912.816    94.375   205.788
    94.750     6.355     5.607    35.583    36.301     7.313     8.136   267.661   311.030    76.585   912.674    94.625   205.769
    95.000     6.423     5.606    35.560    36.279     7.295     8.104   267.650   309.908    76.603   912.389    94.875   205.740
    95.250     6.531     5.601    35.534    36.257     7.235     8.093   267.644   310.893    76.628   912.432    95.125   205.685
    95.500     6.435     5.599    35.510    36.235     7.217     8.058   267.633   309.725    76.656   912.211    95.375   205.648
    95.750     6.543     5.594    35.484    36.212     7.159     8.046   267.626   310.778    76.678   912.297    95.625   205.620
    96.000     6.509     5.592    35.457    36.190     7.136     8.009   267.616   310.701    76.711   912.293    95.875   205.607
    96.250     6.462     5.588    35.434    36.168     7.087     7.993   267.608   310.680    76.723   912.192    96.125   205.586
    96.500     6.489     5.586    35.407    36.145     7.064     7.960   267.599   310.580    76.757   912.159    96.375   205.563
    96.750     6.441     5.582    35.383    36.123     7.013     7.949   267.591   309.296    76.774   912.047    96.625   205.514
    97.000     6.357     5.581    35.360    36.101     7.000     7.914   267.580   309.264    76.797   911.768    96.875   205.495
    97.250     6.525     5.576    35.334    36.079     6.943     7.904   267.574   309.142    76.821   911.887    97.125   205.454
    97.500     6.384     5.575    35.310    36.057     6.931     7.870   267.562   309.150    76.849   911.649    97.375   205.425
    97.750     6.487     5.570    35.285    36.034     6.874     7.860   267.555   310.224    76.872   911.738    97.625   205.389
    98.000     6.607     5.648    35.259    36.012     6.825     7.847   267.547   308.986    76.893   911.758    97.875   205.358
    98.250     6.323     5.565    35.233    35.990     6.804     7.817   267.537   310.171    76.928   911.685    98.125   205.338
    98.500     6.402     5.560    35.209    35.968     6.760     7.795   267.529   310.101    76.942   911.590    98.375   205.308
    98.750     6.421     5.557    35.186    35.946     6.734     7.769   267.520   310.125    76.947   911.332    98.625   205.293
    99.000     6.428     5.559    35.165    35.923     6.700     7.743   267.511   310.045    76.948   911.154    98.875   205.267
    99.250     6.294     5.555    35.143    35.902     6.662     7.724   267.503   309.918    76.962   910.879    99.125   205.225
    99.500     6.439     5.549    35.113    35.880     6.629     7.700   267.492   308.754    77.024   911.053    99.375   205.189
    99.750     6.548     5.544    35.084    35.857     6.585     7.683   267.485   309.827    77.060   911.234    99.625   205.153
   100.000     6.287     5.541    35.063    35.836     6.549     7.660   267.477   309.798    77.071   910.989    99.875   205.127
