     0.250     0.026     2.797    21.609    22.351   -11.704     2.530   264.172   273.922    29.906  1000.134     0.125   260.148
     0.500     0.164     2.794    21.681    22.701   -12.025     2.530   264.226   273.330    33.748   996.766     0.375   254.854
     0.750     2.213     2.928    21.829    23.007   -12.351     2.534   264.233   273.386    37.799   992.533     0.625   244.440
     1.000     3.927     3.047    21.940    23.262   -12.549     2.724   264.214   274.121    40.702   989.244     0.875   240.775
     1.250     4.184     3.140    22.057    23.475   -12.542     2.772   264.184   274.868    43.814   985.342     1.125   234.513
     1.500     4.295     3.219    22.157    23.656   -12.327     2.609   264.176   275.483    46.031   982.342     1.375   231.846
     1.750     4.169     3.289    22.267    23.809   -12.199     2.494   264.157   276.253    48.272   978.937     1.625   228.363
     2.000     4.382     3.356    22.364    23.940   -12.040     2.385   264.139   276.953    50.099   976.163     1.875   226.147
     2.250     4.237     3.415    22.472    24.052   -11.960     2.291   264.125   277.562    51.890   973.095     2.125   223.576
     2.500     4.257     3.468    22.561    24.146   -11.839     2.195   264.120   278.125    53.407   970.410     2.375   222.005
     2.750     4.262     3.515    22.640    24.228   -11.706     2.103   264.109   278.725    54.792   967.788     2.625   220.370
     3.000     4.452     3.551    22.704    24.297   -11.600     2.019   264.089   280.059    55.973   965.555     2.875   218.949
     3.250     4.469     3.577    22.754    24.356   -11.471     1.937   264.088   279.824    56.985   963.622     3.125   217.788
     3.500     4.316     3.602    22.812    24.408   -11.434     1.876   264.078   280.336    57.903   961.497     3.375   216.623
     3.750     4.467     3.626    22.847    24.453   -11.343     1.816   264.069   280.890    58.727   959.807     3.625   215.608
     4.000     4.584     3.644    22.877    24.492   -11.253     1.765   264.051   282.511    59.452   958.318     3.875   214.670
     4.250     5.372     3.654    22.883    24.521   -11.045     1.666   264.029   283.567    60.001   957.611     4.125   213.985
     4.500     4.767     3.656    22.929    24.548   -10.948     1.590   264.021   283.353    60.440   956.371     4.375   213.335
     4.750     4.378     3.674    22.960    24.576   -10.905     1.527   264.014   283.734    60.960   955.162     4.625   212.782
     5.000     4.298     3.693    22.994    24.599   -10.919     1.476   264.004   284.251    61.442   953.793     4.875   212.202
     5.250     4.352     3.704    23.013    24.617   -10.915     1.424   263.989   286.051    61.865   952.653     5.125   211.686
     5.500     4.349     3.712    23.026    24.632   -10.937     1.394   263.985   285.201    62.245   951.588     5.375   211.212
     5.750     4.353     3.720    23.031    24.644   -10.954     1.388   263.977   285.592    62.601   950.711     5.625   210.781
     6.000     4.329     3.728    23.037    24.653   -11.022     1.508   263.968   286.016    62.935   949.687     5.875   210.349
     6.250     4.385     3.734    23.042    24.659   -11.051     1.493   263.959   286.409    63.220   948.820     6.125   209.946
     6.500     4.664     3.738    23.037    24.662   -11.014     1.415   263.947   288.198    63.448   948.383     6.375   209.672
     6.750     4.594     3.740    23.034    24.663   -10.997     1.352   263.934   288.876    63.663   947.906     6.625   209.381
     7.000     4.524     3.742    23.031    24.662   -11.005     1.307   263.922   289.510    63.874   947.392     6.875   209.071
     7.250     4.479     3.744    23.023    24.660   -11.025     1.281   263.910   289.045    64.082   946.942     7.125   208.760
     7.500     4.379     3.748    23.024    24.656   -11.137     1.302   263.899   289.493    64.289   946.251     7.375   208.380
     7.750     4.278     3.750    23.013    24.651   -11.153     1.265   263.889   290.789    64.522   945.722     7.625   208.018
     8.000     4.257     3.723    22.994    24.641   -11.174     1.388   263.877   290.863    64.742   945.188     7.875   207.683
     8.250     4.235     3.697    22.981    24.629   -11.254     1.459   263.870   290.972    64.872   944.774     8.125   207.502
     8.500     4.243     3.699    22.968    24.616   -11.326     1.487   263.858   291.205    64.993   944.415     8.375   207.336
     8.750     4.262     3.767    22.955    24.600   -11.421     1.540   263.851   291.221    65.100   943.998     8.625   207.181
     9.000     4.150     3.736    22.937    24.583   -11.474     1.509   263.840   291.315    65.193   943.698     8.875   207.044
     9.250     4.181     3.743    22.920    24.565   -11.482     1.391   263.833   291.216    65.273   943.398     9.125   206.911
     9.500     4.106     3.770    22.907    24.546   -11.501     1.319   263.826   290.231    65.348   942.879     9.375   206.766
     9.750     4.025     3.748    22.880    24.525   -11.513     1.346   263.820   291.028    65.443   942.724     9.625   206.661
    10.000     4.141     3.747    22.856    24.503   -11.538     1.324   263.814   291.156    65.492   942.533     9.875   206.556
    10.250     4.101     3.772    22.833    24.480   -11.573     1.320   263.807   291.040    65.535   942.321    10.125   206.453
    10.500     4.131     3.701    22.808    24.457   -11.592     1.297   263.799   291.141    65.559   942.219    10.375   206.358
    10.750     4.217     3.729    22.785    24.435   -11.630     1.293   263.789   291.195    65.584   942.067    10.625   206.261
    11.000     4.077     3.696    22.761    24.411   -11.645     1.254   263.783   291.065    65.624   941.924    10.875   206.177
    11.250     4.141     3.764    22.742    24.388   -11.711     1.272   263.776   289.929    65.646   941.643    11.125   206.089
    11.500     4.090     3.741    22.716    24.363   -11.772     1.309   263.769   289.931    65.674   941.599    11.375   206.006
    11.750     4.078     3.689    22.688    24.339   -11.801     1.299   263.761   291.022    65.690   941.548    11.625   205.931
    12.000     4.234     3.753    22.668    24.314   -11.860     1.303   263.754   291.154    65.695   941.374    11.875   205.853
    12.250     4.051     3.708    22.641    24.290   -11.887     1.280   263.745   290.087    65.717   941.330    12.125   205.780
    12.500     4.059     3.752    22.620    24.265   -11.921     1.260   263.740   289.882    65.736   941.118    12.375   205.711
    12.750     4.000     3.680    22.589    24.240   -11.946     1.240   263.733   290.061    65.759   941.145    12.625   205.650
    13.000     4.097     3.709    22.563    24.215   -11.990     1.231   263.725   291.081    65.761   941.073    12.875   205.592
    13.250     4.195     3.739    22.539    24.189   -12.038     1.248   263.719   289.958    65.750   940.978    13.125   205.528
    13.500     4.108     3.692    22.512    24.164   -12.059     1.213   263.710   291.192    65.739   940.989    13.375   205.473
    13.750     4.043     3.737    22.492    24.139   -12.122     1.241   263.704   290.170    65.747   940.772    13.625   205.417
    14.000     4.034     3.734    22.468    24.114   -12.193     1.252   263.696   291.223    65.743   940.677    13.875   205.362
    14.250     4.114     3.729    22.438    24.088   -12.221     1.227   263.689   291.278    65.745   940.705    14.125   205.316
    14.500     4.039     3.655    22.406    24.063   -12.252     1.220   263.682   291.249    65.748   940.813    14.375   205.278
    14.750     4.177     3.684    22.382    24.038   -12.294     1.189   263.672   291.387    65.724   940.762    14.625   205.234
    15.000     4.004     3.676    22.356    24.013   -12.313     1.172   263.667   290.278    65.737   940.679    14.875   205.193
    15.250     4.096     3.716    22.329    23.987   -12.365     1.172   263.661   291.396    65.736   940.658    15.125   205.157
    15.500     3.979     3.645    22.302    23.961   -12.408     1.168   263.653   290.294    65.725   940.640    15.375   205.116
    15.750     4.079     3.642    22.275    23.935   -12.456     1.155   263.646   290.162    65.711   940.633    15.625   205.082
    16.000     4.095     3.702    22.254    23.909   -12.521     1.182   263.638   290.302    65.690   940.510    15.875   205.040
    16.250     3.990     3.700    22.228    23.883   -12.548     1.160   263.632   290.246    65.684   940.466    16.125   204.999
    16.500     3.986     3.682    22.197    23.857   -12.586     1.144   263.624   291.244    65.685   940.553    16.375   204.968
    16.750     4.102     3.698    22.173    23.830   -12.644     1.175   263.619   290.111    65.656   940.452    16.625   204.928
    17.000     4.030     3.693    22.153    23.804   -12.720     1.166   263.611   291.329    65.622   940.398    16.875   204.892
    17.250     4.064     3.685    22.122    23.779   -12.717     1.115   263.603   290.456    65.616   940.444    17.125   204.862
    17.500     3.979     3.659    22.091    23.753   -12.728     1.081   263.596   290.435    65.621   940.510    17.375   204.832
    17.750     3.816     3.652    22.063    23.727   -12.712     1.021   263.590   291.090    65.642   940.473    17.625   204.804
    18.000     3.871     3.673    22.031    23.698   -12.703     1.030   263.587   290.722    65.660   940.440    17.875   204.784
    18.250     3.882     3.691    22.004    23.668   -12.789     1.196   263.583   289.544    65.636   940.311    18.125   204.755
    18.500     3.901     3.687    21.975    23.638   -12.877     1.259   263.579   289.574    65.612   940.326    18.375   204.727
    18.750     3.935     3.643    21.941    23.610   -12.921     1.180   263.574   290.773    65.582   940.490    18.625   204.706
    19.000     4.058     3.631    21.910    23.582   -12.917     1.063   263.565   290.754    65.535   940.575    18.875   204.678
    19.250     4.063     3.665    21.886    23.555   -12.969     1.127   263.558   290.714    65.494   940.492    19.125   204.655
    19.500     3.985     3.662    21.860    23.529   -13.048     1.197   263.551   289.727    65.471   940.500    19.375   204.626
    19.750     4.010     3.660    21.833    23.502   -13.114     1.183   263.542   290.802    65.450   940.549    19.625   204.608
    20.000     3.943     3.657    21.808    23.475   -13.160     1.120   263.536   289.764    65.435   940.544    19.875   204.578
    20.250     3.966     3.644    21.780    23.448   -13.174     1.048   263.530   289.642    65.409   940.585    20.125   204.548
    20.500     4.038     3.607    21.748    23.423   -13.157     0.974   263.522   290.760    65.384   940.750    20.375   204.529
    20.750     4.012     3.604    21.719    23.397   -13.186     1.020   263.514   290.668    65.372   940.774    20.625   204.511
    21.000     4.029     3.640    21.696    23.371   -13.285     1.136   263.505   290.816    65.338   940.710    20.875   204.496
    21.250     3.931     3.602    21.668    23.344   -13.358     1.107   263.499   290.901    65.329   940.827    21.125   204.483
    21.500     4.004     3.626    21.643    23.318   -13.400     1.025   263.492   289.789    65.292   940.807    21.375   204.461
    21.750     3.996     3.621    21.617    23.293   -13.402     0.935   263.482   290.437    65.254   940.867    21.625   204.441
    22.000     4.000     3.625    21.593    23.269   -13.403     0.905   263.476   289.532    65.237   940.845    21.875   204.415
    22.250     3.904     3.627    21.568    23.243   -13.438     0.989   263.467   289.652    65.236   940.812    22.125   204.393
    22.500     3.912     3.616    21.537    23.217   -13.497     1.056   263.461   290.822    65.240   940.910    22.375   204.381
    22.750     3.986     3.607    21.511    23.189   -13.585     1.077   263.453   290.888    65.215   940.964    22.625   204.368
    23.000     3.995     3.606    21.483    23.163   -13.626     0.976   263.446   290.864    65.170   941.058    22.875   204.353
    23.250     4.017     3.601    21.457    23.138   -13.638     0.888   263.439   290.869    65.124   941.144    23.125   204.332
    23.500     3.980     3.607    21.433    23.112   -13.647     0.864   263.428   290.459    65.104   941.085    23.375   204.310
    23.750     3.916     3.608    21.404    23.086   -13.677     0.918   263.422   289.551    65.110   941.127    23.625   204.294
    24.000     3.852     3.608    21.382    23.059   -13.773     1.010   263.414   290.867    65.084   941.072    23.875   204.283
    24.250     3.929     3.587    21.350    23.032   -13.823     0.971   263.406   290.784    65.066   941.243    24.125   204.272
    24.500     4.002     3.588    21.323    23.005   -13.849     0.894   263.399   290.787    65.010   941.341    24.375   204.260
    24.750     4.015     3.587    21.296    22.980   -13.858     0.828   263.392   289.778    64.964   941.433    24.625   204.244
    25.000     3.925     3.588    21.271    22.954   -13.893     0.869   263.382   290.390    64.953   941.404    24.875   204.225
    25.250     3.901     3.589    21.245    22.927   -13.966     0.988   263.374   290.745    64.949   941.403    25.125   204.206
    25.500     3.833     3.572    21.217    22.900   -14.057     1.004   263.367   290.814    64.938   941.490    25.375   204.198
    25.750     3.933     3.574    21.191    22.873   -14.093     0.907   263.362   290.055    64.889   941.551    25.625   204.184
    26.000     3.952     3.566    21.163    22.847   -14.113     0.830   263.354   290.094    64.845   941.676    25.875   204.168
    26.250     3.983     3.532    21.132    22.822   -14.100     0.772   263.345   289.949    64.825   941.822    26.125   204.150
    26.500     3.930     3.532    21.104    22.795   -14.114     0.813   263.335   290.687    64.823   941.848    26.375   204.139
    26.750     3.900     3.532    21.078    22.768   -14.202     0.909   263.329   290.715    64.806   941.856    26.625   204.130
    27.000     3.822     3.558    21.057    22.742   -14.295     0.897   263.321   290.526    64.765   941.837    26.875   204.116
    27.250     3.914     3.552    21.030    22.716   -14.328     0.815   263.315   289.713    64.729   941.946    27.125   204.100
    27.500     3.917     3.537    21.001    22.690   -14.340     0.750   263.306   290.681    64.697   942.085    27.375   204.084
    27.750     3.970     3.516    20.970    22.664   -14.334     0.746   263.295   290.605    64.687   942.167    27.625   204.076
    28.000     3.915     3.553    20.944    22.636   -14.398     0.839   263.288   290.523    64.676   942.144    27.875   204.062
    28.250     3.759     3.537    20.920    22.609   -14.493     0.879   263.283   290.568    64.649   942.186    28.125   204.048
    28.500     3.839     3.539    20.896    22.582   -14.535     0.808   263.274   289.608    64.602   942.207    28.375   204.033
    28.750     3.892     3.532    20.868    22.556   -14.559     0.746   263.267   289.801    64.560   942.310    28.625   204.019
    29.000     3.953     3.499    20.835    22.530   -14.554     0.707   263.256   290.517    64.547   942.494    28.875   204.007
    29.250     3.845     3.500    20.808    22.503   -14.598     0.765   263.249   290.403    64.542   942.483    29.125   203.994
    29.500     3.800     3.493    20.782    22.474   -14.699     0.872   263.241   290.382    64.526   942.475    29.375   203.983
    29.750     3.806     3.525    20.759    22.447   -14.776     0.822   263.235   290.402    64.475   942.499    29.625   203.976
    30.000     3.865     3.519    20.730    22.420   -14.812     0.753   263.228   289.446    64.439   942.636    29.875   203.961
    30.250     3.865     3.513    20.701    22.393   -14.830     0.698   263.221   289.656    64.402   942.745    30.125   203.945
    30.500     3.897     3.488    20.670    22.367   -14.826     0.656   263.213   290.348    64.376   942.927    30.375   203.934
    30.750     3.850     3.510    20.643    22.341   -14.841     0.687   263.204   290.143    64.374   942.922    30.625   203.923
    31.000     3.754     3.503    20.616    22.312   -14.921     0.798   263.195   290.079    64.362   942.920    30.875   203.913
    31.250     3.735     3.506    20.592    22.285   -15.008     0.786   263.190   290.085    64.321   942.974    31.125   203.901
    31.500     3.817     3.484    20.564    22.257   -15.056     0.730   263.183   289.424    64.279   943.090    31.375   203.883
    31.750     3.841     3.494    20.536    22.230   -15.083     0.682   263.175   290.001    64.232   943.204    31.625   203.871
    32.000     3.864     3.482    20.508    22.204   -15.099     0.643   263.167   289.994    64.190   943.337    31.875   203.854
    32.250     3.891     3.489    20.478    22.178   -15.106     0.639   263.159   289.856    64.179   943.414    32.125   203.842
    32.500     3.752     3.453    20.449    22.150   -15.167     0.730   263.150   289.779    64.172   943.443    32.375   203.833
    32.750     3.667     3.451    20.427    22.122   -15.261     0.756   263.144   289.784    64.136   943.477    32.625   203.819
    33.000     3.805     3.476    20.402    22.095   -15.311     0.718   263.138   289.103    64.091   943.539    32.875   203.802
    33.250     3.782     3.451    20.373    22.068   -15.344     0.686   263.132   290.006    64.054   943.671    33.125   203.786
    33.500     3.843     3.472    20.346    22.042   -15.374     0.649   263.123   289.451    64.006   943.732    33.375   203.769
    33.750     3.825     3.474    20.320    22.016   -15.398     0.615   263.115   289.053    63.965   943.818    33.625   203.754
    34.000     3.795     3.477    20.292    21.989   -15.432     0.662   263.104   289.701    63.968   943.802    33.875   203.738
    34.250     3.635     3.472    20.269    21.961   -15.521     0.737   263.100   288.795    63.950   943.811    34.125   203.720
    34.500     3.713     3.466    20.239    21.934   -15.566     0.707   263.094   289.683    63.934   943.947    34.375   203.703
    34.750     3.777     3.434    20.209    21.906   -15.601     0.674   263.087   289.652    63.892   944.055    34.625   203.691
    35.000     3.828     3.452    20.181    21.880   -15.648     0.636   263.078   289.194    63.841   944.170    34.875   203.680
    35.250     3.809     3.448    20.154    21.854   -15.681     0.600   263.071   288.904    63.800   944.260    35.125   203.665
    35.500     3.751     3.438    20.127    21.828   -15.707     0.574   263.063   289.700    63.776   944.382    35.375   203.648
    35.750     3.793     3.442    20.101    21.803   -15.724     0.552   263.054   289.729    63.741   944.465    35.625   203.638
    36.000     3.770     3.447    20.077    21.777   -15.744     0.538   263.046   289.735    63.704   944.510    35.875   203.626
    36.250     3.729     3.451    20.050    21.750   -15.794     0.596   263.036   289.566    63.710   944.500    36.125   203.610
    36.500     3.598     3.417    20.023    21.722   -15.860     0.634   263.033   289.306    63.698   944.594    36.375   203.597
    36.750     3.754     3.438    19.996    21.694   -15.919     0.624   263.025   288.565    63.655   944.670    36.625   203.587
    37.000     3.748     3.425    19.967    21.667   -15.972     0.608   263.017   289.472    63.617   944.810    36.875   203.574
    37.250     3.774     3.420    19.938    21.640   -16.018     0.586   263.009   289.447    63.573   944.918    37.125   203.564
    37.500     3.749     3.422    19.910    21.614   -16.061     0.562   263.001   289.435    63.535   945.016    37.375   203.552
    37.750     3.730     3.420    19.886    21.588   -16.101     0.541   262.994   288.539    63.493   945.061    37.625   203.538
    38.000     3.716     3.417    19.858    21.561   -16.129     0.524   262.987   288.560    63.473   945.177    37.875   203.525
    38.250     3.699     3.416    19.833    21.535   -16.148     0.520   262.979   288.772    63.441   945.235    38.125   203.512
    38.500     3.703     3.407    19.803    21.509   -16.170     0.528   262.973   289.489    63.424   945.368    38.375   203.505
    38.750     3.719     3.384    19.775    21.482   -16.214     0.532   262.965   289.536    63.389   945.466    38.625   203.498
    39.000     3.751     3.404    19.749    21.455   -16.277     0.529   262.955   289.553    63.348   945.561    38.875   203.492
    39.250     3.741     3.403    19.723    21.429   -16.336     0.516   262.948   288.710    63.310   945.635    39.125   203.486
    39.500     3.695     3.394    19.695    21.402   -16.387     0.503   262.940   289.383    63.285   945.748    39.375   203.478
    39.750     3.710     3.399    19.669    21.375   -16.428     0.491   262.932   288.614    63.250   945.813    39.625   203.472
    40.000     3.665     3.398    19.641    21.348   -16.466     0.488   262.925   289.377    63.228   945.927    39.875   203.462
    40.250     3.612     3.385    19.616    21.321   -16.497     0.488   262.918   289.506    63.189   946.073    40.125   203.453
    40.500     3.599     3.384    19.588    21.294   -16.550     0.472   262.913   289.454    63.165   946.266    40.375   203.445
    40.750     3.661     3.379    19.558    21.266   -16.573     0.450   262.908   289.369    63.134   946.427    40.625   203.435
    41.000     3.746     3.384    19.526    21.238   -16.562     0.435   262.895   289.133    63.098   946.553    40.875   203.430
    41.250     3.614     3.383    19.503    21.211   -16.590     0.457   262.888   289.142    63.062   946.632    41.125   203.424
    41.500     3.623     3.384    19.480    21.183   -16.645     0.478   262.881   289.116    63.035   946.688    41.375   203.418
    41.750     3.636     3.383    19.453    21.154   -16.708     0.492   262.876   288.985    63.013   946.749    41.625   203.411
    42.000     3.612     3.393    19.429    21.124   -16.798     0.527   262.867   289.028    62.977   946.708    41.875   203.403
    42.250     3.530     3.394    19.400    21.094   -16.905     0.608   262.861   287.924    62.954   946.701    42.125   203.393
    42.500     3.532     3.361    19.367    21.063   -17.002     0.636   262.856   288.657    62.930   946.853    42.375   203.383
    42.750     3.652     3.360    19.334    21.034   -17.078     0.590   262.852   288.694    62.870   947.010    42.625   203.374
    43.000     3.708     3.350    19.302    21.006   -17.140     0.537   262.845   288.952    62.803   947.200    42.875   203.365
    43.250     3.752     3.330    19.270    20.980   -17.171     0.486   262.834   289.140    62.746   947.384    43.125   203.356
    43.500     3.797     3.328    19.239    20.954   -17.154     0.453   262.825   288.945    62.715   947.507    43.375   203.346
    43.750     3.585     3.328    19.217    20.928   -17.170     0.452   262.816   288.976    62.695   947.535    43.625   203.336
    44.000     3.576     3.339    19.194    20.901   -17.207     0.453   262.809   288.985    62.669   947.585    43.875   203.326
    44.250     3.627     3.335    19.167    20.875   -17.262     0.437   262.802   289.067    62.633   947.715    44.125   203.315
    44.500     3.675     3.318    19.138    20.849   -17.298     0.414   262.795   289.092    62.589   947.936    44.375   203.304
    44.750     3.772     3.335    19.108    20.823   -17.299     0.402   262.783   288.939    62.561   948.033    44.625   203.292
    45.000     3.648     3.337    19.084    20.796   -17.327     0.411   262.776   288.925    62.546   948.079    44.875   203.280
    45.250     3.493     3.339    19.064    20.769   -17.389     0.427   262.770   288.044    62.527   948.056    45.125   203.268
    45.500     3.537     3.334    19.038    20.742   -17.442     0.427   262.763   288.891    62.491   948.128    45.375   203.256
    45.750     3.667     3.334    19.008    20.715   -17.497     0.411   262.756   288.629    62.449   948.262    45.625   203.244
    46.000     3.686     3.332    18.983    20.688   -17.547     0.412   262.746   287.641    62.400   948.310    45.875   203.231
    46.250     3.559     3.333    18.956    20.661   -17.589     0.419   262.739   288.006    62.398   948.368    46.125   203.217
    46.500     3.494     3.323    18.931    20.634   -17.637     0.422   262.733   287.999    62.368   948.408    46.375   203.204
    46.750     3.619     3.317    18.900    20.608   -17.689     0.409   262.725   288.840    62.339   948.569    46.625   203.192
    47.000     3.687     3.319    18.870    20.582   -17.732     0.390   262.717   287.905    62.299   948.670    46.875   203.181
    47.250     3.617     3.313    18.842    20.555   -17.763     0.396   262.709   288.541    62.289   948.745    47.125   203.166
    47.500     3.473     3.304    18.818    20.527   -17.807     0.400   262.702   288.476    62.267   948.769    47.375   203.152
    47.750     3.558     3.306    18.792    20.501   -17.858     0.392   262.694   288.651    62.229   948.858    47.625   203.140
    48.000     3.635     3.307    18.763    20.474   -17.913     0.375   262.687   288.324    62.184   948.987    47.875   203.128
    48.250     3.652     3.307    18.734    20.448   -17.939     0.369   262.676   287.777    62.160   949.046    48.125   203.116
    48.500     3.445     3.302    18.713    20.420   -17.982     0.384   262.670   288.497    62.146   949.036    48.375   203.103
    48.750     3.533     3.296    18.684    20.393   -18.016     0.384   262.664   288.511    62.109   949.174    48.625   203.128
    49.000     3.582     3.291    18.655    20.367   -18.068     0.377   262.657   288.618    62.043   949.360    48.875   203.204
    49.250     3.658     3.293    18.627    20.341   -18.119     0.363   262.648   287.731    61.975   949.482    49.125   203.257
    49.500     3.542     3.281    18.601    20.314   -18.164     0.370   262.638   288.633    61.943   949.614    49.375   203.342
    49.750     3.512     3.285    18.574    20.287   -18.197     0.366   262.633   288.394    61.892   949.728    49.625   203.396
    50.000     3.536     3.279    18.549    20.261   -18.252     0.359   262.625   288.577    61.831   949.841    49.875   203.441
