  1000.000     7.471     4.249     0.000     0.656    -1.606    -1.032     2.666     0.000     0.000     0.000     0.000     0.000     0.000   296.395     0.000   0.00E+00    -1.050     0.303   280.613
   950.000     3.375     4.061     0.001     0.825     1.197    -1.338     0.091     0.000    16.514     0.000   -12.268     0.000     0.001   296.361     0.000   0.88E-07    -1.404     0.340   276.539
   900.000    -0.318     3.196    -0.301     0.731     1.336    -1.349     0.000     0.000    16.509    -0.001   -11.891     0.001     2.280   293.412     0.000   0.12E-01    -0.424     0.365   272.593
   850.000    -3.829     2.291     0.339     0.685     1.425    -1.441     0.000     0.000    15.359    -2.276   -11.529     2.640     1.938   292.257     0.052   0.31E+00     0.165     0.391   269.806
   800.000    -7.278     1.386     0.598     0.562     1.571    -1.589     0.000     0.000    14.008    -1.938    -8.179     2.306     0.556   290.635     0.014   0.29E+00     0.719     0.426   266.733
   750.000   -10.643     0.706     0.531     0.411     1.572    -1.591     0.000     0.000    13.533    -0.556    -6.924     1.736     0.280   290.099     0.002   0.18E+00     0.997     0.454   263.322
   700.000   -14.354     0.350     0.338     0.297     1.464    -1.485     0.000     0.000    13.414    -0.191    -6.041     1.569     0.251   290.204     0.003   0.13E+00     0.996     0.473   259.516
   650.000   -18.484     0.220     0.123     0.225     1.300    -1.322     0.000     0.000    13.356    -0.152    -5.140     1.444     0.266   290.877     0.004   0.11E+00     0.837     0.482   255.253
   600.000   -23.207     0.131    -0.058     0.187     1.089    -1.114     0.000     0.000    13.359    -0.176    -4.139     1.517     0.262   291.558     0.006   0.93E-01     0.622     0.479   250.471
   550.000   -28.517     0.078    -0.166     0.178     0.865    -0.893     0.000     0.000    13.501    -0.193    -3.051     1.687     0.175   292.410     0.009   0.90E-01     0.423     0.461   245.112
   500.000   -34.486     0.057    -0.187     0.220     0.741    -0.774     0.000     0.000    14.005    -0.130    -1.897     1.970     0.032   292.810     0.017   0.69E-01     0.263     0.429   239.123
   450.000   -41.303     0.118    -0.168     0.381     0.733    -0.771     0.000     0.000    15.041    -0.000    -0.915     2.397     0.159   293.329     0.066   0.14E+00     0.110     0.385   232.458
   400.000   -48.844     0.100    -0.187     0.613     0.626    -0.669     0.000     0.000    14.826    -0.001    -0.304     2.779     2.075   293.877     0.167   0.13E+00     0.035     0.333   225.063
   350.000   -57.044     0.021    -0.228     0.685     0.472    -0.520     0.000     0.000    12.697     0.000    -0.078     3.312     4.694   293.973     0.101   0.31E-01     0.007     0.255   216.849
   300.000   -66.052     0.010    -0.331     0.995     0.261    -0.314     0.000     0.000     1.457     0.000    -0.004     0.221    11.399   294.183     0.435   0.48E-02    -0.000     0.168   207.666
   250.000   -73.526     0.004    -2.531     0.999    -0.018    -0.033     0.000     0.000     0.003     0.000    -0.000     0.000     1.454   296.803     0.301   0.51E-03    -0.000     0.038   197.178
   200.000   -71.532     0.001    -4.000     0.144    -0.000    -0.020     0.000     0.000     0.000     0.000    -0.000     0.000     0.003   310.973     0.000   0.12E-05    -0.000     0.000   184.447
   150.000   -72.716     0.001    -4.000     0.123     0.000     0.001     0.000     0.000     0.000     0.000     0.000     0.000     0.000   325.669     0.000   0.00E+00     0.000     0.000   168.063
   100.000   -72.773     0.001    -4.000     0.087     0.000     0.001     0.000     0.000     0.000     0.000     0.000     0.000     0.000   348.285     0.000   0.00E+00     0.000     0.000   145.184
    80.000   -71.270     0.001    -4.000     0.058     0.000     0.005     0.000     0.000     0.000     0.000     0.000     0.000     0.000   362.258     0.000   0.00E+00     0.000     0.000     0.000
    60.000   -66.384     0.001     0.000     0.022     0.000     0.017     0.000     0.000     0.000     0.000     0.000     0.000     0.000   383.746     0.000   0.00E+00     0.000     0.000     0.000
    40.000   -59.767     0.001     0.000     0.006     0.000     0.033     0.000     0.000     0.000     0.000     0.000     0.000     0.000   414.052     0.000   0.00E+00     0.000     0.000     0.000
    30.000   -55.529     0.001     0.000     0.003     0.000     0.044     0.000     0.000     0.000     0.000     0.000     0.000     0.000   435.914     0.000   0.00E+00     0.000     0.000     0.000
    25.000   -49.740     0.001     0.000     0.001     0.000     0.059     0.000     0.000     0.000     0.000     0.000     0.000     0.000   452.559     0.000   0.00E+00    -0.001     0.000     0.000
