  1000.000     6.703     3.995     0.000     0.652    -1.406    -1.005     2.657     0.000     0.000     0.000     0.000     0.000     0.000   291.140     0.000   0.00E+00    -0.735     0.274   279.841
   950.000     2.616     3.808     0.000     0.824     0.957    -1.279     0.295     0.000    18.194     0.000   -11.992     0.000     0.000   291.135     0.000   0.00E+00    -0.955     0.307   275.779
   900.000    -1.006     2.937    -0.151     0.776     1.409    -1.333     0.000     0.000    18.194     0.000   -15.855     0.000     2.200   289.013     0.010   0.30E-01    -0.409     0.327   271.828
   850.000    -4.384     2.028     0.318     0.708     1.443    -1.383     0.000     0.000    16.802    -2.200    -9.523     2.604     2.268   287.567     0.113   0.53E+00     0.127     0.363   268.993
   800.000    -7.840     1.338     0.510     0.609     1.546    -1.499     0.000     0.000    15.227    -2.151    -7.059     2.546     1.449   286.686     0.054   0.29E+00     0.512     0.395   265.866
   750.000   -11.453     0.835     0.465     0.489     1.513    -1.480     0.000     0.000    13.892    -1.297    -5.674     1.885     0.628   286.405     0.053   0.19E+00     0.709     0.416   262.399
   700.000   -15.356     0.485     0.254     0.398     1.379    -1.361     0.000     0.000    13.489    -0.401    -4.710     1.734     0.556   286.700     0.074   0.15E+00     0.673     0.424   258.536
   650.000   -19.645     0.267     0.038     0.357     1.209    -1.210     0.000     0.000    13.156    -0.374    -3.891     1.600     0.459   287.292     0.099   0.12E+00     0.546     0.421   254.219
   600.000   -24.440     0.148    -0.195     0.356     1.002    -1.026     0.000     0.000    12.926    -0.315    -2.947     1.661     0.504   288.026     0.123   0.11E+00     0.385     0.407   249.390
   550.000   -29.877     0.094    -0.423     0.384     0.764    -0.817     0.000     0.000    12.861    -0.308    -2.029     1.798     0.342   288.699     0.137   0.98E-01     0.253     0.380   243.995
   500.000   -36.029     0.073    -0.634     0.475     0.636    -0.726     0.000     0.000    13.341    -0.155    -1.142     2.242     0.314   289.306     0.160   0.89E-01     0.151     0.344   237.991
   450.000   -42.728     0.053    -0.865     0.679     0.586    -0.714     0.000     0.000    14.979    -0.051    -0.463     3.318     0.391   289.815     0.221   0.12E+00     0.048     0.299   231.329
   400.000   -50.007     0.028    -1.180     0.986     0.396    -0.563     0.000     0.000    14.281    -0.041    -0.128     2.825     2.796   290.305     0.324   0.99E-01     0.013     0.249   223.948
   350.000   -58.089     0.017    -1.674     0.972     0.313    -0.519     0.000     0.000     5.186    -0.029    -0.019     1.240     9.859   290.841     0.370   0.82E-02     0.001     0.177   215.758
   300.000   -67.049     0.008    -3.063     1.000     0.054    -0.299     0.000     0.000     0.211    -0.003    -0.000     0.003     4.972   292.328     0.484   0.10E-02    -0.000     0.071   206.609
   250.000   -73.240     0.004    -4.000     0.996    -0.005    -0.199     0.000     0.000     0.000     0.000    -0.000     0.000     0.211   296.973     0.477   0.40E-04    -0.000     0.008   196.128
   200.000   -72.471     0.001    -4.000     0.181     0.000     0.014     0.000     0.000     0.000     0.000     0.000     0.000     0.000   307.596     0.000   0.00E+00     0.000     0.000   183.424
   150.000   -74.013     0.001    -4.000     0.163     0.000    -0.017     0.000     0.000     0.000     0.000     0.000     0.000     0.000   322.700     0.000   0.00E+00     0.000     0.000   167.132
   100.000   -73.994     0.001    -4.000     0.112     0.000    -0.017     0.000     0.000     0.000     0.000     0.000     0.000     0.000   345.270     0.000   0.00E+00     0.000     0.000   144.397
    80.000   -72.418     0.001    -4.000     0.081     0.000     0.015     0.000     0.000     0.000     0.000     0.000     0.000     0.000   358.607     0.000   0.00E+00     0.000     0.000     0.000
    60.000   -66.587     0.001     0.000     0.037     0.000     0.131     0.000     0.000     0.000     0.000     0.000     0.000     0.000   378.573     0.000   0.00E+00     0.000     0.000     0.000
    40.000   -57.554     0.001     0.000     0.012     0.000     0.312     0.000     0.000     0.000     0.000     0.000     0.000     0.000   408.353     0.000   0.00E+00     0.000     0.000     0.000
    30.000   -50.226     0.001     0.000     0.005     0.000     0.459     0.000     0.000     0.000     0.000     0.000     0.000     0.000   431.454     0.000   0.00E+00     0.000     0.000     0.000
    25.000   -37.290     0.001     0.000     0.002     0.000     0.717     0.000     0.000     0.000     0.000     0.000     0.000     0.000   455.770     0.000   0.00E+00    -0.001     0.000     0.000
