  1000.000     9.968     5.180     0.000     0.746    -1.726    -1.734     2.977     0.000     0.000     0.000     0.000     0.000     0.000   327.796     0.000   0.00E+00    -1.614     0.458   283.120
   950.000     5.861     4.998     0.001     0.928     2.840    -1.713    -0.868     0.000    11.431     0.000   -11.234     0.000     0.000   327.711     0.000   0.00E+00    -3.507     0.497   279.011
   900.000     2.499     3.730    -0.331     0.771     1.649    -1.767     0.000     0.000    11.431     0.000    -6.459     0.000     1.442   322.125     0.000   0.46E-01    -1.400     0.523   275.189
   850.000    -1.029     2.854     0.112     0.717     1.495    -1.618     0.000     0.000    10.588    -1.442    -6.861     1.592     0.942   319.319     0.004   0.43E-01    -0.481     0.558   272.432
   800.000    -4.282     1.905     0.282     0.646     1.491    -1.617     0.000     0.000     9.807    -0.942    -6.385     1.254     0.350   317.229     0.005   0.22E+00     0.258     0.589   269.525
   750.000    -7.591     1.133     0.252     0.565     1.474    -1.602     0.000     0.000     9.539    -0.222    -6.096     1.053     0.189   315.957     0.002   0.19E+00     0.711     0.616   266.295
   700.000   -11.085     0.656     0.157     0.497     1.443    -1.572     0.000     0.000     9.517    -0.000    -5.952     1.024     0.189   315.387     0.001   0.16E+00     0.932     0.636   262.681
   650.000   -15.063     0.422     0.035     0.440     1.386    -1.518     0.000     0.000     9.497    -0.000    -5.706     0.988     0.190   315.344     0.000   0.12E+00     0.995     0.650   258.615
   600.000   -19.686     0.270    -0.127     0.391     1.305    -1.442     0.000     0.000     9.522    -0.003    -5.184     1.022     0.165   315.497     0.000   0.94E-01     0.969     0.655   254.022
   550.000   -24.972     0.176    -0.235     0.364     1.226    -1.370     0.000     0.000     9.669    -0.002    -4.416     1.103     0.102   316.034     0.000   0.11E+00     0.836     0.648   248.827
   500.000   -31.070     0.133    -0.229     0.378     1.238    -1.390     0.000     0.000     9.934     0.000    -3.408     1.180     0.082   316.795     0.001   0.65E-01     0.657     0.630   242.962
   450.000   -37.877     0.090    -0.146     0.432     1.345    -1.508     0.000     0.000     9.733     0.000    -2.151     1.214     0.698   317.621     0.036   0.29E+00     0.493     0.598   236.365
   400.000   -45.305     0.057    -0.076     0.475     1.343    -1.516     0.000     0.000     9.512     0.000    -1.113     1.343     0.963   318.364     0.068   0.28E+00     0.367     0.535   228.973
   350.000   -53.566     0.039    -0.042     0.528     1.197    -1.381     0.000     0.000     8.839     0.000    -0.510     1.569     1.779   319.138     0.092   0.19E+00     0.230     0.462   220.702
   300.000   -62.805     0.015    -0.072     0.592     0.866    -1.061     0.000     0.000     5.977     0.000    -0.218     1.099     3.638   319.930     0.136   0.12E+00     0.132     0.375   211.417
   250.000   -71.385     0.005    -0.178     0.793     0.617    -0.814     0.000     0.000     2.946     0.000    -0.067     0.530     3.408   320.924     0.280   0.62E-01     0.030     0.280   200.822
   200.000   -68.628     0.001    -4.000     0.575     0.307    -0.439     0.000     0.000     0.912     0.000    -0.012     0.164     2.149   326.155     0.179   0.24E-01     0.001     0.182   187.926
   150.000   -68.841     0.001    -4.000     0.343     0.049    -0.117     0.000     0.000     0.025     0.000    -0.000     0.000     0.887   337.635     0.081   0.19E-02    -0.000     0.077   171.260
   100.000   -67.417     0.001    -4.000     0.087    -0.012     0.041     0.000     0.000     0.000     0.000    -0.000     0.000     0.025   360.370     0.000   0.14E-04     0.000     0.005   147.843
    80.000   -64.487     0.001    -4.000     0.028     0.000     0.043     0.000     0.000     0.000     0.000     0.000     0.000     0.000   376.663     0.000   0.00E+00     0.000     0.000     0.000
    60.000   -57.394     0.001     0.000     0.010     0.000     0.079     0.000     0.000     0.000     0.000     0.000     0.000     0.000   400.549     0.000   0.00E+00     0.000     0.000     0.000
    40.000   -47.971     0.001     0.000     0.003     0.000     0.126     0.000     0.000     0.000     0.000     0.000     0.000     0.000   434.388     0.000   0.00E+00     0.000     0.000     0.000
    30.000   -40.729     0.001     0.000     0.001     0.000     0.162     0.000     0.000     0.000     0.000     0.000     0.000     0.000   459.749     0.000   0.00E+00     0.000     0.000     0.000
    25.000   -26.527     0.001     0.000     0.000     0.000     0.233     0.000     0.000     0.000     0.000     0.000     0.000     0.000   485.502     0.000   0.00E+00    -0.001     0.000     0.000
