  1000.000     3.021     2.997     0.000     0.661    -1.462    -1.125     2.705     0.000     0.000     0.000     0.000     0.000     0.000   299.741     0.000   0.00E+00    -0.932     0.321   276.127
   950.000    -1.077     2.837     0.001     0.837     0.897    -1.489     0.383     0.000    17.796     0.000   -14.428     0.000     0.000   299.729     0.000   0.00E+00    -1.708     0.354   272.118
   900.000    -4.858     2.017    -0.115     0.743     1.487    -1.533     0.000     0.000    17.796     0.000   -12.613     0.000     1.931   296.057     0.002   0.69E-01    -0.635     0.384   268.244
   850.000    -8.409     1.347     0.329     0.663     1.502    -1.549     0.000     0.000    16.575    -1.931    -9.459     2.342     2.024   294.451     0.035   0.24E+00    -0.012     0.418   265.203
   800.000   -12.060     0.856     0.513     0.561     1.572    -1.620     0.000     0.000    15.226    -2.024    -7.059     2.471     1.366   292.849     0.014   0.24E+00     0.448     0.449   261.857
   750.000   -15.856     0.484     0.484     0.437     1.548    -1.598     0.000     0.000    14.065    -1.323    -5.770     1.936     0.570   293.467     0.003   0.18E+00     0.711     0.472   258.164
   700.000   -19.915     0.230     0.328     0.336     1.463    -1.514     0.000     0.000    13.639    -0.496    -4.887     1.704     0.487   292.443     0.001   0.14E+00     0.759     0.483   254.077
   650.000   -24.316     0.106     0.158     0.269     1.339    -1.391     0.000     0.000    13.325    -0.406    -4.148     1.586     0.404   293.096     0.000   0.10E+00     0.698     0.484   249.551
   600.000   -29.172     0.058    -0.024     0.227     1.175    -1.229     0.000     0.000    13.151    -0.325    -3.352     1.521     0.422   293.975     0.000   0.82E-01     0.578     0.475   244.546
   550.000   -34.575     0.025    -0.172     0.194     0.869    -0.925     0.000     0.000    13.085    -0.358    -2.572     1.708     0.094   294.439     0.000   0.70E-01     0.440     0.457   239.024
   500.000   -40.619     0.020    -0.218     0.221     0.755    -0.814     0.000     0.000    13.784    -0.049    -1.730     2.152     0.033   294.845     0.001   0.46E-01     0.302     0.428   232.951
   450.000   -47.285     0.017    -0.199     0.316     0.743    -0.804     0.000     0.000    15.193     0.000    -0.952     2.952     0.218   295.006     0.021   0.11E+00     0.196     0.389   226.285
   400.000   -54.600     0.014    -0.190     0.482     0.655    -0.720     0.000     0.000    18.210     0.000    -0.439     5.002     0.811   295.560     0.090   0.11E+00     0.123     0.339   218.965
   350.000   -62.685     0.013    -0.171     0.794     0.600    -0.667    -0.000     0.000     6.213     0.000    -0.168     1.243    12.723   295.869     0.262   0.60E-01     0.075     0.278   210.892
   300.000   -71.274     0.004    -0.368     0.876     0.298    -0.367     0.000     0.000     1.844     0.000    -0.070     0.322     4.597   295.937     0.364   0.37E-01     0.044     0.169   201.901
   250.000   -74.954     0.003    -4.000     0.934     0.191    -0.254     0.000     0.000     0.881     0.000    -0.022     0.156     1.073   300.249     0.353   0.20E-01     0.012     0.089   191.545
   200.000   -73.577     0.001    -4.000     0.293     0.099    -0.146     0.000     0.000     0.299     0.000    -0.004     0.052     0.619   312.459     0.050   0.82E-02     0.001     0.057   178.927
   150.000   -74.132     0.001    -4.000     0.208     0.021    -0.050     0.000     0.000     0.013     0.000    -0.000     0.000     0.286   327.096     0.028   0.91E-03    -0.000     0.026   162.678
   100.000   -72.265     0.001    -4.000     0.093    -0.003     0.003     0.000     0.000     0.000     0.000    -0.000     0.000     0.013   351.193     0.001   0.23E-04    -0.000     0.003   139.842
    80.000   -68.791     0.001    -4.000     0.033     0.000     0.006     0.000     0.000     0.000     0.000     0.000     0.000     0.000   366.997     0.000   0.00E+00     0.000     0.000     0.000
    60.000   -61.041     0.001     0.000     0.009     0.000     0.017     0.000     0.000     0.000     0.000     0.000     0.000     0.000   391.670     0.000   0.00E+00     0.000     0.000     0.000
    40.000   -50.751     0.001     0.000     0.002     0.000     0.032     0.000     0.000     0.000     0.000     0.000     0.000     0.000   426.939     0.000   0.00E+00     0.000     0.000     0.000
    30.000   -42.484     0.001     0.000     0.001     0.000     0.043     0.000     0.000     0.000     0.000     0.000     0.000     0.000   452.568     0.000   0.00E+00     0.000     0.000     0.000
    25.000   -26.081     0.001     0.000     0.000     0.000     0.068     0.000     0.000     0.000     0.000     0.000     0.000     0.000   479.877     0.000   0.00E+00    -0.001     0.000     0.000
