  1000.000     3.047     3.004    -0.000     0.681    -1.552    -1.247     2.746     0.000     0.000     0.000     0.000     0.000     0.000   311.779     0.000   0.00E+00    -1.223     0.378   276.153
   950.000    -1.052     2.844     0.001     0.856     1.308    -1.392     0.018     0.000    16.361     0.000   -13.844     0.000     0.000   311.789     0.000   0.00E+00    -2.535     0.414   272.143
   900.000    -4.830     2.025    -0.128     0.757     1.483    -1.543     0.000     0.000    16.361     0.000   -11.534     0.000     1.802   307.535     0.002   0.84E-01    -1.161     0.443   268.270
   850.000    -8.378     1.352     0.333     0.687     1.491    -1.552     0.000     0.000    15.210    -1.802    -8.992     2.148     1.746   305.398     0.031   0.24E+00    -0.454     0.478   265.230
   800.000   -12.028     0.859     0.519     0.594     1.577    -1.640     0.000     0.000    14.008    -1.744    -6.833     2.186     1.190   303.377     0.014   0.24E+00     0.114     0.510   261.886
   750.000   -15.828     0.482     0.497     0.481     1.568    -1.632     0.000     0.000    12.999    -1.098    -5.705     1.717     0.515   303.665     0.004   0.18E+00     0.479     0.533   258.194
   700.000   -19.879     0.229     0.350     0.389     1.502    -1.567     0.000     0.000    12.627    -0.391    -4.924     1.520     0.465   302.223     0.002   0.14E+00     0.627     0.546   254.109
   650.000   -24.277     0.105     0.177     0.326     1.396    -1.463     0.000     0.000    12.327    -0.337    -4.257     1.411     0.384   302.663     0.001   0.11E+00     0.654     0.549   249.584
   600.000   -29.130     0.059    -0.016     0.284     1.258    -1.326     0.000     0.000    12.159    -0.262    -3.520     1.361     0.397   303.299     0.000   0.86E-01     0.603     0.543   244.580
   550.000   -34.533     0.025    -0.176     0.253     1.005    -1.076     0.000     0.000    12.076    -0.295    -2.786     1.518     0.133   303.664     0.000   0.77E-01     0.507     0.527   239.058
   500.000   -40.573     0.019    -0.247     0.271     0.914    -0.987     0.000     0.000    12.602    -0.050    -1.988     1.874     0.072   303.898     0.001   0.54E-01     0.388     0.501   232.985
   450.000   -47.240     0.016    -0.252     0.353     0.924    -0.999     0.000     0.000    13.702     0.000    -1.221     2.535     0.253   303.921     0.021   0.13E+00     0.286     0.464   226.319
   400.000   -54.558     0.014    -0.245     0.493     0.861    -0.939     0.000     0.000    15.837     0.000    -0.685     4.049     0.885   304.555     0.084   0.14E+00     0.214     0.414   218.998
   350.000   -62.647     0.013    -0.229     0.741     0.832    -0.913    -0.000     0.000     6.482     0.000    -0.382     1.278    10.089   304.794     0.213   0.91E-01     0.201     0.351   210.924
   300.000   -71.243     0.005    -0.389     0.812     0.570    -0.654     0.000     0.000     2.285     0.000    -0.218     0.362     4.437   305.111     0.313   0.68E-01     0.188     0.250   201.931
   250.000   -74.936     0.003    -3.773     0.862     0.469    -0.546     0.000     0.000     1.284     0.000    -0.093     0.205     1.133   309.143     0.341   0.51E-01     0.121     0.168   191.574
   200.000   -73.553     0.001    -4.000     0.297     0.318    -0.378     0.000     0.000     0.706     0.000    -0.036     0.115     0.649   320.054     0.052   0.34E-01     0.074     0.126   178.955
   150.000   -74.100     0.001    -4.000     0.258     0.201    -0.243     0.000     0.000     0.346     0.000    -0.012     0.057     0.400   333.370     0.052   0.19E-01     0.000     0.087   162.704
   100.000   -72.246     0.001    -4.000     0.178     0.048    -0.061     0.000     0.000     0.000     0.000    -0.000     0.000     0.346   355.370     0.039   0.49E-02     0.000     0.047   139.865
    80.000   -68.776     0.001    -4.000     0.035     0.000     0.006     0.000     0.000     0.000     0.000     0.000     0.000     0.000   371.383     0.000   0.95E-10    -0.000     0.000     0.000
    60.000   -61.028     0.001     0.000     0.008     0.000     0.017     0.000     0.000     0.000     0.000     0.000     0.000     0.000   396.396     0.000   0.00E+00     0.000     0.000     0.000
    40.000   -50.742     0.001     0.000     0.002     0.000     0.032     0.000     0.000     0.000     0.000     0.000     0.000     0.000   431.249     0.000   0.00E+00     0.000     0.000     0.000
    30.000   -42.478     0.001     0.000     0.001     0.000     0.044     0.000     0.000     0.000     0.000     0.000     0.000     0.000   456.571     0.000   0.00E+00     0.000     0.000     0.000
    25.000   -26.082     0.001     0.000     0.000     0.000     0.068     0.000     0.000     0.000     0.000     0.000     0.000     0.000   483.314     0.000   0.00E+00    -0.001     0.000     0.000
