  1000.000    28.704    19.848    -0.003     0.799    -1.797    -2.020     2.778     0.000     0.000     0.000     0.000     0.000     0.000   406.381     0.000   0.00E+00    -3.131     0.642   301.926
   950.000    24.448    19.569     0.031     0.977     3.196    -0.341    -2.079     0.000     7.604     0.000   -11.120     0.000     0.000   406.388     0.005   0.23E-04    -8.581     0.683   297.560
   900.000    22.845    16.073     0.046     0.845     1.293    -1.400    -0.001     0.000     7.597     0.000    -4.721     0.000     0.646   395.745     0.002   0.18E+00    -4.897     0.711   295.390
   850.000    20.307    13.963     0.609     0.835     1.248    -1.357     0.000     0.000     7.028    -0.639    -5.515     0.679     0.034   390.173     0.005   0.20E+00    -3.716     0.750   293.436
   800.000    17.985    12.156     0.923     0.816     1.461    -1.567     0.000     0.000     6.747    -0.000    -4.578     0.382     0.427   385.321     0.011   0.21E+00    -2.592     0.782   291.345
   750.000    15.460    10.598     1.128     0.800     1.600    -1.703     0.000     0.000     6.417     0.000    -3.975     0.351     0.442   381.312     0.014   0.18E+00    -1.633     0.805   289.095
   700.000    12.785     9.114     1.214     0.786     1.723    -1.823     0.000     0.000     6.070     0.000    -3.477     0.320     0.438   378.254     0.019   0.18E+00    -0.916     0.818   286.659
   650.000    10.136     7.331     1.201     0.774     1.838    -1.933     0.000     0.000     5.721     0.000    -3.084     0.291     0.428   375.919     0.044   0.18E+00    -0.415     0.823   283.998
   600.000     7.134     5.729     1.111     0.762     1.933    -2.023     0.000     0.000     5.372     0.000    -2.795     0.287     0.424   374.081     0.219   0.29E+00    -0.199     0.818   281.065
   550.000     3.458     4.493     0.959     0.743     2.026    -2.115     0.000     0.000     5.047     0.000    -2.548     0.307     0.401   372.549     0.248   0.40E+00    -0.098     0.803   277.802
   500.000    -0.870     3.330     0.830     0.722     2.133    -2.222     0.000     0.000     4.747     0.000    -2.332     0.336     0.384   371.172     0.254   0.42E+00    -0.095     0.777   274.119
   450.000    -4.972     2.276     0.802     0.703     2.267    -2.352     0.000     0.000     4.481     0.000    -2.161     0.345     0.357   369.759     0.257   0.49E+00    -0.079     0.738   270.135
   400.000   -10.241     1.715     0.817     0.696     2.454    -2.544     0.005     0.000     3.990     0.000    -1.740     0.349     0.606   368.112     0.259   0.55E+00    -0.257     0.693   265.428
   350.000   -17.465     1.608    -0.276     0.668     2.405    -2.469    -0.019     0.000     3.545    -0.000    -1.281     0.311     0.557   365.005     0.222   0.50E+00     0.326     0.623   259.657
   300.000   -24.940     0.405    -1.824     0.620     2.582    -2.714     0.027     0.000     3.180    -0.004    -0.823     0.307     0.478   365.452     0.264   0.42E+00     0.444     0.564   252.292
   250.000   -35.030     0.238    -4.000     0.509     2.682    -2.557    -0.162     0.000     2.829    -0.000    -0.385     0.351     0.518   365.766     0.104   0.24E+00     0.490     0.502   242.644
   200.000   -47.738     0.118    -4.000     0.537     1.932    -2.194     0.097     0.000     2.786    -0.000    -0.172     0.444     0.313   367.354     0.091   0.17E+00     0.349     0.435   229.875
   150.000   -64.111     0.025    -2.517     0.765     1.169    -1.392     0.055     0.000     1.626     0.000    -0.057     0.269     1.345   369.540     0.261   0.10E+00    -0.005     0.377   213.216
   100.000   -71.154     0.002     2.179     0.720     0.287    -0.356     0.000     0.000     0.000     0.000    -0.000     0.000     1.626   377.416     0.182   0.27E-01    -0.001     0.230   190.069
    80.000   -60.673     0.001    -4.000     0.069     0.000     0.068     0.000     0.000     0.000     0.000     0.000     0.000     0.000   392.982     0.000   0.58E-09    -0.001     0.000     0.000
    60.000   -52.082     0.001     0.000     0.009     0.000     0.141     0.000     0.000     0.000     0.000     0.000     0.000     0.000   418.154     0.000   0.00E+00     0.000     0.000     0.000
    40.000   -43.864     0.001     0.000     0.003     0.000     0.195     0.000     0.000     0.000     0.000     0.000     0.000     0.000   451.006     0.000   0.00E+00     0.000     0.000     0.000
    30.000   -38.053     0.001     0.000     0.001     0.000     0.234     0.000     0.000     0.000     0.000     0.000     0.000     0.000   475.531     0.000   0.00E+00     0.000     0.000     0.000
    25.000   -27.200     0.001     0.000     0.000     0.000     0.306     0.000     0.000     0.000     0.000     0.000     0.000     0.000   499.775     0.000   0.00E+00    -0.001     0.000     0.000
