  1000.000     3.553     3.143    -0.000     0.648    -1.482    -1.066     2.677     0.000     0.000     0.000     0.000     0.000     0.000   293.126     0.000   0.00E+00    -0.851     0.289   276.663
   950.000    -0.545     2.985     0.001     0.817     0.890    -1.446     0.368     0.000    18.224     0.000   -12.566     0.000     0.001   293.138     0.000   0.57E-07    -1.177     0.323   272.646
   900.000    -4.280     2.147    -0.153     0.740     1.419    -1.454     0.000     0.000    18.217    -0.001   -13.528     0.001     2.253   290.251     0.001   0.32E-01    -0.352     0.346   268.794
   850.000    -7.810     1.434     0.353     0.666     1.481    -1.519     0.000     0.000    16.891    -2.247   -10.103     2.626     2.269   288.796     0.048   0.30E+00     0.204     0.379   265.784
   800.000   -11.424     0.899     0.580     0.555     1.584    -1.625     0.000     0.000    15.381    -2.269    -7.578     2.664     1.231   287.874     0.017   0.27E+00     0.637     0.410   262.470
   750.000   -15.185     0.508     0.540     0.413     1.554    -1.597     0.000     0.000    14.295    -1.231    -6.277     2.004     0.425   287.539     0.003   0.17E+00     0.877     0.433   258.809
   700.000   -19.200     0.251     0.340     0.301     1.446    -1.492     0.000     0.000    14.003    -0.375    -5.240     1.761     0.450   287.893     0.003   0.13E+00     0.859     0.447   254.752
   650.000   -23.605     0.130     0.140     0.231     1.281    -1.331     0.000     0.000    13.704    -0.386    -4.365     1.611     0.346   288.240     0.004   0.11E+00     0.727     0.449   250.254
   600.000   -28.473     0.066    -0.050     0.193     1.084    -1.138     0.000     0.000    13.575    -0.282    -3.406     1.592     0.371   288.849     0.007   0.90E-01     0.536     0.441   245.270
   550.000   -33.841     0.028    -0.186     0.177     0.800    -0.859     0.000     0.000    13.529    -0.315    -2.467     1.753     0.158   289.526     0.011   0.91E-01     0.361     0.420   239.762
   500.000   -39.867     0.021    -0.235     0.218     0.657    -0.722     0.000     0.000    14.023    -0.110    -1.514     2.079     0.037   290.211     0.017   0.51E-01     0.210     0.386   233.693
   450.000   -46.541     0.018    -0.240     0.362     0.638    -0.708     0.000     0.000    15.256     0.000    -0.681     2.815     0.204   290.509     0.059   0.11E+00     0.087     0.342   227.022
   400.000   -53.869     0.015    -0.279     0.591     0.494    -0.571     0.000     0.000    15.982    -0.001    -0.227     3.279     1.471   290.926     0.159   0.98E-01     0.025     0.290   219.688
   350.000   -61.982     0.015    -0.316     0.839     0.412    -0.496    -0.000     0.000     9.021     0.000    -0.044     2.310     8.429   291.105     0.219   0.29E-01     0.002     0.222   211.595
   300.000   -70.648     0.005    -0.501     1.014     0.142    -0.231     0.000     0.000     0.935     0.000    -0.003     0.159     8.198   291.391     0.442   0.57E-02    -0.000     0.119   202.579
   250.000   -74.580     0.003    -4.000     1.002    -0.001    -0.074     0.000     0.000     0.002     0.000    -0.000     0.000     0.933   295.289     0.438   0.49E-03    -0.000     0.022   192.200
   200.000   -72.866     0.001    -4.000     0.164     0.000    -0.036     0.000     0.000     0.000     0.000    -0.000     0.000     0.002   309.574     0.000   0.71E-06    -0.000     0.000   179.546
   150.000   -73.381     0.001    -4.000     0.130     0.000    -0.001     0.000     0.000     0.000     0.000     0.000     0.000     0.000   324.445     0.000   0.00E+00     0.000     0.000   163.238
   100.000   -71.654     0.001    -4.000     0.075     0.000     0.005     0.000     0.000     0.000     0.000     0.000     0.000     0.000   348.458     0.000   0.00E+00     0.000     0.000   140.324
    80.000   -68.274     0.001    -4.000     0.041     0.000     0.016     0.000     0.000     0.000     0.000     0.000     0.000     0.000   364.101     0.000   0.00E+00     0.000     0.000     0.000
    60.000   -60.634     0.001     0.000     0.012     0.000     0.042     0.000     0.000     0.000     0.000     0.000     0.000     0.000   388.081     0.000   0.00E+00     0.000     0.000     0.000
    40.000   -50.498     0.001     0.000     0.003     0.000     0.075     0.000     0.000     0.000     0.000     0.000     0.000     0.000   422.477     0.000   0.00E+00     0.000     0.000     0.000
    30.000   -42.331     0.001     0.000     0.001     0.000     0.103     0.000     0.000     0.000     0.000     0.000     0.000     0.000   448.722     0.000   0.00E+00     0.000     0.000     0.000
    25.000   -26.118     0.001     0.000     0.000     0.000     0.157     0.000     0.000     0.000     0.000     0.000     0.000     0.000   476.884     0.000   0.00E+00    -0.001     0.000     0.000
