  1000.000    11.115     5.714     0.000     0.754    -1.753    -1.788     3.002     0.000     0.000     0.000     0.000     0.000     0.000   333.129     0.000   0.00E+00    -1.727     0.485   284.270
   950.000     6.999     5.516     0.001     0.937     2.988    -1.692    -0.990     0.000    10.990     0.000   -11.294     0.000     0.000   333.038     0.000   0.00E+00    -3.885     0.525   280.145
   900.000     3.838     3.948    -0.324     0.779     1.672    -1.794     0.000     0.000    10.990     0.000    -6.130     0.000     1.354   327.074     0.000   0.51E-01    -1.641     0.552   276.458
   850.000     0.426     2.892     0.109     0.727     1.506    -1.632     0.000     0.000    10.159    -1.354    -6.533     1.484     0.811   324.114     0.001   0.44E-01    -0.681     0.588   273.713
   800.000    -2.975     1.983     0.261     0.661     1.498    -1.627     0.000     0.000     9.443    -0.811    -6.128     1.139     0.362   321.837     0.004   0.23E+00     0.086     0.619   270.861
   750.000    -6.067     1.152     0.240     0.589     1.483    -1.613     0.000     0.000     9.168    -0.195    -5.925     0.978     0.222   320.466     0.002   0.20E+00     0.572     0.645   267.721
   700.000    -9.550     0.655     0.155     0.528     1.462    -1.594     0.000     0.000     9.108     0.000    -5.791     0.957     0.220   319.778     0.001   0.16E+00     0.833     0.665   264.207
   650.000   -13.479     0.372     0.038     0.474     1.421    -1.555     0.000     0.000     9.049     0.000    -5.572     0.919     0.216   319.568     0.000   0.12E+00     0.940     0.678   260.247
   600.000   -18.014     0.228    -0.117     0.425     1.356    -1.495     0.000     0.000     9.040     0.000    -5.089     0.944     0.184   319.712     0.000   0.10E+00     0.947     0.682   255.762
   550.000   -23.276     0.166    -0.223     0.397     1.297    -1.442     0.000     0.000     9.127     0.000    -4.378     1.011     0.136   320.075     0.000   0.11E+00     0.832     0.676   250.668
   500.000   -29.302     0.143    -0.229     0.401     1.318    -1.472     0.000     0.000     9.309     0.000    -3.440     1.070     0.114   320.720     0.001   0.78E-01     0.663     0.657   244.886
   450.000   -36.027     0.126    -0.130     0.442     1.430    -1.593     0.000     0.000     9.038     0.000    -2.332     1.069     0.679   321.472     0.031   0.30E+00     0.528     0.624   238.341
   400.000   -43.436     0.089    -0.081     0.459     1.424    -1.597     0.000     0.000     8.774     0.000    -1.266     1.135     0.842   322.180     0.057   0.29E+00     0.425     0.565   230.964
   350.000   -51.700     0.039    -0.033     0.515     1.337    -1.522     0.000     0.000     8.177     0.000    -0.596     1.344     1.498   323.136     0.080   0.21E+00     0.273     0.494   222.673
   300.000   -61.005     0.019    -0.071     0.543     1.011    -1.207     0.000     0.000     6.224     0.000    -0.268     1.121     2.743   324.004     0.094   0.13E+00     0.173     0.409   213.338
   250.000   -70.517     0.006    -0.082     0.734     0.738    -0.940     0.000     0.000     3.211     0.000    -0.089     0.550     3.398   325.062     0.249   0.73E-01     0.055     0.319   202.698
   200.000   -68.352     0.001    -3.643     0.588     0.404    -0.544     0.000     0.000     1.179     0.000    -0.019     0.193     2.164   329.426     0.179   0.32E-01     0.005     0.221   189.772
   150.000   -68.418     0.001    -4.000     0.409     0.109    -0.184     0.000     0.000     0.076     0.000    -0.000     0.004     1.105   339.960     0.114   0.55E-02    -0.000     0.112   173.077
   100.000   -66.910     0.001    -4.000     0.157    -0.009     0.034     0.000     0.000     0.000     0.000    -0.000     0.000     0.076   361.679     0.005   0.15E-03    -0.000     0.015   149.605
    80.000   -64.022     0.001    -4.000     0.027     0.000     0.046     0.000     0.000     0.000     0.000     0.000     0.000     0.000   378.255     0.000   0.00E+00     0.000     0.000     0.000
    60.000   -56.978     0.001     0.000     0.009     0.000     0.081     0.000     0.000     0.000     0.000     0.000     0.000     0.000   402.323     0.000   0.00E+00     0.000     0.000     0.000
    40.000   -47.607     0.001     0.000     0.003     0.000     0.128     0.000     0.000     0.000     0.000     0.000     0.000     0.000   436.147     0.000   0.00E+00     0.000     0.000     0.000
    30.000   -40.489     0.001     0.000     0.001     0.000     0.163     0.000     0.000     0.000     0.000     0.000     0.000     0.000   461.398     0.000   0.00E+00     0.000     0.000     0.000
    25.000   -26.586     0.001     0.000     0.000     0.000     0.232     0.000     0.000     0.000     0.000     0.000     0.000     0.000   486.925     0.000   0.00E+00    -0.001     0.000     0.000
