     0.250     0.059     2.145    16.632    17.422   -16.683     1.680   263.186   265.711    19.992  1006.848     0.125   265.916
     0.500     0.092     2.162    16.762    17.828   -16.987     1.680   263.232   265.531    23.315  1004.823     0.375   262.438
     0.750     0.723     2.259    16.995    18.199   -17.294     1.680   263.274   265.493    26.388  1002.629     0.625   257.308
     1.000     1.524     2.350    17.200    18.533   -17.601     1.680   263.289   265.635    29.107  1000.486     0.875   252.750
     1.250     2.302     2.450    17.399    18.828   -17.907     1.680   263.280   266.129    31.470   998.478     1.125   249.308
     1.500     2.664     2.547    17.591    19.085   -18.213     1.683   263.265   266.745    33.576   996.556     1.375   246.303
     1.750     2.858     2.632    17.767    19.309   -18.526     1.709   263.248   267.340    35.502   994.695     1.625   243.384
     2.000     3.010     2.704    17.926    19.506   -18.743     1.734   263.243   267.857    37.492   992.546     1.875   240.178
     2.250     3.641     2.775    18.056    19.678   -18.863     1.752   263.219   268.763    39.312   990.430     2.125   237.724
     2.500     4.072     2.828    18.169    19.828   -18.973     1.895   263.196   269.577    40.977   988.555     2.375   235.195
     2.750     3.905     2.874    18.280    19.957   -18.867     1.881   263.157   270.733    42.506   986.728     2.625   232.900
     3.000     3.898     2.917    18.383    20.072   -18.569     1.744   263.150   271.340    43.881   984.992     2.875   230.807
     3.250     3.995     2.947    18.476    20.175   -18.352     1.646   263.134   272.103    45.080   983.422     3.125   229.268
     3.500     4.016     2.976    18.559    20.268   -18.222     1.586   263.115   272.956    46.293   981.769     3.375   227.351
     3.750     3.796     2.999    18.639    20.352   -18.090     1.530   263.105   273.444    47.389   980.096     3.625   225.579
     4.000     3.583     3.031    18.716    20.429   -17.956     1.461   263.102   273.861    48.413   978.406     3.875   224.034
     4.250     4.059     3.054    18.770    20.496   -17.775     1.366   263.084   274.807    49.368   976.990     4.125   222.487
     4.500     4.026     3.071    18.825    20.556   -17.678     1.286   263.068   275.525    50.233   975.614     4.375   221.014
     4.750     3.430     3.090    18.896    20.613   -17.660     1.226   263.063   275.945    51.049   973.943     4.625   219.657
     5.000     3.277     3.078    18.963    20.667   -17.637     1.172   263.066   276.218    51.832   972.298     4.875   218.369
     5.250     3.943     3.138    18.998    20.712   -17.506     1.119   263.058   276.683    52.548   971.045     5.125   217.265
     5.500     4.225     3.155    19.021    20.749   -17.328     1.042   263.040   277.535    53.203   970.023     5.375   216.134
     5.750     3.621     3.127    19.065    20.783   -17.292     0.987   263.031   278.143    53.703   968.934     5.625   215.409
     6.000     3.745     3.181    19.105    20.814   -17.293     0.949   263.024   278.568    54.182   967.822     5.875   214.716
     6.250     3.742     3.192    19.130    20.841   -17.263     0.924   263.017   278.973    54.651   966.853     6.125   214.064
     6.500     3.734     3.204    19.154    20.865   -17.234     0.883   263.008   279.183    55.096   965.884     6.375   213.410
     6.750     3.723     3.224    19.175    20.885   -17.189     0.853   263.000   279.746    55.529   964.939     6.625   212.774
     7.000     3.726     3.243    19.198    20.900   -17.177     0.894   262.986   280.150    55.922   964.034     6.875   212.188
     7.250     3.832     3.249    19.203    20.911   -17.136     0.851   262.983   280.506    56.266   963.465     7.125   211.786
     7.500     3.848     3.255    19.211    20.919   -17.121     0.828   262.973   281.059    56.567   962.838     7.375   211.331
     7.750     3.891     3.256    19.214    20.925   -17.087     0.756   262.961   281.758    56.857   962.279     7.625   210.830
     8.000     3.940     3.257    19.213    20.929   -17.066     0.705   262.950   282.222    57.145   961.710     7.875   210.277
     8.250     3.853     3.258    19.215    20.932   -17.071     0.674   262.938   282.747    57.424   961.087     8.125   209.688
     8.500     3.846     3.264    19.215    20.934   -17.074     0.638   262.926   283.182    57.611   960.656     8.375   209.439
     8.750     3.688     3.269    19.218    20.934   -17.087     0.611   262.919   282.377    57.790   960.181     8.625   209.205
     9.000     3.687     3.275    19.217    20.932   -17.084     0.574   262.910   282.734    57.963   959.768     8.875   208.984
     9.250     3.740     3.285    19.211    20.928   -17.076     0.555   262.896   283.988    58.129   959.410     9.125   208.788
     9.500     3.606     3.298    19.212    20.921   -17.099     0.554   262.886   284.029    58.286   958.929     9.375   208.594
     9.750     3.534     3.302    19.206    20.911   -17.124     0.551   262.881   283.991    58.441   958.527     9.625   208.427
    10.000     3.618     3.304    19.192    20.898   -17.121     0.540   262.874   283.060    58.563   958.262     9.875   208.280
    10.250     3.667     3.309    19.177    20.885   -17.122     0.531   262.864   284.248    58.661   958.013    10.125   208.138
    10.500     3.673     3.312    19.165    20.871   -17.147     0.529   262.861   283.109    58.753   957.739    10.375   207.998
    10.750     3.464     3.322    19.162    20.856   -17.235     0.545   262.852   284.551    58.842   957.349    10.625   207.858
    11.000     3.549     3.327    19.141    20.838   -17.263     0.535   262.848   284.586    58.953   957.092    10.875   207.747
    11.250     3.537     3.315    19.123    20.820   -17.295     0.529   262.842   284.649    59.009   956.877    11.125   207.638
    11.500     3.658     3.319    19.106    20.802   -17.319     0.519   262.835   284.902    59.045   956.686    11.375   207.527
    11.750     3.668     3.320    19.086    20.785   -17.338     0.513   262.831   283.927    59.097   956.530    11.625   207.439
    12.000     3.641     3.304    19.063    20.766   -17.383     0.512   262.820   285.590    59.139   956.461    11.875   207.411
    12.250     3.703     3.305    19.042    20.747   -17.426     0.500   262.810   285.967    59.155   956.361    12.125   207.366
    12.500     3.763     3.302    19.020    20.729   -17.476     0.477   262.800   285.683    59.152   956.373    12.375   207.346
    12.750     3.773     3.297    18.998    20.710   -17.527     0.447   262.789   286.669    59.148   956.396    12.625   207.330
    13.000     3.826     3.301    18.976    20.692   -17.552     0.416   262.780   285.740    59.150   956.372    12.875   207.308
    13.250     3.696     3.296    18.954    20.672   -17.542     0.410   262.765   286.830    59.195   956.345    13.125   207.287
    13.500     3.585     3.304    18.940    20.651   -17.565     0.425   262.758   286.851    59.238   956.204    13.375   207.241
    13.750     3.570     3.299    18.920    20.629   -17.606     0.421   262.750   286.820    59.246   956.152    13.625   207.220
    14.000     3.668     3.298    18.896    20.607   -17.664     0.405   262.741   287.028    59.239   956.190    13.875   207.204
    14.250     3.697     3.299    18.870    20.585   -17.705     0.383   262.733   286.571    59.258   956.201    14.125   207.173
    14.500     3.728     3.301    18.843    20.561   -17.699     0.375   262.721   286.013    59.284   956.187    14.375   207.143
    14.750     3.418     3.306    18.830    20.537   -17.761     0.400   262.713   286.939    59.317   956.060    14.625   207.111
    15.000     3.479     3.299    18.806    20.512   -17.789     0.407   262.710   285.925    59.332   955.997    14.875   207.076
    15.250     3.570     3.287    18.779    20.487   -17.837     0.403   262.702   286.881    59.315   956.047    15.125   207.068
    15.500     3.689     3.299    18.751    20.461   -17.880     0.394   262.692   285.985    59.300   955.992    15.375   207.038
    15.750     3.514     3.284    18.727    20.436   -17.944     0.404   262.684   286.841    59.311   955.997    15.625   207.030
    16.000     3.563     3.279    18.700    20.410   -18.009     0.396   262.677   286.782    59.300   956.023    15.875   207.012
    16.250     3.618     3.282    18.674    20.385   -18.076     0.377   262.669   287.086    59.277   956.064    16.125   206.994
    16.500     3.651     3.288    18.647    20.360   -18.118     0.356   262.660   286.718    59.253   956.098    16.375   206.982
    16.750     3.626     3.263    18.617    20.334   -18.116     0.352   262.647   287.007    59.265   956.144    16.625   206.970
    17.000     3.427     3.254    18.595    20.307   -18.153     0.364   262.643   286.699    59.268   956.090    16.875   206.945
    17.250     3.519     3.269    18.569    20.281   -18.189     0.363   262.637   286.726    59.251   956.118    17.125   206.934
    17.500     3.601     3.263    18.541    20.255   -18.240     0.352   262.629   287.057    59.218   956.205    17.375   206.929
    17.750     3.675     3.278    18.513    20.228   -18.279     0.348   262.617   285.995    59.202   956.179    17.625   206.903
    18.000     3.457     3.263    18.488    20.202   -18.328     0.359   262.611   286.644    59.203   956.179    17.875   206.895
    18.250     3.528     3.258    18.461    20.175   -18.383     0.355   262.603   286.763    59.180   956.224    18.125   206.884
    18.500     3.574     3.244    18.433    20.148   -18.446     0.342   262.595   287.074    59.149   956.305    18.375   206.876
    18.750     3.588     3.238    18.404    20.123   -18.495     0.326   262.587   287.113    59.119   956.386    18.625   206.874
    19.000     3.625     3.264    18.377    20.096   -18.513     0.322   262.577   286.772    59.124   956.331    18.875   206.843
    19.250     3.381     3.252    18.353    20.068   -18.557     0.335   262.570   286.786    59.122   956.325    19.125   206.828
    19.500     3.509     3.247    18.325    20.041   -18.605     0.333   262.563   286.757    59.095   956.382    19.375   206.820
    19.750     3.551     3.241    18.297    20.014   -18.664     0.323   262.555   286.964    59.060   956.463    19.625   206.812
    20.000     3.569     3.228    18.268    19.987   -18.713     0.310   262.547   287.102    59.027   956.551    19.875   206.808
    20.250     3.567     3.260    18.247    19.960   -18.763     0.313   262.534   286.987    59.019   956.442    20.125   206.770
    20.500     3.442     3.245    18.216    19.932   -18.777     0.320   262.530   285.828    59.033   956.486    20.375   206.750
    20.750     3.454     3.241    18.189    19.904   -18.829     0.326   262.523   286.550    59.004   956.530    20.625   206.744
    21.000     3.514     3.236    18.161    19.877   -18.892     0.320   262.514   286.798    58.978   956.568    20.875   206.718
    21.250     3.530     3.224    18.132    19.850   -18.958     0.309   262.506   286.931    58.952   956.666    21.125   206.707
    21.500     3.565     3.237    18.105    19.824   -19.003     0.296   262.498   285.945    58.925   956.659    21.375   206.687
    21.750     3.403     3.227    18.077    19.796   -19.027     0.305   262.489   286.559    58.944   956.659    21.625   206.676
    22.000     3.420     3.204    18.049    19.767   -19.057     0.313   262.484   286.345    58.919   956.689    21.875   206.663
    22.250     3.503     3.223    18.021    19.740   -19.110     0.312   262.476   286.508    58.883   956.741    22.125   206.654
    22.500     3.525     3.213    17.991    19.712   -19.169     0.303   262.467   286.693    58.845   956.824    22.375   206.647
    22.750     3.512     3.215    17.965    19.686   -19.228     0.292   262.459   286.431    58.823   956.860    22.625   206.619
    23.000     3.504     3.204    17.936    19.659   -19.278     0.280   262.451   286.956    58.795   956.948    22.875   206.615
    23.250     3.495     3.202    17.910    19.633   -19.317     0.268   262.442   287.140    58.769   957.003    23.125   206.607
    23.500     3.569     3.223    17.881    19.605   -19.334     0.260   262.432   285.915    58.767   956.998    23.375   206.587
    23.750     3.347     3.206    17.855    19.577   -19.357     0.274   262.426   286.653    58.768   957.009    23.625   206.565
    24.000     3.406     3.208    17.830    19.550   -19.403     0.284   262.420   285.526    58.743   956.984    23.875   206.540
    24.250     3.476     3.204    17.802    19.522   -19.465     0.287   262.410   286.612    58.711   957.042    24.125   206.531
    24.500     3.489     3.202    17.773    19.494   -19.535     0.281   262.401   286.738    58.675   957.101    24.375   206.520
    24.750     3.484     3.195    17.745    19.467   -19.596     0.273   262.393   286.803    58.648   957.168    24.625   206.510
    25.000     3.439     3.186    17.716    19.440   -19.643     0.264   262.385   286.708    58.629   957.228    24.875   206.496
    25.250     3.445     3.163    17.688    19.413   -19.680     0.256   262.377   286.794    58.607   957.280    25.125   206.484
    25.500     3.462     3.173    17.660    19.386   -19.714     0.251   262.369   286.728    58.580   957.337    25.375   206.480
    25.750     3.454     3.180    17.632    19.358   -19.749     0.247   262.360   286.828    58.554   957.393    25.625   206.472
    26.000     3.449     3.177    17.605    19.331   -19.784     0.244   262.353   286.621    58.529   957.435    25.875   206.461
    26.250     3.457     3.175    17.577    19.304   -19.826     0.243   262.344   286.640    58.502   957.485    26.125   206.449
    26.500     3.421     3.182    17.553    19.276   -19.878     0.243   262.335   286.797    58.470   957.483    26.375   206.432
    26.750     3.450     3.176    17.523    19.249   -19.927     0.242   262.326   286.273    58.446   957.558    26.625   206.428
    27.000     3.414     3.174    17.496    19.221   -19.982     0.241   262.318   286.251    58.420   957.586    26.875   206.416
    27.250     3.404     3.166    17.466    19.193   -20.029     0.240   262.310   286.564    58.399   957.662    27.125   206.416
    27.500     3.408     3.174    17.441    19.165   -20.078     0.241   262.302   286.495    58.372   957.650    27.375   206.392
    27.750     3.408     3.168    17.410    19.136   -20.128     0.242   262.294   286.435    58.348   957.723    27.625   206.387
    28.000     3.391     3.165    17.381    19.108   -20.178     0.245   262.286   286.360    58.322   957.772    27.875   206.378
    28.250     3.368     3.163    17.353    19.080   -20.233     0.249   262.279   285.846    58.292   957.798    28.125   206.367
    28.500     3.386     3.159    17.324    19.051   -20.292     0.250   262.271   285.956    58.260   957.841    28.375   206.357
    28.750     3.382     3.157    17.295    19.023   -20.352     0.250   262.264   285.906    58.232   957.886    28.625   206.348
    29.000     3.143     3.145    17.268    18.993   -20.411     0.250   262.261   285.822    58.267   957.917    28.875   206.348
    29.250     2.963     3.172    17.239    18.960   -20.467     0.252   262.266   285.400    58.302   957.867    29.125   206.320
    29.500     3.273     3.172    17.198    18.926   -20.517     0.266   262.267   285.044    58.255   957.934    29.375   206.307
    29.750     3.320     3.165    17.164    18.894   -20.597     0.280   262.259   285.183    58.191   958.029    29.625   206.312
    30.000     3.357     3.129    17.133    18.862   -20.677     0.289   262.250   285.082    58.156   958.073    29.875   206.298
    30.250     3.345     3.165    17.106    18.831   -20.790     0.371   262.245   283.686    58.122   958.023    30.125   206.275
    30.500     3.300     3.164    17.077    18.800   -20.918     0.418   262.236   284.889    58.091   958.077    30.375   206.268
    30.750     3.143     3.156    17.049    18.769   -21.028     0.379   262.238   284.619    58.077   958.092    30.625   206.261
    31.000     3.184     3.146    17.015    18.738   -21.099     0.332   262.236   284.790    58.054   958.162    30.875   206.245
    31.250     3.247     3.139    16.979    18.707   -21.142     0.296   262.234   284.916    58.010   958.279    31.125   206.240
    31.500     3.301     3.142    16.944    18.678   -21.158     0.266   262.232   285.117    57.968   958.372    31.375   206.219
    31.750     3.435     3.108    16.906    18.650   -21.139     0.244   262.222   284.776    57.923   958.514    31.625   206.199
    32.000     3.431     3.125    16.878    18.623   -21.105     0.242   262.211   284.651    57.878   958.552    31.875   206.191
    32.250     3.311     3.116    16.856    18.597   -21.128     0.261   262.203   284.653    57.856   958.569    32.125   206.174
    32.500     3.242     3.124    16.834    18.571   -21.192     0.259   262.198   284.317    57.847   958.557    32.375   206.153
    32.750     3.296     3.119    16.804    18.544   -21.260     0.249   262.194   284.738    57.826   958.645    32.625   206.145
    33.000     3.390     3.120    16.773    18.517   -21.303     0.238   262.186   284.757    57.783   958.687    32.875   206.130
    33.250     3.465     3.088    16.742    18.491   -21.317     0.244   262.177   284.589    57.744   958.820    33.125   206.121
    33.500     3.322     3.090    16.720    18.466   -21.366     0.253   262.166   284.887    57.720   958.816    33.375   206.109
    33.750     3.257     3.107    16.698    18.441   -21.441     0.245   262.161   284.554    57.714   958.821    33.625   206.095
    34.000     3.261     3.100    16.670    18.414   -21.509     0.232   262.156   284.848    57.700   958.882    33.875   206.086
    34.250     3.400     3.103    16.638    18.388   -21.533     0.220   262.147   284.601    57.660   958.949    34.125   206.083
    34.500     3.447     3.102    16.610    18.362   -21.536     0.227   262.137   283.545    57.621   959.020    34.375   206.066
    34.750     3.283     3.094    16.590    18.336   -21.589     0.246   262.127   283.994    57.599   959.020    34.625   206.057
    35.000     3.191     3.099    16.567    18.310   -21.655     0.244   262.122   284.421    57.601   959.007    34.875   206.044
    35.250     3.222     3.091    16.538    18.283   -21.724     0.235   262.118   284.646    57.591   959.059    35.125   206.025
    35.500     3.344     3.071    16.504    18.256   -21.766     0.223   262.110   284.413    57.549   959.134    35.375   206.023
    35.750     3.427     3.093    16.480    18.230   -21.796     0.231   262.099   284.397    57.486   959.143    35.625   206.010
    36.000     3.309     3.077    16.452    18.204   -21.837     0.234   262.090   284.623    57.475   959.249    35.875   206.012
    36.250     3.194     3.085    16.429    18.178   -21.910     0.227   262.085   284.247    57.473   959.238    36.125   205.994
    36.500     3.216     3.078    16.399    18.151   -21.969     0.216   262.082   284.404    57.463   959.312    36.375   205.985
    36.750     3.428     3.081    16.366    18.124   -21.976     0.208   262.070   284.363    57.413   959.379    36.625   205.976
    37.000     3.354     3.078    16.340    18.098   -22.005     0.222   262.060   283.628    57.371   959.432    36.875   205.970
    37.250     3.208     3.068    16.317    18.072   -22.062     0.229   262.053   284.357    57.362   959.459    37.125   205.961
    37.500     3.166     3.072    16.293    18.046   -22.137     0.222   262.049   284.091    57.357   959.459    37.375   205.944
    37.750     3.273     3.076    16.263    18.018   -22.193     0.211   262.044   283.420    57.322   959.490    37.625   205.932
    38.000     3.358     3.000    16.228    17.991   -22.196     0.213   262.032   283.598    57.289   959.626    37.875   205.915
    38.250     3.291     3.054    16.206    17.966   -22.248     0.230   262.024   284.229    57.251   959.637    38.125   205.921
    38.500     3.177     3.061    16.184    17.940   -22.324     0.226   262.018   284.076    57.249   959.625    38.375   205.900
    38.750     3.169     3.060    16.156    17.913   -22.402     0.214   262.015   284.221    57.241   959.665    38.625   205.884
    39.000     3.311     3.061    16.125    17.886   -22.434     0.202   262.006   284.108    57.193   959.706    38.875   205.878
    39.250     3.325     2.987    16.092    17.860   -22.428     0.208   261.995   283.943    57.161   959.824    39.125   205.871
    39.500     3.263     3.044    16.070    17.835   -22.476     0.222   261.987   284.013    57.138   959.830    39.375   205.865
    39.750     3.158     3.045    16.046    17.809   -22.554     0.217   261.982   283.988    57.135   959.849    39.625   205.852
    40.000     3.208     3.043    16.017    17.782   -22.620     0.205   261.979   284.066    57.121   959.914    39.875   205.837
    40.250     3.371     3.042    15.984    17.755   -22.633     0.196   261.968   283.735    57.068   959.981    40.125   205.836
    40.500     3.288     3.043    15.962    17.730   -22.666     0.207   261.957   283.291    57.021   959.989    40.375   205.828
    40.750     3.205     3.034    15.938    17.705   -22.724     0.211   261.949   283.720    57.019   960.029    40.625   205.816
    41.000     3.108     3.025    15.914    17.679   -22.802     0.205   261.945   283.789    57.021   960.047    40.875   205.799
    41.250     3.207     3.017    15.883    17.652   -22.846     0.193   261.941   283.733    57.002   960.111    41.125   205.789
    41.500     3.382     3.031    15.850    17.625   -22.844     0.190   261.929   283.565    56.950   960.197    41.375   205.785
    41.750     3.239     3.033    15.828    17.600   -22.880     0.205   261.922   283.114    56.918   960.214    41.625   205.775
    42.000     3.099     3.014    15.806    17.574   -22.950     0.205   261.916   283.691    56.917   960.226    41.875   205.763
    42.250     3.132     3.027    15.780    17.548   -23.021     0.195   261.912   283.740    56.907   960.242    42.125   205.750
    42.500     3.236     3.003    15.747    17.521   -23.064     0.184   261.905   283.473    56.874   960.314    42.375   205.741
    42.750     3.349     3.018    15.716    17.495   -23.074     0.186   261.896   283.371    56.824   960.388    42.625   205.737
    43.000     3.234     3.009    15.694    17.470   -23.121     0.195   261.884   283.694    56.795   960.424    42.875   205.734
    43.250     3.102     3.013    15.671    17.445   -23.200     0.192   261.879   283.581    56.804   960.429    43.125   205.716
    43.500     3.104     3.026    15.646    17.418   -23.265     0.183   261.877   283.589    56.793   960.435    43.375   205.699
    43.750     3.291     3.015    15.612    17.391   -23.278     0.175   261.866   283.285    56.750   960.497    43.625   205.688
    44.000     3.265     3.012    15.585    17.366   -23.282     0.189   261.858   282.320    56.715   960.567    43.875   205.680
    44.250     3.130     3.003    15.563    17.340   -23.336     0.200   261.850   283.280    56.704   960.588    44.125   205.676
    44.500     3.090     3.006    15.539    17.314   -23.414     0.195   261.846   283.165    56.700   960.582    44.375   205.660
    44.750     3.176     3.010    15.508    17.288   -23.478     0.184   261.841   283.241    56.685   960.636    44.625   205.643
    45.000     3.306     3.001    15.476    17.261   -23.496     0.182   261.831   282.106    56.634   960.728    44.875   205.634
    45.250     3.161     2.964    15.452    17.237   -23.532     0.193   261.822   283.108    56.602   960.757    45.125   205.633
    45.500     3.132     2.991    15.429    17.211   -23.604     0.194   261.815   283.236    56.599   960.772    45.375   205.621
    45.750     3.066     2.979    15.404    17.185   -23.684     0.184   261.812   283.175    56.595   960.787    45.625   205.602
    46.000     3.211     2.995    15.374    17.159   -23.721     0.172   261.805   282.428    56.557   960.811    45.875   205.588
    46.250     3.279     2.964    15.342    17.133   -23.708     0.171   261.793   282.366    56.523   960.915    46.125   205.584
    46.500     3.154     2.978    15.321    17.109   -23.743     0.188   261.786   282.647    56.498   960.931    46.375   205.583
    46.750     3.046     2.971    15.297    17.083   -23.818     0.187   261.780   282.806    56.510   960.933    46.625   205.560
    47.000     3.055     2.980    15.272    17.057   -23.892     0.179   261.777   282.796    56.500   960.948    46.875   205.541
    47.250     3.242     2.957    15.238    17.030   -23.911     0.171   261.768   282.574    56.460   961.019    47.125   205.532
    47.500     3.211     2.975    15.212    17.006   -23.928     0.184   261.758   282.633    56.418   961.061    47.375   205.528
    47.750     3.167     2.968    15.189    16.980   -23.990     0.193   261.749   282.832    56.403   961.094    47.625   205.522
    48.000     3.024     2.959    15.165    16.955   -24.081     0.187   261.747   282.588    56.409   961.098    47.875   205.503
    48.250     3.072     2.981    15.139    16.929   -24.145     0.175   261.745   282.618    56.398   961.124    48.125   205.484
    48.500     3.230     2.968    15.106    16.903   -24.150     0.165   261.735   281.863    56.354   961.184    48.375   205.473
    48.750     3.203     2.964    15.079    16.879   -24.143     0.176   261.724   282.208    56.320   961.240    48.625   205.473
    49.000     3.114     2.961    15.058    16.854   -24.200     0.184   261.716   282.502    56.307   961.244    48.875   205.464
    49.250     3.030     2.948    15.033    16.828   -24.283     0.179   261.712   282.416    56.312   961.270    49.125   205.449
    49.500     3.058     2.969    15.008    16.802   -24.347     0.168   261.710   282.483    56.295   961.289    49.375   205.430
    49.750     3.222     2.932    14.974    16.776   -24.355     0.160   261.699   282.237    56.255   961.376    49.625   205.418
    50.000     3.213     2.954    14.950    16.752   -24.363     0.171   261.690   282.024    56.214   961.383    49.875   205.410
