  1000.000     2.966     2.982     0.000     0.622    -1.290    -0.811     2.563     0.000     0.000     0.000     0.000     0.000     0.000   285.986     0.000   0.00E+00    -0.548     0.252   276.072
   950.000    -1.133     2.823     0.001     0.796    -0.155    -1.396     1.084     0.000    21.007     0.000   -16.741     0.000     0.001   286.020     0.000   0.18E-05    -0.858     0.281   272.063
   900.000    -4.918     2.005     0.015     0.725     1.423    -1.425     0.000     0.000    21.007    -0.001   -15.128     0.001     2.062   282.875     0.005   0.97E-01    -0.248     0.315   268.187
   850.000    -8.472     1.340     0.433     0.629     1.503    -1.507     0.000     0.000    19.642    -2.062   -10.324     2.640     2.653   282.185     0.045   0.30E+00     0.224     0.349   265.143
   800.000   -12.127     0.851     0.620     0.519     1.600    -1.605     0.000     0.000    17.986    -2.646    -7.187     3.117     1.938   281.006     0.020   0.24E+00     0.534     0.379   261.794
   750.000   -15.923     0.478     0.592     0.378     1.575    -1.580     0.000     0.000    16.323    -1.931    -5.404     2.379     0.792   281.687     0.006   0.17E+00     0.697     0.398   258.098
   700.000   -19.980     0.227     0.411     0.263     1.470    -1.477     0.000     0.000    15.688    -0.776    -4.193     2.060     0.642   280.975     0.004   0.12E+00     0.662     0.404   254.007
   650.000   -24.386     0.105     0.223     0.195     1.323    -1.332     0.000     0.000    15.240    -0.626    -3.264     1.911     0.516   282.333     0.005   0.94E-01     0.543     0.398   249.479
   600.000   -29.245     0.057     0.023     0.158     1.124    -1.134     0.000     0.000    14.969    -0.500    -2.397     1.790     0.573   283.522     0.007   0.75E-01     0.384     0.383   244.472
   550.000   -34.644     0.025    -0.160     0.120     0.677    -0.689     0.000     0.000    14.821    -0.556    -1.662     2.053     0.051   283.786     0.008   0.52E-01     0.252     0.360   238.948
   500.000   -40.687     0.019    -0.237     0.156     0.509    -0.523     0.000     0.000    15.916    -0.036    -0.925     2.777     0.020   283.948     0.010   0.37E-01     0.139     0.327   232.875
   450.000   -47.353     0.016    -0.262     0.258     0.435    -0.451     0.000     0.000    18.361    -0.002    -0.359     4.094     0.027   284.164     0.018   0.33E-01     0.060     0.287   226.210
   400.000   -54.671     0.014    -0.287     0.466     0.316    -0.335     0.000     0.000    24.564    -0.002    -0.100     8.143     0.420   284.286     0.082   0.27E-01     0.019     0.243   218.891
   350.000   -62.759     0.013    -0.291     0.966     0.311    -0.332    -0.000     0.000     3.478    -0.001    -0.006     0.544    21.336   284.369     0.403   0.28E-02     0.000     0.192   210.820
   300.000   -71.337     0.004    -0.681     1.001     0.017    -0.041     0.000     0.000     0.046    -0.000    -0.000     0.000     3.431   284.529     0.471   0.78E-03    -0.000     0.065   201.831
   250.000   -74.973     0.003    -4.000     1.000    -0.001    -0.017     0.000     0.000     0.000     0.000    -0.000     0.000     0.046   290.800     0.268   0.83E-05    -0.000     0.002   191.477
   200.000   -73.604     0.001    -4.000     0.207     0.000    -0.004     0.000     0.000     0.000     0.000     0.000     0.000     0.000   304.589     0.000   0.42E-10    -0.000     0.000   178.861
   150.000   -74.158     0.001    -4.000     0.168     0.000    -0.002     0.000     0.000     0.000     0.000     0.000     0.000     0.000   320.634     0.000   0.00E+00     0.000     0.000   162.614
   100.000   -72.288     0.001    -4.000     0.087     0.000     0.000     0.000     0.000     0.000     0.000     0.000     0.000     0.000   345.318     0.000   0.00E+00     0.000     0.000   139.781
    80.000   -68.812     0.001    -4.000     0.043     0.000     0.005     0.000     0.000     0.000     0.000     0.000     0.000     0.000   360.436     0.000   0.00E+00     0.000     0.000     0.000
    60.000   -61.059     0.001     0.000     0.012     0.000     0.014     0.000     0.000     0.000     0.000     0.000     0.000     0.000   385.559     0.000   0.00E+00     0.000     0.000     0.000
    40.000   -50.767     0.001     0.000     0.002     0.000     0.027     0.000     0.000     0.000     0.000     0.000     0.000     0.000   420.977     0.000   0.00E+00     0.000     0.000     0.000
    30.000   -42.494     0.001     0.000     0.001     0.000     0.037     0.000     0.000     0.000     0.000     0.000     0.000     0.000   447.433     0.000   0.00E+00     0.000     0.000     0.000
    25.000   -26.078     0.001     0.000     0.000     0.000     0.060     0.000     0.000     0.000     0.000     0.000     0.000     0.000   476.049     0.000   0.00E+00    -0.001     0.000     0.000
