  1000.000    11.790     5.907     0.000     0.679    -1.672    -1.080     2.642     0.000     0.000     0.000     0.000     0.000     0.000   303.111     0.000   0.00E+00    -1.121     0.328   284.947
   950.000     7.668     5.714     0.001     0.851     1.643    -1.285    -0.250     0.000    14.081     0.000   -12.032     0.000     0.000   303.031     0.000   0.37E-08    -1.786     0.366   280.812
   900.000     4.454     4.188    -0.373     0.725     1.287    -1.289     0.000     0.000    14.078    -0.000    -9.095     0.000     2.050   299.165     0.000   0.17E-01    -0.429     0.392   277.040
   850.000     0.978     3.090     0.254     0.653     1.343    -1.346     0.000     0.000    13.173    -2.048    -8.785     2.357     1.724   297.300     0.001   0.51E-02     0.254     0.420   274.323
   800.000    -2.469     2.116     0.671     0.561     1.527    -1.530     0.000     0.000    12.056    -1.724    -9.593     2.131     0.032   295.980     0.006   0.27E+00     1.008     0.446   271.472
   750.000    -5.560     1.194     0.549     0.402     1.630    -1.633     0.000     0.000    12.226    -0.032    -7.631     1.628     0.017   294.700     0.001   0.16E+00     1.380     0.480   268.375
   700.000    -8.981     0.642     0.307     0.280     1.564    -1.568     0.000     0.000    12.408    -0.000    -7.048     1.436     0.017   295.620     0.001   0.12E+00     1.404     0.510   264.910
   650.000   -12.806     0.335     0.001     0.197     1.368    -1.372     0.000     0.000    12.590    -0.000    -6.334     1.277     0.014   295.248     0.002   0.11E+00     1.185     0.532   261.002
   600.000   -17.212     0.184    -0.251     0.151     1.093    -1.099     0.000     0.000    12.847     0.000    -5.523     1.381     0.013   296.746     0.003   0.10E+00     0.868     0.544   256.569
   550.000   -22.347     0.119    -0.359     0.144     0.848    -0.855     0.000     0.000    13.222     0.000    -4.487     1.527     0.016   297.312     0.005   0.11E+00     0.571     0.539   251.524
   500.000   -28.282     0.098    -0.313     0.185     0.723    -0.733     0.000     0.000    13.820     0.000    -3.115     1.735     0.017   298.603     0.007   0.31E+00     0.360     0.515   245.780
   450.000   -35.017     0.094    -0.184     0.305     0.776    -0.788     0.000     0.000    14.797    -0.000    -1.547     2.086     0.022   299.035     0.033   0.15E+00     0.224     0.474   239.260
   400.000   -42.507     0.095    -0.094     0.594     0.796    -0.811     0.000     0.000    15.946    -0.000    -0.525     2.800     0.649   299.087     0.154   0.19E+00     0.046     0.422   231.892
   350.000   -50.840     0.056    -0.077     0.868     0.627    -0.645     0.000     0.000    13.065     0.000    -0.086     3.241     5.512   299.438     0.241   0.95E-01     0.005     0.353   223.593
   300.000   -60.136     0.022    -0.110     0.939     0.480    -0.502     0.000     0.000     4.252     0.000    -0.013     0.838     9.310   300.329     0.286   0.57E-02     0.000     0.216   214.236
   250.000   -69.971     0.007    -0.690     1.000     0.021    -0.045     0.000     0.000     0.023     0.000    -0.000     0.000     4.229   300.853     0.318   0.18E-02    -0.000     0.084   203.570
   200.000   -66.539     0.001    -4.000     0.081    -0.001    -0.004     0.000     0.000     0.000     0.000    -0.000     0.000     0.023   316.481     0.000   0.11E-04    -0.000     0.002   190.559
   150.000   -67.768     0.001    -4.000     0.069     0.000     0.007     0.000     0.000     0.000     0.000     0.000     0.000     0.000   331.944     0.000   0.00E+00     0.000     0.000   173.774
   100.000   -69.018     0.001    -4.000     0.055     0.000     0.005     0.000     0.000     0.000     0.000     0.000     0.000     0.000   353.734     0.000   0.00E+00     0.000     0.000   150.409
    80.000   -69.083     0.001    -4.000     0.044     0.000     0.005     0.000     0.000     0.000     0.000     0.000     0.000     0.000   366.862     0.000   0.00E+00     0.000     0.000     0.000
    60.000   -67.009     0.001     0.000     0.025     0.000     0.008     0.000     0.000     0.000     0.000     0.000     0.000     0.000   385.586     0.000   0.00E+00     0.000     0.000     0.000
    40.000   -64.707     0.001     0.000     0.012     0.000     0.011     0.000     0.000     0.000     0.000     0.000     0.000     0.000   411.612     0.000   0.00E+00     0.000     0.000     0.000
    30.000   -65.231     0.001     0.000     0.009     0.000     0.010     0.000     0.000     0.000     0.000     0.000     0.000     0.000   427.864     0.000   0.00E+00     0.000     0.000     0.000
    25.000   -70.159     0.001     0.000     0.016     0.000     0.005     0.000     0.000     0.000     0.000     0.000     0.000     0.000   434.370     0.000   0.00E+00    -0.001     0.000     0.000
