  1000.000     4.608     3.334     0.000     0.624    -1.461    -0.900     2.632     0.000     0.000     0.000     0.000     0.000     0.000   288.714     0.000   0.00E+00    -0.781     0.272   277.732
   950.000     0.522     3.157     0.001     0.790     0.430    -1.338     0.635     0.000    20.166     0.000   -12.463     0.000     0.001   288.719     0.000   0.53E-06    -0.926     0.305   273.700
   900.000    -3.300     2.335    -0.068     0.740     1.380    -1.382     0.000     0.000    20.164    -0.001   -15.908     0.001     2.280   285.993     0.001   0.11E-01    -0.330     0.327   269.699
   850.000    -6.809     1.586     0.410     0.657     1.503    -1.505     0.000     0.000    18.662    -2.278   -10.709     2.695     2.609   284.639     0.054   0.34E+00     0.191     0.362   266.740
   800.000   -10.368     1.007     0.623     0.538     1.641    -1.645     0.000     0.000    16.950    -2.604    -7.523     3.024     1.733   283.483     0.019   0.26E+00     0.573     0.395   263.480
   750.000   -14.056     0.584     0.582     0.380     1.600    -1.604     0.000     0.000    15.402    -1.726    -5.885     2.264     0.411   283.969     0.004   0.17E+00     0.788     0.417   259.873
   700.000   -18.052     0.328     0.373     0.264     1.497    -1.503     0.000     0.000    15.159    -0.389    -4.736     2.020     0.630   283.529     0.003   0.13E+00     0.740     0.426   255.869
   650.000   -22.458     0.162     0.194     0.193     1.324    -1.331     0.000     0.000    14.663    -0.611    -3.815     1.818     0.393   284.584     0.004   0.97E-01     0.627     0.423   251.419
   600.000   -27.277     0.083    -0.001     0.157     1.121    -1.129     0.000     0.000    14.470    -0.373    -2.811     1.728     0.477   285.530     0.006   0.78E-01     0.453     0.408   246.474
   550.000   -32.614     0.039    -0.159     0.132     0.769    -0.778     0.000     0.000    14.304    -0.456    -1.974     1.887     0.178   286.090     0.007   0.58E-01     0.304     0.384   240.991
   500.000   -38.599     0.025    -0.239     0.156     0.563    -0.574     0.000     0.000    14.806    -0.165    -1.182     2.261     0.014   286.375     0.009   0.40E-01     0.175     0.350   234.932
   450.000   -45.343     0.025    -0.265     0.279     0.537    -0.551     0.000     0.000    16.618    -0.002    -0.481     3.413     0.034   286.565     0.026   0.50E-01     0.072     0.308   228.255
   400.000   -52.734     0.020    -0.308     0.500     0.376    -0.392     0.000     0.000    17.925    -0.002    -0.158     3.565     1.078   286.608     0.121   0.57E-01     0.019     0.260   220.902
   350.000   -60.841     0.015    -0.323     0.787     0.353    -0.370    -0.000     0.000    10.071    -0.001    -0.029     2.795     9.707   286.651     0.181   0.37E-02     0.001     0.201   212.778
   300.000   -69.750     0.006    -0.470     1.001     0.058    -0.078     0.000     0.000     0.160    -0.000    -0.000     0.000     9.911   286.864     0.433   0.18E-02    -0.000     0.097   203.725
   250.000   -74.296     0.003    -4.000     0.999    -0.004    -0.012     0.000     0.000     0.000     0.000    -0.000     0.000     0.160   293.453     0.122   0.30E-04    -0.000     0.006   193.321
   200.000   -73.116     0.001    -4.000     0.190     0.000    -0.003     0.000     0.000     0.000     0.000     0.000     0.000     0.000   306.284     0.000   0.43E-10    -0.000     0.000   180.669
   150.000   -74.147     0.001    -4.000     0.165     0.000    -0.001     0.000     0.000     0.000     0.000     0.000     0.000     0.000   322.045     0.000   0.00E+00     0.000     0.000   164.404
   100.000   -73.192     0.001    -4.000     0.098     0.000    -0.001     0.000     0.000     0.000     0.000     0.000     0.000     0.000   344.383     0.000   0.00E+00     0.000     0.000   141.626
    80.000   -70.596     0.001    -4.000     0.054     0.000     0.002     0.000     0.000     0.000     0.000     0.000     0.000     0.000   360.644     0.000   0.00E+00     0.000     0.000     0.000
    60.000   -64.145     0.001     0.000     0.017     0.000     0.009     0.000     0.000     0.000     0.000     0.000     0.000     0.000   383.861     0.000   0.00E+00     0.000     0.000     0.000
    40.000   -55.488     0.001     0.000     0.004     0.000     0.019     0.000     0.000     0.000     0.000     0.000     0.000     0.000   416.042     0.000   0.00E+00     0.000     0.000     0.000
    30.000   -48.995     0.001     0.000     0.001     0.000     0.026     0.000     0.000     0.000     0.000     0.000     0.000     0.000   440.068     0.000   0.00E+00     0.000     0.000     0.000
    25.000   -37.490     0.001     0.000     0.000     0.000     0.041     0.000     0.000     0.000     0.000     0.000     0.000     0.000   464.009     0.000   0.00E+00    -0.001     0.000     0.000
