  1000.000     2.993     2.992     0.000     0.640    -1.391    -0.968     2.630     0.000     0.000     0.000     0.000     0.000     0.000   291.010     0.000   0.00E+00    -0.718     0.277   276.099
   950.000    -1.104     2.832     0.001     0.813     0.432    -1.445     0.692     0.000    19.249     0.000   -14.968     0.000     0.001   291.010     0.000   0.63E-07    -1.116     0.309   272.090
   900.000    -4.888     2.013    -0.077     0.732     1.433    -1.460     0.000     0.000    19.247    -0.001   -13.895     0.001     2.074   287.833     0.003   0.71E-01    -0.325     0.339   268.219
   850.000    -8.444     1.347     0.376     0.645     1.490    -1.518     0.000     0.000    17.955    -2.072   -10.027     2.545     2.326   286.550     0.041   0.27E+00     0.213     0.372   265.176
   800.000   -12.105     0.849     0.585     0.536     1.581    -1.611     0.000     0.000    16.457    -2.326    -7.333     2.783     1.557   285.387     0.016   0.26E+00     0.594     0.402   261.829
   750.000   -15.888     0.441     0.562     0.400     1.561    -1.592     0.000     0.000    15.130    -1.555    -5.856     2.153     0.609   285.966     0.003   0.17E+00     0.806     0.424   258.135
   700.000   -19.870     0.223     0.388     0.287     1.464    -1.497     0.000     0.000    14.665    -0.585    -4.840     1.879     0.518   285.426     0.001   0.13E+00     0.805     0.434   254.045
   650.000   -24.319     0.122     0.194     0.215     1.317    -1.352     0.000     0.000    14.325    -0.485    -3.951     1.738     0.413   286.229     0.001   0.10E+00     0.692     0.434   249.518
   600.000   -29.223     0.066    -0.010     0.174     1.126    -1.163     0.000     0.000    14.148    -0.381    -3.045     1.660     0.458   287.232     0.001   0.82E-01     0.515     0.423   244.511
   550.000   -34.618     0.025    -0.177     0.142     0.756    -0.795     0.000     0.000    14.074    -0.430    -2.217     1.883     0.078   287.753     0.001   0.71E-01     0.351     0.403   238.989
   500.000   -40.650     0.019    -0.232     0.176     0.601    -0.643     0.000     0.000    14.909    -0.059    -1.360     2.422     0.016   288.180     0.005   0.43E-01     0.205     0.372   232.916
   450.000   -47.317     0.016    -0.224     0.291     0.557    -0.602     0.000     0.000    16.730     0.000    -0.623     3.412     0.114   288.415     0.027   0.71E-01     0.094     0.331   226.251
   400.000   -54.634     0.014    -0.225     0.495     0.440    -0.488     0.000     0.000    20.629     0.000    -0.215     6.025     0.811   288.716     0.107   0.72E-01     0.034     0.282   218.931
   350.000   -62.723     0.013    -0.214     0.884     0.399    -0.451    -0.000     0.000     6.190     0.000    -0.045     1.335    15.237   288.843     0.314   0.26E-01     0.004     0.222   210.859
   300.000   -71.303     0.004    -0.457     0.989     0.111    -0.165     0.000     0.000     1.042     0.000    -0.007     0.219     5.323   289.030     0.434   0.96E-02     0.000     0.108   201.869
   250.000   -74.962     0.003    -4.000     1.006     0.021    -0.068     0.000     0.000     0.037     0.000    -0.000     0.000     1.006   293.823     0.404   0.94E-03    -0.000     0.025   191.514
   200.000   -73.588     0.001    -4.000     0.185    -0.002    -0.026     0.000     0.000     0.000     0.000    -0.000     0.000     0.037   307.805     0.000   0.11E-04    -0.000     0.003   178.897
   150.000   -74.143     0.001    -4.000     0.145     0.000    -0.007     0.000     0.000     0.000     0.000     0.000     0.000     0.000   323.408     0.000   0.84E-10    -0.000     0.000   162.649
   100.000   -72.275     0.001    -4.000     0.075     0.000     0.001     0.000     0.000     0.000     0.000     0.000     0.000     0.000   348.234     0.000   0.00E+00     0.000     0.000   139.814
    80.000   -68.800     0.001    -4.000     0.039     0.000     0.007     0.000     0.000     0.000     0.000     0.000     0.000     0.000   363.508     0.000   0.00E+00     0.000     0.000     0.000
    60.000   -61.049     0.001     0.000     0.011     0.000     0.020     0.000     0.000     0.000     0.000     0.000     0.000     0.000   387.597     0.000   0.00E+00     0.000     0.000     0.000
    40.000   -50.758     0.001     0.000     0.002     0.000     0.037     0.000     0.000     0.000     0.000     0.000     0.000     0.000   422.767     0.000   0.00E+00     0.000     0.000     0.000
    30.000   -42.488     0.001     0.000     0.001     0.000     0.051     0.000     0.000     0.000     0.000     0.000     0.000     0.000   449.142     0.000   0.00E+00     0.000     0.000     0.000
    25.000   -26.079     0.001     0.000     0.000     0.000     0.079     0.000     0.000     0.000     0.000     0.000     0.000     0.000   477.233     0.000   0.00E+00    -0.001     0.000     0.000
