  1000.000     4.904     3.430     0.000     0.635    -1.493    -0.968     2.649     0.000     0.000     0.000     0.000     0.000     0.000   290.766     0.000   0.00E+00    -0.836     0.281   278.030
   950.000     0.819     3.255     0.001     0.803     0.706    -1.340     0.442     0.000    19.091     0.000   -12.491     0.000     0.001   290.775     0.000   0.27E-06    -1.023     0.315   273.994
   900.000    -2.975     2.444    -0.137     0.748     1.380    -1.385     0.000     0.000    19.085    -0.001   -15.494     0.001     2.294   288.261     0.001   0.92E-02    -0.380     0.338   270.015
   850.000    -6.493     1.679     0.376     0.674     1.485    -1.493     0.000     0.000    17.684    -2.289   -10.923     2.698     2.397   286.702     0.068   0.41E+00     0.167     0.372   267.074
   800.000   -10.079     1.069     0.592     0.553     1.618    -1.627     0.000     0.000    16.072    -2.386    -7.698     2.788     1.341   286.154     0.020   0.27E+00     0.593     0.406   263.834
   750.000   -13.769     0.565     0.544     0.400     1.591    -1.603     0.000     0.000    14.874    -1.330    -6.189     2.092     0.500   285.820     0.006   0.17E+00     0.810     0.430   260.248
   700.000   -17.672     0.281     0.350     0.284     1.455    -1.468     0.000     0.000    14.526    -0.447    -5.147     1.873     0.450   286.258     0.007   0.13E+00     0.782     0.441   256.265
   650.000   -22.056     0.132     0.163     0.217     1.282    -1.298     0.000     0.000    14.229    -0.401    -4.213     1.706     0.407   286.442     0.009   0.10E+00     0.648     0.440   251.834
   600.000   -26.850     0.058    -0.011     0.183     1.065    -1.084     0.000     0.000    14.026    -0.357    -3.196     1.672     0.396   287.227     0.012   0.84E-01     0.476     0.428   246.905
   550.000   -32.241     0.030    -0.146     0.170     0.797    -0.820     0.000     0.000    13.958    -0.348    -2.222     1.800     0.223   287.733     0.015   0.67E-01     0.323     0.404   241.433
   500.000   -38.311     0.022    -0.218     0.209     0.638    -0.665     0.000     0.000    14.367    -0.190    -1.303     2.115     0.032   288.288     0.020   0.49E-01     0.191     0.369   235.382
   450.000   -44.988     0.019    -0.256     0.369     0.619    -0.651     0.000     0.000    15.922    -0.003    -0.558     3.081     0.080   288.726     0.060   0.87E-01     0.068     0.326   228.707
   400.000   -52.270     0.013    -0.324     0.642     0.461    -0.497     0.000     0.000    15.669    -0.004    -0.163     2.831     2.067   288.807     0.173   0.81E-01     0.021     0.277   221.349
   350.000   -60.368     0.011    -0.381     0.773     0.385    -0.426    -0.000     0.000     9.813    -0.002    -0.036     2.530     7.526   288.926     0.133   0.72E-02     0.003     0.206   213.212
   300.000   -69.394     0.006    -0.609     1.004     0.105    -0.152     0.000     0.000     0.388     0.000    -0.000     0.000     9.426   289.221     0.450   0.21E-02    -0.000     0.112   204.144
   250.000   -74.125     0.003    -4.000     0.999    -0.010    -0.027     0.000     0.000     0.000     0.000    -0.000     0.000     0.388   294.020     0.208   0.74E-04    -0.000     0.015   193.729
   200.000   -72.846     0.001    -4.000     0.180     0.000    -0.009     0.000     0.000     0.000     0.000     0.000     0.000     0.000   307.563     0.000   0.11E-09    -0.000     0.000   181.062
   150.000   -73.884     0.001    -4.000     0.155     0.000    -0.002     0.000     0.000     0.000     0.000     0.000     0.000     0.000   322.602     0.000   0.00E+00     0.000     0.000   164.776
   100.000   -72.978     0.001    -4.000     0.094     0.000     0.000     0.000     0.000     0.000     0.000     0.000     0.000     0.000   345.950     0.000   0.00E+00     0.000     0.000   141.971
    80.000   -70.421     0.001    -4.000     0.054     0.000     0.007     0.000     0.000     0.000     0.000     0.000     0.000     0.000   360.839     0.000   0.00E+00     0.000     0.000     0.000
    60.000   -64.003     0.001     0.000     0.018     0.000     0.023     0.000     0.000     0.000     0.000     0.000     0.000     0.000   384.326     0.000   0.00E+00     0.000     0.000     0.000
    40.000   -55.384     0.001     0.000     0.004     0.000     0.044     0.000     0.000     0.000     0.000     0.000     0.000     0.000   416.704     0.000   0.00E+00     0.000     0.000     0.000
    30.000   -48.931     0.001     0.000     0.002     0.000     0.060     0.000     0.000     0.000     0.000     0.000     0.000     0.000   440.605     0.000   0.00E+00     0.000     0.000     0.000
    25.000   -37.506     0.001     0.000     0.000     0.000     0.090     0.000     0.000     0.000     0.000     0.000     0.000     0.000   463.880     0.000   0.00E+00    -0.001     0.000     0.000
