  1000.000     5.827     3.732     0.000     0.649    -1.383    -1.028     2.666     0.000     0.000     0.000     0.000     0.000     0.000   290.256     0.000   0.00E+00    -0.716     0.270   278.958
   950.000     1.738     3.555     0.000     0.822     0.908    -1.334     0.355     0.000    18.458     0.000   -11.758     0.000     0.000   290.257     0.000   0.00E+00    -0.927     0.301   274.909
   900.000    -2.030     2.730    -0.121     0.772     1.428    -1.372     0.000     0.000    18.458     0.000   -15.430     0.000     2.235   288.121     0.010   0.31E-01    -0.365     0.322   270.980
   850.000    -5.584     1.930     0.335     0.702     1.459    -1.423     0.000     0.000    17.027    -2.235    -9.333     2.647     2.328   286.755     0.102   0.46E+00     0.150     0.357   268.097
   800.000    -9.116     1.150     0.516     0.606     1.543    -1.523     0.000     0.000    15.421    -2.209    -6.833     2.612     1.585   285.953     0.054   0.28E+00     0.506     0.387   264.919
   750.000   -12.586     0.560     0.471     0.488     1.501    -1.491     0.000     0.000    13.975    -1.430    -5.452     1.948     0.619   285.675     0.055   0.18E+00     0.690     0.407   261.397
   700.000   -16.492     0.307     0.256     0.401     1.374    -1.379     0.000     0.000    13.583    -0.403    -4.476     1.781     0.652   286.007     0.076   0.15E+00     0.642     0.413   257.478
   650.000   -20.786     0.173     0.045     0.360     1.199    -1.223     0.000     0.000    13.143    -0.472    -3.677     1.630     0.442   286.604     0.101   0.12E+00     0.526     0.409   253.106
   600.000   -25.554     0.098    -0.196     0.360     1.001    -1.047     0.000     0.000    12.939    -0.295    -2.747     1.679     0.546   287.314     0.126   0.11E+00     0.365     0.393   248.227
   550.000   -30.891     0.058    -0.433     0.385     0.742    -0.816     0.000     0.000    12.822    -0.343    -1.893     1.794     0.323   287.979     0.140   0.95E-01     0.240     0.367   242.793
   500.000   -36.819     0.032    -0.654     0.478     0.608    -0.714     0.000     0.000    13.407    -0.126    -1.067     2.336     0.330   288.546     0.161   0.84E-01     0.139     0.330   236.758
   450.000   -43.417     0.027    -0.893     0.670     0.553    -0.695     0.000     0.000    15.190    -0.052    -0.423     3.484     0.401   289.044     0.213   0.10E+00     0.046     0.286   230.077
   400.000   -50.778     0.041    -1.215     0.994     0.354    -0.535     0.000     0.000    15.115    -0.042    -0.126     3.179     2.529   289.532     0.327   0.91E-01     0.008     0.238   222.694
   350.000   -59.021     0.019    -1.721     1.013     0.284    -0.509    -0.000     0.000     4.030    -0.030    -0.012     0.946    11.611   290.090     0.424   0.82E-02     0.000     0.170   214.521
   300.000   -67.949     0.007    -3.252     1.000     0.029    -0.292     0.000     0.000     0.135    -0.004    -0.000     0.004     3.891   291.712     0.482   0.81E-03    -0.000     0.057   205.402
   250.000   -73.493     0.004    -4.000     0.996    -0.001    -0.207     0.000     0.000     0.000     0.000    -0.000     0.000     0.135   296.614     0.478   0.23E-04    -0.000     0.005   194.941
   200.000   -72.753     0.001    -4.000     0.186     0.000     0.008     0.000     0.000     0.000     0.000     0.000     0.000     0.000   307.173     0.000   0.00E+00     0.000     0.000   182.255
   150.000   -74.069     0.001    -4.000     0.164     0.000    -0.018     0.000     0.000     0.000     0.000     0.000     0.000     0.000   322.421     0.000   0.00E+00     0.000     0.000   165.974
   100.000   -73.607     0.001    -4.000     0.108     0.000    -0.009     0.000     0.000     0.000     0.000     0.000     0.000     0.000   345.260     0.000   0.00E+00     0.000     0.000   143.217
    80.000   -71.580     0.001    -4.000     0.075     0.000     0.031     0.000     0.000     0.000     0.000     0.000     0.000     0.000   358.866     0.000   0.00E+00     0.000     0.000     0.000
    60.000   -64.754     0.001     0.000     0.033     0.000     0.168     0.000     0.000     0.000     0.000     0.000     0.000     0.000   379.372     0.000   0.00E+00     0.000     0.000     0.000
    40.000   -54.023     0.001     0.000     0.011     0.000     0.383     0.000     0.000     0.000     0.000     0.000     0.000     0.000   410.233     0.000   0.00E+00     0.000     0.000     0.000
    30.000   -44.518     0.001     0.000     0.005     0.000     0.573     0.000     0.000     0.000     0.000     0.000     0.000     0.000   434.886     0.000   0.00E+00     0.000     0.000     0.000
    25.000   -25.997     0.001     0.000     0.001     0.000     0.943     0.000     0.000     0.000     0.000     0.000     0.000     0.000   463.975     0.000   0.00E+00    -0.001     0.000     0.000
