  1000.000    16.857     8.952     0.000     0.770    -1.739    -1.900     3.079     0.000     0.000     0.000     0.000     0.000     0.000   334.486     0.000   0.00E+00    -1.766     0.490   290.036
   950.000    12.700     8.723     0.001     0.955     3.206    -1.814    -1.059     0.000    10.218     0.000   -10.978     0.000     0.000   334.470     0.000   0.00E+00    -4.001     0.530   285.831
   900.000    10.169     6.441    -0.344     0.787     1.730    -1.850     0.000     0.000    10.216     0.000    -5.581     0.000     1.128   328.228     0.000   0.56E-01    -1.655     0.555   282.764
   850.000     7.077     5.046     0.018     0.734     1.502    -1.628     0.000     0.000     9.447    -1.127    -6.147     1.218     0.725   325.154     0.000   0.00E+00    -0.634     0.593   280.315
   800.000     3.931     3.854     0.115     0.666     1.423    -1.553     0.000     0.000     8.769    -0.725    -5.521     0.942     0.292   322.851     0.004   0.12E+00     0.169     0.626   277.660
   750.000     0.648     2.817     0.072     0.606     1.379    -1.512     0.000     0.000     8.494    -0.198    -5.313     0.857     0.200   321.460     0.002   0.15E+00     0.628     0.652   274.761
   700.000    -2.765     1.910     0.060     0.562     1.372    -1.507     0.000     0.000     8.445     0.000    -5.589     0.904     0.202   320.769     0.001   0.13E+00     0.904     0.670   271.675
   650.000    -6.067     1.177     0.056     0.520     1.382    -1.517     0.000     0.000     8.401     0.000    -5.671     0.900     0.193   320.443     0.000   0.87E-01     1.074     0.680   268.301
   600.000    -9.798     0.702    -0.010     0.476     1.386    -1.521     0.000     0.000     8.382     0.000    -5.321     0.862     0.167   320.541     0.000   0.69E-01     1.126     0.684   264.456
   550.000   -14.197     0.422    -0.098     0.444     1.378    -1.518     0.000     0.000     8.416     0.000    -4.664     0.895     0.136   321.105     0.001   0.76E-01     1.018     0.682   260.030
   500.000   -19.475     0.270    -0.162     0.436     1.428    -1.578     0.000     0.000     8.509     0.000    -3.562     0.926     0.120   322.053     0.002   0.83E-01     0.792     0.669   254.885
   450.000   -25.754     0.192    -0.118     0.450     1.567    -1.731     0.000     0.000     7.899     0.000    -2.269     0.859     0.880   323.060     0.027   0.36E+00     0.580     0.640   248.873
   400.000   -33.075     0.165    -0.048     0.419     1.543    -1.727     0.000     0.000     7.347     0.000    -1.234     0.817     0.885   323.896     0.041   0.31E+00     0.441     0.567   241.843
   350.000   -41.472     0.136    -0.051     0.405     1.310    -1.517     0.000     0.000     7.321     0.000    -0.626     0.932     0.519   324.884     0.053   0.24E+00     0.263     0.491   233.661
   300.000   -50.898     0.052    -0.046     0.500     1.001    -1.232     0.000     0.000     6.922     0.000    -0.250     1.171     1.213   325.945     0.083   0.16E+00     0.097     0.424   224.192
   250.000   -61.771     0.021    -0.032     0.792     0.754    -1.011     0.000     0.000     4.541     0.000    -0.056     0.908     3.061   326.828     0.235   0.78E-01     0.009     0.342   213.249
   200.000   -70.395     0.003    -0.653     1.003     0.283    -0.525     0.000     0.000     0.299     0.000    -0.001     0.021     4.246   328.055     0.406   0.24E-01    -0.000     0.227   200.284
   150.000   -68.675     0.001    -4.000     0.378     0.001    -0.094     0.000     0.000     0.000     0.000    -0.000     0.000     0.299   338.070     0.015   0.45E-03    -0.000     0.036   183.670
   100.000   -66.875     0.001    -4.000     0.058     0.000     0.063     0.000     0.000     0.000     0.000     0.000     0.000     0.000   361.105     0.000   0.00E+00     0.000     0.000   160.201
    80.000   -64.020     0.001    -4.000     0.037     0.000     0.091     0.000     0.000     0.000     0.000     0.000     0.000     0.000   376.002     0.000   0.00E+00     0.000     0.000     0.000
    60.000   -56.601     0.001     0.000     0.015     0.000     0.166     0.000     0.000     0.000     0.000     0.000     0.000     0.000   398.803     0.000   0.00E+00     0.000     0.000     0.000
    40.000   -46.892     0.001     0.000     0.005     0.000     0.263     0.000     0.000     0.000     0.000     0.000     0.000     0.000   431.951     0.000   0.00E+00     0.000     0.000     0.000
    30.000   -39.830     0.001     0.000     0.002     0.000     0.333     0.000     0.000     0.000     0.000     0.000     0.000     0.000   457.090     0.000   0.00E+00     0.000     0.000     0.000
    25.000   -26.700     0.001     0.000     0.001     0.000     0.464     0.000     0.000     0.000     0.000     0.000     0.000     0.000   483.265     0.000   0.00E+00    -0.001     0.000     0.000
