  1000.000     9.026     4.785     0.000     0.706    -1.636    -1.402     2.802     0.000     0.000     0.000     0.000     0.000     0.000   308.609     0.000   0.00E+00    -1.192     0.355   282.173
   950.000     4.922     4.622     0.001     0.883     2.117    -1.587    -0.416     0.000    13.296     0.000   -11.234     0.000     0.000   308.567     0.000   0.00E+00    -2.116     0.393   278.078
   900.000     1.479     3.501    -0.348     0.740     1.461    -1.533     0.000     0.000    13.287     0.000    -8.005     0.000     1.814   304.435     0.000   0.27E-01    -0.574     0.417   274.173
   850.000    -2.139     2.687     0.192     0.682     1.405    -1.483     0.000     0.000    12.406    -1.805    -8.333     2.047     1.425   302.184     0.018   0.12E+00     0.176     0.446   271.423
   800.000    -5.511     1.728     0.475     0.593     1.475    -1.557     0.000     0.000    11.406    -1.425    -7.406     1.727     0.400   300.652     0.009   0.29E+00     0.791     0.477   268.452
   750.000    -8.875     0.967     0.474     0.477     1.498    -1.584     0.000     0.000    11.107    -0.391    -6.936     1.376     0.066   299.663     0.002   0.20E+00     1.172     0.503   265.152
   700.000   -12.609     0.513     0.325     0.377     1.455    -1.544     0.000     0.000    11.229    -0.012    -6.686     1.311     0.073   299.592     0.001   0.14E+00     1.300     0.526   261.465
   650.000   -16.756     0.256     0.114     0.299     1.330    -1.424     0.000     0.000    11.360    -0.015    -6.195     1.229     0.070   300.047     0.001   0.12E+00     1.233     0.544   257.325
   600.000   -21.392     0.124    -0.147     0.244     1.155    -1.256     0.000     0.000    11.540    -0.020    -5.235     1.270     0.070   300.893     0.002   0.11E+00     0.997     0.555   252.661
   550.000   -26.589     0.062    -0.311     0.226     0.965    -1.074     0.000     0.000    11.841    -0.023    -4.223     1.428     0.052   301.944     0.004   0.13E+00     0.719     0.552   247.403
   500.000   -32.438     0.035    -0.320     0.263     0.873    -0.992     0.000     0.000    12.337    -0.018    -2.960     1.620     0.037   302.883     0.011   0.78E-01     0.466     0.529   241.487
   450.000   -39.014     0.025    -0.211     0.387     0.918    -1.049     0.000     0.000    12.848     0.000    -1.641     1.839     0.361   303.613     0.063   0.21E+00     0.249     0.488   234.855
   400.000   -46.379     0.021    -0.125     0.560     0.895    -1.040     0.000     0.000    12.905     0.000    -0.682     2.160     1.313   304.059     0.148   0.23E+00     0.105     0.429   227.449
   350.000   -54.603     0.019    -0.130     0.685     0.693    -0.852     0.000     0.000    12.333     0.000    -0.222     2.814     2.802   304.473     0.179   0.13E+00     0.024     0.349   219.185
   300.000   -63.876     0.013    -0.184     0.909     0.472    -0.646     0.000     0.000     5.368     0.000    -0.041     1.225     7.942   304.767     0.307   0.47E-01     0.003     0.258   209.928
   250.000   -72.272     0.005    -0.868     1.027     0.158    -0.333     0.000     0.000     0.249     0.000    -0.001     0.000     5.119   305.684     0.514   0.57E-02    -0.000     0.129   199.371
   200.000   -69.623     0.001    -4.000     0.221    -0.010    -0.079     0.000     0.000     0.000     0.000    -0.000     0.000     0.249   316.180     0.000   0.74E-04    -0.000     0.023   186.536
   150.000   -70.678     0.001    -4.000     0.124     0.000    -0.009     0.000     0.000     0.000     0.000     0.000     0.000     0.000   330.640     0.000   0.38E-09    -0.000     0.000   169.991
   100.000   -70.312     0.001    -4.000     0.070     0.000     0.019     0.000     0.000     0.000     0.000     0.000     0.000     0.000   353.209     0.000   0.00E+00     0.000     0.000   146.852
    80.000   -68.118     0.001    -4.000     0.046     0.000     0.034     0.000     0.000     0.000     0.000     0.000     0.000     0.000   367.575     0.000   0.00E+00     0.000     0.000     0.000
    60.000   -61.996     0.001     0.000     0.018     0.000     0.074     0.000     0.000     0.000     0.000     0.000     0.000     0.000   389.816     0.000   0.00E+00     0.000     0.000     0.000
    40.000   -53.829     0.001     0.000     0.005     0.000     0.129     0.000     0.000     0.000     0.000     0.000     0.000     0.000   421.808     0.000   0.00E+00     0.000     0.000     0.000
    30.000   -47.958     0.001     0.000     0.002     0.000     0.168     0.000     0.000     0.000     0.000     0.000     0.000     0.000   445.390     0.000   0.00E+00     0.000     0.000     0.000
    25.000   -37.745     0.001     0.000     0.001     0.000     0.236     0.000     0.000     0.000     0.000     0.000     0.000     0.000   467.449     0.000   0.00E+00    -0.001     0.000     0.000
