     0.250     0.073     2.389    18.631    19.397   -14.682     1.983   263.801   266.455    23.373  1004.841     0.125   264.086
     0.500     0.099     2.399    18.742    19.782   -14.982     1.983   263.852   266.185    26.814  1002.440     0.375   260.531
     0.750     0.989     2.500    18.953    20.133   -15.288     1.983   263.885   266.096    30.143   999.731     0.625   253.982
     1.000     1.986     2.600    19.134    20.443   -15.596     1.983   263.891   266.323    32.969   997.215     0.875   249.007
     1.250     2.695     2.699    19.304    20.714   -15.911     1.994   263.882   266.804    35.379   994.924     1.125   245.486
     1.500     3.052     2.795    19.469    20.947   -16.157     2.036   263.864   267.426    37.753   992.383     1.375   242.031
     1.750     3.674     2.883    19.609    21.148   -16.319     2.141   263.853   268.181    39.824   990.020     1.625   239.642
     2.000     4.442     2.949    19.726    21.319   -16.299     2.251   263.812   269.584    41.911   987.653     1.875   236.124
     2.250     3.842     3.011    19.863    21.470   -16.096     2.146   263.800   269.975    43.922   985.013     2.125   232.416
     2.500     4.885     3.064    19.954    21.598   -15.733     1.982   263.771   271.111    45.368   983.475     2.375   230.744
     2.750     4.485     3.104    20.048    21.709   -15.551     1.896   263.743   272.190    46.777   981.702     2.625   228.742
     3.000     3.409     3.143    20.166    21.811   -15.493     1.834   263.741   272.671    48.189   979.306     2.875   226.394
     3.250     4.309     3.182    20.239    21.902   -15.288     1.743   263.725   273.422    49.405   977.571     3.125   224.743
     3.500     4.130     3.165    20.315    21.980   -15.132     1.652   263.706   274.430    50.570   975.789     3.375   222.805
     3.750     3.674     3.242    20.415    22.053   -15.125     1.589   263.704   274.863    51.665   973.510     3.625   221.004
     4.000     3.417     3.226    20.487    22.122   -15.043     1.518   263.708   275.165    52.733   971.455     3.875   219.324
     4.250     4.234     3.312    20.533    22.179   -14.886     1.439   263.706   274.935    53.698   969.787     4.125   217.849
     4.500     3.869     3.273    20.586    22.229   -14.784     1.368   263.689   276.506    54.455   968.293     4.375   216.688
     4.750     3.857     3.345    20.637    22.275   -14.759     1.310   263.685   276.949    55.158   966.715     4.625   215.728
     5.000     3.892     3.365    20.684    22.315   -14.739     1.254   263.679   277.401    55.809   965.143     4.875   214.766
     5.250     3.955     3.370    20.709    22.351   -14.679     1.194   263.682   276.611    56.409   963.896     5.125   213.918
     5.500     3.792     3.382    20.741    22.385   -14.660     1.152   263.679   277.045    56.988   962.466     5.375   213.035
     5.750     4.092     3.394    20.761    22.414   -14.626     1.129   263.663   278.713    57.508   961.265     5.625   212.246
     6.000     4.500     3.397    20.760    22.437   -14.485     1.055   263.649   279.463    57.958   960.626     5.875   211.593
     6.250     4.506     3.400    20.768    22.457   -14.372     0.988   263.629   280.329    58.358   959.926     6.125   210.965
     6.500     4.361     3.401    20.781    22.474   -14.291     0.929   263.614   281.059    58.645   959.337     6.375   210.647
     6.750     3.822     3.412    20.812    22.492   -14.319     0.891   263.608   281.406    58.956   958.353     6.625   210.318
     7.000     3.842     3.423    20.834    22.507   -14.368     0.872   263.600   281.791    59.248   957.464     6.875   210.015
     7.250     3.860     3.433    20.847    22.518   -14.395     0.866   263.592   282.099    59.524   956.757     7.125   209.743
     7.500     3.857     3.442    20.857    22.527   -14.409     0.832   263.586   282.378    59.774   956.117     7.375   209.499
     7.750     3.948     3.457    20.857    22.533   -14.384     0.795   263.583   281.484    60.016   955.612     7.625   209.286
     8.000     3.790     3.468    20.867    22.536   -14.406     0.778   263.572   282.880    60.233   954.948     7.875   209.051
     8.250     3.820     3.479    20.871    22.535   -14.423     0.772   263.564   283.075    60.435   954.342     8.125   208.833
     8.500     3.864     3.478    20.864    22.532   -14.392     0.766   263.562   282.076    60.627   953.941     8.375   208.640
     8.750     3.845     3.488    20.866    22.528   -14.405     0.765   263.555   282.388    60.757   953.465     8.625   208.458
     9.000     4.029     3.490    20.851    22.522   -14.393     0.765   263.544   284.351    60.882   953.261     8.875   208.375
     9.250     3.981     3.485    20.841    22.514   -14.416     0.796   263.535   283.621    60.983   953.018     9.125   208.291
     9.500     3.984     3.459    20.826    22.504   -14.447     0.845   263.523   285.215    61.094   952.786     9.375   208.209
     9.750     3.935     3.486    20.818    22.494   -14.541     0.891   263.517   284.438    61.176   952.500     9.625   208.118
    10.000     3.824     3.480    20.809    22.483   -14.606     0.849   263.508   285.830    61.265   952.265     9.875   208.038
    10.250     3.922     3.478    20.795    22.472   -14.626     0.785   263.501   285.885    61.325   952.098    10.125   207.970
    10.500     3.978     3.495    20.782    22.459   -14.643     0.745   263.491   285.989    61.386   951.876    10.375   207.895
    10.750     3.770     3.497    20.770    22.444   -14.690     0.760   263.483   285.236    61.459   951.631    10.625   207.822
    11.000     3.820     3.495    20.752    22.428   -14.718     0.750   263.476   285.391    61.511   951.573    10.875   207.769
    11.250     3.874     3.493    20.733    22.411   -14.736     0.716   263.467   285.323    61.544   951.516    11.125   207.715
    11.500     3.849     3.493    20.717    22.394   -14.759     0.677   263.459   286.065    61.565   951.437    11.375   207.654
    11.750     3.872     3.488    20.696    22.376   -14.768     0.642   263.452   286.104    61.590   951.470    11.625   207.620
    12.000     3.917     3.487    20.674    22.358   -14.753     0.614   263.443   286.374    61.618   951.460    11.875   207.575
    12.250     3.815     3.492    20.655    22.339   -14.766     0.648   263.434   286.132    61.672   951.320    12.125   207.516
    12.500     3.694     3.459    20.637    22.317   -14.830     0.724   263.427   286.087    61.710   951.177    12.375   207.458
    12.750     3.729     3.466    20.619    22.296   -14.892     0.717   263.421   286.188    61.720   951.117    12.625   207.413
    13.000     3.851     3.491    20.600    22.275   -14.937     0.689   263.414   285.699    61.722   951.052    12.875   207.349
    13.250     3.832     3.487    20.576    22.254   -14.973     0.655   263.408   285.524    61.725   951.093    13.125   207.304
    13.500     3.799     3.483    20.556    22.233   -14.997     0.624   263.399   286.263    61.725   951.044    13.375   207.247
    13.750     3.804     3.486    20.535    22.213   -15.011     0.598   263.393   285.416    61.734   951.027    13.625   207.195
    14.000     3.816     3.489    20.514    22.191   -15.027     0.605   263.385   285.360    61.765   950.968    13.875   207.150
    14.250     3.661     3.484    20.492    22.168   -15.071     0.688   263.376   286.293    61.815   950.861    14.125   207.092
    14.500     3.592     3.456    20.470    22.145   -15.131     0.702   263.374   286.055    61.830   950.815    14.375   207.052
    14.750     3.777     3.480    20.448    22.122   -15.182     0.685   263.368   285.514    61.820   950.750    14.625   206.988
    15.000     3.798     3.474    20.423    22.099   -15.224     0.657   263.360   286.169    61.810   950.775    14.875   206.951
    15.250     3.790     3.469    20.399    22.077   -15.260     0.625   263.354   285.493    61.801   950.800    15.125   206.908
    15.500     3.767     3.466    20.375    22.055   -15.282     0.601   263.347   285.467    61.805   950.819    15.375   206.862
    15.750     3.695     3.464    20.357    22.034   -15.308     0.586   263.341   285.649    61.807   950.735    15.625   206.813
    16.000     3.779     3.468    20.334    22.012   -15.321     0.573   263.333   285.645    61.805   950.714    15.875   206.783
    16.250     3.721     3.469    20.312    21.989   -15.350     0.591   263.327   285.409    61.820   950.697    16.125   206.764
    16.500     3.719     3.460    20.289    21.966   -15.396     0.603   263.319   286.209    61.817   950.673    16.375   206.737
    16.750     3.753     3.457    20.265    21.943   -15.446     0.591   263.312   286.155    61.811   950.700    16.625   206.715
    17.000     3.727     3.454    20.243    21.921   -15.492     0.575   263.305   286.111    61.800   950.677    16.875   206.682
    17.250     3.730     3.423    20.216    21.898   -15.521     0.559   263.299   285.972    61.794   950.786    17.125   206.684
    17.500     3.748     3.438    20.192    21.875   -15.550     0.545   263.293   285.957    61.781   950.803    17.375   206.662
    17.750     3.723     3.435    20.169    21.853   -15.580     0.532   263.285   286.033    61.771   950.815    17.625   206.641
    18.000     3.704     3.443    20.150    21.831   -15.613     0.521   263.278   286.249    61.764   950.745    17.875   206.591
    18.250     3.735     3.441    20.126    21.808   -15.636     0.513   263.271   286.209    61.761   950.777    18.125   206.574
    18.500     3.699     3.439    20.104    21.785   -15.663     0.513   263.265   286.204    61.758   950.772    18.375   206.542
    18.750     3.691     3.444    20.084    21.762   -15.707     0.521   263.258   285.441    61.751   950.711    18.625   206.501
    19.000     3.720     3.442    20.059    21.738   -15.746     0.543   263.251   286.353    61.747   950.731    18.875   206.487
    19.250     3.709     3.405    20.032    21.715   -15.794     0.553   263.245   286.224    61.744   950.834    19.125   206.489
    19.500     3.693     3.402    20.008    21.692   -15.852     0.547   263.238   286.167    61.727   950.833    19.375   206.470
    19.750     3.718     3.418    19.985    21.668   -15.907     0.529   263.231   286.144    61.714   950.841    19.625   206.447
    20.000     3.680     3.425    19.964    21.645   -15.955     0.513   263.223   286.270    61.701   950.784    19.875   206.408
    20.250     3.665     3.395    19.937    21.621   -15.987     0.499   263.218   285.322    61.697   950.884    20.125   206.407
    20.500     3.673     3.412    19.912    21.598   -16.013     0.492   263.212   286.096    61.678   950.915    20.375   206.401
    20.750     3.651     3.390    19.888    21.574   -16.040     0.485   263.206   285.919    61.661   950.942    20.625   206.387
    21.000     3.707     3.407    19.863    21.550   -16.072     0.479   263.199   285.923    61.639   950.981    20.875   206.378
    21.250     3.671     3.412    19.841    21.527   -16.109     0.474   263.193   285.313    61.621   950.973    21.125   206.349
    21.500     3.666     3.410    19.819    21.503   -16.147     0.472   263.184   286.153    61.598   950.970    21.375   206.329
    21.750     3.686     3.407    19.794    21.479   -16.185     0.472   263.179   285.474    61.581   951.048    21.625   206.330
    22.000     3.658     3.405    19.771    21.456   -16.228     0.468   263.171   285.750    61.558   951.046    21.875   206.311
    22.250     3.658     3.376    19.743    21.432   -16.264     0.465   263.165   285.994    61.548   951.160    22.125   206.320
    22.500     3.629     3.393    19.720    21.408   -16.306     0.469   263.159   286.009    61.532   951.177    22.375   206.314
    22.750     3.658     3.397    19.695    21.384   -16.354     0.470   263.153   285.917    61.506   951.215    22.625   206.313
    23.000     3.668     3.388    19.671    21.360   -16.404     0.463   263.145   286.103    61.485   951.247    22.875   206.294
    23.250     3.619     3.380    19.647    21.336   -16.451     0.454   263.139   286.037    61.452   951.371    23.125   206.297
    23.500     3.514     3.373    19.625    21.312   -16.485     0.440   263.136   285.901    61.446   951.469    23.375   206.289
    23.750     3.569     3.389    19.602    21.288   -16.516     0.424   263.132   286.073    61.423   951.547    23.625   206.276
    24.000     3.719     3.390    19.572    21.264   -16.518     0.407   263.126   285.159    61.396   951.685    23.875   206.275
    24.250     3.661     3.381    19.545    21.239   -16.490     0.411   263.116   285.924    61.395   951.716    24.125   206.251
    24.500     3.557     3.383    19.528    21.215   -16.530     0.440   263.110   285.887    61.380   951.688    24.375   206.231
    24.750     3.559     3.365    19.508    21.190   -16.592     0.460   263.105   285.803    61.373   951.688    24.625   206.221
    25.000     3.611     3.392    19.487    21.164   -16.667     0.472   263.100   284.845    61.366   951.625    24.875   206.184
    25.250     3.516     3.332    19.460    21.138   -16.735     0.476   263.094   285.691    61.359   951.669    25.125   206.179
    25.500     3.591     3.381    19.434    21.112   -16.810     0.491   263.086   285.641    61.347   951.640    25.375   206.166
    25.750     3.484     3.350    19.408    21.085   -16.888     0.515   263.083   285.292    61.321   951.636    25.625   206.158
    26.000     3.574     3.368    19.381    21.060   -16.962     0.505   263.077   285.374    61.272   951.726    25.875   206.156
    26.250     3.636     3.353    19.353    21.035   -17.028     0.474   263.072   285.620    61.217   951.880    26.125   206.159
    26.500     3.700     3.335    19.324    21.012   -17.050     0.440   263.064   285.731    61.172   951.973    26.375   206.159
    26.750     3.707     3.333    19.297    20.989   -17.032     0.420   263.055   285.534    61.157   952.028    26.625   206.149
    27.000     3.561     3.355    19.279    20.966   -17.059     0.435   263.051   285.417    61.140   951.998    26.875   206.131
    27.250     3.549     3.350    19.257    20.942   -17.087     0.438   263.043   285.450    61.125   952.023    27.125   206.123
    27.500     3.613     3.349    19.234    20.919   -17.145     0.427   263.036   285.716    61.091   952.103    27.375   206.112
    27.750     3.634     3.343    19.209    20.896   -17.203     0.407   263.029   285.869    61.048   952.228    27.625   206.116
    28.000     3.667     3.318    19.181    20.874   -17.225     0.385   263.023   285.580    61.010   952.332    27.875   206.130
    28.250     3.646     3.279    19.155    20.851   -17.203     0.379   263.012   285.625    61.008   952.375    28.125   206.114
    28.500     3.553     3.322    19.137    20.828   -17.240     0.400   263.007   285.451    61.003   952.356    28.375   206.102
    28.750     3.510     3.340    19.120    20.804   -17.294     0.415   263.003   284.699    60.995   952.287    28.625   206.073
    29.000     3.558     3.337    19.095    20.780   -17.347     0.409   262.996   285.543    60.967   952.369    28.875   206.070
    29.250     3.607     3.331    19.069    20.756   -17.409     0.394   262.989   285.673    60.921   952.479    29.125   206.072
    29.500     3.698     3.306    19.040    20.733   -17.438     0.374   262.982   284.748    60.885   952.620    29.375   206.081
    29.750     3.599     3.307    19.017    20.710   -17.444     0.376   262.975   285.398    60.875   952.606    29.625   206.066
    30.000     3.452     3.341    19.006    20.687   -17.512     0.401   262.967   285.477    60.870   952.466    29.875   206.026
    30.250     3.474     3.328    18.979    20.662   -17.541     0.405   262.963   285.463    60.869   952.523    30.125   206.018
    30.500     3.565     3.319    18.953    20.638   -17.608     0.396   262.956   285.703    60.826   952.640    30.375   206.027
    30.750     3.629     3.322    18.927    20.615   -17.676     0.378   262.951   285.746    60.776   952.760    30.625   206.029
    31.000     3.667     3.317    18.899    20.593   -17.703     0.358   262.941   285.342    60.749   952.845    30.875   206.037
    31.250     3.485     3.256    18.875    20.569   -17.699     0.363   262.935   285.101    60.750   952.835    31.125   206.027
    31.500     3.465     3.316    18.858    20.545   -17.739     0.378   262.930   284.435    60.733   952.785    31.375   206.009
    31.750     3.535     3.308    18.833    20.521   -17.785     0.376   262.924   285.405    60.694   952.903    31.625   206.016
    32.000     3.591     3.304    18.807    20.497   -17.850     0.364   262.917   285.566    60.645   953.033    31.875   206.022
    32.250     3.664     3.305    18.781    20.475   -17.899     0.346   262.909   284.916    60.614   953.121    32.125   206.008
    32.500     3.557     3.281    18.755    20.452   -17.910     0.337   262.900   285.263    60.622   953.152    32.375   205.989
    32.750     3.354     3.308    18.738    20.428   -17.933     0.367   262.895   285.034    60.641   953.034    32.625   205.979
    33.000     3.473     3.301    18.715    20.403   -17.982     0.381   262.891   285.013    60.608   953.051    32.875   205.968
    33.250     3.556     3.297    18.689    20.379   -18.053     0.372   262.885   285.213    60.560   953.167    33.125   205.971
    33.500     3.569     3.287    18.663    20.355   -18.124     0.356   262.878   285.425    60.507   953.307    33.375   205.979
    33.750     3.611     3.286    18.638    20.333   -18.177     0.336   262.871   285.677    60.463   953.440    33.625   205.984
    34.000     3.570     3.265    18.611    20.310   -18.186     0.318   262.861   285.028    60.462   953.445    33.875   205.961
    34.250     3.418     3.293    18.590    20.286   -18.177     0.331   262.855   284.687    60.480   953.378    34.125   205.956
    34.500     3.385     3.281    18.570    20.261   -18.207     0.352   262.852   284.553    60.463   953.362    34.375   205.938
    34.750     3.538     3.284    18.545    20.237   -18.257     0.352   262.846   284.980    60.412   953.462    34.625   205.937
    35.000     3.571     3.272    18.519    20.213   -18.329     0.341   262.838   285.222    60.355   953.611    34.875   205.947
    35.250     3.592     3.277    18.495    20.191   -18.395     0.325   262.831   285.672    60.305   953.730    35.125   205.949
    35.500     3.636     3.276    18.470    20.168   -18.422     0.308   262.822   284.311    60.294   953.744    35.375   205.923
    35.750     3.385     3.279    18.447    20.145   -18.418     0.324   262.815   284.726    60.326   953.687    35.625   205.915
    36.000     3.349     3.256    18.427    20.120   -18.454     0.345   262.812   284.642    60.295   953.698    35.875   205.917
    36.250     3.527     3.259    18.401    20.096   -18.511     0.342   262.805   284.849    60.246   953.805    36.125   205.920
    36.500     3.553     3.252    18.375    20.073   -18.586     0.329   262.798   285.179    60.191   953.946    36.375   205.930
    36.750     3.549     3.247    18.352    20.050   -18.655     0.312   262.791   285.657    60.143   954.070    36.625   205.933
    37.000     3.606     3.261    18.327    20.028   -18.691     0.291   262.782   284.813    60.126   954.092    36.875   205.909
    37.250     3.515     3.271    18.303    20.004   -18.689     0.283   262.773   284.202    60.150   954.089    37.125   205.887
    37.500     3.262     3.255    18.284    19.979   -18.678     0.313   262.770   284.767    60.157   954.039    37.375   205.866
    37.750     3.394     3.229    18.260    19.955   -18.701     0.332   262.766   284.635    60.126   954.071    37.625   205.855
    38.000     3.548     3.250    18.236    19.931   -18.771     0.330   262.758   284.988    60.072   954.150    37.875   205.849
    38.250     3.556     3.241    18.211    19.909   -18.862     0.316   262.750   285.282    60.020   954.277    38.125   205.855
    38.500     3.534     3.247    18.188    19.887   -18.943     0.298   262.742   285.542    59.980   954.379    38.375   205.858
    38.750     3.536     3.223    18.160    19.864   -18.967     0.278   262.732   284.874    59.997   954.410    38.625   205.841
    39.000     3.306     3.221    18.139    19.839   -18.958     0.286   262.726   284.390    60.014   954.307    38.875   205.824
    39.250     3.378     3.237    18.117    19.815   -18.964     0.306   262.723   284.290    59.979   954.338    39.125   205.820
    39.500     3.478     3.230    18.091    19.790   -19.012     0.311   262.717   284.538    59.929   954.448    39.375   205.824
    39.750     3.517     3.223    18.066    19.767   -19.083     0.304   262.709   284.932    59.873   954.569    39.625   205.831
    40.000     3.514     3.218    18.042    19.744   -19.154     0.291   262.702   285.255    59.826   954.683    39.875   205.833
    40.250     3.500     3.221    18.020    19.722   -19.220     0.274   262.695   285.547    59.789   954.767    40.125   205.829
    40.500     3.511     3.214    17.994    19.700   -19.259     0.257   262.688   285.294    59.766   954.878    40.375   205.837
    40.750     3.462     3.241    17.971    19.675   -19.254     0.247   262.678   283.738    59.792   954.800    40.625   205.802
    41.000     3.240     3.230    17.953    19.650   -19.237     0.268   262.673   284.596    59.783   954.765    40.875   205.778
    41.250     3.380     3.228    17.929    19.625   -19.241     0.291   262.671   283.751    59.763   954.813    41.125   205.758
    41.500     3.431     3.221    17.906    19.602   -19.295     0.300   262.665   283.709    59.709   954.853    41.375   205.753
    41.750     3.518     3.204    17.877    19.579   -19.372     0.296   262.655   284.902    59.668   955.001    41.625   205.756
    42.000     3.523     3.208    17.854    19.557   -19.459     0.283   262.648   285.085    59.625   955.074    41.875   205.752
    42.250     3.452     3.188    17.831    19.535   -19.538     0.266   262.640   285.320    59.598   955.163    42.125   205.756
    42.500     3.447     3.179    17.806    19.512   -19.570     0.249   262.631   284.931    59.591   955.188    42.375   205.756
    42.750     3.371     3.212    17.786    19.488   -19.569     0.242   262.625   284.678    59.580   955.153    42.625   205.744
    43.000     3.392     3.207    17.763    19.464   -19.570     0.241   262.619   284.631    59.545   955.219    42.875   205.748
    43.250     3.435     3.202    17.737    19.440   -19.593     0.241   262.613   284.692    59.512   955.313    43.125   205.744
    43.500     3.439     3.191    17.712    19.417   -19.635     0.239   262.606   284.739    59.471   955.423    43.375   205.749
    43.750     3.472     3.187    17.688    19.394   -19.678     0.234   262.598   284.775    59.434   955.505    43.625   205.743
    44.000     3.439     3.170    17.662    19.370   -19.704     0.231   262.587   284.715    59.428   955.548    43.875   205.748
    44.250     3.362     3.168    17.641    19.346   -19.734     0.238   262.583   284.377    59.396   955.552    44.125   205.728
    44.500     3.452     3.187    17.617    19.323   -19.784     0.241   262.576   284.544    59.352   955.629    44.375   205.739
    44.750     3.439     3.170    17.593    19.299   -19.851     0.238   262.568   284.795    59.323   955.711    44.625   205.728
    45.000     3.430     3.177    17.570    19.276   -19.911     0.231   262.561   284.821    59.290   955.769    44.875   205.720
    45.250     3.407     3.175    17.546    19.253   -19.958     0.223   262.554   284.900    59.261   955.834    45.125   205.722
    45.500     3.400     3.174    17.523    19.230   -19.993     0.216   262.547   285.015    59.233   955.891    45.375   205.717
    45.750     3.395     3.172    17.499    19.206   -20.021     0.209   262.540   284.847    59.202   955.974    45.625   205.725
    46.000     3.399     3.176    17.475    19.182   -20.048     0.204   262.533   284.996    59.174   956.031    45.875   205.719
    46.250     3.395     3.194    17.451    19.157   -20.068     0.203   262.523   284.580    59.166   956.019    46.125   205.712
    46.500     3.260     3.184    17.428    19.131   -20.079     0.221   262.519   284.284    59.157   956.011    46.375   205.687
    46.750     3.354     3.178    17.403    19.106   -20.124     0.237   262.514   284.188    59.115   956.044    46.625   205.677
    47.000     3.425     3.169    17.375    19.081   -20.201     0.242   262.506   284.189    59.077   956.141    46.875   205.672
    47.250     3.393     3.149    17.350    19.057   -20.288     0.238   262.498   284.283    59.043   956.211    47.125   205.659
    47.500     3.385     3.149    17.325    19.033   -20.354     0.230   262.491   284.175    59.006   956.286    47.375   205.667
    47.750     3.038     3.185    17.309    19.008   -20.410     0.223   262.491   284.002    59.048   956.221    47.625   205.666
    48.000     2.993     3.168    17.277    18.978   -20.424     0.223   262.497   283.314    59.081   956.246    47.875   205.652
    48.250     3.256     3.188    17.244    18.948   -20.444     0.243   262.494   283.150    59.024   956.290    48.125   205.624
    48.500     3.282     3.185    17.221    18.920   -20.521     0.272   262.490   283.158    58.951   956.324    48.375   205.623
    48.750     3.299     3.153    17.189    18.893   -20.592     0.285   262.485   283.064    58.927   956.445    48.625   205.637
    49.000     3.362     3.176    17.163    18.865   -20.688     0.314   262.479   281.698    58.895   956.438    48.875   205.620
    49.250     3.295     3.168    17.135    18.838   -20.807     0.380   262.474   282.551    58.858   956.504    49.125   205.622
    49.500     3.220     3.146    17.110    18.811   -20.938     0.389   262.470   282.743    58.817   956.533    49.375   205.620
    49.750     3.176     3.156    17.084    18.784   -21.030     0.337   262.469   282.746    58.795   956.568    49.625   205.605
    50.000     3.182     3.150    17.054    18.758   -21.083     0.296   262.471   282.779    58.760   956.675    49.875   205.599
    50.250     3.218     3.151    17.024    18.733   -21.116     0.264   262.471   283.268    58.714   956.802    50.125   205.592
    50.500     3.382     3.151    16.991    18.708   -21.106     0.235   262.464   282.573    58.668   956.886    50.375   205.575
    50.750     3.414     3.144    16.964    18.684   -21.071     0.216   262.455   282.016    58.619   956.992    50.625   205.560
    51.000     3.363     3.146    16.941    18.661   -21.009     0.217   262.446   281.980    58.592   957.046    50.875   205.551
    51.250     3.306     3.143    16.921    18.639   -20.996     0.245   262.442   281.397    58.575   957.093    51.125   205.544
    51.500     3.205     3.129    16.901    18.616   -21.049     0.256   262.436   282.511    58.554   957.129    51.375   205.547
    51.750     3.278     3.126    16.877    18.593   -21.132     0.249   262.433   282.621    58.528   957.193    51.625   205.537
    52.000     3.467     3.124    16.846    18.570   -21.188     0.237   262.423   282.642    58.470   957.278    51.875   205.542
    52.250     3.428     3.097    16.822    18.548   -21.225     0.240   262.412   282.740    58.418   957.347    52.125   205.541
    52.500     3.300     3.112    16.806    18.528   -21.296     0.240   262.405   283.031    58.401   957.383    52.375   205.529
    52.750     3.186     3.114    16.787    18.506   -21.376     0.228   262.403   283.087    58.415   957.399    52.625   205.502
    53.000     3.236     3.113    16.762    18.483   -21.431     0.212   262.400   282.641    58.416   957.434    52.875   205.475
    53.250     3.388     3.093    16.733    18.461   -21.422     0.198   262.390   282.363    58.379   957.515    53.125   205.464
    53.500     3.368     3.093    16.709    18.439   -21.379     0.200   262.380   282.269    58.344   957.566    53.375   205.467
    53.750     3.270     3.112    16.695    18.417   -21.392     0.226   262.375   281.013    58.316   957.559    53.625   205.459
    54.000     3.182     3.115    16.675    18.394   -21.443     0.232   262.371   281.902    58.315   957.578    53.875   205.451
    54.250     3.313     3.118    16.648    18.370   -21.504     0.230   262.366   281.291    58.287   957.632    54.125   205.443
    54.500     3.361     3.110    16.624    18.348   -21.565     0.239   262.356   282.276    58.228   957.682    54.375   205.436
    54.750     3.335     3.094    16.599    18.325   -21.629     0.243   262.348   282.464    58.193   957.767    54.625   205.436
    55.000     3.181     3.096    16.580    18.304   -21.714     0.235   262.344   282.541    58.191   957.784    54.875   205.422
    55.250     3.208     3.099    16.556    18.281   -21.778     0.220   262.343   282.622    58.170   957.854    55.125   205.421
    55.500     3.327     3.102    16.528    18.258   -21.807     0.203   262.336   282.225    58.145   957.905    55.375   205.400
    55.750     3.375     3.097    16.502    18.236   -21.796     0.193   262.327   281.576    58.098   957.992    55.625   205.395
    56.000     3.309     3.099    16.483    18.214   -21.773     0.206   262.319   281.194    58.074   958.012    55.875   205.381
    56.250     3.141     3.095    16.467    18.192   -21.803     0.223   262.313   282.155    58.067   958.007    56.125   205.375
    56.500     3.173     3.088    16.444    18.169   -21.870     0.222   262.311   282.191    58.060   958.050    56.375   205.365
    56.750     3.331     3.094    16.416    18.146   -21.939     0.213   262.305   281.284    58.017   958.107    56.625   205.357
    57.000     3.376     3.081    16.387    18.124   -21.963     0.210   262.293   282.088    57.964   958.207    56.875   205.366
    57.250     3.296     3.072    16.368    18.103   -22.005     0.218   262.285   282.192    57.934   958.237    57.125   205.352
    57.500     3.148     3.065    16.350    18.081   -22.082     0.215   262.281   282.215    57.941   958.258    57.375   205.335
    57.750     3.163     3.076    16.328    18.059   -22.147     0.205   262.281   282.174    57.927   958.302    57.625   205.328
    58.000     3.332     3.068    16.297    18.036   -22.166     0.191   262.272   282.040    57.885   958.380    57.875   205.329
    58.250     3.384     3.072    16.271    18.013   -22.148     0.188   262.261   282.006    57.842   958.462    58.125   205.325
    58.500     3.236     3.064    16.255    17.992   -22.175     0.206   262.253   282.039    57.811   958.479    58.375   205.319
    58.750     3.138     3.068    16.235    17.970   -22.237     0.205   262.251   282.080    57.814   958.501    58.625   205.314
    59.000     3.170     3.080    16.212    17.947   -22.305     0.196   262.249   282.178    57.804   958.525    58.875   205.295
    59.250     3.311     3.044    16.182    17.924   -22.332     0.188   262.238   281.966    57.752   958.623    59.125   205.293
    59.500     3.338     3.066    16.159    17.902   -22.340     0.194   262.228   281.733    57.708   958.666    59.375   205.293
    59.750     3.245     3.054    16.140    17.881   -22.385     0.205   262.220   281.665    57.689   958.699    59.625   205.288
    60.000     3.108     3.058    16.121    17.858   -22.455     0.201   262.219   281.570    57.691   958.708    59.875   205.276
    60.250     3.133     3.057    16.097    17.836   -22.520     0.193   262.217   281.910    57.674   958.769    60.125   205.266
    60.500     3.302     3.034    16.066    17.812   -22.547     0.182   262.209   281.615    57.633   958.852    60.375   205.257
    60.750     3.338     3.030    16.041    17.790   -22.541     0.181   262.198   281.621    57.586   958.929    60.625   205.259
    61.000     3.256     3.043    16.024    17.769   -22.574     0.197   262.190   281.563    57.555   958.943    60.875   205.256
    61.250     3.114     3.051    16.006    17.747   -22.643     0.196   262.186   281.622    57.558   958.948    61.125   205.241
    61.500     3.101     3.048    15.984    17.725   -22.716     0.188   262.185   281.658    57.550   958.994    61.375   205.229
    61.750     3.256     3.026    15.954    17.701   -22.742     0.178   262.178   281.446    57.512   959.060    61.625   205.223
    62.000     3.337     3.022    15.927    17.679   -22.733     0.178   262.167   281.299    57.466   959.142    61.875   205.220
    62.250     3.257     3.022    15.906    17.658   -22.757     0.191   262.158   281.235    57.438   959.178    62.125   205.219
    62.500     3.091     3.027    15.891    17.636   -22.823     0.193   262.155   281.332    57.433   959.182    62.375   205.207
    62.750     3.117     3.037    15.869    17.614   -22.900     0.186   262.154   281.535    57.419   959.227    62.625   205.199
    63.000     3.273     3.042    15.840    17.591   -22.945     0.175   262.147   281.266    57.391   959.294    62.875   205.182
    63.250     3.259     3.033    15.815    17.569   -22.953     0.171   262.137   281.186    57.335   959.353    63.125   205.188
    63.500     3.260     3.035    15.795    17.548   -22.965     0.184   262.127   281.186    57.309   959.379    63.375   205.182
    63.750     3.091     3.031    15.778    17.526   -23.021     0.189   262.124   281.052    57.307   959.385    63.625   205.169
    64.000     3.074     3.028    15.756    17.504   -23.097     0.184   262.123   281.099    57.303   959.432    63.875   205.160
    64.250     3.237     3.036    15.729    17.480   -23.138     0.175   262.115   281.060    57.267   959.468    64.125   205.144
    64.500     3.289     3.027    15.701    17.458   -23.143     0.172   262.106   280.472    57.219   959.571    64.375   205.151
    64.750     3.161     3.013    15.681    17.437   -23.162     0.188   262.098   280.775    57.189   959.600    64.625   205.154
    65.000     3.102     3.019    15.663    17.415   -23.228     0.191   262.095   281.036    57.188   959.624    64.875   205.141
    65.250     3.071     3.018    15.641    17.392   -23.310     0.184   262.094   281.110    57.181   959.651    65.125   205.126
    65.500     3.241     3.009    15.611    17.369   -23.344     0.171   262.086   281.066    57.145   959.732    65.375   205.119
    65.750     3.273     3.013    15.585    17.348   -23.341     0.167   262.076   280.819    57.089   959.794    65.625   205.128
    66.000     3.210     3.007    15.566    17.326   -23.359     0.178   262.068   280.813    57.062   959.835    65.875   205.125
    66.250     3.047     3.012    15.549    17.305   -23.426     0.177   262.065   280.916    57.066   959.828    66.125   205.108
    66.500     3.086     3.021    15.527    17.282   -23.491     0.170   262.064   281.064    57.057   959.875    66.375   205.099
    66.750     3.251     3.014    15.498    17.259   -23.520     0.161   262.054   280.783    57.011   959.922    66.625   205.085
    67.000     3.209     2.936    15.471    17.238   -23.508     0.162   262.044   280.593    56.973   960.030    66.875   205.095
    67.250     3.183     2.997    15.454    17.216   -23.546     0.178   262.038   280.726    56.953   960.050    67.125   205.093
    67.500     3.034     3.000    15.436    17.195   -23.623     0.176   262.035   280.798    56.957   960.054    67.375   205.076
    67.750     3.123     2.997    15.410    17.172   -23.687     0.167   262.033   280.782    56.946   960.118    67.625   205.065
    68.000     3.213     2.975    15.383    17.150   -23.699     0.160   262.024   280.404    56.891   960.165    67.875   205.064
    68.250     3.246     2.985    15.359    17.128   -23.702     0.166   262.013   280.526    56.853   960.224    68.125   205.067
    68.500     3.103     2.977    15.341    17.107   -23.736     0.170   262.007   280.286    56.846   960.234    68.375   205.053
    68.750     3.034     2.978    15.323    17.086   -23.802     0.168   262.005   280.436    56.844   960.247    68.625   205.040
    69.000     3.151     2.984    15.296    17.063   -23.854     0.161   262.002   280.536    56.822   960.315    68.875   205.032
    69.250     3.258     2.985    15.269    17.042   -23.871     0.157   261.991   280.415    56.765   960.384    69.125   205.035
    69.500     3.219     2.984    15.249    17.021   -23.895     0.164   261.982   280.435    56.732   960.422    69.375   205.037
    69.750     3.018     2.983    15.233    17.000   -23.962     0.166   261.977   280.460    56.737   960.413    69.625   205.021
    70.000     3.003     2.984    15.214    16.979   -24.028     0.160   261.977   280.499    56.738   960.432    69.875   205.007
    70.250     3.172     2.986    15.186    16.956   -24.060     0.151   261.971   279.866    56.708   960.478    70.125   204.992
    70.500     3.187     2.982    15.162    16.934   -24.056     0.150   261.961   280.162    56.663   960.519    70.375   204.990
    70.750     3.156     2.982    15.141    16.913   -24.065     0.167   261.955   279.116    56.648   960.571    70.625   204.990
    71.000     3.022     2.974    15.122    16.892   -24.119     0.170   261.949   279.954    56.650   960.574    70.875   204.977
    71.250     3.011     2.974    15.101    16.870   -24.196     0.166   261.948   280.037    56.644   960.604    71.125   204.964
    71.500     3.155     2.964    15.073    16.847   -24.241     0.158   261.943   279.954    56.612   960.671    71.375   204.956
    71.750     3.230     2.944    15.046    16.826   -24.251     0.155   261.932   279.987    56.557   960.750    71.625   204.960
    72.000     3.144     2.958    15.027    16.806   -24.286     0.161   261.923   280.095    56.535   960.778    71.875   204.954
    72.250     2.981     2.952    15.011    16.785   -24.357     0.159   261.922   280.139    56.546   960.775    72.125   204.939
    72.500     3.034     2.963    14.988    16.763   -24.410     0.151   261.922   280.276    56.539   960.830    72.375   204.933
    72.750     3.197     2.953    14.959    16.741   -24.422     0.142   261.912   280.099    56.495   960.902    72.625   204.929
    73.000     3.178     2.936    14.935    16.720   -24.413     0.143   261.901   279.902    56.455   960.945    72.875   204.928
    73.250     3.142     2.953    14.917    16.699   -24.428     0.154   261.891   279.686    56.438   960.945    73.125   204.920
    73.500     2.962     2.944    14.900    16.678   -24.488     0.155   261.891   279.501    56.447   960.947    73.375   204.906
    73.750     3.021     2.954    14.879    16.656   -24.551     0.153   261.890   279.740    56.436   960.990    73.625   204.894
    74.000     3.198     2.952    14.850    16.634   -24.582     0.149   261.880   279.629    56.389   961.052    73.875   204.890
    74.250     3.166     2.902    14.826    16.614   -24.610     0.155   261.870   279.718    56.355   961.108    74.125   204.884
    74.500     3.059     2.932    14.810    16.594   -24.673     0.161   261.864   279.736    56.349   961.111    74.375   204.878
    74.750     2.965     2.949    14.793    16.573   -24.750     0.156   261.863   279.817    56.355   961.101    74.625   204.865
    75.000     3.027     2.956    14.769    16.551   -24.794     0.146   261.863   279.894    56.348   961.154    74.875   204.850
    75.250     3.152     2.947    14.742    16.529   -24.804     0.137   261.853   279.696    56.305   961.188    75.125   204.836
    75.500     3.143     2.943    14.717    16.509   -24.782     0.139   261.843   279.252    56.279   961.248    75.375   204.834
    75.750     3.034     2.925    14.700    16.488   -24.802     0.158   261.837   279.105    56.272   961.254    75.625   204.828
    76.000     2.964     2.939    14.682    16.466   -24.869     0.159   261.835   279.127    56.276   961.256    75.875   204.818
    76.250     2.982     2.925    14.660    16.445   -24.941     0.154   261.834   279.311    56.262   961.290    76.125   204.805
    76.500     3.155     2.925    14.631    16.423   -24.978     0.145   261.827   279.173    56.220   961.358    76.375   204.800
    76.750     3.208     2.930    14.606    16.403   -24.982     0.143   261.815   279.069    56.174   961.421    76.625   204.798
    77.000     3.026     2.927    14.591    16.383   -25.026     0.148   261.809   279.458    56.165   961.425    76.875   204.792
    77.250     2.943     2.927    14.574    16.362   -25.099     0.145   261.808   279.429    56.178   961.431    77.125   204.778
    77.500     2.858     2.943    14.556    16.338   -25.131     0.138   261.810   278.325    56.193   961.441    77.375   204.766
    77.750     2.848     2.929    14.532    16.312   -25.122     0.148   261.811   278.423    56.193   961.509    77.625   204.752
    78.000     2.892     2.949    14.512    16.287   -25.152     0.170   261.814   278.073    56.169   961.527    77.875   204.749
    78.250     2.999     2.946    14.486    16.261   -25.234     0.196   261.800   277.920    56.150   961.564    78.125   204.741
    78.500     2.949     2.910    14.464    16.236   -25.354     0.218   261.808   277.770    56.121   961.581    78.375   204.734
    78.750     3.010     2.859    14.442    16.211   -25.444     0.215   261.806   276.710    56.086   961.608    78.625   204.724
    79.000     3.034     2.853    14.418    16.187   -25.517     0.221   261.801   277.731    56.051   961.648    78.875   204.713
    79.250     3.089     2.938    14.395    16.165   -25.582     0.220   261.794   277.868    56.006   961.646    79.125   204.704
    79.500     3.055     2.930    14.370    16.144   -25.619     0.210   261.789   277.794    55.971   961.684    79.375   204.694
    79.750     3.034     2.910    14.346    16.124   -25.640     0.193   261.784   277.738    55.948   961.747    79.625   204.681
    80.000     3.050     2.920    14.326    16.105   -25.650     0.176   261.779   277.767    55.918   961.758    79.875   204.669
    80.250     3.035     2.915    14.303    16.086   -25.645     0.165   261.774   277.739    55.905   961.825    80.125   204.659
    80.500     3.004     2.917    14.285    16.067   -25.647     0.167   261.769   277.802    55.883   961.816    80.375   204.647
    80.750     3.036     2.912    14.263    16.049   -25.663     0.169   261.765   277.316    55.876   961.883    80.625   204.638
    81.000     3.018     2.900    14.243    16.030   -25.688     0.172   261.760   277.434    55.866   961.922    80.875   204.625
    81.250     3.031     2.912    14.225    16.012   -25.731     0.179   261.755   277.323    55.846   961.923    81.125   204.615
    81.500     3.023     2.908    14.205    15.994   -25.775     0.187   261.748   277.405    55.838   961.972    81.375   204.607
    81.750     3.039     2.907    14.186    15.976   -25.828     0.190   261.742   277.406    55.823   961.989    81.625   204.595
    82.000     3.012     2.894    14.168    15.957   -25.869     0.198   261.736   277.268    55.812   962.004    81.875   204.583
    82.250     3.026     2.906    14.151    15.939   -25.925     0.208   261.730   277.404    55.791   961.999    82.125   204.572
    82.500     3.022     2.903    14.132    15.920   -25.967     0.196   261.724   277.364    55.776   962.015    82.375   204.561
    82.750     3.028     2.899    14.110    15.902   -25.996     0.188   261.719   277.168    55.766   962.064    82.625   204.550
    83.000     2.997     2.900    14.093    15.883   -26.019     0.186   261.714   277.325    55.750   962.072    82.875   204.539
    83.250     2.991     2.899    14.075    15.865   -26.044     0.187   261.709   277.332    55.729   962.071    83.125   204.529
    83.500     3.010     2.894    14.053    15.847   -26.069     0.180   261.704   277.197    55.724   962.135    83.375   204.517
    83.750     2.998     2.866    14.033    15.828   -26.092     0.176   261.700   277.126    55.712   962.170    83.625   204.505
    84.000     2.996     2.891    14.014    15.810   -26.116     0.173   261.694   277.068    55.697   962.187    83.875   204.495
    84.250     3.000     2.879    13.995    15.792   -26.137     0.173   261.689   277.084    55.684   962.223    84.125   204.483
    84.500     2.995     2.891    13.978    15.774   -26.174     0.172   261.683   277.116    55.666   962.215    84.375   204.469
    84.750     2.974     2.877    13.957    15.756   -26.199     0.174   261.679   276.930    55.661   962.261    84.625   204.456
    85.000     2.990     2.875    13.938    15.737   -26.230     0.185   261.675   276.801    55.645   962.289    84.875   204.448
    85.250     3.005     2.887    13.922    15.719   -26.281     0.187   261.669   276.763    55.617   962.289    85.125   204.440
    85.500     3.025     2.882    13.899    15.701   -26.320     0.177   261.662   276.906    55.611   962.359    85.375   204.428
    85.750     2.966     2.881    13.882    15.683   -26.342     0.180   261.658   276.791    55.599   962.364    85.625   204.414
    86.000     2.989     2.881    13.864    15.665   -26.378     0.187   261.652   276.906    55.582   962.385    85.875   204.405
    86.250     2.983     2.879    13.845    15.647   -26.414     0.180   261.647   276.887    55.568   962.408    86.125   204.392
    86.500     2.991     2.865    13.825    15.629   -26.440     0.172   261.643   276.688    55.557   962.451    86.375   204.382
    86.750     2.983     2.874    13.807    15.611   -26.464     0.169   261.637   276.616    55.543   962.461    86.625   204.369
    87.000     2.952     2.874    13.789    15.593   -26.487     0.178   261.634   275.802    55.530   962.483    86.875   204.357
    87.250     2.957     2.860    13.770    15.575   -26.520     0.179   261.628   276.731    55.519   962.518    87.125   204.345
    87.500     2.987     2.858    13.750    15.557   -26.557     0.170   261.623   276.585    55.505   962.546    87.375   204.332
    87.750     2.962     2.825    13.731    15.539   -26.582     0.165   261.617   276.570    55.492   962.571    87.625   204.319
    88.000     2.958     2.824    13.713    15.522   -26.607     0.168   261.612   276.530    55.482   962.591    87.875   204.307
    88.250     2.954     2.869    13.698    15.504   -26.639     0.173   261.609   276.444    55.461   962.563    88.125   204.295
    88.500     2.970     2.866    13.677    15.486   -26.673     0.172   261.602   276.510    55.455   962.600    88.375   204.282
    88.750     2.963     2.862    13.657    15.468   -26.706     0.171   261.598   276.341    55.449   962.643    88.625   204.270
    89.000     2.963     2.862    13.639    15.451   -26.743     0.171   261.593   276.442    55.430   962.644    88.875   204.256
    89.250     2.957     2.861    13.619    15.433   -26.768     0.169   261.590   276.183    55.422   962.674    89.125   204.243
    89.500     2.939     2.860    13.603    15.415   -26.804     0.168   261.584   276.137    55.403   962.666    89.375   204.229
    89.750     2.948     2.859    13.583    15.398   -26.823     0.169   261.581   275.365    55.400   962.702    89.625   204.214
    90.000     2.942     2.857    13.564    15.380   -26.851     0.173   261.576   276.019    55.391   962.727    89.875   204.202
    90.250     2.944     2.842    13.544    15.363   -26.890     0.172   261.570   276.124    55.382   962.767    90.125   204.188
    90.500     2.950     2.851    13.526    15.346   -26.924     0.171   261.565   276.088    55.368   962.785    90.375   204.179
    90.750     2.966     2.838    13.506    15.328   -26.958     0.165   261.560   276.084    55.355   962.815    90.625   204.164
    91.000     2.949     2.837    13.488    15.311   -26.978     0.163   261.556   275.326    55.339   962.832    90.875   204.153
    91.250     2.937     2.847    13.471    15.294   -27.007     0.162   261.550   275.962    55.329   962.843    91.125   204.141
    91.500     2.949     2.845    13.452    15.276   -27.031     0.159   261.545   276.002    55.317   962.873    91.375   204.131
    91.750     2.921     2.817    13.433    15.259   -27.056     0.158   261.540   275.972    55.308   962.912    91.625   204.118
    92.000     2.954     2.843    13.416    15.242   -27.085     0.156   261.535   275.639    55.291   962.912    91.875   204.105
    92.250     2.938     2.841    13.397    15.225   -27.108     0.157   261.530   275.924    55.282   962.959    92.125   204.094
    92.500     2.936     2.840    13.379    15.207   -27.136     0.160   261.527   275.733    55.271   962.971    92.375   204.082
    92.750     2.905     2.795    13.361    15.190   -27.171     0.162   261.523   274.996    55.258   963.003    92.625   204.069
    93.000     2.946     2.838    13.344    15.173   -27.209     0.165   261.515   275.948    55.242   963.007    92.875   204.059
    93.250     2.950     2.836    13.325    15.156   -27.250     0.158   261.509   275.858    55.230   963.034    93.125   204.044
    93.500     2.913     2.835    13.309    15.139   -27.275     0.154   261.505   275.268    55.218   963.032    93.375   204.028
    93.750     2.923     2.834    13.290    15.122   -27.288     0.157   261.502   274.754    55.212   963.067    93.625   204.015
    94.000     2.915     2.833    13.272    15.104   -27.320     0.160   261.496   275.622    55.203   963.088    93.875   204.001
    94.250     2.913     2.819    13.254    15.087   -27.351     0.159   261.492   275.460    55.189   963.124    94.125   203.990
    94.500     2.917     2.803    13.236    15.070   -27.383     0.158   261.486   275.496    55.177   963.141    94.375   203.977
    94.750     2.932     2.816    13.218    15.053   -27.414     0.158   261.481   275.523    55.166   963.175    94.625   203.963
    95.000     2.916     2.799    13.199    15.036   -27.443     0.156   261.476   275.460    55.155   963.204    94.875   203.950
    95.250     2.908     2.826    13.185    15.020   -27.475     0.156   261.471   275.423    55.135   963.181    95.125   203.937
    95.500     2.913     2.812    13.165    15.003   -27.496     0.155   261.467   275.226    55.132   963.243    95.375   203.925
    95.750     2.914     2.823    13.149    14.986   -27.520     0.157   261.463   275.009    55.113   963.249    95.625   203.916
    96.000     2.887     2.777    13.130    14.969   -27.549     0.160   261.458   275.379    55.108   963.298    95.875   203.900
    96.250     2.918     2.792    13.112    14.952   -27.587     0.160   261.453   275.308    55.096   963.317    96.125   203.887
    96.500     2.924     2.818    13.096    14.936   -27.623     0.155   261.447   275.299    55.078   963.312    96.375   203.874
    96.750     2.890     2.818    13.080    14.920   -27.650     0.153   261.443   274.847    55.064   963.313    96.625   203.859
    97.000     2.913     2.814    13.060    14.903   -27.666     0.154   261.439   275.101    55.064   963.374    96.875   203.849
    97.250     2.908     2.812    13.042    14.886   -27.698     0.153   261.433   275.065    55.050   963.401    97.125   203.836
    97.500     2.901     2.800    13.025    14.870   -27.724     0.149   261.428   275.096    55.039   963.427    97.375   203.822
    97.750     2.890     2.800    13.008    14.853   -27.743     0.148   261.424   274.981    55.028   963.449    97.625   203.811
    98.000     2.893     2.811    12.992    14.837   -27.773     0.150   261.419   275.077    55.014   963.445    97.875   203.797
    98.250     2.887     2.782    12.973    14.820   -27.801     0.147   261.414   274.980    55.008   963.490    98.125   203.782
    98.500     2.892     2.781    12.956    14.804   -27.826     0.149   261.410   274.969    54.995   963.517    98.375   203.773
    98.750     2.896     2.795    12.939    14.787   -27.855     0.154   261.405   274.940    54.982   963.543    98.625   203.762
    99.000     2.895     2.805    12.923    14.771   -27.889     0.154   261.400   274.910    54.967   963.549    98.875   203.750
    99.250     2.889     2.791    12.904    14.755   -27.924     0.149   261.395   274.812    54.959   963.590    99.125   203.735
    99.500     2.901     2.802    12.888    14.738   -27.948     0.148   261.392   274.711    54.942   963.602    99.375   203.727
    99.750     2.891     2.799    12.871    14.722   -27.977     0.146   261.385   274.825    54.932   963.626    99.625   203.713
   100.000     2.864     2.801    12.855    14.706   -27.996     0.150   261.381   274.819    54.923   963.639    99.875   203.700
   100.250     2.887     2.799    12.837    14.689   -28.027     0.148   261.376   274.806    54.910   963.671   100.125   203.691
   100.500     2.868     2.785    12.820    14.673   -28.054     0.146   261.372   274.419    54.897   963.698   100.375   203.678
   100.750     2.884     2.784    12.802    14.657   -28.078     0.145   261.368   274.571    54.889   963.736   100.625   203.666
   101.000     2.873     2.782    12.785    14.641   -28.107     0.144   261.363   274.497    54.877   963.759   100.875   203.655
   101.250     2.884     2.793    12.770    14.625   -28.137     0.143   261.357   274.666    54.859   963.762   101.125   203.643
   101.500     2.874     2.790    12.752    14.609   -28.157     0.141   261.354   274.425    54.852   963.798   101.375   203.631
   101.750     2.864     2.779    12.735    14.593   -28.183     0.143   261.348   274.585    54.843   963.831   101.625   203.619
   102.000     2.865     2.762    12.718    14.576   -28.212     0.143   261.344   274.122    54.830   963.856   101.875   203.609
   102.250     2.849     2.743    12.701    14.560   -28.234     0.149   261.340   274.396    54.819   963.885   102.125   203.598
   102.500     2.885     2.774    12.684    14.544   -28.277     0.151   261.336   274.361    54.806   963.911   102.375   203.586
   102.750     2.878     2.783    12.668    14.528   -28.307     0.147   261.331   274.391    54.791   963.922   102.625   203.575
   103.000     2.871     2.771    12.650    14.512   -28.335     0.143   261.326   274.414    54.780   963.962   102.875   203.565
   103.250     2.872     2.783    12.635    14.497   -28.361     0.139   261.320   274.483    54.762   963.963   103.125   203.555
   103.500     2.861     2.779    12.618    14.481   -28.381     0.135   261.315   274.001    54.757   963.995   103.375   203.541
   103.750     2.840     2.769    12.602    14.465   -28.393     0.136   261.311   274.342    54.750   964.013   103.625   203.528
   104.000     2.839     2.781    12.586    14.449   -28.417     0.140   261.307   274.251    54.739   964.021   103.875   203.515
   104.250     2.837     2.733    12.568    14.433   -28.445     0.141   261.304   274.139    54.729   964.076   104.125   203.504
   104.500     2.865     2.731    12.550    14.417   -28.478     0.140   261.299   274.151    54.714   964.110   104.375   203.494
   104.750     2.872     2.772    12.534    14.401   -28.512     0.140   261.294   274.139    54.700   964.132   104.625   203.484
   105.000     2.864     2.775    12.519    14.385   -28.541     0.141   261.289   274.154    54.685   964.137   104.875   203.472
   105.250     2.854     2.770    12.501    14.370   -28.569     0.139   261.283   274.071    54.678   964.179   105.125   203.461
   105.500     2.842     2.773    12.486    14.354   -28.593     0.138   261.279   274.083    54.666   964.174   105.375   203.448
   105.750     2.854     2.771    12.469    14.338   -28.618     0.136   261.274   274.104    54.655   964.205   105.625   203.437
   106.000     2.827     2.742    12.452    14.322   -28.638     0.136   261.270   274.030    54.648   964.245   105.875   203.423
   106.250     2.853     2.768    12.436    14.307   -28.666     0.137   261.265   274.036    54.632   964.254   106.125   203.414
   106.500     2.834     2.768    12.421    14.291   -28.695     0.135   261.261   273.627    54.620   964.266   106.375   203.400
   106.750     2.822     2.768    12.405    14.275   -28.717     0.144   261.259   272.922    54.605   964.276   106.625   203.389
   107.000     2.848     2.765    12.388    14.260   -28.751     0.141   261.252   273.916    54.598   964.314   106.875   203.375
   107.250     2.833     2.735    12.370    14.244   -28.780     0.136   261.248   273.434    54.589   964.353   107.125   203.363
   107.500     2.859     2.759    12.354    14.228   -28.800     0.136   261.244   273.854    54.577   964.379   107.375   203.354
   107.750     2.827     2.748    12.337    14.213   -28.825     0.137   261.240   273.699    54.566   964.412   107.625   203.345
   108.000     2.843     2.746    12.321    14.198   -28.853     0.135   261.235   273.663    54.553   964.443   107.875   203.335
   108.250     2.828     2.745    12.305    14.182   -28.878     0.133   261.230   273.745    54.543   964.459   108.125   203.323
   108.500     2.839     2.753    12.289    14.167   -28.899     0.139   261.225   273.799    54.528   964.484   108.375   203.313
   108.750     2.832     2.752    12.273    14.152   -28.932     0.140   261.221   273.817    54.516   964.502   108.625   203.303
   109.000     2.819     2.726    12.257    14.136   -28.967     0.134   261.216   273.466    54.505   964.527   108.875   203.289
   109.250     2.829     2.740    12.241    14.121   -28.985     0.134   261.211   273.760    54.496   964.548   109.125   203.278
   109.500     2.832     2.753    12.225    14.106   -29.013     0.133   261.206   273.400    54.484   964.553   109.375   203.267
   109.750     2.797     2.754    12.212    14.091   -29.039     0.134   261.202   273.636    54.468   964.541   109.625   203.254
   110.000     2.828     2.752    12.194    14.076   -29.061     0.138   261.198   273.649    54.467   964.578   109.875   203.241
   110.250     2.814     2.745    12.177    14.060   -29.091     0.140   261.194   273.431    54.458   964.612   110.125   203.229
   110.500     2.837     2.743    12.160    14.045   -29.124     0.141   261.189   273.483    54.444   964.645   110.375   203.220
   110.750     2.814     2.747    12.146    14.030   -29.163     0.135   261.184   273.310    54.426   964.631   110.625   203.207
   111.000     2.842     2.746    12.129    14.014   -29.172     0.132   261.178   273.558    54.422   964.676   110.875   203.194
   111.250     2.799     2.745    12.113    14.000   -29.205     0.139   261.174   273.210    54.412   964.687   111.125   203.181
   111.500     2.808     2.745    12.099    13.984   -29.233     0.143   261.169   273.531    54.396   964.686   111.375   203.169
   111.750     2.823     2.741    12.082    13.969   -29.263     0.135   261.165   273.297    54.389   964.721   111.625   203.157
   112.000     2.827     2.740    12.066    13.954   -29.285     0.129   261.160   273.557    54.376   964.743   111.875   203.145
   112.250     2.826     2.738    12.048    13.939   -29.302     0.127   261.155   273.598    54.372   964.787   112.125   203.132
   112.500     2.813     2.737    12.033    13.924   -29.321     0.124   261.151   273.616    54.359   964.800   112.375   203.120
   112.750     2.816     2.734    12.016    13.909   -29.342     0.121   261.146   273.607    54.354   964.847   112.625   203.107
   113.000     2.784     2.720    12.000    13.894   -29.361     0.117   261.142   273.751    54.346   964.873   112.875   203.095
   113.250     2.806     2.720    11.984    13.879   -29.368     0.114   261.139   273.707    54.337   964.906   113.125   203.085
   113.500     2.808     2.720    11.968    13.863   -29.381     0.114   261.135   273.669    54.327   964.934   113.375   203.075
   113.750     2.797     2.704    11.952    13.848   -29.404     0.115   261.131   273.655    54.316   964.965   113.625   203.064
   114.000     2.807     2.720    11.937    13.833   -29.430     0.116   261.127   273.512    54.303   964.983   113.875   203.053
   114.250     2.809     2.719    11.921    13.818   -29.461     0.119   261.122   273.464    54.294   965.008   114.125   203.041
   114.500     2.800     2.702    11.905    13.802   -29.499     0.122   261.116   273.442    54.283   965.027   114.375   203.030
   114.750     2.798     2.717    11.890    13.787   -29.535     0.125   261.111   273.346    54.273   965.033   114.625   203.019
   115.000     2.796     2.715    11.874    13.772   -29.572     0.129   261.106   273.244    54.263   965.047   114.875   203.007
   115.250     2.816     2.713    11.858    13.757   -29.606     0.128   261.101   273.248    54.250   965.070   115.125   202.996
   115.500     2.788     2.711    11.843    13.742   -29.635     0.125   261.096   273.228    54.238   965.081   115.375   202.985
   115.750     2.798     2.709    11.827    13.727   -29.655     0.121   261.091   273.245    54.228   965.097   115.625   202.974
   116.000     2.804     2.708    11.811    13.712   -29.674     0.117   261.087   273.269    54.216   965.123   115.875   202.962
   116.250     2.795     2.707    11.795    13.697   -29.687     0.113   261.083   273.281    54.207   965.152   116.125   202.951
   116.500     2.769     2.691    11.779    13.682   -29.705     0.111   261.078   273.285    54.199   965.171   116.375   202.939
   116.750     2.779     2.707    11.764    13.667   -29.719     0.110   261.074   273.226    54.191   965.189   116.625   202.928
   117.000     2.775     2.706    11.748    13.652   -29.739     0.112   261.070   273.147    54.182   965.211   116.875   202.917
   117.250     2.778     2.706    11.732    13.637   -29.765     0.115   261.067   272.955    54.171   965.236   117.125   202.905
   117.500     2.768     2.669    11.716    13.622   -29.794     0.116   261.062   272.929    54.160   965.267   117.375   202.894
   117.750     2.788     2.715    11.702    13.607   -29.835     0.118   261.057   272.829    54.146   965.263   117.625   202.882
   118.000     2.788     2.714    11.686    13.592   -29.862     0.121   261.053   272.917    54.134   965.289   117.875   202.870
   118.250     2.778     2.701    11.669    13.577   -29.894     0.118   261.048   272.785    54.127   965.323   118.125   202.858
   118.500     2.548     2.708    11.665    13.558   -29.940     0.138   261.054   272.643    54.170   965.314   118.375   202.844
   118.750     2.215     2.785    11.668    13.525   -30.026     0.140   261.079   271.573    54.189   965.281   118.625   202.826
   119.000     2.481     2.780    11.645    13.491   -30.053     0.130   261.099   271.639    54.120   965.416   118.875   202.809
   119.250     2.672     2.784    11.614    13.460   -30.068     0.121   261.109   271.800    54.025   965.589   119.125   202.794
   119.500     2.765     2.762    11.582    13.434   -30.086     0.110   261.101   272.155    53.941   965.764   119.375   202.779
   119.750     2.794     2.740    11.554    13.413   -30.106     0.097   261.101   272.636    53.875   965.906   119.625   202.767
   120.000     2.855     2.752    11.529    13.393   -30.094     0.085   261.096   272.184    53.826   965.993   119.875   202.752
   120.250     2.803     2.752    11.508    13.376   -30.063     0.091   261.088   271.857    53.799   966.031   120.125   202.735
   120.500     2.676     2.734    11.493    13.360   -30.083     0.113   261.087   271.868    53.799   966.024   120.375   202.721
   120.750     2.728     2.712    11.476    13.344   -30.131     0.115   261.089   271.772    53.786   966.075   120.625   202.709
   121.000     2.808     2.714    11.457    13.330   -30.183     0.106   261.087   272.123    53.755   966.139   120.875   202.698
   121.250     2.901     2.688    11.436    13.316   -30.210     0.095   261.076   272.148    53.727   966.203   121.125   202.686
   121.500     2.830     2.715    11.423    13.303   -30.213     0.106   261.066   271.951    53.711   966.186   121.375   202.675
   121.750     2.719     2.717    11.413    13.290   -30.243     0.105   261.065   271.769    53.715   966.174   121.625   202.672
   122.000     2.750     2.715    11.401    13.277   -30.268     0.101   261.064   272.124    53.701   966.210   121.875   202.699
   122.250     2.803     2.711    11.384    13.264   -30.290     0.092   261.062   272.628    53.682   966.304   122.125   202.731
   122.500     2.793     2.628    11.368    13.250   -30.276     0.090   261.052   271.802    53.666   966.323   122.375   202.736
   122.750     2.740     2.644    11.355    13.237   -30.294     0.124   261.048   271.446    53.660   966.324   122.625   202.772
   123.000     2.719     2.700    11.344    13.222   -30.365     0.127   261.049   271.363    53.642   966.329   122.875   202.799
   123.250     2.780     2.709    11.330    13.209   -30.417     0.112   261.047   271.702    53.613   966.372   123.125   202.816
   123.500     2.812     2.699    11.314    13.196   -30.464     0.097   261.042   272.485    53.583   966.449   123.375   202.830
   123.750     2.781     2.695    11.301    13.184   -30.475     0.083   261.040   272.983    53.562   966.514   123.625   202.858
   124.000     2.821     2.679    11.284    13.170   -30.454     0.070   261.034   272.707    53.551   966.604   123.875   202.908
   124.250     2.762     2.733    11.272    13.156   -30.395     0.070   261.029   271.530    53.542   966.582   124.125   202.907
   124.500     2.559     2.758    11.271    13.142   -30.392     0.102   261.031   270.841    53.537   966.453   124.375   202.884
   124.750     2.634     2.653    11.252    13.124   -30.428     0.116   261.029   270.943    53.539   966.561   124.625   202.980
   125.000     2.756     2.699    11.232    13.107   -30.509     0.118   261.031   270.976    53.497   966.635   124.875   203.006
   125.250     2.855     2.696    11.212    13.093   -30.583     0.106   261.026   271.710    53.447   966.724   125.125   203.003
   125.500     2.864     2.686    11.195    13.082   -30.648     0.091   261.021   272.500    53.406   966.814   125.375   203.022
   125.750     2.802     2.682    11.183    13.072   -30.678     0.076   261.016   272.942    53.385   966.878   125.625   203.059
   126.000     2.856     2.695    11.167    13.058   -30.642     0.063   261.004   272.712    53.385   966.947   125.875   203.089
   126.250     2.716     2.724    11.156    13.045   -30.561     0.062   261.003   271.162    53.392   966.904   126.125   203.080
   126.500     2.539     2.601    11.148    13.031   -30.526     0.093   261.008   270.732    53.399   966.888   126.375   203.122
   126.750     2.629     2.714    11.138    13.013   -30.581     0.115   261.009   270.349    53.388   966.871   126.625   203.159
   127.000     2.711     2.716    11.119    12.996   -30.667     0.119   261.006   270.502    53.350   966.914   126.875   203.168
   127.250     2.852     2.690    11.097    12.982   -30.750     0.110   261.000   271.095    53.297   967.015   127.125   203.166
   127.500     2.879     2.676    11.079    12.971   -30.823     0.095   260.993   272.107    53.251   967.108   127.375   203.182
   127.750     2.825     2.673    11.067    12.962   -30.861     0.080   260.988   272.447    53.226   967.172   127.625   203.219
   128.000     2.816     2.693    11.056    12.952   -30.863     0.066   260.983   273.104    53.219   967.273   127.875   203.280
   128.250     2.798     2.694    11.041    12.937   -30.801     0.054   260.972   272.532    53.226   967.332   128.125   203.295
   128.500     2.589     2.688    11.032    12.924   -30.710     0.058   260.972   271.251    53.246   967.236   128.375   203.263
   128.750     2.522     2.603    11.024    12.908   -30.684     0.096   260.980   269.804    53.252   967.222   128.625   203.306
   129.000     2.605     2.754    11.016    12.889   -30.768     0.124   260.983   268.964    53.229   967.162   128.875   203.322
   129.250     2.704     2.706    10.993    12.871   -30.869     0.132   260.981   269.795    53.188   967.240   129.125   203.331
   129.500     2.827     2.676    10.971    12.858   -30.984     0.119   260.977   270.549    53.129   967.301   129.375   203.325
   129.750     2.809     2.667    10.956    12.848   -31.082     0.100   260.972   271.488    53.088   967.334   129.625   203.337
   130.000     2.786     2.663    10.946    12.841   -31.122     0.082   260.968   271.851    53.065   967.372   129.875   203.363
   130.250     2.730     2.669    10.937    12.833   -31.127     0.067   260.966   272.481    53.053   967.443   130.125   203.423
   130.500     2.796     2.694    10.923    12.820   -31.092     0.054   260.962   272.975    53.039   967.636   130.375   203.535
   130.750     2.847     2.695    10.904    12.803   -31.005     0.045   260.951   272.536    53.033   967.831   130.625   203.580
   131.000     2.642     2.687    10.891    12.787   -30.896     0.043   260.952   271.033    53.037   967.869   130.875   203.565
   131.250     2.527     2.599    10.877    12.768   -30.795     0.064   260.952   269.534    53.052   967.838   131.125   203.547
   131.500     2.404     2.613    10.871    12.751   -30.845     0.117   260.969   268.341    53.053   967.732   131.375   203.552
   131.750     2.599     2.750    10.857    12.730   -30.992     0.149   260.973   268.527    53.020   967.679   131.625   203.570
   132.000     2.833     2.688    10.828    12.709   -31.145     0.156   260.963   268.457    52.966   967.685   131.875   203.513
   132.250     2.744     2.663    10.810    12.698   -31.289     0.135   260.959   269.128    52.914   967.600   132.125   203.471
   132.500     2.723     2.643    10.802    12.694   -31.397     0.112   260.970   270.068    52.882   967.520   132.375   203.448
   132.750     2.722     2.642    10.797    12.692   -31.445     0.090   260.971   270.479    52.868   967.478   132.625   203.436
   133.000     2.699     2.646    10.793    12.690   -31.444     0.073   260.971   271.225    52.867   967.479   132.875   203.446
   133.250     2.693     2.658    10.789    12.685   -31.414     0.059   260.970   271.797    52.874   967.554   133.125   203.494
   133.500     2.910     2.687    10.770    12.673   -31.337     0.048   260.947   272.437    52.861   967.863   133.375   203.634
   133.750     2.993     2.685    10.745    12.654   -31.233     0.040   260.931   272.973    52.831   968.262   133.625   203.769
   134.000     2.825     2.645    10.725    12.634   -31.112     0.036   260.923   272.049    52.827   968.500   133.875   203.804
   134.250     2.597     2.696    10.714    12.616   -31.021     0.043   260.923   269.966    52.835   968.490   134.125   203.768
   134.500     2.402     2.726    10.708    12.599   -30.991     0.085   260.931   267.627    52.845   968.306   134.375   203.686
   134.750     2.406     2.799    10.706    12.579   -31.079     0.122   260.947   266.670    52.835   968.106   134.625   203.624
   135.000     2.682     2.727    10.678    12.556   -31.209     0.139   260.948   267.407    52.818   968.125   134.875   203.620
   135.250     2.843     2.665    10.653    12.540   -31.393     0.132   260.934   268.210    52.751   968.054   135.125   203.547
   135.500     2.662     2.629    10.643    12.536   -31.555     0.115   260.944   269.059    52.718   967.848   135.375   203.483
   135.750     2.708     2.627    10.640    12.537   -31.652     0.096   260.946   269.720    52.702   967.735   135.625   203.453
   136.000     2.717     2.621    10.638    12.539   -31.682     0.078   260.945   270.206    52.694   967.667   135.875   203.423
   136.250     2.698     2.629    10.637    12.540   -31.673     0.064   260.944   270.931    52.708   967.653   136.125   203.429
   136.500     2.725     2.662    10.633    12.538   -31.633     0.052   260.942   271.492    52.727   967.752   136.375   203.488
   136.750     3.009     2.674    10.611    12.525   -31.542     0.043   260.911   272.211    52.711   968.132   136.625   203.646
   137.000     3.012     2.675    10.588    12.506   -31.439     0.036   260.895   272.740    52.686   968.545   136.875   203.785
   137.250     2.829     2.636    10.569    12.487   -31.323     0.033   260.884   271.825    52.686   968.781   137.125   203.815
   137.500     2.601     2.688    10.558    12.468   -31.237     0.042   260.883   269.716    52.694   968.777   137.375   203.779
   137.750     2.345     2.722    10.558    12.452   -31.231     0.082   260.890   267.831    52.699   968.529   137.625   203.676
   138.000     2.418     2.775    10.551    12.434   -31.327     0.117   260.906   266.282    52.708   968.325   137.875   203.617
   138.250     2.693     2.713    10.524    12.412   -31.469     0.136   260.907   267.124    52.690   968.323   138.125   203.601
   138.500     2.768     2.650    10.501    12.397   -31.644     0.130   260.893   267.814    52.635   968.233   138.375   203.529
   138.750     2.622     2.627    10.495    12.393   -31.797     0.114   260.909   268.541    52.596   968.017   138.625   203.476
   139.000     2.706     2.616    10.491    12.394   -31.889     0.095   260.910   269.340    52.573   967.926   138.875   203.451
   139.250     2.702     2.610    10.490    12.397   -31.916     0.077   260.909   269.761    52.566   967.851   139.125   203.421
   139.500     2.691     2.619    10.489    12.400   -31.901     0.063   260.908   270.440    52.581   967.839   139.375   203.428
   139.750     2.739     2.652    10.485    12.397   -31.856     0.052   260.905   271.060    52.599   967.958   139.625   203.493
   140.000     3.007     2.664    10.464    12.384   -31.768     0.043   260.873   271.848    52.581   968.342   139.875   203.647
   140.250     3.012     2.676    10.440    12.366   -31.670     0.036   260.857   272.414    52.554   968.758   140.125   203.785
   140.500     2.854     2.625    10.421    12.346   -31.556     0.032   260.845   271.694    52.551   969.029   140.375   203.822
   140.750     2.585     2.679    10.411    12.327   -31.478     0.039   260.843   269.621    52.560   969.022   140.625   203.785
   141.000     2.399     2.700    10.405    12.310   -31.450     0.079   260.851   267.197    52.569   968.852   140.875   203.703
   141.250     2.345     2.759    10.402    12.295   -31.542     0.111   260.865   266.037    52.582   968.560   141.125   203.611
   141.500     2.606     2.733    10.384    12.275   -31.694     0.136   260.866   266.737    52.572   968.449   141.375   203.565
   141.750     2.769     2.643    10.357    12.258   -31.857     0.130   260.858   267.280    52.527   968.430   141.625   203.516
   142.000     2.605     2.613    10.349    12.254   -32.011     0.114   260.872   268.087    52.479   968.235   141.875   203.476
   142.250     2.676     2.608    10.346    12.255   -32.112     0.095   260.874   268.851    52.450   968.130   142.125   203.450
   142.500     2.696     2.600    10.345    12.258   -32.145     0.077   260.874   269.299    52.438   968.061   142.375   203.425
   142.750     2.680     2.608    10.345    12.261   -32.130     0.063   260.872   269.986    52.451   968.041   142.625   203.431
   143.000     2.694     2.624    10.343    12.260   -32.086     0.052   260.870   270.519    52.470   968.129   142.875   203.483
   143.250     2.992     2.654    10.322    12.248   -31.993     0.043   260.839   271.209    52.457   968.501   143.125   203.628
   143.500     3.007     2.665    10.299    12.230   -31.893     0.037   260.822   271.792    52.428   968.921   143.375   203.770
   143.750     2.921     2.674    10.278    12.210   -31.784     0.033   260.809   271.502    52.418   969.226   143.625   203.809
   144.000     2.599     2.666    10.268    12.193   -31.695     0.039   260.803   269.540    52.423   969.249   143.875   203.763
   144.250     2.415     2.679    10.262    12.178   -31.675     0.071   260.808   267.103    52.442   969.061   144.125   203.676
   144.500     2.374     2.730    10.259    12.165   -31.779     0.105   260.821   265.913    52.467   968.767   144.375   203.590
   144.750     2.567     2.540    10.237    12.146   -31.910     0.129   260.822   266.545    52.483   968.685   144.625   203.557
   145.000     2.661     2.633    10.222    12.131   -32.083     0.127   260.817   266.980    52.441   968.537   144.875   203.491
   145.250     2.605     2.616    10.214    12.125   -32.225     0.111   260.835   267.789    52.382   968.401   145.125   203.477
   145.500     2.675     2.601    10.210    12.124   -32.319     0.092   260.836   268.606    52.339   968.330   145.375   203.457
   145.750     2.683     2.593    10.208    12.128   -32.350     0.075   260.836   269.220    52.320   968.276   145.625   203.439
   146.000     2.672     2.601    10.208    12.130   -32.335     0.061   260.835   269.677    52.327   968.275   145.875   203.454
   146.250     2.718     2.635    10.203    12.128   -32.287     0.050   260.818   270.250    52.340   968.399   146.125   203.521
   146.500     2.983     2.646    10.183    12.114   -32.195     0.042   260.799   270.892    52.322   968.775   146.375   203.663
   146.750     2.988     2.658    10.160    12.097   -32.098     0.036   260.784   271.420    52.293   969.184   146.625   203.790
   147.000     2.903     2.634    10.139    12.076   -31.989     0.032   260.770   271.133    52.284   969.489   146.875   203.822
   147.250     2.574     2.657    10.129    12.059   -31.903     0.040   260.765   269.186    52.291   969.491   147.125   203.770
   147.500     2.378     2.667    10.125    12.047   -31.899     0.070   260.771   266.747    52.310   969.240   147.375   203.665
   147.750     2.370     2.718    10.121    12.035   -32.004     0.103   260.785   265.575    52.353   968.944   147.625   203.586
   148.000     2.593     2.682    10.101    12.018   -32.151     0.135   260.785   266.331    52.370   968.827   147.875   203.548
   148.250     2.580     2.630    10.086    12.004   -32.312     0.126   260.782   266.681    52.334   968.689   148.125   203.489
   148.500     2.614     2.606    10.079    11.997   -32.447     0.108   260.799   267.520    52.266   968.595   148.375   203.479
   148.750     2.666     2.591    10.075    11.997   -32.532     0.089   260.801   268.350    52.218   968.537   148.625   203.461
   149.000     2.673     2.585    10.074    12.000   -32.556     0.073   260.801   268.956    52.198   968.494   148.875   203.449
   149.250     2.667     2.595    10.074    12.002   -32.535     0.059   260.799   269.407    52.203   968.513   149.125   203.476
   149.500     2.729     2.628    10.068    11.999   -32.482     0.049   260.782   269.977    52.214   968.663   149.375   203.550
   149.750     2.974     2.640    10.047    11.985   -32.389     0.041   260.762   270.628    52.192   969.047   149.625   203.690
   150.000     2.973     2.652    10.025    11.967   -32.290     0.035   260.748   271.142    52.164   969.452   149.875   203.801
