  1000.000     5.747     3.672    -0.000     0.656    -1.547    -1.095     2.686     0.000     0.000     0.000     0.000     0.000     0.000   295.604     0.000   0.00E+00    -0.939     0.301   278.877
   950.000     1.657     3.490     0.001     0.827     1.159    -1.400     0.152     0.000    17.182     0.000   -12.209     0.000     0.001   295.594     0.000   0.32E-06    -1.296     0.337   274.828
   900.000    -2.110     2.635    -0.228     0.746     1.391    -1.418     0.000     0.000    17.175    -0.001   -13.357     0.001     2.220   292.757     0.000   0.13E-01    -0.417     0.360   270.844
   850.000    -5.608     1.835     0.319     0.679     1.456    -1.486     0.000     0.000    15.956    -2.214   -10.385     2.576     2.084   291.076     0.055   0.33E+00     0.180     0.392   267.952
   800.000    -9.117     1.171     0.569     0.565     1.576    -1.609     0.000     0.000    14.541    -2.084    -7.936     2.456     0.867   289.946     0.016   0.29E+00     0.677     0.425   264.764
   750.000   -12.696     0.643     0.525     0.421     1.569    -1.605     0.000     0.000    13.790    -0.867    -6.743     1.853     0.383   289.630     0.003   0.18E+00     0.947     0.451   261.231
   700.000   -16.518     0.359     0.329     0.305     1.447    -1.485     0.000     0.000    13.558    -0.320    -5.780     1.659     0.289   289.808     0.003   0.13E+00     0.945     0.467   257.300
   650.000   -20.864     0.219     0.118     0.234     1.278    -1.319     0.000     0.000    13.438    -0.222    -4.905     1.521     0.311   290.246     0.004   0.11E+00     0.796     0.474   252.917
   600.000   -25.681     0.135    -0.062     0.195     1.062    -1.107     0.000     0.000    13.358    -0.246    -3.919     1.558     0.275   291.109     0.006   0.93E-01     0.594     0.469   248.029
   550.000   -31.034     0.080    -0.176     0.187     0.839    -0.889     0.000     0.000    13.437    -0.220    -2.859     1.698     0.187   291.860     0.011   0.92E-01     0.404     0.449   242.587
   500.000   -37.037     0.056    -0.205     0.232     0.719    -0.774     0.000     0.000    13.865    -0.145    -1.770     1.962     0.032   292.274     0.017   0.55E-01     0.245     0.416   236.548
   450.000   -43.838     0.076    -0.197     0.400     0.721    -0.783     0.000     0.000    14.964     0.000    -0.835     2.551     0.172   292.766     0.073   0.13E+00     0.099     0.372   229.872
   400.000   -51.263     0.069    -0.230     0.654     0.593    -0.662     0.000     0.000    14.413    -0.001    -0.274     2.583     2.200   292.965     0.179   0.13E+00     0.031     0.319   222.500
   350.000   -59.460     0.018    -0.280     0.741     0.458    -0.534     0.000     0.000    11.102     0.000    -0.068     2.794     5.331   293.315     0.123   0.34E-01     0.005     0.240   214.340
   300.000   -68.199     0.007    -0.427     1.011     0.217    -0.298     0.000     0.000     1.489     0.000    -0.005     0.247     9.793   293.639     0.430   0.68E-02    -0.000     0.151   205.234
   250.000   -73.952     0.004    -3.248     1.002    -0.004    -0.069     0.000     0.000     0.005     0.000    -0.000     0.000     1.485   296.599     0.296   0.64E-03    -0.000     0.036   194.792
   200.000   -72.321     0.001    -4.000     0.157    -0.000    -0.034     0.000     0.000     0.000     0.000    -0.000     0.000     0.005   310.535     0.000   0.22E-05    -0.000     0.000   182.101
   150.000   -73.281     0.001    -4.000     0.129     0.000    -0.000     0.000     0.000     0.000     0.000     0.000     0.000     0.000   325.162     0.000   0.00E+00     0.000     0.000   165.769
   100.000   -72.463     0.001    -4.000     0.083     0.000     0.002     0.000     0.000     0.000     0.000     0.000     0.000     0.000   348.324     0.000   0.00E+00     0.000     0.000   142.900
    80.000   -69.988     0.001    -4.000     0.049     0.000     0.010     0.000     0.000     0.000     0.000     0.000     0.000     0.000   363.303     0.000   0.00E+00     0.000     0.000     0.000
    60.000   -63.653     0.001     0.000     0.017     0.000     0.032     0.000     0.000     0.000     0.000     0.000     0.000     0.000   385.862     0.000   0.00E+00     0.000     0.000     0.000
    40.000   -55.119     0.001     0.000     0.004     0.000     0.060     0.000     0.000     0.000     0.000     0.000     0.000     0.000   418.337     0.000   0.00E+00     0.000     0.000     0.000
    30.000   -48.760     0.001     0.000     0.002     0.000     0.081     0.000     0.000     0.000     0.000     0.000     0.000     0.000   442.520     0.000   0.00E+00     0.000     0.000     0.000
    25.000   -37.548     0.001     0.000     0.000     0.000     0.119     0.000     0.000     0.000     0.000     0.000     0.000     0.000   465.435     0.000   0.00E+00    -0.001     0.000     0.000
