  1000.000     9.146     4.781    -0.000     0.657    -1.653    -0.994     2.652     0.000     0.000     0.000     0.000     0.000     0.000   298.359     0.000   0.00E+00    -1.142     0.308   282.292
   950.000     5.040     4.622     0.001     0.827     1.234    -1.271     0.023     0.000    16.083     0.000   -12.464     0.000     0.000   298.328     0.000   0.00E+00    -1.480     0.346   278.195
   900.000     1.562     3.532    -0.333     0.734     1.284    -1.288     0.000     0.000    16.081     0.000   -11.521     0.000     2.298   294.638     0.000   0.11E-01    -0.466     0.371   274.235
   850.000    -2.075     2.705     0.349     0.697     1.395    -1.401     0.000     0.000    14.998    -2.296   -12.461     2.668     1.837   293.043     0.057   0.34E+00     0.127     0.395   271.484
   800.000    -5.455     1.717     0.621     0.568     1.577    -1.583     0.000     0.000    13.688    -1.837    -8.362     2.192     0.426   291.794     0.012   0.28E+00     0.744     0.432   268.517
   750.000    -8.815     0.934     0.544     0.409     1.606    -1.612     0.000     0.000    13.327    -0.426    -7.080     1.665     0.215   290.934     0.001   0.17E+00     1.053     0.462   265.221
   700.000   -12.542     0.480     0.342     0.289     1.513    -1.520     0.000     0.000    13.313    -0.106    -6.266     1.534     0.207   291.529     0.001   0.13E+00     1.063     0.484   261.539
   650.000   -16.664     0.231     0.116     0.213     1.344    -1.352     0.000     0.000    13.333    -0.107    -5.379     1.424     0.220   291.047     0.002   0.11E+00     0.898     0.495   257.404
   600.000   -21.273     0.109    -0.073     0.173     1.143    -1.152     0.000     0.000    13.395    -0.139    -4.372     1.500     0.284   292.667     0.002   0.95E-01     0.667     0.494   252.744
   550.000   -26.457     0.054    -0.184     0.156     0.896    -0.906     0.000     0.000    13.571    -0.212    -3.271     1.701     0.166   292.978     0.004   0.91E-01     0.456     0.477   247.489
   500.000   -32.314     0.031    -0.197     0.188     0.751    -0.763     0.000     0.000    14.122    -0.147    -2.077     1.994     0.019   293.398     0.006   0.48E-01     0.296     0.446   241.574
   450.000   -38.912     0.023    -0.153     0.330     0.723    -0.737     0.000     0.000    15.356    -0.000    -1.046     2.499     0.104   294.227     0.046   0.14E+00     0.127     0.401   234.943
   400.000   -46.300     0.021    -0.138     0.591     0.641    -0.658     0.000     0.000    15.562    -0.000    -0.343     2.949     1.825   294.634     0.157   0.14E+00     0.042     0.351   227.536
   350.000   -54.538     0.018    -0.144     0.646     0.476    -0.495     0.000     0.000    15.773     0.000    -0.093     4.467     3.498   294.837     0.136   0.32E-01     0.010     0.273   219.271
   300.000   -63.831     0.013    -0.165     0.988     0.301    -0.323     0.000     0.000     1.329     0.000    -0.004     0.174    14.574   294.890     0.450   0.40E-02     0.000     0.196   210.012
   250.000   -72.414     0.005    -1.944     0.999    -0.015    -0.006     0.000     0.000     0.005     0.000    -0.000     0.000     1.324   297.334     0.308   0.43E-03    -0.000     0.041   199.460
   200.000   -69.973     0.001    -4.000     0.121    -0.000    -0.007     0.000     0.000     0.000     0.000    -0.000     0.000     0.005   311.937     0.000   0.24E-05    -0.000     0.000   186.642
   150.000   -71.199     0.001    -4.000     0.106     0.000     0.002     0.000     0.000     0.000     0.000     0.000     0.000     0.000   327.532     0.000   0.00E+00     0.000     0.000   170.133
   100.000   -71.806     0.001    -4.000     0.079     0.000     0.001     0.000     0.000     0.000     0.000     0.000     0.000     0.000   348.487     0.000   0.00E+00     0.000     0.000   147.116
    80.000   -71.065     0.001    -4.000     0.057     0.000     0.002     0.000     0.000     0.000     0.000     0.000     0.000     0.000   363.032     0.000   0.00E+00     0.000     0.000     0.000
    60.000   -67.486     0.001     0.000     0.026     0.000     0.006     0.000     0.000     0.000     0.000     0.000     0.000     0.000   381.919     0.000   0.00E+00     0.000     0.000     0.000
    40.000   -62.666     0.001     0.000     0.009     0.000     0.011     0.000     0.000     0.000     0.000     0.000     0.000     0.000   411.565     0.000   0.00E+00     0.000     0.000     0.000
    30.000   -60.387     0.001     0.000     0.005     0.000     0.014     0.000     0.000     0.000     0.000     0.000     0.000     0.000   429.694     0.000   0.00E+00     0.000     0.000     0.000
    25.000   -59.245     0.001     0.000     0.003     0.000     0.017     0.000     0.000     0.000     0.000     0.000     0.000     0.000   443.452     0.000   0.00E+00    -0.001     0.000     0.000
