  1000.000    34.200    27.429    -0.000     0.799    -2.128    -1.843     2.855     0.000     0.000     0.000     0.000     0.000     0.000   404.778     0.000   0.00E+00    -3.369     0.820   307.442
   950.000    29.907    27.155     0.002     0.978     3.211    -0.225    -2.228     0.000     7.826     0.000   -13.283     0.000     0.000   404.785     0.000   0.00E+00    -9.223     0.869   303.005
   900.000    28.510    23.154    -0.017     0.859     1.206    -1.379     0.000     0.000     7.826     0.000    -5.199     0.000     0.633   395.853     0.007   0.35E+00    -5.800     0.902   300.953
   850.000    26.021    20.665     0.570     0.850     1.278    -1.450     0.000     0.000     7.269    -0.633    -6.104     0.689     0.024   390.729     0.005   0.20E+00    -4.557     0.949   299.159
   800.000    23.771    18.386     0.845     0.822     1.600    -1.761     0.000     0.000     7.124    -0.000    -5.227     0.536     0.395   385.986     0.026   0.17E+00    -3.141     0.987   297.249
   750.000    21.444    16.362     0.956     0.788     1.791    -1.940     0.000     0.000     6.886     0.000    -4.792     0.463     0.398   381.842     0.022   0.14E+00    -1.849     1.017   295.208
   700.000    19.027    14.482     0.883     0.749     1.912    -2.047     0.000     0.000     6.649     0.000    -4.455     0.430     0.375   378.384     0.017   0.12E+00    -0.741     1.038   293.013
   650.000    16.462    12.704     0.647     0.706     1.966    -2.085     0.000     0.000     6.440     0.000    -4.199     0.390     0.329   375.654     0.008   0.10E+00     0.143     1.054   290.638
   600.000    13.636    11.042     0.296     0.664     1.977    -2.080     0.000     0.000     6.255     0.000    -3.969     0.363     0.290   373.696     0.000   0.10E+00     0.765     1.068   288.047
   550.000    10.470     9.446    -0.100     0.628     1.993    -2.080     0.000     0.000     6.077     0.000    -3.695     0.381     0.284   372.559     0.001   0.96E-01     1.102     1.078   285.196
   500.000     6.838     7.911    -0.483     0.597     2.062    -2.134     0.000     0.000     5.887     0.000    -3.333     0.428     0.303   372.112     0.000   0.95E-01     1.171     1.080   282.022
   450.000     2.669     6.321    -0.791     0.572     2.222    -2.282     0.000     0.000     5.707     0.000    -2.888     0.471     0.308   372.094     0.001   0.12E+00     1.069     1.063   278.438
   400.000    -2.218     4.517    -0.895     0.552     2.478    -2.529     0.000     0.000     4.987     0.000    -2.530     0.512     0.899   372.213     0.010   0.22E+00     0.869     1.028   274.303
   350.000    -7.292     2.958    -1.059     0.457     2.563    -2.594     0.000     0.000     4.797     0.000    -2.285     0.491     0.356   371.006     0.003   0.27E+00     1.461     0.937   269.807
   300.000   -13.557     1.603    -1.118     0.405     2.727    -2.743     0.000     0.000     4.564     0.000    -1.695     0.495     0.413   372.393     0.003   0.32E+00     1.704     0.889   264.205
   250.000   -21.752     0.835    -1.157     0.364     3.020    -3.035     0.000     0.000     4.038     0.000    -0.823     0.537     0.761   375.433     0.013   0.34E+00     1.319     0.828   256.875
   200.000   -31.925     0.224    -0.998     0.254     2.474    -2.489     0.000     0.000     4.051     0.000    -0.393     0.659     0.350   378.764     0.011   0.30E+00     0.956     0.710   246.575
   150.000   -47.934     0.166     0.479     0.405     1.980    -2.053     0.000     0.000     4.109     0.000    -0.160     0.732     0.476   382.594     0.047   0.22E+00     0.000     0.608   231.326
   100.000   -68.613     0.020     1.804     1.004     0.691    -0.808     0.000     0.000     0.000     0.000    -0.001     0.000     4.109   385.293     0.429   0.66E-01     0.000     0.525   208.631
    80.000   -64.449     0.001    -4.000     0.119     0.000     0.169     0.000     0.000     0.000     0.000     0.000     0.000     0.000   391.488     0.000   0.13E-08    -0.001     0.000     0.000
    60.000   -55.428     0.001     0.000     0.018     0.000     0.354     0.000     0.000     0.000     0.000     0.000     0.000     0.000   414.525     0.000   0.00E+00     0.000     0.000     0.000
    40.000   -46.590     0.001     0.000     0.007     0.000     0.531     0.000     0.000     0.000     0.000     0.000     0.000     0.000   445.236     0.000   0.00E+00     0.000     0.000     0.000
    30.000   -39.789     0.001     0.000     0.004     0.000     0.667     0.000     0.000     0.000     0.000     0.000     0.000     0.000   468.686     0.000   0.00E+00     0.000     0.000     0.000
    25.000   -27.094     0.001     0.000     0.001     0.000     0.921     0.000     0.000     0.000     0.000     0.000     0.000     0.000   493.564     0.000   0.00E+00    -0.001     0.000     0.000
