  1000.000     9.515     4.970     0.000     0.741    -1.714    -1.705     2.964     0.000     0.000     0.000     0.000     0.000     0.000   325.288     0.000   0.00E+00    -1.564     0.445   282.667
   950.000     5.406     4.800     0.001     0.923     2.762    -1.716    -0.810     0.000    11.678     0.000   -11.221     0.000     0.000   325.218     0.000   0.00E+00    -3.328     0.484   278.565
   900.000     1.947     3.652    -0.333     0.768     1.633    -1.750     0.000     0.000    11.678     0.000    -6.662     0.000     1.498   319.833     0.000   0.44E-01    -1.292     0.510   274.685
   850.000    -1.716     2.855     0.119     0.714     1.487    -1.609     0.000     0.000    10.821    -1.498    -7.099     1.657     1.008   317.090     0.006   0.48E-01    -0.393     0.544   271.933
   800.000    -5.068     1.833     0.296     0.640     1.486    -1.611     0.000     0.000    10.000    -1.008    -6.476     1.309     0.351   315.057     0.005   0.22E+00     0.333     0.576   268.996
   750.000    -8.341     1.028     0.264     0.555     1.471    -1.597     0.000     0.000     9.720    -0.239    -6.161     1.086     0.185   313.821     0.002   0.18E+00     0.777     0.602   265.733
   700.000   -11.995     0.564     0.161     0.484     1.438    -1.566     0.000     0.000     9.701    -0.003    -5.999     1.057     0.188   313.326     0.001   0.15E+00     0.984     0.623   262.085
   650.000   -16.008     0.300     0.021     0.423     1.375    -1.507     0.000     0.000     9.689    -0.005    -5.737     1.020     0.182   313.297     0.000   0.11E+00     1.042     0.636   257.984
   600.000   -20.491     0.157    -0.144     0.373     1.286    -1.422     0.000     0.000     9.748    -0.007    -5.186     1.054     0.137   313.527     0.000   0.87E-01     0.996     0.641   253.356
   550.000   -25.558     0.086    -0.245     0.349     1.199    -1.341     0.000     0.000     9.906    -0.006    -4.405     1.138     0.098   314.147     0.000   0.11E+00     0.838     0.636   248.126
   500.000   -31.381     0.073    -0.243     0.364     1.200    -1.349     0.000     0.000    10.187    -0.003    -3.363     1.227     0.079   315.001     0.001   0.66E-01     0.641     0.617   242.227
   450.000   -38.138     0.140    -0.160     0.425     1.303    -1.462     0.000     0.000    10.042     0.000    -2.080     1.281     0.679   315.859     0.036   0.27E+00     0.462     0.584   235.602
   400.000   -45.760     0.138    -0.088     0.478     1.279    -1.450     0.000     0.000     9.792     0.000    -1.057     1.407     1.037   316.566     0.075   0.27E+00     0.334     0.520   228.196
   350.000   -54.193     0.043    -0.045     0.540     1.133    -1.315     0.000     0.000     9.297     0.000    -0.470     1.781     1.787   317.284     0.105   0.18E+00     0.203     0.444   219.929
   300.000   -63.332     0.014    -0.064     0.622     0.821    -1.014     0.000     0.000     5.873     0.000    -0.195     1.095     4.206   317.982     0.152   0.11E+00     0.109     0.359   210.659
   250.000   -71.725     0.005    -0.257     0.823     0.556    -0.749     0.000     0.000     2.771     0.000    -0.055     0.510     3.468   319.006     0.303   0.57E-01     0.020     0.261   200.080
   200.000   -68.793     0.001    -4.000     0.568     0.261    -0.389     0.000     0.000     0.758     0.000    -0.008     0.134     2.105   324.679     0.179   0.21E-01    -0.000     0.163   187.199
   150.000   -69.038     0.001    -4.000     0.312     0.028    -0.091     0.000     0.000     0.011     0.000    -0.000     0.000     0.747   336.641     0.065   0.13E-02    -0.000     0.062   170.547
   100.000   -67.641     0.001    -4.000     0.062    -0.008     0.036     0.000     0.000     0.000     0.000    -0.000     0.000     0.011   360.008     0.000   0.70E-05     0.000     0.002   147.155
    80.000   -64.700     0.001    -4.000     0.028     0.000     0.042     0.000     0.000     0.000     0.000     0.000     0.000     0.000   375.974     0.000   0.00E+00     0.000     0.000     0.000
    60.000   -57.595     0.001     0.000     0.010     0.000     0.078     0.000     0.000     0.000     0.000     0.000     0.000     0.000   399.784     0.000   0.00E+00     0.000     0.000     0.000
    40.000   -48.145     0.001     0.000     0.003     0.000     0.125     0.000     0.000     0.000     0.000     0.000     0.000     0.000   433.609     0.000   0.00E+00     0.000     0.000     0.000
    30.000   -40.839     0.001     0.000     0.001     0.000     0.162     0.000     0.000     0.000     0.000     0.000     0.000     0.000   459.053     0.000   0.00E+00     0.000     0.000     0.000
    25.000   -26.499     0.001     0.000     0.000     0.000     0.233     0.000     0.000     0.000     0.000     0.000     0.000     0.000   484.869     0.000   0.00E+00    -0.001     0.000     0.000
