  1000.000     7.063     4.149    -0.000     0.736    -1.744    -1.650     2.931     0.000     0.000     0.000     0.000     0.000     0.000   329.763     0.000   0.00E+00    -1.687     0.468   280.203
   950.000     2.973     3.966     0.001     0.915     2.640    -1.553    -0.835     0.000    12.113     0.000   -11.622     0.000     0.000   329.723     0.000   0.00E+00    -3.672     0.508   276.136
   900.000    -0.684     3.155    -0.298     0.775     1.599    -1.709     0.000     0.000    12.113     0.000    -7.400     0.000     1.552   324.104     0.000   0.44E-01    -1.627     0.534   272.240
   850.000    -4.161     2.257     0.190     0.728     1.500    -1.612     0.000     0.000    11.204    -1.552    -7.681     1.731     1.003   321.498     0.018   0.17E+00    -0.733     0.569   269.432
   800.000    -7.673     1.427     0.358     0.652     1.542    -1.657     0.000     0.000    10.367    -1.003    -6.454     1.359     0.456   319.240     0.006   0.24E+00     0.018     0.602   266.335
   750.000   -11.171     0.750     0.323     0.566     1.531    -1.648     0.000     0.000     9.992    -0.293    -5.982     1.103     0.265   317.893     0.001   0.19E+00     0.489     0.628   262.900
   700.000   -14.964     0.357     0.207     0.495     1.487    -1.606     0.000     0.000     9.889    -0.037    -5.681     1.043     0.258   317.250     0.001   0.15E+00     0.726     0.648   259.070
   650.000   -19.192     0.164     0.063     0.439     1.416    -1.538     0.000     0.000     9.799    -0.031    -5.311     0.990     0.253   317.089     0.000   0.12E+00     0.813     0.659   254.785
   600.000   -23.902     0.078    -0.098     0.395     1.325    -1.450     0.000     0.000     9.764    -0.034    -4.721     1.023     0.227   317.181     0.000   0.10E+00     0.802     0.661   249.984
   550.000   -29.177     0.041    -0.207     0.372     1.240    -1.370     0.000     0.000     9.827    -0.038    -3.953     1.113     0.178   317.545     0.000   0.11E+00     0.702     0.651   244.610
   500.000   -35.083     0.027    -0.223     0.384     1.244    -1.380     0.000     0.000    10.045    -0.027    -3.008     1.235     0.131   318.025     0.002   0.78E-01     0.553     0.628   238.613
   450.000   -41.675     0.022    -0.160     0.442     1.318    -1.459     0.000     0.000    10.049     0.000    -2.018     1.332     0.576   318.485     0.035   0.25E+00     0.444     0.591   231.943
   400.000   -49.021     0.023    -0.117     0.504     1.288    -1.436     0.000     0.000     9.865     0.000    -1.163     1.497     1.065   319.029     0.078   0.25E+00     0.379     0.533   224.544
   350.000   -57.269     0.021    -0.068     0.555     1.224    -1.379     0.000     0.000     8.775     0.000    -0.576     1.686     2.296   319.822     0.081   0.18E+00     0.276     0.466   216.330
   300.000   -66.383     0.009    -0.086     0.640     0.999    -1.161     0.000     0.000     4.648     0.000    -0.264     0.774     4.661   320.643     0.176   0.12E+00     0.197     0.383   207.155
   250.000   -73.123     0.004    -0.759     0.748     0.694    -0.851     0.000     0.000     2.501     0.000    -0.104     0.410     2.423   322.258     0.279   0.72E-01     0.106     0.282   196.659
   200.000   -69.904     0.001    -4.000     0.453     0.438    -0.550     0.000     0.000     1.140     0.000    -0.029     0.176     1.476   329.156     0.121   0.39E-01     0.028     0.204   183.856
   150.000   -70.165     0.001    -4.000     0.384     0.218    -0.287     0.000     0.000     0.280     0.000    -0.003     0.042     0.884   340.445     0.111   0.14E-01    -0.000     0.126   167.295
   100.000   -68.780     0.001    -4.000     0.206     0.010    -0.013     0.000     0.000     0.000     0.000    -0.000     0.000     0.280   361.505     0.031   0.94E-03    -0.000     0.043   144.034
    80.000   -65.787     0.001    -4.000     0.024     0.000     0.025     0.000     0.000     0.000     0.000     0.000     0.000     0.000   378.188     0.000   0.00E+00     0.000     0.000     0.000
    60.000   -58.613     0.001     0.000     0.008     0.000     0.048     0.000     0.000     0.000     0.000     0.000     0.000     0.000   402.508     0.000   0.00E+00     0.000     0.000     0.000
    40.000   -48.994     0.001     0.000     0.002     0.000     0.080     0.000     0.000     0.000     0.000     0.000     0.000     0.000   436.432     0.000   0.00E+00     0.000     0.000     0.000
    30.000   -41.410     0.001     0.000     0.001     0.000     0.106     0.000     0.000     0.000     0.000     0.000     0.000     0.000   461.829     0.000   0.00E+00     0.000     0.000     0.000
    25.000   -26.358     0.001     0.000     0.000     0.000     0.155     0.000     0.000     0.000     0.000     0.000     0.000     0.000   487.355     0.000   0.00E+00    -0.001     0.000     0.000
