  1000.000     4.631     3.351     0.000     0.632    -1.483    -0.950     2.645     0.000     0.000     0.000     0.000     0.000     0.000   290.303     0.000   0.00E+00    -0.819     0.280   277.755
   950.000     0.546     3.177     0.001     0.799     0.609    -1.358     0.518     0.000    19.427     0.000   -12.395     0.000     0.000   290.301     0.000   0.00E+00    -1.022     0.314   273.723
   900.000    -3.268     2.371    -0.105     0.740     1.385    -1.395     0.000     0.000    19.425     0.000   -15.228     0.000     2.260   287.906     0.000   0.11E-01    -0.346     0.336   269.740
   850.000    -6.797     1.625     0.387     0.660     1.494    -1.506     0.000     0.000    17.996    -2.258   -10.551     2.662     2.484   286.029     0.051   0.33E+00     0.196     0.370   266.783
   800.000   -10.395     1.031     0.611     0.543     1.629    -1.642     0.000     0.000    16.361    -2.484    -7.655     2.896     1.526   284.686     0.017   0.27E+00     0.609     0.402   263.526
   750.000   -14.100     0.539     0.569     0.386     1.597    -1.610     0.000     0.000    15.010    -1.525    -6.114     2.174     0.388   285.621     0.002   0.17E+00     0.839     0.426   259.923
   700.000   -18.024     0.262     0.360     0.270     1.489    -1.504     0.000     0.000    14.784    -0.367    -5.017     1.938     0.541   284.834     0.002   0.13E+00     0.800     0.437   255.923
   650.000   -22.404     0.121     0.172     0.198     1.315    -1.331     0.000     0.000    14.388    -0.518    -4.115     1.752     0.363   285.809     0.002   0.10E+00     0.676     0.436   251.476
   600.000   -27.210     0.063    -0.019     0.160     1.106    -1.124     0.000     0.000    14.236    -0.339    -3.119     1.693     0.414   287.275     0.003   0.82E-01     0.493     0.424   246.533
   550.000   -32.629     0.030    -0.162     0.139     0.783    -0.803     0.000     0.000    14.142    -0.395    -2.228     1.846     0.172   287.559     0.004   0.69E-01     0.331     0.402   241.053
   500.000   -38.682     0.022    -0.223     0.167     0.599    -0.620     0.000     0.000    14.641    -0.157    -1.355     2.195     0.011   287.815     0.007   0.42E-01     0.194     0.368   234.997
   450.000   -45.343     0.018    -0.231     0.298     0.584    -0.608     0.000     0.000    16.319    -0.000    -0.578     3.250     0.072   288.042     0.033   0.73E-01     0.081     0.326   228.323
   400.000   -52.617     0.013    -0.264     0.524     0.432    -0.458     0.000     0.000    17.258    -0.000    -0.191     3.336     1.271   288.197     0.129   0.74E-01     0.022     0.276   220.969
   350.000   -60.703     0.011    -0.273     0.773     0.381    -0.409    -0.000     0.000    10.473     0.000    -0.039     2.848     8.732   288.324     0.164   0.13E-01     0.002     0.213   212.840
   300.000   -69.709     0.006    -0.389     1.002     0.101    -0.132     0.000     0.000     0.492     0.000    -0.001     0.060    10.021   288.677     0.430   0.28E-02    -0.000     0.111   203.785
   250.000   -74.289     0.003    -4.000     1.000    -0.004    -0.023     0.000     0.000     0.000     0.000    -0.000     0.000     0.492   294.363     0.167   0.18E-03    -0.000     0.014   193.380
   200.000   -73.103     0.001    -4.000     0.179     0.000    -0.013     0.000     0.000     0.000     0.000    -0.000     0.000     0.000   307.320     0.000   0.41E-07    -0.000     0.000   180.727
   150.000   -74.135     0.001    -4.000     0.154     0.000    -0.001     0.000     0.000     0.000     0.000     0.000     0.000     0.000   322.903     0.000   0.00E+00     0.000     0.000   164.461
   100.000   -73.183     0.001    -4.000     0.092     0.000    -0.000     0.000     0.000     0.000     0.000     0.000     0.000     0.000   345.419     0.000   0.00E+00     0.000     0.000   141.682
    80.000   -70.590     0.001    -4.000     0.052     0.000     0.003     0.000     0.000     0.000     0.000     0.000     0.000     0.000   361.632     0.000   0.00E+00     0.000     0.000     0.000
    60.000   -64.140     0.001     0.000     0.016     0.000     0.011     0.000     0.000     0.000     0.000     0.000     0.000     0.000   384.678     0.000   0.00E+00     0.000     0.000     0.000
    40.000   -55.484     0.001     0.000     0.004     0.000     0.022     0.000     0.000     0.000     0.000     0.000     0.000     0.000   417.033     0.000   0.00E+00     0.000     0.000     0.000
    30.000   -48.993     0.001     0.000     0.001     0.000     0.030     0.000     0.000     0.000     0.000     0.000     0.000     0.000   441.063     0.000   0.00E+00     0.000     0.000     0.000
    25.000   -37.490     0.001     0.000     0.000     0.000     0.046     0.000     0.000     0.000     0.000     0.000     0.000     0.000   464.735     0.000   0.00E+00    -0.001     0.000     0.000
