  1000.000     9.301     4.865     0.000     0.692    -1.603    -1.284     2.743     0.000     0.000     0.000     0.000     0.000     0.000   303.719     0.000   0.00E+00    -1.084     0.330   282.447
   950.000     5.195     4.690     0.001     0.868     1.885    -1.513    -0.285     0.000    14.096     0.000   -11.197     0.000     0.004   303.692     0.000   0.96E-06    -1.766     0.367   278.347
   900.000     1.716     3.533    -0.336     0.734     1.416    -1.461     0.000     0.000    14.076    -0.004    -8.531     0.004     2.119   299.942     0.001   0.25E-01    -0.408     0.391   274.418
   850.000    -1.886     2.684     0.240     0.679     1.400    -1.454     0.000     0.000    13.093    -2.103    -8.797     2.378     1.651   298.082     0.021   0.12E+00     0.241     0.418   271.667
   800.000    -5.193     1.700     0.541     0.588     1.498    -1.559     0.000     0.000    11.963    -1.651    -7.925     1.979     0.332   296.640     0.012   0.30E+00     0.824     0.447   268.711
   750.000    -8.468     1.006     0.509     0.464     1.523    -1.587     0.000     0.000    11.705    -0.332    -7.302     1.491     0.108   295.867     0.005   0.18E+00     1.188     0.474   265.427
   700.000   -12.053     0.587     0.277     0.354     1.452    -1.520     0.000     0.000    11.784    -0.016    -6.442     1.349     0.114   295.952     0.008   0.13E+00     1.215     0.499   261.755
   650.000   -16.044     0.385     0.013     0.280     1.290    -1.365     0.000     0.000    11.873    -0.023    -5.757     1.250     0.114   296.593     0.012   0.12E+00     1.049     0.516   257.627
   600.000   -20.659     0.259    -0.211     0.242     1.085    -1.169     0.000     0.000    12.026    -0.032    -4.888     1.362     0.113   297.528     0.019   0.11E+00     0.787     0.522   252.973
   550.000   -25.940     0.166    -0.327     0.243     0.887    -0.984     0.000     0.000    12.290    -0.036    -3.819     1.518     0.115   298.485     0.032   0.15E+00     0.527     0.511   247.722
   500.000   -31.999     0.133    -0.323     0.297     0.800    -0.915     0.000     0.000    12.783    -0.028    -2.549     1.719     0.087   299.242     0.044   0.72E-01     0.322     0.481   241.811
   450.000   -38.931     0.126    -0.269     0.446     0.826    -0.962     0.000     0.000    13.371     0.000    -1.292     2.003     0.420   299.861     0.104   0.21E+00     0.155     0.436   235.188
   400.000   -46.424     0.072    -0.287     0.661     0.771    -0.928     0.000     0.000    13.486    -0.002    -0.472     2.351     1.412   300.326     0.198   0.20E+00     0.045     0.376   227.792
   350.000   -54.656     0.036    -0.395     0.835     0.551    -0.730     0.000     0.000    12.760     0.000    -0.118     3.260     3.407   300.653     0.243   0.96E-01     0.007     0.299   219.536
   300.000   -63.831     0.013    -0.579     1.035     0.373    -0.573     0.000     0.000     3.419     0.000    -0.014     0.740     9.883   300.989     0.397   0.17E-01    -0.000     0.201   210.282
   250.000   -72.174     0.005    -1.657     1.006     0.019    -0.220     0.000     0.000     0.015     0.000    -0.000     0.000     3.404   302.234     0.449   0.17E-02    -0.000     0.068   199.724
   200.000   -69.825     0.001    -4.000     0.167    -0.000    -0.076     0.000     0.000     0.000     0.000    -0.000     0.000     0.015   314.765     0.000   0.65E-05    -0.000     0.001   186.894
   150.000   -71.427     0.001    -4.000     0.122     0.000     0.017     0.000     0.000     0.000     0.000     0.000     0.000     0.000   327.871     0.000   0.00E+00     0.000     0.000   170.392
   100.000   -71.325     0.001    -4.000     0.087     0.000     0.018     0.000     0.000     0.000     0.000     0.000     0.000     0.000   350.341     0.000   0.00E+00     0.000     0.000   147.355
    80.000   -69.104     0.001    -4.000     0.058     0.000     0.040     0.000     0.000     0.000     0.000     0.000     0.000     0.000   364.526     0.000   0.00E+00     0.000     0.000     0.000
    60.000   -62.699     0.001     0.000     0.023     0.000     0.105     0.000     0.000     0.000     0.000     0.000     0.000     0.000   386.204     0.000   0.00E+00     0.000     0.000     0.000
    40.000   -54.189     0.001     0.000     0.007     0.000     0.190     0.000     0.000     0.000     0.000     0.000     0.000     0.000   417.793     0.000   0.00E+00     0.000     0.000     0.000
    30.000   -48.112     0.001     0.000     0.003     0.000     0.250     0.000     0.000     0.000     0.000     0.000     0.000     0.000   441.431     0.000   0.00E+00     0.000     0.000     0.000
    25.000   -37.673     0.001     0.000     0.001     0.000     0.355     0.000     0.000     0.000     0.000     0.000     0.000     0.000   464.423     0.000   0.00E+00    -0.001     0.000     0.000
