  1000.000     2.972     2.986    -0.000     0.641    -1.384    -0.969     2.631     0.000     0.000     0.000     0.000     0.000     0.000   291.434     0.000   0.00E+00    -0.717     0.278   276.077
   950.000    -1.125     2.826     0.001     0.815     0.407    -1.452     0.713     0.000    19.268     0.000   -15.225     0.000     0.000   291.435     0.000   0.00E+00    -1.156     0.310   272.069
   900.000    -4.911     2.007    -0.070     0.732     1.438    -1.466     0.000     0.000    19.266     0.000   -13.782     0.000     2.031   288.084     0.003   0.75E-01    -0.345     0.341   268.197
   850.000    -8.469     1.342     0.375     0.644     1.491    -1.519     0.000     0.000    17.987    -2.029    -9.964     2.512     2.347   286.876     0.039   0.26E+00     0.196     0.374   265.153
   800.000   -12.131     0.844     0.579     0.536     1.577    -1.607     0.000     0.000    16.481    -2.347    -7.264     2.788     1.574   285.580     0.016   0.25E+00     0.578     0.404   261.805
   750.000   -15.906     0.440     0.556     0.401     1.557    -1.588     0.000     0.000    15.138    -1.572    -5.777     2.149     0.622   286.360     0.003   0.17E+00     0.791     0.426   258.109
   700.000   -19.893     0.229     0.389     0.290     1.463    -1.495     0.000     0.000    14.664    -0.599    -4.772     1.881     0.516   285.579     0.001   0.13E+00     0.792     0.436   254.018
   650.000   -24.359     0.126     0.208     0.220     1.324    -1.358     0.000     0.000    14.328    -0.486    -3.965     1.747     0.427   286.445     0.000   0.10E+00     0.694     0.435   249.490
   600.000   -29.265     0.064     0.002     0.177     1.136    -1.172     0.000     0.000    14.138    -0.397    -3.030     1.656     0.462   287.615     0.000   0.84E-01     0.525     0.425   244.483
   550.000   -34.648     0.025    -0.171     0.142     0.761    -0.798     0.000     0.000    14.063    -0.436    -2.216     1.886     0.068   288.073     0.000   0.71E-01     0.362     0.406   238.960
   500.000   -40.680     0.019    -0.228     0.175     0.610    -0.650     0.000     0.000    14.936    -0.048    -1.369     2.447     0.015   288.452     0.002   0.45E-01     0.214     0.375   232.887
   450.000   -47.344     0.016    -0.218     0.283     0.565    -0.608     0.000     0.000    16.788     0.000    -0.642     3.451     0.125   288.688     0.022   0.74E-01     0.103     0.334   226.222
   400.000   -54.659     0.014    -0.211     0.478     0.453    -0.499     0.000     0.000    20.955     0.000    -0.230     6.209     0.709   288.945     0.096   0.72E-01     0.041     0.285   218.902
   350.000   -62.743     0.013    -0.193     0.881     0.410    -0.459     0.000     0.000     5.768     0.000    -0.054     1.181    15.896   289.111     0.323   0.29E-01     0.007     0.226   210.831
   300.000   -71.328     0.004    -0.439     0.970     0.119    -0.170     0.000     0.000     1.158     0.000    -0.011     0.244     4.806   289.257     0.426   0.12E-01     0.001     0.111   201.842
   250.000   -74.969     0.003    -4.000     1.013     0.037    -0.082     0.000     0.000     0.058     0.000    -0.000     0.004     1.101   294.027     0.387   0.26E-02    -0.000     0.031   191.488
   200.000   -73.597     0.001    -4.000     0.215    -0.001    -0.027     0.000     0.000     0.000     0.000    -0.000     0.000     0.058   307.609     0.002   0.42E-04    -0.000     0.005   178.871
   150.000   -74.152     0.001    -4.000     0.145     0.000    -0.010     0.000     0.000     0.000     0.000     0.000     0.000     0.000   323.570     0.000   0.11E-09    -0.000     0.000   162.623
   100.000   -72.283     0.001    -4.000     0.074     0.000     0.001     0.000     0.000     0.000     0.000     0.000     0.000     0.000   348.425     0.000   0.00E+00     0.000     0.000   139.790
    80.000   -68.808     0.001    -4.000     0.038     0.000     0.006     0.000     0.000     0.000     0.000     0.000     0.000     0.000   363.551     0.000   0.00E+00     0.000     0.000     0.000
    60.000   -61.056     0.001     0.000     0.010     0.000     0.017     0.000     0.000     0.000     0.000     0.000     0.000     0.000   388.093     0.000   0.00E+00     0.000     0.000     0.000
    40.000   -50.764     0.001     0.000     0.002     0.000     0.031     0.000     0.000     0.000     0.000     0.000     0.000     0.000   423.486     0.000   0.00E+00     0.000     0.000     0.000
    30.000   -42.492     0.001     0.000     0.001     0.000     0.043     0.000     0.000     0.000     0.000     0.000     0.000     0.000   449.446     0.000   0.00E+00     0.000     0.000     0.000
    25.000   -26.079     0.001     0.000     0.000     0.000     0.068     0.000     0.000     0.000     0.000     0.000     0.000     0.000   477.483     0.000   0.00E+00    -0.001     0.000     0.000
