  1000.000     3.013     2.996     0.000     0.650    -1.416    -1.040     2.666     0.000     0.000     0.000     0.000     0.000     0.000   294.600     0.000   0.00E+00    -0.804     0.295   276.119
   950.000    -1.084     2.837     0.001     0.825     0.627    -1.478     0.571     0.000    18.574     0.000   -14.846     0.000     0.000   294.609     0.000   0.00E+00    -1.369     0.327   272.110
   900.000    -4.865     2.015    -0.095     0.736     1.460    -1.496     0.000     0.000    18.574     0.000   -13.274     0.000     1.978   291.136     0.003   0.72E-01    -0.448     0.357   268.238
   850.000    -8.422     1.346     0.345     0.650     1.493    -1.530     0.000     0.000    17.329    -1.978    -9.740     2.426     2.179   289.782     0.037   0.25E+00     0.131     0.391   265.197
   800.000   -12.079     0.845     0.541     0.545     1.566    -1.605     0.000     0.000    15.918    -2.179    -7.200     2.633     1.462   288.381     0.015   0.24E+00     0.552     0.422   261.851
   750.000   -15.851     0.448     0.513     0.415     1.546    -1.585     0.000     0.000    14.674    -1.460    -5.801     2.064     0.605   289.122     0.003   0.16E+00     0.785     0.444   258.158
   700.000   -19.844     0.235     0.352     0.307     1.453    -1.494     0.000     0.000    14.212    -0.570    -4.850     1.807     0.485   288.255     0.000   0.12E+00     0.803     0.455   254.069
   650.000   -24.314     0.130     0.181     0.240     1.321    -1.363     0.000     0.000    13.906    -0.442    -4.065     1.680     0.407   288.951     0.000   0.96E-01     0.711     0.455   249.543
   600.000   -29.224     0.063     0.003     0.199     1.144    -1.188     0.000     0.000    13.728    -0.364    -3.240     1.602     0.438   290.080     0.000   0.79E-01     0.561     0.445   244.538
   550.000   -34.598     0.026    -0.150     0.166     0.805    -0.851     0.000     0.000    13.661    -0.397    -2.429     1.809     0.080   290.494     0.000   0.70E-01     0.406     0.427   239.016
   500.000   -40.634     0.020    -0.211     0.197     0.677    -0.726     0.000     0.000    14.454    -0.047    -1.524     2.316     0.028   290.931     0.001   0.47E-01     0.254     0.397   232.943
   450.000   -47.298     0.017    -0.200     0.299     0.651    -0.703     0.000     0.000    16.085     0.000    -0.759     3.230     0.193   291.189     0.021   0.97E-01     0.137     0.357   226.278
   400.000   -54.613     0.014    -0.194     0.478     0.534    -0.588     0.000     0.000    19.752     0.000    -0.323     5.685     0.756   291.598     0.092   0.89E-01     0.068     0.306   218.958
   350.000   -62.699     0.013    -0.172     0.837     0.478    -0.535    -0.000     0.000     6.047     0.000    -0.097     1.221    14.417   291.810     0.294   0.42E-01     0.027     0.246   210.886
   300.000   -71.285     0.004    -0.385     0.927     0.188    -0.247     0.000     0.000     1.505     0.000    -0.031     0.279     4.751   291.852     0.397   0.22E-01     0.008     0.134   201.895
   250.000   -74.960     0.003    -4.000     0.975     0.089    -0.142     0.000     0.000     0.561     0.000    -0.006     0.112     1.029   296.341     0.363   0.84E-02     0.001     0.054   191.540
   200.000   -73.584     0.001    -4.000     0.270     0.027    -0.064     0.000     0.000     0.022     0.000    -0.000     0.000     0.539   309.212     0.047   0.11E-02    -0.000     0.026   178.922
   150.000   -74.137     0.001    -4.000     0.160    -0.002    -0.017     0.000     0.000     0.000     0.000    -0.000     0.000     0.022   324.849     0.000   0.13E-04    -0.000     0.003   162.673
   100.000   -72.270     0.001    -4.000     0.070     0.000     0.001     0.000     0.000     0.000     0.000     0.000     0.000     0.000   349.666     0.000   0.00E+00     0.000     0.000   139.838
    80.000   -68.795     0.001    -4.000     0.036     0.000     0.006     0.000     0.000     0.000     0.000     0.000     0.000     0.000   364.938     0.000   0.00E+00     0.000     0.000     0.000
    60.000   -61.044     0.001     0.000     0.010     0.000     0.017     0.000     0.000     0.000     0.000     0.000     0.000     0.000   389.595     0.000   0.00E+00     0.000     0.000     0.000
    40.000   -50.754     0.001     0.000     0.002     0.000     0.032     0.000     0.000     0.000     0.000     0.000     0.000     0.000   424.961     0.000   0.00E+00     0.000     0.000     0.000
    30.000   -42.485     0.001     0.000     0.001     0.000     0.043     0.000     0.000     0.000     0.000     0.000     0.000     0.000   450.726     0.000   0.00E+00     0.000     0.000     0.000
    25.000   -26.080     0.001     0.000     0.000     0.000     0.068     0.000     0.000     0.000     0.000     0.000     0.000     0.000   478.411     0.000   0.00E+00    -0.001     0.000     0.000
