     0.250     0.506     0.862     0.718     1.636   -32.617     0.399   259.970   234.300     8.211  1011.485     0.125   266.176
     0.500     2.007     0.927     1.030     2.234   -32.849     0.399   259.991   235.116    10.235  1010.926     0.375   264.672
     0.750     1.873     0.988     1.404     2.787   -33.080     0.399   260.003   235.937    12.247  1010.251     0.625   263.295
     1.000     0.971     1.052     1.751     3.300   -33.310     0.399   259.989   236.771    14.538  1009.338     0.875   256.661
     1.250     0.473     1.121     2.030     3.772   -33.539     0.399   260.004   237.468    16.365  1008.475     1.125   254.698
     1.500     0.661     1.202     2.316     4.202   -33.768     0.399   259.997   238.206    18.059  1007.607     1.375   252.837
     1.750     0.872     1.279     2.606     4.593   -33.995     0.399   259.992   238.954    19.638  1006.723     1.625   250.830
     2.000     1.150     1.350     2.882     4.951   -34.222     0.399   259.998   239.657    21.057  1005.870     1.875   249.266
     2.250     1.128     1.418     3.159     5.280   -34.449     0.399   260.004   240.309    22.461  1004.963     2.125   246.900
     2.500     1.491     1.474     3.409     5.583   -34.675     0.399   260.020   240.939    23.682  1004.136     2.375   245.505
     2.750     1.406     1.533     3.660     5.865   -34.900     0.399   260.027   241.567    24.925  1003.246     2.625   243.415
     3.000     1.483     1.596     3.892     6.123   -35.124     0.399   260.034   242.148    26.091  1002.372     2.875   241.538
     3.250     1.654     1.656     4.102     6.359   -35.347     0.399   260.040   242.716    27.164  1001.538     3.125   240.158
     3.500     1.645     1.696     4.306     6.577   -35.570     0.399   260.054   243.230    28.241  1000.665     3.375   238.405
     3.750     1.751     1.749     4.497     6.778   -35.821     0.401   260.061   243.750    29.224   999.841     3.625   236.998
     4.000     1.705     1.791     4.681     6.964   -36.138     0.408   260.072   244.208    30.171   999.021     3.875   235.587
     4.250     1.807     1.839     4.846     7.135   -36.551     0.423   260.082   244.649    31.059   998.230     4.125   234.361
     4.500     2.019     1.901     5.042     7.289   -37.029     0.430   260.086   245.100    31.871   997.490     4.375   233.240
     4.750     2.079     1.939     5.212     7.431   -37.382     0.428   260.087   245.510    32.630   996.783     4.625   232.284
     5.000     1.989     1.974     5.371     7.563   -37.600     0.423   260.090   245.920    33.385   996.061     4.875   231.137
     5.250     1.963     2.014     5.518     7.687   -37.716     0.416   260.097   246.290    34.116   995.345     5.125   229.851
     5.500     2.161     2.054     5.647     7.797   -37.682     0.404   260.105   246.644    34.743   994.721     5.375   228.882
     5.750     2.429     2.101     5.758     7.895   -37.696     0.397   260.108   247.127    35.307   994.150     5.625   228.054
     6.000     2.489     2.114     5.861     7.986   -37.750     0.393   260.086   247.710    35.925   993.453     5.875   226.921
     6.250     2.303     2.131     5.966     8.075   -37.823     0.389   260.075   248.292    36.584   992.673     6.125   225.501
     6.500     2.396     2.172     6.064     8.153   -37.867     0.381   260.078   248.531    37.190   991.935     6.375   224.129
     6.750     2.514     2.182     6.151     8.224   -37.892     0.411   260.063   249.185    37.710   991.287     6.625   223.005
     7.000     2.530     2.206     6.231     8.291   -37.888     0.443   260.056   249.619    38.172   990.703     6.875   222.115
     7.250     2.543     2.226     6.307     8.355   -37.868     0.463   260.046   250.047    38.611   990.139     7.125   221.275
     7.500     2.525     2.250     6.378     8.411   -37.842     0.469   260.031   250.606    39.064   989.546     7.375   220.305
     7.750     2.569     2.252     6.442     8.463   -37.706     0.422   260.015   251.235    39.461   989.018     7.625   219.457
     8.000     2.481     2.261     6.504     8.515   -37.588     0.382   260.009   251.660    39.835   988.535     7.875   218.642
     8.250     2.526     2.271     6.560     8.563   -37.461     0.335   260.010   251.884    40.215   988.006     8.125   217.783
     8.500     2.555     2.296     6.612     8.608   -37.392     0.315   260.003   252.225    40.591   987.472     8.375   216.900
     8.750     2.544     2.293     6.661     8.649   -37.360     0.299   259.991   252.844    40.903   987.044     8.625   216.259
     9.000     2.490     2.311     6.709     8.689   -37.301     0.275   259.987   253.269    41.261   986.526     8.875   215.385
     9.250     2.501     2.308     6.752     8.727   -37.217     0.250   259.983   253.741    41.509   986.188     9.125   214.966
     9.500     2.509     2.315     6.791     8.764   -37.119     0.223   259.980   254.226    41.746   985.872     9.375   214.639
     9.750     2.540     2.325     6.825     8.800   -37.011     0.195   259.973   254.794    41.973   985.605     9.625   214.333
    10.000     2.576     2.333     6.855     8.833   -36.937     0.174   259.966   255.065    42.213   985.296     9.875   214.003
    10.250     2.591     2.338     6.882     8.863   -36.886     0.161   259.951   255.620    42.450   985.020    10.125   213.663
    10.500     2.591     2.341     6.907     8.892   -36.844     0.152   259.934   256.175    42.686   984.731    10.375   213.296
    10.750     2.536     2.335     6.932     8.920   -36.819     0.146   259.919   256.631    42.932   984.386    10.625   212.880
    11.000     2.434     2.349     6.960     8.946   -36.815     0.143   259.912   256.886    43.198   983.962    10.875   212.410
    11.250     2.398     2.364     6.987     8.969   -36.813     0.141   259.907   257.102    43.450   983.550    11.125   211.925
    11.500     2.505     2.385     7.008     8.985   -36.789     0.140   259.899   257.356    43.669   983.246    11.375   211.405
    11.750     2.461     2.384     7.028     9.000   -36.780     0.139   259.892   257.633    43.895   982.870    11.625   210.790
    12.000     2.461     2.397     7.048     9.013   -36.764     0.137   259.887   257.798    44.117   982.528    11.875   210.174
    12.250     2.500     2.412     7.063     9.023   -36.760     0.134   259.884   258.077    44.321   982.264    12.125   209.534
    12.500     2.499     2.392     7.076     9.033   -36.740     0.126   259.882   258.360    44.417   982.145    12.375   209.365
    12.750     2.404     2.406     7.089     9.046   -36.716     0.116   259.887   258.628    44.538   981.958    12.625   209.206
    13.000     2.530     2.408     7.095     9.055   -36.657     0.103   259.886   259.184    44.635   981.900    12.875   209.071
    13.250     2.599     2.409     7.097     9.063   -36.581     0.088   259.879   259.811    44.728   981.861    13.125   208.950
    13.500     2.619     2.410     7.098     9.070   -36.496     0.073   259.866   260.568    44.821   981.831    13.375   208.866
    13.750     2.587     2.406     7.099     9.077   -36.419     0.060   259.854   261.357    44.927   981.772    13.625   208.771
    14.000     2.593     2.413     7.097     9.083   -36.340     0.049   259.842   262.030    45.037   981.707    13.875   208.662
    14.250     2.511     2.425     7.097     9.089   -36.274     0.043   259.833   262.294    45.165   981.559    14.125   208.538
    14.500     2.370     2.371     7.098     9.096   -36.223     0.043   259.829   261.753    45.309   981.344    14.375   208.391
    14.750     2.350     2.379     7.098     9.102   -36.214     0.050   259.830   261.189    45.455   981.051    14.625   208.244
    15.000     2.366     2.378     7.098     9.104   -36.273     0.060   259.829   260.576    45.581   980.743    14.875   208.098
    15.250     2.399     2.425     7.101     9.103   -36.355     0.068   259.827   260.664    45.651   980.513    15.125   208.047
    15.500     2.341     2.430     7.112     9.100   -36.447     0.065   259.832   260.997    45.684   980.323    15.375   208.006
    15.750     2.404     2.443     7.122     9.095   -36.499     0.056   259.837   261.593    45.673   980.254    15.625   207.970
    16.000     2.483     2.453     7.128     9.091   -36.498     0.047   259.842   262.025    45.649   980.263    15.875   207.938
    16.250     2.628     2.437     7.127     9.087   -36.449     0.039   259.834   262.770    45.627   980.344    16.125   207.915
    16.500     2.648     2.433     7.122     9.087   -36.394     0.034   259.821   263.381    45.648   980.408    16.375   207.901
    16.750     2.660     2.432     7.114     9.086   -36.336     0.031   259.804   263.885    45.697   980.474    16.625   207.892
    17.000     2.559     2.419     7.105     9.087   -36.298     0.029   259.790   264.078    45.784   980.443    16.875   207.859
    17.250     2.436     2.429     7.099     9.086   -36.270     0.028   259.787   263.811    45.908   980.311    17.125   207.763
    17.500     2.290     2.437     7.096     9.087   -36.260     0.031   259.789   262.720    46.044   980.071    17.375   207.610
    17.750     2.312     2.436     7.089     9.084   -36.277     0.042   259.796   261.770    46.165   979.806    17.625   207.459
    18.000     2.323     2.434     7.085     9.080   -36.357     0.054   259.801   261.284    46.234   979.567    17.875   207.394
    18.250     2.341     2.445     7.086     9.074   -36.442     0.055   259.807   261.526    46.259   979.415    18.125   207.353
    18.500     2.436     2.449     7.088     9.065   -36.505     0.051   259.810   262.105    46.239   979.392    18.375   207.315
    18.750     2.500     2.455     7.089     9.058   -36.518     0.043   259.813   262.509    46.213   979.412    18.625   207.274
    19.000     2.561     2.441     7.086     9.054   -36.498     0.037   259.808   263.037    46.201   979.432    18.875   207.232
    19.250     2.567     2.439     7.081     9.052   -36.464     0.033   259.800   263.505    46.225   979.443    19.125   207.206
    19.500     2.661     2.436     7.071     9.048   -36.415     0.030   259.784   264.018    46.253   979.534    19.375   207.197
    19.750     2.521     2.426     7.063     9.047   -36.393     0.029   259.774   264.113    46.321   979.494    19.625   207.179
    20.000     2.426     2.428     7.058     9.045   -36.381     0.028   259.771   263.927    46.413   979.390    19.875   207.115
    20.250     2.397     2.437     7.052     9.041   -36.363     0.029   259.772   263.537    46.505   979.259    20.125   206.998
    20.500     2.407     2.444     7.044     9.035   -36.349     0.031   259.773   263.084    46.586   979.116    20.375   206.855
    20.750     2.401     2.442     7.036     9.029   -36.368     0.035   259.775   262.918    46.649   978.968    20.625   206.725
    21.000     2.355     2.449     7.032     9.026   -36.414     0.038   259.778   262.596    46.696   978.784    20.875   206.664
    21.250     2.404     2.438     7.030     9.019   -36.465     0.038   259.779   262.613    46.719   978.686    21.125   206.614
    21.500     2.422     2.456     7.029     9.013   -36.509     0.037   259.783   262.913    46.728   978.627    21.375   206.559
    21.750     2.525     2.440     7.025     9.005   -36.527     0.034   259.779   263.265    46.720   978.634    21.625   206.505
    22.000     2.522     2.445     7.019     9.001   -36.530     0.032   259.774   263.616    46.739   978.617    21.875   206.455
    22.250     2.558     2.425     7.012     8.996   -36.523     0.030   259.765   263.805    46.762   978.623    22.125   206.413
    22.500     2.505     2.434     7.005     8.992   -36.507     0.028   259.759   263.945    46.806   978.596    22.375   206.378
    22.750     2.527     2.445     6.997     8.986   -36.490     0.028   259.752   264.055    46.842   978.609    22.625   206.350
    23.000     2.423     2.424     6.991     8.983   -36.483     0.027   259.750   263.895    46.905   978.513    22.875   206.263
    23.250     2.408     2.430     6.984     8.978   -36.476     0.028   259.750   263.581    46.971   978.402    23.125   206.161
    23.500     2.420     2.432     6.976     8.972   -36.476     0.030   259.751   263.350    47.031   978.291    23.375   206.043
    23.750     2.401     2.436     6.969     8.967   -36.494     0.032   259.751   263.173    47.087   978.153    23.625   205.936
    24.000     2.428     2.446     6.964     8.961   -36.529     0.034   259.752   263.028    47.121   978.069    23.875   205.862
    24.250     2.394     2.440     6.961     8.955   -36.563     0.034   259.755   263.152    47.154   977.964    24.125   205.775
    24.500     2.508     2.433     6.954     8.948   -36.591     0.033   259.751   263.421    47.164   977.949    24.375   205.695
    24.750     2.446     2.453     6.950     8.944   -36.607     0.031   259.750   263.548    47.199   977.865    24.625   205.604
    25.000     2.521     2.427     6.942     8.937   -36.606     0.029   259.743   263.777    47.221   977.854    24.875   205.528
    25.250     2.497     2.427     6.935     8.931   -36.595     0.028   259.738   263.968    47.254   977.829    25.125   205.457
    25.500     2.460     2.436     6.928     8.926   -36.593     0.027   259.735   263.912    47.299   977.768    25.375   205.382
    25.750     2.467     2.431     6.921     8.920   -36.589     0.027   259.732   263.936    47.336   977.733    25.625   205.312
    26.000     2.455     2.421     6.913     8.913   -36.580     0.027   259.729   263.890    47.384   977.676    25.875   205.190
    26.250     2.427     2.423     6.905     8.908   -36.576     0.028   259.729   263.620    47.442   977.559    26.125   205.053
    26.500     2.447     2.423     6.896     8.902   -36.583     0.030   259.726   263.437    47.498   977.449    26.375   204.918
    26.750     2.366     2.420     6.891     8.899   -36.613     0.032   259.728   263.230    47.561   977.280    26.625   204.785
    27.000     2.393     2.409     6.888     8.893   -36.651     0.033   259.728   263.094    47.609   977.139    26.875   204.645
    27.250     2.474     2.437     6.882     8.885   -36.679     0.033   259.730   263.368    47.632   977.105    27.125   204.524
    27.500     2.442     2.406     6.878     8.880   -36.710     0.032   259.727   263.520    47.670   976.988    27.375   204.357
    27.750     2.494     2.423     6.871     8.875   -36.720     0.030   259.723   263.759    47.706   976.930    27.625   204.213
    28.000     2.494     2.427     6.864     8.869   -36.716     0.028   259.719   263.884    47.748   976.869    27.875   204.070
    28.250     2.465     2.423     6.858     8.864   -36.715     0.027   259.715   263.936    47.802   976.785    28.125   203.929
    28.500     2.473     2.425     6.851     8.859   -36.709     0.027   259.711   263.998    47.852   976.724    28.375   203.799
    28.750     2.461     2.426     6.843     8.852   -36.706     0.026   259.707   264.010    47.898   976.666    28.625   203.669
    29.000     2.447     2.427     6.835     8.845   -36.709     0.026   259.705   263.950    47.948   976.591    28.875   203.526
    29.250     2.445     2.428     6.827     8.838   -36.712     0.026   259.703   263.911    47.994   976.526    29.125   203.395
    29.500     2.424     2.427     6.818     8.831   -36.715     0.027   259.702   263.667    48.041   976.438    29.375   203.248
    29.750     2.396     2.421     6.811     8.825   -36.723     0.028   259.703   263.415    48.081   976.344    29.625   203.130
    30.000     2.457     2.425     6.802     8.818   -36.737     0.030   259.701   263.279    48.093   976.314    29.875   203.093
    30.250     2.412     2.432     6.796     8.812   -36.763     0.032   259.702   263.304    48.110   976.260    30.125   203.055
    30.500     2.385     2.409     6.791     8.808   -36.799     0.032   259.702   263.367    48.126   976.165    30.375   203.016
    30.750     2.506     2.410     6.783     8.800   -36.814     0.030   259.698   263.674    48.125   976.188    30.625   202.981
    31.000     2.444     2.401     6.777     8.795   -36.827     0.029   259.696   263.661    48.138   976.135    30.875   202.944
    31.250     2.495     2.415     6.769     8.788   -36.822     0.027   259.691   263.935    48.145   976.145    31.125   202.912
    31.500     2.458     2.416     6.762     8.784   -36.824     0.027   259.687   263.902    48.166   976.102    31.375   202.878
    31.750     2.461     2.442     6.756     8.777   -36.823     0.026   259.683   263.940    48.189   976.086    31.625   202.850
    32.000     2.458     2.415     6.749     8.769   -36.821     0.026   259.679   263.849    48.200   976.078    31.875   202.820
    32.250     2.435     2.411     6.741     8.762   -36.818     0.027   259.677   263.686    48.212   976.047    32.125   202.789
    32.500     2.413     2.415     6.734     8.755   -36.832     0.029   259.676   263.458    48.231   975.993    32.375   202.760
    32.750     2.434     2.424     6.727     8.747   -36.864     0.031   259.674   263.351    48.241   975.952    32.625   202.730
    33.000     2.400     2.437     6.722     8.740   -36.897     0.030   259.676   263.444    48.246   975.906    32.875   202.702
    33.250     2.437     2.421     6.717     8.731   -36.924     0.029   259.674   263.600    48.236   975.917    33.125   202.675
    33.500     2.497     2.419     6.709     8.722   -36.931     0.028   259.670   263.777    48.217   975.979    33.375   202.648
    33.750     2.458     2.423     6.700     8.715   -36.934     0.027   259.669   263.956    48.217   975.998    33.625   202.624
    34.000     2.451     2.399     6.690     8.710   -36.926     0.027   259.666   263.932    48.231   976.004    33.875   202.596
    34.250     2.416     2.403     6.680     8.708   -36.919     0.026   259.665   263.939    48.269   975.937    34.125   202.567
    34.500     2.382     2.402     6.671     8.706   -36.912     0.026   259.665   263.709    48.318   975.839    34.375   202.539
    34.750     2.404     2.406     6.662     8.702   -36.907     0.028   259.664   263.434    48.354   975.756    34.625   202.510
    35.000     2.423     2.378     6.652     8.696   -36.924     0.030   259.662   263.211    48.379   975.688    34.875   202.481
    35.250     2.414     2.416     6.647     8.691   -36.973     0.031   259.661   263.228    48.394   975.624    35.125   202.459
    35.500     2.418     2.412     6.644     8.683   -37.028     0.031   259.659   263.402    48.389   975.622    35.375   202.439
    35.750     2.460     2.417     6.639     8.674   -37.063     0.030   259.658   263.683    48.366   975.682    35.625   202.418
    36.000     2.461     2.411     6.633     8.666   -37.066     0.028   259.656   263.929    48.350   975.749    35.875   202.398
    36.250     2.467     2.400     6.622     8.662   -37.039     0.027   259.653   263.995    48.356   975.774    36.125   202.370
    36.500     2.422     2.394     6.612     8.661   -37.009     0.026   259.649   263.977    48.397   975.707    36.375   202.343
    36.750     2.413     2.399     6.601     8.658   -36.976     0.026   259.647   263.765    48.449   975.629    36.625   202.319
    37.000     2.411     2.406     6.591     8.653   -36.988     0.029   259.643   263.251    48.493   975.522    36.875   202.294
    37.250     2.318     2.379     6.585     8.649   -37.009     0.031   259.645   262.886    48.532   975.351    37.125   202.267
    37.500     2.401     2.415     6.582     8.640   -37.063     0.033   259.646   263.000    48.532   975.300    37.375   202.249
    37.750     2.414     2.411     6.581     8.630   -37.128     0.032   259.647   263.335    48.498   975.339    37.625   202.231
    38.000     2.483     2.412     6.577     8.620   -37.171     0.030   259.645   263.770    48.444   975.438    37.875   202.216
    38.250     2.544     2.408     6.569     8.612   -37.177     0.028   259.637   264.327    48.405   975.569    38.125   202.205
    38.500     2.519     2.393     6.557     8.607   -37.153     0.025   259.629   264.649    48.406   975.661    38.375   202.192
    38.750     2.423     2.389     6.546     8.607   -37.112     0.024   259.625   264.361    48.454   975.625    38.625   202.170
    39.000     2.400     2.391     6.534     8.604   -37.062     0.024   259.622   264.143    48.519   975.549    38.875   202.151
    39.250     2.339     2.401     6.523     8.600   -37.063     0.026   259.622   263.404    48.586   975.425    39.125   202.132
    39.500     2.293     2.404     6.516     8.596   -37.079     0.031   259.626   262.495    48.628   975.236    39.375   202.107
    39.750     2.313     2.405     6.510     8.589   -37.114     0.039   259.631   262.085    48.650   975.072    39.625   202.084
    40.000     2.365     2.404     6.509     8.579   -37.214     0.041   259.633   262.480    48.629   975.024    39.875   202.067
    40.250     2.394     2.408     6.511     8.569   -37.309     0.039   259.636   263.062    48.567   975.072    40.125   202.057
    40.500     2.504     2.411     6.509     8.560   -37.339     0.034   259.635   263.580    48.486   975.213    40.375   202.058
    40.750     2.564     2.400     6.502     8.554   -37.335     0.030   259.626   264.346    48.428   975.362    40.625   202.065
    41.000     2.588     2.396     6.490     8.549   -37.302     0.026   259.612   264.824    48.419   975.501    40.875   202.075
    41.250     2.549     2.374     6.476     8.545   -37.254     0.023   259.597   265.253    48.450   975.609    41.125   202.077
    41.500     2.523     2.395     6.459     8.540   -37.198     0.021   259.586   264.915    48.504   975.651    41.375   202.066
    41.750     2.251     2.395     6.449     8.538   -37.163     0.022   259.587   263.971    48.598   975.487    41.625   202.050
    42.000     2.166     2.365     6.440     8.536   -37.154     0.027   259.600   262.487    48.675   975.319    41.875   202.031
    42.250     2.256     2.397     6.430     8.529   -37.189     0.039   259.608   261.372    48.709   975.103    42.125   202.003
    42.500     2.313     2.406     6.423     8.521   -37.270     0.052   259.614   260.785    48.719   974.930    42.375   201.974
    42.750     2.356     2.392     6.423     8.511   -37.403     0.055   259.614   261.477    48.685   974.852    42.625   201.953
    43.000     2.297     2.405     6.433     8.504   -37.518     0.051   259.624   261.818    48.620   974.787    42.875   201.947
    43.250     2.413     2.402     6.440     8.495   -37.577     0.044   259.627   262.543    48.515   974.887    43.125   201.967
    43.500     2.470     2.414     6.444     8.488   -37.576     0.037   259.629   263.039    48.425   975.048    43.375   201.990
    43.750     2.579     2.406     6.439     8.480   -37.535     0.031   259.620   263.792    48.357   975.276    43.625   202.018
    44.000     2.597     2.405     6.428     8.474   -37.473     0.027   259.606   264.401    48.332   975.505    43.875   202.048
    44.250     2.559     2.400     6.412     8.468   -37.398     0.024   259.593   264.688    48.355   975.701    44.125   202.062
    44.500     2.703     2.422     6.385     8.456   -37.310     0.021   259.572   265.045    48.381   975.961    44.375   202.069
    44.750     2.451     2.361     6.359     8.452   -37.257     0.022   259.553   263.811    48.466   975.914    44.625   202.057
    45.000     2.021     2.374     6.349     8.457   -37.274     0.030   259.570   262.090    48.619   975.565    44.875   202.038
    45.250     2.119     2.388     6.340     8.456   -37.325     0.042   259.586   260.790    48.699   975.282    45.125   202.012
    45.500     2.183     2.376     6.338     8.451   -37.386     0.053   259.602   260.194    48.718   975.026    45.375   201.978
    45.750     2.392     2.396     6.336     8.439   -37.482     0.057   259.605   260.804    48.671   974.980    45.625   201.951
    46.000     2.358     2.392     6.344     8.430   -37.593     0.054   259.609   261.398    48.597   974.956    45.875   201.927
    46.250     2.417     2.394     6.352     8.423   -37.656     0.048   259.612   262.100    48.506   975.029    46.125   201.915
    46.500     2.534     2.400     6.355     8.416   -37.661     0.040   259.608   262.660    48.414   975.193    46.375   201.927
    46.750     2.598     2.392     6.351     8.411   -37.622     0.034   259.595   263.469    48.355   975.383    46.625   201.945
    47.000     2.542     2.384     6.344     8.408   -37.570     0.029   259.583   264.067    48.354   975.526    46.875   201.954
    47.250     2.551     2.386     6.330     8.404   -37.506     0.026   259.570   264.525    48.381   975.679    47.125   201.961
    47.500     2.611     2.412     6.310     8.397   -37.425     0.023   259.554   264.673    48.423   975.853    47.375   201.960
    47.750     2.432     2.339     6.289     8.394   -37.372     0.023   259.536   263.671    48.502   975.788    47.625   201.948
    48.000     2.071     2.351     6.280     8.398   -37.375     0.030   259.551   262.137    48.636   975.504    47.875   201.930
    48.250     2.134     2.342     6.272     8.396   -37.419     0.041   259.565   260.813    48.709   975.228    48.125   201.903
    48.500     2.207     2.371     6.270     8.392   -37.468     0.051   259.580   260.348    48.732   974.982    48.375   201.870
    48.750     2.392     2.392     6.269     8.381   -37.555     0.053   259.582   260.905    48.691   974.928    48.625   201.845
    49.000     2.362     2.388     6.277     8.372   -37.667     0.049   259.584   261.583    48.620   974.906    48.875   201.822
    49.250     2.395     2.391     6.286     8.365   -37.731     0.043   259.588   262.245    48.531   974.972    49.125   201.811
    49.500     2.509     2.397     6.290     8.357   -37.734     0.037   259.586   262.775    48.438   975.136    49.375   201.824
    49.750     2.585     2.387     6.285     8.351   -37.701     0.032   259.573   263.558    48.376   975.335    49.625   201.844
    50.000     2.544     2.381     6.277     8.348   -37.653     0.027   259.561   264.146    48.371   975.490    49.875   201.856
