  1000.000    14.434     7.278     0.000     0.698    -1.698    -1.168     2.669     0.000     0.000     0.000     0.000     0.000     0.000   309.358     0.000   0.00E+00    -1.238     0.348   287.600
   950.000    10.295     7.066     0.001     0.873     1.901    -1.239    -0.460     0.000    12.687     0.000   -12.107     0.000     0.000   309.162     0.000   0.00E+00    -2.249     0.387   283.429
   900.000     7.360     5.193    -0.403     0.740     1.224    -1.222     0.000     0.000    12.685     0.000    -7.898     0.000     1.786   304.186     0.000   0.23E-01    -0.738     0.414   279.911
   850.000     4.037     3.934     0.219     0.678     1.204    -1.202     0.000     0.000    11.884    -1.784    -7.723     1.966     1.421   302.076     0.000   0.11E-02     0.125     0.445   277.330
   800.000     0.751     2.782     0.616     0.585     1.310    -1.309     0.000     0.000    10.920    -1.421    -7.024     1.664     0.198   300.826     0.005   0.30E+00     0.714     0.473   274.526
   750.000    -2.558     1.868     0.876     0.494     1.451    -1.450     0.000     0.000    10.756    -0.198    -8.498     1.387     0.106   298.636     0.001   0.15E+00     1.367     0.492   271.562
   700.000    -5.753     1.143     0.688     0.368     1.549    -1.548     0.000     0.000    10.795    -0.000    -6.553     1.286     0.106   298.687     0.001   0.11E+00     1.572     0.520   268.332
   650.000    -9.246     0.676     0.363     0.268     1.498    -1.497     0.000     0.000    10.832    -0.000    -5.782     1.099     0.093   300.249     0.002   0.85E-01     1.482     0.539   264.685
   600.000   -13.279     0.414     0.009     0.201     1.339    -1.339     0.000     0.000    10.897     0.000    -4.954     1.041     0.087   300.982     0.002   0.73E-01     1.209     0.550   260.532
   550.000   -18.114     0.285    -0.258     0.170     1.133    -1.134     0.000     0.000    11.029     0.000    -4.012     1.137     0.089   301.738     0.004   0.70E-01     0.873     0.549   255.768
   500.000   -23.912     0.216    -0.368     0.180     0.951    -0.954     0.000     0.000    11.288     0.000    -2.929     1.263     0.084   302.631     0.006   0.62E-01     0.560     0.529   250.283
   450.000   -30.598     0.154    -0.338     0.247     0.876    -0.881     0.000     0.000    11.738    -0.000    -1.764     1.442     0.110   303.740     0.012   0.15E+00     0.327     0.491   243.964
   400.000   -38.041     0.114    -0.269     0.413     0.836    -0.844     0.000     0.000    12.099    -0.000    -0.804     1.607     0.470   304.806     0.076   0.19E+00     0.120     0.440   236.709
   350.000   -46.327     0.069    -0.258     0.691     0.656    -0.667     0.000     0.000    11.369     0.000    -0.259     1.980     2.107   304.841     0.204   0.15E+00     0.034     0.378   228.420
   300.000   -55.740     0.036    -0.259     0.821     0.547    -0.561     0.000     0.000     8.101     0.000    -0.049     1.856     4.670   305.378     0.255   0.17E-01     0.004     0.280   218.977
   250.000   -66.256     0.011    -0.461     0.998     0.131    -0.147     0.000     0.000     0.184     0.000    -0.001     0.000     7.916   305.626     0.472   0.33E-02    -0.000     0.169   208.167
   200.000   -62.286     0.001    -4.000     0.052    -0.004     0.005     0.000     0.000     0.000     0.000    -0.000     0.000     0.184   322.414     0.000   0.97E-04    -0.000     0.013   194.905
   150.000   -63.811     0.001    -4.000     0.043     0.000     0.012     0.000     0.000     0.000     0.000     0.000     0.000     0.000   337.284     0.000   0.00E+00     0.000     0.000   177.794
   100.000   -65.873     0.001    -4.000     0.037     0.000     0.009     0.000     0.000     0.000     0.000     0.000     0.000     0.000   359.241     0.000   0.00E+00     0.000     0.000   154.034
    80.000   -66.603     0.001    -4.000     0.032     0.000     0.008     0.000     0.000     0.000     0.000     0.000     0.000     0.000   371.415     0.000   0.00E+00     0.000     0.000     0.000
    60.000   -65.470     0.001     0.000     0.020     0.000     0.010     0.000     0.000     0.000     0.000     0.000     0.000     0.000   389.384     0.000   0.00E+00     0.000     0.000     0.000
    40.000   -64.933     0.001     0.000     0.012     0.000     0.011     0.000     0.000     0.000     0.000     0.000     0.000     0.000   413.738     0.000   0.00E+00     0.000     0.000     0.000
    30.000   -67.682     0.001     0.000     0.013     0.000     0.007     0.000     0.000     0.000     0.000     0.000     0.000     0.000   427.658     0.000   0.00E+00     0.000     0.000     0.000
    25.000   -77.306     0.001     0.000     0.047     0.000    -0.007     0.000     0.000     0.000     0.000     0.000     0.000     0.000   428.718     0.000   0.00E+00    -0.001     0.000     0.000
