     0.250     0.056     2.655    20.613    21.366   -12.699     2.334   263.970   272.273    27.536  1001.967     0.125   261.651
     0.500     0.143     2.658    20.700    21.727   -13.015     2.334   264.023   271.777    31.255   998.950     0.375   256.740
     0.750     1.602     2.776    20.869    22.049   -13.338     2.334   264.044   271.652    34.895   995.509     0.625   248.311
     1.000     2.910     2.885    21.012    22.325   -13.653     2.363   264.029   272.101    37.866   992.380     0.875   243.535
     1.250     3.895     2.987    21.129    22.558   -13.849     2.539   264.013   272.963    40.401   989.492     1.125   240.573
     1.500     4.336     3.068    21.242    22.754   -13.787     2.616   263.981   274.034    43.118   986.184     1.375   235.266
     1.750     4.553     3.119    21.342    22.920   -13.445     2.423   263.952   275.225    45.174   983.714     1.625   232.418
     2.000     4.075     3.215    21.465    23.061   -13.303     2.306   263.930   276.059    47.119   980.898     1.875   229.589
     2.250     3.704     3.243    21.581    23.184   -13.217     2.219   263.927   276.515    48.887   978.064     2.125   227.068
     2.500     4.300     3.290    21.670    23.288   -13.080     2.121   263.905   277.471    50.377   975.766     2.375   225.221
     2.750     4.141     3.332    21.757    23.377   -13.010     2.035   263.905   277.873    51.849   973.262     2.625   222.995
     3.000     4.053     3.385    21.834    23.456   -12.948     1.963   263.892   278.462    53.176   970.821     2.875   221.106
     3.250     4.026     3.396    21.898    23.524   -12.892     1.902   263.887   278.865    54.406   968.460     3.125   219.380
     3.500     4.390     3.471    21.952    23.582   -12.790     1.823   263.879   279.577    55.437   966.479     3.375   218.079
     3.750     4.257     3.445    21.998    23.632   -12.685     1.745   263.867   280.144    56.293   964.796     3.625   217.118
     4.000     4.333     3.510    22.042    23.677   -12.638     1.697   263.855   280.702    57.086   963.077     3.875   216.166
     4.250     4.202     3.479    22.078    23.716   -12.590     1.678   263.852   281.132    57.810   961.505     4.125   215.285
     4.500     4.226     3.496    22.109    23.750   -12.547     1.657   263.845   281.553    58.482   960.007     4.375   214.447
     4.750     4.302     3.512    22.133    23.778   -12.494     1.640   263.838   282.016    59.096   958.635     4.625   213.621
     5.000     4.958     3.581    22.137    23.798   -12.329     1.519   263.821   282.761    59.586   957.913     4.875   212.981
     5.250     4.586     3.584    22.160    23.815   -12.224     1.421   263.810   283.583    59.961   957.026     5.125   212.491
     5.500     4.067     3.591    22.190    23.833   -12.214     1.358   263.797   284.105    60.354   955.840     5.375   211.982
     5.750     4.324     3.598    22.203    23.849   -12.179     1.305   263.796   283.371    60.721   954.938     5.625   211.538
     6.000     4.259     3.607    22.214    23.861   -12.186     1.271   263.781   285.011    61.062   954.088     5.875   211.141
     6.250     4.199     3.615    22.219    23.871   -12.189     1.280   263.777   284.348    61.397   953.291     6.125   210.762
     6.500     4.157     3.624    22.227    23.878   -12.234     1.362   263.765   285.748    61.703   952.392     6.375   210.381
     6.750     4.207     3.631    22.231    23.882   -12.249     1.346   263.761   284.969    61.968   951.666     6.625   210.048
     7.000     4.090     3.639    22.237    23.884   -12.292     1.348   263.753   285.311    62.215   950.868     6.875   209.722
     7.250     4.237     3.645    22.233    23.884   -12.289     1.338   263.745   285.633    62.442   950.277     7.125   209.443
     7.500     4.229     3.594    22.222    23.882   -12.274     1.279   263.734   287.403    62.634   949.930     7.375   209.245
     7.750     4.425     3.643    22.215    23.877   -12.278     1.229   263.725   286.774    62.790   949.576     7.625   209.050
     8.000     4.208     3.646    22.212    23.873   -12.291     1.180   263.716   287.476    62.946   949.115     7.875   208.826
     8.250     4.243     3.614    22.197    23.866   -12.299     1.248   263.702   289.133    63.111   948.760     8.125   208.639
     8.500     4.192     3.617    22.187    23.858   -12.379     1.318   263.694   289.200    63.264   948.329     8.375   208.433
     8.750     4.123     3.623    22.179    23.848   -12.477     1.370   263.685   289.433    63.420   947.869     8.625   208.219
     9.000     4.047     3.628    22.168    23.835   -12.567     1.386   263.676   289.581    63.566   947.432     8.875   208.013
     9.250     4.041     3.602    22.154    23.821   -12.645     1.401   263.668   289.704    63.688   947.078     9.125   207.835
     9.500     4.107     3.643    22.138    23.804   -12.672     1.286   263.659   289.823    63.794   946.754     9.375   207.654
     9.750     4.115     3.643    22.119    23.787   -12.655     1.158   263.650   289.702    63.878   946.507     9.625   207.470
    10.000     4.153     3.656    22.099    23.769   -12.617     1.059   263.642   289.705    63.956   946.290     9.875   207.280
    10.250     4.027     3.631    22.078    23.750   -12.597     1.046   263.633   289.823    64.053   946.045    10.125   207.103
    10.500     4.080     3.661    22.057    23.730   -12.638     1.126   263.624   289.667    64.139   945.804    10.375   206.924
    10.750     4.002     3.633    22.036    23.708   -12.702     1.165   263.616   289.768    64.214   945.594    10.625   206.746
    11.000     4.062     3.668    22.016    23.686   -12.771     1.173   263.607   289.811    64.281   945.376    10.875   206.563
    11.250     4.023     3.661    21.997    23.663   -12.810     1.134   263.601   288.917    64.333   945.091    11.125   206.356
    11.500     4.075     3.625    21.969    23.640   -12.803     1.051   263.592   289.917    64.353   945.124    11.375   206.273
    11.750     4.097     3.649    21.945    23.618   -12.794     1.034   263.584   289.861    64.383   945.024    11.625   206.192
    12.000     4.010     3.591    21.919    23.595   -12.851     1.136   263.576   289.915    64.412   944.944    11.875   206.115
    12.250     3.975     3.590    21.898    23.571   -12.950     1.201   263.569   290.171    64.437   944.819    12.125   206.040
    12.500     4.052     3.649    21.877    23.547   -13.016     1.143   263.559   289.990    64.458   944.700    12.375   205.968
    12.750     3.977     3.619    21.851    23.522   -13.057     1.104   263.554   290.072    64.469   944.638    12.625   205.901
    13.000     4.041     3.641    21.829    23.498   -13.058     1.014   263.546   289.342    64.467   944.447    12.875   205.822
    13.250     4.030     3.645    21.806    23.475   -13.065     0.991   263.538   289.009    64.474   944.367    13.125   205.754
    13.500     3.983     3.608    21.775    23.450   -13.086     1.046   263.530   289.099    64.510   944.418    13.375   205.696
    13.750     3.897     3.642    21.753    23.425   -13.189     1.155   263.523   290.123    64.526   944.264    13.625   205.636
    14.000     3.953     3.643    21.733    23.399   -13.286     1.196   263.516   289.159    64.518   944.096    13.875   205.573
    14.250     4.022     3.621    21.701    23.374   -13.289     1.053   263.510   290.049    64.520   944.199    14.125   205.524
    14.500     4.008     3.594    21.673    23.349   -13.278     0.962   263.500   290.163    64.505   944.252    14.375   205.474
    14.750     4.031     3.591    21.646    23.325   -13.285     0.970   263.493   290.132    64.514   944.197    14.625   205.426
    15.000     3.928     3.591    21.621    23.300   -13.367     1.064   263.485   290.233    64.526   944.128    14.875   205.381
    15.250     3.913     3.609    21.598    23.275   -13.468     1.101   263.478   290.164    64.538   944.051    15.125   205.337
    15.500     3.967     3.589    21.571    23.249   -13.503     1.017   263.471   290.177    64.524   944.042    15.375   205.293
    15.750     4.007     3.583    21.545    23.223   -13.503     0.936   263.463   290.246    64.501   944.072    15.625   205.251
    16.000     4.014     3.576    21.517    23.199   -13.492     0.879   263.456   290.221    64.484   944.122    15.875   205.212
    16.250     3.942     3.575    21.490    23.174   -13.517     0.917   263.447   290.073    64.493   944.062    16.125   205.175
    16.500     3.904     3.544    21.463    23.147   -13.597     1.009   263.438   290.283    64.495   944.025    16.375   205.140
    16.750     3.945     3.602    21.440    23.121   -13.703     1.050   263.433   290.177    64.490   943.972    16.625   205.106
    17.000     3.994     3.596    21.413    23.094   -13.734     0.952   263.424   290.106    64.458   944.021    16.875   205.073
    17.250     3.951     3.582    21.386    23.069   -13.748     0.883   263.417   290.264    64.428   944.092    17.125   205.038
    17.500     3.987     3.557    21.359    23.044   -13.736     0.831   263.410   290.233    64.397   944.184    17.375   205.007
    17.750     4.000     3.554    21.332    23.019   -13.740     0.834   263.401   290.258    64.391   944.194    17.625   204.977
    18.000     3.917     3.554    21.304    22.992   -13.800     0.936   263.391   290.336    64.398   944.148    17.875   204.949
    18.250     3.879     3.547    21.281    22.966   -13.914     1.004   263.386   290.437    64.387   944.109    18.125   204.922
    18.500     3.927     3.551    21.255    22.939   -13.965     0.920   263.378   290.303    64.359   944.160    18.375   204.896
    18.750     3.994     3.575    21.229    22.913   -13.990     0.846   263.370   289.477    64.320   944.211    18.625   204.867
    19.000     3.962     3.570    21.202    22.888   -13.993     0.794   263.361   290.117    64.293   944.289    18.875   204.840
    19.250     3.946     3.563    21.174    22.863   -13.987     0.768   263.352   290.352    64.280   944.346    19.125   204.816
    19.500     3.885     3.535    21.145    22.836   -14.025     0.832   263.343   290.291    64.284   944.337    19.375   204.794
    19.750     3.872     3.557    21.120    22.809   -14.136     0.944   263.337   290.206    64.280   944.290    19.625   204.772
    20.000     3.848     3.554    21.096    22.781   -14.218     0.904   263.330   290.313    64.250   944.315    19.875   204.751
    20.250     3.920     3.528    21.067    22.754   -14.240     0.838   263.322   290.401    64.215   944.405    20.125   204.731
    20.500     3.967     3.541    21.039    22.728   -14.262     0.786   263.312   290.589    64.176   944.490    20.375   204.711
    20.750     3.936     3.553    21.016    22.703   -14.285     0.741   263.305   289.474    64.128   944.481    20.625   204.689
    21.000     3.914     3.555    20.987    22.677   -14.308     0.763   263.296   289.307    64.138   944.526    20.875   204.670
    21.250     3.744     3.552    20.964    22.649   -14.378     0.842   263.290   289.311    64.134   944.456    21.125   204.649
    21.500     3.811     3.516    20.933    22.621   -14.423     0.824   263.282   290.171    64.118   944.572    21.375   204.633
    21.750     3.927     3.529    20.904    22.594   -14.464     0.788   263.275   290.116    64.077   944.661    21.625   204.616
    22.000     3.902     3.504    20.875    22.567   -14.495     0.752   263.267   290.186    64.038   944.767    21.875   204.600
    22.250     3.940     3.534    20.851    22.541   -14.525     0.725   263.259   290.064    63.990   944.769    22.125   204.580
    22.500     3.899     3.524    20.821    22.515   -14.553     0.720   263.251   290.217    63.984   944.876    22.375   204.566
    22.750     3.827     3.526    20.793    22.487   -14.628     0.804   263.242   290.084    63.986   944.839    22.625   204.551
    23.000     3.770     3.497    20.767    22.459   -14.715     0.813   263.235   290.069    63.960   944.869    22.875   204.536
    23.250     3.871     3.501    20.739    22.432   -14.761     0.766   263.227   290.104    63.924   944.955    23.125   204.522
    23.500     3.889     3.514    20.711    22.405   -14.797     0.725   263.220   290.149    63.883   945.037    23.375   204.507
    23.750     3.891     3.500    20.682    22.378   -14.816     0.689   263.213   290.104    63.847   945.147    23.625   204.493
    24.000     3.853     3.476    20.654    22.352   -14.833     0.658   263.204   290.127    63.812   945.243    23.875   204.479
    24.250     3.886     3.501    20.630    22.326   -14.854     0.631   263.196   289.439    63.773   945.284    24.125   204.464
    24.500     3.851     3.496    20.602    22.300   -14.868     0.617   263.187   290.220    63.759   945.381    24.375   204.452
    24.750     3.845     3.499    20.573    22.273   -14.915     0.679   263.177   290.069    63.765   945.375    24.625   204.440
    25.000     3.728     3.492    20.548    22.244   -15.021     0.766   263.171   289.947    63.745   945.360    24.875   204.430
    25.250     3.785     3.498    20.522    22.216   -15.094     0.730   263.165   288.963    63.707   945.415    25.125   204.419
    25.500     3.808     3.463    20.492    22.188   -15.139     0.695   263.156   290.144    63.669   945.554    25.375   204.408
    25.750     3.850     3.477    20.464    22.161   -15.171     0.662   263.149   290.092    63.624   945.644    25.625   204.397
    26.000     3.843     3.472    20.435    22.134   -15.198     0.630   263.141   290.106    63.585   945.754    25.875   204.386
    26.250     3.853     3.476    20.407    22.107   -15.221     0.603   263.133   290.163    63.550   945.856    26.125   204.374
    26.500     3.809     3.445    20.378    22.081   -15.242     0.583   263.125   290.191    63.522   945.963    26.375   204.363
    26.750     3.783     3.445    20.351    22.053   -15.280     0.616   263.116   289.888    63.523   945.956    26.625   204.351
    27.000     3.713     3.438    20.325    22.025   -15.364     0.677   263.109   289.768    63.505   945.964    26.875   204.338
    27.250     3.767     3.454    20.298    21.996   -15.430     0.663   263.101   289.804    63.472   946.021    27.125   204.325
    27.500     3.800     3.458    20.269    21.968   -15.481     0.640   263.094   289.894    63.433   946.123    27.375   204.311
    27.750     3.802     3.443    20.240    21.940   -15.524     0.615   263.086   289.861    63.391   946.232    27.625   204.298
    28.000     3.816     3.447    20.211    21.913   -15.559     0.589   263.078   289.957    63.344   946.419    27.875   204.285
    28.250     3.765     3.425    20.183    21.886   -15.588     0.566   263.070   289.921    63.315   946.507    28.125   204.269
    28.500     3.809     3.440    20.156    21.859   -15.615     0.548   263.062   290.018    63.286   946.593    28.375   204.253
    28.750     3.766     3.419    20.128    21.833   -15.640     0.534   263.054   289.952    63.262   946.674    28.625   204.236
    29.000     3.784     3.427    20.102    21.806   -15.669     0.525   263.047   289.888    63.237   946.739    28.875   204.218
    29.250     3.764     3.431    20.075    21.779   -15.700     0.519   263.038   289.907    63.216   946.788    29.125   204.199
    29.500     3.770     3.403    20.045    21.751   -15.738     0.544   263.028   289.679    63.215   946.830    29.375   204.180
    29.750     3.654     3.431    20.023    21.724   -15.832     0.589   263.023   289.490    63.192   946.790    29.625   204.159
    30.000     3.700     3.427    19.996    21.696   -15.894     0.580   263.015   289.451    63.166   946.818    29.875   204.138
    30.250     3.720     3.406    19.967    21.668   -15.947     0.568   263.008   289.364    63.140   946.891    30.125   204.118
    30.500     3.721     3.420    19.938    21.640   -15.995     0.558   263.000   289.360    63.114   946.946    30.375   204.098
    30.750     3.698     3.399    19.910    21.612   -16.034     0.548   262.993   289.277    63.087   946.998    30.625   204.077
    31.000     3.686     3.414    19.882    21.585   -16.074     0.538   262.986   289.203    63.065   947.034    30.875   204.057
    31.250     3.687     3.394    19.853    21.557   -16.113     0.534   262.979   289.150    63.044   947.092    31.125   204.036
    31.500     3.689     3.409    19.826    21.530   -16.154     0.536   262.972   289.126    63.020   947.128    31.375   204.015
    31.750     3.684     3.406    19.798    21.502   -16.202     0.534   262.966   288.992    62.995   947.160    31.625   203.994
    32.000     3.665     3.373    19.770    21.475   -16.248     0.529   262.959   288.964    62.974   947.220    31.875   203.973
    32.250     3.692     3.382    19.742    21.447   -16.297     0.531   262.952   288.962    62.949   947.261    32.125   203.952
    32.500     3.706     3.405    19.716    21.420   -16.348     0.533   262.944   288.361    62.923   947.275    32.375   203.931
    32.750     3.675     3.402    19.690    21.393   -16.402     0.539   262.936   289.219    62.893   947.300    32.625   203.910
    33.000     3.653     3.399    19.663    21.366   -16.458     0.543   262.930   288.492    62.865   947.311    32.875   203.889
    33.250     3.680     3.396    19.635    21.338   -16.514     0.543   262.923   288.505    62.845   947.362    33.125   203.868
    33.500     3.653     3.378    19.605    21.311   -16.562     0.532   262.915   289.026    62.826   947.464    33.375   203.849
    33.750     3.603     3.370    19.578    21.285   -16.603     0.510   262.910   289.000    62.805   947.634    33.625   203.830
    34.000     3.591     3.377    19.551    21.258   -16.644     0.481   262.905   288.945    62.784   947.747    33.875   203.812
    34.250     3.650     3.387    19.523    21.231   -16.662     0.452   262.900   288.713    62.744   947.844    34.125   203.793
    34.500     3.781     3.384    19.492    21.204   -16.639     0.435   262.887   289.004    62.719   947.949    34.375   203.773
    34.750     3.696     3.384    19.467    21.176   -16.646     0.449   262.881   288.270    62.705   948.054    34.625   203.753
    35.000     3.570     3.386    19.448    21.149   -16.703     0.472   262.875   288.208    62.688   948.040    34.875   203.732
    35.250     3.542     3.388    19.426    21.121   -16.777     0.490   262.869   287.923    62.679   948.013    35.125   203.712
    35.500     3.573     3.390    19.402    21.092   -16.860     0.497   262.862   288.904    62.655   947.995    35.375   203.691
    35.750     3.631     3.377    19.365    21.062   -16.910     0.503   262.856   287.957    62.657   948.080    35.625   203.671
    36.000     3.510     3.382    19.340    21.033   -17.001     0.537   262.848   288.570    62.619   948.033    35.875   203.649
    36.250     3.575     3.356    19.306    21.005   -17.066     0.528   262.842   288.384    62.589   948.172    36.125   203.630
    36.500     3.675     3.347    19.275    20.977   -17.129     0.496   262.835   288.566    62.535   948.315    36.375   203.613
    36.750     3.821     3.357    19.242    20.950   -17.145     0.462   262.828   287.650    62.497   948.419    36.625   203.594
    37.000     3.643     3.356    19.220    20.924   -17.170     0.457   262.820   287.636    62.458   948.447    36.875   203.574
    37.250     3.552     3.319    19.194    20.898   -17.204     0.459   262.813   288.634    62.456   948.509    37.125   203.553
    37.500     3.579     3.335    19.168    20.872   -17.250     0.451   262.805   288.721    62.431   948.555    37.375   203.535
    37.750     3.657     3.321    19.139    20.847   -17.299     0.430   262.798   288.715    62.396   948.678    37.625   203.519
    38.000     3.789     3.341    19.109    20.821   -17.308     0.411   262.788   287.619    62.368   948.713    37.875   203.501
    38.250     3.603     3.342    19.087    20.795   -17.349     0.424   262.780   287.758    62.352   948.737    38.125   203.483
    38.500     3.512     3.336    19.065    20.769   -17.399     0.434   262.773   288.469    62.335   948.723    38.375   203.464
    38.750     3.575     3.312    19.035    20.742   -17.455     0.425   262.766   288.549    62.307   948.878    38.625   203.484
    39.000     3.695     3.325    19.006    20.716   -17.499     0.406   262.758   288.480    62.252   949.001    38.875   203.525
    39.250     3.682     3.305    18.976    20.689   -17.522     0.404   262.748   288.398    62.216   949.133    39.125   203.564
    39.500     3.505     3.317    18.956    20.663   -17.586     0.418   262.743   288.502    62.186   949.132    39.375   203.597
    39.750     3.544     3.311    18.929    20.636   -17.634     0.410   262.736   288.358    62.139   949.253    39.625   203.647
    40.000     3.606     3.286    18.899    20.610   -17.682     0.392   262.728   288.531    62.082   949.426    39.875   203.697
    40.250     3.753     3.311    18.869    20.583   -17.700     0.382   262.717   288.360    62.036   949.545    40.125   203.733
    40.500     3.512     3.322    18.854    20.557   -17.773     0.402   262.711   287.661    61.996   949.498    40.375   203.741
    40.750     3.516     3.301    18.822    20.530   -17.800     0.394   262.704   288.337    61.965   949.678    40.625   203.801
    41.000     3.600     3.295    18.793    20.503   -17.848     0.381   262.697   288.513    61.908   949.833    40.875   203.846
    41.250     3.747     3.300    18.760    20.477   -17.866     0.368   262.686   288.281    61.862   949.975    41.125   203.892
    41.500     3.486     3.310    18.741    20.450   -17.929     0.383   262.679   288.327    61.828   949.928    41.375   203.915
    41.750     3.527     3.299    18.714    20.423   -17.978     0.384   262.671   288.297    61.782   950.058    41.625   203.958
    42.000     3.582     3.284    18.684    20.397   -18.041     0.371   262.664   288.354    61.727   950.258    41.875   204.014
    42.250     3.633     3.288    18.655    20.371   -18.083     0.354   262.656   288.306    61.670   950.398    42.125   204.060
    42.500     3.602     3.301    18.634    20.344   -18.127     0.363   262.645   288.383    61.628   950.398    42.375   204.071
    42.750     3.477     3.290    18.605    20.317   -18.142     0.370   262.641   287.543    61.608   950.521    42.625   204.115
    43.000     3.494     3.276    18.578    20.290   -18.188     0.371   262.634   288.141    61.559   950.641    42.875   204.154
    43.250     3.591     3.260    18.548    20.263   -18.248     0.359   262.626   288.326    61.500   950.810    43.125   204.199
    43.500     3.688     3.283    18.519    20.236   -18.283     0.353   262.614   288.243    61.458   950.871    43.375   204.227
    43.750     3.399     3.277    18.497    20.209   -18.344     0.363   262.610   287.235    61.429   950.902    43.625   204.255
    44.000     3.510     3.274    18.471    20.182   -18.397     0.357   262.603   287.729    61.377   951.006    43.875   204.284
    44.250     3.567     3.269    18.442    20.156   -18.456     0.344   262.594   288.313    61.319   951.169    44.125   204.324
    44.500     3.583     3.271    18.414    20.129   -18.506     0.328   262.587   287.973    61.262   951.314    44.375   204.355
    44.750     3.598     3.277    18.388    20.102   -18.535     0.327   262.574   288.190    61.225   951.356    44.625   204.378
    45.000     3.363     3.268    18.363    20.074   -18.559     0.337   262.570   288.004    61.211   951.403    44.875   204.406
    45.250     3.485     3.254    18.332    20.047   -18.589     0.340   262.565   287.760    61.165   951.565    45.125   204.447
    45.500     3.567     3.256    18.303    20.020   -18.647     0.334   262.557   288.064    61.104   951.694    45.375   204.474
    45.750     3.572     3.257    18.276    19.994   -18.713     0.322   262.548   288.233    61.045   951.818    45.625   204.495
    46.000     3.585     3.254    18.245    19.967   -18.738     0.317   262.537   287.819    61.023   951.928    45.875   204.540
    46.250     3.410     3.243    18.221    19.939   -18.778     0.326   262.532   287.747    60.986   951.965    46.125   204.553
    46.500     3.479     3.238    18.195    19.912   -18.822     0.328   262.525   287.710    60.938   952.055    46.375   204.573
    46.750     3.541     3.232    18.166    19.885   -18.879     0.321   262.517   287.762    60.880   952.195    46.625   204.604
    47.000     3.541     3.227    18.138    19.859   -18.937     0.309   262.509   288.019    60.824   952.328    46.875   204.633
    47.250     3.551     3.224    18.110    19.833   -18.985     0.296   262.500   288.121    60.772   952.471    47.125   204.670
    47.500     3.525     3.239    18.084    19.806   -19.014     0.299   262.491   286.512    60.762   952.471    47.375   204.686
    47.750     3.380     3.234    18.060    19.778   -19.053     0.309   262.485   286.934    60.721   952.536    47.625   204.700
    48.000     3.457     3.230    18.033    19.751   -19.104     0.312   262.477   287.358    60.667   952.619    47.875   204.725
    48.250     3.507     3.225    18.004    19.724   -19.168     0.305   262.469   287.862    60.610   952.757    48.125   204.752
    48.500     3.504     3.213    17.974    19.697   -19.227     0.293   262.461   287.994    60.564   952.901    48.375   204.771
    48.750     3.498     3.201    17.946    19.670   -19.275     0.281   262.453   288.058    60.516   953.044    48.625   204.798
    49.000     3.519     3.196    17.918    19.644   -19.302     0.269   262.446   287.848    60.470   953.159    48.875   204.826
    49.250     3.468     3.218    17.892    19.616   -19.315     0.275   262.434   287.743    60.460   953.171    49.125   204.828
    49.500     3.390     3.209    17.865    19.588   -19.342     0.288   262.428   287.742    60.423   953.256    49.375   204.834
    49.750     3.444     3.213    17.841    19.561   -19.393     0.297   262.421   287.625    60.371   953.276    49.625   204.834
    50.000     3.475     3.206    17.812    19.534   -19.462     0.297   262.414   287.199    60.322   953.390    49.875   204.850
