  1000.000    26.774    17.625    -0.003     0.799    -1.708    -2.061     2.730     0.000     0.000     0.000     0.000     0.000     0.000   410.172     0.000   0.00E+00    -3.277     0.583   299.955
   950.000    22.527    17.336     0.040     0.978     3.199    -0.259    -2.129     0.000     7.438     0.000   -10.556     0.000     0.000   410.054     0.005   0.24E-04    -8.775     0.622   295.616
   900.000    20.840    13.987     0.100     0.840     1.256    -1.353     0.000     0.000     7.430     0.000    -4.556     0.000     0.638   399.054     0.002   0.17E+00    -4.897     0.648   293.364
   850.000    18.243    12.012     0.700     0.831     1.181    -1.278     0.000     0.000     6.878    -0.630    -5.371     0.666     0.029   393.364     0.004   0.16E+00    -3.675     0.686   291.343
   800.000    15.836    10.334     1.094     0.817     1.378    -1.473     0.000     0.000     6.578    -0.000    -4.449     0.341     0.421   388.406     0.009   0.20E+00    -2.595     0.716   289.174
   750.000    13.197     8.896     1.397     0.807     1.521    -1.615     0.000     0.000     6.229     0.000    -3.774     0.318     0.445   384.205     0.010   0.21E+00    -1.671     0.738   286.836
   700.000    10.351     7.565     1.591     0.800     1.666    -1.759     0.000     0.000     5.856     0.000    -3.188     0.291     0.452   380.994     0.014   0.21E+00    -1.007     0.749   284.296
   650.000     7.254     6.322     1.681     0.796     1.820    -1.911     0.000     0.000     5.473     0.000    -2.719     0.271     0.453   378.551     0.056   0.20E+00    -0.512     0.749   281.515
   600.000     4.291     4.565     1.670     0.789     1.945    -2.033     0.000     0.000     5.097     0.000    -2.432     0.275     0.442   376.570     0.307   0.39E+00    -0.437     0.739   278.436
   550.000     0.433     3.453     1.603     0.776     2.074    -2.161     0.000     0.000     4.764     0.000    -2.231     0.290     0.402   374.786     0.330   0.52E+00    -0.413     0.717   274.996
   500.000    -4.196     2.649     1.577     0.764     2.213    -2.301     0.000     0.000     4.451     0.000    -2.126     0.300     0.384   373.117     0.338   0.53E+00    -0.425     0.686   271.267
   450.000    -8.972     2.002     1.594     0.750     2.388    -2.476     0.000     0.000     4.114     0.000    -1.847     0.303     0.415   371.251     0.336   0.61E+00    -0.437     0.645   267.014
   400.000   -14.455     1.049     1.590     0.742     2.592    -2.690     0.006     0.000     3.573     0.000    -1.452     0.297     0.636   368.589     0.344   0.64E+00    -0.555     0.592   261.900
   350.000   -20.793     0.395    -0.517     0.715     2.470    -2.513    -0.033     0.000     3.144    -0.000    -1.033     0.261     0.528   364.113     0.291   0.54E+00     0.072     0.518   255.576
   300.000   -29.086     0.209    -4.000     0.673     2.608    -2.767     0.044     0.000     2.806    -0.013    -0.642     0.282     0.441   363.829     0.354   0.40E+00     0.255     0.464   247.562
   250.000   -39.822     0.186    -4.000     0.523     2.747    -2.486    -0.259     0.000     2.515    -0.002    -0.298     0.312     0.445   362.864     0.066   0.18E+00     0.367     0.409   237.276
   200.000   -52.831     0.108    -4.000     0.597     1.676    -2.063     0.185     0.000     2.370    -0.000    -0.130     0.395     0.389   363.941     0.104   0.13E+00     0.251     0.360   224.143
   150.000   -67.944     0.015    -4.000     0.741     0.976    -1.196     0.061     0.000     1.246     0.000    -0.042     0.199     1.259   365.848     0.212   0.73E-01    -0.004     0.303   207.481
   100.000   -68.277     0.001     2.092     0.530     0.183    -0.226     0.000     0.000     0.000     0.000    -0.000     0.000     1.246   376.702     0.142   0.19E-01    -0.000     0.177   184.131
    80.000   -60.644     0.001    -4.000     0.045     0.000     0.046     0.000     0.000     0.000     0.000     0.000     0.000     0.000   393.859     0.000   0.50E-09    -0.000     0.000     0.000
    60.000   -52.601     0.001     0.000     0.008     0.000     0.103     0.000     0.000     0.000     0.000     0.000     0.000     0.000   418.660     0.000   0.00E+00     0.000     0.000     0.000
    40.000   -44.212     0.001     0.000     0.003     0.000     0.145     0.000     0.000     0.000     0.000     0.000     0.000     0.000   451.630     0.000   0.00E+00     0.000     0.000     0.000
    30.000   -38.252     0.001     0.000     0.001     0.000     0.174     0.000     0.000     0.000     0.000     0.000     0.000     0.000   476.272     0.000   0.00E+00     0.000     0.000     0.000
    25.000   -27.149     0.001     0.000     0.000     0.000     0.230     0.000     0.000     0.000     0.000     0.000     0.000     0.000   500.287     0.000   0.00E+00    -0.001     0.000     0.000
