  1000.000     3.002     2.991     0.000     0.646    -1.394    -1.004     2.650     0.000     0.000     0.000     0.000     0.000     0.000   293.412     0.000   0.00E+00    -0.763     0.288   276.108
   950.000    -1.096     2.832     0.001     0.821     0.498    -1.469     0.658     0.000    18.938     0.000   -15.249     0.000     0.000   293.420     0.000   0.00E+00    -1.301     0.320   272.099
   900.000    -4.878     2.011    -0.076     0.734     1.456    -1.488     0.000     0.000    18.938     0.000   -13.497     0.000     1.977   289.872     0.003   0.78E-01    -0.419     0.352   268.224
   850.000    -8.428     1.341     0.358     0.646     1.495    -1.527     0.000     0.000    17.689    -1.977    -9.809     2.449     2.247   288.687     0.037   0.25E+00     0.145     0.385   265.182
   800.000   -12.077     0.850     0.552     0.540     1.570    -1.604     0.000     0.000    16.244    -2.247    -7.192     2.706     1.536   287.207     0.015   0.24E+00     0.549     0.416   261.835
   750.000   -15.871     0.487     0.525     0.409     1.550    -1.585     0.000     0.000    14.941    -1.535    -5.735     2.114     0.641   288.110     0.003   0.16E+00     0.771     0.438   258.140
   700.000   -19.942     0.236     0.363     0.300     1.457    -1.493     0.000     0.000    14.447    -0.610    -4.746     1.846     0.508   287.096     0.000   0.12E+00     0.783     0.447   254.052
   650.000   -24.355     0.109     0.189     0.232     1.323    -1.360     0.000     0.000    14.120    -0.470    -3.943     1.718     0.425   287.960     0.000   0.95E-01     0.687     0.447   249.526
   600.000   -29.207     0.055     0.008     0.192     1.142    -1.181     0.000     0.000    13.931    -0.387    -3.118     1.632     0.456   289.202     0.000   0.78E-01     0.537     0.436   244.520
   550.000   -34.601     0.025    -0.149     0.158     0.784    -0.825     0.000     0.000    13.860    -0.421    -2.321     1.851     0.070   289.565     0.000   0.67E-01     0.385     0.418   238.997
   500.000   -40.647     0.020    -0.210     0.189     0.653    -0.696     0.000     0.000    14.721    -0.041    -1.440     2.400     0.024   289.947     0.001   0.45E-01     0.238     0.387   232.924
   450.000   -47.313     0.017    -0.201     0.290     0.620    -0.665     0.000     0.000    16.492     0.000    -0.705     3.378     0.169   290.173     0.018   0.88E-01     0.127     0.348   226.259
   400.000   -54.628     0.014    -0.195     0.470     0.505    -0.553     0.000     0.000    20.700     0.000    -0.298     6.183     0.662   290.530     0.087   0.79E-01     0.061     0.297   218.939
   350.000   -62.715     0.013    -0.173     0.857     0.456    -0.506    -0.000     0.000     5.544     0.000    -0.085     1.068    15.778   290.716     0.314   0.37E-01     0.023     0.239   210.867
   300.000   -71.299     0.004    -0.407     0.936     0.166    -0.218     0.000     0.000     1.317     0.000    -0.027     0.244     4.411   290.753     0.407   0.19E-01     0.007     0.125   201.877
   250.000   -74.965     0.003    -4.000     0.978     0.078    -0.125     0.000     0.000     0.491     0.000    -0.005     0.098     0.900   295.444     0.337   0.73E-02     0.001     0.047   191.522
   200.000   -73.590     0.001    -4.000     0.263     0.024    -0.056     0.000     0.000     0.019     0.000    -0.000     0.000     0.472   308.568     0.041   0.95E-03    -0.000     0.023   178.905
   150.000   -74.144     0.001    -4.000     0.161    -0.002    -0.015     0.000     0.000     0.000     0.000    -0.000     0.000     0.019   324.383     0.000   0.11E-04    -0.000     0.003   162.657
   100.000   -72.275     0.001    -4.000     0.072     0.000     0.001     0.000     0.000     0.000     0.000     0.000     0.000     0.000   348.722     0.000   0.00E+00     0.000     0.000   139.822
    80.000   -68.800     0.001    -4.000     0.036     0.000     0.005     0.000     0.000     0.000     0.000     0.000     0.000     0.000   364.121     0.000   0.00E+00     0.000     0.000     0.000
    60.000   -61.048     0.001     0.000     0.010     0.000     0.015     0.000     0.000     0.000     0.000     0.000     0.000     0.000   389.260     0.000   0.00E+00     0.000     0.000     0.000
    40.000   -50.758     0.001     0.000     0.002     0.000     0.027     0.000     0.000     0.000     0.000     0.000     0.000     0.000   424.787     0.000   0.00E+00     0.000     0.000     0.000
    30.000   -42.488     0.001     0.000     0.001     0.000     0.038     0.000     0.000     0.000     0.000     0.000     0.000     0.000   450.386     0.000   0.00E+00     0.000     0.000     0.000
    25.000   -26.080     0.001     0.000     0.000     0.000     0.060     0.000     0.000     0.000     0.000     0.000     0.000     0.000   478.174     0.000   0.00E+00    -0.001     0.000     0.000
