  1000.000    26.113    16.911    -0.000     0.789    -1.899    -2.047     3.142     0.000     0.000     0.000     0.000     0.000     0.000   361.112     0.000   0.00E+00    -2.353     0.640   299.303
   950.000    21.872    16.647     0.001     0.972     3.685    -1.572    -1.588     0.000     9.574     0.000   -11.695     0.000     0.000   361.103     0.000   0.00E+00    -5.816     0.684   294.972
   900.000    20.162    13.401    -0.262     0.825     1.838    -1.979     0.000     0.000     9.574     0.000    -5.213     0.000     1.187   353.419     0.000   0.76E-01    -2.917     0.712   292.698
   850.000    17.628    11.476     0.162     0.793     1.629    -1.769     0.000     0.000     8.627    -1.187    -5.884     1.254     0.008   349.520     0.004   0.13E+00    -1.818     0.754   290.652
   800.000    15.197     9.627     0.175     0.753     1.656    -1.789     0.000     0.000     8.189    -0.008    -4.964     0.587     0.601   346.901     0.004   0.34E+00    -0.976     0.787   288.457
   750.000    12.735     8.065     0.152     0.721     1.631    -1.755     0.000     0.000     7.740     0.000    -4.702     0.550     0.590   345.039     0.003   0.34E+00    -0.412     0.810   286.086
   700.000     9.966     6.710     0.071     0.688     1.627    -1.743     0.000     0.000     7.287     0.000    -4.395     0.515     0.571   343.573     0.002   0.28E+00    -0.001     0.822   283.507
   650.000     6.866     5.515    -0.092     0.643     1.636    -1.747     0.000     0.000     6.847     0.000    -4.082     0.525     0.551   342.286     0.001   0.19E+00     0.318     0.823   280.681
   600.000     3.262     4.514    -0.322     0.582     1.636    -1.746     0.000     0.000     6.581     0.000    -3.745     0.580     0.381   341.171     0.001   0.12E+00     0.600     0.813   277.555
   550.000    -1.039     3.663    -0.409     0.539     1.649    -1.766     0.000     0.000     6.478     0.000    -3.567     0.600     0.221   340.690     0.000   0.75E-01     0.712     0.796   274.056
   500.000    -5.211     2.913    -0.293     0.516     1.710    -1.823     0.000     0.000     6.439     0.000    -3.745     0.561     0.150   340.655     0.001   0.57E-01     0.826     0.775   270.310
   450.000    -9.979     1.812    -0.214     0.490     1.815    -1.928     0.000     0.000     6.168     0.000    -3.060     0.515     0.388   341.133     0.006   0.26E+00     0.912     0.759   265.945
   400.000   -15.572     1.042    -0.205     0.470     2.041    -2.158     0.000     0.000     5.610     0.000    -1.803     0.495     0.697   342.399     0.011   0.32E+00     0.799     0.733   260.687
   350.000   -22.459     0.480    -0.179     0.413     2.111    -2.244     0.000     0.000     4.823     0.000    -1.018     0.473     0.944   343.715     0.019   0.28E+00     0.673     0.672   254.197
   300.000   -30.893     0.235    -0.305     0.283     1.599    -1.761     0.000     0.000     4.890     0.000    -0.555     0.584     0.186   345.384     0.010   0.23E+00     0.507     0.580   246.000
   250.000   -41.397     0.147     0.014     0.427     1.504    -1.710     0.000     0.000     4.880     0.000    -0.237     0.663     0.392   347.468     0.046   0.18E+00     0.152     0.519   235.554
   200.000   -54.456     0.080     0.025     0.673     1.057    -1.322     0.000     0.000     3.849     0.000    -0.059     0.713     1.536   349.208     0.149   0.10E+00     0.011     0.462   222.361
   150.000   -69.358     0.011    -0.253     0.994     0.302    -0.602     0.000     0.000     0.179     0.000    -0.000     0.004     3.671   350.663     0.381   0.12E-01    -0.000     0.330   205.745
   100.000   -70.947     0.001    -4.000     0.458    -0.037     0.073     0.000     0.000     0.000     0.000    -0.000     0.000     0.179   363.279     0.021   0.32E-03    -0.000     0.037   182.648
    80.000   -66.522     0.001    -4.000     0.051     0.000     0.133     0.000     0.000     0.000     0.000     0.000     0.000     0.000   379.690     0.000   0.00E+00     0.000     0.000     0.000
    60.000   -58.886     0.001     0.000     0.022     0.000     0.285     0.000     0.000     0.000     0.000     0.000     0.000     0.000   401.469     0.000   0.00E+00     0.000     0.000     0.000
    40.000   -48.942     0.001     0.000     0.008     0.000     0.484     0.000     0.000     0.000     0.000     0.000     0.000     0.000   432.474     0.000   0.00E+00     0.000     0.000     0.000
    30.000   -41.098     0.001     0.000     0.004     0.000     0.641     0.000     0.000     0.000     0.000     0.000     0.000     0.000   456.485     0.000   0.00E+00     0.000     0.000     0.000
    25.000   -26.780     0.001     0.000     0.001     0.000     0.927     0.000     0.000     0.000     0.000     0.000     0.000     0.000   482.534     0.000   0.00E+00    -0.001     0.000     0.000
