  1000.000     8.495     4.577     0.000     0.751    -1.799    -1.726     2.946     0.000     0.000     0.000     0.000     0.000     0.000   341.134     0.000   0.00E+00    -1.932     0.520   281.645
   950.000     4.393     4.404     0.001     0.932     2.865    -1.427    -1.087     0.000    11.104     0.000   -11.690     0.000     0.000   341.127     0.000   0.00E+00    -4.487     0.561   277.558
   900.000     0.850     3.299    -0.273     0.788     1.580    -1.698     0.000     0.000    11.104     0.000    -6.542     0.000     1.377   334.890     0.001   0.75E-01    -2.171     0.589   273.600
   850.000    -2.800     2.507     0.213     0.745     1.477    -1.598     0.000     0.000    10.265    -1.377    -7.110     1.521     0.791   331.785     0.010   0.14E+00    -1.215     0.625   270.852
   800.000    -6.164     1.563     0.386     0.679     1.539    -1.662     0.000     0.000     9.561    -0.788    -6.176     1.161     0.402   329.223     0.007   0.23E+00    -0.374     0.658   267.845
   750.000    -9.499     0.896     0.370     0.605     1.551    -1.676     0.000     0.000     9.249    -0.198    -5.794     0.962     0.270   327.539     0.004   0.18E+00     0.197     0.685   264.505
   700.000   -13.172     0.499     0.266     0.542     1.535    -1.662     0.000     0.000     9.145    -0.008    -5.549     0.922     0.265   326.522     0.002   0.15E+00     0.544     0.704   260.774
   650.000   -17.226     0.279     0.116     0.489     1.488    -1.617     0.000     0.000     9.048    -0.010    -5.243     0.875     0.253   326.051     0.000   0.12E+00     0.732     0.716   256.588
   600.000   -21.803     0.191    -0.066     0.445     1.418    -1.550     0.000     0.000     9.001    -0.011    -4.732     0.899     0.223   325.897     0.000   0.10E+00     0.802     0.720   251.876
   550.000   -27.030     0.124    -0.197     0.420     1.356    -1.492     0.000     0.000     9.037    -0.012    -4.049     0.969     0.186   326.058     0.000   0.11E+00     0.745     0.714   246.574
   500.000   -33.017     0.097    -0.245     0.424     1.380    -1.521     0.000     0.000     9.177    -0.009    -3.175     1.056     0.165   326.473     0.001   0.82E-01     0.614     0.695   240.625
   450.000   -39.909     0.151    -0.203     0.463     1.479    -1.627     0.000     0.000     9.024     0.000    -2.235     1.111     0.611   326.888     0.029   0.26E+00     0.506     0.660   233.978
   400.000   -47.526     0.117    -0.177     0.493     1.473    -1.629     0.000     0.000     8.839     0.000    -1.415     1.234     0.871   327.200     0.060   0.27E+00     0.489     0.601   226.580
   350.000   -55.721     0.028    -0.136     0.533     1.425    -1.589     0.000     0.000     8.179     0.000    -0.836     1.462     1.695   327.901     0.078   0.20E+00     0.409     0.537   218.342
   300.000   -64.727     0.012    -0.195     0.571     1.209    -1.379     0.000     0.000     5.088     0.000    -0.431     0.826     3.645   328.887     0.128   0.15E+00     0.353     0.458   209.117
   250.000   -72.367     0.005    -0.445     0.694     1.048    -1.216     0.000     0.000     2.861     0.000    -0.179     0.442     2.515   330.462     0.235   0.10E+00     0.218     0.367   198.574
   200.000   -69.036     0.001    -4.000     0.454     0.674    -0.797     0.000     0.000     1.529     0.000    -0.067     0.231     1.475   336.141     0.120   0.66E-01     0.123     0.275   185.719
   150.000   -69.264     0.001    -4.000     0.412     0.401    -0.481     0.000     0.000     0.656     0.000    -0.020     0.099     0.939   346.199     0.117   0.34E-01    -0.000     0.189   169.086
   100.000   -67.902     0.001    -4.000     0.289     0.074    -0.087     0.000     0.000     0.000     0.000    -0.000     0.000     0.656   365.309     0.073   0.62E-02    -0.000     0.096   145.722
    80.000   -64.973     0.001    -4.000     0.021     0.000     0.027     0.000     0.000     0.000     0.000     0.000     0.000     0.000   381.925     0.000   0.00E+00     0.000     0.000     0.000
    60.000   -57.902     0.001     0.000     0.007     0.000     0.051     0.000     0.000     0.000     0.000     0.000     0.000     0.000   406.480     0.000   0.00E+00     0.000     0.000     0.000
    40.000   -48.433     0.001     0.000     0.002     0.000     0.082     0.000     0.000     0.000     0.000     0.000     0.000     0.000   440.258     0.000   0.00E+00     0.000     0.000     0.000
    30.000   -41.040     0.001     0.000     0.001     0.000     0.107     0.000     0.000     0.000     0.000     0.000     0.000     0.000   465.289     0.000   0.00E+00     0.000     0.000     0.000
    25.000   -26.450     0.001     0.000     0.000     0.000     0.155     0.000     0.000     0.000     0.000     0.000     0.000     0.000   490.315     0.000   0.00E+00    -0.001     0.000     0.000
