  1000.000    23.839    14.673     0.000     0.787    -1.823    -2.041     3.159     0.000     0.000     0.000     0.000     0.000     0.000   350.797     0.000   0.00E+00    -2.134     0.582   297.019
   950.000    19.615    14.410     0.001     0.972     3.592    -1.748    -1.390     0.000     9.680     0.000   -11.213     0.000     0.000   350.790     0.000   0.00E+00    -5.114     0.624   292.718
   900.000    17.810    11.281    -0.300     0.813     1.847    -1.975     0.000     0.000     9.679     0.000    -5.216     0.000     1.162   343.598     0.000   0.71E-01    -2.399     0.651   290.354
   850.000    15.205     9.433     0.065     0.773     1.602    -1.730     0.000     0.000     8.779    -1.161    -5.876     1.228     0.330   340.046     0.001   0.17E-01    -1.317     0.691   288.222
   800.000    12.680     7.664     0.075     0.720     1.553    -1.676     0.000     0.000     8.212    -0.330    -5.135     0.719     0.351   337.445     0.002   0.17E+00    -0.455     0.724   285.928
   750.000    10.079     6.272    -0.010     0.678     1.505    -1.621     0.000     0.000     7.883     0.000    -4.861     0.649     0.463   335.848     0.003   0.20E+00     0.046     0.749   283.443
   700.000     7.109     5.148    -0.095     0.642     1.479    -1.592     0.000     0.000     7.539     0.000    -4.623     0.651     0.470   334.748     0.002   0.17E+00     0.355     0.765   280.733
   650.000     3.790     4.196    -0.206     0.605     1.486    -1.598     0.000     0.000     7.253     0.000    -4.293     0.672     0.412   333.951     0.001   0.12E+00     0.543     0.767   277.751
   600.000     0.034     3.386    -0.308     0.561     1.502    -1.616     0.000     0.000     7.054     0.000    -4.061     0.699     0.327   333.371     0.000   0.53E-01     0.716     0.758   274.437
   550.000    -4.276     2.576    -0.172     0.542     1.516    -1.637     0.000     0.000     7.017     0.000    -4.393     0.703     0.165   333.221     0.000   0.29E-01     0.836     0.738   270.889
   500.000    -8.557     1.815    -0.045     0.530     1.621    -1.741     0.000     0.000     7.013     0.000    -3.887     0.627     0.125   333.627     0.001   0.52E-01     0.874     0.723   266.851
   450.000   -13.714     1.275    -0.065     0.520     1.860    -1.987     0.000     0.000     6.392     0.000    -2.405     0.563     0.758   334.618     0.016   0.34E+00     0.748     0.712   262.078
   400.000   -19.765     0.633    -0.020     0.469     2.025    -2.166     0.000     0.000     5.556     0.000    -1.451     0.509     0.987   335.555     0.022   0.31E+00     0.632     0.656   256.319
   350.000   -27.092     0.315    -0.175     0.334     1.731    -1.897     0.000     0.000     5.260     0.000    -0.859     0.537     0.486   336.589     0.014   0.26E+00     0.556     0.575   249.246
   300.000   -35.994     0.175    -0.227     0.318     1.287    -1.491     0.000     0.000     5.408     0.000    -0.412     0.674     0.182   338.426     0.025   0.21E+00     0.295     0.507   240.471
   250.000   -46.781     0.108     0.004     0.566     1.163    -1.417     0.000     0.000     5.404     0.000    -0.145     0.861     0.586   339.945     0.089   0.15E+00     0.048     0.449   229.629
   200.000   -59.874     0.034    -0.047     1.008     0.782    -1.095     0.000     0.000     2.168     0.000    -0.012     0.380     3.476   341.125     0.430   0.69E-01    -0.001     0.382   216.374
   150.000   -71.671     0.005    -1.729     0.923     0.060    -0.347     0.000     0.000     0.011     0.000    -0.000     0.000     2.157   343.551     0.209   0.36E-02    -0.000     0.174   199.831
   100.000   -69.000     0.001    -4.000     0.075    -0.009     0.092     0.000     0.000     0.000     0.000    -0.000     0.000     0.011   363.366     0.000   0.12E-04     0.000     0.002   176.635
    80.000   -66.256     0.001    -4.000     0.049     0.000     0.138     0.000     0.000     0.000     0.000     0.000     0.000     0.000   377.605     0.000   0.00E+00     0.000     0.000     0.000
    60.000   -59.417     0.001     0.000     0.022     0.000     0.275     0.000     0.000     0.000     0.000     0.000     0.000     0.000   398.699     0.000   0.00E+00     0.000     0.000     0.000
    40.000   -49.329     0.001     0.000     0.008     0.000     0.476     0.000     0.000     0.000     0.000     0.000     0.000     0.000   429.774     0.000   0.00E+00     0.000     0.000     0.000
    30.000   -41.331     0.001     0.000     0.004     0.000     0.636     0.000     0.000     0.000     0.000     0.000     0.000     0.000   453.868     0.000   0.00E+00     0.000     0.000     0.000
    25.000   -26.728     0.001     0.000     0.001     0.000     0.928     0.000     0.000     0.000     0.000     0.000     0.000     0.000   480.097     0.000   0.00E+00    -0.001     0.000     0.000
