  1000.000     3.017     2.996     0.000     0.632    -1.369    -0.912     2.607     0.000     0.000     0.000     0.000     0.000     0.000   288.720     0.000   0.00E+00    -0.671     0.266   276.123
   950.000    -1.081     2.836     0.001     0.804     0.268    -1.415     0.793     0.000    19.844     0.000   -15.136     0.000     0.001   288.780     0.000   0.27E-06    -0.978     0.298   272.114
   900.000    -4.863     2.017    -0.057     0.731     1.421    -1.437     0.000     0.000    19.840    -0.001   -14.524     0.001     2.161   285.877     0.004   0.72E-01    -0.284     0.328   268.240
   850.000    -8.415     1.348     0.398     0.643     1.495    -1.513     0.000     0.000    18.488    -2.157   -10.328     2.648     2.422   284.691     0.047   0.31E+00     0.218     0.360   265.199
   800.000   -12.067     0.856     0.601     0.532     1.593    -1.613     0.000     0.000    16.934    -2.419    -7.476     2.896     1.623   283.811     0.018   0.26E+00     0.585     0.391   261.853
   750.000   -15.860     0.483     0.556     0.390     1.569    -1.590     0.000     0.000    15.548    -1.619    -5.768     2.222     0.657   283.861     0.005   0.17E+00     0.767     0.413   258.159
   700.000   -19.919     0.231     0.371     0.276     1.457    -1.481     0.000     0.000    15.031    -0.628    -4.659     1.923     0.553   283.864     0.003   0.13E+00     0.736     0.422   254.072
   650.000   -24.323     0.106     0.179     0.208     1.301    -1.327     0.000     0.000    14.655    -0.517    -3.737     1.786     0.447   284.747     0.004   0.10E+00     0.608     0.420   249.546
   600.000   -29.178     0.057    -0.010     0.171     1.105    -1.133     0.000     0.000    14.444    -0.412    -2.824     1.705     0.494   285.404     0.007   0.85E-01     0.437     0.407   244.541
   550.000   -34.574     0.025    -0.169     0.143     0.725    -0.756     0.000     0.000    14.332    -0.462    -1.992     1.928     0.097   285.968     0.009   0.76E-01     0.289     0.385   239.019
   500.000   -40.617     0.019    -0.231     0.181     0.569    -0.603     0.000     0.000    15.175    -0.069    -1.158     2.482     0.023   286.350     0.012   0.40E-01     0.163     0.351   232.946
   450.000   -47.285     0.016    -0.248     0.303     0.518    -0.556     0.000     0.000    17.055    -0.001    -0.476     3.518     0.122   286.535     0.036   0.62E-01     0.068     0.310   226.280
   400.000   -54.604     0.014    -0.281     0.520     0.390    -0.432     0.000     0.000    21.053    -0.001    -0.140     6.175     0.827   286.873     0.118   0.54E-01     0.020     0.263   218.960
   350.000   -62.695     0.013    -0.298     0.918     0.345    -0.391    -0.000     0.000     5.914     0.000    -0.021     1.345    15.924   287.026     0.326   0.12E-01     0.001     0.205   210.887
   300.000   -71.279     0.004    -0.588     1.010     0.062    -0.111     0.000     0.000     0.178     0.000    -0.000     0.000     5.736   287.243     0.485   0.20E-02    -0.000     0.088   201.896
   250.000   -74.954     0.003    -4.000     1.000    -0.003    -0.037     0.000     0.000     0.000     0.000    -0.000     0.000     0.178   292.682     0.410   0.35E-04    -0.000     0.008   191.540
   200.000   -73.577     0.001    -4.000     0.186     0.000    -0.017     0.000     0.000     0.000     0.000     0.000     0.000     0.000   306.614     0.000   0.14E-09    -0.000     0.000   178.922
   150.000   -74.132     0.001    -4.000     0.151     0.000    -0.002     0.000     0.000     0.000     0.000     0.000     0.000     0.000   322.077     0.000   0.00E+00     0.000     0.000   162.673
   100.000   -72.266     0.001    -4.000     0.081     0.000     0.001     0.000     0.000     0.000     0.000     0.000     0.000     0.000   346.933     0.000   0.00E+00     0.000     0.000   139.838
    80.000   -68.792     0.001    -4.000     0.042     0.000     0.008     0.000     0.000     0.000     0.000     0.000     0.000     0.000   362.064     0.000   0.00E+00     0.000     0.000     0.000
    60.000   -61.042     0.001     0.000     0.012     0.000     0.024     0.000     0.000     0.000     0.000     0.000     0.000     0.000   386.302     0.000   0.00E+00     0.000     0.000     0.000
    40.000   -50.752     0.001     0.000     0.003     0.000     0.044     0.000     0.000     0.000     0.000     0.000     0.000     0.000   421.315     0.000   0.00E+00     0.000     0.000     0.000
    30.000   -42.484     0.001     0.000     0.001     0.000     0.061     0.000     0.000     0.000     0.000     0.000     0.000     0.000   447.943     0.000   0.00E+00     0.000     0.000     0.000
    25.000   -26.081     0.001     0.000     0.000     0.000     0.095     0.000     0.000     0.000     0.000     0.000     0.000     0.000   476.406     0.000   0.00E+00    -0.001     0.000     0.000
