     0.250     0.283     0.908     1.684     2.623   -31.620     0.439   260.194   236.321     8.531  1011.408     0.125   266.806
     0.500     2.014     0.969     1.993     3.210   -31.854     0.439   260.218   237.104    10.592  1010.821     0.375   265.260
     0.750     1.874     1.031     2.369     3.752   -32.087     0.439   260.233   237.906    12.644  1010.112     0.625   263.835
     1.000     0.944     1.096     2.711     4.257   -32.319     0.439   260.225   238.697    14.966  1009.156     0.875   257.132
     1.250     0.498     1.171     2.991     4.720   -32.551     0.439   260.238   239.382    16.813  1008.266     1.125   255.085
     1.500     0.750     1.260     3.280     5.139   -32.782     0.439   260.229   240.133    18.522  1007.372     1.375   253.317
     1.750     0.922     1.343     3.571     5.520   -33.013     0.439   260.222   240.864    20.122  1006.456     1.625   251.169
     2.000     1.233     1.417     3.846     5.867   -33.242     0.439   260.227   241.545    21.551  1005.580     1.875   249.593
     2.250     1.234     1.482     4.115     6.185   -33.472     0.439   260.233   242.199    22.945  1004.663     2.125   247.303
     2.500     1.558     1.540     4.365     6.481   -33.700     0.439   260.245   242.822    24.180  1003.811     2.375   245.778
     2.750     1.403     1.603     4.612     6.753   -33.928     0.439   260.251   243.422    25.456  1002.879     2.625   243.478
     3.000     1.610     1.676     4.831     7.000   -34.154     0.439   260.257   243.993    26.602  1002.008     2.875   241.809
     3.250     1.821     1.734     5.069     7.226   -34.379     0.439   260.263   244.550    27.673  1001.162     3.125   240.336
     3.500     1.750     1.801     5.296     7.433   -34.607     0.439   260.265   245.104    28.736  1000.287     3.375   238.542
     3.750     1.841     1.852     5.498     7.623   -34.887     0.444   260.272   245.584    29.697   999.471     3.625   237.161
     4.000     1.851     1.907     5.684     7.796   -35.248     0.455   260.280   246.035    30.621   998.663     3.875   235.810
     4.250     1.912     1.962     5.853     7.955   -35.678     0.470   260.290   246.440    31.510   997.862     4.125   234.458
     4.500     2.131     1.995     6.002     8.099   -36.114     0.471   260.295   246.881    32.300   997.133     4.375   233.450
     4.750     2.055     2.027     6.149     8.234   -36.395     0.467   260.300   247.291    33.071   996.405     4.625   232.394
     5.000     1.973     2.068     6.292     8.359   -36.563     0.461   260.310   247.645    33.839   995.660     4.875   231.083
     5.250     2.117     2.109     6.421     8.473   -36.598     0.451   260.319   248.007    34.530   994.978     5.125   229.950
     5.500     2.364     2.165     6.533     8.575   -36.588     0.443   260.329   248.375    35.134   994.371     5.375   229.062
     5.750     2.588     2.170     6.632     8.665   -36.629     0.437   260.311   248.949    35.734   993.725     5.625   228.072
     6.000     2.406     2.185     6.734     8.754   -36.697     0.432   260.294   249.604    36.406   992.941     5.875   226.733
     6.250     2.420     2.222     6.831     8.833   -36.758     0.425   260.299   249.844    37.074   992.137     6.125   225.199
     6.500     2.557     2.241     6.917     8.905   -36.791     0.441   260.285   250.503    37.641   991.434     6.375   223.989
     6.750     2.552     2.263     6.999     8.973   -36.811     0.477   260.279   250.943    38.169   990.765     6.625   222.844
     7.000     2.627     2.273     7.074     9.036   -36.798     0.502   260.270   251.355    38.632   990.173     6.875   221.945
     7.250     2.627     2.307     7.144     9.092   -36.772     0.509   260.255   251.893    39.101   989.559     7.125   220.934
     7.500     2.657     2.307     7.207     9.143   -36.635     0.462   260.240   252.495    39.512   989.012     7.375   220.060
     7.750     2.575     2.317     7.269     9.195   -36.515     0.420   260.233   252.929    39.900   988.511     7.625   219.218
     8.000     2.620     2.327     7.325     9.244   -36.387     0.372   260.234   253.123    40.304   987.947     7.875   218.286
     8.250     2.648     2.359     7.377     9.289   -36.319     0.350   260.224   253.552    40.704   987.380     8.125   217.348
     8.500     2.661     2.345     7.424     9.328   -36.278     0.331   260.208   254.201    41.038   986.925     8.375   216.624
     8.750     2.598     2.362     7.470     9.367   -36.210     0.305   260.202   254.655    41.403   986.394     8.625   215.751
     9.000     2.554     2.366     7.513     9.406   -36.130     0.278   260.201   255.097    41.662   986.034     8.875   215.384
     9.250     2.595     2.372     7.552     9.443   -36.028     0.246   260.199   255.581    41.904   985.745     9.125   215.045
     9.500     2.617     2.384     7.587     9.478   -35.929     0.218   260.192   256.046    42.167   985.385     9.375   214.672
     9.750     2.638     2.392     7.619     9.510   -35.868     0.199   260.184   256.388    42.418   985.104     9.625   214.305
    10.000     2.654     2.397     7.647     9.540   -35.824     0.186   260.170   256.901    42.672   984.787     9.875   213.917
    10.250     2.649     2.401     7.673     9.568   -35.791     0.178   260.155   257.431    42.928   984.451    10.125   213.493
    10.500     2.625     2.400     7.697     9.594   -35.773     0.173   260.139   257.875    43.185   984.089    10.375   213.054
    10.750     2.479     2.409     7.725     9.619   -35.773     0.170   260.130   258.148    43.475   983.610    10.625   212.514
    11.000     2.498     2.433     7.751     9.639   -35.759     0.168   260.123   258.386    43.735   983.207    10.875   211.971
    11.250     2.624     2.454     7.769     9.650   -35.725     0.165   260.112   258.664    43.959   982.915    11.125   211.379
    11.500     2.533     2.446     7.787     9.664   -35.722     0.163   260.105   258.870    44.201   982.534    11.375   210.693
    11.750     2.582     2.458     7.802     9.674   -35.707     0.156   260.103   259.192    44.414   982.270    11.625   210.075
    12.000     2.587     2.447     7.814     9.685   -35.672     0.145   260.106   259.535    44.525   982.151    11.875   209.929
    12.250     2.591     2.454     7.824     9.698   -35.622     0.129   260.108   260.074    44.641   982.031    12.125   209.796
    12.500     2.675     2.460     7.829     9.709   -35.551     0.110   260.100   260.809    44.755   981.949    12.375   209.685
    12.750     2.685     2.457     7.833     9.718   -35.459     0.090   260.089   261.505    44.874   981.870    12.625   209.576
    13.000     2.645     2.464     7.837     9.726   -35.376     0.073   260.078   262.312    45.001   981.760    12.875   209.446
    13.250     2.681     2.468     7.837     9.731   -35.287     0.059   260.065   263.009    45.123   981.664    13.125   209.307
    13.500     2.527     2.431     7.841     9.740   -35.209     0.053   260.057   262.889    45.277   981.451    13.375   209.137
    13.750     2.521     2.466     7.841     9.748   -35.167     0.059   260.046   262.443    45.435   981.162    13.625   208.952
    14.000     2.392     2.427     7.842     9.756   -35.179     0.076   260.041   261.900    45.611   980.798    13.875   208.792
    14.250     2.422     2.481     7.846     9.757   -35.267     0.096   260.036   261.758    45.734   980.491    14.125   208.718
    14.500     2.421     2.488     7.853     9.753   -35.371     0.096   260.040   261.813    45.793   980.303    14.375   208.657
    14.750     2.487     2.508     7.860     9.745   -35.444     0.084   260.046   262.318    45.792   980.232    14.625   208.611
    15.000     2.534     2.490     7.864     9.741   -35.475     0.068   260.048   263.052    45.776   980.192    14.875   208.560
    15.250     2.669     2.494     7.863     9.737   -35.444     0.054   260.042   263.601    45.763   980.227    15.125   208.519
    15.500     2.689     2.487     7.861     9.736   -35.388     0.044   260.036   264.261    45.784   980.241    15.375   208.482
    15.750     2.702     2.489     7.857     9.736   -35.328     0.039   260.025   264.808    45.833   980.266    15.625   208.456
    16.000     2.719     2.487     7.849     9.733   -35.269     0.035   260.009   265.276    45.894   980.314    15.875   208.434
    16.250     2.545     2.434     7.843     9.734   -35.223     0.033   260.000   265.262    46.017   980.192    16.125   208.307
    16.500     2.386     2.446     7.840     9.736   -35.197     0.038   260.002   264.193    46.173   979.945    16.375   208.134
    16.750     2.415     2.496     7.833     9.735   -35.219     0.052   260.001   263.327    46.293   979.679    16.625   208.039
    17.000     2.394     2.494     7.828     9.731   -35.298     0.064   260.003   262.834    46.389   979.443    16.875   207.965
    17.250     2.428     2.507     7.824     9.723   -35.380     0.067   260.006   262.935    46.436   979.300    17.125   207.918
    17.500     2.470     2.498     7.823     9.712   -35.459     0.062   260.006   263.458    46.437   979.238    17.375   207.869
    17.750     2.457     2.501     7.823     9.705   -35.493     0.053   260.012   263.863    46.433   979.172    17.625   207.804
    18.000     2.681     2.504     7.816     9.695   -35.458     0.044   260.009   264.335    46.404   979.262    17.875   207.754
    18.250     2.694     2.496     7.807     9.690   -35.413     0.038   260.001   264.921    46.411   979.313    18.125   207.707
    18.500     2.653     2.484     7.799     9.687   -35.374     0.034   259.991   265.316    46.456   979.312    18.375   207.670
    18.750     2.651     2.478     7.789     9.682   -35.332     0.032   259.979   265.532    46.526   979.315    18.625   207.596
    19.000     2.403     2.440     7.785     9.683   -35.306     0.033   259.980   264.834    46.667   979.069    18.875   207.411
    19.250     2.416     2.452     7.779     9.680   -35.298     0.040   259.981   264.070    46.772   978.878    19.125   207.304
    19.500     2.458     2.440     7.770     9.674   -35.350     0.050   259.977   263.714    46.846   978.709    19.375   207.213
    19.750     2.392     2.493     7.766     9.669   -35.425     0.056   259.983   263.372    46.915   978.480    19.625   207.131
    20.000     2.463     2.503     7.762     9.660   -35.500     0.055   259.984   263.736    46.939   978.397    19.875   207.069
    20.250     2.460     2.503     7.760     9.652   -35.550     0.050   259.986   264.090    46.948   978.324    20.125   206.988
    20.500     2.650     2.497     7.752     9.641   -35.538     0.043   259.984   264.506    46.928   978.384    20.375   206.911
    20.750     2.570     2.504     7.746     9.637   -35.523     0.038   259.983   264.851    46.953   978.336    20.625   206.824
    21.000     2.712     2.498     7.735     9.629   -35.481     0.034   259.971   265.349    46.970   978.415    20.875   206.777
    21.250     2.640     2.486     7.725     9.625   -35.456     0.032   259.959   265.556    47.020   978.407    21.125   206.722
    21.500     2.512     2.498     7.718     9.621   -35.433     0.032   259.956   265.345    47.119   978.283    21.375   206.585
    21.750     2.424     2.506     7.713     9.619   -35.421     0.034   259.955   264.723    47.237   978.047    21.625   206.370
    22.000     2.447     2.435     7.703     9.613   -35.428     0.041   259.954   264.147    47.320   977.893    21.875   206.261
    22.250     2.423     2.491     7.697     9.608   -35.477     0.047   259.957   263.820    47.395   977.687    22.125   206.150
    22.500     2.450     2.492     7.692     9.599   -35.545     0.048   259.957   263.926    47.437   977.561    22.375   206.041
    22.750     2.431     2.492     7.690     9.592   -35.600     0.047   259.961   264.058    47.471   977.425    22.625   205.894
    23.000     2.566     2.499     7.683     9.582   -35.626     0.045   259.960   264.384    47.480   977.391    22.875   205.749
    23.250     2.583     2.492     7.675     9.575   -35.628     0.041   259.958   264.663    47.505   977.344    23.125   205.602
    23.500     2.650     2.494     7.665     9.567   -35.617     0.037   259.950   265.080    47.533   977.349    23.375   205.478
    23.750     2.557     2.485     7.658     9.563   -35.608     0.035   259.943   265.066    47.599   977.240    23.625   205.324
    24.000     2.554     2.484     7.651     9.558   -35.590     0.034   259.937   265.076    47.664   977.162    23.875   205.190
    24.250     2.516     2.488     7.644     9.551   -35.592     0.036   259.933   264.866    47.734   977.059    24.125   205.048
    24.500     2.499     2.467     7.636     9.545   -35.605     0.037   259.930   264.748    47.803   976.940    24.375   204.890
    24.750     2.510     2.497     7.628     9.538   -35.625     0.038   259.929   264.747    47.863   976.840    24.625   204.727
    25.000     2.534     2.495     7.619     9.529   -35.633     0.036   259.928   265.053    47.914   976.771    24.875   204.556
    25.250     2.523     2.486     7.609     9.522   -35.640     0.035   259.924   264.925    47.978   976.639    25.125   204.336
    25.500     2.459     2.484     7.603     9.518   -35.652     0.036   259.923   264.716    48.058   976.451    25.375   204.108
    25.750     2.511     2.484     7.595     9.510   -35.663     0.037   259.921   264.618    48.113   976.358    25.625   203.932
    26.000     2.512     2.504     7.587     9.502   -35.673     0.038   259.921   264.719    48.133   976.314    25.875   203.879
    26.250     2.536     2.484     7.578     9.494   -35.695     0.038   259.916   264.689    48.148   976.265    26.125   203.825
    26.500     2.453     2.491     7.572     9.489   -35.722     0.039   259.917   264.560    48.183   976.149    26.375   203.770
    26.750     2.463     2.478     7.567     9.483   -35.743     0.039   259.916   264.523    48.209   976.046    26.625   203.717
    27.000     2.608     2.502     7.557     9.471   -35.751     0.039   259.911   264.836    48.210   976.101    26.875   203.673
    27.250     2.513     2.495     7.550     9.464   -35.774     0.037   259.906   264.882    48.224   976.041    27.125   203.625
    27.500     2.599     2.472     7.541     9.452   -35.775     0.035   259.900   265.202    48.220   976.107    27.375   203.585
    27.750     2.537     2.472     7.532     9.444   -35.771     0.033   259.897   265.310    48.230   976.091    27.625   203.542
    28.000     2.516     2.483     7.523     9.437   -35.761     0.031   259.897   265.419    48.250   976.069    27.875   203.501
    28.250     2.509     2.491     7.513     9.431   -35.751     0.031   259.893   265.233    48.280   976.000    28.125   203.453
    28.500     2.486     2.468     7.502     9.426   -35.751     0.032   259.892   265.041    48.325   975.926    28.375   203.410
    28.750     2.480     2.473     7.492     9.421   -35.763     0.034   259.891   264.831    48.365   975.825    28.625   203.369
    29.000     2.470     2.454     7.483     9.414   -35.802     0.035   259.890   264.859    48.397   975.753    28.875   203.332
    29.250     2.493     2.465     7.476     9.406   -35.842     0.035   259.888   264.865    48.411   975.724    29.125   203.293
    29.500     2.521     2.498     7.467     9.397   -35.861     0.034   259.886   265.070    48.412   975.713    29.375   203.258
    29.750     2.522     2.481     7.457     9.389   -35.874     0.032   259.884   265.132    48.421   975.712    29.625   203.220
    30.000     2.522     2.488     7.447     9.382   -35.865     0.032   259.881   265.076    48.435   975.672    29.875   203.179
    30.250     2.483     2.493     7.438     9.377   -35.850     0.032   259.879   264.999    48.468   975.604    30.125   203.141
    30.500     2.479     2.469     7.428     9.370   -35.853     0.033   259.877   264.768    48.498   975.534    30.375   203.104
    30.750     2.495     2.469     7.419     9.362   -35.867     0.035   259.875   264.654    48.520   975.469    30.625   203.066
    31.000     2.479     2.475     7.411     9.355   -35.910     0.036   259.872   264.655    48.537   975.405    30.875   203.030
    31.250     2.500     2.473     7.404     9.346   -35.960     0.035   259.872   264.784    48.542   975.415    31.125   203.002
    31.500     2.507     2.462     7.397     9.337   -35.989     0.034   259.870   265.106    48.534   975.427    31.375   202.973
    31.750     2.543     2.470     7.387     9.329   -35.984     0.032   259.867   265.261    48.531   975.464    31.625   202.943
    32.000     2.532     2.469     7.376     9.324   -35.959     0.031   259.862   265.180    48.546   975.430    31.875   202.907
    32.250     2.488     2.466     7.366     9.319   -35.932     0.031   259.859   265.066    48.587   975.362    32.125   202.875
    32.500     2.462     2.470     7.356     9.313   -35.921     0.033   259.857   264.673    48.629   975.257    32.375   202.842
    32.750     2.459     2.483     7.347     9.306   -35.952     0.037   259.854   264.267    48.656   975.148    32.625   202.809
    33.000     2.415     2.466     7.341     9.299   -36.023     0.040   259.855   264.322    48.678   975.039    32.875   202.784
    33.250     2.442     2.476     7.338     9.290   -36.108     0.039   259.857   264.843    48.668   975.029    33.125   202.771
    33.500     2.597     2.480     7.329     9.277   -36.145     0.036   259.855   265.342    48.613   975.178    33.375   202.765
    33.750     2.618     2.467     7.318     9.268   -36.152     0.032   259.847   266.051    48.575   975.304    33.625   202.755
    34.000     2.606     2.455     7.305     9.262   -36.120     0.028   259.838   266.238    48.579   975.390    33.875   202.741
    34.250     2.558     2.452     7.291     9.257   -36.060     0.025   259.829   266.188    48.618   975.415    34.125   202.717
    34.500     2.486     2.459     7.279     9.253   -36.004     0.025   259.823   265.485    48.683   975.347    34.375   202.692
    34.750     2.267     2.420     7.267     9.251   -36.026     0.034   259.823   263.913    48.776   975.081    34.625   202.663
    35.000     2.254     2.451     7.257     9.248   -36.076     0.051   259.833   262.706    48.858   974.784    34.875   202.631
    35.250     2.386     2.471     7.250     9.237   -36.174     0.062   259.839   262.792    48.876   974.661    35.125   202.604
    35.500     2.354     2.472     7.251     9.225   -36.308     0.062   259.846   263.222    48.833   974.585    35.375   202.591
    35.750     2.489     2.476     7.251     9.211   -36.404     0.055   259.847   264.000    48.723   974.695    35.625   202.624
    36.000     2.526     2.483     7.250     9.200   -36.446     0.046   259.851   264.499    48.619   974.840    35.875   202.655
    36.250     2.641     2.471     7.243     9.190   -36.429     0.038   259.845   265.137    48.532   975.055    36.125   202.689
    36.500     2.655     2.468     7.233     9.181   -36.380     0.031   259.835   265.776    48.487   975.270    36.375   202.727
    36.750     2.628     2.466     7.219     9.173   -36.314     0.027   259.823   266.227    48.491   975.472    36.625   202.752
    37.000     2.611     2.459     7.200     9.163   -36.241     0.024   259.813   266.515    48.520   975.668    36.875   202.757
    37.250     2.778     2.446     7.169     9.147   -36.139     0.023   259.787   266.206    48.545   975.900    37.125   202.748
    37.500     2.332     2.394     7.147     9.147   -36.130     0.032   259.779   263.950    48.661   975.658    37.375   202.721
    37.750     1.944     2.412     7.143     9.154   -36.192     0.047   259.805   262.309    48.832   975.140    37.625   202.686
    38.000     2.232     2.460     7.136     9.145   -36.279     0.064   259.822   261.558    48.879   974.909    37.875   202.650
    38.250     2.371     2.467     7.133     9.133   -36.381     0.071   259.829   261.898    48.838   974.794    38.125   202.609
    38.500     2.404     2.459     7.135     9.122   -36.508     0.069   259.834   262.404    48.767   974.738    38.375   202.578
    38.750     2.482     2.460     7.138     9.112   -36.593     0.061   259.837   263.129    48.671   974.795    38.625   202.575
    39.000     2.561     2.467     7.139     9.103   -36.628     0.051   259.836   263.909    48.577   974.927    38.875   202.592
    39.250     2.649     2.457     7.135     9.095   -36.598     0.042   259.827   264.529    48.503   975.120    39.125   202.614
    39.500     2.653     2.458     7.127     9.089   -36.546     0.035   259.815   265.230    48.469   975.315    39.375   202.641
    39.750     2.594     2.457     7.117     9.083   -36.477     0.030   259.806   265.543    48.482   975.482    39.625   202.652
    40.000     2.609     2.460     7.101     9.074   -36.397     0.026   259.795   266.074    48.510   975.670    39.875   202.655
    40.250     2.769     2.488     7.074     9.060   -36.302     0.024   259.769   266.043    48.532   975.876    40.125   202.646
    40.500     2.416     2.405     7.050     9.056   -36.248     0.030   259.761   264.126    48.634   975.786    40.375   202.627
    40.750     2.048     2.423     7.041     9.062   -36.287     0.045   259.779   262.438    48.785   975.349    40.625   202.592
    41.000     2.096     2.459     7.038     9.061   -36.376     0.061   259.796   261.282    48.870   974.949    40.875   202.549
    41.250     2.324     2.467     7.033     9.052   -36.475     0.073   259.810   261.253    48.869   974.772    41.125   202.509
    41.500     2.449     2.447     7.033     9.039   -36.609     0.073   259.808   261.924    48.806   974.732    41.375   202.474
    41.750     2.412     2.450     7.040     9.031   -36.715     0.066   259.813   262.549    48.724   974.713    41.625   202.449
    42.000     2.506     2.445     7.046     9.023   -36.769     0.056   259.813   263.341    48.621   974.808    41.875   202.458
    42.250     2.600     2.451     7.046     9.016   -36.759     0.046   259.811   263.932    48.537   974.978    42.125   202.477
    42.500     2.633     2.448     7.042     9.010   -36.709     0.038   259.802   264.691    48.485   975.166    42.375   202.501
    42.750     2.637     2.445     7.033     9.004   -36.643     0.032   259.788   265.320    48.475   975.365    42.625   202.527
    43.000     2.599     2.453     7.020     8.997   -36.569     0.028   259.778   265.739    48.500   975.549    42.875   202.537
    43.250     2.733     2.475     6.996     8.985   -36.473     0.025   259.760   265.948    48.524   975.803    43.125   202.540
    43.500     2.471     2.415     6.975     8.981   -36.433     0.034   259.745   264.657    48.609   975.743    43.375   202.520
    43.750     2.291     2.373     6.955     8.979   -36.403     0.039   259.743   263.043    48.724   975.530    43.625   202.497
    44.000     2.060     2.415     6.948     8.983   -36.452     0.053   259.764   261.783    48.847   975.133    43.875   202.460
    44.250     2.233     2.426     6.942     8.978   -36.538     0.068   259.777   261.069    48.885   974.856    44.125   202.416
    44.500     2.425     2.448     6.938     8.967   -36.654     0.075   259.780   261.525    48.859   974.749    44.375   202.376
    44.750     2.404     2.432     6.943     8.958   -36.787     0.072   259.782   261.913    48.802   974.662    44.625   202.342
    45.000     2.382     2.449     6.954     8.952   -36.885     0.064   259.787   262.500    48.723   974.619    44.875   202.328
    45.250     2.484     2.437     6.961     8.945   -36.924     0.054   259.788   263.271    48.625   974.716    45.125   202.340
    45.500     2.562     2.448     6.964     8.938   -36.899     0.044   259.789   263.807    48.545   974.889    45.375   202.360
    45.750     2.611     2.446     6.960     8.932   -36.840     0.037   259.781   264.531    48.493   975.100    45.625   202.385
    46.000     2.641     2.449     6.950     8.925   -36.764     0.031   259.769   265.150    48.480   975.334    45.875   202.416
    46.250     2.599     2.448     6.935     8.918   -36.684     0.027   259.758   265.579    48.504   975.537    46.125   202.428
    46.500     2.808     2.466     6.906     8.903   -36.578     0.025   259.734   265.786    48.521   975.835    46.375   202.433
    46.750     2.401     2.403     6.886     8.902   -36.552     0.035   259.722   264.433    48.622   975.721    46.625   202.414
    47.000     2.248     2.368     6.867     8.901   -36.532     0.039   259.723   262.795    48.746   975.484    46.875   202.392
    47.250     2.076     2.407     6.859     8.904   -36.575     0.052   259.744   261.604    48.860   975.110    47.125   202.355
    47.500     2.242     2.417     6.853     8.900   -36.658     0.066   259.755   260.999    48.893   974.838    47.375   202.311
    47.750     2.438     2.439     6.849     8.889   -36.766     0.073   259.758   261.419    48.866   974.737    47.625   202.271
    48.000     2.410     2.424     6.854     8.881   -36.899     0.070   259.758   261.878    48.811   974.648    47.875   202.235
    48.250     2.378     2.441     6.866     8.875   -36.995     0.062   259.764   262.431    48.736   974.598    48.125   202.218
    48.500     2.483     2.430     6.874     8.869   -37.033     0.052   259.765   263.226    48.639   974.693    48.375   202.228
    48.750     2.560     2.440     6.877     8.863   -37.009     0.043   259.764   263.776    48.562   974.865    48.625   202.248
    49.000     2.609     2.439     6.874     8.857   -36.950     0.036   259.755   264.504    48.512   975.072    48.875   202.273
    49.250     2.628     2.435     6.864     8.851   -36.878     0.030   259.742   265.110    48.502   975.297    49.125   202.302
    49.500     2.594     2.441     6.849     8.844   -36.799     0.027   259.731   265.531    48.528   975.496    49.375   202.315
    49.750     2.799     2.458     6.820     8.830   -36.694     0.024   259.707   265.720    48.548   975.786    49.625   202.319
    50.000     2.396     2.403     6.799     8.829   -36.669     0.032   259.696   264.143    48.653   975.665    49.875   202.301
    50.250     2.190     2.395     6.783     8.830   -36.649     0.038   259.702   262.729    48.781   975.391    50.125   202.276
    50.500     2.076     2.396     6.777     8.832   -36.699     0.050   259.719   261.596    48.885   975.027    50.375   202.239
    50.750     2.285     2.410     6.769     8.827   -36.779     0.064   259.729   261.068    48.909   974.791    50.625   202.196
    51.000     2.443     2.431     6.765     8.817   -36.886     0.070   259.730   261.484    48.882   974.695    50.875   202.160
    51.250     2.393     2.417     6.772     8.809   -37.017     0.067   259.731   261.910    48.827   974.602    51.125   202.125
    51.500     2.362     2.435     6.785     8.803   -37.110     0.059   259.738   262.439    48.752   974.552    51.375   202.109
    51.750     2.470     2.425     6.793     8.797   -37.145     0.050   259.739   263.214    48.657   974.650    51.625   202.121
    52.000     2.547     2.435     6.796     8.790   -37.118     0.041   259.739   263.749    48.579   974.828    51.875   202.141
    52.250     2.603     2.433     6.792     8.784   -37.058     0.035   259.730   264.466    48.529   975.043    52.125   202.167
    52.500     2.620     2.429     6.781     8.778   -36.985     0.030   259.717   265.062    48.519   975.270    52.375   202.196
    52.750     2.591     2.431     6.765     8.771   -36.907     0.026   259.705   265.474    48.546   975.472    52.625   202.209
    53.000     2.818     2.450     6.734     8.757   -36.800     0.024   259.679   265.666    48.564   975.773    52.875   202.215
    53.250     2.363     2.433     6.713     8.756   -36.774     0.031   259.670   263.891    48.677   975.632    53.125   202.199
    53.500     2.128     2.386     6.699     8.759   -36.764     0.038   259.679   262.515    48.810   975.315    53.375   202.173
    53.750     2.089     2.433     6.693     8.760   -36.823     0.051   259.697   261.375    48.908   974.955    53.625   202.137
    54.000     2.260     2.405     6.687     8.755   -36.907     0.064   259.708   260.815    48.927   974.716    53.875   202.093
    54.250     2.457     2.421     6.684     8.744   -37.021     0.069   259.707   261.453    48.886   974.656    54.125   202.058
    54.500     2.359     2.408     6.693     8.737   -37.149     0.065   259.710   261.839    48.828   974.553    54.375   202.024
    54.750     2.394     2.426     6.704     8.730   -37.231     0.057   259.717   262.447    48.742   974.551    54.625   202.016
    55.000     2.462     2.417     6.712     8.725   -37.258     0.048   259.718   263.199    48.650   974.651    54.875   202.027
    55.250     2.568     2.427     6.714     8.718   -37.220     0.040   259.714   263.757    48.575   974.845    55.125   202.049
    55.500     2.604     2.426     6.709     8.713   -37.158     0.033   259.704   264.461    48.533   975.059    55.375   202.076
    55.750     2.603     2.423     6.697     8.707   -37.085     0.029   259.691   265.030    48.533   975.276    55.625   202.102
    56.000     2.587     2.425     6.680     8.700   -37.006     0.025   259.679   265.418    48.562   975.475    55.875   202.115
    56.250     2.837     2.438     6.647     8.685   -36.894     0.023   259.649   265.534    48.580   975.781    56.125   202.119
    56.500     2.321     2.368     6.627     8.685   -36.877     0.031   259.640   263.751    48.696   975.607    56.375   202.102
    56.750     2.040     2.383     6.617     8.691   -36.903     0.040   259.658   262.193    48.842   975.221    56.625   202.074
    57.000     2.114     2.372     6.611     8.691   -36.961     0.053   259.675   261.181    48.923   974.895    56.875   202.039
    57.250     2.255     2.397     6.608     8.685   -37.043     0.063   259.689   260.755    48.935   974.655    57.125   201.997
    57.500     2.449     2.411     6.608     8.673   -37.156     0.065   259.685   261.521    48.877   974.612    57.375   201.965
    57.750     2.352     2.410     6.619     8.666   -37.269     0.060   259.691   261.983    48.809   974.543    57.625   201.935
    58.000     2.438     2.413     6.628     8.660   -37.328     0.052   259.695   262.695    48.714   974.606    57.875   201.931
    58.250     2.511     2.424     6.633     8.654   -37.332     0.044   259.695   263.227    48.629   974.743    58.125   201.944
    58.500     2.604     2.417     6.630     8.649   -37.285     0.036   259.684   264.025    48.566   974.943    58.375   201.966
    58.750     2.618     2.410     6.622     8.644   -37.223     0.031   259.670   264.685    48.546   975.149    58.625   201.995
    59.000     2.568     2.416     6.610     8.639   -37.152     0.027   259.658   265.157    48.568   975.326    58.875   202.007
    59.250     2.631     2.441     6.589     8.630   -37.071     0.024   259.644   265.446    48.601   975.534    59.125   202.015
    59.500     2.613     2.375     6.562     8.622   -36.989     0.023   259.620   264.836    48.655   975.628    59.375   202.006
    59.750     2.182     2.331     6.546     8.624   -36.993     0.030   259.620   263.000    48.787   975.345    59.625   201.986
    60.000     2.016     2.410     6.542     8.628   -37.046     0.041   259.644   261.540    48.912   974.948    59.875   201.957
    60.250     2.208     2.396     6.536     8.623   -37.085     0.053   259.660   260.993    48.946   974.710    60.125   201.921
    60.500     2.392     2.417     6.533     8.612   -37.171     0.059   259.666   261.252    48.909   974.628    60.375   201.886
    60.750     2.389     2.410     6.538     8.604   -37.293     0.056   259.666   261.922    48.844   974.568    60.625   201.855
    61.000     2.422     2.406     6.547     8.596   -37.374     0.050   259.668   262.618    48.757   974.604    60.875   201.837
    61.250     2.504     2.419     6.552     8.590   -37.404     0.043   259.667   263.346    48.668   974.720    61.125   201.850
    61.500     2.613     2.409     6.550     8.584   -37.373     0.036   259.656   263.979    48.595   974.917    61.375   201.872
    61.750     2.594     2.401     6.544     8.580   -37.327     0.031   259.642   264.661    48.570   975.092    61.625   201.896
    62.000     2.556     2.405     6.533     8.576   -37.267     0.027   259.631   265.129    48.586   975.248    61.875   201.908
    62.250     2.562     2.395     6.517     8.570   -37.198     0.024   259.617   265.486    48.620   975.416    62.125   201.916
    62.500     2.674     2.374     6.490     8.560   -37.110     0.023   259.593   265.381    48.658   975.583    62.375   201.912
    62.750     2.185     2.338     6.475     8.562   -37.095     0.027   259.595   263.374    48.783   975.304    62.625   201.892
    63.000     2.031     2.358     6.468     8.566   -37.139     0.038   259.613   261.829    48.910   974.956    62.875   201.868
    63.250     2.210     2.387     6.461     8.561   -37.178     0.051   259.628   261.023    48.950   974.706    63.125   201.834
    63.500     2.332     2.412     6.459     8.552   -37.249     0.058   259.638   261.134    48.931   974.579    63.375   201.801
    63.750     2.391     2.406     6.463     8.541   -37.372     0.056   259.638   261.870    48.867   974.545    63.625   201.774
    64.000     2.393     2.405     6.472     8.533   -37.464     0.050   259.643   262.491    48.780   974.573    63.875   201.755
    64.250     2.463     2.418     6.478     8.527   -37.503     0.043   259.644   263.194    48.686   974.681    64.125   201.764
    64.500     2.604     2.405     6.476     8.519   -37.477     0.036   259.634   263.824    48.602   974.888    64.375   201.786
    64.750     2.598     2.395     6.469     8.515   -37.432     0.031   259.620   264.544    48.569   975.073    64.625   201.813
    65.000     2.551     2.396     6.459     8.511   -37.374     0.027   259.608   265.018    48.583   975.226    64.875   201.826
    65.250     2.564     2.401     6.442     8.506   -37.307     0.024   259.595   265.391    48.618   975.390    65.125   201.835
    65.500     2.672     2.367     6.416     8.495   -37.221     0.022   259.569   265.362    48.654   975.565    65.375   201.833
    65.750     2.157     2.331     6.402     8.499   -37.198     0.026   259.572   263.394    48.783   975.276    65.625   201.815
    66.000     2.070     2.352     6.394     8.501   -37.235     0.036   259.589   261.884    48.900   974.978    65.875   201.794
    66.250     2.195     2.376     6.387     8.497   -37.294     0.049   259.603   261.029    48.941   974.716    66.125   201.761
    66.500     2.321     2.406     6.384     8.488   -37.360     0.057   259.614   260.971    48.928   974.579    66.375   201.729
    66.750     2.361     2.393     6.389     8.478   -37.483     0.056   259.615   261.660    48.869   974.518    66.625   201.703
    67.000     2.363     2.402     6.399     8.470   -37.576     0.050   259.621   262.224    48.787   974.522    66.875   201.686
    67.250     2.435     2.396     6.406     8.464   -37.617     0.043   259.623   262.950    48.687   974.632    67.125   201.697
    67.500     2.563     2.403     6.407     8.456   -37.594     0.036   259.617   263.531    48.600   974.834    67.375   201.719
    67.750     2.594     2.399     6.400     8.451   -37.548     0.031   259.605   264.251    48.552   975.043    67.625   201.748
    68.000     2.560     2.393     6.389     8.446   -37.488     0.027   259.592   264.794    48.554   975.221    67.875   201.768
    68.250     2.559     2.396     6.373     8.441   -37.419     0.024   259.578   265.184    48.586   975.393    68.125   201.780
    68.500     2.721     2.394     6.345     8.430   -37.327     0.022   259.553   265.339    48.615   975.630    68.375   201.784
    68.750     2.223     2.348     6.328     8.432   -37.298     0.025   259.549   263.588    48.734   975.389    68.625   201.768
    69.000     2.040     2.361     6.320     8.436   -37.331     0.033   259.567   262.013    48.863   975.081    68.875   201.749
    69.250     2.180     2.368     6.312     8.432   -37.382     0.045   259.581   260.966    48.914   974.821    69.125   201.720
    69.500     2.237     2.403     6.311     8.426   -37.437     0.054   259.596   260.681    48.919   974.615    69.375   201.684
    69.750     2.394     2.398     6.313     8.415   -37.546     0.054   259.595   261.561    48.858   974.585    69.625   201.659
    70.000     2.388     2.397     6.321     8.406   -37.642     0.049   259.600   262.155    48.774   974.613    69.875   201.639
    70.250     2.424     2.389     6.329     8.400   -37.689     0.043   259.601   262.858    48.682   974.700    70.125   201.638
    70.500     2.596     2.394     6.328     8.392   -37.671     0.036   259.592   263.487    48.592   974.909    70.375   201.658
    70.750     2.579     2.382     6.322     8.388   -37.632     0.031   259.578   264.215    48.553   975.085    70.625   201.680
    71.000     2.540     2.383     6.312     8.385   -37.578     0.027   259.566   264.733    48.564   975.228    70.875   201.692
    71.250     2.556     2.386     6.296     8.381   -37.514     0.024   259.552   265.128    48.598   975.385    71.125   201.702
    71.500     2.650     2.389     6.271     8.372   -37.431     0.022   259.530   265.059    48.637   975.550    71.375   201.701
    71.750     2.136     2.327     6.260     8.376   -37.401     0.024   259.532   263.411    48.762   975.280    71.625   201.685
    72.000     2.105     2.337     6.251     8.376   -37.427     0.032   259.547   261.965    48.863   975.038    71.875   201.667
    72.250     2.217     2.362     6.243     8.372   -37.474     0.044   259.560   260.982    48.902   974.803    72.125   201.639
    72.500     2.270     2.396     6.240     8.365   -37.533     0.051   259.573   260.898    48.906   974.616    72.375   201.608
    72.750     2.378     2.383     6.243     8.355   -37.641     0.050   259.570   261.629    48.853   974.570    72.625   201.586
    73.000     2.345     2.394     6.253     8.347   -37.739     0.046   259.576   262.150    48.776   974.558    72.875   201.568
    73.250     2.412     2.387     6.262     8.340   -37.783     0.040   259.579   262.834    48.676   974.668    73.125   201.574
    73.500     2.539     2.395     6.263     8.332   -37.767     0.034   259.574   263.398    48.585   974.867    73.375   201.596
    73.750     2.579     2.387     6.257     8.326   -37.728     0.029   259.561   264.114    48.533   975.075    73.625   201.624
    74.000     2.548     2.380     6.246     8.322   -37.673     0.026   259.548   264.651    48.533   975.251    73.875   201.643
    74.250     2.554     2.382     6.229     8.317   -37.609     0.023   259.534   265.034    48.564   975.422    74.125   201.655
    74.500     2.671     2.382     6.201     8.308   -37.530     0.021   259.509   265.001    48.601   975.608    74.375   201.659
    74.750     2.155     2.320     6.188     8.312   -37.500     0.023   259.511   263.409    48.728   975.347    74.625   201.645
    75.000     2.090     2.370     6.181     8.313   -37.529     0.031   259.526   261.917    48.835   975.086    74.875   201.628
    75.250     2.191     2.355     6.172     8.309   -37.573     0.042   259.539   260.950    48.878   974.855    75.125   201.601
    75.500     2.248     2.391     6.170     8.302   -37.623     0.048   259.554   260.824    48.878   974.674    75.375   201.572
    75.750     2.390     2.385     6.172     8.291   -37.721     0.048   259.552   261.548    48.819   974.660    75.625   201.550
    76.000     2.378     2.386     6.180     8.283   -37.812     0.044   259.556   262.217    48.737   974.697    75.875   201.532
    76.250     2.445     2.395     6.186     8.276   -37.851     0.038   259.557   262.884    48.646   974.809    76.125   201.529
    76.500     2.580     2.374     6.184     8.269   -37.831     0.033   259.545   263.534    48.564   975.004    76.375   201.546
    76.750     2.527     2.370     6.178     8.267   -37.796     0.029   259.534   264.171    48.544   975.139    76.625   201.556
    77.000     2.549     2.371     6.166     8.264   -37.744     0.025   259.520   264.677    48.560   975.282    76.875   201.569
    77.250     2.532     2.359     6.149     8.261   -37.682     0.023   259.504   264.884    48.603   975.412    77.125   201.574
    77.500     2.496     2.340     6.129     8.256   -37.628     0.022   259.487   264.361    48.668   975.413    77.375   201.567
    77.750     2.117     2.370     6.122     8.258   -37.610     0.023   259.499   263.178    48.782   975.181    77.625   201.555
    78.000     2.135     2.372     6.115     8.255   -37.629     0.030   259.513   261.785    48.846   974.987    77.875   201.536
    78.250     2.242     2.347     6.106     8.250   -37.662     0.042   259.521   260.946    48.866   974.769    78.125   201.507
    78.500     2.346     2.377     6.102     8.241   -37.742     0.050   259.525   260.905    48.851   974.666    78.375   201.484
    78.750     2.310     2.368     6.109     8.233   -37.866     0.050   259.528   261.483    48.804   974.584    78.625   201.464
    79.000     2.311     2.387     6.120     8.227   -37.955     0.045   259.537   261.965    48.728   974.570    78.875   201.453
    79.250     2.411     2.375     6.128     8.220   -37.989     0.039   259.539   262.679    48.628   974.698    79.125   201.470
    79.500     2.529     2.384     6.128     8.212   -37.962     0.033   259.534   263.235    48.542   974.909    79.375   201.495
    79.750     2.567     2.378     6.121     8.206   -37.915     0.028   259.520   263.933    48.494   975.127    79.625   201.524
    80.000     2.537     2.371     6.109     8.202   -37.855     0.025   259.507   264.451    48.498   975.312    79.875   201.544
    80.250     2.544     2.373     6.090     8.197   -37.788     0.022   259.493   264.819    48.530   975.490    80.125   201.557
    80.500     2.661     2.354     6.061     8.187   -37.710     0.021   259.466   264.687    48.570   975.664    80.375   201.559
    80.750     2.107     2.342     6.049     8.193   -37.689     0.023   259.473   263.103    48.706   975.383    80.625   201.547
    81.000     2.075     2.359     6.042     8.194   -37.718     0.031   259.490   261.579    48.805   975.125    80.875   201.530
    81.250     2.181     2.346     6.035     8.189   -37.760     0.041   259.502   260.759    48.839   974.896    81.125   201.504
    81.500     2.251     2.382     6.034     8.183   -37.808     0.046   259.516   260.734    48.835   974.737    81.375   201.476
    81.750     2.393     2.369     6.036     8.172   -37.902     0.045   259.514   261.436    48.770   974.737    81.625   201.455
    82.000     2.378     2.371     6.044     8.164   -37.991     0.041   259.516   262.055    48.688   974.777    81.875   201.437
    82.250     2.433     2.376     6.050     8.158   -38.022     0.036   259.518   262.521    48.605   974.877    82.125   201.431
    82.500     2.548     2.363     6.048     8.153   -38.002     0.031   259.506   263.337    48.536   975.045    82.375   201.441
    82.750     2.530     2.359     6.041     8.151   -37.965     0.027   259.493   263.979    48.520   975.184    82.625   201.452
    83.000     2.550     2.360     6.028     8.148   -37.914     0.024   259.477   264.483    48.539   975.332    82.875   201.464
    83.250     2.465     2.344     6.014     8.146   -37.860     0.022   259.464   264.501    48.592   975.407    83.125   201.465
    83.500     2.410     2.341     5.998     8.142   -37.804     0.021   259.455   264.100    48.661   975.388    83.375   201.459
    83.750     2.164     2.314     5.989     8.142   -37.778     0.023   259.465   262.962    48.756   975.217    83.625   201.449
    84.000     2.180     2.359     5.982     8.139   -37.797     0.028   259.477   261.779    48.806   975.033    83.875   201.430
    84.250     2.258     2.340     5.975     8.134   -37.830     0.035   259.484   261.483    48.822   974.856    84.125   201.406
    84.500     2.317     2.376     5.972     8.126   -37.880     0.037   259.491   261.581    48.806   974.766    84.375   201.387
    84.750     2.381     2.370     5.975     8.116   -37.964     0.035   259.489   262.071    48.747   974.786    84.625   201.372
    85.000     2.384     2.364     5.981     8.108   -38.027     0.032   259.490   262.501    48.673   974.847    84.875   201.360
    85.250     2.519     2.367     5.980     8.100   -38.043     0.029   259.483   263.207    48.594   975.006    85.125   201.358
    85.500     2.535     2.357     5.974     8.095   -38.026     0.026   259.470   263.888    48.551   975.160    85.375   201.363
    85.750     2.501     2.348     5.964     8.093   -37.996     0.023   259.457   264.311    48.559   975.264    85.625   201.370
    86.000     2.425     2.355     5.953     8.090   -37.958     0.022   259.449   264.307    48.604   975.313    85.875   201.374
    86.250     2.355     2.340     5.940     8.088   -37.914     0.021   259.445   263.903    48.656   975.307    86.125   201.365
    86.500     2.319     2.343     5.928     8.085   -37.875     0.021   259.445   263.419    48.715   975.226    86.375   201.355
    86.750     2.225     2.356     5.920     8.081   -37.890     0.024   259.451   262.627    48.771   975.077    86.625   201.343
    87.000     2.237     2.330     5.913     8.077   -37.907     0.029   259.457   261.986    48.794   974.910    86.875   201.324
    87.250     2.251     2.368     5.911     8.071   -37.938     0.032   259.467   261.753    48.798   974.773    87.125   201.304
    87.500     2.386     2.361     5.911     8.061   -38.007     0.032   259.466   262.085    48.748   974.805    87.375   201.292
    87.750     2.379     2.364     5.914     8.053   -38.072     0.030   259.467   262.518    48.684   974.855    87.625   201.282
    88.000     2.516     2.362     5.912     8.043   -38.096     0.027   259.458   263.254    48.608   975.029    87.875   201.281
    88.250     2.464     2.349     5.907     8.040   -38.099     0.025   259.450   263.727    48.573   975.120    88.125   201.282
    88.500     2.462     2.358     5.898     8.036   -38.079     0.023   259.442   264.098    48.579   975.204    88.375   201.290
    88.750     2.405     2.328     5.888     8.034   -38.049     0.021   259.433   264.022    48.609   975.250    88.625   201.288
    89.000     2.345     2.346     5.877     8.032   -38.001     0.020   259.432   263.663    48.661   975.210    88.875   201.278
    89.250     2.357     2.340     5.864     8.027   -37.968     0.021   259.429   263.247    48.706   975.189    89.125   201.271
    89.500     2.256     2.339     5.855     8.024   -37.983     0.024   259.431   262.559    48.753   975.033    89.375   201.257
    89.750     2.194     2.342     5.853     8.022   -37.983     0.027   259.442   262.113    48.787   974.838    89.625   201.240
    90.000     2.334     2.361     5.850     8.013   -38.029     0.028   259.446   262.053    48.766   974.813    89.875   201.227
    90.250     2.352     2.352     5.851     8.005   -38.098     0.028   259.445   262.236    48.719   974.811    90.125   201.217
    90.500     2.362     2.369     5.853     7.999   -38.155     0.027   259.447   262.629    48.669   974.834    90.375   201.215
    90.750     2.448     2.353     5.851     7.991   -38.184     0.025   259.441   263.164    48.611   974.937    90.625   201.222
    91.000     2.514     2.357     5.844     7.984   -38.177     0.023   259.431   263.778    48.568   975.113    90.875   201.234
    91.250     2.491     2.343     5.833     7.979   -38.154     0.021   259.418   264.195    48.558   975.255    91.125   201.240
    91.500     2.371     2.331     5.824     7.977   -38.132     0.020   259.412   263.993    48.591   975.265    91.375   201.239
    91.750     2.373     2.345     5.811     7.973   -38.080     0.019   259.410   263.756    48.637   975.290    91.625   201.234
    92.000     2.279     2.327     5.799     7.971   -38.062     0.020   259.410   263.008    48.691   975.187    91.875   201.224
    92.250     2.275     2.302     5.788     7.967   -38.057     0.023   259.412   262.614    48.737   975.075    92.125   201.213
    92.500     2.176     2.332     5.785     7.965   -38.077     0.027   259.423   261.743    48.772   974.867    92.375   201.196
    92.750     2.321     2.354     5.782     7.957   -38.111     0.029   259.428   261.744    48.757   974.820    92.625   201.180
    93.000     2.349     2.341     5.783     7.949   -38.181     0.029   259.427   261.994    48.711   974.813    92.875   201.169
    93.250     2.358     2.352     5.787     7.942   -38.242     0.028   259.429   262.395    48.656   974.851    93.125   201.167
    93.500     2.505     2.356     5.784     7.933   -38.266     0.026   259.421   263.137    48.584   975.026    93.375   201.173
    93.750     2.460     2.335     5.779     7.929   -38.270     0.024   259.410   263.629    48.548   975.127    93.625   201.179
    94.000     2.462     2.348     5.769     7.925   -38.249     0.022   259.402   264.018    48.550   975.234    93.875   201.190
    94.250     2.396     2.329     5.758     7.922   -38.224     0.020   259.393   263.905    48.578   975.282    94.125   201.192
    94.500     2.324     2.341     5.748     7.919   -38.179     0.019   259.394   263.552    48.628   975.261    94.375   201.186
    94.750     2.313     2.321     5.736     7.916   -38.156     0.020   259.390   262.970    48.672   975.209    94.625   201.177
    95.000     2.273     2.336     5.726     7.912   -38.141     0.022   259.395   262.301    48.717   975.094    94.875   201.166
    95.250     2.176     2.326     5.723     7.910   -38.165     0.026   259.404   261.896    48.750   974.902    95.125   201.151
    95.500     2.314     2.348     5.720     7.902   -38.192     0.027   259.409   261.843    48.734   974.862    95.375   201.137
    95.750     2.387     2.346     5.719     7.893   -38.252     0.027   259.405   262.161    48.684   974.899    95.625   201.129
    96.000     2.356     2.367     5.721     7.886   -38.309     0.026   259.406   262.502    48.635   974.939    95.875   201.125
    96.250     2.475     2.340     5.718     7.878   -38.332     0.024   259.397   263.125    48.575   975.076    96.125   201.126
    96.500     2.433     2.337     5.712     7.873   -38.337     0.023   259.391   263.476    48.550   975.173    96.375   201.131
    96.750     2.393     2.332     5.704     7.871   -38.329     0.021   259.384   263.668    48.557   975.208    96.625   201.136
    97.000     2.410     2.328     5.694     7.866   -38.295     0.020   259.377   263.746    48.578   975.291    96.875   201.138
    97.250     2.321     2.319     5.683     7.864   -38.259     0.019   259.376   263.233    48.613   975.265    97.125   201.129
    97.500     2.300     2.325     5.673     7.861   -38.235     0.020   259.376   262.764    48.661   975.190    97.375   201.120
    97.750     2.282     2.322     5.663     7.856   -38.241     0.023   259.376   262.609    48.695   975.097    97.625   201.111
    98.000     2.148     2.318     5.662     7.855   -38.260     0.026   259.390   261.578    48.729   974.881    97.875   201.095
    98.250     2.355     2.349     5.660     7.846   -38.299     0.027   259.391   261.791    48.700   974.890    98.125   201.087
    98.500     2.362     2.338     5.661     7.838   -38.355     0.027   259.389   262.195    48.649   974.936    98.375   201.081
    98.750     2.440     2.339     5.660     7.829   -38.392     0.025   259.384   262.754    48.582   975.066    98.625   201.079
    99.000     2.400     2.332     5.657     7.824   -38.412     0.023   259.380   263.113    48.545   975.126    98.875   201.081
    99.250     2.454     2.330     5.649     7.819   -38.404     0.022   259.371   263.524    48.529   975.242    99.125   201.088
    99.500     2.387     2.326     5.639     7.817   -38.394     0.021   259.364   263.625    48.548   975.269    99.375   201.091
    99.750     2.354     2.327     5.630     7.814   -38.356     0.020   259.361   263.426    48.582   975.300    99.625   201.088
   100.000     2.304     2.318     5.619     7.812   -38.321     0.019   259.360   262.912    48.618   975.252    99.875   201.078
