  1000.000     3.076     3.013     0.000     0.684    -1.565    -1.262     2.750     0.000     0.000     0.000     0.000     0.000     0.000   313.709     0.000   0.00E+00    -1.270     0.386   276.183
   950.000    -1.021     2.854     0.001     0.859     1.357    -1.366    -0.035     0.000    16.136     0.000   -13.775     0.000     0.000   313.710     0.000   0.00E+00    -2.675     0.422   272.173
   900.000    -4.793     2.032    -0.128     0.760     1.474    -1.536     0.000     0.000    16.136     0.000   -11.406     0.000     1.776   309.458     0.002   0.85E-01    -1.259     0.451   268.303
   850.000    -8.342     1.357     0.334     0.690     1.481    -1.544     0.000     0.000    15.003    -1.775    -8.934     2.114     1.685   307.184     0.031   0.24E+00    -0.537     0.486   265.265
   800.000   -11.997     0.857     0.523     0.598     1.570    -1.634     0.000     0.000    13.840    -1.683    -6.815     2.137     1.159   305.166     0.014   0.24E+00     0.051     0.519   261.923
   750.000   -15.793     0.453     0.507     0.488     1.566    -1.632     0.000     0.000    12.863    -1.067    -5.706     1.693     0.517   305.333     0.004   0.17E+00     0.435     0.542   258.233
   700.000   -19.773     0.223     0.366     0.397     1.504    -1.570     0.000     0.000    12.487    -0.392    -4.928     1.495     0.450   303.849     0.002   0.14E+00     0.600     0.556   254.149
   650.000   -24.204     0.122     0.199     0.335     1.403    -1.471     0.000     0.000    12.199    -0.322    -4.262     1.389     0.380   304.212     0.001   0.11E+00     0.634     0.559   249.625
   600.000   -29.112     0.067     0.013     0.295     1.271    -1.341     0.000     0.000    12.026    -0.256    -3.529     1.340     0.396   304.851     0.000   0.89E-01     0.582     0.553   244.622
   550.000   -34.509     0.026    -0.146     0.264     1.031    -1.103     0.000     0.000    11.916    -0.284    -2.790     1.498     0.169   305.191     0.000   0.81E-01     0.483     0.537   239.101
   500.000   -40.540     0.020    -0.221     0.280     0.941    -1.015     0.000     0.000    12.432    -0.049    -1.999     1.844     0.074   305.299     0.001   0.61E-01     0.408     0.509   233.029
   450.000   -47.206     0.017    -0.229     0.359     0.947    -1.024     0.000     0.000    13.497     0.000    -1.253     2.483     0.257   305.298     0.021   0.13E+00     0.329     0.472   226.363
   400.000   -54.521     0.014    -0.222     0.498     0.886    -0.966     0.000     0.000    15.564     0.000    -0.722     3.952     0.872   305.958     0.084   0.14E+00     0.239     0.422   219.041
   350.000   -62.610     0.014    -0.203     0.738     0.866    -0.949    -0.000     0.000     6.529     0.000    -0.402     1.298     9.769   306.145     0.209   0.10E+00     0.243     0.360   210.966
   300.000   -71.208     0.005    -0.366     0.806     0.607    -0.692     0.000     0.000     2.328     0.000    -0.236     0.365     4.442   306.475     0.305   0.78E-01     0.239     0.260   201.972
   250.000   -74.926     0.003    -3.661     0.855     0.518    -0.597     0.000     0.000     1.307    -0.000    -0.102     0.205     1.151   310.473     0.334   0.59E-01     0.168     0.178   191.614
   200.000   -73.531     0.001    -4.000     0.297     0.346    -0.408     0.000     0.000     0.745     0.000    -0.044     0.124     0.637   321.261     0.052   0.42E-01     0.117     0.134   178.994
   150.000   -74.074     0.001    -4.000     0.262     0.243    -0.287     0.000     0.000     0.391     0.000    -0.015     0.067     0.400   334.462     0.051   0.25E-01     0.000     0.094   162.740
   100.000   -72.230     0.001    -4.000     0.193     0.072    -0.087     0.000     0.000     0.000     0.000    -0.000     0.000     0.391   356.131     0.043   0.92E-02     0.000     0.054   139.899
    80.000   -68.765     0.001    -4.000     0.034     0.000     0.004     0.000     0.000     0.000     0.000     0.000     0.000     0.000   372.185     0.000   0.11E-09    -0.000     0.000     0.000
    60.000   -61.018     0.001     0.000     0.008     0.000     0.017     0.000     0.000     0.000     0.000     0.000     0.000     0.000   397.130     0.000   0.00E+00     0.000     0.000     0.000
    40.000   -50.734     0.001     0.000     0.002     0.000     0.032     0.000     0.000     0.000     0.000     0.000     0.000     0.000   431.913     0.000   0.00E+00     0.000     0.000     0.000
    30.000   -42.472     0.001     0.000     0.001     0.000     0.044     0.000     0.000     0.000     0.000     0.000     0.000     0.000   457.200     0.000   0.00E+00     0.000     0.000     0.000
    25.000   -26.083     0.001     0.000     0.000     0.000     0.068     0.000     0.000     0.000     0.000     0.000     0.000     0.000   483.898     0.000   0.00E+00    -0.001     0.000     0.000
