  1000.000    37.971    34.270    -0.007     0.807    -1.432    -2.198     2.412     0.000     0.000     0.000     0.000     0.000     0.000   450.101     0.000   0.00E+00    -4.353     0.442   311.181
   950.000    33.645    33.971     0.063     0.982     2.721     0.701    -2.466     0.000     5.673     0.000    -8.926     0.000     0.000   450.089     0.009   0.46E-04   -11.350     0.475   306.696
   900.000    32.464    29.506     0.489     0.847     0.745    -0.832     0.000     0.000     5.661     0.000    -3.897     0.000     0.239   436.071     0.002   0.24E+00    -6.541     0.497   304.818
   850.000    30.009    26.727     1.302     0.857     0.708    -0.794     0.000     0.000     5.414    -0.227    -4.838     0.237     0.050   428.942     0.004   0.92E-01    -5.143     0.529   303.113
   800.000    27.715    23.994     2.176     0.870     0.998    -1.079     0.000     0.000     5.187    -0.000    -4.026     0.107     0.279   421.922     0.015   0.11E+00    -3.952     0.556   301.305
   750.000    25.421    21.430     2.970     0.880     1.287    -1.362     0.000     0.000     4.892     0.000    -2.937     0.103     0.335   415.259     0.019   0.19E+00    -2.711     0.574   299.379
   700.000    23.147    19.008     3.611     0.897     1.591    -1.657     0.000     0.000     4.545     0.000    -1.992     0.097     0.381   409.915     0.035   0.23E+00    -1.789     0.581   297.317
   650.000    20.859    16.701     4.068     0.923     1.927    -1.982     0.000     0.000     4.162     0.000    -1.310     0.092     0.415   405.918     0.193   0.28E+00    -1.060     0.576   295.095
   600.000    18.487    14.514     4.349     0.952     2.207    -2.250     0.000     0.000     3.756     0.000    -1.072     0.092     0.437   402.756     0.647   0.76E+00    -1.319     0.558   292.684
   550.000    15.918    12.516     4.428     0.961     2.490    -2.519     0.000     0.000     3.337     0.000    -0.981     0.104     0.451   399.565     0.686   0.10E+01    -1.421     0.528   290.046
   500.000    13.203    10.482     4.466     0.966     2.730    -2.742     0.000     0.000     2.913     0.000    -0.877     0.118     0.459   396.097     0.688   0.10E+01    -1.487     0.487   287.128
   450.000    10.910     7.770     4.495     0.979     2.983    -2.970     0.000     0.000     2.487     0.000    -0.733     0.132     0.470   391.759     0.690   0.10E+01    -1.542     0.434   283.849
   400.000     7.446     5.700     3.971     1.012     3.212    -3.193     0.009     0.000     1.760     0.000    -0.600     0.166     0.835   385.312     0.703   0.10E+01    -1.694     0.367   280.120
   350.000     2.486     4.390    -2.240     0.979     3.061    -3.025     0.005     0.000     1.542    -0.028    -0.544     0.162     0.288   375.537     0.631   0.72E+00    -0.502     0.269   275.794
   300.000    -4.410     3.564    -4.000     0.886     3.698    -3.115    -0.378     0.000     1.242    -0.027    -0.456     0.159     0.352   370.476     0.449   0.39E+00     0.168     0.236   270.901
   250.000   -12.756     2.907    -4.000     0.719     2.947    -2.729    -0.122     0.000     0.889    -0.005    -0.198     0.151     0.426   366.800     0.123   0.15E+00     0.292     0.216   264.924
   200.000   -21.486     0.473    -4.000     0.801     1.876    -2.394     0.403     0.000     0.971    -0.000    -0.119     0.200     0.030   366.239     0.190   0.11E+00     0.339     0.179   256.697
   150.000   -36.517     0.192    -4.000     0.660     1.143    -1.242     0.097     0.000     1.000     0.000    -0.052     0.207     0.119   367.674     0.104   0.82E-01    -0.006     0.156   244.293
   100.000   -59.514     0.067     3.960     0.343     0.333    -0.340     0.000     0.000     0.000     0.000    -0.000     0.000     1.000   381.917     0.086   0.36E-01    -0.000     0.132   223.551
    80.000   -59.102     0.001    -4.000     0.076     0.000     0.098     0.000     0.000     0.000     0.000     0.000     0.000     0.000   393.653     0.000   0.11E-08    -0.001     0.000     0.000
    60.000   -50.575     0.001     0.000     0.013     0.000     0.226     0.000     0.000     0.000     0.000     0.000     0.000     0.000   416.221     0.000   0.00E+00     0.000     0.000     0.000
    40.000   -42.723     0.001     0.000     0.004     0.000     0.304     0.000     0.000     0.000     0.000     0.000     0.000     0.000   448.638     0.000   0.00E+00     0.000     0.000     0.000
    30.000   -37.198     0.001     0.000     0.002     0.000     0.360     0.000     0.000     0.000     0.000     0.000     0.000     0.000   473.315     0.000   0.00E+00     0.000     0.000     0.000
    25.000   -27.180     0.001     0.000     0.001     0.000     0.460     0.000     0.000     0.000     0.000     0.000     0.000     0.000   498.736     0.000   0.00E+00    -0.001     0.000     0.000
