  1000.000     4.675     3.352     0.000     0.637    -1.497    -0.982     2.653     0.000     0.000     0.000     0.000     0.000     0.000   291.360     0.000   0.00E+00    -0.842     0.284   277.799
   950.000     0.589     3.175     0.001     0.804     0.731    -1.365     0.435     0.000    18.940     0.000   -12.384     0.000     0.000   291.358     0.000   0.00E+00    -1.073     0.319   273.766
   900.000    -3.214     2.352    -0.133     0.743     1.386    -1.400     0.000     0.000    18.937     0.000   -14.945     0.000     2.256   288.842     0.000   0.96E-02    -0.363     0.341   269.764
   850.000    -6.718     1.604     0.371     0.664     1.487    -1.503     0.000     0.000    17.555    -2.253   -10.534     2.652     2.395   287.020     0.054   0.34E+00     0.192     0.375   266.808
   800.000   -10.293     1.035     0.600     0.547     1.620    -1.637     0.000     0.000    15.968    -2.395    -7.738     2.801     1.370   285.907     0.017   0.27E+00     0.625     0.408   263.553
   750.000   -14.023     0.611     0.556     0.394     1.594    -1.612     0.000     0.000    14.762    -1.369    -6.258     2.106     0.406   286.475     0.002   0.17E+00     0.860     0.431   259.950
   700.000   -18.022     0.302     0.350     0.277     1.476    -1.496     0.000     0.000    14.512    -0.377    -5.202     1.879     0.468   286.105     0.002   0.13E+00     0.829     0.444   255.951
   650.000   -22.336     0.160     0.157     0.206     1.302    -1.323     0.000     0.000    14.198    -0.437    -4.302     1.706     0.358   286.726     0.003   0.10E+00     0.697     0.445   251.505
   600.000   -27.197     0.089    -0.028     0.168     1.087    -1.110     0.000     0.000    14.054    -0.326    -3.307     1.669     0.376   288.001     0.004   0.84E-01     0.510     0.434   246.563
   550.000   -32.562     0.040    -0.161     0.151     0.794    -0.820     0.000     0.000    14.006    -0.350    -2.366     1.813     0.182   288.381     0.006   0.75E-01     0.344     0.412   241.083
   500.000   -38.577     0.025    -0.214     0.184     0.627    -0.656     0.000     0.000    14.483    -0.161    -1.437     2.141     0.015   288.721     0.010   0.45E-01     0.203     0.378   235.026
   450.000   -45.314     0.023    -0.221     0.327     0.618    -0.650     0.000     0.000    16.071    -0.000    -0.626     3.135     0.096   289.024     0.044   0.89E-01     0.082     0.335   228.350
   400.000   -52.649     0.018    -0.256     0.568     0.469    -0.504     0.000     0.000    16.499    -0.001    -0.202     3.073     1.580   289.231     0.144   0.85E-01     0.023     0.285   220.997
   350.000   -60.733     0.013    -0.276     0.763     0.397    -0.435    -0.000     0.000    10.486     0.000    -0.043     2.783     7.929   289.400     0.146   0.16E-01     0.003     0.218   212.870
   300.000   -69.688     0.006    -0.407     1.002     0.125    -0.167     0.000     0.000     0.656     0.000    -0.002     0.079     9.883   289.872     0.433   0.32E-02    -0.000     0.119   203.815
   250.000   -74.257     0.003    -4.000     1.000    -0.005    -0.030     0.000     0.000     0.000     0.000    -0.000     0.000     0.656   294.737     0.207   0.24E-03    -0.000     0.018   193.408
   200.000   -73.035     0.001    -4.000     0.173     0.000    -0.016     0.000     0.000     0.000     0.000    -0.000     0.000     0.000   307.940     0.000   0.55E-07    -0.000     0.000   180.752
   150.000   -74.072     0.001    -4.000     0.148     0.000    -0.002     0.000     0.000     0.000     0.000     0.000     0.000     0.000   323.287     0.000   0.00E+00     0.000     0.000   164.481
   100.000   -73.137     0.001    -4.000     0.090     0.000    -0.000     0.000     0.000     0.000     0.000     0.000     0.000     0.000   346.229     0.000   0.00E+00     0.000     0.000   141.695
    80.000   -70.554     0.001    -4.000     0.051     0.000     0.004     0.000     0.000     0.000     0.000     0.000     0.000     0.000   361.733     0.000   0.00E+00     0.000     0.000     0.000
    60.000   -64.112     0.001     0.000     0.016     0.000     0.015     0.000     0.000     0.000     0.000     0.000     0.000     0.000   385.236     0.000   0.00E+00     0.000     0.000     0.000
    40.000   -55.464     0.001     0.000     0.004     0.000     0.029     0.000     0.000     0.000     0.000     0.000     0.000     0.000   417.569     0.000   0.00E+00     0.000     0.000     0.000
    30.000   -48.981     0.001     0.000     0.001     0.000     0.040     0.000     0.000     0.000     0.000     0.000     0.000     0.000   441.463     0.000   0.00E+00     0.000     0.000     0.000
    25.000   -37.493     0.001     0.000     0.000     0.000     0.060     0.000     0.000     0.000     0.000     0.000     0.000     0.000   464.881     0.000   0.00E+00    -0.001     0.000     0.000
