  1000.000     3.010     2.994     0.000     0.626    -1.333    -0.858     2.587     0.000     0.000     0.000     0.000     0.000     0.000   286.930     0.000   0.00E+00    -0.615     0.258   276.116
   950.000    -1.088     2.835     0.001     0.798     0.061    -1.395     0.931     0.000    20.501     0.000   -15.779     0.000     0.001   286.991     0.000   0.83E-06    -0.899     0.288   272.107
   900.000    -4.871     2.016    -0.021     0.730     1.419    -1.425     0.000     0.000    20.496    -0.001   -15.061     0.001     2.147   284.329     0.004   0.82E-01    -0.274     0.320   268.233
   850.000    -8.423     1.348     0.418     0.640     1.499    -1.507     0.000     0.000    19.105    -2.143   -10.426     2.664     2.510   283.216     0.051   0.33E+00     0.213     0.353   265.191
   800.000   -12.076     0.856     0.607     0.527     1.597    -1.607     0.000     0.000    17.499    -2.499    -7.262     2.993     1.817   282.485     0.020   0.25E+00     0.543     0.384   261.845
   750.000   -15.870     0.479     0.577     0.387     1.568    -1.580     0.000     0.000    15.937    -1.805    -5.555     2.308     0.736   282.428     0.007   0.17E+00     0.717     0.405   258.151
   700.000   -19.922     0.228     0.394     0.273     1.460    -1.473     0.000     0.000    15.343    -0.705    -4.369     1.996     0.614   282.460     0.006   0.12E+00     0.684     0.411   254.064
   650.000   -24.328     0.105     0.206     0.206     1.307    -1.322     0.000     0.000    14.903    -0.581    -3.437     1.844     0.493   283.457     0.008   0.97E-01     0.563     0.406   249.538
   600.000   -29.184     0.057     0.011     0.170     1.107    -1.125     0.000     0.000    14.635    -0.461    -2.539     1.736     0.543   284.064     0.011   0.78E-01     0.402     0.391   244.532
   550.000   -34.587     0.025    -0.164     0.139     0.702    -0.723     0.000     0.000    14.478    -0.508    -1.760     1.967     0.092   284.545     0.013   0.56E-01     0.266     0.368   239.010
   500.000   -40.633     0.020    -0.246     0.177     0.537    -0.562     0.000     0.000    15.356    -0.066    -0.996     2.562     0.029   284.807     0.016   0.40E-01     0.148     0.334   232.937
   450.000   -47.299     0.017    -0.282     0.295     0.476    -0.504     0.000     0.000    17.420    -0.003    -0.401     3.690     0.050   285.140     0.031   0.43E-01     0.061     0.294   226.271
   400.000   -54.616     0.014    -0.326     0.517     0.347    -0.379     0.000     0.000    21.833    -0.003    -0.136     6.579     0.746   285.365     0.113   0.39E-01     0.013     0.249   218.951
   350.000   -62.701     0.013    -0.355     0.943     0.325    -0.361    -0.000     0.000     4.646    -0.002    -0.011     0.950    17.627   285.533     0.361   0.40E-02     0.000     0.194   210.879
   300.000   -71.285     0.004    -0.727     1.002     0.030    -0.069     0.000     0.000     0.093    -0.000    -0.000     0.000     4.553   285.766     0.467   0.12E-02    -0.000     0.073   201.888
   250.000   -74.958     0.003    -4.000     1.000    -0.002    -0.028     0.000     0.000     0.000     0.000    -0.000     0.000     0.093   291.922     0.371   0.18E-04    -0.000     0.004   191.533
   200.000   -73.583     0.001    -4.000     0.199     0.000    -0.007     0.000     0.000     0.000     0.000     0.000     0.000     0.000   305.461     0.000   0.77E-10    -0.000     0.000   178.915
   150.000   -74.137     0.001    -4.000     0.163     0.000    -0.002     0.000     0.000     0.000     0.000     0.000     0.000     0.000   321.159     0.000   0.00E+00     0.000     0.000   162.666
   100.000   -72.270     0.001    -4.000     0.087     0.000     0.001     0.000     0.000     0.000     0.000     0.000     0.000     0.000   345.974     0.000   0.00E+00     0.000     0.000   139.831
    80.000   -68.796     0.001    -4.000     0.044     0.000     0.008     0.000     0.000     0.000     0.000     0.000     0.000     0.000   361.202     0.000   0.00E+00     0.000     0.000     0.000
    60.000   -61.044     0.001     0.000     0.012     0.000     0.024     0.000     0.000     0.000     0.000     0.000     0.000     0.000   385.397     0.000   0.00E+00     0.000     0.000     0.000
    40.000   -50.754     0.001     0.000     0.003     0.000     0.044     0.000     0.000     0.000     0.000     0.000     0.000     0.000   420.286     0.000   0.00E+00     0.000     0.000     0.000
    30.000   -42.486     0.001     0.000     0.001     0.000     0.061     0.000     0.000     0.000     0.000     0.000     0.000     0.000   447.248     0.000   0.00E+00     0.000     0.000     0.000
    25.000   -26.080     0.001     0.000     0.000     0.000     0.095     0.000     0.000     0.000     0.000     0.000     0.000     0.000   475.855     0.000   0.00E+00    -0.001     0.000     0.000
