  1000.000     4.628     3.344     0.000     0.623    -1.447    -0.893     2.628     0.000     0.000     0.000     0.000     0.000     0.000   288.088     0.000   0.00E+00    -0.756     0.270   277.751
   950.000     0.540     3.170     0.001     0.788     0.399    -1.331     0.657     0.000    20.306     0.000   -12.477     0.000     0.000   288.097     0.000   0.00E+00    -0.895     0.303   273.718
   900.000    -3.308     2.361    -0.053     0.743     1.384    -1.379     0.000     0.000    20.306     0.000   -16.228     0.000     2.260   285.938     0.001   0.10E-01    -0.327     0.325   269.727
   850.000    -6.871     1.634     0.409     0.657     1.506    -1.503     0.000     0.000    18.790    -2.260   -10.512     2.685     2.635   284.279     0.055   0.34E+00     0.194     0.361   266.770
   800.000   -10.477     1.030     0.619     0.540     1.642    -1.641     0.000     0.000    17.066    -2.622    -7.466     3.051     1.800   283.785     0.021   0.26E+00     0.564     0.393   263.513
   750.000   -14.139     0.515     0.581     0.383     1.600    -1.600     0.000     0.000    15.464    -1.784    -5.817     2.292     0.438   283.661     0.007   0.17E+00     0.775     0.414   259.910
   700.000   -18.014     0.278     0.369     0.269     1.494    -1.495     0.000     0.000    15.196    -0.417    -4.660     2.046     0.646   283.829     0.008   0.13E+00     0.724     0.422   255.909
   650.000   -22.447     0.123     0.189     0.199     1.319    -1.323     0.000     0.000    14.691    -0.628    -3.746     1.842     0.406   284.258     0.011   0.97E-01     0.612     0.419   251.461
   600.000   -27.211     0.066    -0.011     0.165     1.112    -1.118     0.000     0.000    14.487    -0.388    -2.749     1.750     0.483   285.068     0.013   0.78E-01     0.440     0.404   246.518
   550.000   -32.562     0.034    -0.176     0.142     0.760    -0.769     0.000     0.000    14.318    -0.460    -1.924     1.898     0.191   285.456     0.014   0.58E-01     0.295     0.379   241.036
   500.000   -38.555     0.019    -0.267     0.169     0.553    -0.565     0.000     0.000    14.824    -0.172    -1.150     2.289     0.035   286.195     0.016   0.40E-01     0.169     0.345   234.977
   450.000   -45.198     0.019    -0.306     0.293     0.527    -0.543     0.000     0.000    16.762    -0.006    -0.461     3.556     0.046   286.493     0.033   0.49E-01     0.070     0.303   228.298
   400.000   -52.556     0.020    -0.365     0.527     0.364    -0.384     0.000     0.000    18.005    -0.004    -0.150     3.530     1.133   286.573     0.130   0.55E-01     0.018     0.256   220.940
   350.000   -60.766     0.017    -0.407     0.795     0.343    -0.367    -0.000     0.000     9.499    -0.003    -0.026     2.614    10.206   286.728     0.191   0.28E-02     0.001     0.198   212.812
   300.000   -69.699     0.006    -0.654     0.999     0.049    -0.076     0.000     0.000     0.149    -0.001    -0.000     0.001     9.349   286.978     0.432   0.16E-02    -0.000     0.091   203.757
   250.000   -74.280     0.003    -4.000     0.999    -0.003    -0.018     0.000     0.000     0.000     0.000    -0.000     0.000     0.149   292.481     0.157   0.25E-04    -0.000     0.005   193.352
   200.000   -73.086     0.001    -4.000     0.191     0.000    -0.000     0.000     0.000     0.000     0.000     0.000     0.000     0.000   306.237     0.000   0.00E+00     0.000     0.000   180.698
   150.000   -74.119     0.001    -4.000     0.169     0.000    -0.002     0.000     0.000     0.000     0.000     0.000     0.000     0.000   321.691     0.000   0.00E+00     0.000     0.000   164.431
   100.000   -73.171     0.001    -4.000     0.101     0.000    -0.000     0.000     0.000     0.000     0.000     0.000     0.000     0.000   344.639     0.000   0.00E+00     0.000     0.000   141.650
    80.000   -70.579     0.001    -4.000     0.057     0.000     0.005     0.000     0.000     0.000     0.000     0.000     0.000     0.000   359.450     0.000   0.00E+00     0.000     0.000     0.000
    60.000   -64.131     0.001     0.000     0.018     0.000     0.018     0.000     0.000     0.000     0.000     0.000     0.000     0.000   383.142     0.000   0.00E+00     0.000     0.000     0.000
    40.000   -55.477     0.001     0.000     0.004     0.000     0.035     0.000     0.000     0.000     0.000     0.000     0.000     0.000   415.331     0.000   0.00E+00     0.000     0.000     0.000
    30.000   -48.986     0.001     0.000     0.002     0.000     0.048     0.000     0.000     0.000     0.000     0.000     0.000     0.000   439.393     0.000   0.00E+00     0.000     0.000     0.000
    25.000   -37.476     0.001     0.000     0.000     0.000     0.071     0.000     0.000     0.000     0.000     0.000     0.000     0.000   463.458     0.000   0.00E+00    -0.001     0.000     0.000
