  1000.000     6.532     3.933     0.000     0.655    -1.546    -1.062     2.678     0.000     0.000     0.000     0.000     0.000     0.000   294.646     0.000   0.00E+00    -0.962     0.295   279.666
   950.000     2.440     3.748     0.001     0.825     1.152    -1.364     0.148     0.000    17.149     0.000   -12.119     0.000     0.002   294.629     0.000   0.35E-06    -1.246     0.330   275.607
   900.000    -1.296     2.874    -0.255     0.745     1.372    -1.382     0.000     0.000    17.135    -0.002   -13.075     0.002     2.367   291.974     0.001   0.13E-01    -0.411     0.353   271.649
   850.000    -4.807     2.033     0.336     0.694     1.442    -1.458     0.000     0.000    15.884    -2.355   -11.210     2.722     2.075   290.440     0.072   0.40E+00     0.146     0.382   268.806
   800.000    -8.257     1.267     0.569     0.576     1.568    -1.588     0.000     0.000    14.429    -2.051    -7.870     2.407     0.774   289.303     0.022   0.28E+00     0.649     0.417   265.670
   750.000   -11.726     0.700     0.493     0.432     1.552    -1.576     0.000     0.000    13.696    -0.752    -6.478     1.757     0.417   288.910     0.012   0.18E+00     0.880     0.443   262.192
   700.000   -15.584     0.371     0.304     0.323     1.422    -1.451     0.000     0.000    13.445    -0.271    -5.618     1.595     0.325   289.144     0.015   0.14E+00     0.867     0.459   258.317
   650.000   -19.819     0.234     0.104     0.261     1.259    -1.294     0.000     0.000    13.313    -0.189    -4.709     1.483     0.348   289.673     0.021   0.11E+00     0.718     0.463   253.988
   600.000   -24.619     0.131    -0.068     0.232     1.061    -1.104     0.000     0.000    13.203    -0.229    -3.688     1.538     0.349   290.555     0.030   0.10E+00     0.530     0.455   249.147
   550.000   -29.890     0.070    -0.194     0.231     0.847    -0.898     0.000     0.000    13.245    -0.233    -2.616     1.693     0.249   291.180     0.038   0.87E-01     0.359     0.433   243.740
   500.000   -35.827     0.053    -0.266     0.283     0.724    -0.786     0.000     0.000    13.673    -0.160    -1.551     1.994     0.083   291.686     0.049   0.67E-01     0.218     0.398   237.721
   450.000   -42.628     0.096    -0.319     0.465     0.692    -0.768     0.000     0.000    14.760    -0.008    -0.708     2.538     0.228   292.128     0.108   0.13E+00     0.078     0.352   231.046
   400.000   -50.114     0.084    -0.420     0.724     0.550    -0.639     0.000     0.000    14.190    -0.008    -0.212     2.683     2.356   292.464     0.216   0.12E+00     0.026     0.301   223.659
   350.000   -58.303     0.020    -0.555     0.819     0.411    -0.514     0.000     0.000    11.187    -0.003    -0.055     3.008     5.292   292.781     0.171   0.21E-01     0.004     0.222   215.472
   300.000   -67.175     0.008    -0.877     1.016     0.172    -0.288     0.000     0.000     0.500     0.000    -0.000     0.000    10.686   293.223     0.484   0.31E-02    -0.000     0.137   206.328
   250.000   -73.714     0.004    -3.966     0.999    -0.018    -0.087     0.000     0.000     0.000     0.000    -0.000     0.000     0.500   296.407     0.343   0.11E-03    -0.000     0.022   195.862
   200.000   -71.921     0.001    -4.000     0.174     0.000    -0.025     0.000     0.000     0.000     0.000     0.000     0.000     0.000   309.755     0.000   0.33E-09    -0.000     0.000   183.151
   150.000   -73.014     0.001    -4.000     0.144     0.000     0.001     0.000     0.000     0.000     0.000     0.000     0.000     0.000   324.145     0.000   0.00E+00     0.000     0.000   166.792
   100.000   -72.354     0.001    -4.000     0.095     0.000     0.005     0.000     0.000     0.000     0.000     0.000     0.000     0.000   347.079     0.000   0.00E+00     0.000     0.000   143.902
    80.000   -69.899     0.001    -4.000     0.060     0.000     0.022     0.000     0.000     0.000     0.000     0.000     0.000     0.000   361.629     0.000   0.00E+00     0.000     0.000     0.000
    60.000   -63.479     0.001     0.000     0.022     0.000     0.064     0.000     0.000     0.000     0.000     0.000     0.000     0.000   383.851     0.000   0.00E+00     0.000     0.000     0.000
    40.000   -54.938     0.001     0.000     0.006     0.000     0.121     0.000     0.000     0.000     0.000     0.000     0.000     0.000   415.889     0.000   0.00E+00     0.000     0.000     0.000
    30.000   -48.630     0.001     0.000     0.002     0.000     0.163     0.000     0.000     0.000     0.000     0.000     0.000     0.000   439.882     0.000   0.00E+00     0.000     0.000     0.000
    25.000   -37.560     0.001     0.000     0.001     0.000     0.237     0.000     0.000     0.000     0.000     0.000     0.000     0.000   463.231     0.000   0.00E+00    -0.001     0.000     0.000
