     0.250     4.530     4.521    25.724    27.019    -7.320     1.098   288.748   291.741    70.852   927.067     0.125   207.796
     0.500     4.534     4.526    25.723    27.017    -7.331     1.098   288.748   291.696    70.854   927.045     0.375   207.795
     0.750     4.598     4.519    25.718    27.014    -7.319     1.096   288.747   291.717    70.855   927.095     0.625   207.794
     1.000     4.542     4.526    25.717    27.012    -7.334     1.096   288.747   291.719    70.844   927.094     0.875   207.797
     1.250     4.578     4.535    25.715    27.010    -7.337     1.095   288.746   291.741    70.829   927.101     1.125   207.799
     1.500     4.586     4.541    25.712    27.007    -7.332     1.094   288.746   291.749    70.830   927.119     1.375   207.799
     1.750     4.530     4.517    25.710    27.005    -7.353     1.095   288.746   291.748    70.822   927.142     1.625   207.802
     2.000     4.592     4.517    25.707    27.003    -7.343     1.093   288.745   291.719    70.823   927.160     1.875   207.798
     2.250     4.557     4.560    25.706    27.001    -7.354     1.092   288.745   291.674    70.816   927.131     2.125   207.799
     2.500     4.550     4.516    25.702    26.999    -7.356     1.092   288.744   291.708    70.812   927.168     2.375   207.800
     2.750     4.570     4.516    25.700    26.996    -7.361     1.091   288.744   291.716    70.810   927.189     2.625   207.802
     3.000     4.544     4.522    25.699    26.994    -7.374     1.091   288.744   291.687    70.798   927.164     2.875   207.802
     3.250     4.581     4.538    25.696    26.992    -7.366     1.089   288.743   291.665    70.797   927.178     3.125   207.800
     3.500     4.553     4.521    25.693    26.989    -7.372     1.088   288.743   291.644    70.796   927.206     3.375   207.801
     3.750     4.539     4.516    25.691    26.987    -7.382     1.088   288.742   291.632    70.787   927.205     3.625   207.802
     4.000     4.574     4.514    25.688    26.985    -7.379     1.087   288.742   291.617    70.788   927.240     3.875   207.805
     4.250     4.573     4.514    25.685    26.982    -7.379     1.086   288.742   291.624    70.781   927.244     4.125   207.802
     4.500     4.550     4.519    25.684    26.980    -7.385     1.086   288.741   291.692    70.772   927.234     4.375   207.803
     4.750     4.556     4.536    25.682    26.978    -7.397     1.086   288.741   291.651    70.764   927.229     4.625   207.803
     5.000     4.577     4.535    25.679    26.976    -7.387     1.085   288.740   291.618    70.763   927.240     4.875   207.801
     5.250     4.548     4.518    25.677    26.974    -7.396     1.085   288.740   291.611    70.767   927.268     5.125   207.799
     5.500     4.565     4.535    25.675    26.971    -7.404     1.084   288.739   291.641    70.755   927.261     5.375   207.800
     5.750     4.550     4.513    25.673    26.969    -7.405     1.083   288.739   291.590    70.756   927.272     5.625   207.799
     6.000     4.550     4.518    25.670    26.967    -7.407     1.082   288.739   291.628    70.755   927.279     5.875   207.799
     6.250     4.540     4.519    25.668    26.965    -7.415     1.082   288.739   291.621    70.750   927.276     6.125   207.797
     6.500     4.554     4.519    25.665    26.962    -7.418     1.081   288.738   291.607    70.745   927.287     6.375   207.798
     6.750     4.561     4.517    25.662    26.960    -7.418     1.081   288.738   291.626    70.743   927.311     6.625   207.798
     7.000     4.550     4.518    25.661    26.958    -7.421     1.080   288.737   291.582    70.735   927.301     6.875   207.798
     7.250     4.549     4.517    25.658    26.956    -7.430     1.080   288.737   291.650    70.729   927.327     7.125   207.800
     7.500     4.566     4.527    25.656    26.953    -7.431     1.080   288.736   291.607    70.721   927.322     7.375   207.800
     7.750     4.571     4.509    25.653    26.951    -7.424     1.079   288.736   291.635    70.724   927.354     7.625   207.799
     8.000     4.537     4.516    25.652    26.949    -7.437     1.079   288.736   291.644    70.714   927.340     7.875   207.801
     8.250     4.539     4.514    25.650    26.947    -7.446     1.079   288.736   291.642    70.711   927.341     8.125   207.800
     8.500     4.564     4.526    25.648    26.945    -7.453     1.079   288.735   291.583    70.706   927.347     8.375   207.800
     8.750     4.563     4.509    25.644    26.942    -7.446     1.077   288.734   291.575    70.716   927.386     8.625   207.796
     9.000     4.521     4.513    25.642    26.941    -7.460     1.077   288.734   291.561    70.705   927.365     8.875   207.798
     9.250     4.561     4.509    25.640    26.938    -7.459     1.076   288.734   291.620    70.699   927.382     9.125   207.799
     9.500     4.560     4.507    25.637    26.936    -7.464     1.075   288.734   291.567    70.701   927.426     9.375   207.802
     9.750     4.554     4.529    25.636    26.934    -7.464     1.074   288.733   291.562    70.690   927.382     9.625   207.797
    10.000     4.550     4.507    25.633    26.931    -7.464     1.073   288.733   291.601    70.691   927.416     9.875   207.797
    10.250     4.545     4.509    25.631    26.929    -7.475     1.073   288.732   291.598    70.679   927.408    10.125   207.799
    10.500     4.565     4.525    25.629    26.927    -7.474     1.072   288.732   291.561    70.676   927.418    10.375   207.800
    10.750     4.546     4.529    25.627    26.925    -7.478     1.071   288.732   291.548    70.679   927.414    10.625   207.796
    11.000     4.533     4.512    25.625    26.923    -7.487     1.071   288.731   291.580    70.673   927.417    10.875   207.796
    11.250     4.546     4.513    25.623    26.921    -7.490     1.070   288.731   291.557    70.671   927.420    11.125   207.795
    11.500     4.552     4.505    25.619    26.918    -7.496     1.069   288.731   291.524    70.675   927.479    11.375   207.798
    11.750     4.544     4.522    25.618    26.916    -7.500     1.069   288.730   291.530    70.665   927.441    11.625   207.793
    12.000     4.539     4.503    25.615    26.914    -7.503     1.068   288.730   291.542    70.666   927.470    11.875   207.793
    12.250     4.559     4.504    25.612    26.911    -7.499     1.067   288.729   291.545    70.665   927.485    12.125   207.792
    12.500     4.538     4.503    25.610    26.909    -7.505     1.067   288.729   291.489    70.657   927.485    12.375   207.791
    12.750     4.555     4.503    25.607    26.907    -7.503     1.066   288.729   291.551    70.654   927.503    12.625   207.791
    13.000     4.543     4.503    25.605    26.905    -7.509     1.066   288.728   291.516    70.646   927.492    12.875   207.793
    13.250     4.560     4.509    25.603    26.903    -7.509     1.065   288.728   291.525    70.642   927.494    13.125   207.790
    13.500     4.488     4.507    25.602    26.901    -7.512     1.065   288.728   291.569    70.647   927.504    13.375   207.794
    13.750     4.426     4.509    25.600    26.898    -7.494     1.062   288.728   291.375    70.670   927.457    13.625   207.787
    14.000     4.496     4.512    25.595    26.895    -7.477     1.059   288.729   291.390    70.655   927.457    13.875   207.790
    14.250     4.567     4.522    25.591    26.892    -7.462     1.056   288.728   291.381    70.635   927.516    14.125   207.789
    14.500     4.572     4.503    25.589    26.890    -7.451     1.054   288.728   291.458    70.613   927.581    14.375   207.790
    14.750     4.580     4.498    25.587    26.889    -7.445     1.052   288.727   291.532    70.595   927.625    14.625   207.795
    15.000     4.561     4.499    25.587    26.888    -7.444     1.050   288.727   291.598    70.578   927.633    14.875   207.800
    15.250     4.554     4.519    25.587    26.888    -7.448     1.049   288.726   291.595    70.572   927.638    15.125   207.803
    15.500     4.538     4.497    25.586    26.887    -7.451     1.047   288.726   291.584    70.581   927.659    15.375   207.805
    15.750     4.524     4.522    25.586    26.887    -7.460     1.045   288.726   291.577    70.577   927.639    15.625   207.808
    16.000     4.506     4.515    25.586    26.886    -7.468     1.043   288.726   291.488    70.583   927.617    15.875   207.804
    16.250     4.510     4.500    25.584    26.885    -7.475     1.040   288.726   291.502    70.590   927.612    16.125   207.802
    16.500     4.512     4.502    25.583    26.883    -7.480     1.037   288.726   291.517    70.594   927.603    16.375   207.803
    16.750     4.539     4.503    25.580    26.881    -7.481     1.034   288.726   291.475    70.599   927.635    16.625   207.803
    17.000     4.537     4.526    25.578    26.879    -7.478     1.032   288.726   291.493    70.592   927.614    16.875   207.803
    17.250     4.550     4.502    25.575    26.877    -7.473     1.029   288.725   291.489    70.597   927.658    17.125   207.800
    17.500     4.547     4.504    25.573    26.874    -7.468     1.028   288.725   291.472    70.589   927.654    17.375   207.800
    17.750     4.577     4.519    25.571    26.872    -7.464     1.027   288.724   291.441    70.582   927.677    17.625   207.800
    18.000     4.547     4.500    25.568    26.869    -7.462     1.026   288.723   291.497    70.580   927.702    17.875   207.798
    18.250     4.554     4.502    25.566    26.867    -7.462     1.026   288.723   291.522    70.570   927.706    18.125   207.802
    18.500     4.560     4.501    25.564    26.865    -7.464     1.026   288.722   291.478    70.567   927.731    18.375   207.801
    18.750     4.543     4.499    25.562    26.863    -7.467     1.026   288.722   291.473    70.558   927.727    18.625   207.803
    19.000     4.562     4.537    25.560    26.861    -7.471     1.026   288.721   291.423    70.550   927.727    18.875   207.803
    19.250     4.530     4.516    25.558    26.859    -7.476     1.026   288.721   291.384    70.545   927.736    19.125   207.805
    19.500     4.541     4.501    25.556    26.857    -7.482     1.026   288.720   291.390    70.539   927.755    19.375   207.807
    19.750     4.534     4.514    25.554    26.855    -7.490     1.026   288.720   291.410    70.535   927.763    19.625   207.807
    20.000     4.537     4.522    25.552    26.853    -7.497     1.026   288.720   291.386    70.530   927.771    19.875   207.807
