  1000.000     3.078     3.013     0.000     0.624    -1.314    -0.841     2.581     0.000     0.000     0.000     0.000     0.000     0.000   286.158     0.000   0.00E+00    -0.587     0.254   276.185
   950.000    -1.019     2.854     0.001     0.795     0.002    -1.386     0.974     0.000    20.753     0.000   -15.656     0.000     0.000   286.268     0.000   0.00E+00    -0.855     0.284   272.175
   900.000    -4.793     2.030     0.004     0.732     1.421    -1.418     0.000     0.000    20.753     0.000   -15.363     0.000     2.147   283.833     0.006   0.86E-01    -0.262     0.315   268.305
   850.000    -8.345     1.353     0.423     0.638     1.503    -1.503     0.000     0.000    19.311    -2.147   -10.176     2.658     2.516   282.711     0.049   0.30E+00     0.218     0.349   265.268
   800.000   -11.992     0.849     0.606     0.529     1.597    -1.600     0.000     0.000    17.705    -2.492    -7.141     3.021     1.967   282.241     0.024   0.25E+00     0.529     0.379   261.926
   750.000   -15.769     0.458     0.580     0.391     1.566    -1.571     0.000     0.000    16.012    -1.938    -5.416     2.355     0.737   281.705     0.013   0.17E+00     0.699     0.399   258.236
   700.000   -19.767     0.241     0.391     0.280     1.467    -1.475     0.000     0.000    15.431    -0.701    -4.198     2.039     0.693   282.245     0.014   0.13E+00     0.660     0.405   254.151
   650.000   -24.236     0.131     0.200     0.213     1.307    -1.319     0.000     0.000    14.913    -0.664    -3.282     1.880     0.480   282.984     0.018   0.96E-01     0.548     0.399   249.628
   600.000   -29.140     0.063    -0.010     0.182     1.120    -1.136     0.000     0.000    14.661    -0.458    -2.395     1.766     0.595   283.360     0.022   0.78E-01     0.387     0.382   244.625
   550.000   -34.509     0.026    -0.205     0.150     0.690    -0.711     0.000     0.000    14.436    -0.564    -1.668     1.983     0.094   283.843     0.024   0.56E-01     0.254     0.359   239.106
   500.000   -40.543     0.020    -0.308     0.189     0.509    -0.535     0.000     0.000    15.314    -0.063    -0.953     2.598     0.060   284.332     0.027   0.40E-01     0.140     0.326   233.033
   450.000   -47.207     0.017    -0.362     0.298     0.445    -0.478     0.000     0.000    17.446    -0.010    -0.372     3.801     0.076   284.593     0.036   0.31E-01     0.061     0.286   226.367
   400.000   -54.520     0.015    -0.428     0.514     0.310    -0.349     0.000     0.000    22.116    -0.008    -0.131     6.598     0.505   284.746     0.118   0.33E-01     0.012     0.241   219.046
   350.000   -62.604     0.013    -0.497     0.962     0.306    -0.353    -0.000     0.000     4.450    -0.005    -0.006     1.025    18.048   284.972     0.397   0.30E-02    -0.000     0.190   210.971
   300.000   -71.207     0.005    -1.010     0.999     0.011    -0.063     0.000     0.000     0.019    -0.001    -0.000     0.001     4.430   285.426     0.461   0.96E-03    -0.000     0.065   201.976
   250.000   -74.936     0.003    -4.000     0.999     0.000    -0.036     0.000     0.000     0.000     0.000    -0.000     0.000     0.019   292.038     0.426   0.29E-05    -0.000     0.001   191.619
   200.000   -73.560     0.001    -4.000     0.202     0.000    -0.001     0.000     0.000     0.000     0.000     0.000     0.000     0.000   305.161     0.000   0.00E+00     0.000     0.000   179.000
   150.000   -74.125     0.001    -4.000     0.171     0.000    -0.003     0.000     0.000     0.000     0.000     0.000     0.000     0.000   320.667     0.000   0.00E+00     0.000     0.000   162.750
   100.000   -72.318     0.001    -4.000     0.094     0.000     0.003     0.000     0.000     0.000     0.000     0.000     0.000     0.000   344.462     0.000   0.00E+00     0.000     0.000   139.917
    80.000   -68.844     0.001    -4.000     0.050     0.000     0.015     0.000     0.000     0.000     0.000     0.000     0.000     0.000   360.611     0.000   0.00E+00     0.000     0.000     0.000
    60.000   -61.053     0.001     0.000     0.015     0.000     0.040     0.000     0.000     0.000     0.000     0.000     0.000     0.000   384.497     0.000   0.00E+00     0.000     0.000     0.000
    40.000   -50.742     0.001     0.000     0.003     0.000     0.074     0.000     0.000     0.000     0.000     0.000     0.000     0.000   418.699     0.000   0.00E+00     0.000     0.000     0.000
    30.000   -42.470     0.001     0.000     0.001     0.000     0.102     0.000     0.000     0.000     0.000     0.000     0.000     0.000   445.631     0.000   0.00E+00     0.000     0.000     0.000
    25.000   -26.049     0.001     0.000     0.000     0.000     0.156     0.000     0.000     0.000     0.000     0.000     0.000     0.000   474.544     0.000   0.00E+00    -0.001     0.000     0.000
