  1000.000    26.438    16.423     0.000     0.754    -2.140    -1.060     3.184     0.000     0.000     0.000     0.000     0.000     0.000   348.804     0.000   0.00E+00    -2.384     0.565   299.592
   975.000    24.247    16.190     0.000     0.836    -1.609    -1.995     2.529     0.000    11.659     0.000    -5.985     0.000     0.000   348.832     0.000   0.00E+00    -2.386     0.590   297.444
   950.000    22.145    16.121     0.000     0.931     5.436    -1.733    -2.599     0.000    11.659     0.000   -11.970     0.000     0.000   348.798     0.000   0.00E+00    -4.673     0.608   295.256
   925.000    21.503    13.688    -0.759     0.786     2.041    -2.040     0.000     0.000    11.659     0.000    -6.468     0.000     1.696   342.749     0.000   0.61E-02    -2.358     0.624   293.380
   900.000    20.170    12.487    -0.482     0.754     1.760    -1.761     0.000     0.000    11.164    -1.696    -7.812     1.347     0.878   340.113     0.000   0.00E+00    -1.595     0.647   292.401
   875.000    18.952    11.360    -0.358     0.719     1.691    -1.691     0.000     0.000    10.736    -1.227    -6.925     0.968     0.785   338.015     0.000   0.00E+00    -0.861     0.671   291.390
   850.000    17.712    10.385    -0.273     0.691     1.600    -1.598     0.000     0.000    10.341    -1.044    -6.644     0.835     0.692   336.317     0.000   0.00E+00    -0.297     0.696   290.343
   825.000    16.430     9.533    -0.214     0.668     1.531    -1.527     0.000     0.000     9.972    -0.902    -6.417     0.745     0.615   335.084     0.000   0.00E+00     0.137     0.719   289.259
   800.000    15.099     8.778    -0.172     0.649     1.474    -1.469     0.000     0.000     9.633    -0.775    -6.196     0.675     0.562   334.117     0.000   0.00E+00     0.477     0.741   288.135
   775.000    13.707     8.146    -0.140     0.632     1.429    -1.423     0.000     0.000     9.315    -0.677    -5.974     0.628     0.469   333.305     0.000   0.00E+00     0.751     0.761   286.966
   750.000    12.236     7.562    -0.118     0.620     1.406    -1.399     0.000     0.000     9.014    -0.548    -5.731     0.590     0.527   332.758     0.000   0.18E-04     0.943     0.779   285.751
   725.000    10.715     6.987    -0.091     0.608     1.393    -1.386     0.000     0.000     8.741    -0.527    -5.511     0.592     0.466   332.394     0.000   0.16E-02     1.112     0.796   284.484
   700.000     9.137     6.395    -0.065     0.596     1.396    -1.389     0.000     0.000     8.471    -0.466    -5.269     0.530     0.450   331.928     0.000   0.23E-02     1.259     0.810   283.160
   675.000     7.509     5.745    -0.034     0.583     1.406    -1.398     0.000     0.000     8.170    -0.450    -5.047     0.475     0.375   331.637     0.000   0.43E-02     1.405     0.821   281.774
   650.000     5.851     4.988    -0.011     0.566     1.434    -1.425     0.000     0.000     7.885    -0.375    -4.838     0.409     0.298   331.254     0.000   0.11E-01     1.525     0.830   280.319
   625.000     4.180     4.414     0.003     0.548     1.474    -1.462     0.000     0.000     7.625    -0.294    -4.711     0.347     0.213   331.029     0.000   0.25E-01     1.602     0.837   278.788
   600.000     2.342     3.950     0.010     0.528     1.525    -1.514     0.000     0.000     7.428    -0.199    -4.765     0.311     0.020   330.878     0.000   0.20E-01     1.657     0.842   277.174
   575.000     0.397     3.473     0.013     0.511     1.619    -1.607     0.000     0.000     7.473     0.000    -5.235     0.360     0.022   330.880     0.001   0.19E-01     1.672     0.844   275.465
   550.000    -1.659     2.845     0.110     0.470     1.539    -1.528     0.000     0.000     7.520     0.000    -6.691     0.386     0.023   330.287     0.001   0.18E-01     2.188     0.842   273.648
   525.000    -3.395     2.227    -0.230     0.411     1.585    -1.566     0.000     0.000     7.587     0.000    -5.372     0.459     0.020   330.416     0.002   0.18E-01     2.193     0.853   271.837
   500.000    -5.244     1.749    -0.583     0.367     1.568    -1.542     0.000     0.000     7.696     0.000    -5.069     0.613     0.014   330.954     0.002   0.14E-01     2.032     0.859   269.884
   475.000    -7.320     1.470    -0.921     0.338     1.539    -1.508     0.000     0.000     7.807     0.000    -4.703     0.772     0.064   331.869     0.005   0.52E-01     1.778     0.851   267.764
   450.000    -9.792     1.465    -1.175     0.329     1.499    -1.468     0.000     0.000     8.006     0.000    -4.213     0.920     0.036   332.945     0.006   0.56E-01     1.467     0.825   265.455
   425.000   -12.758     1.692    -1.273     0.346     1.478    -1.455     0.000     0.000     8.255     0.000    -3.582     1.014     0.051   334.175     0.009   0.99E-01     1.145     0.782   262.924
   400.000   -15.604     0.682    -1.170     0.389     1.480    -1.459     0.000     0.000     8.513     0.000    -2.790     1.024     0.094   335.216     0.015   0.12E+00     0.865     0.724   260.123
   375.000   -18.828     0.370    -0.862     0.475     1.578    -1.562     0.000     0.000     8.561     0.000    -1.873     0.954     0.331   336.151     0.053   0.49E+00     0.625     0.657   257.010
   350.000   -22.564     0.262    -0.451     0.570     1.695    -1.691     0.000     0.000     8.747     0.000    -0.986     0.782     0.171   336.820     0.114   0.48E+00     0.521     0.584   253.532
   325.000   -26.774     0.207    -0.001     0.760     2.291    -2.304     0.000     0.000     6.177     0.000    -0.417     0.617     2.883   337.425     0.252   0.45E+00     0.233     0.525   249.627
   300.000   -31.449     0.177    -0.024     0.474     1.758    -1.792     0.000     0.000     6.180     0.000    -0.347     0.596     0.323   337.342     0.114   0.42E+00     0.373     0.392   245.229
   275.000   -36.515     0.126    -0.017     0.538     1.568    -1.623     0.000     0.000     6.098     0.000    -0.192     0.708     0.531   338.062     0.150   0.35E+00     0.210     0.344   240.268
   250.000   -42.129     0.096    -0.059     0.652     1.357    -1.438     0.000     0.000     6.173     0.000    -0.089     0.891     0.565   338.753     0.195   0.28E+00     0.087     0.296   234.686
   225.000   -48.356     0.073    -0.140     0.869     1.112    -1.222     0.000     0.000     5.868     0.000    -0.025     1.083     1.179   339.341     0.265   0.19E+00     0.011     0.249   228.425
   200.000   -55.287     0.048    -0.278     1.095     0.799    -0.940     0.000     0.000     3.935     0.000    -0.001     0.765     2.605   339.907     0.431   0.79E-01    -0.001     0.188   221.428
   175.000   -62.991     0.025    -0.534     0.979     0.437    -0.611     0.000     0.000     0.607     0.000    -0.000     0.053     3.360   340.448     0.374   0.57E-02    -0.000     0.116   213.616
   150.000   -70.369     0.010    -2.221     0.897     0.041    -0.222     0.000     0.000     0.000     0.000    -0.000     0.000     0.607   342.481     0.095   0.12E-02    -0.000     0.034   204.796
   125.000   -67.734     0.001    -4.000     0.156     0.000     0.037     0.000     0.000     0.000     0.000     0.000     0.000     0.000   352.193     0.000   0.66E-09    -0.000     0.000   194.168
   100.000   -67.695     0.001    -4.000     0.066     0.000     0.109     0.000     0.000     0.000     0.000     0.000     0.000     0.000   364.141     0.000   0.00E+00     0.000     0.000   181.144
    80.000   -67.012     0.001    -4.000     0.052     0.000     0.123     0.000     0.000     0.000     0.000     0.000     0.000     0.000   377.229     0.000   0.00E+00     0.000     0.000   168.076
    60.000   -63.026     0.001    -4.000     0.029     0.000     0.202     0.000     0.000     0.000     0.000     0.000     0.000     0.000   396.442     0.000   0.00E+00     0.000     0.000   151.008
    40.000   -57.450     0.001    -4.000     0.012     0.000     0.314     0.000     0.000     0.000     0.000     0.000     0.000     0.000   424.203     0.000   0.00E+00     0.000     0.000   126.566
    30.000   -54.500     0.001    -4.000     0.007     0.000     0.373     0.000     0.000     0.000     0.000     0.000     0.000     0.000   443.624     0.000   0.00E+00     0.000     0.000   108.785
    25.000   -53.487     0.001    -4.000     0.006     0.000     0.393     0.000     0.000     0.000     0.000     0.000     0.000     0.000   455.441     0.000   0.00E+00     0.000     0.000     0.000
    20.000   -52.074     0.001     0.000     0.004     0.000     0.422     0.000     0.000     0.000     0.000     0.000     0.000     0.000   470.182     0.000   0.00E+00     0.000     0.000     0.000
    15.000   -49.796     0.001     0.000     0.003     0.000     0.467     0.000     0.000     0.000     0.000     0.000     0.000     0.000   489.787     0.000   0.00E+00     0.000     0.000     0.000
    10.000   -45.155     0.001     0.000     0.001     0.000     0.560     0.000     0.000     0.000     0.000     0.000     0.000     0.000   518.804     0.000   0.00E+00     0.000     0.000     0.000
     5.000   -27.173     0.001     0.000     0.000     0.000     0.920     0.000     0.000     0.000     0.000     0.000     0.000     0.000   579.730     0.000   0.00E+00    -0.001     0.000     0.000
