  1000.000    20.441    11.638     0.000     0.783    -1.824    -1.999     3.126     0.000     0.000     0.000     0.000     0.000     0.000   349.257     0.000   0.00E+00    -2.112     0.571   293.622
   950.000    16.249    11.401     0.001     0.968     3.496    -1.712    -1.343     0.000     9.740     0.000   -11.360     0.000     0.000   349.203     0.000   0.00E+00    -5.050     0.613   289.367
   900.000    14.128     8.738    -0.304     0.809     1.806    -1.937     0.000     0.000     9.740     0.000    -5.331     0.000     1.130   342.153     0.000   0.67E-01    -2.384     0.640   286.705
   850.000    11.328     7.118     0.067     0.766     1.579    -1.712     0.000     0.000     8.884    -1.130    -5.991     1.201     0.412   338.637     0.002   0.63E-01    -1.303     0.680   284.427
   800.000     8.566     5.625     0.099     0.710     1.531    -1.664     0.000     0.000     8.304    -0.412    -5.267     0.758     0.328   336.014     0.002   0.17E+00    -0.425     0.714   281.967
   750.000     5.688     4.404     0.020     0.663     1.483    -1.616     0.000     0.000     8.027    -0.027    -4.993     0.694     0.394   334.355     0.002   0.18E+00     0.100     0.740   279.290
   700.000     2.400     3.499    -0.038     0.628     1.459    -1.593     0.000     0.000     7.773     0.000    -4.818     0.688     0.389   333.326     0.001   0.16E+00     0.414     0.757   276.356
   650.000    -1.346     2.639    -0.092     0.594     1.467    -1.605     0.000     0.000     7.525     0.000    -4.722     0.690     0.378   332.613     0.001   0.11E+00     0.619     0.762   273.129
   600.000    -4.809     1.830    -0.133     0.556     1.488    -1.623     0.000     0.000     7.366     0.000    -4.725     0.731     0.294   332.073     0.000   0.75E-01     0.829     0.757   269.711
   550.000    -8.828     1.308    -0.163     0.522     1.531    -1.667     0.000     0.000     7.295     0.000    -4.275     0.723     0.209   332.004     0.001   0.62E-01     0.869     0.745   265.781
   500.000   -13.736     1.040    -0.165     0.503     1.630    -1.772     0.000     0.000     7.273     0.000    -3.604     0.703     0.168   332.460     0.001   0.54E-01     0.808     0.729   261.201
   450.000   -19.627     0.694    -0.109     0.486     1.766    -1.919     0.000     0.000     6.636     0.000    -2.657     0.611     0.796   333.186     0.018   0.34E+00     0.753     0.705   255.788
   400.000   -26.295     0.297    -0.098     0.428     1.825    -1.991     0.000     0.000     6.119     0.000    -1.544     0.578     0.702   334.188     0.018   0.32E+00     0.650     0.650   249.313
   350.000   -34.208     0.182    -0.083     0.375     1.737    -1.921     0.000     0.000     5.665     0.000    -0.846     0.594     0.693   335.415     0.023   0.26E+00     0.485     0.585   241.535
   300.000   -43.518     0.105    -0.147     0.350     1.359    -1.566     0.000     0.000     5.744     0.000    -0.423     0.754     0.331   336.876     0.031   0.20E+00     0.304     0.507   232.232
   250.000   -54.452     0.053    -0.012     0.545     1.133    -1.367     0.000     0.000     5.426     0.000    -0.155     0.978     1.018   338.377     0.072   0.13E+00     0.082     0.444   221.193
   200.000   -67.239     0.012    -0.013     0.832     0.696    -0.956     0.000     0.000     2.094     0.000    -0.030     0.366     3.588   339.569     0.320   0.57E-01     0.005     0.364   208.097
   150.000   -69.101     0.001    -3.774     0.680     0.149    -0.296     0.000     0.000     0.089     0.000    -0.000     0.002     2.005   344.156     0.194   0.64E-02    -0.000     0.185   191.452
   100.000   -66.737     0.001    -4.000     0.254    -0.018     0.079     0.000     0.000     0.000     0.000    -0.000     0.000     0.089   362.978     0.010   0.16E-03    -0.000     0.018   167.985
    80.000   -63.119     0.001    -4.000     0.037     0.000     0.100     0.000     0.000     0.000     0.000     0.000     0.000     0.000   379.762     0.000   0.00E+00     0.000     0.000     0.000
    60.000   -55.639     0.001     0.000     0.014     0.000     0.175     0.000     0.000     0.000     0.000     0.000     0.000     0.000   403.171     0.000   0.00E+00     0.000     0.000     0.000
    40.000   -46.117     0.001     0.000     0.004     0.000     0.270     0.000     0.000     0.000     0.000     0.000     0.000     0.000   436.230     0.000   0.00E+00     0.000     0.000     0.000
    30.000   -39.314     0.001     0.000     0.002     0.000     0.338     0.000     0.000     0.000     0.000     0.000     0.000     0.000   461.161     0.000   0.00E+00     0.000     0.000     0.000
    25.000   -26.828     0.001     0.000     0.001     0.000     0.463     0.000     0.000     0.000     0.000     0.000     0.000     0.000   486.914     0.000   0.00E+00    -0.001     0.000     0.000
