     0.250     0.689     5.209    33.638    34.083     0.281     6.288   266.969   290.423    77.063   901.255     0.125   200.363
     0.500     9.992     5.403    33.211    34.109     0.797     5.920   266.954   292.252    78.224   898.899     0.375   200.415
     0.750    13.303     5.462    32.974    34.066     1.554     5.502   266.881   295.891    79.112   898.155     0.625   200.463
     1.000    13.420     5.460    32.822    33.998     2.293     5.156   266.800   299.519    79.558   899.833     0.875   200.441
     1.250    12.648     5.402    32.721    33.926     2.980     4.885   266.721   302.396    79.739   904.423     1.125   200.400
     1.500     7.196     5.363    32.726    33.872     3.583     4.682   266.674   300.986    79.722   904.185     1.375   200.353
     1.750     5.769     5.423    32.753    33.827     3.425     5.306   266.662   300.589    79.484   903.588     1.625   200.311
     2.000     6.015     5.410    32.749    33.790     3.318     5.524   266.648   301.145    79.381   903.684     1.875   200.269
     2.250     5.940     5.321    32.734    33.757     3.231     5.627   266.639   301.421    79.333   903.723     2.125   200.231
     2.500     5.948     5.400    32.715    33.727     3.159     5.703   266.630   301.785    79.315   903.490     2.375   200.196
     2.750     5.954     5.397    32.689    33.697     3.105     5.759   266.622   302.183    79.314   903.313     2.625   200.162
     3.000     5.922     5.389    32.663    33.669     3.056     5.753   266.615   302.589    79.310   903.153     2.875   200.131
     3.250     6.033     5.381    32.634    33.640     2.999     5.753   266.607   303.083    79.316   903.228     3.125   200.085
     3.500     5.738     5.335    32.610    33.615     2.923     5.764   266.601   303.206    79.300   903.010     3.375   200.030
     3.750     5.810     5.327    32.576    33.589     2.955     5.699   266.592   304.321    79.336   902.725     3.625   199.995
     4.000     6.166     5.335    32.531    33.559     3.127     5.506   266.580   303.230    79.396   902.679     3.875   199.957
     4.250     6.114     5.342    32.502    33.530     3.136     5.398   266.572   303.721    79.357   902.874     4.125   199.900
     4.500     5.704     5.341    32.485    33.507     3.075     5.339   266.567   304.088    79.324   902.718     4.375   199.857
     4.750     5.784     5.322    32.463    33.484     2.943     5.360   266.563   304.212    79.349   902.476     4.625   199.799
     5.000     5.598     5.313    32.439    33.461     2.841     5.371   266.558   303.945    79.364   901.977     4.875   199.741
     5.250     5.865     5.324    32.406    33.437     2.788     5.349   266.552   303.713    79.414   901.735     5.125   199.699
     5.500     6.033     5.287    32.361    33.410     2.819     5.263   266.543   303.772    79.515   901.924     5.375   199.654
     5.750     5.837     5.320    32.343    33.385     2.744     5.211   266.535   303.663    79.445   901.550     5.625   199.601
     6.000     5.787     5.316    32.320    33.361     2.627     5.258   266.530   303.704    79.444   901.418     5.875   199.551
     6.250     5.694     5.315    32.295    33.337     2.515     5.345   266.524   303.486    79.470   901.085     6.125   199.502
     6.500     5.935     5.310    32.265    33.312     2.420     5.392   266.516   303.571    79.489   901.044     6.375   199.456
     6.750     5.809     5.232    32.230    33.288     2.357     5.501   266.508   303.604    79.567   901.045     6.625   199.405
     7.000     5.933     5.303    32.210    33.263     2.276     5.436   266.500   303.566    79.532   900.760     6.875   199.357
     7.250     5.910     5.224    32.174    33.238     2.223     5.515   266.492   303.558    79.599   900.879     7.125   199.315
     7.500     5.917     5.255    32.153    33.214     2.156     5.412   266.483   303.571    79.559   900.682     7.375   199.285
     7.750     5.896     5.290    32.124    33.190     2.111     5.421   266.475   303.548    79.588   900.522     7.625   199.239
     8.000     5.978     5.283    32.099    33.166     2.057     5.356   266.467   303.383    79.576   900.487     7.875   199.212
     8.250     5.973     5.281    32.070    33.141     2.015     5.342   266.457   303.479    79.597   900.486     8.125   199.193
     8.500     5.936     5.273    32.041    33.117     1.978     5.330   266.448   303.687    79.612   900.440     8.375   199.171
     8.750     5.910     5.194    32.008    33.093     1.946     5.368   266.439   303.791    79.667   900.593     8.625   199.140
     9.000     6.007     5.260    31.988    33.070     1.895     5.248   266.431   303.721    79.623   900.423     8.875   199.102
     9.250     5.885     5.259    31.962    33.046     1.860     5.221   266.422   303.738    79.641   900.336     9.125   199.067
     9.500     6.019     5.252    31.933    33.022     1.825     5.205   266.412   303.786    79.664   900.380     9.375   199.032
     9.750     5.816     5.248    31.908    32.999     1.792     5.179   266.404   303.781    79.675   900.209     9.625   198.997
    10.000     5.891     5.244    31.881    32.975     1.749     5.173   266.394   303.979    79.696   900.196     9.875   198.972
    10.250     5.895     5.184    31.850    32.951     1.724     5.105   266.385   303.881    79.730   900.300    10.125   198.945
    10.500     6.048     5.235    31.826    32.927     1.682     5.039   266.376   303.988    79.710   900.263    10.375   198.911
    10.750     5.823     5.190    31.800    32.903     1.657     5.005   266.367   304.056    79.727   900.221    10.625   198.882
    11.000     5.969     5.227    31.773    32.879     1.651     4.937   266.358   303.962    79.743   900.167    10.875   198.860
    11.250     5.815     5.222    31.746    32.855     1.638     4.885   266.348   304.114    79.767   900.073    11.125   198.824
    11.500     5.970     5.215    31.720    32.831     1.585     4.875   266.339   304.145    79.765   900.134    11.375   198.801
    11.750     5.703     5.059    31.675    32.806     1.695     4.774   266.333   304.655    79.901   900.402    11.625   198.777
    12.000     5.911     5.057    31.645    32.782     1.684     4.727   266.323   303.989    79.939   900.481    11.875   198.762
    12.250     5.901     5.053    31.616    32.757     1.673     4.676   266.316   304.526    79.954   900.453    12.125   198.742
    12.500     5.975     5.134    31.593    32.732     1.642     4.639   266.307   304.419    79.945   900.274    12.375   198.724
    12.750     5.845     5.148    31.568    32.706     1.648     4.595   266.293   304.151    79.952   900.170    12.625   198.693
    13.000     5.827     5.194    31.554    32.681     1.570     4.577   266.285   304.019    79.871   899.911    12.875   198.658
    13.250     5.712     5.036    31.511    32.655     1.607     4.540   266.280   304.726    79.952   900.460    13.125   198.752
    13.500     5.892     5.031    31.479    32.630     1.574     4.516   266.271   304.744    79.944   900.686    13.375   198.837
    13.750     5.958     5.114    31.455    32.605     1.522     4.499   266.261   304.794    79.928   900.601    13.625   198.860
    14.000     5.729     5.024    31.423    32.579     1.495     4.473   266.252   304.041    79.946   900.840    13.875   198.875
    14.250     5.972     5.098    31.396    32.554     1.429     4.456   266.243   304.699    79.923   900.936    14.125   198.902
    14.500     5.939     5.140    31.369    32.528     1.461     4.410   266.228   303.800    79.894   900.657    14.375   198.925
    14.750     6.212     5.124    31.325    32.499     1.563     4.319   266.213   304.151    79.912   901.257    14.625   199.076
    15.000     6.221     5.115    31.289    32.470     1.658     4.214   266.201   304.128    79.867   901.729    14.875   199.186
    15.250     6.080     4.986    31.255    32.441     1.754     4.113   266.188   304.026    79.839   902.249    15.125   199.288
    15.500     6.096     4.979    31.227    32.414     1.828     4.028   266.176   304.109    79.794   902.605    15.375   199.388
    15.750     6.062     4.974    31.198    32.387     1.900     3.955   266.158   304.323    79.768   902.887    15.625   199.458
    16.000     6.160     4.971    31.166    32.359     1.985     3.892   266.148   304.257    79.751   903.317    15.875   199.537
    16.250     6.304     5.080    31.135    32.332     2.061     3.843   266.129   304.400    79.715   903.633    16.125   199.595
    16.500     6.010     4.955    31.106    32.304     2.120     3.807   266.116   304.578    79.667   904.057    16.375   199.662
    16.750     6.201     4.948    31.078    32.278     2.161     3.778   266.105   304.697    79.638   904.355    16.625   199.723
    17.000     6.064     5.080    31.074    32.254     2.132     3.759   266.090   304.015    79.514   904.113    16.875   199.672
    17.250     5.738     5.088    31.066    32.232     2.051     3.749   266.084   304.549    79.473   904.201    17.125   199.661
    17.500     5.458     5.082    31.061    32.214     1.929     3.741   266.079   305.105    79.457   904.069    17.375   199.630
    17.750     5.285     4.950    31.051    32.195     1.784     3.731   266.077   305.180    79.494   903.854    17.625   199.645
    18.000     5.310     5.101    31.041    32.178     1.610     3.727   266.075   305.390    79.532   903.301    17.875   199.576
    18.250     5.347     5.102    31.021    32.158     1.440     3.736   266.072   305.436    79.565   903.031    18.125   199.583
    18.500     5.401     5.115    30.998    32.136     1.231     3.787   266.070   305.250    79.609   902.744    18.375   199.575
    18.750     5.431     5.109    30.969    32.112     0.993     3.889   266.065   305.311    79.624   902.564    18.625   199.591
    19.000     5.444     5.108    30.938    32.087     0.772     4.026   266.060   305.161    79.644   902.387    18.875   199.593
    19.250     5.557     5.096    30.904    32.060     0.588     4.149   266.052   305.117    79.645   902.337    19.125   199.626
    19.500     5.603     5.031    30.868    32.033     0.441     4.211   266.043   305.093    79.627   902.452    19.375   199.641
    19.750     5.831     5.086    30.834    32.005     0.334     4.264   266.033   305.065    79.613   902.506    19.625   199.676
    20.000     5.653     5.052    30.787    31.975     0.481     4.115   266.020   305.250    79.617   902.382    19.875   199.737
    20.250     6.479     5.031    30.719    31.941     0.774     3.931   266.000   303.979    79.628   903.177    20.125   199.859
    20.500     6.350     5.019    30.676    31.906     0.991     3.827   265.977   304.738    79.512   903.576    20.375   199.916
    20.750     6.364     5.006    30.634    31.873     1.169     3.774   265.958   304.886    79.432   904.174    20.625   199.966
    21.000     6.108     4.986    30.596    31.844     1.277     3.762   265.943   305.079    79.395   904.866    20.875   200.010
    21.250     6.108     4.847    30.572    31.819     1.323     3.758   265.932   305.274    79.297   905.358    21.125   200.071
    21.500     6.100     4.836    30.553    31.797     1.350     3.750   265.912   305.596    79.242   905.639    21.375   200.114
    21.750     5.857     4.845    30.542    31.778     1.320     3.741   265.908   305.614    79.229   905.741    21.625   200.146
    22.000     5.691     4.848    30.530    31.757     1.259     3.726   265.899   305.870    79.226   905.650    21.875   200.165
    22.250     5.625     4.845    30.511    31.737     1.204     3.702   265.890   305.998    79.232   905.612    22.125   200.185
    22.500     5.797     4.975    30.506    31.716     1.120     3.673   265.876   305.137    79.156   905.140    22.375   200.153
    22.750     5.571     4.976    30.489    31.694     1.061     3.645   265.868   306.289    79.153   905.057    22.625   200.156
    23.000     5.587     4.976    30.468    31.671     1.002     3.615   265.860   306.378    79.156   905.012    22.875   200.157
    23.250     5.583     4.975    30.444    31.648     0.950     3.584   265.853   305.394    79.162   904.977    23.125   200.174
    23.500     5.586     4.996    30.426    31.625     0.876     3.557   265.844   305.573    79.131   904.912    23.375   200.208
    23.750     5.170     5.003    30.420    31.604     0.706     3.539   265.840   306.093    79.123   904.732    23.625   200.218
    24.000     4.969     5.002    30.412    31.584     0.515     3.513   265.841   306.303    79.128   904.306    23.875   200.201
    24.250     5.047     5.016    30.391    31.562     0.339     3.476   265.843   306.103    79.196   903.944    24.125   200.227
    24.500     5.076     5.020    30.365    31.538     0.169     3.438   265.842   306.163    79.221   903.617    24.375   200.239
    24.750     5.047     4.966    30.333    31.512     0.025     3.405   265.840   305.892    79.255   903.383    24.625   200.245
    25.000     5.017     5.030    30.300    31.483    -0.294     3.427   265.838   305.483    79.311   902.983    24.875   200.276
    25.250     4.894     5.009    30.258    31.451    -0.651     3.562   265.835   304.968    79.354   902.709    25.125   200.305
    25.500     5.507     4.984    30.184    31.413    -0.710     3.545   265.827   304.784    79.398   903.175    25.375   200.405
    25.750     5.679     4.849    30.122    31.374    -0.701     3.491   265.810   304.100    79.345   903.767    25.625   200.492
    26.000     5.744     4.968    30.085    31.337    -0.709     3.436   265.802   302.913    79.221   903.872    25.875   200.519
    26.250     5.476     4.956    30.056    31.303    -0.734     3.389   265.794   302.830    79.104   903.951    26.125   200.537
    26.500     5.529     4.942    30.023    31.272    -0.737     3.346   265.784   302.798    79.031   904.186    26.375   200.556
    26.750     5.529     4.936    29.990    31.243    -0.736     3.308   265.776   302.805    78.992   904.379    26.625   200.580
    27.000     5.399     4.929    29.959    31.214    -0.755     3.281   265.769   302.789    78.963   904.447    26.875   200.620
    27.250     5.585     4.919    29.924    31.185    -0.740     3.257   265.757   302.648    78.909   904.574    27.125   200.654
    27.500     5.789     4.785    29.864    31.153    -0.649     3.234   265.747   303.447    78.944   905.409    27.375   200.750
    27.750     5.970     4.884    29.826    31.123    -0.607     3.214   265.735   303.491    78.887   905.724    27.625   200.804
    28.000     5.827     4.889    29.799    31.091    -0.570     3.195   265.714   303.304    78.771   905.801    27.875   200.821
    28.250     5.607     4.879    29.775    31.062    -0.567     3.185   265.703   303.597    78.679   906.052    28.125   200.856
    28.500     5.945     4.876    29.732    31.031    -0.503     3.170   265.690   303.561    78.680   906.592    28.375   200.928
    28.750     5.636     4.859    29.702    31.003    -0.502     3.164   265.680   302.501    78.622   907.000    28.625   200.958
    29.000     5.679     4.854    29.685    30.977    -0.525     3.157   265.667   304.035    78.536   907.096    28.875   200.975
    29.250     5.581     4.851    29.653    30.953    -0.533     3.149   265.661   304.102    78.533   907.496    29.125   201.038
    29.500     5.091     4.724    29.645    30.933    -0.659     3.147   265.659   304.517    78.473   907.561    29.375   201.072
    29.750     5.139     4.726    29.633    30.913    -0.792     3.138   265.657   304.743    78.486   907.368    29.625   201.088
    30.000     5.156     4.726    29.617    30.893    -0.932     3.126   265.655   304.970    78.473   907.220    29.875   201.118
    30.250     5.012     4.735    29.603    30.873    -1.091     3.112   265.653   305.010    78.483   906.895    30.125   201.135
    30.500     5.065     4.737    29.582    30.852    -1.255     3.105   265.651   305.116    78.485   906.679    30.375   201.171
    30.750     4.922     4.749    29.561    30.829    -1.541     3.220   265.648   303.971    78.499   906.292    30.625   201.195
    31.000     5.063     4.885    29.527    30.801    -1.805     3.686   265.638   303.889    78.563   905.632    30.875   201.221
    31.250     5.369     4.800    29.474    30.768    -1.846     3.705   265.631   304.553    78.508   906.141    31.125   201.273
    31.500     5.444     4.811    29.439    30.736    -1.864     3.657   265.619   303.901    78.463   906.035    31.375   201.298
    31.750     5.461     4.792    29.403    30.707    -1.900     3.558   265.616   304.877    78.367   906.541    31.625   201.352
    32.000     5.201     4.709    29.374    30.679    -1.899     3.469   265.605   303.868    78.349   906.375    31.875   201.379
    32.250     5.517     4.696    29.336    30.650    -1.904     3.389   265.597   304.533    78.276   906.716    32.125   201.425
    32.500     5.384     4.691    29.312    30.624    -1.997     3.365   265.593   304.768    78.219   906.877    32.375   201.453
    32.750     5.295     4.690    29.282    30.598    -2.031     3.297   265.582   303.513    78.213   906.855    32.625   201.485
    33.000     5.432     4.755    29.252    30.571    -2.093     3.287   265.575   304.443    78.169   906.947    32.875   201.516
    33.250     5.365     4.681    29.220    30.543    -2.137     3.285   265.567   304.453    78.133   907.091    33.125   201.553
    33.500     5.506     4.779    29.190    30.515    -2.162     3.269   265.553   304.130    78.095   907.038    33.375   201.581
    33.750     5.795     4.812    29.150    30.483    -2.093     3.183   265.540   302.851    78.043   907.277    33.625   201.612
    34.000     5.313     4.787    29.134    30.455    -2.126     3.123   265.530   302.934    77.928   907.286    33.875   201.630
    34.250     5.328     4.658    29.096    30.427    -2.107     3.068   265.519   302.982    77.902   907.760    34.125   201.679
    34.500     5.503     4.760    29.068    30.400    -2.107     3.021   265.510   302.802    77.862   907.791    34.375   201.715
    34.750     5.545     4.762    29.033    30.370    -2.077     2.985   265.499   302.697    77.809   908.055    34.625   201.742
    35.000     5.563     4.771    29.000    30.342    -2.049     2.960   265.487   302.779    77.772   908.286    34.875   201.769
    35.250     5.101     4.768    28.999    30.317    -2.164     2.951   265.482   303.022    77.631   908.088    35.125   201.775
    35.500     5.188     4.771    28.983    30.295    -2.284     2.936   265.477   303.323    77.612   908.166    35.375   201.800
    35.750     4.898     4.771    28.967    30.273    -2.453     2.952   265.475   303.518    77.616   907.889    35.625   201.821
    36.000     5.089     4.773    28.932    30.246    -2.589     3.119   265.469   303.469    77.647   907.774    35.875   201.846
    36.250     5.249     4.761    28.892    30.217    -2.650     3.214   265.459   303.215    77.628   907.802    36.125   201.869
    36.500     5.380     4.761    28.859    30.188    -2.693     3.175   265.449   303.199    77.562   907.974    36.375   201.888
    36.750     5.134     4.617    28.812    30.159    -2.692     3.151   265.444   303.965    77.590   908.478    36.625   201.930
    37.000     5.360     4.613    28.778    30.130    -2.740     3.159   265.437   303.990    77.545   908.654    36.875   201.960
    37.250     5.309     4.743    28.767    30.102    -2.827     3.139   265.424   302.974    77.409   908.302    37.125   201.965
    37.500     5.143     4.721    28.738    30.074    -2.855     3.103   265.416   302.694    77.367   908.257    37.375   201.983
    37.750     5.665     4.707    28.684    30.045    -2.785     2.997   265.406   303.387    77.393   908.909    37.625   202.033
    38.000     5.617     4.707    28.649    30.014    -2.736     2.901   265.390   301.991    77.307   909.223    37.875   202.057
    38.250     5.607     4.699    28.623    29.984    -2.697     2.819   265.375   301.684    77.192   909.447    38.125   202.070
    38.500     5.748     4.677    28.576    29.955    -2.591     2.739   265.363   302.988    77.193   910.159    38.375   202.105
    38.750     5.314     4.683    28.567    29.929    -2.598     2.688   265.350   302.908    77.055   910.075    38.625   202.112
    39.000     5.531     4.553    28.518    29.901    -2.494     2.633   265.335   302.818    77.085   910.931    38.875   202.154
    39.250     5.312     4.544    28.500    29.877    -2.519     2.601   265.328   303.015    76.986   911.129    39.125   202.179
    39.500     5.042     4.548    28.489    29.856    -2.607     2.578   265.327   303.212    76.941   911.086    39.375   202.202
    39.750     4.906     4.552    28.479    29.836    -2.720     2.556   265.325   303.420    76.913   910.767    39.625   202.218
    40.000     4.961     4.556    28.459    29.816    -2.841     2.539   265.322   303.601    76.925   910.657    39.875   202.248
    40.250     4.801     4.564    28.441    29.794    -3.040     2.583   265.319   303.641    76.914   910.407    40.125   202.273
    40.500     4.873     4.628    28.415    29.767    -3.312     2.910   265.310   302.345    76.940   909.961    40.375   202.292
    40.750     5.039     4.628    28.367    29.736    -3.391     3.108   265.305   303.320    76.941   910.018    40.625   202.322
    41.000     5.312     4.544    28.320    29.704    -3.424     3.120   265.294   303.263    76.863   910.554    40.875   202.355
    41.250     5.267     4.530    28.288    29.675    -3.451     3.045   265.286   303.314    76.757   910.915    41.125   202.386
    41.500     5.274     4.530    28.259    29.645    -3.514     3.085   265.277   303.385    76.704   911.058    41.375   202.412
    41.750     5.278     4.526    28.227    29.616    -3.541     3.035   265.267   303.374    76.656   911.241    41.625   202.435
    42.000     5.195     4.513    28.196    29.588    -3.571     2.936   265.256   303.185    76.590   911.592    41.875   202.464
    42.250     5.205     4.510    28.168    29.559    -3.625     2.933   265.246   301.884    76.543   911.798    42.125   202.482
    42.500     5.207     4.510    28.139    29.531    -3.668     2.899   265.239   303.105    76.488   911.982    42.375   202.505
    42.750     5.157     4.503    28.111    29.502    -3.710     2.868   265.232   303.114    76.437   912.172    42.625   202.523
    43.000     5.206     4.498    28.080    29.473    -3.757     2.874   265.223   303.058    76.385   912.382    42.875   202.545
    43.250     5.213     4.567    28.051    29.445    -3.809     2.882   265.212   302.802    76.329   912.540    43.125   202.565
    43.500     5.133     4.491    28.022    29.416    -3.851     2.877   265.205   302.800    76.273   912.711    43.375   202.580
    43.750     5.146     4.556    27.995    29.389    -3.878     2.785   265.196   302.853    76.204   912.841    43.625   202.601
    44.000     5.213     4.568    27.966    29.360    -3.919     2.796   265.187   302.689    76.173   912.852    43.875   202.612
    44.250     5.081     4.577    27.940    29.333    -3.964     2.782   265.180   302.851    76.129   912.908    44.125   202.630
    44.500     4.953     4.472    27.905    29.304    -3.991     2.775   265.170   302.627    76.095   913.187    44.375   202.644
    44.750     5.190     4.474    27.876    29.277    -4.050     2.750   265.163   302.641    76.017   913.436    44.625   202.662
    45.000     5.093     4.596    27.861    29.248    -4.105     2.725   265.153   301.390    75.930   913.054    44.875   202.663
    45.250     5.028     4.588    27.834    29.220    -4.167     2.694   265.144   301.409    75.857   913.208    45.125   202.672
    45.500     4.956     4.453    27.784    29.192    -4.176     2.717   265.137   301.285    75.899   913.733    45.375   202.689
    45.750     5.218     4.451    27.749    29.163    -4.211     2.725   265.129   301.293    75.842   913.952    45.625   202.703
    46.000     5.115     4.572    27.733    29.136    -4.285     2.712   265.119   301.238    75.738   913.683    45.875   202.711
    46.250     5.114     4.567    27.701    29.108    -4.315     2.684   265.111   301.171    75.692   913.947    46.125   202.720
    46.500     4.980     4.560    27.681    29.081    -4.388     2.710   265.103   300.918    75.608   913.908    46.375   202.724
    46.750     5.109     4.555    27.653    29.053    -4.440     2.716   265.091   301.156    75.553   914.122    46.625   202.731
    47.000     4.980     4.549    27.628    29.026    -4.465     2.652   265.086   300.839    75.503   914.173    46.875   202.736
    47.250     5.086     4.546    27.600    28.999    -4.525     2.720   265.078   300.989    75.465   914.344    47.125   202.743
    47.500     5.042     4.535    27.565    28.973    -4.530     2.700   265.070   300.741    75.470   914.498    47.375   202.751
    47.750     5.042     4.535    27.546    28.947    -4.588     2.664   265.061   300.862    75.368   914.549    47.625   202.755
    48.000     5.027     4.532    27.516    28.921    -4.589     2.595   265.053   300.521    75.351   914.622    47.875   202.760
    48.250     5.387     4.505    27.467    28.892    -4.521     2.473   265.040   301.520    75.345   915.230    48.125   202.769
    48.500     5.081     4.513    27.456    28.865    -4.545     2.387   265.027   300.271    75.193   915.169    48.375   202.769
    48.750     4.571     4.392    27.428    28.843    -4.587     2.314   265.028   301.594    75.211   915.430    48.625   202.786
    49.000     4.533     4.407    27.409    28.821    -4.689     2.297   265.028   301.467    75.227   915.246    48.875   202.800
    49.250     4.761     4.532    27.374    28.791    -4.856     2.619   265.020   299.902    75.283   914.817    49.125   202.808
    49.500     4.680     4.455    27.317    28.756    -4.931     2.775   265.014   300.790    75.254   915.184    49.375   202.826
    49.750     4.974     4.440    27.263    28.721    -5.028     3.025   265.005   300.772    75.154   915.508    49.625   202.844
    50.000     4.981     4.432    27.216    28.687    -5.050     2.911   264.995   300.631    75.025   915.863    49.875   202.860
    50.250     4.944     4.367    27.180    28.656    -5.054     2.775   264.986   300.517    74.891   916.122    50.125   202.870
    50.500     5.044     4.403    27.147    28.628    -5.084     2.710   264.978   300.416    74.790   916.377    50.375   202.882
    50.750     4.986     4.395    27.116    28.600    -5.110     2.667   264.968   300.333    74.709   916.598    50.625   202.895
    51.000     4.911     4.340    27.086    28.573    -5.139     2.640   264.961   300.530    74.641   916.776    50.875   202.904
    51.250     4.938     4.335    27.057    28.547    -5.171     2.619   264.952   300.288    74.582   916.955    51.125   202.916
    51.500     4.918     4.329    27.030    28.521    -5.216     2.607   264.945   300.334    74.522   917.073    51.375   202.921
    51.750     4.876     4.323    27.002    28.495    -5.255     2.594   264.936   300.276    74.468   917.210    51.625   202.930
    52.000     4.904     4.358    26.976    28.469    -5.310     2.589   264.926   300.144    74.417   917.342    51.875   202.936
    52.250     4.918     4.363    26.947    28.443    -5.339     2.578   264.919   300.161    74.379   917.463    52.125   202.939
    52.500     4.854     4.350    26.919    28.416    -5.392     2.573   264.913   300.148    74.324   917.609    52.375   202.946
    52.750     4.892     4.348    26.891    28.389    -5.429     2.557   264.903   299.361    74.279   917.747    52.625   202.950
    53.000     4.849     4.305    26.861    28.362    -5.462     2.545   264.894   299.241    74.230   917.907    52.875   202.957
    53.250     4.827     4.300    26.833    28.335    -5.507     2.537   264.888   299.773    74.179   918.089    53.125   202.967
    53.500     4.920     4.297    26.802    28.307    -5.570     2.659   264.878   299.739    74.126   918.269    53.375   202.975
    53.750     4.911     4.339    26.775    28.280    -5.614     2.592   264.870   299.704    74.064   918.419    53.625   202.981
    54.000     4.841     4.287    26.746    28.252    -5.640     2.546   264.862   299.718    74.008   918.618    53.875   202.990
    54.250     4.883     4.320    26.719    28.225    -5.688     2.520   264.854   299.680    73.952   918.781    54.125   202.998
    54.500     4.835     4.335    26.692    28.198    -5.732     2.505   264.846   299.703    73.899   918.918    54.375   203.005
    54.750     4.902     4.321    26.661    28.171    -5.763     2.485   264.837   299.613    73.846   919.128    54.625   203.016
    55.000     4.735     4.269    26.633    28.144    -5.804     2.472   264.830   299.683    73.795   919.295    54.875   203.023
    55.250     4.884     4.311    26.606    28.117    -5.858     2.465   264.823   299.706    73.734   919.451    55.125   203.034
    55.500     4.824     4.260    26.576    28.090    -5.891     2.446   264.815   299.693    73.678   919.638    55.375   203.044
    55.750     4.876     4.293    26.549    28.063    -5.944     2.439   264.807   299.672    73.608   919.918    55.625   203.056
    56.000     4.829     4.318    26.522    28.036    -5.990     2.429   264.797   299.598    73.557   920.071    55.875   203.064
    56.250     4.816     4.303    26.493    28.009    -6.020     2.414   264.790   299.652    73.507   920.236    56.125   203.072
    56.500     4.825     4.279    26.464    27.982    -6.062     2.402   264.783   299.495    73.447   920.446    56.375   203.080
    56.750     4.768     4.239    26.436    27.955    -6.101     2.389   264.775   299.652    73.396   920.587    56.625   203.089
    57.000     4.837     4.235    26.407    27.928    -6.131     2.372   264.766   299.601    73.346   920.752    56.875   203.098
    57.250     4.835     4.265    26.379    27.901    -6.194     2.368   264.756   299.550    73.285   920.974    57.125   203.110
    57.500     4.837     4.226    26.348    27.873    -6.206     2.342   264.749   299.679    73.237   921.127    57.375   203.118
    57.750     4.729     4.220    26.322    27.847    -6.271     2.339   264.742   299.624    73.181   921.305    57.625   203.127
    58.000     4.876     4.252    26.293    27.820    -6.314     2.324   264.731   299.343    73.126   921.491    57.875   203.136
    58.250     4.831     4.212    26.263    27.793    -6.350     2.307   264.724   299.533    73.070   921.691    58.125   203.145
    58.500     4.778     4.244    26.236    27.766    -6.400     2.296   264.717   299.515    73.020   921.842    58.375   203.153
    58.750     4.751     4.202    26.206    27.739    -6.431     2.278   264.706   299.283    72.970   921.996    58.625   203.159
    59.000     4.900     4.254    26.177    27.711    -6.473     2.265   264.698   299.498    72.918   922.185    58.875   203.165
    59.250     4.717     4.248    26.150    27.685    -6.522     2.255   264.691   299.296    72.866   922.309    59.125   203.170
    59.500     4.757     4.190    26.120    27.657    -6.560     2.239   264.683   299.330    72.814   922.521    59.375   203.174
    59.750     4.730     4.184    26.091    27.630    -6.602     2.225   264.671   299.309    72.764   922.682    59.625   203.178
    60.000     4.710     4.180    26.064    27.603    -6.644     2.213   264.665   299.389    72.722   922.790    59.875   203.181
    60.250     4.795     4.177    26.035    27.576    -6.688     2.203   264.659   299.169    72.673   922.973    60.125   203.181
    60.500     4.790     4.219    26.006    27.549    -6.726     2.190   264.649   299.201    72.629   923.109    60.375   203.182
    60.750     4.629     4.167    25.978    27.521    -6.772     2.183   264.639   299.153    72.581   923.253    60.625   203.182
    61.000     4.748     4.164    25.950    27.494    -6.815     2.171   264.634   299.111    72.536   923.385    60.875   203.181
    61.250     4.780     4.224    25.922    27.468    -6.866     2.163   264.625   298.990    72.491   923.507    61.125   203.181
    61.500     4.693     4.156    25.891    27.440    -6.889     2.145   264.616   298.924    72.454   923.691    61.375   203.179
    61.750     4.705     4.188    25.865    27.413    -6.946     2.140   264.610   298.902    72.404   923.792    61.625   203.176
    62.000     4.697     4.182    25.837    27.386    -6.989     2.130   264.601   298.884    72.361   923.931    61.875   203.171
    62.250     4.682     4.142    25.806    27.359    -7.007     2.109   264.590   298.729    72.328   924.085    62.125   203.165
    62.500     4.675     4.138    25.779    27.332    -7.061     2.101   264.583   298.691    72.282   924.212    62.375   203.160
    62.750     4.662     4.135    25.752    27.305    -7.110     2.096   264.577   298.714    72.236   924.394    62.625   203.154
    63.000     4.668     4.166    25.724    27.278    -7.159     2.088   264.569   298.697    72.196   924.498    62.875   203.147
    63.250     4.686     4.163    25.696    27.251    -7.203     2.078   264.562   298.573    72.157   924.622    63.125   203.140
    63.500     4.645     4.166    25.669    27.224    -7.250     2.069   264.551   298.559    72.121   924.728    63.375   203.129
    63.750     4.640     4.154    25.641    27.197    -7.293     2.059   264.545   298.424    72.081   924.818    63.625   203.119
    64.000     4.673     4.150    25.612    27.169    -7.329     2.048   264.538   298.371    72.045   924.961    63.875   203.111
    64.250     4.650     4.155    25.583    27.142    -7.369     2.038   264.530   298.299    72.012   925.053    64.125   203.100
    64.500     4.611     4.141    25.556    27.115    -7.421     2.030   264.521   298.307    71.972   925.163    64.375   203.087
    64.750     4.626     4.145    25.527    27.088    -7.451     2.017   264.513   298.314    71.937   925.260    64.625   203.080
    65.000     4.691     4.171    25.498    27.061    -7.488     2.006   264.506   298.170    71.902   925.377    64.875   203.071
    65.250     4.619     4.154    25.470    27.034    -7.539     2.001   264.496   298.121    71.859   925.508    65.125   203.053
    65.500     4.484     4.087    25.443    27.007    -7.579     1.988   264.489   298.274    71.831   925.589    65.375   203.042
    65.750     4.622     4.084    25.415    26.980    -7.622     1.980   264.481   298.208    71.792   925.687    65.625   203.034
    66.000     4.663     4.115    25.387    26.953    -7.673     1.971   264.474   298.138    71.750   925.801    65.875   203.022
    66.250     4.588     4.119    25.359    26.927    -7.709     1.958   264.465   298.146    71.728   925.900    66.125   203.007
    66.500     4.599     4.072    25.329    26.899    -7.728     1.938   264.456   298.096    71.690   925.999    66.375   202.998
    66.750     4.567     4.068    25.302    26.873    -7.787     1.936   264.451   298.101    71.651   926.130    66.625   202.987
    67.000     4.586     4.064    25.274    26.846    -7.825     1.922   264.442   298.142    71.590   926.288    66.875   203.051
    67.250     4.582     4.093    25.248    26.819    -7.891     1.922   264.432   298.047    71.526   926.466    67.125   203.100
    67.500     4.577     4.055    25.219    26.792    -7.921     1.905   264.428   298.007    71.471   926.606    67.375   203.153
    67.750     4.571     4.051    25.190    26.765    -7.958     1.890   264.420   297.950    71.410   926.811    67.625   203.227
    68.000     4.566     4.044    25.162    26.738    -8.005     1.886   264.408   297.974    71.347   927.076    67.875   203.268
    68.250     4.590     4.095    25.136    26.711    -8.051     1.876   264.402   298.009    71.287   927.189    68.125   203.335
    68.500     4.535     4.072    25.108    26.685    -8.103     1.871   264.394   298.006    71.219   927.381    68.375   203.397
    68.750     4.572     4.034    25.078    26.657    -8.133     1.856   264.388   297.863    71.165   927.555    68.625   203.451
    69.000     4.588     4.102    25.052    26.631    -8.188     1.851   264.378   297.935    71.107   927.662    68.875   203.494
    69.250     4.468     4.026    25.023    26.604    -8.220     1.836   264.372   297.791    71.053   927.811    69.125   203.540
    69.500     4.594     4.055    24.995    26.577    -8.265     1.825   264.364   297.832    70.977   928.088    69.375   203.613
    69.750     4.614     4.052    24.966    26.550    -8.308     1.812   264.355   297.771    70.923   928.243    69.625   203.646
    70.000     4.406     4.012    24.939    26.523    -8.346     1.801   264.348   297.726    70.877   928.322    69.875   203.680
    70.250     4.661     4.080    24.911    26.496    -8.389     1.792   264.340   297.847    70.813   928.565    70.125   203.731
    70.500     4.484     4.040    24.884    26.469    -8.434     1.782   264.331   297.730    70.760   928.654    70.375   203.764
    70.750     4.488     4.053    24.856    26.442    -8.475     1.772   264.324   297.813    70.721   928.729    70.625   203.789
    71.000     4.538     4.060    24.828    26.415    -8.523     1.764   264.316   297.609    70.666   928.820    70.875   203.822
    71.250     4.474     4.029    24.800    26.388    -8.564     1.754   264.308   297.692    70.611   928.922    71.125   203.866
    71.500     4.181     4.041    24.777    26.361    -8.613     1.745   264.302   297.464    70.592   928.917    71.375   203.930
    71.750     4.118     4.033    24.748    26.331    -8.679     1.741   264.301   297.296    70.558   928.973    71.625   203.995
    72.000     4.299     4.031    24.713    26.300    -8.708     1.733   264.297   297.273    70.505   929.073    71.875   204.052
    72.250     4.348     4.024    24.677    26.270    -8.736     1.755   264.292   297.378    70.459  1012.500    72.125   204.085
    72.500     4.459     4.055    24.644    26.239    -8.789     1.805   264.286   297.382    70.377  1012.500    72.375   204.138
    72.750     4.473     4.011    24.611    26.209    -8.815     1.766   264.279   297.379    70.480   928.780    72.625   204.178
    73.000     4.432     4.002    24.581    26.181    -8.864     1.778   264.271   297.355    70.399   928.974    72.875   204.223
    73.250     4.512     3.997    24.551    26.153    -8.906     1.762   264.261   297.290    70.322   929.180    73.125   204.270
    73.500     4.517     4.010    24.522    26.125    -8.961     1.771   264.253   297.430    70.251   929.364    73.375   204.319
    73.750     4.454     3.987    24.493    26.097    -9.005     1.770   264.245   297.622    70.182   929.536    73.625   204.364
    74.000     4.495     4.000    24.466    26.070    -9.060     1.783   264.238   297.304    70.115   929.684    73.875   204.406
    74.250     4.442     3.979    24.437    26.043    -9.100     1.761   264.230   297.469    70.042   929.937    74.125   204.456
    74.500     4.500     4.011    24.410    26.015    -9.145     1.733   264.222   297.325    69.978   930.079    74.375   204.494
    74.750     4.419     3.979    24.382    25.988    -9.183     1.701   264.212   297.196    69.917   930.224    74.625   204.532
    75.000     4.424     3.967    24.353    25.960    -9.220     1.688   264.205   297.249    69.857   930.357    74.875   204.570
    75.250     4.380     3.929    24.324    25.933    -9.258     1.678   264.198   297.089    69.801   930.498    75.125   204.607
    75.500     4.492     3.996    24.297    25.906    -9.307     1.675   264.190   297.277    69.738   930.619    75.375   204.641
    75.750     4.419     3.992    24.268    25.878    -9.356     1.679   264.182   297.135    69.677   930.764    75.625   204.675
    76.000     4.460     3.979    24.239    25.850    -9.388     1.643   264.175   297.161    69.614   930.915    75.875   204.706
    76.250     4.311     3.913    24.210    25.822    -9.440     1.664   264.167   297.261    69.557   931.036    76.125   204.734
    76.500     4.443     3.942    24.182    25.795    -9.484     1.644   264.157   297.086    69.496   931.172    76.375   204.761
    76.750     4.440     3.939    24.153    25.767    -9.528     1.627   264.149   297.085    69.434   931.329    76.625   204.793
    77.000     4.396     3.935    24.126    25.739    -9.573     1.621   264.142   297.044    69.372   931.425    76.875   204.818
    77.250     4.407     3.966    24.098    25.712    -9.618     1.610   264.132   296.901    69.297   931.673    77.125   204.864
    77.500     4.336     3.893    24.067    25.684    -9.659     1.612   264.126   297.039    69.242   931.841    77.375   204.889
    77.750     4.427     3.939    24.040    25.657    -9.712     1.594   264.118   297.096    69.179   931.970    77.625   204.915
    78.000     4.355     3.885    24.009    25.628    -9.753     1.601   264.110   296.930    69.121   932.138    77.875   204.939
    78.250     4.451     3.951    23.982    25.601    -9.819     1.626   264.102   297.009    69.060   932.242    78.125   204.962
    78.500     4.368     3.954    23.958    25.573    -9.866     1.597   264.094   295.821    68.989   932.251    78.375   204.968
    78.750     4.334     3.950    23.929    25.545    -9.904     1.588   264.086   296.012    68.932   932.429    78.625   204.995
    79.000     4.323     3.946    23.902    25.517    -9.941     1.578   264.079   296.079    68.871   932.520    78.875   205.011
    79.250     4.353     3.942    23.875    25.489    -9.998     1.603   264.071   296.215    68.808   932.647    79.125   205.031
    79.500     4.319     3.937    23.851    25.462   -10.059     1.586   264.062   296.687    68.732   932.729    79.375   205.042
    79.750     4.361     3.933    23.819    25.434   -10.077     1.544   264.055   296.168    68.673   933.016    79.625   205.075
    80.000     4.378     3.928    23.789    25.407   -10.110     1.529   264.047   296.071    68.617   933.192    79.875   205.091
    80.250     4.352     3.881    23.755    25.379   -10.147     1.526   264.039   297.017    68.568   933.489    80.125   205.117
    80.500     4.328     3.877    23.726    25.352   -10.197     1.504   264.032   296.907    68.510   933.636    80.375   205.139
    80.750     4.353     3.872    23.697    25.325   -10.237     1.476   264.023   296.881    68.452   933.776    80.625   205.157
    81.000     4.361     3.877    23.669    25.298   -10.289     1.477   264.014   296.722    68.397   933.889    80.875   205.168
    81.250     4.264     3.864    23.640    25.270   -10.335     1.473   264.005   296.563    68.349   934.006    81.125   205.178
    81.500     4.351     3.904    23.619    25.243   -10.390     1.437   263.997   295.432    68.280   933.956    81.375   205.179
    81.750     4.275     3.901    23.589    25.215   -10.422     1.446   263.990   295.503    68.231   934.117    81.625   205.198
    82.000     4.223     3.898    23.567    25.187   -10.504     1.464   263.981   295.870    68.152   934.146    81.875   205.203
    82.250     4.370     3.891    23.531    25.158   -10.524     1.484   263.974   295.748    68.111   934.434    82.125   205.221
    82.500     4.290     3.888    23.503    25.131   -10.581     1.513   263.967   295.682    68.060   934.513    82.375   205.223
    82.750     4.269     3.884    23.475    25.103   -10.612     1.458   263.960   295.682    68.005   934.652    82.625   205.234
    83.000     4.278     3.879    23.447    25.075   -10.643     1.434   263.951   295.792    67.944   934.767    82.875   205.245
    83.250     4.259     3.875    23.420    25.048   -10.692     1.417   263.943   295.804    67.887   934.902    83.125   205.257
    83.500     4.269     3.872    23.395    25.020   -10.762     1.426   263.935   296.627    67.825   934.984    83.375   205.261
    83.750     4.264     3.868    23.367    24.993   -10.806     1.412   263.927   295.904    67.772   935.098    83.625   205.266
    84.000     4.250     3.863    23.339    24.965   -10.846     1.397   263.919   295.911    67.718   935.204    83.875   205.270
    84.250     4.317     3.859    23.305    24.938   -10.881     1.437   263.911   296.167    67.683   935.404    84.125   205.278
    84.500     4.283     3.850    23.274    24.910   -10.913     1.389   263.904   295.521    67.634   935.606    84.375   205.285
    84.750     4.178     3.851    23.251    24.883   -10.977     1.387   263.895   295.486    67.578   935.587    84.625   205.282
    85.000     4.272     3.848    23.220    24.855   -11.025     1.401   263.888   295.470    67.532   935.748    84.875   205.294
    85.250     4.201     3.843    23.194    24.828   -11.072     1.383   263.879   295.456    67.472   935.821    85.125   205.295
    85.500     4.312     3.835    23.160    24.800   -11.102     1.371   263.872   295.498    67.421   936.166    85.375   205.314
    85.750     4.212     3.835    23.135    24.773   -11.154     1.368   263.863   296.408    67.361   936.190    85.625   205.309
    86.000     4.235     3.830    23.108    24.746   -11.198     1.355   263.855   295.504    67.305   936.302    85.875   205.306
    86.250     4.281     3.825    23.078    24.719   -11.243     1.366   263.846   296.389    67.257   936.459    86.125   205.313
    86.500     4.168     3.823    23.053    24.691   -11.308     1.386   263.838   295.423    67.204   936.505    86.375   205.311
    86.750     4.223     3.819    23.022    24.664   -11.325     1.322   263.832   295.293    67.168   936.672    86.625   205.314
    87.000     4.134     3.817    22.998    24.636   -11.403     1.334   263.824   295.080    67.116   936.651    86.875   205.298
    87.250     4.205     3.813    22.966    24.608   -11.412     1.300   263.817   295.000    67.077   936.831    87.125   205.311
    87.500     4.128     3.811    22.943    24.580   -11.489     1.339   263.808   295.649    67.015   936.866    87.375   205.309
    87.750     4.227     3.806    22.909    24.552   -11.516     1.319   263.801   295.147    66.983   937.069    87.625   205.313
    88.000     4.162     3.794    22.881    24.524   -11.531     1.246   263.793   295.164    66.926   937.182    87.875   205.312
    88.250     4.088     3.800    22.857    24.497   -11.600     1.276   263.786   295.176    66.874   937.182    88.125   205.306
    88.500     4.213     3.793    22.822    24.469   -11.614     1.255   263.779   294.885    66.838   937.388    88.375   205.308
    88.750     4.131     3.791    22.797    24.441   -11.686     1.290   263.771   294.860    66.787   937.430    88.625   205.300
    89.000     4.194     3.786    22.766    24.413   -11.716     1.249   263.763   294.904    66.741   937.636    88.875   205.305
    89.250     4.178     3.742    22.734    24.385   -11.742     1.209   263.754   295.794    66.697   937.834    89.125   205.298
    89.500     4.099     3.747    22.705    24.358   -11.771     1.203   263.749   295.609    66.662   937.919    89.375   205.303
    89.750     4.206     3.762    22.674    24.330   -11.829     1.207   263.740   295.502    66.618   938.033    89.625   205.299
    90.000     4.148     3.732    22.646    24.302   -11.890     1.201   263.731   295.412    66.567   938.129    89.875   205.294
    90.250     4.143     3.767    22.624    24.274   -11.957     1.191   263.723   294.123    66.511   938.091    90.125   205.282
    90.500     4.080     3.767    22.598    24.246   -12.009     1.212   263.715   294.193    66.473   938.146    90.375   205.274
    90.750     4.084     3.754    22.566    24.218   -11.999     1.148   263.709   293.995    66.441   938.262    90.625   205.261
    91.000     4.043     3.760    22.539    24.190   -12.064     1.207   263.702   294.109    66.401   938.307    90.875   205.261
    91.250     4.105     3.754    22.510    24.161   -12.115     1.216   263.696   294.071    66.345   938.430    91.125   205.258
    91.500     4.165     3.748    22.479    24.133   -12.162     1.208   263.688   294.085    66.294   938.614    91.375   205.254
    91.750     4.113     3.736    22.453    24.106   -12.218     1.182   263.679   294.160    66.243   938.687    91.625   205.242
    92.000     4.076     3.734    22.423    24.078   -12.221     1.120   263.673   293.949    66.213   938.790    91.875   205.234
    92.250     4.037     3.738    22.397    24.051   -12.286     1.168   263.665   293.920    66.173   938.808    92.125   205.231
    92.500     4.123     3.695    22.362    24.023   -12.328     1.152   263.658   295.017    66.132   939.064    92.375   205.232
    92.750     4.145     3.725    22.334    23.995   -12.386     1.134   263.648   294.848    66.082   939.173    92.625   205.233
    93.000     4.114     3.714    22.306    23.968   -12.420     1.098   263.641   294.800    66.036   939.273    92.875   205.225
    93.250     4.046     3.724    22.282    23.940   -12.448     1.066   263.633   294.102    65.997   939.222    93.125   205.210
    93.500     4.030     3.720    22.253    23.912   -12.509     1.128   263.626   293.473    65.970   939.308    93.375   205.197
    93.750     3.987     3.718    22.229    23.885   -12.575     1.145   263.619   293.459    65.919   939.324    93.625   205.185
    94.000     4.089     3.705    22.199    23.857   -12.625     1.142   263.612   293.544    65.875   939.510    93.875   205.180
    94.250     4.059     3.663    22.166    23.829   -12.628     1.090   263.605   294.486    65.847   939.674    94.125   205.169
    94.500     4.068     3.684    22.137    23.802   -12.674     1.090   263.597   294.329    65.811   939.770    94.375   205.164
    94.750     4.124     3.697    22.107    23.774   -12.739     1.099   263.591   294.341    65.765   939.872    94.625   205.158
    95.000     3.764     3.696    22.084    23.745   -12.759     1.059   263.584   293.767    65.773   939.794    94.875   205.137
    95.250     3.752     3.698    22.055    23.715   -12.756     1.002   263.582   292.572    65.767   939.774    95.125   205.115
    95.500     3.847     3.692    22.022    23.686   -12.736     0.949   263.578   293.030    65.730   939.851    95.375   205.094
    95.750     3.920     3.695    21.992    23.656   -12.731     0.956   263.574   292.118    65.686   939.900    95.625   205.075
    96.000     3.949     3.691    21.958    23.626   -12.748     1.036   263.567   292.481    65.653   940.001    95.875   205.060
    96.250     3.985     3.685    21.930    23.597   -12.831     1.153   263.561   292.271    65.608   940.118    96.125   205.043
    96.500     3.972     3.641    21.899    23.568   -12.913     1.164   263.554   293.524    65.566   940.270    96.375   205.035
    96.750     4.031     3.674    21.878    23.540   -13.044     1.224   263.546   293.632    65.496   940.227    96.625   205.025
    97.000     4.046     3.669    21.845    23.513   -13.105     1.163   263.540   292.563    65.466   940.380    96.875   205.015
    97.250     3.996     3.656    21.817    23.485   -13.157     1.102   263.530   292.767    65.424   940.501    97.125   205.002
    97.500     4.002     3.620    21.787    23.459   -13.161     1.002   263.524   293.449    65.377   940.624    97.375   204.983
    97.750     4.053     3.613    21.757    23.433   -13.146     0.941   263.514   293.365    65.340   940.768    97.625   204.975
    98.000     3.983     3.612    21.729    23.407   -13.178     0.987   263.508   293.194    65.321   940.797    97.875   204.960
    98.250     3.963     3.612    21.702    23.380   -13.256     1.053   263.501   293.166    65.292   940.840    98.125   204.954
    98.500     3.967     3.610    21.675    23.352   -13.329     1.051   263.494   293.178    65.264   940.939    98.375   204.948
    98.750     3.988     3.625    21.648    23.325   -13.370     0.989   263.487   292.964    65.213   940.998    98.625   204.936
    99.000     3.997     3.634    21.625    23.300   -13.385     0.912   263.480   291.829    65.147   941.043    98.875   204.923
    99.250     3.968     3.634    21.599    23.274   -13.396     0.913   263.471   291.698    65.135   941.061    99.125   204.906
    99.500     3.897     3.635    21.572    23.248   -13.439     0.991   263.462   292.437    65.127   941.076    99.375   204.891
    99.750     3.866     3.564    21.541    23.220   -13.500     1.047   263.459   292.835    65.121   941.226    99.625   204.877
   100.000     3.976     3.604    21.514    23.193   -13.584     1.042   263.451   292.830    65.084   941.303    99.875   204.866
