     0.250     0.358     4.675    31.621    32.151    -1.749     5.447   266.437   288.364    74.399   918.630     0.125   204.791
     0.500     8.065     4.836    31.247    32.265    -1.412     5.177   266.432   289.430    75.834   914.743     0.375   204.174
     0.750    11.821     4.948    31.081    32.300    -0.780     4.833   266.366   292.491    76.825   913.502     0.625   204.319
     1.000    11.724     5.000    30.993    32.296    -0.184     4.543   266.292   295.625    77.152   915.659     0.875   204.725
     1.250    10.370     4.965    30.964    32.281     0.699     4.215   266.223   296.616    77.266   916.737     1.125   204.659
     1.500     5.140     4.918    31.023    32.271     1.061     4.403   266.199   295.937    77.575   914.321     1.375   204.189
     1.750     5.750     4.925    31.046    32.261     1.081     4.522   266.189   295.982    77.746   913.156     1.625   203.851
     2.000     5.780     4.933    31.058    32.249     1.040     4.639   266.178   297.713    77.864   912.310     1.875   203.641
     2.250     5.994     4.937    31.045    32.234     1.000     4.707   266.169   296.966    77.950   912.288     2.125   203.554
     2.500     5.929     4.940    31.031    32.218     0.957     4.739   266.159   298.596    78.020   912.079     2.375   203.467
     2.750     5.569     4.942    31.022    32.202     0.891     4.775   266.151   298.896    78.096   911.417     2.625   203.332
     3.000     5.727     4.942    31.005    32.184     0.840     4.769   266.145   297.927    78.163   911.027     2.875   203.226
     3.250     5.718     4.940    30.986    32.166     0.794     4.745   266.137   298.221    78.220   910.620     3.125   203.124
     3.500     5.696     4.937    30.968    32.147     0.751     4.718   266.129   299.848    78.263   910.183     3.375   203.033
     3.750     5.703     4.935    30.948    32.128     0.707     4.686   266.121   300.060    78.304   909.792     3.625   202.954
     4.000     5.820     4.932    30.925    32.109     0.665     4.652   266.114   300.345    78.337   909.600     3.875   202.896
     4.250     5.681     4.929    30.905    32.090     0.614     4.622   266.107   300.814    78.366   909.224     4.125   202.833
     4.500     5.803     4.925    30.881    32.071     0.561     4.590   266.098   301.075    78.384   908.998     4.375   202.787
     4.750     5.685     4.921    30.862    32.052     0.493     4.566   266.092   301.527    78.400   908.658     4.625   202.736
     5.000     5.687     4.918    30.841    32.034     0.417     4.556   266.085   301.893    78.414   908.343     4.875   202.702
     5.250     5.867     4.915    30.815    32.014     0.381     4.532   266.075   302.294    78.425   908.224     5.125   202.689
     5.500     5.618     4.914    30.797    31.995     0.324     4.518   266.068   301.674    78.445   907.773     5.375   202.658
     5.750     5.924     4.907    30.771    31.976     0.283     4.455   266.058   302.997    78.432   907.793     5.625   202.654
     6.000     5.721     4.903    30.750    31.956     0.271     4.400   266.050   303.178    78.441   907.376     5.875   202.605
     6.250     6.326     4.995    30.707    31.933     0.512     4.185   266.028   303.099    78.462   907.494     6.125   202.607
     6.500     6.398     4.996    30.666    31.906     0.764     4.023   266.012   302.942    78.452   907.797     6.375   202.610
     6.750     6.368     4.874    30.617    31.876     1.040     3.917   265.990   302.973    78.469   908.268     6.625   202.644
     7.000     6.427     4.982    30.598    31.847     1.179     3.867   265.968   302.041    78.339   908.327     6.875   202.573
     7.250     6.366     4.977    30.563    31.820     1.299     3.853   265.957   303.425    78.344   909.035     7.125   202.580
     7.500     5.776     4.963    30.570    31.799     1.275     3.852   265.939   302.869    78.207   908.704     7.375   202.506
     7.750     6.386     4.950    30.535    31.779     1.336     3.837   265.929   304.058    78.245   909.439     7.625   202.567
     8.000     5.739     4.836    30.525    31.762     1.306     3.822   265.918   304.427    78.245   909.487     7.875   202.560
     8.250     5.744     4.838    30.513    31.744     1.249     3.797   265.908   304.646    78.266   909.363     8.125   202.540
     8.500     5.897     4.951    30.498    31.725     1.188     3.766   265.897   304.880    78.272   909.240     8.375   202.509
     8.750     5.802     4.966    30.487    31.704     1.119     3.729   265.889   304.982    78.239   908.898     8.625   202.460
     9.000     5.582     4.958    30.474    31.684     1.054     3.691   265.874   305.199    78.237   908.655     8.875   202.399
     9.250     5.563     4.957    30.457    31.663     0.995     3.653   265.865   304.256    78.242   908.410     9.125   202.353
     9.500     5.739     4.965    30.430    31.640     0.956     3.615   265.857   304.263    78.279   908.424     9.375   202.318
     9.750     5.564     4.963    30.403    31.619     0.914     3.581   265.849   304.381    78.325   908.400     9.625   202.288
    10.000     5.613     4.986    30.382    31.596     0.863     3.549   265.841   304.412    78.346   908.203     9.875   202.248
    10.250     5.420     4.954    30.373    31.575     0.757     3.521   265.834   304.616    78.285   907.922    10.125   202.223
    10.500     5.519     4.990    30.360    31.553     0.625     3.498   265.828   305.039    78.292   907.916    10.375   202.207
    10.750     4.886     4.991    30.353    31.533     0.445     3.472   265.827   305.229    78.337   907.382    10.625   202.146
    11.000     5.240     4.994    30.332    31.512     0.286     3.434   265.826   305.357    78.378   907.036    10.875   202.129
    11.250     4.852     4.857    30.309    31.489     0.118     3.394   265.827   305.137    78.442   906.623    11.125   202.099
    11.500     5.213     5.014    30.281    31.463    -0.064     3.363   265.823   304.897    78.494   906.175    11.375   202.065
    11.750     4.924     5.015    30.246    31.434    -0.424     3.390   265.822   304.509    78.544   905.800    11.625   202.045
    12.000     4.873     4.990    30.206    31.403    -0.728     3.510   265.820   303.785    78.615   905.346    11.875   202.044
    12.250     5.628     4.968    30.129    31.364    -0.778     3.510   265.813   303.633    78.682   905.805    12.125   202.094
    12.500     5.802     4.964    30.068    31.324    -0.761     3.443   265.799   303.087    78.629   906.237    12.375   202.126
    12.750     5.645     4.825    30.015    31.286    -0.711     3.380   265.786   302.800    78.554   906.777    12.625   202.154
    13.000     5.868     4.920    29.975    31.251    -0.671     3.326   265.771   302.746    78.468   907.081    12.875   202.168
    13.250     5.823     4.927    29.948    31.216    -0.636     3.282   265.757   301.488    78.328   907.136    13.125   202.145
    13.500     5.466     4.915    29.926    31.187    -0.648     3.252   265.748   301.635    78.253   907.224    13.375   202.120
    13.750     5.940     4.910    29.879    31.155    -0.568     3.217   265.735   302.701    78.267   907.702    13.625   202.145
    14.000     5.632     4.893    29.843    31.125    -0.533     3.195   265.723   301.432    78.231   908.032    13.875   202.152
    14.250     5.641     4.884    29.814    31.096    -0.516     3.177   265.712   301.545    78.192   908.188    14.125   202.152
    14.500     5.652     4.875    29.785    31.068    -0.512     3.165   265.701   301.582    78.141   908.419    14.375   202.157
    14.750     5.648     4.870    29.758    31.042    -0.503     3.152   265.691   301.721    78.113   908.521    14.625   202.159
    15.000     5.514     4.873    29.743    31.015    -0.542     3.144   265.679   301.712    78.033   908.396    14.875   202.146
    15.250     5.413     4.865    29.724    30.991    -0.592     3.139   265.671   303.004    77.994   908.433    15.125   202.140
    15.500     5.282     4.872    29.706    30.967    -0.655     3.131   265.666   302.044    77.999   908.282    15.375   202.127
    15.750     5.241     4.741    29.662    30.941    -0.677     3.120   265.661   303.071    78.094   908.654    15.625   202.155
    16.000     5.503     4.735    29.625    30.913    -0.708     3.106   265.651   302.996    78.103   908.695    15.875   202.163
    16.250     5.721     4.843    29.588    30.884    -0.724     3.092   265.640   302.922    78.081   908.828    16.125   202.174
    16.500     5.663     4.839    29.549    30.853    -0.724     3.077   265.626   302.721    78.045   909.028    16.375   202.189
    16.750     5.548     4.845    29.534    30.824    -0.796     3.069   265.617   301.812    77.913   908.956    16.625   202.161
    17.000     5.272     4.832    29.520    30.800    -0.879     3.061   265.611   302.103    77.833   908.838    16.875   202.147
    17.250     5.291     4.840    29.504    30.777    -0.982     3.052   265.606   302.487    77.818   908.828    17.125   202.148
    17.500     5.145     4.846    29.488    30.754    -1.126     3.043   265.604   303.025    77.815   908.773    17.375   202.146
    17.750     4.952     4.847    29.476    30.734    -1.286     3.030   265.603   303.317    77.808   908.440    17.625   202.104
    18.000     4.663     4.848    29.466    30.715    -1.481     3.021   265.603   303.482    77.839   907.848    17.875   202.088
    18.250     4.724     4.860    29.445    30.694    -1.818     3.178   265.604   303.260    77.909   907.319    18.125   202.073
    18.500     4.888     4.727    29.383    30.665    -1.958     3.508   265.601   303.633    78.045   907.444    18.375   202.106
    18.750     5.355     4.710    29.336    30.635    -2.032     3.543   265.593   303.536    78.005   907.515    18.625   202.116
    19.000     5.502     4.786    29.301    30.605    -2.079     3.499   265.587   303.657    77.947   907.450    18.875   202.125
    19.250     5.388     4.840    29.273    30.575    -2.110     3.432   265.574   302.574    77.885   907.256    19.125   202.124
    19.500     5.389     4.827    29.247    30.545    -2.168     3.367   265.563   302.735    77.775   907.383    19.375   202.127
    19.750     5.367     4.819    29.210    30.516    -2.195     3.351   265.557   302.724    77.790   907.573    19.625   202.142
    20.000     5.234     4.805    29.183    30.488    -2.251     3.333   265.548   302.557    77.735   907.454    19.875   202.137
    20.250     5.456     4.662    29.126    30.458    -2.191     3.247   265.540   303.042    77.768   908.014    20.125   202.177
    20.500     6.133     4.772    29.078    30.425    -2.100     3.135   265.521   301.545    77.715   908.477    20.375   202.199
    20.750     5.719     4.770    29.046    30.394    -2.046     3.045   265.506   301.479    77.614   908.841    20.625   202.210
    21.000     5.700     4.762    29.020    30.364    -2.001     2.969   265.493   302.623    77.522   909.118    20.875   202.221
    21.250     5.643     4.633    28.976    30.335    -1.899     2.898   265.480   302.636    77.529   909.755    21.125   202.254
    21.500     5.728     4.623    28.941    30.306    -1.830     2.845   265.466   302.577    77.466   910.157    21.375   202.276
    21.750     5.818     4.732    28.929    30.278    -1.810     2.807   265.448   301.442    77.302   910.127    21.625   202.268
    22.000     5.676     4.724    28.904    30.252    -1.778     2.776   265.434   302.838    77.259   910.411    21.875   202.275
    22.250     5.645     4.719    28.878    30.226    -1.754     2.751   265.423   301.818    77.233   910.687    22.125   202.282
    22.500     5.537     4.708    28.843    30.202    -1.738     2.730   265.411   303.090    77.243   911.222    22.375   202.303
    22.750     5.143     4.583    28.828    30.180    -1.821     2.719   265.408   303.535    77.167   911.362    22.625   202.318
    23.000     5.241     4.583    28.816    30.161    -1.922     2.705   265.403   303.852    77.137   911.336    22.875   202.332
    23.250     4.937     4.595    28.806    30.142    -2.060     2.688   265.401   304.085    77.161   911.053    23.125   202.346
    23.500     4.913     4.596    28.791    30.122    -2.202     2.667   265.399   304.234    77.172   910.649    23.375   202.349
    23.750     4.791     4.606    28.775    30.101    -2.367     2.648   265.397   303.014    77.193   910.255    23.625   202.353
    24.000     4.832     4.615    28.754    30.078    -2.565     2.665   265.394   304.334    77.195   909.944    23.875   202.368
    24.250     4.830     4.619    28.717    30.051    -2.813     2.897   265.392   303.974    77.267   909.715    24.125   202.390
    24.500     5.197     4.741    28.675    30.017    -3.007     3.316   265.378   302.608    77.262   909.355    24.375   202.397
    24.750     5.265     4.685    28.622    29.981    -2.986     3.234   265.368   302.615    77.225   909.661    24.625   202.410
    25.000     5.271     4.574    28.588    29.951    -3.015     3.128   265.363   303.848    77.066   910.179    24.875   202.433
    25.250     5.266     4.573    28.557    29.922    -3.064     3.137   265.350   302.664    77.050   910.267    25.125   202.450
    25.500     5.266     4.651    28.531    29.894    -3.113     3.065   265.345   303.637    76.977   910.273    25.375   202.465
    25.750     5.464     4.654    28.486    29.863    -3.042     2.940   265.329   303.086    76.963   910.446    25.625   202.482
    26.000     5.347     4.552    28.449    29.832    -3.030     2.851   265.319   303.263    76.874   911.015    25.875   202.512
    26.250     5.209     4.636    28.430    29.806    -3.078     2.784   265.315   303.206    76.790   911.002    26.125   202.525
    26.500     4.985     4.547    28.406    29.779    -3.137     2.729   265.309   303.210    76.753   911.118    26.375   202.550
    26.750     5.185     4.679    28.397    29.752    -3.247     2.686   265.300   302.030    76.657   910.697    26.625   202.542
    27.000     4.874     4.683    28.369    29.725    -3.373     2.815   265.295   301.945    76.703   910.538    26.875   202.547
    27.250     5.046     4.631    28.326    29.694    -3.438     2.889   265.286   301.638    76.713   910.825    27.125   202.559
    27.500     5.138     4.661    28.290    29.662    -3.505     2.981   265.279   301.549    76.655   910.891    27.375   202.569
    27.750     5.206     4.645    28.251    29.630    -3.542     3.027   265.269   301.341    76.614   911.079    27.625   202.578
    28.000     5.374     4.645    28.223    29.599    -3.537     2.876   265.257   300.873    76.473   911.261    27.875   202.576
    28.250     5.546     4.638    28.185    29.568    -3.479     2.747   265.243   300.802    76.417   911.676    28.125   202.582
    28.500     5.528     4.630    28.148    29.539    -3.411     2.640   265.231   300.739    76.373   912.084    28.375   202.587
    28.750     5.176     4.619    28.131    29.512    -3.419     2.566   265.220   300.486    76.274   912.182    28.625   202.585
    29.000     4.980     4.615    28.114    29.488    -3.463     2.508   265.216   301.979    76.241   912.169    28.875   202.594
    29.250     4.974     4.614    28.096    29.465    -3.510     2.458   265.211   300.764    76.197   912.101    29.125   202.595
    29.500     4.899     4.613    28.075    29.441    -3.584     2.419   265.207   300.908    76.187   912.053    29.375   202.604
    29.750     4.777     4.612    28.054    29.418    -3.704     2.421   265.203   300.869    76.188   911.848    29.625   202.605
    30.000     5.016     4.592    28.011    29.391    -3.943     2.657   265.194   300.704    76.245   911.917    29.875   202.615
    30.250     5.117     4.605    27.974    29.361    -3.946     2.709   265.185   300.650    76.152   911.998    30.125   202.618
    30.500     4.970     4.600    27.945    29.332    -3.978     2.722   265.178   300.568    76.104   912.037    30.375   202.620
    30.750     4.898     4.537    27.901    29.305    -4.007     2.776   265.174   301.822    76.114   912.451    30.625   202.634
    31.000     5.097     4.532    27.867    29.276    -4.054     2.791   265.166   301.752    76.064   912.593    30.875   202.643
    31.250     5.087     4.535    27.835    29.247    -4.084     2.767   265.158   301.693    76.007   912.712    31.125   202.658
    31.500     5.062     4.459    27.806    29.219    -4.109     2.700   265.153   301.831    75.960   912.756    31.375   202.664
    31.750     4.992     4.452    27.775    29.192    -4.165     2.670   265.140   301.510    75.929   912.963    31.625   202.673
    32.000     5.136     4.525    27.744    29.164    -4.219     2.647   265.134   300.394    75.886   913.094    31.875   202.682
    32.250     5.132     4.536    27.714    29.134    -4.259     2.629   265.128   301.327    75.840   913.169    32.125   202.694
    32.500     4.910     4.442    27.679    29.105    -4.319     2.670   265.116   300.231    75.806   913.415    32.375   202.708
    32.750     5.291     4.563    27.653    29.075    -4.389     2.728   265.107   300.218    75.724   913.417    32.625   202.717
    33.000     5.068     4.555    27.626    29.046    -4.448     2.746   265.098   300.149    75.646   913.619    32.875   202.721
    33.250     5.034     4.546    27.602    29.017    -4.485     2.704   265.090   300.226    75.571   913.725    33.125   202.722
    33.500     5.014     4.541    27.580    28.989    -4.543     2.689   265.081   300.198    75.496   913.844    33.375   202.724
    33.750     5.067     4.535    27.553    28.962    -4.563     2.621   265.070   300.153    75.436   914.004    33.625   202.726
    34.000     5.042     4.524    27.520    28.935    -4.612     2.685   265.065   299.947    75.440   914.225    33.875   202.731
    34.250     5.094     4.528    27.496    28.907    -4.654     2.649   265.056   299.878    75.368   914.335    34.125   202.732
    34.500     5.034     4.527    27.464    28.881    -4.666     2.588   265.048   299.891    75.346   914.545    34.375   202.736
    34.750     4.879     4.515    27.447    28.854    -4.737     2.582   265.040   299.938    75.256   914.520    34.625   202.736
    35.000     4.724     4.390    27.403    28.827    -4.730     2.556   265.033   300.937    75.309   914.919    34.875   202.744
    35.250     4.751     4.390    27.375    28.801    -4.773     2.540   265.034   300.789    75.290   914.874    35.125   202.750
    35.500     4.755     4.413    27.342    28.772    -4.836     2.556   265.026   299.495    75.307   914.825    35.375   202.758
    35.750     4.801     4.409    27.300    28.739    -4.914     2.574   265.018   299.184    75.266   915.003    35.625   202.773
    36.000     4.862     4.437    27.255    28.706    -4.978     2.654   265.012   300.123    75.171   915.162    35.875   202.787
    36.250     4.940     4.420    27.213    28.674    -5.012     2.629   265.005   300.019    75.043   915.410    36.125   202.792
    36.500     5.113     4.425    27.173    28.645    -5.030     2.670   264.995   300.087    74.938   915.560    36.375   202.794
    36.750     5.033     4.401    27.140    28.619    -5.088     2.658   264.985   300.173    74.833   915.914    36.625   202.803
    37.000     5.075     4.343    27.107    28.592    -5.099     2.634   264.974   300.170    74.758   916.139    36.875   202.813
    37.250     5.034     4.335    27.080    28.568    -5.126     2.568   264.964   300.262    74.684   916.365    37.125   202.822
    37.500     5.089     4.377    27.053    28.543    -5.170     2.543   264.956   300.403    74.621   916.547    37.375   202.833
    37.750     4.998     4.382    27.026    28.519    -5.207     2.549   264.946   300.314    74.578   916.691    37.625   202.838
    38.000     4.951     4.320    26.996    28.493    -5.239     2.560   264.937   300.332    74.532   916.846    37.875   202.845
    38.250     5.052     4.366    26.968    28.467    -5.306     2.621   264.925   300.138    74.491   916.978    38.125   202.851
    38.500     4.992     4.361    26.939    28.440    -5.336     2.557   264.915   299.945    74.445   917.185    38.375   202.859
    38.750     4.872     4.350    26.913    28.413    -5.392     2.535   264.907   299.898    74.390   917.315    38.625   202.864
    39.000     4.925     4.348    26.884    28.386    -5.429     2.516   264.900   299.853    74.343   917.503    38.875   202.873
    39.250     4.763     4.304    26.856    28.358    -5.461     2.507   264.890   299.809    74.302   917.626    39.125   202.878
    39.500     4.940     4.339    26.828    28.330    -5.521     2.506   264.882   299.707    74.232   917.831    39.375   202.888
    39.750     4.797     4.342    26.801    28.303    -5.574     2.506   264.873   299.084    74.183   917.957    39.625   202.893
    40.000     4.854     4.293    26.769    28.274    -5.596     2.491   264.867   299.522    74.137   918.157    39.875   202.902
    40.250     4.832     4.326    26.741    28.246    -5.656     2.492   264.859   299.432    74.072   918.302    40.125   202.912
    40.500     4.816     4.284    26.711    28.218    -5.688     2.483   264.851   299.407    74.017   918.497    40.375   202.920
    40.750     4.887     4.280    26.680    28.190    -5.731     2.501   264.843   299.391    73.959   918.735    40.625   202.932
    41.000     4.847     4.311    26.652    28.162    -5.789     2.488   264.834   299.300    73.888   918.923    40.875   202.946
    41.250     4.849     4.325    26.624    28.134    -5.830     2.466   264.826   299.272    73.831   919.106    41.125   202.953
    41.500     4.807     4.264    26.594    28.106    -5.873     2.489   264.818   299.275    73.774   919.322    41.375   202.960
    41.750     4.844     4.260    26.565    28.078    -5.908     2.468   264.809   299.283    73.714   919.483    41.625   202.971
    42.000     4.855     4.291    26.536    28.051    -5.969     2.462   264.802   299.255    73.647   919.800    41.875   202.983
    42.250     4.856     4.286    26.506    28.023    -6.002     2.431   264.794   299.187    73.589   919.994    42.125   202.995
    42.500     4.820     4.246    26.478    27.996    -6.036     2.410   264.784   299.327    73.531   920.171    42.375   203.003
    42.750     4.865     4.297    26.449    27.969    -6.082     2.397   264.777   299.361    73.477   920.360    42.625   203.014
    43.000     4.783     4.235    26.420    27.941    -6.121     2.383   264.770   299.315    73.416   920.584    42.875   203.023
    43.250     4.798     4.232    26.392    27.914    -6.164     2.370   264.762   299.278    73.360   920.699    43.125   203.034
    43.500     4.893     4.283    26.363    27.887    -6.209     2.356   264.752   299.212    73.307   920.927    43.375   203.045
    43.750     4.796     4.278    26.335    27.859    -6.256     2.345   264.743   299.285    73.248   921.104    43.625   203.054
    44.000     4.816     4.284    26.307    27.832    -6.303     2.334   264.735   299.279    73.191   921.266    43.875   203.063
    44.250     4.741     4.213    26.276    27.805    -6.332     2.313   264.728   299.292    73.142   921.465    44.125   203.071
    44.500     4.861     4.264    26.248    27.777    -6.384     2.304   264.718   299.296    73.085   921.634    44.375   203.079
    44.750     4.784     4.206    26.217    27.750    -6.404     2.281   264.710   299.328    73.036   921.815    44.625   203.086
    45.000     4.805     4.237    26.190    27.723    -6.474     2.278   264.702   299.185    72.971   922.006    44.875   203.094
    45.250     4.790     4.250    26.161    27.695    -6.502     2.257   264.692   298.906    72.927   922.141    45.125   203.099
    45.500     4.780     4.191    26.131    27.667    -6.542     2.244   264.685   299.089    72.868   922.365    45.375   203.103
    45.750     4.767     4.241    26.104    27.641    -6.593     2.234   264.675   298.881    72.824   922.487    45.625   203.106
    46.000     4.775     4.219    26.075    27.613    -6.635     2.222   264.669   298.955    72.770   922.654    45.875   203.107
    46.250     4.720     4.213    26.046    27.586    -6.679     2.209   264.658   298.796    72.726   922.818    46.125   203.107
    46.500     4.696     4.174    26.017    27.558    -6.712     2.195   264.653   298.854    72.684   922.938    46.375   203.105
    46.750     4.741     4.168    25.988    27.531    -6.757     2.186   264.645   298.827    72.639   923.109    46.625   203.102
    47.000     4.777     4.202    25.960    27.504    -6.806     2.176   264.636   298.764    72.597   923.231    46.875   203.099
    47.250     4.705     4.224    25.933    27.477    -6.855     2.169   264.626   298.776    72.552   923.323    47.125   203.096
    47.500     4.745     4.232    25.904    27.450    -6.891     2.155   264.620   298.715    72.512   923.464    47.375   203.092
    47.750     4.638     4.152    25.872    27.422    -6.907     2.135   264.610   298.733    72.480   923.623    47.625   203.085
    48.000     4.674     4.148    25.847    27.395    -6.972     2.134   264.604   298.542    72.431   923.712    47.875   203.079
    48.250     4.719     4.145    25.817    27.368    -7.007     2.122   264.595   298.572    72.396   923.858    48.125   203.072
    48.500     4.678     4.174    25.791    27.341    -7.066     2.114   264.585   298.525    72.346   923.967    48.375   203.065
    48.750     4.682     4.136    25.761    27.314    -7.094     2.096   264.579   298.505    72.315   924.100    48.625   203.058
    49.000     4.614     4.131    25.734    27.287    -7.142     2.089   264.570   298.329    72.275   924.189    48.875   203.052
    49.250     4.729     4.126    25.705    27.259    -7.181     2.078   264.564   298.179    72.223   924.403    49.125   203.042
    49.500     4.706     4.177    25.676    27.233    -7.215     2.062   264.554   298.387    72.201   924.511    49.375   203.031
    49.750     4.608     4.163    25.649    27.206    -7.273     2.060   264.547   298.272    72.156   924.612    49.625   203.023
    50.000     4.624     4.115    25.621    27.178    -7.312     2.049   264.539   298.257    72.118   924.731    49.875   203.012
    50.250     4.702     4.155    25.592    27.151    -7.352     2.039   264.531   298.172    72.084   924.826    50.125   203.000
    50.500     4.584     4.141    25.565    27.124    -7.401     2.032   264.523   298.132    72.048   924.925    50.375   202.986
    50.750     4.679     4.138    25.536    27.097    -7.443     2.023   264.516   297.982    72.010   925.025    50.625   202.973
    51.000     4.599     4.132    25.508    27.070    -7.490     2.012   264.508   297.973    71.978   925.144    50.875   202.959
    51.250     4.635     4.139    25.480    27.043    -7.521     1.998   264.501   297.988    71.943   925.193    51.125   202.952
    51.500     4.540     4.088    25.451    27.016    -7.567     1.992   264.490   297.969    71.907   925.339    51.375   202.937
    51.750     4.713     4.158    25.425    26.989    -7.622     1.988   264.482   297.913    71.868   925.424    51.625   202.924
    52.000     4.568     4.116    25.396    26.962    -7.658     1.971   264.475   297.926    71.840   925.546    51.875   202.904
    52.250     4.606     4.129    25.368    26.935    -7.697     1.961   264.469   297.861    71.807   925.606    52.125   202.893
    52.500     4.609     4.134    25.341    26.908    -7.747     1.954   264.460   297.766    71.766   925.707    52.375   202.876
    52.750     4.601     4.122    25.312    26.881    -7.780     1.940   264.454   297.836    71.741   925.810    52.625   202.863
    53.000     4.522     4.099    25.284    26.854    -7.826     1.934   264.444   297.787    71.705   925.903    52.875   202.849
    53.250     4.701     4.132    25.255    26.827    -7.858     1.920   264.436   297.647    71.670   926.035    53.125   202.827
    53.500     4.433     4.056    25.229    26.800    -7.909     1.913   264.430   297.708    71.628   926.139    53.375   202.845
    53.750     4.614     4.086    25.200    26.773    -7.955     1.903   264.423   297.763    71.571   926.308    53.625   202.895
    54.000     4.519     4.047    25.172    26.746    -7.994     1.889   264.413   297.768    71.510   926.478    53.875   202.962
    54.250     4.613     4.042    25.142    26.719    -8.028     1.873   264.404   297.715    71.454   926.671    54.125   203.014
    54.500     4.564     4.039    25.116    26.692    -8.078     1.869   264.397   297.760    71.385   926.806    54.375   203.080
    54.750     4.533     4.034    25.086    26.666    -8.112     1.856   264.390   297.620    71.324   927.080    54.625   203.147
    55.000     4.582     4.031    25.059    26.639    -8.160     1.847   264.382   297.690    71.265   927.246    54.875   203.197
    55.250     4.576     4.027    25.029    26.611    -8.182     1.829   264.372   297.665    71.208   927.368    55.125   203.250
    55.500     4.502     4.023    25.003    26.585    -8.245     1.827   264.367   297.608    71.160   927.523    55.375   203.282
    55.750     4.552     4.017    24.975    26.558    -8.287     1.815   264.358   297.540    71.103   927.667    55.625   203.312
    56.000     4.532     4.049    24.949    26.531    -8.342     1.810   264.350   297.634    71.049   927.768    55.875   203.351
    56.250     4.599     4.082    24.920    26.504    -8.376     1.796   264.341   297.636    71.004   927.904    56.125   203.378
    56.500     4.457     4.049    24.892    26.477    -8.422     1.788   264.333   297.607    70.944   928.137    56.375   203.435
    56.750     4.519     4.038    24.864    26.450    -8.466     1.779   264.325   297.533    70.883   928.267    56.625   203.485
    57.000     4.500     3.999    24.835    26.423    -8.493     1.760   264.318   297.575    70.831   928.394    56.875   203.531
    57.250     4.553     3.994    24.805    26.396    -8.533     1.748   264.311   297.409    70.768   928.633    57.125   203.582
    57.500     4.254     3.993    24.784    26.369    -8.596     1.744   264.303   297.405    70.738   928.652    57.375   203.628
    57.750     4.125     3.998    24.756    26.340    -8.649     1.737   264.301   297.120    70.719   928.660    57.625   203.694
    58.000     4.228     4.031    24.724    26.310    -8.706     1.732   264.298   297.125    70.672   928.747    57.875   203.753
    58.250     4.352     4.027    24.687    26.279    -8.735     1.760   264.294   297.148    70.615   928.867    58.125   203.806
    58.500     4.412     4.037    24.654    26.248    -8.763     1.760   264.288   297.122    70.541   928.994    58.375   203.850
    58.750     4.472     4.013    24.620    26.218    -8.795     1.764   264.279   297.249    70.492  1012.500    58.625   203.854
    59.000     4.453     4.005    24.589    26.189    -8.859     1.823   264.273   297.182    70.404  1012.500    58.875   203.907
    59.250     4.515     4.035    24.561    26.161    -8.905     1.796   264.265   297.106    70.319  1012.500    59.125   203.960
    59.500     4.511     4.021    24.531    26.133    -8.942     1.764   264.256   297.058    70.432   928.834    59.375   204.007
    59.750     4.435     3.995    24.503    26.106    -8.989     1.742   264.247   297.112    70.360   929.027    59.625   204.058
    60.000     4.479     3.984    24.474    26.078    -9.028     1.746   264.241   297.253    70.299   929.185    59.875   204.100
    60.250     4.451     3.987    24.446    26.051    -9.075     1.735   264.232   297.023    70.233   929.343    60.125   204.144
    60.500     4.468     3.984    24.418    26.023    -9.124     1.738   264.224   297.003    70.168   929.496    60.375   204.186
    60.750     4.460     3.980    24.390    25.996    -9.168     1.729   264.216   297.219    70.105   929.668    60.625   204.232
    61.000     4.427     3.966    24.362    25.969    -9.201     1.698   264.208   296.955    70.032   929.918    60.875   204.283
    61.250     4.459     3.972    24.334    25.941    -9.250     1.684   264.200   297.046    69.969   930.060    61.125   204.324
    61.500     4.405     3.926    24.304    25.914    -9.281     1.662   264.192   296.996    69.912   930.212    61.375   204.356
    61.750     4.430     3.922    24.275    25.886    -9.337     1.696   264.185   297.008    69.853   930.360    61.625   204.393
    62.000     4.451     3.959    24.248    25.859    -9.384     1.663   264.176   297.057    69.789   930.478    61.875   204.426
    62.250     4.447     3.956    24.220    25.831    -9.428     1.646   264.167   296.976    69.727   930.620    62.125   204.458
    62.500     4.388     3.910    24.191    25.803    -9.467     1.635   264.162   297.095    69.664   930.755    62.375   204.490
    62.750     4.399     3.906    24.161    25.775    -9.509     1.625   264.152   296.942    69.610   930.893    62.625   204.518
    63.000     4.396     3.934    24.134    25.748    -9.555     1.609   264.144   296.881    69.546   931.007    62.875   204.551
    63.250     4.464     3.976    24.111    25.720    -9.614     1.621   264.135   295.874    69.474   931.010    63.125   204.567
    63.500     4.336     3.972    24.083    25.693    -9.667     1.633   264.128   296.303    69.413   931.136    63.375   204.593
    63.750     4.374     3.969    24.056    25.665    -9.712     1.634   264.121   296.139    69.356   931.255    63.625   204.618
    64.000     4.395     3.964    24.026    25.637    -9.762     1.664   264.112   297.180    69.297   931.413    63.875   204.647
    64.250     4.361     3.959    24.002    25.609    -9.816     1.623   264.104   296.556    69.217   931.506    64.125   204.663
    64.500     4.356     3.955    23.975    25.582    -9.875     1.642   264.097   296.273    69.144   931.722    64.375   204.697
    64.750     4.419     3.949    23.940    25.554    -9.883     1.593   264.089   296.332    69.095   931.977    64.625   204.730
    65.000     4.377     3.940    23.911    25.527    -9.927     1.588   264.081   296.293    69.040   932.159    64.875   204.757
    65.250     4.382     3.898    23.878    25.499    -9.951     1.546   264.072   297.065    68.987   932.396    65.125   204.784
    65.500     4.333     3.929    23.851    25.472   -10.011     1.539   264.063   296.823    68.928   932.498    65.375   204.808
    65.750     4.378     3.926    23.821    25.444   -10.053     1.539   264.057   296.746    68.875   932.639    65.625   204.832
    66.000     4.379     3.922    23.792    25.417   -10.103     1.522   264.048   296.719    68.803   932.885    65.875   204.860
    66.250     4.274     3.890    23.763    25.389   -10.140     1.495   264.039   296.566    68.752   933.007    66.125   204.875
    66.500     4.382     3.914    23.735    25.362   -10.179     1.481   264.031   296.414    68.692   933.137    66.375   204.898
    66.750     4.321     3.900    23.706    25.334   -10.225     1.477   264.023   296.342    68.634   933.284    66.625   204.916
    67.000     4.269     3.838    23.676    25.306   -10.262     1.468   264.015   296.308    68.578   933.451    66.875   204.936
    67.250     4.362     3.867    23.648    25.278   -10.307     1.451   264.009   296.370    68.518   933.564    67.125   204.952
    67.500     4.318     3.889    23.620    25.250   -10.361     1.452   264.000   296.288    68.457   933.702    67.375   204.974
    67.750     4.262     3.858    23.590    25.222   -10.401     1.444   263.992   296.225    68.399   933.856    67.625   204.991
    68.000     4.290     3.822    23.560    25.193   -10.448     1.447   263.983   296.261    68.343   934.011    67.875   205.003
    68.250     4.358     3.851    23.532    25.165   -10.501     1.448   263.977   296.362    68.283   934.124    68.125   205.011
    68.500     4.291     3.855    23.504    25.138   -10.544     1.428   263.968   296.258    68.225   934.262    68.375   205.026
    68.750     4.259     3.886    23.486    25.110   -10.627     1.451   263.959   295.446    68.148   934.164    68.625   205.017
    69.000     4.326     3.881    23.451    25.081   -10.654     1.467   263.952   295.517    68.111   934.398    68.875   205.036
    69.250     4.248     3.873    23.422    25.053   -10.691     1.444   263.945   295.413    68.055   934.582    69.125   205.050
    69.500     4.217     3.873    23.396    25.025   -10.749     1.459   263.937   295.528    67.990   934.615    69.375   205.051
    69.750     4.298     3.868    23.366    24.997   -10.777     1.411   263.930   295.469    67.932   934.775    69.625   205.061
    70.000     4.292     3.863    23.338    24.970   -10.813     1.389   263.922   295.497    67.877   934.929    69.875   205.068
    70.250     4.237     3.855    23.309    24.942   -10.862     1.380   263.913   295.522    67.832   935.078    70.125   205.075
    70.500     4.248     3.856    23.283    24.915   -10.913     1.395   263.905   295.307    67.776   935.118    70.375   205.076
    70.750     4.205     3.853    23.259    24.887   -10.985     1.407   263.897   295.656    67.710   935.173    70.625   205.077
    71.000     4.305     3.848    23.225    24.860   -11.002     1.392   263.889   295.319    67.677   935.370    70.875   205.086
    71.250     4.235     3.844    23.197    24.832   -11.039     1.356   263.881   295.378    67.620   935.472    71.125   205.094
    71.500     4.269     3.833    23.166    24.805   -11.075     1.355   263.874   295.105    67.571   935.692    71.375   205.106
    71.750     4.194     3.836    23.141    24.778   -11.118     1.326   263.866   295.219    67.510   935.734    71.625   205.110
    72.000     4.249     3.830    23.112    24.750   -11.161     1.321   263.857   295.608    67.452   935.880    71.875   205.113
    72.250     4.237     3.825    23.088    24.723   -11.242     1.362   263.848   295.861    67.391   935.932    72.125   205.107
    72.500     4.298     3.814    23.051    24.696   -11.260     1.328   263.840   296.119    67.346   936.323    72.375   205.127
    72.750     4.220     3.818    23.027    24.669   -11.316     1.333   263.831   295.223    67.294   936.309    72.625   205.121
    73.000     4.177     3.774    22.996    24.642   -11.348     1.292   263.822   295.943    67.252   936.556    72.875   205.132
    73.250     4.179     3.740    22.965    24.614   -11.375     1.271   263.817   295.993    67.219   936.671    73.125   205.134
    73.500     4.166     3.777    22.937    24.586   -11.432     1.277   263.807   295.781    67.176   936.751    73.375   205.138
    73.750     4.215     3.766    22.907    24.558   -11.477     1.269   263.802   295.700    67.121   936.856    73.625   205.144
    74.000     4.164     3.770    22.879    24.530   -11.536     1.267   263.791   295.543    67.075   936.989    73.875   205.148
    74.250     4.202     3.751    22.849    24.501   -11.577     1.240   263.784   295.415    67.026   937.119    74.125   205.144
    74.500     4.098     3.723    22.820    24.473   -11.609     1.228   263.778   295.381    66.983   937.198    74.375   205.142
    74.750     4.197     3.793    22.800    24.444   -11.702     1.270   263.769   294.158    66.914   937.116    74.625   205.128
    75.000     4.113     3.789    22.769    24.416   -11.736     1.293   263.762   294.315    66.880   937.218    74.875   205.124
    75.250     4.160     3.785    22.740    24.387   -11.775     1.282   263.755   294.495    66.831   937.373    75.125   205.125
    75.500     4.095     3.772    22.712    24.359   -11.790     1.211   263.748   294.357    66.771   937.470    75.375   205.124
    75.750     4.131     3.777    22.682    24.331   -11.828     1.252   263.740   294.534    66.734   937.579    75.625   205.125
    76.000     4.138     3.771    22.651    24.303   -11.882     1.246   263.733   294.906    66.678   937.739    75.875   205.124
    76.250     4.128     3.767    22.625    24.275   -11.949     1.257   263.725   294.313    66.628   937.783    76.125   205.117
    76.500     4.166     3.764    22.597    24.247   -11.995     1.227   263.718   294.285    66.582   937.936    76.375   205.112
    76.750     4.137     3.748    22.567    24.219   -12.035     1.203   263.709   294.525    66.537   938.089    76.625   205.107
    77.000     4.057     3.749    22.541    24.192   -12.049     1.158   263.702   295.276    66.495   938.080    76.875   205.095
    77.250     4.064     3.754    22.517    24.164   -12.137     1.215   263.695   295.247    66.448   938.109    77.125   205.088
    77.500     4.161     3.748    22.483    24.136   -12.162     1.178   263.688   294.025    66.409   938.272    77.375   205.082
    77.750     4.101     3.674    22.449    24.108   -12.203     1.180   263.680   295.081    66.377   938.527    77.625   205.086
    78.000     4.163     3.733    22.426    24.081   -12.257     1.143   263.670   295.041    66.315   938.502    77.875   205.074
    78.250     4.036     3.728    22.397    24.053   -12.261     1.087   263.664   293.850    66.288   938.603    78.125   205.067
    78.500     4.031     3.735    22.369    24.025   -12.310     1.146   263.658   293.804    66.249   938.645    78.375   205.064
    78.750     4.103     3.720    22.336    23.997   -12.371     1.163   263.651   294.829    66.207   938.860    78.625   205.065
    79.000     4.127     3.714    22.307    23.969   -12.421     1.135   263.642   294.848    66.156   939.005    78.875   205.065
    79.250     4.113     3.675    22.279    23.941   -12.458     1.088   263.634   294.714    66.100   939.115    79.125   205.057
    79.500     4.042     3.681    22.251    23.914   -12.471     1.040   263.626   294.587    66.072   939.163    79.375   205.044
    79.750     4.097     3.706    22.222    23.886   -12.525     1.071   263.619   294.322    66.036   939.255    79.625   205.040
    80.000     4.034     3.712    22.199    23.858   -12.616     1.132   263.609   294.342    65.981   939.212    79.875   205.025
    80.250     4.099     3.706    22.168    23.830   -12.649     1.100   263.603   293.318    65.949   939.378    80.125   205.014
    80.500     3.982     3.699    22.145    23.803   -12.679     1.052   263.595   293.813    65.904   939.378    80.375   204.997
    80.750     3.972     3.659    22.112    23.775   -12.673     1.014   263.589   294.021    65.884   939.514    80.625   204.984
    81.000     3.869     3.665    22.081    23.747   -12.683     1.047   263.584   293.785    65.893   939.573    80.875   204.981
    81.250     3.790     3.678    22.049    23.716   -12.753     1.108   263.581   293.616    65.882   939.599    81.125   204.973
    81.500     3.913     3.689    22.016    23.685   -12.764     1.023   263.576   293.435    65.832   939.677    81.375   204.957
    81.750     3.993     3.684    21.983    23.655   -12.761     0.989   263.570   293.179    65.794   939.815    81.625   204.938
    82.000     3.951     3.650    21.951    23.625   -12.802     1.063   263.564   293.116    65.752   939.882    81.875   204.923
    82.250     3.926     3.615    21.922    23.595   -12.898     1.157   263.558   293.141    65.702   939.958    82.125   204.914
    82.500     4.020     3.681    21.899    23.566   -13.005     1.209   263.552   291.976    65.640   939.935    82.375   204.904
    82.750     3.974     3.676    21.872    23.537   -13.075     1.187   263.544   292.122    65.595   940.028    82.625   204.890
    83.000     4.011     3.661    21.840    23.509   -13.094     1.084   263.537   292.846    65.544   940.185    82.875   204.878
    83.250     4.022     3.660    21.813    23.482   -13.099     0.995   263.529   292.153    65.484   940.279    83.125   204.861
    83.500     3.965     3.659    21.787    23.456   -13.121     1.001   263.522   293.108    65.461   940.298    83.375   204.846
    83.750     3.932     3.657    21.760    23.428   -13.199     1.142   263.515   293.114    65.430   940.324    83.625   204.830
    84.000     3.979     3.655    21.732    23.401   -13.270     1.142   263.510   292.022    65.405   940.433    83.875   204.820
    84.250     3.934     3.626    21.702    23.373   -13.326     1.100   263.502   293.225    65.381   940.585    84.125   204.809
    84.500     4.014     3.636    21.674    23.347   -13.339     1.002   263.496   292.230    65.319   940.654    84.375   204.794
    84.750     4.025     3.637    21.649    23.321   -13.344     0.929   263.488   291.997    65.269   940.737    84.625   204.779
    85.000     3.951     3.637    21.621    23.296   -13.360     0.956   263.477   292.623    65.257   940.754    84.875   204.765
    85.250     3.859     3.597    21.591    23.270   -13.416     1.051   263.472   292.927    65.255   940.862    85.125   204.756
    85.500     3.976     3.597    21.564    23.243   -13.499     1.054   263.467   292.988    65.224   940.963    85.375   204.752
    85.750     4.005     3.602    21.536    23.216   -13.546     0.980   263.458   292.809    65.178   941.060    85.625   204.740
    86.000     4.029     3.613    21.511    23.190   -13.560     0.901   263.451   291.666    65.115   941.156    85.875   204.725
    86.250     4.028     3.608    21.481    23.165   -13.550     0.866   263.440   292.708    65.096   941.294    86.125   204.713
    86.500     3.913     3.579    21.454    23.139   -13.588     0.925   263.434   292.531    65.082   941.316    86.375   204.698
    86.750     3.913     3.548    21.428    23.112   -13.674     1.016   263.425   292.585    65.058   941.354    86.625   204.691
    87.000     3.951     3.606    21.406    23.086   -13.765     0.992   263.419   292.602    65.011   941.339    86.875   204.680
    87.250     3.936     3.600    21.380    23.060   -13.793     0.901   263.413   291.446    64.966   941.469    87.125   204.661
    87.500     3.967     3.600    21.354    23.035   -13.789     0.834   263.405   292.142    64.923   941.558    87.375   204.643
    87.750     3.937     3.593    21.323    23.009   -13.787     0.844   263.397   292.227    64.925   941.654    87.625   204.629
    88.000     3.842     3.532    21.294    22.982   -13.838     0.937   263.388   292.133    64.915   941.692    87.875   204.616
    88.250     3.894     3.592    21.274    22.955   -13.960     1.010   263.381   291.107    64.870   941.669    88.125   204.606
    88.500     3.906     3.585    21.249    22.928   -14.000     0.910   263.375   291.876    64.822   941.744    88.375   204.588
    88.750     3.939     3.550    21.218    22.902   -14.010     0.837   263.369   291.104    64.784   941.952    88.625   204.573
    89.000     3.975     3.582    21.194    22.877   -14.022     0.815   263.359   291.916    64.747   941.950    88.875   204.561
    89.250     3.872     3.582    21.165    22.851   -14.056     0.874   263.353   290.925    64.746   941.991    89.125   204.543
    89.500     3.837     3.575    21.138    22.824   -14.147     0.965   263.344   292.017    64.735   942.062    89.375   204.532
    89.750     3.856     3.571    21.115    22.796   -14.223     0.933   263.339   291.707    64.684   942.062    89.625   204.517
    90.000     3.916     3.564    21.086    22.770   -14.253     0.850   263.333   290.993    64.646   942.212    89.875   204.499
    90.250     3.877     3.528    21.058    22.745   -14.257     0.788   263.323   292.022    64.607   942.365    90.125   204.481
    90.500     4.003     3.555    21.028    22.720   -14.257     0.802   263.313   291.853    64.592   942.428    90.375   204.471
    90.750     3.810     3.495    21.001    22.693   -14.324     0.905   263.308   291.874    64.581   942.432    90.625   204.457
    91.000     3.831     3.552    20.980    22.667   -14.432     0.924   263.301   291.923    64.548   942.449    90.875   204.445
    91.250     3.888     3.521    20.953    22.640   -14.465     0.837   263.294   291.945    64.505   942.575    91.125   204.431
    91.500     3.938     3.540    20.926    22.615   -14.483     0.771   263.286   291.865    64.459   942.701    91.375   204.421
    91.750     3.943     3.544    20.900    22.590   -14.480     0.720   263.279   290.942    64.417   942.762    91.625   204.404
    92.000     3.836     3.546    20.875    22.564   -14.509     0.777   263.270   290.722    64.415   942.762    91.875   204.386
    92.250     3.787     3.547    20.850    22.537   -14.591     0.930   263.263   290.699    64.405   942.733    92.125   204.371
    92.500     3.732     3.500    20.822    22.510   -14.660     0.891   263.257   291.811    64.379   942.880    92.375   204.367
    92.750     3.877     3.502    20.794    22.484   -14.707     0.816   263.249   291.802    64.328   943.005    92.625   204.361
    93.000     3.909     3.522    20.770    22.459   -14.739     0.750   263.243   290.677    64.264   943.077    92.875   204.352
    93.250     3.917     3.523    20.742    22.434   -14.745     0.698   263.235   290.867    64.229   943.226    93.125   204.341
    93.500     3.861     3.526    20.717    22.408   -14.767     0.730   263.226   290.565    64.219   943.223    93.375   204.328
    93.750     3.725     3.491    20.687    22.381   -14.815     0.822   263.216   291.571    64.233   943.281    93.625   204.314
    94.000     3.732     3.512    20.664    22.354   -14.923     0.873   263.211   291.494    64.197   943.288    93.875   204.305
    94.250     3.829     3.512    20.639    22.327   -14.978     0.795   263.206   290.514    64.140   943.342    94.125   204.298
    94.500     3.873     3.505    20.610    22.301   -15.005     0.731   263.198   291.459    64.091   943.491    94.375   204.290
    94.750     3.879     3.498    20.581    22.276   -15.022     0.679   263.191   291.363    64.052   943.675    94.625   204.279
    95.000     3.867     3.502    20.557    22.251   -15.027     0.641   263.182   291.304    64.006   943.746    94.875   204.270
    95.250     3.828     3.505    20.531    22.226   -15.044     0.674   263.174   290.207    64.005   943.757    95.125   204.256
    95.500     3.728     3.507    20.507    22.198   -15.120     0.806   263.165   291.314    63.991   943.758    95.375   204.245
    95.750     3.707     3.496    20.480    22.172   -15.181     0.781   263.162   290.292    63.971   943.871    95.625   204.235
    96.000     3.813     3.483    20.451    22.145   -15.221     0.738   263.155   291.205    63.924   943.993    95.875   204.229
    96.250     3.834     3.466    20.423    22.119   -15.265     0.689   263.146   291.193    63.878   944.140    96.125   204.220
    96.500     3.847     3.469    20.396    22.094   -15.296     0.646   263.138   291.143    63.834   944.265    96.375   204.209
    96.750     3.833     3.481    20.373    22.069   -15.314     0.614   263.130   290.377    63.786   944.295    96.625   204.198
    97.000     3.769     3.447    20.342    22.043   -15.332     0.651   263.120   290.875    63.804   944.385    96.875   204.188
    97.250     3.666     3.440    20.318    22.016   -15.415     0.725   263.114   290.838    63.783   944.391    97.125   204.180
    97.500     3.784     3.446    20.291    21.989   -15.470     0.699   263.108   290.846    63.744   944.498    97.375   204.175
    97.750     3.799     3.450    20.264    21.962   -15.517     0.665   263.100   290.893    63.697   944.625    97.625   204.169
    98.000     3.817     3.462    20.238    21.936   -15.557     0.629   263.093   290.049    63.639   944.708    97.875   204.163
    98.250     3.789     3.458    20.212    21.910   -15.584     0.597   263.084   290.948    63.599   944.818    98.125   204.154
    98.500     3.775     3.447    20.184    21.885   -15.602     0.573   263.077   290.959    63.576   944.990    98.375   204.143
    98.750     3.812     3.451    20.156    21.860   -15.608     0.559   263.069   290.868    63.549   945.105    98.625   204.134
    99.000     3.708     3.425    20.129    21.833   -15.650     0.614   263.061   290.567    63.551   945.102    98.875   204.124
    99.250     3.654     3.417    20.105    21.805   -15.729     0.658   263.054   290.461    63.519   945.138    99.125   204.120
    99.500     3.760     3.449    20.080    21.778   -15.802     0.641   263.047   289.773    63.475   945.219    99.375   204.110
    99.750     3.732     3.445    20.055    21.751   -15.847     0.622   263.040   290.651    63.428   945.291    99.625   204.099
   100.000     3.743     3.423    20.024    21.725   -15.884     0.603   263.033   290.177    63.397   945.461    99.875   204.089
