  1000.000     3.123     3.024    -0.000     0.659    -1.469    -1.118     2.701     0.000     0.000     0.000     0.000     0.000     0.000   296.707     0.000   0.00E+00    -0.889     0.306   276.230
   950.000    -0.974     2.866     0.001     0.831     0.927    -1.498     0.369     0.000    17.762     0.000   -13.726     0.000     0.000   296.717     0.000   0.00E+00    -1.472     0.339   272.219
   900.000    -4.745     2.039    -0.141     0.741     1.462    -1.508     0.000     0.000    17.761     0.000   -12.787     0.000     2.008   293.527     0.002   0.55E-01    -0.483     0.367   268.350
   850.000    -8.293     1.358     0.321     0.661     1.487    -1.535     0.000     0.000    16.533    -2.007    -9.622     2.400     2.084   291.678     0.038   0.25E+00     0.124     0.400   265.314
   800.000   -11.934     0.853     0.527     0.556     1.560    -1.610     0.000     0.000    15.154    -2.084    -7.250     2.501     1.278   290.615     0.014   0.24E+00     0.580     0.431   261.975
   750.000   -15.711     0.471     0.497     0.425     1.536    -1.588     0.000     0.000    14.053    -1.277    -5.995     1.948     0.486   290.841     0.002   0.17E+00     0.835     0.455   258.288
   700.000   -19.728     0.250     0.337     0.320     1.447    -1.500     0.000     0.000    13.708    -0.444    -5.142     1.724     0.435   290.510     0.001   0.13E+00     0.864     0.467   254.206
   650.000   -24.196     0.129     0.168     0.252     1.315    -1.370     0.000     0.000    13.441    -0.382    -4.405     1.598     0.354   290.748     0.000   0.99E-01     0.780     0.469   249.685
   600.000   -29.083     0.062    -0.010     0.210     1.145    -1.202     0.000     0.000    13.306    -0.303    -3.563     1.543     0.384   291.565     0.000   0.83E-01     0.627     0.462   244.684
   550.000   -34.442     0.026    -0.166     0.181     0.846    -0.907     0.000     0.000    13.262    -0.338    -2.659     1.724     0.103   292.171     0.000   0.79E-01     0.454     0.445   239.165
   500.000   -40.475     0.020    -0.222     0.211     0.722    -0.785     0.000     0.000    13.900    -0.067    -1.719     2.132     0.029   292.739     0.002   0.52E-01     0.282     0.416   233.093
   450.000   -47.140     0.017    -0.203     0.320     0.706    -0.774     0.000     0.000    15.224     0.000    -0.876     2.908     0.242   293.118     0.029   0.12E+00     0.152     0.375   226.426
   400.000   -54.457     0.014    -0.192     0.499     0.583    -0.655     0.000     0.000    17.573     0.000    -0.354     4.518     1.024   293.608     0.109   0.11E+00     0.077     0.321   219.103
   350.000   -62.549     0.014    -0.173     0.792     0.508    -0.584    -0.000     0.000     7.477     0.000    -0.112     1.672    11.094   293.871     0.242   0.51E-01     0.026     0.256   211.027
   300.000   -71.153     0.005    -0.335     0.920     0.225    -0.304     0.000     0.000     1.966     0.000    -0.031     0.380     5.797   294.013     0.382   0.26E-01     0.006     0.151   202.031
   250.000   -74.885     0.003    -4.000     0.988     0.097    -0.166     0.000     0.000     0.581     0.000    -0.004     0.120     1.477   297.903     0.434   0.88E-02     0.001     0.063   191.670
   200.000   -73.418     0.001    -4.000     0.272     0.017    -0.064     0.000     0.000     0.013     0.000    -0.000     0.000     0.567   310.594     0.050   0.65E-03    -0.000     0.025   179.045
   150.000   -73.935     0.001    -4.000     0.133    -0.001    -0.020     0.000     0.000     0.000     0.000    -0.000     0.000     0.013   326.443     0.000   0.11E-04    -0.000     0.002   162.781
   100.000   -72.125     0.001    -4.000     0.065     0.000     0.002     0.000     0.000     0.000     0.000     0.000     0.000     0.000   350.697     0.000   0.00E+00     0.000     0.000   139.926
    80.000   -68.685     0.001    -4.000     0.034     0.000     0.009     0.000     0.000     0.000     0.000     0.000     0.000     0.000   366.262     0.000   0.00E+00     0.000     0.000     0.000
    60.000   -60.975     0.001     0.000     0.010     0.000     0.024     0.000     0.000     0.000     0.000     0.000     0.000     0.000   390.368     0.000   0.00E+00     0.000     0.000     0.000
    40.000   -50.707     0.001     0.000     0.002     0.000     0.045     0.000     0.000     0.000     0.000     0.000     0.000     0.000   425.125     0.000   0.00E+00     0.000     0.000     0.000
    30.000   -42.456     0.001     0.000     0.001     0.000     0.061     0.000     0.000     0.000     0.000     0.000     0.000     0.000   451.138     0.000   0.00E+00     0.000     0.000     0.000
    25.000   -26.087     0.001     0.000     0.000     0.000     0.095     0.000     0.000     0.000     0.000     0.000     0.000     0.000   478.693     0.000   0.00E+00    -0.001     0.000     0.000
