  1000.000     7.321     4.220     0.000     0.673    -1.594    -1.175     2.712     0.000     0.000     0.000     0.000     0.000     0.000   299.523     0.000   0.00E+00    -1.057     0.314   280.461
   950.000     3.229     4.037     0.001     0.846     1.541    -1.454    -0.082     0.000    15.419     0.000   -11.642     0.000     0.000   299.497     0.000   0.00E+00    -1.544     0.351   276.391
   900.000    -0.423     3.227    -0.316     0.732     1.392    -1.429     0.000     0.000    15.405     0.000   -10.197     0.000     2.268   296.165     0.001   0.19E-01    -0.395     0.375   272.475
   850.000    -3.892     2.311     0.293     0.683     1.425    -1.469     0.000     0.000    14.317    -2.255   -10.215     2.579     1.819   294.502     0.042   0.25E+00     0.212     0.401   269.680
   800.000    -7.401     1.463     0.563     0.576     1.543    -1.592     0.000     0.000    13.051    -1.819    -8.016     2.165     0.484   293.130     0.014   0.30E+00     0.773     0.432   266.599
   750.000   -10.897     0.770     0.499     0.437     1.545    -1.597     0.000     0.000    12.635    -0.479    -6.988     1.611     0.203   292.570     0.004   0.18E+00     1.069     0.460   263.180
   700.000   -14.680     0.365     0.282     0.326     1.440    -1.496     0.000     0.000    12.609    -0.103    -6.180     1.459     0.185   292.735     0.007   0.14E+00     1.070     0.482   259.367
   650.000   -18.892     0.166     0.048     0.256     1.268    -1.330     0.000     0.000    12.624    -0.085    -5.400     1.359     0.191   293.418     0.010   0.12E+00     0.903     0.494   255.099
   600.000   -23.585     0.077    -0.144     0.221     1.061    -1.130     0.000     0.000    12.708    -0.100    -4.456     1.457     0.193   294.268     0.015   0.11E+00     0.668     0.495   250.314
   550.000   -28.854     0.040    -0.246     0.220     0.857    -0.935     0.000     0.000    12.908    -0.119    -3.362     1.618     0.151   295.053     0.024   0.13E+00     0.448     0.479   244.953
   500.000   -34.765     0.026    -0.253     0.274     0.767    -0.856     0.000     0.000    13.414    -0.081    -2.133     1.863     0.060   295.702     0.036   0.66E-01     0.275     0.446   238.964
   450.000   -41.369     0.021    -0.227     0.440     0.782    -0.882     0.000     0.000    14.158    -0.001    -1.023     2.202     0.363   296.249     0.099   0.18E+00     0.120     0.401   232.298
   400.000   -48.727     0.021    -0.265     0.661     0.676    -0.789     0.000     0.000    14.162    -0.002    -0.352     2.644     1.761   296.632     0.193   0.16E+00     0.034     0.345   224.897
   350.000   -56.960     0.021    -0.352     0.787     0.492    -0.620     0.000     0.000    12.494     0.000    -0.084     3.323     4.339   296.861     0.181   0.58E-01     0.006     0.267   216.677
   300.000   -66.097     0.010    -0.520     1.011     0.293    -0.435     0.000     0.000     1.854     0.000    -0.006     0.318    10.854   297.188     0.432   0.76E-02    -0.000     0.174   207.492
   250.000   -73.351     0.004    -2.337     1.002    -0.005    -0.130     0.000     0.000     0.000     0.000    -0.000     0.000     1.853   299.147     0.398   0.82E-03    -0.000     0.045   197.000
   200.000   -71.017     0.001    -4.000     0.156     0.000    -0.052     0.000     0.000     0.000     0.000    -0.000     0.000     0.000   312.671     0.000   0.22E-06    -0.000     0.000   184.245
   150.000   -72.103     0.001    -4.000     0.124     0.000     0.007     0.000     0.000     0.000     0.000     0.000     0.000     0.000   326.569     0.000   0.00E+00     0.000     0.000   167.813
   100.000   -71.595     0.001    -4.000     0.085     0.000     0.010     0.000     0.000     0.000     0.000     0.000     0.000     0.000   349.362     0.000   0.00E+00     0.000     0.000   144.829
    80.000   -69.238     0.001    -4.000     0.054     0.000     0.026     0.000     0.000     0.000     0.000     0.000     0.000     0.000   363.894     0.000   0.00E+00     0.000     0.000     0.000
    60.000   -62.937     0.001     0.000     0.020     0.000     0.068     0.000     0.000     0.000     0.000     0.000     0.000     0.000   386.043     0.000   0.00E+00     0.000     0.000     0.000
    40.000   -54.541     0.001     0.000     0.006     0.000     0.124     0.000     0.000     0.000     0.000     0.000     0.000     0.000   418.139     0.000   0.00E+00     0.000     0.000     0.000
    30.000   -48.393     0.001     0.000     0.002     0.000     0.165     0.000     0.000     0.000     0.000     0.000     0.000     0.000   442.020     0.000   0.00E+00     0.000     0.000     0.000
    25.000   -37.638     0.001     0.000     0.001     0.000     0.237     0.000     0.000     0.000     0.000     0.000     0.000     0.000   464.878     0.000   0.00E+00    -0.001     0.000     0.000
