  1000.000     2.971     2.986     0.000     0.626    -1.331    -0.857     2.585     0.000     0.000     0.000     0.000     0.000     0.000   287.189     0.000   0.00E+00    -0.614     0.258   276.077
   950.000    -1.126     2.826     0.001     0.799     0.050    -1.400     0.940     0.000    20.479     0.000   -15.930     0.000     0.001   287.238     0.000   0.21E-06    -0.912     0.289   272.069
   900.000    -4.912     2.008    -0.021     0.729     1.419    -1.427     0.000     0.000    20.475    -0.001   -14.884     0.001     2.128   284.262     0.004   0.83E-01    -0.271     0.321   268.196
   850.000    -8.468     1.342     0.420     0.639     1.498    -1.508     0.000     0.000    19.108    -2.124   -10.483     2.661     2.532   283.340     0.050   0.33E+00     0.215     0.354   265.152
   800.000   -12.130     0.846     0.610     0.526     1.598    -1.609     0.000     0.000    17.493    -2.526    -7.274     3.002     1.797   282.349     0.019   0.25E+00     0.549     0.385   261.804
   750.000   -15.911     0.439     0.578     0.385     1.572    -1.585     0.000     0.000    15.946    -1.792    -5.567     2.300     0.735   282.670     0.006   0.17E+00     0.724     0.405   258.108
   700.000   -19.894     0.225     0.395     0.271     1.464    -1.478     0.000     0.000    15.358    -0.707    -4.393     1.992     0.599   282.334     0.004   0.12E+00     0.693     0.412   254.018
   650.000   -24.350     0.122     0.206     0.203     1.314    -1.330     0.000     0.000    14.944    -0.568    -3.465     1.848     0.491   283.468     0.005   0.97E-01     0.570     0.408   249.489
   600.000   -29.255     0.066     0.012     0.166     1.117    -1.135     0.000     0.000    14.690    -0.461    -2.573     1.743     0.540   284.337     0.008   0.78E-01     0.407     0.393   244.482
   550.000   -34.649     0.025    -0.162     0.132     0.704    -0.725     0.000     0.000    14.553    -0.510    -1.792     1.988     0.082   284.748     0.010   0.57E-01     0.269     0.370   238.959
   500.000   -40.681     0.019    -0.237     0.169     0.537    -0.561     0.000     0.000    15.512    -0.058    -1.017     2.628     0.020   285.010     0.012   0.40E-01     0.150     0.337   232.886
   450.000   -47.346     0.016    -0.262     0.282     0.472    -0.499     0.000     0.000    17.689    -0.002    -0.406     3.805     0.054   285.249     0.028   0.45E-01     0.063     0.297   226.221
   400.000   -54.662     0.014    -0.294     0.498     0.347    -0.377     0.000     0.000    22.742    -0.002    -0.115     7.149     0.659   285.488     0.103   0.40E-01     0.020     0.251   218.902
   350.000   -62.750     0.013    -0.306     0.952     0.327    -0.360    -0.000     0.000     4.713    -0.001    -0.012     0.958    18.542   285.610     0.366   0.61E-02     0.001     0.196   210.831
   300.000   -71.329     0.004    -0.649     1.004     0.035    -0.071     0.000     0.000     0.098     0.000    -0.000     0.000     4.615   285.792     0.471   0.13E-02    -0.000     0.075   201.842
   250.000   -74.970     0.003    -4.000     1.000    -0.002    -0.026     0.000     0.000     0.000     0.000    -0.000     0.000     0.098   291.712     0.343   0.20E-04    -0.000     0.004   191.487
   200.000   -73.599     0.001    -4.000     0.197     0.000    -0.009     0.000     0.000     0.000     0.000     0.000     0.000     0.000   305.496     0.000   0.83E-10    -0.000     0.000   178.871
   150.000   -74.154     0.001    -4.000     0.160     0.000    -0.002     0.000     0.000     0.000     0.000     0.000     0.000     0.000   321.160     0.000   0.00E+00     0.000     0.000   162.623
   100.000   -72.285     0.001    -4.000     0.085     0.000     0.001     0.000     0.000     0.000     0.000     0.000     0.000     0.000   346.345     0.000   0.00E+00     0.000     0.000   139.790
    80.000   -68.809     0.001    -4.000     0.043     0.000     0.007     0.000     0.000     0.000     0.000     0.000     0.000     0.000   361.346     0.000   0.00E+00     0.000     0.000     0.000
    60.000   -61.057     0.001     0.000     0.012     0.000     0.020     0.000     0.000     0.000     0.000     0.000     0.000     0.000   385.645     0.000   0.00E+00     0.000     0.000     0.000
    40.000   -50.765     0.001     0.000     0.002     0.000     0.037     0.000     0.000     0.000     0.000     0.000     0.000     0.000   420.715     0.000   0.00E+00     0.000     0.000     0.000
    30.000   -42.492     0.001     0.000     0.001     0.000     0.050     0.000     0.000     0.000     0.000     0.000     0.000     0.000   447.622     0.000   0.00E+00     0.000     0.000     0.000
    25.000   -26.079     0.001     0.000     0.000     0.000     0.080     0.000     0.000     0.000     0.000     0.000     0.000     0.000   476.155     0.000   0.00E+00    -0.001     0.000     0.000
