  1000.000    12.502     6.323    -0.000     0.708    -1.583    -1.320     2.750     0.000     0.000     0.000     0.000     0.000     0.000   307.171     0.000   0.00E+00    -1.071     0.340   285.661
   950.000     8.376     6.122     0.001     0.887     2.147    -1.474    -0.461     0.000    12.921     0.000   -10.712     0.000     0.005   307.172     0.000   0.94E-06    -1.947     0.376   281.517
   900.000     5.282     4.475    -0.350     0.739     1.407    -1.405     0.000     0.000    12.881    -0.005    -7.206     0.005     2.006   303.055     0.003   0.35E-01    -0.447     0.400   277.896
   850.000     1.864     3.371     0.200     0.683     1.336    -1.350     0.000     0.000    11.958    -1.972    -7.105     2.197     1.508   301.029     0.008   0.22E-01     0.252     0.428   275.220
   800.000    -1.531     2.378     0.499     0.609     1.410    -1.437     0.000     0.000    10.940    -1.508    -7.242     1.808     0.341   299.604     0.015   0.33E+00     0.796     0.453   272.364
   750.000    -4.559     1.416     0.569     0.511     1.470    -1.499     0.000     0.000    10.673    -0.334    -7.390     1.407     0.099   298.719     0.011   0.17E+00     1.239     0.475   269.329
   700.000    -7.932     0.811     0.332     0.407     1.457    -1.491     0.000     0.000    10.754    -0.007    -6.242     1.274     0.093   298.674     0.019   0.12E+00     1.309     0.500   265.932
   650.000   -11.708     0.452     0.035     0.335     1.328    -1.370     0.000     0.000    10.841    -0.002    -5.628     1.118     0.081   299.307     0.028   0.11E+00     1.155     0.518   262.100
   600.000   -16.067     0.262    -0.243     0.299     1.130    -1.187     0.000     0.000    11.001     0.000    -4.861     1.220     0.068   300.308     0.044   0.10E+00     0.876     0.528   257.747
   550.000   -21.170     0.176    -0.414     0.305     0.931    -1.010     0.000     0.000    11.213     0.000    -3.901     1.348     0.120   301.384     0.070   0.13E+00     0.585     0.521   252.780
   500.000   -27.083     0.142    -0.463     0.362     0.814    -0.925     0.000     0.000    11.581     0.000    -2.727     1.487     0.130   302.312     0.098   0.11E+00     0.354     0.494   247.106
   450.000   -33.780     0.129    -0.457     0.503     0.850    -0.999     0.000     0.000    11.974    -0.002    -1.473     1.667     0.367   303.055     0.151   0.24E+00     0.184     0.450   240.638
   400.000   -41.245     0.111    -0.548     0.731     0.841    -1.032     0.000     0.000    12.050    -0.006    -0.581     1.974     1.116   303.654     0.247   0.24E+00     0.048     0.392   233.295
   350.000   -49.538     0.056    -0.792     0.969     0.605    -0.840     0.000     0.000    10.809     0.000    -0.155     2.505     3.224   304.179     0.302   0.14E+00     0.008     0.315   224.992
   300.000   -58.872     0.021    -1.210     1.008     0.405    -0.687     0.000     0.000     5.173     0.000    -0.026     1.252     6.628   304.744     0.344   0.22E-01    -0.000     0.208   215.606
   250.000   -69.359     0.007    -2.282     1.004     0.034    -0.360     0.000     0.000     0.018     0.000    -0.000     0.000     5.155   305.990     0.456   0.22E-02    -0.000     0.087   204.912
   200.000   -68.508     0.001    -4.000     0.215    -0.000    -0.105     0.000     0.000     0.000     0.000    -0.000     0.000     0.018   316.524     0.000   0.81E-05    -0.000     0.001   191.970
   150.000   -71.396     0.001    -4.000     0.127     0.000     0.035     0.000     0.000     0.000     0.000     0.000     0.000     0.000   328.621     0.000   0.00E+00     0.000     0.000   175.430
   100.000   -72.371     0.001    -4.000     0.096     0.000     0.016     0.000     0.000     0.000     0.000     0.000     0.000     0.000   350.665     0.000   0.00E+00     0.000     0.000   152.461
    80.000   -71.344     0.001    -4.000     0.072     0.000     0.036     0.000     0.000     0.000     0.000     0.000     0.000     0.000   363.825     0.000   0.00E+00     0.000     0.000     0.000
    60.000   -66.508     0.001     0.000     0.036     0.000     0.133     0.000     0.000     0.000     0.000     0.000     0.000     0.000   383.396     0.000   0.00E+00     0.000     0.000     0.000
    40.000   -59.393     0.001     0.000     0.013     0.000     0.275     0.000     0.000     0.000     0.000     0.000     0.000     0.000   412.144     0.000   0.00E+00     0.000     0.000     0.000
    30.000   -54.636     0.001     0.000     0.006     0.000     0.370     0.000     0.000     0.000     0.000     0.000     0.000     0.000   433.419     0.000   0.00E+00     0.000     0.000     0.000
    25.000   -48.162     0.001     0.000     0.003     0.000     0.500     0.000     0.000     0.000     0.000     0.000     0.000     0.000   452.033     0.000   0.00E+00    -0.001     0.000     0.000
