     0.250     0.027     1.630    11.673    12.501   -21.653     1.096   262.801   251.384    14.036  1009.656     0.125   268.039
     0.500     0.054     1.659    11.861    12.976   -21.919     1.096   262.857   251.561    16.925  1008.370     0.375   265.749
     0.750     0.315     1.741    12.157    13.416   -22.186     1.096   262.899   251.794    19.712  1006.870     0.625   260.701
     1.000     0.873     1.821    12.430    13.819   -22.452     1.096   262.909   252.187    22.085  1005.442     0.875   257.717
     1.250     1.448     1.915    12.705    14.185   -22.716     1.096   262.916   252.648    24.251  1004.007     1.125   254.857
     1.500     1.797     2.015    12.978    14.515   -22.979     1.096   262.916   253.248    26.231  1002.579     1.375   252.189
     1.750     2.042     2.109    13.234    14.811   -23.239     1.096   262.904   253.903    28.069  1001.157     1.625   249.555
     2.000     2.222     2.193    13.469    15.077   -23.497     1.096   262.894   254.553    29.772   999.758     1.875   247.110
     2.250     2.282     2.271    13.684    15.315   -23.761     1.097   262.887   255.141    31.389   998.351     2.125   244.564
     2.500     2.408     2.339    13.878    15.529   -24.070     1.108   262.879   255.693    32.892   996.984     2.375   242.262
     2.750     2.442     2.400    14.058    15.723   -24.380     1.122   262.874   256.225    34.306   995.637     2.625   240.152
     3.000     2.526     2.451    14.222    15.897   -24.600     1.131   262.869   256.683    35.596   994.367     2.875   238.367
     3.250     2.617     2.498    14.377    16.059   -24.729     1.134   262.879   257.073    36.985   992.835     3.125   236.141
     3.500     3.410     2.543    14.492    16.204   -24.777     1.123   262.863   257.820    38.270   991.336     3.375   234.375
     3.750     3.126     2.578    14.614    16.337   -24.830     1.123   262.843   258.611    39.547   989.777     3.625   232.271
     4.000     3.162     2.608    14.725    16.457   -24.849     1.164   262.826   259.302    40.696   988.320     3.875   230.663
     4.250     3.125     2.636    14.829    16.568   -24.864     1.209   262.815   259.989    41.834   986.851     4.125   228.683
     4.500     3.158     2.660    14.926    16.670   -24.714     1.156   262.812   260.416    42.851   985.477     4.375   227.106
     4.750     3.310     2.689    15.012    16.764   -24.500     1.068   262.804   260.952    43.741   984.302     4.625   225.969
     5.000     3.280     2.712    15.093    16.850   -24.334     1.005   262.792   261.553    44.664   983.034     4.875   224.477
     5.250     3.353     2.732    15.166    16.928   -24.221     0.961   262.776   262.374    45.534   981.790     5.125   222.951
     5.500     3.236     2.748    15.241    17.001   -24.111     0.915   262.771   262.878    46.282   980.632     5.375   221.851
     5.750     3.180     2.766    15.313    17.070   -23.985     0.862   262.768   263.337    47.034   979.419     5.625   220.626
     6.000     3.280     2.790    15.375    17.133   -23.847     0.806   262.760   263.881    47.774   978.257     5.875   219.371
     6.250     3.422     2.811    15.427    17.189   -23.752     0.758   262.752   264.478    48.441   977.210     6.125   218.193
     6.500     3.431     2.822    15.476    17.240   -23.703     0.717   262.739   265.065    48.938   976.404     6.375   217.571
     6.750     3.331     2.833    15.526    17.288   -23.651     0.679   262.730   265.647    49.406   975.589     6.625   216.978
     7.000     3.237     2.845    15.576    17.333   -23.592     0.642   262.726   266.076    49.864   974.756     6.875   216.380
     7.250     3.241     2.863    15.621    17.375   -23.497     0.601   262.724   266.421    50.319   973.974     7.125   215.806
     7.500     3.250     2.877    15.660    17.413   -23.396     0.559   262.719   266.934    50.758   973.207     7.375   215.214
     7.750     3.278     2.889    15.696    17.447   -23.300     0.518   262.712   267.471    51.181   972.446     7.625   214.604
     8.000     3.356     2.901    15.727    17.477   -23.216     0.480   262.702   268.033    51.595   971.698     7.875   213.954
     8.250     3.361     2.911    15.756    17.505   -23.152     0.448   262.690   268.557    52.015   970.903     8.125   213.180
     8.500     3.433     2.920    15.778    17.529   -23.105     0.422   262.677   269.145    52.349   970.292     8.375   212.659
     8.750     3.321     2.926    15.803    17.551   -23.105     0.404   262.668   269.589    52.618   969.786     8.625   212.317
     9.000     3.234     2.934    15.826    17.570   -23.115     0.388   262.662   269.946    52.873   969.294     8.875   211.998
     9.250     3.346     2.952    15.840    17.586   -23.098     0.370   262.656   270.378    53.117   968.933     9.125   211.728
     9.500     3.512     2.958    15.847    17.599   -23.043     0.350   262.643   270.995    53.325   968.696     9.375   211.465
     9.750     3.416     2.959    15.858    17.609   -22.970     0.328   262.629   271.404    53.543   968.347     9.625   211.159
    10.000     3.271     2.970    15.873    17.617   -22.873     0.306   262.617   271.486    53.775   967.848     9.875   210.827
    10.250     3.228     2.965    15.885    17.624   -22.769     0.293   262.604   271.422    53.988   967.322    10.125   210.499
    10.500     3.207     2.927    15.896    17.629   -22.705     0.310   262.597   271.530    54.157   966.909    10.375   210.260
    10.750     3.196     2.995    15.909    17.632   -22.704     0.326   262.594   271.764    54.326   966.516    10.625   210.041
    11.000     3.192     2.998    15.911    17.633   -22.728     0.331   262.592   272.368    54.460   966.237    10.875   209.882
    11.250     3.305     2.993    15.907    17.633   -22.778     0.319   262.587   273.110    54.563   966.028    11.125   209.721
    11.500     3.313     2.989    15.906    17.634   -22.854     0.294   262.580   274.056    54.647   965.828    11.375   209.582
    11.750     3.253     2.990    15.906    17.635   -22.928     0.265   262.574   274.709    54.749   965.595    11.625   209.431
    12.000     3.429     2.997    15.898    17.633   -22.958     0.234   262.564   275.317    54.859   965.457    11.875   209.279
    12.250     3.357     2.991    15.894    17.631   -22.949     0.205   262.551   275.342    54.999   965.164    12.125   208.984
    12.500     3.165     2.991    15.896    17.628   -22.903     0.183   262.541   275.057    55.158   964.840    12.375   208.717
    12.750     3.059     3.003    15.897    17.623   -22.846     0.171   262.539   275.044    55.308   964.579    12.625   208.510
    13.000     3.232     2.999    15.884    17.614   -22.773     0.165   262.533   274.946    55.424   964.352    12.875   208.276
    13.250     3.324     2.998    15.872    17.605   -22.709     0.174   262.522   274.838    55.527   964.136    13.125   208.009
    13.500     3.195     3.001    15.869    17.597   -22.719     0.202   262.515   274.823    55.639   963.836    13.375   207.727
    13.750     3.175     3.028    15.871    17.588   -22.795     0.224   262.507   274.908    55.745   963.447    13.625   207.405
    14.000     3.189     3.021    15.859    17.578   -22.866     0.227   262.500   274.968    55.872   963.230    13.875   207.134
    14.250     3.095     3.010    15.848    17.567   -22.947     0.217   262.498   275.404    55.968   963.044    14.125   206.929
    14.500     3.142     3.020    15.834    17.555   -23.002     0.203   262.498   275.765    56.013   962.944    14.375   206.850
    14.750     3.288     2.999    15.814    17.543   -23.002     0.188   262.490   274.830    56.036   962.859    14.625   206.770
    15.000     3.249     3.021    15.803    17.532   -22.986     0.183   262.480   274.820    56.058   962.707    14.875   206.691
    15.250     3.143     3.014    15.795    17.521   -22.983     0.196   262.473   275.512    56.106   962.575    15.125   206.620
    15.500     3.037     3.020    15.786    17.508   -23.027     0.198   262.472   275.537    56.165   962.446    15.375   206.555
    15.750     3.069     3.027    15.773    17.495   -23.084     0.191   262.471   275.512    56.200   962.342    15.625   206.488
    16.000     3.192     3.015    15.751    17.480   -23.102     0.180   262.466   275.713    56.223   962.298    15.875   206.429
    16.250     3.248     2.997    15.733    17.467   -23.091     0.173   262.456   275.575    56.227   962.239    16.125   206.371
    16.500     3.220     3.023    15.721    17.453   -23.079     0.183   262.451   274.131    56.247   962.143    16.375   206.312
    16.750     3.060     3.004    15.713    17.440   -23.112     0.202   262.445   275.390    56.285   962.023    16.625   206.256
    17.000     3.024     3.019    15.702    17.425   -23.181     0.202   262.444   275.490    56.327   961.919    16.875   206.206
    17.250     3.091     3.017    15.684    17.410   -23.245     0.194   262.444   275.390    56.352   961.873    17.125   206.158
    17.500     3.208     3.021    15.664    17.394   -23.257     0.185   262.435   275.331    56.341   961.797    17.375   206.111
    17.750     3.221     3.018    15.648    17.380   -23.248     0.187   262.427   275.200    56.341   961.735    17.625   206.061
    18.000     3.064     3.000    15.637    17.366   -23.280     0.198   262.424   275.341    56.371   961.662    17.875   206.013
    18.250     3.005     3.014    15.625    17.351   -23.341     0.196   262.424   275.451    56.409   961.582    18.125   205.969
    18.500     3.081     3.024    15.608    17.335   -23.386     0.187   262.425   275.547    56.425   961.537    18.375   205.930
    18.750     3.213     3.016    15.585    17.319   -23.397     0.177   262.416   275.312    56.409   961.510    18.625   205.891
    19.000     3.183     3.013    15.569    17.304   -23.386     0.176   262.408   275.209    56.406   961.452    18.875   205.849
    19.250     3.113     2.979    15.556    17.290   -23.387     0.193   262.404   274.487    56.422   961.386    19.125   205.808
    19.500     3.041     3.010    15.545    17.275   -23.432     0.198   262.402   275.310    56.451   961.313    19.375   205.774
    19.750     3.038     3.006    15.530    17.259   -23.505     0.193   262.402   275.753    56.467   961.284    19.625   205.738
    20.000     3.190     3.010    15.509    17.244   -23.550     0.182   262.397   275.502    56.460   961.244    19.875   205.704
    20.250     3.219     3.004    15.490    17.229   -23.555     0.172   262.390   274.614    56.446   961.225    20.125   205.668
    20.500     3.194     2.992    15.474    17.214   -23.543     0.177   262.383   275.444    56.447   961.209    20.375   205.643
    20.750     3.002     2.999    15.465    17.200   -23.571     0.182   262.379   275.611    56.475   961.129    20.625   205.611
    21.000     3.045     2.999    15.450    17.185   -23.631     0.177   262.379   276.058    56.487   961.119    20.875   205.592
    21.250     3.191     3.003    15.429    17.169   -23.667     0.167   262.374   275.906    56.475   961.097    21.125   205.565
    21.500     3.206     2.999    15.412    17.154   -23.675     0.158   262.365   275.943    56.454   961.063    21.375   205.534
    21.750     3.168     2.927    15.394    17.139   -23.654     0.163   262.356   275.295    56.464   961.074    21.625   205.512
    22.000     3.106     2.991    15.384    17.124   -23.687     0.177   262.353   275.960    56.471   961.027    21.875   205.499
    22.250     3.035     2.994    15.371    17.108   -23.759     0.174   262.352   276.296    56.484   961.011    22.125   205.484
    22.500     3.116     2.990    15.351    17.092   -23.832     0.163   262.350   276.824    56.488   961.044    22.375   205.465
    22.750     3.230     2.995    15.330    17.076   -23.864     0.150   262.341   276.532    56.453   961.042    22.625   205.454
    23.000     3.196     2.995    15.314    17.060   -23.859     0.141   262.331   276.465    56.430   961.047    22.875   205.444
    23.250     3.171     2.970    15.295    17.044   -23.819     0.146   262.322   276.174    56.442   961.087    23.125   205.436
    23.500     3.034     2.991    15.285    17.028   -23.835     0.164   262.321   276.131    56.445   961.050    23.375   205.429
    23.750     3.024     2.989    15.269    17.010   -23.917     0.164   262.319   276.713    56.451   961.066    23.625   205.415
    24.000     3.187     2.993    15.246    16.992   -23.983     0.155   262.315   276.403    56.430   961.094    23.875   205.401
    24.250     3.196     2.989    15.228    16.976   -24.012     0.146   262.305   275.813    56.394   961.107    24.125   205.379
    24.500     3.176     2.988    15.211    16.960   -23.998     0.146   262.296   276.132    56.383   961.112    24.375   205.377
    24.750     3.053     2.984    15.197    16.943   -24.016     0.157   262.292   276.117    56.394   961.127    24.625   205.368
    25.000     2.975     2.984    15.183    16.926   -24.083     0.157   262.292   276.446    56.410   961.121    24.875   205.349
    25.250     3.103     2.977    15.160    16.908   -24.134     0.149   262.290   276.323    56.399   961.152    25.125   205.337
    25.500     3.197     2.957    15.137    16.890   -24.146     0.141   262.282   276.106    56.360   961.198    25.375   205.333
    25.750     3.201     2.956    15.118    16.873   -24.135     0.142   262.272   276.207    56.337   961.240    25.625   205.337
    26.000     3.080     2.973    15.106    16.857   -24.164     0.154   262.266   276.210    56.335   961.227    25.875   205.327
    26.250     2.965     2.976    15.093    16.840   -24.238     0.153   262.267   276.304    56.353   961.205    26.125   205.309
    26.500     3.081     2.972    15.072    16.822   -24.299     0.145   262.265   276.416    56.345   961.245    26.375   205.301
    26.750     3.176     2.951    15.048    16.804   -24.310     0.135   262.256   276.310    56.311   961.286    26.625   205.292
    27.000     3.214     2.975    15.029    16.787   -24.293     0.133   262.247   275.765    56.288   961.330    26.875   205.292
    27.250     3.046     2.968    15.016    16.770   -24.304     0.149   262.242   275.885    56.277   961.307    27.125   205.291
    27.500     2.967     2.958    15.003    16.753   -24.366     0.152   262.241   276.221    56.293   961.301    27.375   205.275
    27.750     3.029     2.968    14.983    16.734   -24.439     0.146   262.242   276.351    56.296   961.328    27.625   205.261
    28.000     3.190     2.959    14.958    16.716   -24.468     0.136   262.232   276.307    56.255   961.388    27.875   205.258
    28.250     3.145     2.942    14.939    16.699   -24.466     0.132   262.223   276.170    56.223   961.413    28.125   205.260
    28.500     3.131     2.956    14.923    16.682   -24.459     0.139   262.215   275.814    56.212   961.422    28.375   205.257
    28.750     2.946     2.950    14.911    16.665   -24.506     0.144   262.215   275.943    56.228   961.410    28.625   205.241
    29.000     3.020     2.972    14.893    16.647   -24.573     0.141   262.215   276.286    56.229   961.413    28.875   205.225
    29.250     3.165     2.963    14.870    16.629   -24.611     0.134   262.206   276.116    56.194   961.446    29.125   205.212
    29.500     3.176     2.960    14.849    16.612   -24.611     0.132   262.198   275.379    56.171   961.500    29.375   205.207
    29.750     3.038     2.939    14.836    16.595   -24.626     0.148   262.192   275.854    56.161   961.497    29.625   205.207
    30.000     2.945     2.959    14.823    16.578   -24.690     0.149   262.191   276.032    56.175   961.467    29.875   205.193
    30.250     2.986     2.955    14.803    16.560   -24.756     0.142   262.194   276.316    56.181   961.513    30.125   205.181
    30.500     3.147     2.945    14.779    16.542   -24.783     0.131   262.185   276.067    56.141   961.557    30.375   205.178
    30.750     3.173     2.952    14.758    16.525   -24.775     0.125   262.176   275.895    56.108   961.612    30.625   205.180
    31.000     3.080     2.953    14.743    16.508   -24.767     0.136   262.167   275.679    56.097   961.605    30.875   205.174
    31.250     2.972     2.951    14.730    16.491   -24.810     0.146   262.166   275.822    56.109   961.597    31.125   205.162
    31.500     2.949     2.949    14.714    16.473   -24.892     0.142   262.167   275.937    56.113   961.619    31.375   205.150
    31.750     3.114     2.940    14.689    16.454   -24.938     0.133   262.162   275.907    56.087   961.673    31.625   205.145
    32.000     3.137     2.935    14.668    16.437   -24.939     0.126   262.153   275.675    56.051   961.703    31.875   205.139
    32.250     3.114     2.945    14.651    16.421   -24.925     0.130   262.144   275.445    56.041   961.715    32.125   205.132
    32.500     2.948     2.944    14.641    16.404   -24.964     0.143   262.142   275.629    56.048   961.693    32.375   205.121
    32.750     2.915     2.943    14.625    16.386   -25.044     0.141   262.144   275.604    56.062   961.692    32.625   205.104
    33.000     2.923     2.955    14.606    16.366   -25.094     0.133   262.144   275.547    56.083   961.737    32.875   205.093
    33.250     2.804     2.942    14.588    16.344   -25.100     0.128   262.149   274.887    56.081   961.743    33.125   205.085
    33.500     2.929     2.974    14.568    16.321   -25.082     0.135   262.150   274.146    56.056   961.753    33.375   205.077
    33.750     2.903     2.886    14.548    16.299   -25.104     0.156   262.150   274.146    56.050   961.808    33.625   205.070
    34.000     3.022     2.974    14.532    16.277   -25.184     0.172   262.148   274.248    56.025   961.826    33.875   205.064
    34.250     2.977     2.871    14.511    16.255   -25.277     0.188   262.146   274.256    55.998   961.852    34.125   205.048
    34.500     3.077     2.948    14.492    16.235   -25.358     0.186   262.141   274.393    55.961   961.874    34.375   205.038
    34.750     3.026     2.906    14.471    16.216   -25.419     0.192   262.139   273.620    55.926   961.892    34.625   205.022
    35.000     3.060     2.946    14.453    16.199   -25.477     0.194   262.132   274.529    55.889   961.884    34.875   205.008
    35.250     3.042     2.940    14.433    16.183   -25.510     0.179   262.129   274.404    55.865   961.913    35.125   204.995
    35.500     3.038     2.934    14.414    16.167   -25.526     0.161   262.125   274.365    55.852   961.957    35.375   204.979
    35.750     3.011     2.904    14.396    16.152   -25.520     0.149   262.121   274.322    55.838   961.986    35.625   204.965
    36.000     3.022     2.919    14.380    16.137   -25.509     0.144   262.118   274.349    55.829   962.008    35.875   204.952
    36.250     3.024     2.931    14.364    16.122   -25.507     0.141   262.113   274.492    55.818   962.023    36.125   204.938
    36.500     3.030     2.931    14.347    16.107   -25.514     0.141   262.109   274.449    55.810   962.041    36.375   204.924
    36.750     3.019     2.931    14.332    16.092   -25.541     0.146   262.104   274.436    55.802   962.058    36.625   204.910
    37.000     3.003     2.932    14.319    16.077   -25.583     0.153   262.099   274.318    55.789   962.040    36.875   204.894
    37.250     3.055     2.929    14.301    16.062   -25.609     0.165   262.097   273.296    55.788   962.104    37.125   204.884
    37.500     3.012     2.928    14.287    16.047   -25.664     0.178   262.090   274.183    55.773   962.103    37.375   204.874
    37.750     3.031     2.924    14.270    16.032   -25.718     0.175   262.086   274.057    55.765   962.125    37.625   204.861
    38.000     3.035     2.923    14.255    16.017   -25.750     0.172   262.079   274.093    55.756   962.115    37.875   204.847
    38.250     3.004     2.909    14.240    16.002   -25.786     0.178   262.076   273.968    55.745   962.147    38.125   204.839
    38.500     3.020     2.918    14.224    15.987   -25.822     0.168   262.071   273.967    55.737   962.156    38.375   204.824
    38.750     3.004     2.918    14.209    15.972   -25.835     0.159   262.067   273.986    55.726   962.166    38.625   204.810
    39.000     2.985     2.904    14.193    15.957   -25.844     0.156   262.063   273.977    55.721   962.181    38.875   204.794
    39.250     2.992     2.904    14.177    15.942   -25.858     0.155   262.059   273.933    55.715   962.195    39.125   204.779
    39.500     2.985     2.903    14.161    15.927   -25.874     0.152   262.056   273.789    55.704   962.206    39.375   204.766
    39.750     3.012     2.916    14.146    15.912   -25.893     0.155   262.052   274.017    55.694   962.218    39.625   204.753
    40.000     2.989     2.901    14.130    15.898   -25.917     0.159   262.050   273.754    55.687   962.250    39.875   204.741
    40.250     3.004     2.913    14.115    15.883   -25.951     0.162   262.044   273.618    55.674   962.256    40.125   204.728
    40.500     3.006     2.898    14.098    15.868   -25.987     0.159   262.039   273.845    55.666   962.283    40.375   204.712
    40.750     3.001     2.910    14.084    15.853   -26.015     0.161   262.035   273.978    55.655   962.275    40.625   204.699
    41.000     2.997     2.909    14.069    15.839   -26.044     0.160   262.030   273.957    55.647   962.283    40.875   204.683
    41.250     2.987     2.894    14.053    15.824   -26.070     0.157   262.026   273.734    55.644   962.306    41.125   204.667
    41.500     2.957     2.859    14.038    15.810   -26.086     0.161   262.023   273.720    55.635   962.320    41.375   204.657
    41.750     3.021     2.905    14.025    15.795   -26.122     0.164   262.018   273.911    55.618   962.313    41.625   204.644
    42.000     2.999     2.889    14.007    15.780   -26.153     0.155   262.014   273.746    55.612   962.354    41.875   204.631
    42.250     2.991     2.902    13.993    15.766   -26.173     0.148   262.009   273.844    55.601   962.345    42.125   204.616
    42.500     2.972     2.900    13.978    15.751   -26.178     0.150   262.006   273.643    55.598   962.377    42.375   204.605
    42.750     2.976     2.887    13.962    15.737   -26.203     0.150   262.002   273.771    55.592   962.398    42.625   204.590
    43.000     2.988     2.900    13.947    15.722   -26.226     0.151   261.998   273.751    55.581   962.400    42.875   204.577
    43.250     2.971     2.885    13.931    15.707   -26.251     0.154   261.995   273.672    55.574   962.435    43.125   204.565
    43.500     2.986     2.884    13.916    15.693   -26.282     0.154   261.990   273.601    55.562   962.453    43.375   204.554
    43.750     2.992     2.895    13.901    15.678   -26.311     0.154   261.986   273.475    55.550   962.455    43.625   204.542
    44.000     2.976     2.893    13.886    15.664   -26.337     0.158   261.981   273.738    55.542   962.473    43.875   204.530
    44.250     2.978     2.892    13.871    15.649   -26.372     0.153   261.978   273.433    55.531   962.483    44.125   204.516
    44.500     2.974     2.891    13.857    15.635   -26.397     0.147   261.972   273.602    55.518   962.482    44.375   204.501
    44.750     2.962     2.891    13.843    15.621   -26.413     0.145   261.968   273.549    55.515   962.485    44.625   204.484
    45.000     2.952     2.891    13.828    15.607   -26.428     0.147   261.964   273.471    55.513   962.506    44.875   204.470
    45.250     2.965     2.888    13.811    15.592   -26.449     0.151   261.962   273.324    55.507   962.541    45.125   204.458
    45.500     2.963     2.888    13.796    15.577   -26.478     0.153   261.958   273.341    55.496   962.542    45.375   204.445
    45.750     2.959     2.873    13.780    15.563   -26.513     0.154   261.954   273.311    55.487   962.577    45.625   204.432
    46.000     2.964     2.885    13.766    15.548   -26.542     0.153   261.949   273.392    55.475   962.576    45.875   204.419
    46.250     2.952     2.883    13.751    15.534   -26.571     0.152   261.946   273.362    55.465   962.568    46.125   204.405
    46.500     2.969     2.869    13.734    15.520   -26.589     0.149   261.943   273.222    55.465   962.614    46.375   204.392
    46.750     2.949     2.851    13.719    15.506   -26.614     0.150   261.939   273.257    55.456   962.631    46.625   204.380
    47.000     2.981     2.879    13.704    15.492   -26.636     0.145   261.934   273.386    55.441   962.634    46.875   204.370
    47.250     2.934     2.879    13.692    15.478   -26.660     0.146   261.931   273.301    55.425   962.623    47.125   204.358
    47.500     2.968     2.877    13.675    15.464   -26.681     0.144   261.926   273.383    55.423   962.661    47.375   204.347
    47.750     2.960     2.875    13.660    15.450   -26.706     0.140   261.922   273.339    55.417   962.684    47.625   204.331
    48.000     2.933     2.874    13.645    15.436   -26.721     0.136   261.919   272.600    55.414   962.689    47.875   204.316
    48.250     2.938     2.875    13.631    15.422   -26.734     0.140   261.915   273.195    55.406   962.702    48.125   204.303
    48.500     2.917     2.826    13.615    15.408   -26.757     0.140   261.912   272.937    55.406   962.730    48.375   204.289
    48.750     2.953     2.860    13.600    15.394   -26.787     0.147   261.908   272.976    55.399   962.745    48.625   204.278
    49.000     2.938     2.871    13.586    15.380   -26.818     0.152   261.905   273.027    55.386   962.733    48.875   204.265
    49.250     2.953     2.867    13.570    15.366   -26.857     0.152   261.901   272.864    55.377   962.766    49.125   204.253
    49.500     2.937     2.838    13.555    15.352   -26.889     0.148   261.897   272.832    55.370   962.778    49.375   204.238
    49.750     2.971     2.864    13.541    15.338   -26.910     0.147   261.892   272.999    55.357   962.785    49.625   204.230
    50.000     2.926     2.851    13.526    15.325   -26.934     0.142   261.888   272.835    55.354   962.803    49.875   204.214
