     0.250     0.030     1.721    12.650    13.477   -20.670     1.195   262.419   258.537    14.999  1009.266     0.125   267.867
     0.500     0.055     1.750    12.823    13.930   -20.956     1.195   262.475   258.608    17.974  1007.861     0.375   265.540
     0.750     0.379     1.834    13.093    14.346   -21.241     1.195   262.514   258.738    20.804  1006.255     0.625   260.353
     1.000     0.995     1.915    13.346    14.727   -21.525     1.195   262.524   259.077    23.230  1004.721     0.875   257.138
     1.250     1.592     2.005    13.595    15.072   -21.807     1.195   262.528   259.524    25.422  1003.201     1.125   254.176
     1.500     2.013     2.101    13.839    15.380   -22.087     1.195   262.523   260.125    27.405  1001.709     1.375   251.439
     1.750     2.275     2.194    14.069    15.655   -22.363     1.195   262.508   260.781    29.246  1000.229     1.625   248.832
     2.000     2.406     2.278    14.280    15.900   -22.638     1.196   262.493   261.411    30.980   998.747     1.875   246.108
     2.250     2.588     2.350    14.469    16.116   -22.940     1.202   262.479   261.980    32.556   997.331     2.125   243.745
     2.500     2.557     2.414    14.644    16.310   -23.267     1.218   262.465   262.577    34.069   995.902     2.375   241.345
     2.750     2.682     2.469    14.801    16.485   -23.522     1.230   262.469   262.999    35.417   994.583     2.625   239.465
     3.000     2.632     2.516    14.949    16.644   -23.699     1.237   262.466   263.435    36.841   993.043     2.875   237.170
     3.250     3.209     2.565    15.065    16.785   -23.762     1.225   262.456   264.109    38.169   991.503     3.125   235.329
     3.500     3.228     2.606    15.175    16.913   -23.828     1.229   262.437   264.923    39.478   989.917     3.375   233.275
     3.750     3.303     2.638    15.275    17.027   -23.850     1.270   262.422   265.546    40.643   988.464     3.625   231.699
     4.000     3.270     2.668    15.372    17.131   -23.889     1.323   262.413   266.048    41.784   987.032     3.875   229.829
     4.250     3.323     2.693    15.461    17.225   -23.743     1.265   262.400   266.687    42.865   985.612     4.125   228.039
     4.500     3.423     2.726    15.541    17.311   -23.530     1.170   262.390   267.207    43.779   984.425     4.375   226.865
     4.750     3.472     2.749    15.611    17.387   -23.362     1.099   262.374   267.885    44.683   983.230     4.625   225.488
     5.000     3.517     2.768    15.675    17.456   -23.251     1.051   262.356   268.689    45.597   981.953     4.875   223.764
     5.250     3.400     2.783    15.740    17.520   -23.151     1.001   262.345   269.215    46.336   980.833     5.125   222.698
     5.500     3.322     2.800    15.802    17.579   -23.034     0.945   262.338   269.676    47.076   979.668     5.375   221.539
     5.750     3.387     2.823    15.855    17.632   -22.921     0.884   262.335   269.951    47.809   978.540     5.625   220.346
     6.000     3.513     2.841    15.899    17.679   -22.827     0.829   262.320   270.749    48.533   977.400     5.875   218.968
     6.250     3.526     2.850    15.939    17.721   -22.788     0.786   262.306   271.429    49.078   976.507     6.125   218.156
     6.500     3.395     2.860    15.982    17.761   -22.758     0.747   262.297   271.887    49.581   975.608     6.375   217.444
     6.750     3.375     2.873    16.021    17.797   -22.719     0.710   262.291   272.276    50.047   974.773     6.625   216.823
     7.000     3.436     2.888    16.053    17.830   -22.633     0.667   262.283   272.801    50.486   974.030     6.875   216.293
     7.250     3.436     2.901    16.080    17.859   -22.524     0.619   262.272   273.360    50.908   973.314     7.125   215.757
     7.500     3.438     2.911    16.105    17.884   -22.429     0.573   262.261   273.930    51.318   972.593     7.375   215.174
     7.750     3.470     2.921    16.126    17.905   -22.353     0.531   262.248   274.529    51.719   971.872     7.625   214.536
     8.000     3.479     2.928    16.145    17.924   -22.303     0.496   262.234   275.131    52.126   971.102     7.875   213.780
     8.250     3.530     2.936    16.159    17.940   -22.264     0.466   262.219   275.543    52.485   970.439     8.125   213.145
     8.500     3.429     2.942    16.174    17.953   -22.276     0.445   262.206   276.127    52.758   969.926     8.375   212.768
     8.750     3.330     2.949    16.188    17.964   -22.302     0.428   262.198   276.395    53.019   969.419     8.625   212.408
     9.000     3.247     2.959    16.200    17.973   -22.323     0.412   262.193   276.697    53.273   968.940     8.875   212.072
     9.250     3.285     2.972    16.206    17.978   -22.312     0.393   262.190   277.049    53.517   968.541     9.125   211.765
     9.500     3.393     2.977    16.207    17.981   -22.240     0.371   262.174   277.262    53.748   968.043     9.375   211.411
     9.750     3.353     2.972    16.210    17.982   -22.145     0.355   262.159   277.360    53.964   967.505     9.625   211.065
    10.000     3.287     2.950    16.218    17.982   -22.107     0.371   262.149   277.324    54.159   967.036     9.875   210.791
    10.250     3.280     2.994    16.222    17.978   -22.121     0.395   262.141   277.579    54.350   966.598    10.125   210.541
    10.500     3.218     3.012    16.221    17.972   -22.156     0.418   262.138   277.802    54.517   966.219    10.375   210.309
    10.750     3.312     3.009    16.209    17.964   -22.198     0.414   262.132   278.238    54.649   965.964    10.625   210.115
    11.000     3.325     2.973    16.199    17.956   -22.247     0.393   262.127   278.634    54.760   965.714    10.875   209.917
    11.250     3.433     3.001    16.187    17.949   -22.294     0.359   262.116   279.356    54.861   965.490    11.125   209.730
    11.500     3.409     3.003    16.177    17.941   -22.344     0.321   262.106   280.000    54.972   965.258    11.375   209.524
    11.750     3.347     3.002    16.168    17.932   -22.381     0.287   262.096   280.486    55.087   965.033    11.625   209.325
    12.000     3.316     3.007    16.158    17.922   -22.392     0.258   262.088   280.918    55.211   964.789    11.875   209.102
    12.250     3.373     3.018    16.144    17.911   -22.382     0.232   262.078   280.921    55.336   964.563    12.125   208.870
    12.500     3.385     2.993    16.128    17.898   -22.344     0.215   262.063   280.738    55.447   964.305    12.375   208.611
    12.750     3.327     3.009    16.118    17.886   -22.305     0.221   262.048   280.463    55.566   963.999    12.625   208.351
    13.000     3.188     3.019    16.109    17.870   -22.306     0.232   262.043   280.457    55.699   963.741    12.875   208.113
    13.250     3.188     3.025    16.095    17.853   -22.344     0.237   262.037   280.552    55.817   963.474    13.125   207.839
    13.500     3.309     3.028    16.075    17.835   -22.396     0.244   262.030   280.629    55.917   963.233    13.375   207.528
    13.750     3.302     2.991    16.054    17.817   -22.446     0.253   262.018   280.762    56.015   962.993    13.625   207.207
    14.000     3.266     3.016    16.039    17.800   -22.517     0.277   262.007   280.826    56.072   962.826    13.875   207.082
    14.250     3.157     3.022    16.023    17.780   -22.588     0.269   262.002   280.758    56.136   962.669    14.125   206.997
    14.500     3.168     3.022    16.002    17.760   -22.645     0.253   261.998   280.854    56.179   962.563    14.375   206.916
    14.750     3.207     3.007    15.977    17.739   -22.681     0.235   261.993   281.105    56.211   962.495    14.625   206.838
    15.000     3.347     3.025    15.954    17.719   -22.684     0.230   261.982   280.889    56.211   962.373    14.875   206.758
    15.250     3.162     3.023    15.938    17.699   -22.714     0.233   261.974   280.779    56.246   962.254    15.125   206.682
    15.500     3.115     3.026    15.918    17.677   -22.747     0.230   261.969   280.873    56.295   962.143    15.375   206.611
    15.750     3.138     3.023    15.893    17.655   -22.777     0.227   261.965   280.793    56.326   962.077    15.625   206.543
    16.000     3.227     3.022    15.866    17.633   -22.809     0.221   261.962   279.767    56.339   962.039    15.875   206.479
    16.250     3.275     2.995    15.841    17.611   -22.842     0.228   261.952   280.815    56.333   962.009    16.125   206.415
    16.500     3.220     3.019    15.825    17.590   -22.892     0.240   261.939   280.878    56.338   961.859    16.375   206.352
    16.750     3.109     3.013    15.804    17.568   -22.956     0.243   261.935   280.625    56.387   961.784    16.625   206.294
    17.000     3.078     3.013    15.781    17.545   -23.010     0.236   261.933   280.733    56.421   961.721    16.875   206.238
    17.250     3.168     3.020    15.754    17.521   -23.046     0.226   261.929   280.528    56.429   961.663    17.125   206.181
    17.500     3.266     2.945    15.725    17.498   -23.055     0.224   261.920   279.749    56.411   961.669    17.375   206.129
    17.750     3.214     3.003    15.707    17.477   -23.100     0.231   261.910   280.600    56.411   961.576    17.625   206.078
    18.000     3.086     2.993    15.686    17.454   -23.158     0.227   261.906   280.538    56.445   961.512    17.875   206.028
    18.250     3.106     2.991    15.662    17.431   -23.203     0.217   261.903   280.754    56.458   961.469    18.125   205.984
    18.500     3.278     3.004    15.633    17.408   -23.225     0.208   261.896   279.851    56.444   961.441    18.375   205.938
    18.750     3.275     2.999    15.608    17.386   -23.244     0.217   261.887   279.658    56.430   961.433    18.625   205.896
    19.000     3.141     2.994    15.590    17.364   -23.296     0.225   261.877   280.947    56.440   961.345    18.875   205.854
    19.250     3.088     2.996    15.569    17.341   -23.369     0.219   261.872   280.930    56.467   961.289    19.125   205.813
    19.500     3.102     2.992    15.544    17.318   -23.422     0.207   261.870   280.714    56.474   961.273    19.375   205.774
    19.750     3.215     2.971    15.514    17.294   -23.445     0.195   261.862   280.746    56.462   961.281    19.625   205.739
    20.000     3.274     2.987    15.489    17.272   -23.444     0.201   261.852   280.753    56.441   961.264    19.875   205.703
    20.250     3.179     2.984    15.472    17.250   -23.481     0.211   261.843   280.987    56.443   961.204    20.125   205.666
    20.500     3.070     2.987    15.451    17.227   -23.554     0.207   261.838   280.905    56.470   961.146    20.375   205.631
    20.750     3.091     2.986    15.426    17.204   -23.611     0.197   261.835   280.768    56.473   961.126    20.625   205.599
    21.000     3.244     2.983    15.395    17.180   -23.636     0.187   261.827   280.746    56.454   961.150    20.875   205.571
    21.250     3.270     2.978    15.370    17.157   -23.645     0.194   261.818   280.810    56.426   961.155    21.125   205.545
    21.500     3.128     2.962    15.350    17.135   -23.692     0.204   261.807   280.968    56.435   961.119    21.375   205.514
    21.750     3.075     2.975    15.329    17.111   -23.767     0.198   261.803   281.031    56.454   961.079    21.625   205.486
    22.000     3.088     2.972    15.304    17.087   -23.826     0.187   261.799   281.387    56.452   961.080    21.875   205.457
    22.250     3.219     2.975    15.276    17.063   -23.853     0.177   261.791   281.094    56.423   961.061    22.125   205.428
    22.500     3.314     2.970    15.246    17.040   -23.844     0.180   261.781   280.022    56.401   961.135    22.375   205.410
    22.750     3.132     2.962    15.228    17.017   -23.896     0.193   261.771   281.465    56.389   961.128    22.625   205.405
    23.000     3.053     2.968    15.208    16.993   -23.980     0.188   261.766   281.404    56.404   961.080    22.875   205.379
    23.250     3.067     2.953    15.181    16.969   -24.048     0.177   261.763   281.424    56.405   961.108    23.125   205.358
    23.500     3.231     2.967    15.152    16.944   -24.074     0.166   261.755   280.869    56.368   961.123    23.375   205.341
    23.750     3.253     2.892    15.120    16.919   -24.056     0.166   261.741   280.961    56.344   961.221    23.625   205.331
    24.000     3.165     2.953    15.102    16.896   -24.100     0.182   261.732   281.435    56.328   961.204    23.875   205.326
    24.250     3.040     2.946    15.080    16.872   -24.179     0.178   261.727   281.527    56.340   961.196    24.125   205.309
    24.500     3.085     2.955    15.054    16.847   -24.247     0.169   261.725   281.562    56.332   961.236    24.375   205.294
    24.750     3.240     2.932    15.022    16.821   -24.266     0.159   261.713   281.319    56.290   961.287    24.625   205.288
    25.000     3.244     2.952    14.996    16.797   -24.279     0.166   261.701   281.299    56.255   961.329    24.875   205.284
    25.250     3.086     2.946    14.975    16.773   -24.343     0.170   261.693   281.536    56.262   961.337    25.125   205.266
    25.500     3.009     2.937    14.952    16.748   -24.416     0.164   261.691   281.376    56.269   961.327    25.375   205.248
    25.750     3.113     2.929    14.922    16.722   -24.453     0.155   261.685   281.354    56.257   961.380    25.625   205.234
    26.000     3.265     2.945    14.891    16.696   -24.451     0.154   261.673   280.777    56.209   961.432    25.875   205.226
    26.250     3.088     2.879    14.868    16.672   -24.489     0.169   261.663   281.261    56.191   961.445    26.125   205.216
    26.500     3.069     2.940    14.847    16.647   -24.570     0.172   261.658   281.243    56.197   961.445    26.375   205.203
    26.750     2.992     2.928    14.822    16.621   -24.647     0.164   261.655   281.214    56.198   961.441    26.625   205.182
    27.000     3.116     2.945    14.793    16.594   -24.688     0.154   261.650   281.248    56.177   961.467    26.875   205.163
    27.250     3.171     2.865    14.759    16.569   -24.683     0.153   261.638   281.066    56.135   961.566    27.125   205.154
    27.500     3.171     2.937    14.739    16.545   -24.719     0.168   261.629   281.078    56.103   961.529    27.375   205.145
    27.750     3.017     2.931    14.716    16.520   -24.792     0.169   261.624   281.037    56.113   961.543    27.625   205.132
    28.000     2.992     2.917    14.690    16.494   -24.869     0.161   261.620   281.091    56.117   961.568    27.875   205.112
    28.250     3.104     2.933    14.661    16.468   -24.910     0.151   261.615   281.132    56.095   961.591    28.125   205.096
    28.500     3.203     2.900    14.628    16.443   -24.907     0.148   261.603   280.891    56.051   961.691    28.375   205.090
    28.750     3.111     2.915    14.607    16.419   -24.938     0.161   261.593   281.043    56.026   961.681    28.625   205.082
    29.000     2.988     2.921    14.585    16.394   -25.014     0.161   261.589   280.853    56.038   961.671    28.875   205.064
    29.250     2.980     2.920    14.561    16.368   -25.083     0.154   261.586   280.880    56.037   961.681    29.125   205.043
    29.500     2.911     2.914    14.534    16.340   -25.109     0.146   261.586   280.416    56.054   961.735    29.375   205.031
    29.750     2.908     2.917    14.507    16.310   -25.112     0.158   261.587   279.561    56.037   961.769    29.625   205.021
    30.000     2.947     2.946    14.482    16.281   -25.166     0.175   261.587   279.690    56.018   961.780    29.875   205.014
    30.250     2.984     2.951    14.459    16.250   -25.273     0.237   261.570   278.785    55.987   961.776    30.125   204.999
    30.500     2.911     2.952    14.439    16.221   -25.408     0.261   261.568   279.569    55.962   961.753    30.375   204.982
    30.750     2.978     2.946    14.411    16.192   -25.526     0.280   261.576   279.586    55.941   961.769    30.625   204.960
    31.000     3.088     2.933    14.375    16.163   -25.619     0.259   261.572   278.641    55.916   961.849    30.875   204.939
    31.250     3.041     2.926    14.348    16.136   -25.688     0.255   261.566   278.527    55.868   961.855    31.125   204.917
    31.500     3.075     2.916    14.317    16.111   -25.715     0.227   261.558   279.288    55.831   961.913    31.375   204.897
    31.750     3.077     2.907    14.287    16.086   -25.730     0.208   261.550   279.243    55.804   961.988    31.625   204.876
    32.000     3.045     2.904    14.260    16.063   -25.735     0.198   261.544   279.114    55.778   962.006    31.875   204.856
    32.250     3.040     2.899    14.234    16.040   -25.746     0.195   261.539   279.163    55.757   962.063    32.125   204.835
    32.500     3.038     2.884    14.208    16.017   -25.766     0.194   261.531   279.221    55.740   962.111    32.375   204.813
    32.750     3.072     2.893    14.183    15.994   -25.789     0.191   261.526   278.346    55.720   962.153    32.625   204.794
    33.000     3.032     2.892    14.161    15.972   -25.831     0.198   261.518   279.261    55.700   962.173    32.875   204.775
    33.250     3.019     2.848    14.137    15.950   -25.868     0.195   261.511   279.150    55.693   962.219    33.125   204.755
    33.500     3.063     2.890    14.115    15.928   -25.915     0.197   261.505   278.310    55.677   962.220    33.375   204.736
    33.750     2.995     2.846    14.092    15.906   -25.963     0.208   261.498   278.931    55.669   962.258    33.625   204.716
    34.000     3.049     2.884    14.069    15.883   -26.018     0.221   261.489   278.926    55.653   962.273    33.875   204.702
    34.250     3.035     2.885    14.047    15.861   -26.082     0.222   261.484   278.284    55.632   962.265    34.125   204.682
    34.500     3.034     2.881    14.022    15.838   -26.129     0.218   261.476   278.912    55.624   962.321    34.375   204.664
    34.750     3.016     2.881    14.000    15.816   -26.169     0.205   261.468   278.988    55.608   962.314    34.625   204.641
    35.000     3.006     2.867    13.975    15.793   -26.190     0.202   261.461   278.732    55.601   962.356    34.875   204.618
    35.250     2.974     2.835    13.952    15.770   -26.222     0.206   261.457   278.721    55.589   962.378    35.125   204.599
    35.500     3.012     2.876    13.931    15.748   -26.264     0.205   261.451   278.646    55.561   962.365    35.375   204.584
    35.750     3.016     2.872    13.905    15.725   -26.296     0.198   261.443   278.795    55.551   962.429    35.625   204.564
    36.000     2.999     2.871    13.882    15.702   -26.325     0.196   261.439   277.856    55.536   962.449    35.875   204.545
    36.250     2.991     2.868    13.858    15.680   -26.368     0.199   261.431   278.618    55.522   962.485    36.125   204.523
    36.500     3.002     2.867    13.835    15.657   -26.398     0.202   261.424   278.665    55.508   962.501    36.375   204.502
    36.750     2.970     2.822    13.810    15.635   -26.441     0.209   261.420   278.484    55.498   962.547    36.625   204.481
    37.000     3.029     2.861    13.787    15.613   -26.494     0.217   261.415   277.834    55.479   962.571    36.875   204.463
    37.250     2.967     2.860    13.766    15.591   -26.554     0.211   261.408   277.823    55.462   962.572    37.125   204.442
    37.500     2.992     2.846    13.741    15.569   -26.583     0.192   261.400   278.496    55.453   962.614    37.375   204.423
    37.750     2.985     2.857    13.721    15.547   -26.604     0.192   261.393   278.580    55.427   962.604    37.625   204.405
    38.000     2.990     2.843    13.696    15.525   -26.632     0.184   261.386   278.553    55.424   962.652    37.875   204.384
    38.250     2.984     2.852    13.673    15.503   -26.659     0.180   261.380   278.484    55.410   962.677    38.125   204.365
    38.500     2.963     2.851    13.650    15.481   -26.691     0.186   261.374   278.380    55.400   962.699    38.375   204.343
    38.750     2.943     2.851    13.629    15.458   -26.733     0.196   261.368   278.321    55.380   962.699    38.625   204.326
    39.000     2.984     2.848    13.603    15.436   -26.776     0.190   261.363   278.192    55.369   962.747    38.875   204.308
    39.250     2.955     2.846    13.580    15.414   -26.825     0.197   261.358   277.274    55.358   962.774    39.125   204.287
    39.500     2.974     2.844    13.556    15.393   -26.866     0.201   261.350   278.197    55.343   962.791    39.375   204.270
    39.750     2.971     2.829    13.532    15.371   -26.913     0.191   261.345   277.971    55.334   962.841    39.625   204.250
    40.000     2.958     2.840    13.512    15.349   -26.949     0.186   261.338   277.997    55.309   962.823    39.875   204.233
    40.250     2.970     2.836    13.487    15.328   -26.972     0.186   261.333   277.930    55.304   962.875    40.125   204.215
    40.500     2.951     2.835    13.465    15.306   -27.012     0.185   261.325   278.101    55.286   962.888    40.375   204.195
    40.750     2.936     2.791    13.440    15.284   -27.043     0.180   261.319   278.058    55.280   962.939    40.625   204.177
    41.000     2.966     2.832    13.419    15.263   -27.079     0.179   261.313   278.016    55.263   962.939    40.875   204.156
    41.250     2.929     2.830    13.396    15.241   -27.112     0.179   261.307   277.921    55.253   962.956    41.125   204.136
    41.500     2.938     2.829    13.373    15.220   -27.144     0.179   261.301   277.775    55.242   962.974    41.375   204.116
    41.750     2.936     2.800    13.348    15.198   -27.182     0.179   261.295   277.742    55.234   963.031    41.625   204.096
    42.000     2.955     2.824    13.327    15.176   -27.219     0.193   261.289   277.771    55.215   963.035    41.875   204.080
    42.250     2.938     2.822    13.304    15.155   -27.275     0.185   261.284   277.280    55.198   963.052    42.125   204.059
    42.500     2.950     2.818    13.280    15.134   -27.306     0.183   261.277   277.716    55.190   963.110    42.375   204.040
    42.750     2.910     2.776    13.258    15.112   -27.342     0.178   261.270   277.663    55.178   963.131    42.625   204.020
    43.000     2.953     2.815    13.237    15.091   -27.372     0.181   261.265   277.567    55.162   963.142    42.875   204.003
    43.250     2.911     2.772    13.214    15.070   -27.407     0.176   261.259   277.557    55.151   963.184    43.125   203.982
    43.500     2.940     2.813    13.193    15.049   -27.440     0.173   261.252   277.495    55.137   963.179    43.375   203.962
    43.750     2.920     2.800    13.170    15.028   -27.476     0.177   261.246   277.453    55.127   963.220    43.625   203.944
    44.000     2.929     2.810    13.149    15.007   -27.512     0.175   261.240   277.493    55.109   963.225    43.875   203.926
    44.250     2.923     2.808    13.128    14.986   -27.551     0.173   261.234   277.485    55.091   963.241    44.125   203.908
    44.500     2.936     2.794    13.103    14.965   -27.577     0.168   261.228   277.296    55.085   963.310    44.375   203.892
    44.750     2.905     2.805    13.083    14.944   -27.617     0.173   261.224   276.441    55.068   963.311    44.625   203.873
    45.000     2.925     2.801    13.060    14.923   -27.654     0.171   261.216   277.227    55.059   963.357    44.875   203.854
    45.250     2.913     2.790    13.037    14.902   -27.683     0.171   261.209   277.175    55.045   963.383    45.125   203.838
    45.500     2.931     2.788    13.015    14.881   -27.722     0.188   261.203   277.292    55.029   963.429    45.375   203.822
    45.750     2.906     2.796    12.995    14.860   -27.781     0.185   261.200   276.443    55.013   963.426    45.625   203.802
    46.000     2.880     2.753    12.973    14.839   -27.815     0.177   261.194   276.503    54.999   963.464    45.875   203.784
    46.250     2.930     2.782    12.951    14.819   -27.842     0.167   261.186   277.274    54.987   963.486    46.125   203.766
    46.500     2.893     2.790    12.929    14.798   -27.869     0.161   261.179   277.202    54.977   963.512    46.375   203.746
    46.750     2.888     2.765    12.908    14.777   -27.890     0.159   261.173   277.133    54.966   963.527    46.625   203.726
    47.000     2.896     2.777    12.885    14.757   -27.921     0.167   261.168   276.985    54.953   963.562    46.875   203.711
    47.250     2.896     2.789    12.866    14.736   -27.965     0.181   261.164   276.151    54.927   963.566    47.125   203.695
    47.500     2.906     2.786    12.843    14.715   -28.006     0.167   261.156   277.091    54.919   963.608    47.375   203.677
    47.750     2.909     2.782    12.821    14.695   -28.044     0.157   261.148   277.017    54.906   963.646    47.625   203.657
    48.000     2.875     2.783    12.800    14.674   -28.060     0.156   261.143   276.951    54.898   963.660    47.875   203.637
    48.250     2.859     2.770    12.778    14.654   -28.098     0.165   261.138   276.764    54.889   963.698    48.125   203.620
    48.500     2.881     2.781    12.758    14.633   -28.135     0.170   261.132   276.803    54.869   963.705    48.375   203.603
    48.750     2.878     2.779    12.737    14.612   -28.181     0.167   261.127   276.615    54.852   963.717    48.625   203.585
    49.000     2.894     2.764    12.713    14.592   -28.217     0.165   261.120   276.651    54.846   963.785    48.875   203.567
    49.250     2.877     2.775    12.694    14.571   -28.256     0.164   261.114   276.531    54.820   963.775    49.125   203.554
    49.500     2.893     2.770    12.670    14.551   -28.285     0.166   261.107   276.542    54.815   963.842    49.375   203.537
    49.750     2.866     2.758    12.649    14.531   -28.324     0.162   261.102   276.555    54.802   963.869    49.625   203.517
    50.000     2.865     2.757    12.628    14.511   -28.353     0.161   261.096   276.562    54.789   963.891    49.875   203.501
    50.250     2.881     2.764    12.606    14.490   -28.385     0.158   261.091   276.371    54.773   963.924    50.125   203.486
    50.500     2.867     2.754    12.585    14.470   -28.413     0.154   261.086   275.570    54.757   963.950    50.375   203.470
    50.750     2.852     2.737    12.564    14.450   -28.446     0.158   261.079   276.490    54.747   963.988    50.625   203.453
    51.000     2.885     2.760    12.543    14.430   -28.480     0.155   261.073   276.336    54.731   964.005    50.875   203.437
    51.250     2.855     2.759    12.522    14.410   -28.514     0.156   261.066   276.452    54.717   964.027    51.125   203.419
    51.500     2.852     2.760    12.502    14.389   -28.548     0.154   261.061   276.452    54.702   964.046    51.375   203.400
    51.750     2.839     2.714    12.479    14.369   -28.569     0.160   261.057   276.167    54.694   964.096    51.625   203.386
    52.000     2.868     2.744    12.458    14.349   -28.623     0.173   261.051   276.306    54.679   964.128    51.875   203.370
    52.250     2.867     2.754    12.439    14.329   -28.674     0.170   261.044   276.443    54.657   964.135    52.125   203.355
    52.500     2.855     2.741    12.418    14.310   -28.702     0.159   261.040   275.672    54.649   964.180    52.375   203.336
    52.750     2.845     2.747    12.396    14.290   -28.733     0.153   261.032   276.258    54.640   964.203    52.625   203.317
    53.000     2.851     2.746    12.376    14.270   -28.750     0.146   261.027   276.170    54.625   964.213    52.875   203.303
    53.250     2.837     2.744    12.355    14.250   -28.778     0.149   261.021   276.152    54.613   964.258    53.125   203.289
    53.500     2.853     2.734    12.333    14.230   -28.809     0.143   261.014   276.177    54.599   964.291    53.375   203.272
    53.750     2.828     2.733    12.313    14.211   -28.835     0.143   261.009   276.141    54.588   964.321    53.625   203.254
    54.000     2.838     2.745    12.294    14.191   -28.864     0.145   261.004   275.611    54.570   964.320    53.875   203.238
    54.250     2.833     2.731    12.272    14.170   -28.896     0.147   260.997   276.044    54.561   964.365    54.125   203.222
    54.500     2.827     2.740    12.252    14.151   -28.937     0.152   260.992   275.960    54.549   964.385    54.375   203.204
    54.750     2.817     2.741    12.231    14.131   -28.974     0.156   260.986   275.810    54.536   964.393    54.625   203.187
    55.000     2.834     2.740    12.211    14.111   -29.029     0.158   260.982   275.903    54.520   964.417    54.875   203.172
    55.250     2.848     2.733    12.189    14.091   -29.063     0.149   260.976   275.807    54.508   964.479    55.125   203.155
    55.500     2.833     2.731    12.168    14.071   -29.085     0.149   260.971   275.695    54.493   964.497    55.375   203.140
    55.750     2.815     2.719    12.147    14.052   -29.118     0.147   260.963   275.769    54.481   964.522    55.625   203.123
    56.000     2.827     2.685    12.126    14.032   -29.146     0.153   260.958   275.694    54.464   964.562    55.875   203.111
    56.250     2.846     2.723    12.105    14.013   -29.192     0.151   260.952   275.731    54.449   964.591    56.125   203.097
    56.500     2.825     2.713    12.085    13.994   -29.224     0.144   260.945   275.810    54.434   964.619    56.375   203.081
    56.750     2.840     2.712    12.064    13.974   -29.243     0.144   260.940   275.738    54.421   964.655    56.625   203.068
    57.000     2.805     2.719    12.044    13.955   -29.276     0.148   260.933   275.747    54.408   964.668    56.875   203.054
    57.250     2.838     2.723    12.025    13.936   -29.315     0.144   260.926   275.828    54.390   964.686    57.125   203.038
    57.500     2.817     2.722    12.005    13.917   -29.349     0.143   260.920   275.778    54.378   964.705    57.375   203.021
    57.750     2.809     2.722    11.985    13.897   -29.377     0.145   260.916   274.916    54.370   964.735    57.625   203.004
    58.000     2.811     2.720    11.965    13.878   -29.425     0.152   260.909   275.668    54.357   964.752    57.875   202.988
    58.250     2.782     2.706    11.945    13.859   -29.464     0.141   260.904   275.703    54.345   964.792    58.125   202.971
    58.500     2.788     2.703    11.925    13.840   -29.508     0.127   260.904   276.499    54.338   964.857    58.375   202.955
    58.750     2.832     2.717    11.903    13.820   -29.522     0.110   260.896   276.289    54.325   964.890    58.625   202.939
    59.000     2.777     2.719    11.883    13.800   -29.482     0.103   260.892   275.809    54.315   964.916    58.875   202.923
    59.250     2.731     2.724    11.865    13.781   -29.455     0.114   260.888   275.366    54.310   964.912    59.125   202.906
    59.500     2.774     2.724    11.842    13.759   -29.491     0.138   260.883   275.474    54.312   964.954    59.375   202.889
    59.750     2.761     2.720    11.822    13.738   -29.589     0.168   260.880   275.323    54.292   964.971    59.625   202.873
    60.000     2.829     2.713    11.800    13.717   -29.686     0.161   260.874   275.403    54.263   965.001    59.875   202.857
    60.250     2.869     2.700    11.777    13.698   -29.744     0.145   260.864   275.263    54.236   965.045    60.125   202.841
    60.500     2.778     2.690    11.759    13.680   -29.788     0.132   260.860   275.633    54.219   965.055    60.375   202.826
    60.750     2.728     2.688    11.743    13.662   -29.845     0.115   260.860   276.452    54.210   965.095    60.625   202.812
    61.000     2.828     2.689    11.719    13.643   -29.853     0.097   260.857   276.396    54.209   965.180    60.875   202.796
    61.250     2.766     2.706    11.697    13.623   -29.819     0.081   260.851   276.350    54.204   965.205    61.125   202.779
    61.500     2.765     2.710    11.676    13.603   -29.743     0.075   260.845   275.317    54.198   965.241    61.375   202.762
    61.750     2.213     2.838    11.687    13.570   -29.740     0.106   260.865   273.475    54.245   965.152    61.625   202.740
    62.000     2.169     2.866    11.678    13.530   -29.798     0.143   260.883   272.701    54.239   965.129    61.875   202.718
    62.250     2.504     2.824    11.639    13.485   -29.903     0.164   260.900   272.693    54.178   965.293    62.125   202.695
    62.500     2.692     2.762    11.592    13.447   -30.045     0.172   260.905   273.028    54.062   965.471    62.375   202.676
    62.750     2.931     2.735    11.548    13.418   -30.151     0.145   260.912   273.659    53.935   965.673    62.625   202.659
    63.000     2.962     2.705    11.516    13.397   -30.222     0.120   260.904   274.839    53.839   965.830    62.875   202.646
    63.250     2.867     2.693    11.494    13.382   -30.257     0.098   260.899   275.192    53.793   965.901    63.125   202.634
    63.500     2.802     2.694    11.478    13.369   -30.261     0.080   260.895   275.893    53.784   965.956    63.375   202.621
    63.750     2.823     2.716    11.459    13.352   -30.240     0.066   260.879   276.477    53.795   966.077    63.625   202.607
    64.000     2.912     2.712    11.432    13.330   -30.164     0.054   260.865   276.064    53.804   966.249    63.875   202.590
    64.250     2.692     2.702    11.413    13.309   -30.063     0.051   260.864   274.529    53.806   966.273    64.125   202.573
    64.500     2.597     2.622    11.392    13.287   -29.962     0.073   260.861   273.104    53.827   966.255    64.375   202.556
    64.750     2.476     2.635    11.383    13.266   -30.036     0.129   260.872   272.640    53.830   966.146    64.625   202.540
    65.000     2.685     2.761    11.363    13.239   -30.168     0.160   260.874   272.212    53.807   966.136    64.875   202.568
    65.250     2.803     2.732    11.333    13.214   -30.325     0.171   260.871   272.087    53.745   966.167    65.125   202.567
    65.500     2.890     2.701    11.306    13.194   -30.460     0.149   260.857   272.822    53.676   966.194    65.375   202.527
    65.750     2.914     2.673    11.283    13.180   -30.550     0.125   260.860   273.866    53.626   966.227    65.625   202.487
    66.000     2.875     2.663    11.268    13.170   -30.598     0.103   260.854   274.468    53.600   966.247    65.875   202.472
    66.250     2.797     2.664    11.258    13.161   -30.614     0.084   260.849   275.015    53.596   966.252    66.125   202.461
    66.500     2.769     2.673    11.247    13.150   -30.605     0.069   260.845   275.632    53.597   966.321    66.375   202.501
    66.750     2.886     2.698    11.226    13.133   -30.558     0.056   260.824   276.235    53.580   966.577    66.625   202.650
    67.000     2.899     2.699    11.201    13.112   -30.468     0.047   260.812   275.648    53.553   966.838    66.875   202.783
    67.250     2.696     2.691    11.183    13.091   -30.362     0.047   260.809   274.058    53.538   966.923    67.125   202.840
    67.500     2.524     2.610    11.168    13.070   -30.280     0.076   260.809   271.924    53.537   966.879    67.375   202.864
    67.750     2.419     2.625    11.159    13.048   -30.359     0.131   260.823   271.741    53.536   966.791    67.625   202.916
    68.000     2.677     2.753    11.137    13.021   -30.480     0.165   260.824   271.284    53.500   966.787    67.875   202.958
    68.250     2.796     2.584    11.107    12.995   -30.654     0.162   260.818   271.622    53.429   966.827    68.125   202.943
    68.500     2.877     2.664    11.081    12.978   -30.801     0.139   260.805   272.292    53.377   966.762    68.375   202.854
    68.750     2.803     2.649    11.065    12.967   -30.908     0.116   260.813   273.307    53.336   966.692    68.625   202.805
    69.000     2.804     2.646    11.052    12.959   -30.966     0.095   260.809   273.959    53.315   966.674    68.875   202.780
    69.250     2.768     2.647    11.043    12.952   -30.979     0.078   260.805   274.511    53.309   966.684    69.125   202.777
    69.500     2.750     2.657    11.032    12.942   -30.963     0.064   260.802   275.118    53.309   966.770    69.375   202.825
    69.750     2.896     2.684    11.012    12.927   -30.908     0.052   260.779   275.734    53.294   967.049    69.625   202.972
    70.000     2.991     2.682    10.984    12.905   -30.817     0.044   260.762   275.940    53.259   967.423    69.875   203.128
    70.250     2.819     2.674    10.962    12.882   -30.706     0.040   260.754   274.476    53.244   967.623    70.125   203.193
    70.500     2.624     2.694    10.944    12.860   -30.605     0.056   260.751   272.775    53.246   967.647    70.375   203.206
    70.750     2.342     2.609    10.935    12.840   -30.618     0.109   260.763   271.188    53.263   967.479    70.625   203.183
    71.000     2.476     2.614    10.921    12.815   -30.751     0.148   260.774   270.477    53.250   967.368    70.875   203.183
    71.250     2.698     2.721    10.897    12.789   -30.947     0.181   260.768   270.832    53.201   967.303    71.125   203.173
    71.500     2.833     2.672    10.869    12.768   -31.129     0.162   260.759   271.107    53.132   967.252    71.375   203.115
    71.750     2.764     2.633    10.850    12.756   -31.267     0.135   260.765   272.144    53.076   967.169    71.625   203.077
    72.000     2.768     2.631    10.838    12.749   -31.352     0.109   260.764   272.933    53.048   967.116    71.875   203.045
    72.250     2.761     2.626    10.829    12.744   -31.370     0.088   260.761   273.417    53.034   967.094    72.125   203.017
    72.500     2.741     2.632    10.821    12.738   -31.356     0.070   260.758   274.112    53.036   967.124    72.375   203.029
    72.750     2.745     2.646    10.811    12.729   -31.315     0.057   260.754   274.666    53.041   967.251    72.625   203.096
    73.000     3.037     2.673    10.783    12.710   -31.224     0.047   260.723   275.369    53.011   967.672    72.875   203.289
    73.250     2.968     2.674    10.756    12.687   -31.119     0.040   260.708   275.260    52.987   968.032    73.125   203.407
    73.500     2.760     2.659    10.735    12.664   -31.017     0.038   260.701   274.110    52.983   968.196    73.375   203.446
    73.750     2.636     2.686    10.716    12.640   -30.926     0.056   260.696   272.118    52.982   968.240    73.625   203.447
    74.000     2.268     2.779    10.717    12.620   -30.968     0.110   260.711   269.790    52.984   967.912    73.875   203.340
    74.250     2.459     2.775    10.702    12.594   -31.078     0.139   260.722   269.089    52.971   967.788    74.125   203.308
    74.500     2.723     2.558    10.666    12.567   -31.226     0.147   260.715   270.315    52.938   967.862    74.375   203.305
    74.750     2.873     2.627    10.639    12.549   -31.412     0.134   260.701   271.026    52.870   967.774    74.625   203.223
    75.000     2.668     2.618    10.628    12.542   -31.560     0.116   260.713   271.785    52.834   967.570    74.875   203.157
    75.250     2.744     2.609    10.618    12.538   -31.652     0.096   260.712   272.386    52.811   967.501    75.125   203.129
    75.500     2.741     2.605    10.612    12.536   -31.682     0.079   260.709   273.075    52.800   967.464    75.375   203.105
    75.750     2.731     2.615    10.605    12.532   -31.673     0.064   260.705   273.811    52.809   967.494    75.625   203.126
    76.000     2.772     2.646    10.594    12.524   -31.633     0.052   260.686   274.445    52.817   967.655    75.875   203.214
    76.250     3.044     2.658    10.566    12.504   -31.544     0.043   260.665   275.135    52.785   968.094    76.125   203.408
    76.500     2.966     2.662    10.540    12.481   -31.442     0.037   260.651   275.035    52.764   968.466    76.375   203.522
    76.750     2.716     2.628    10.521    12.459   -31.343     0.035   260.643   273.876    52.765   968.622    76.625   203.549
    77.000     2.632     2.677    10.501    12.433   -31.258     0.051   260.639   271.877    52.763   968.682    76.875   203.551
    77.250     2.224     2.584    10.495    12.413   -31.292     0.100   260.653   269.931    52.779   968.423    77.125   203.466
    77.500     2.444     2.585    10.477    12.387   -31.409     0.133   260.666   269.199    52.766   968.311    77.375   203.441
    77.750     2.671     2.689    10.454    12.362   -31.598     0.169   260.665   269.435    52.717   968.202    77.625   203.383
    78.000     2.774     2.634    10.426    12.344   -31.781     0.156   260.653   269.996    52.654   968.137    77.875   203.322
    78.250     2.678     2.607    10.412    12.335   -31.935     0.132   260.662   270.897    52.603   967.996    78.125   203.294
    78.500     2.731     2.595    10.403    12.331   -32.030     0.107   260.660   271.726    52.573   967.930    78.375   203.273
    78.750     2.733     2.589    10.396    12.329   -32.054     0.085   260.657   272.181    52.558   967.896    78.625   203.255
    79.000     2.711     2.597    10.391    12.327   -32.032     0.068   260.653   272.882    52.564   967.913    78.875   203.272
    79.250     2.717     2.612    10.383    12.320   -31.984     0.056   260.634   273.491    52.576   968.032    79.125   203.341
    79.500     2.992     2.641    10.358    12.303   -31.892     0.046   260.617   274.130    52.554   968.428    79.375   203.509
    79.750     3.008     2.643    10.330    12.280   -31.791     0.039   260.600   274.727    52.524   968.850    79.625   203.639
    80.000     2.804     2.670    10.312    12.258   -31.700     0.036   260.587   273.596    52.512   969.033    79.875   203.644
    80.250     2.573     2.659    10.293    12.234   -31.618     0.043   260.586   271.870    52.530   969.088    80.125   203.645
    80.500     2.347     2.685    10.287    12.213   -31.610     0.085   260.595   269.473    52.527   968.880    80.375   203.550
    80.750     2.383     2.738    10.275    12.191   -31.698     0.118   260.607   268.407    52.536   968.656    80.625   203.474
    81.000     2.546     2.534    10.248    12.167   -31.839     0.139   260.612   268.992    52.528   968.618    80.875   203.437
    81.250     2.725     2.612    10.224    12.148   -32.030     0.135   260.602   269.623    52.472   968.502    81.125   203.356
    81.500     2.710     2.588    10.207    12.138   -32.178     0.116   260.609   270.531    52.409   968.386    81.375   203.326
    81.750     2.686     2.583    10.199    12.135   -32.284     0.096   260.609   271.282    52.375   968.281    81.625   203.308
    82.000     2.737     2.573    10.193    12.134   -32.322     0.078   260.604   271.966    52.356   968.251    81.875   203.298
    82.250     2.705     2.580    10.188    12.132   -32.313     0.064   260.600   272.477    52.360   968.258    82.125   203.316
    82.500     2.708     2.595    10.181    12.127   -32.275     0.052   260.580   273.097    52.370   968.367    82.375   203.381
    82.750     2.941     2.625    10.159    12.112   -32.195     0.044   260.564   273.696    52.358   968.718    82.625   203.528
    83.000     3.008     2.637    10.132    12.090   -32.099     0.037   260.547   274.255    52.327   969.146    82.875   203.663
    83.250     2.886     2.651    10.109    12.066   -32.001     0.033   260.530   273.814    52.313   969.413    83.125   203.689
    83.500     2.581     2.643    10.092    12.044   -31.917     0.041   260.526   271.815    52.325   969.470    83.375   203.673
    83.750     2.349     2.652    10.081    12.025   -31.908     0.079   260.534   269.811    52.343   969.283    83.625   203.594
    84.000     2.322     2.545    10.066    12.007   -32.022     0.113   260.547   268.559    52.375   969.038    83.875   203.529
    84.250     2.553     2.516    10.045    11.984   -32.193     0.150   260.544   268.679    52.364   968.894    84.125   203.479
    84.500     2.600     2.617    10.028    11.966   -32.374     0.154   260.543   268.822    52.324   968.722    84.375   203.398
    84.750     2.651     2.591    10.012    11.953   -32.526     0.133   260.555   269.659    52.251   968.666    84.625   203.397
    85.000     2.671     2.574    10.004    11.947   -32.631     0.109   260.556   270.460    52.197   968.614    84.875   203.378
    85.250     2.709     2.562     9.997    11.946   -32.673     0.087   260.552   271.118    52.167   968.594    85.125   203.362
    85.500     2.686     2.568     9.992    11.945   -32.657     0.070   260.549   271.638    52.165   968.606    85.375   203.381
    85.750     2.693     2.582     9.984    11.939   -32.608     0.057   260.529   272.274    52.172   968.718    85.625   203.447
    86.000     2.876     2.613     9.965    11.925   -32.524     0.047   260.516   272.843    52.163   969.035    85.875   203.573
    86.250     2.983     2.624     9.938    11.904   -32.423     0.040   260.499   273.424    52.132   969.451    86.125   203.695
    86.500     2.921     2.634     9.912    11.879   -32.313     0.035   260.482   273.339    52.118   969.781    86.375   203.732
    86.750     2.542     2.628     9.898    11.857   -32.249     0.039   260.479   271.570    52.127   969.797    86.625   203.699
    87.000     2.458     2.518     9.880    11.837   -32.203     0.070   260.480   269.795    52.136   969.726    86.875   203.637
    87.250     2.278     2.523     9.868    11.823   -32.298     0.104   260.487   269.149    52.183   969.408    87.125   203.546
    87.500     2.511     2.549     9.852    11.804   -32.460     0.131   260.495   268.706    52.190   969.243    87.375   203.501
    87.750     2.594     2.602     9.833    11.785   -32.625     0.150   260.490   268.333    52.172   969.070    87.625   203.420
    88.000     2.587     2.580     9.818    11.771   -32.776     0.134   260.504   269.075    52.105   968.971    87.875   203.384
    88.250     2.643     2.557     9.810    11.765   -32.893     0.111   260.505   269.875    52.039   968.911    88.125   203.370
    88.500     2.729     2.550     9.803    11.762   -32.948     0.089   260.501   270.754    51.995   968.919    88.375   203.367
    88.750     2.689     2.553     9.799    11.761   -32.943     0.071   260.497   271.124    51.984   968.926    88.625   203.384
    89.000     2.688     2.566     9.793    11.757   -32.901     0.058   260.476   271.772    51.988   969.017    88.875   203.442
    89.250     2.740     2.601     9.780    11.747   -32.834     0.048   260.470   272.252    51.988   969.237    89.125   203.542
    89.500     2.976     2.609     9.754    11.726   -32.734     0.040   260.450   272.859    51.955   969.662    89.375   203.678
    89.750     2.919     2.620     9.728    11.702   -32.630     0.035   260.435   272.843    51.936   970.018    89.625   203.725
    90.000     2.643     2.608     9.711    11.680   -32.557     0.035   260.427   271.748    51.937   970.112    89.875   203.700
    90.250     2.531     2.610     9.694    11.659   -32.500     0.057   260.420   270.159    51.942   970.067    90.125   203.641
    90.500     2.243     2.648     9.686    11.649   -32.557     0.087   260.433   267.907    51.993   969.696    90.375   203.534
    90.750     2.439     2.660     9.671    11.632   -32.684     0.117   260.441   267.682    52.032   969.477    90.625   203.472
    91.000     2.500     2.596     9.651    11.615   -32.844     0.133   260.445   268.025    52.047   969.334    90.875   203.417
    91.250     2.515     2.579     9.637    11.600   -33.019     0.121   260.457   268.766    51.997   969.186    91.125   203.364
    91.500     2.630     2.552     9.628    11.591   -33.148     0.102   260.460   269.457    51.903   969.133    91.375   203.344
    91.750     2.694     2.542     9.621    11.588   -33.214     0.082   260.456   270.309    51.847   969.134    91.625   203.341
    92.000     2.691     2.542     9.617    11.587   -33.213     0.066   260.451   270.905    51.826   969.157    91.875   203.357
    92.250     2.685     2.554     9.612    11.584   -33.172     0.054   260.431   271.394    51.825   969.254    92.125   203.412
    92.500     2.696     2.571     9.601    11.574   -33.109     0.045   260.423   271.882    51.824   969.461    92.375   203.502
    92.750     2.980     2.599     9.575    11.554   -33.009     0.038   260.404   272.468    51.792   969.898    92.625   203.642
    93.000     2.928     2.609     9.548    11.530   -32.907     0.034   260.389   272.644    51.769   970.283    92.875   203.699
    93.250     2.699     2.588     9.529    11.507   -32.834     0.032   260.376   271.869    51.761   970.412    93.125   203.674
    93.500     2.586     2.588     9.505    11.488   -32.755     0.048   260.370   270.194    51.792   970.443    93.375   203.647
    93.750     2.246     2.588     9.495    11.479   -32.818     0.078   260.381   268.225    51.851   970.086    93.625   203.546
    94.000     2.337     2.489     9.481    11.466   -32.962     0.109   260.387   267.935    51.902   969.804    93.875   203.484
    94.250     2.512     2.564     9.466    11.449   -33.114     0.131   260.388   267.544    51.908   969.594    94.125   203.410
    94.500     2.480     2.573     9.452    11.433   -33.266     0.124   260.401   268.391    51.906   969.455    94.375   203.357
    94.750     2.610     2.547     9.444    11.421   -33.386     0.106   260.408   268.934    51.782   969.430    94.625   203.320
    95.000     2.704     2.534     9.437    11.416   -33.455     0.086   260.404   269.854    51.704   969.465    94.875   203.320
    95.250     2.693     2.531     9.432    11.413   -33.466     0.069   260.398   270.484    51.665   969.502    95.125   203.339
    95.500     2.686     2.540     9.427    11.409   -33.434     0.056   260.377   271.026    51.657   969.595    95.375   203.394
    95.750     2.689     2.557     9.417    11.401   -33.378     0.046   260.369   271.548    51.652   969.780    95.625   203.478
    96.000     2.879     2.586     9.396    11.382   -33.291     0.039   260.354   272.086    51.627   970.150    95.875   203.599
    96.250     2.911     2.592     9.370    11.359   -33.191     0.033   260.338   272.338    51.601   970.531    96.125   203.651
    96.500     2.721     2.532     9.346    11.338   -33.101     0.031   260.326   271.682    51.606   970.700    96.375   203.636
    96.750     2.568     2.569     9.325    11.322   -33.032     0.045   260.317   270.259    51.640   970.681    96.625   203.597
    97.000     2.233     2.577     9.320    11.314   -33.084     0.072   260.327   267.738    51.696   970.299    96.875   203.494
    97.250     2.345     2.612     9.308    11.301   -33.200     0.102   260.338   266.611    51.760   969.994    97.125   203.429
    97.500     2.407     2.516     9.290    11.287   -33.356     0.119   260.341   267.381    51.793   969.808    97.375   203.374
    97.750     2.471     2.554     9.277    11.271   -33.531     0.113   260.353   268.153    51.779   969.644    97.625   203.314
    98.000     2.536     2.539     9.272    11.259   -33.666     0.098   260.363   268.636    51.658   969.592    97.875   203.282
    98.250     2.651     2.528     9.267    11.253   -33.736     0.080   260.362   269.504    51.570   969.620    98.125   203.281
    98.500     2.682     2.524     9.262    11.251   -33.738     0.064   260.357   270.136    51.527   969.680    98.375   203.304
    98.750     2.677     2.535     9.257    11.246   -33.698     0.052   260.336   270.682    51.512   969.801    98.625   203.361
    99.000     2.683     2.551     9.247    11.236   -33.636     0.043   260.327   271.208    51.502   970.019    98.875   203.446
    99.250     2.905     2.580     9.223    11.217   -33.542     0.036   260.311   271.766    51.468   970.432    99.125   203.570
    99.500     2.913     2.575     9.196    11.193   -33.440     0.032   260.295   272.067    51.443   970.820    99.375   203.617
    99.750     2.719     2.587     9.175    11.175   -33.361     0.030   260.279   271.629    51.449   970.943    99.625   203.589
   100.000     2.527     2.558     9.152    11.159   -33.292     0.039   260.275   269.929    51.508   970.939    99.875   203.571
   100.250     2.284     2.567     9.143    11.150   -33.336     0.063   260.280   267.506    51.554   970.619   100.125   203.479
   100.500     2.256     2.615     9.134    11.140   -33.442     0.093   260.292   266.254    51.625   970.229   100.375   203.399
   100.750     2.418     2.519     9.115    11.126   -33.579     0.112   260.296   266.957    51.666   970.065   100.625   203.347
   101.000     2.464     2.540     9.101    11.111   -33.746     0.110   260.295   267.549    51.659   969.891   100.875   203.286
   101.250     2.484     2.536     9.095    11.099   -33.894     0.098   260.320   267.985    51.567   969.814   101.125   203.257
   101.500     2.612     2.522     9.092    11.092   -33.983     0.082   260.321   268.846    51.452   969.825   101.375   203.239
   101.750     2.685     2.513     9.089    11.089   -33.999     0.066   260.315   269.521    51.393   969.893   101.625   203.257
   102.000     2.674     2.522     9.085    11.085   -33.969     0.054   260.292   270.131    51.371   970.007   101.875   203.307
   102.250     2.676     2.537     9.077    11.077   -33.911     0.044   260.285   270.701    51.359   970.211   102.125   203.385
   102.500     2.836     2.567     9.057    11.059   -33.823     0.037   260.271   271.248    51.332   970.580   102.375   203.496
   102.750     2.923     2.563     9.030    11.039   -33.721     0.032   260.254   271.746    51.308   970.973   102.625   203.561
   103.000     2.831     2.564     9.004    11.020   -33.627     0.034   260.233   271.617    51.313   971.199   102.875   203.554
   103.250     2.431     2.545     8.987    11.008   -33.594     0.038   260.233   270.001    51.383   971.115   103.125   203.524
   103.500     2.438     2.547     8.970    10.994   -33.577     0.055   260.230   267.675    51.426   970.961   103.375   203.466
   103.750     2.178     2.583     8.963    10.988   -33.665     0.081   260.242   266.208    51.501   970.521   103.625   203.376
   104.000     2.365     2.547     8.948    10.975   -33.777     0.105   260.248   266.391    51.549   970.289   103.875   203.316
   104.250     2.444     2.532     8.932    10.961   -33.933     0.110   260.245   266.997    51.566   970.115   104.125   203.254
   104.500     2.450     2.527     8.925    10.949   -34.092     0.101   260.271   267.391    51.507   970.007   104.375   203.208
   104.750     2.541     2.521     8.923    10.939   -34.203     0.085   260.277   268.185    51.377   970.006   104.625   203.188
   105.000     2.682     2.506     8.920    10.933   -34.241     0.070   260.273   268.873    51.283   970.097   104.875   203.195
   105.250     2.672     2.510     8.917    10.929   -34.223     0.056   260.250   269.534    51.243   970.206   105.125   203.234
   105.500     2.669     2.522     8.910    10.921   -34.171     0.046   260.240   270.161    51.223   970.390   105.375   203.302
   105.750     2.742     2.547     8.896    10.909   -34.095     0.039   260.234   270.658    51.207   970.673   105.625   203.391
   106.000     2.922     2.545     8.870    10.891   -33.993     0.033   260.214   271.245    51.189   971.059   105.875   203.471
   106.250     2.878     2.542     8.841    10.872   -33.886     0.029   260.192   271.498    51.201   971.358   106.125   203.486
   106.500     2.473     2.502     8.826    10.861   -33.850     0.034   260.188   270.040    51.256   971.294   106.375   203.451
   106.750     2.504     2.426     8.801    10.847   -33.801     0.048   260.176   268.595    51.320   971.262   106.625   203.427
   107.000     2.244     2.434     8.791    10.839   -33.886     0.074   260.188   266.909    51.383   970.892   106.875   203.347
   107.250     2.235     2.504     8.782    10.831   -33.993     0.102   260.195   265.854    51.447   970.479   107.125   203.267
   107.500     2.436     2.526     8.770    10.817   -34.132     0.115   260.197   266.393    51.468   970.300   107.375   203.207
   107.750     2.438     2.517     8.762    10.803   -34.281     0.107   260.218   266.879    51.432   970.208   107.625   203.148
   108.000     2.502     2.505     8.759    10.791   -34.403     0.092   260.226   267.636    51.318   970.210   107.875   203.131
   108.250     2.642     2.501     8.757    10.784   -34.465     0.075   260.224   268.529    51.189   970.299   108.125   203.125
   108.500     2.665     2.497     8.754    10.779   -34.464     0.060   260.202   269.211    51.128   970.404   108.375   203.156
   108.750     2.665     2.501     8.748    10.772   -34.424     0.049   260.193   269.708    51.103   970.555   108.625   203.217
   109.000     2.657     2.511     8.739    10.764   -34.361     0.040   260.189   270.213    51.097   970.757   108.875   203.290
   109.250     2.873     2.531     8.716    10.748   -34.265     0.034   260.171   270.778    51.085   971.117   109.125   203.381
   109.500     2.862     2.527     8.688    10.731   -34.162     0.030   260.150   271.011    51.096   971.430   109.375   203.406
   109.750     2.585     2.457     8.667    10.718   -34.093     0.032   260.139   270.176    51.144   971.492   109.625   203.386
   110.000     2.521     2.515     8.646    10.704   -34.036     0.041   260.130   268.770    51.207   971.445   109.875   203.363
   110.250     2.257     2.505     8.634    10.697   -34.094     0.064   260.137   267.143    51.271   971.137   110.125   203.294
   110.500     2.172     2.492     8.628    10.689   -34.198     0.091   260.148   265.597    51.337   970.708   110.375   203.215
   110.750     2.378     2.496     8.613    10.677   -34.327     0.108   260.155   266.030    51.371   970.503   110.625   203.163
   111.000     2.429     2.502     8.605    10.662   -34.489     0.103   260.169   266.575    51.346   970.387   110.875   203.109
   111.250     2.460     2.498     8.603    10.650   -34.620     0.089   260.180   267.219    51.243   970.364   111.125   203.086
   111.500     2.587     2.493     8.602    10.643   -34.692     0.074   260.181   268.076    51.109   970.433   111.375   203.077
   111.750     2.645     2.486     8.599    10.637   -34.697     0.060   260.160   268.769    51.035   970.550   111.625   203.105
   112.000     2.648     2.490     8.593    10.631   -34.663     0.049   260.151   269.285    51.003   970.703   111.875   203.161
   112.250     2.638     2.498     8.585    10.623   -34.600     0.040   260.149   269.810    50.994   970.901   112.125   203.230
   112.500     2.842     2.517     8.563    10.608   -34.506     0.034   260.132   270.387    50.985   971.246   112.375   203.318
   112.750     2.858     2.512     8.535    10.591   -34.404     0.030   260.109   270.714    50.993   971.572   112.625   203.351
   113.000     2.641     2.687     8.511    10.578   -34.325     0.034   260.094   270.028    51.038   971.695   112.875   203.338
   113.250     2.260     2.777     8.531    10.490   -34.339     0.046   260.120   267.837    50.738   972.251   113.125   203.362
   113.500     2.243     2.711     8.509    10.431   -34.361     0.077   260.138   265.382    50.513   972.432   113.375   203.304
   113.750     2.167     2.639     8.488    10.387   -34.436     0.099   260.165   264.456    50.373   972.429   113.625   203.239
   114.000     2.512     2.631     8.461    10.341   -34.565     0.116   260.172   264.920    50.174   972.593   113.875   203.175
   114.250     2.583     2.618     8.442    10.303   -34.723     0.110   260.176   265.456    49.979   972.767   114.125   203.115
   114.500     2.525     2.604     8.438    10.275   -34.858     0.096   260.201   266.013    49.792   972.915   114.375   203.101
   114.750     2.597     2.592     8.434    10.254   -34.928     0.078   260.208   266.786    49.612   973.083   114.625   203.119
   115.000     2.655     2.599     8.430    10.237   -34.928     0.063   260.212   267.331    49.466   973.316   114.875   203.154
   115.250     2.744     2.589     8.420    10.221   -34.870     0.050   260.190   267.991    49.353   973.616   115.125   203.209
   115.500     2.753     2.592     8.405    10.205   -34.784     0.041   260.181   268.620    49.284   973.934   115.375   203.279
   115.750     2.762     2.586     8.387    10.189   -34.691     0.034   260.176   269.106    49.243   974.266   115.625   203.345
   116.000     2.823     2.621     8.363    10.171   -34.594     0.030   260.168   269.478    49.222   974.599   115.875   203.374
   116.250     2.894     2.617     8.333    10.154   -34.493     0.028   260.142   269.376    49.225   974.817   116.125   203.356
   116.500     2.580     2.565     8.306    10.146   -34.422     0.037   260.134   267.484    49.322   974.770   116.375   203.334
   116.750     2.202     2.396     8.292    10.151   -34.483     0.061   260.141   265.605    49.468   974.334   116.625   203.269
   117.000     2.194     2.514     8.285    10.153   -34.580     0.089   260.155   264.039    49.593   973.832   116.875   203.199
   117.250     2.390     2.585     8.275    10.145   -34.714     0.112   260.160   264.364    49.635   973.536   117.125   203.128
   117.500     2.592     2.560     8.267    10.129   -34.852     0.110   260.155   264.983    49.590   973.499   117.375   203.062
   117.750     2.517     2.555     8.271    10.118   -34.986     0.097   260.177   265.487    49.511   973.465   117.625   203.018
   118.000     2.588     2.550     8.276    10.109   -35.070     0.080   260.181   266.322    49.396   973.503   117.875   203.033
   118.250     2.626     2.563     8.280    10.102   -35.092     0.064   260.184   266.896    49.301   973.609   118.125   203.062
   118.500     2.740     2.558     8.276    10.093   -35.049     0.051   260.159   267.630    49.222   973.825   118.375   203.112
   118.750     2.741     2.563     8.267    10.084   -34.975     0.041   260.148   268.319    49.178   974.067   118.625   203.175
   119.000     2.759     2.561     8.254    10.073   -34.889     0.034   260.143   268.853    49.154   974.351   118.875   203.244
   119.250     2.731     2.605     8.238    10.062   -34.802     0.030   260.135   269.228    49.162   974.596   119.125   203.271
   119.500     2.996     2.592     8.207    10.042   -34.685     0.027   260.109   269.491    49.150   974.929   119.375   203.272
   119.750     2.514     2.552     8.184    10.037   -34.627     0.033   260.101   267.562    49.259   974.825   119.625   203.246
   120.000     2.303     2.381     8.167    10.040   -34.649     0.054   260.102   265.658    49.389   974.500   119.875   203.194
   120.250     2.203     2.501     8.159    10.042   -34.753     0.080   260.114   264.061    49.520   974.003   120.125   203.131
   120.500     2.296     2.537     8.151    10.037   -34.878     0.109   260.120   264.049    49.589   973.633   120.375   203.063
   120.750     2.560     2.555     8.145    10.021   -35.012     0.111   260.117   264.696    49.544   973.578   120.625   203.007
   121.000     2.495     2.538     8.149    10.009   -35.155     0.098   260.141   265.057    49.464   973.544   120.875   202.958
   121.250     2.557     2.542     8.154    10.000   -35.250     0.082   260.147   265.859    49.347   973.573   121.125   202.971
   121.500     2.580     2.555     8.159     9.994   -35.289     0.066   260.151   266.621    49.252   973.641   121.375   202.995
   121.750     2.726     2.547     8.156     9.986   -35.248     0.052   260.127   267.341    49.166   973.860   121.625   203.043
   122.000     2.728     2.551     8.148     9.977   -35.175     0.042   260.117   267.908    49.119   974.101   121.875   203.104
   122.250     2.749     2.557     8.136     9.966   -35.086     0.035   260.112   268.464    49.095   974.387   122.125   203.174
   122.500     2.716     2.556     8.120     9.956   -34.997     0.031   260.104   268.858    49.099   974.643   122.375   203.210
   122.750     2.970     2.575     8.089     9.936   -34.878     0.027   260.080   269.192    49.089   975.008   122.625   203.222
   123.000     2.515     2.544     8.069     9.932   -34.855     0.037   260.071   267.450    49.191   974.881   122.875   203.191
   123.250     2.468     2.555     8.048     9.928   -34.830     0.049   260.064   265.318    49.283   974.684   123.125   203.148
   123.500     2.060     2.389     8.040     9.935   -34.895     0.072   260.079   264.101    49.448   974.170   123.375   203.090
   123.750     2.279     2.536     8.032     9.931   -35.009     0.097   260.090   263.645    49.526   973.778   123.625   203.025
   124.000     2.537     2.550     8.024     9.917   -35.150     0.102   260.090   264.352    49.495   973.685   123.875   202.962
   124.250     2.528     2.531     8.025     9.904   -35.291     0.093   260.106   264.748    49.419   973.663   124.125   202.909
   124.500     2.523     2.534     8.033     9.896   -35.393     0.079   260.113   265.501    49.312   973.661   124.375   202.906
   124.750     2.551     2.525     8.040     9.890   -35.442     0.065   260.117   266.251    49.215   973.705   124.625   202.924
   125.000     2.705     2.537     8.038     9.882   -35.412     0.052   260.096   266.943    49.127   973.912   124.875   202.966
   125.250     2.716     2.539     8.031     9.874   -35.348     0.042   260.086   267.504    49.076   974.144   125.125   203.021
   125.500     2.737     2.544     8.020     9.865   -35.262     0.035   260.081   268.083    49.048   974.418   125.375   203.085
   125.750     2.713     2.544     8.005     9.854   -35.174     0.030   260.072   268.552    49.050   974.675   125.625   203.125
   126.000     2.930     2.564     7.977     9.836   -35.061     0.027   260.050   268.783    49.047   975.026   125.875   203.140
   126.250     2.559     2.518     7.955     9.831   -35.020     0.035   260.036   267.523    49.134   974.957   126.125   203.114
   126.500     2.484     2.549     7.933     9.827   -34.999     0.045   260.027   265.308    49.227   974.779   126.375   203.076
   126.750     2.124     2.479     7.923     9.833   -35.060     0.068   260.042   264.018    49.387   974.298   126.625   203.025
   127.000     2.174     2.536     7.918     9.831   -35.158     0.092   260.055   263.869    49.484   973.851   126.875   202.963
   127.250     2.486     2.543     7.911     9.817   -35.298     0.099   260.062   264.038    49.457   973.762   127.125   202.907
   127.500     2.571     2.524     7.909     9.802   -35.430     0.090   260.059   264.669    49.367   973.773   127.375   202.854
   127.750     2.567     2.521     7.914     9.793   -35.526     0.076   260.076   265.425    49.258   973.797   127.625   202.841
   128.000     2.573     2.530     7.919     9.788   -35.576     0.063   260.063   266.266    49.162   973.862   127.875   202.861
   128.250     2.716     2.521     7.917     9.781   -35.549     0.050   260.054   266.923    49.080   974.059   128.125   202.904
   128.500     2.701     2.524     7.912     9.774   -35.494     0.041   260.048   267.444    49.035   974.261   128.375   202.955
   128.750     2.717     2.531     7.902     9.766   -35.415     0.034   260.039   268.015    49.015   974.505   128.625   203.016
   129.000     2.672     2.533     7.889     9.756   -35.331     0.030   260.031   268.403    49.027   974.728   128.875   203.041
   129.250     2.865     2.556     7.862     9.739   -35.223     0.026   260.012   268.730    49.029   975.043   129.125   203.052
   129.500     2.561     2.523     7.840     9.734   -35.159     0.028   259.999   267.326    49.112   974.999   129.375   203.030
   129.750     2.421     2.528     7.820     9.732   -35.158     0.043   259.992   264.952    49.211   974.772   129.625   202.989
   130.000     2.066     2.477     7.812     9.738   -35.214     0.067   260.010   263.671    49.375   974.257   129.875   202.940
   130.250     2.205     2.523     7.807     9.734   -35.329     0.089   260.024   263.551    49.455   973.880   130.125   202.886
   130.500     2.505     2.530     7.800     9.718   -35.470     0.094   260.027   263.926    49.408   973.811   130.375   202.827
   130.750     2.506     2.513     7.801     9.705   -35.606     0.086   260.028   264.478    49.321   973.785   130.625   202.781
   131.000     2.560     2.512     7.806     9.696   -35.700     0.073   260.045   265.231    49.203   973.836   130.875   202.784
   131.250     2.560     2.523     7.810     9.690   -35.744     0.060   260.033   266.044    49.109   973.915   131.125   202.805
   131.500     2.701     2.514     7.808     9.683   -35.711     0.049   260.024   266.685    49.026   974.120   131.375   202.846
   131.750     2.690     2.517     7.802     9.676   -35.652     0.040   260.019   267.185    48.985   974.331   131.625   202.895
   132.000     2.711     2.524     7.792     9.667   -35.568     0.033   260.009   267.746    48.965   974.589   131.875   202.953
   132.250     2.673     2.525     7.778     9.658   -35.481     0.029   260.000   268.147    48.978   974.820   132.125   202.978
   132.500     2.902     2.544     7.749     9.640   -35.370     0.026   259.978   268.470    48.979   975.153   132.375   202.986
   132.750     2.492     2.515     7.728     9.636   -35.325     0.030   259.968   266.872    49.076   975.049   132.625   202.963
   133.000     2.429     2.500     7.707     9.633   -35.321     0.045   259.959   265.146    49.171   974.843   132.875   202.926
   133.250     2.052     2.446     7.700     9.640   -35.372     0.067   259.978   263.456    49.328   974.321   133.125   202.876
   133.500     2.208     2.459     7.696     9.635   -35.491     0.088   259.995   263.201    49.394   973.983   133.375   202.823
   133.750     2.523     2.516     7.690     9.620   -35.631     0.092   259.995   263.856    49.343   973.918   133.625   202.766
   134.000     2.461     2.503     7.693     9.610   -35.771     0.085   259.997   264.284    49.266   973.841   133.875   202.722
   134.250     2.544     2.503     7.698     9.601   -35.864     0.072   260.000   265.065    49.155   973.901   134.125   202.732
   134.500     2.540     2.516     7.703     9.596   -35.906     0.059   260.001   265.823    49.063   973.975   134.375   202.754
   134.750     2.688     2.507     7.700     9.587   -35.870     0.048   259.993   266.443    48.980   974.190   134.625   202.795
   135.000     2.677     2.510     7.696     9.581   -35.810     0.039   259.989   267.117    48.936   974.408   134.875   202.842
   135.250     2.701     2.516     7.685     9.572   -35.724     0.033   259.980   267.493    48.917   974.669   135.125   202.898
   135.500     2.662     2.516     7.670     9.563   -35.635     0.029   259.971   267.876    48.930   974.902   135.375   202.921
   135.750     2.909     2.535     7.640     9.545   -35.520     0.026   259.947   268.190    48.930   975.241   135.625   202.930
   136.000     2.452     2.509     7.620     9.543   -35.501     0.036   259.938   266.454    49.035   975.105   135.875   202.906
   136.250     2.426     2.496     7.598     9.539   -35.493     0.046   259.930   264.322    49.127   974.903   136.125   202.871
   136.500     2.033     2.437     7.592     9.546   -35.536     0.067   259.948   263.558    49.283   974.383   136.375   202.822
   136.750     2.241     2.505     7.589     9.541   -35.643     0.085   259.965   263.078    49.339   974.075   136.625   202.770
   137.000     2.517     2.504     7.583     9.527   -35.780     0.089   259.965   263.676    49.284   974.022   136.875   202.718
   137.250     2.444     2.493     7.588     9.518   -35.920     0.082   259.966   264.091    49.212   973.935   137.125   202.674
   137.500     2.538     2.494     7.592     9.509   -36.010     0.070   259.969   264.852    49.105   973.995   137.375   202.681
   137.750     2.544     2.506     7.597     9.503   -36.049     0.058   259.970   265.596    49.016   974.077   137.625   202.702
   138.000     2.683     2.497     7.595     9.496   -36.011     0.047   259.962   266.212    48.936   974.287   137.875   202.740
   138.250     2.667     2.501     7.590     9.489   -35.950     0.039   259.958   266.870    48.895   974.497   138.125   202.784
   138.500     2.681     2.500     7.580     9.481   -35.868     0.033   259.948   267.255    48.880   974.744   138.375   202.832
   138.750     2.652     2.503     7.565     9.472   -35.779     0.029   259.939   267.633    48.897   974.969   138.625   202.852
   139.000     2.895     2.525     7.534     9.454   -35.664     0.026   259.914   267.913    48.900   975.297   138.875   202.859
   139.250     2.422     2.500     7.515     9.453   -35.646     0.035   259.908   266.171    49.006   975.145   139.125   202.835
   139.500     2.406     2.402     7.492     9.449   -35.643     0.046   259.898   264.596    49.103   974.951   139.375   202.805
   139.750     2.071     2.447     7.487     9.454   -35.690     0.066   259.918   263.381    49.238   974.479   139.625   202.757
   140.000     2.231     2.480     7.484     9.451   -35.795     0.085   259.934   262.857    49.286   974.152   139.875   202.701
   140.250     2.506     2.494     7.479     9.437   -35.927     0.087   259.934   263.538    49.242   974.088   140.125   202.654
   140.500     2.450     2.484     7.483     9.428   -36.063     0.079   259.933   263.990    49.175   974.014   140.375   202.613
   140.750     2.498     2.488     7.490     9.419   -36.150     0.067   259.938   264.725    49.075   974.049   140.625   202.614
   141.000     2.514     2.479     7.496     9.414   -36.185     0.056   259.939   265.468    48.982   974.130   140.875   202.634
   141.250     2.663     2.489     7.494     9.406   -36.145     0.045   259.935   266.061    48.898   974.345   141.125   202.671
   141.500     2.658     2.493     7.489     9.399   -36.084     0.037   259.930   266.724    48.853   974.563   141.375   202.713
   141.750     2.675     2.492     7.479     9.391   -36.003     0.032   259.919   267.115    48.840   974.811   141.625   202.760
   142.000     2.650     2.494     7.462     9.382   -35.915     0.028   259.909   267.489    48.857   975.035   141.875   202.781
   142.250     2.926     2.514     7.430     9.364   -35.798     0.025   259.882   267.752    48.860   975.377   142.125   202.787
   142.500     2.423     2.487     7.410     9.362   -35.770     0.033   259.873   265.979    48.969   975.237   142.375   202.767
   142.750     2.300     2.399     7.390     9.363   -35.793     0.046   259.868   264.225    49.086   974.937   142.625   202.732
   143.000     2.056     2.443     7.387     9.368   -35.844     0.066   259.891   263.037    49.219   974.470   142.875   202.688
   143.250     2.246     2.471     7.384     9.363   -35.954     0.083   259.906   262.730    49.252   974.175   143.125   202.633
   143.500     2.496     2.481     7.381     9.349   -36.094     0.084   259.906   263.356    49.195   974.132   143.375   202.590
   143.750     2.434     2.473     7.386     9.340   -36.221     0.077   259.907   263.893    49.120   974.075   143.625   202.553
   144.000     2.522     2.476     7.392     9.331   -36.296     0.065   259.910   264.670    49.013   974.149   143.875   202.560
   144.250     2.559     2.487     7.395     9.325   -36.315     0.053   259.909   265.424    48.922   974.270   144.125   202.583
   144.500     2.654     2.479     7.393     9.318   -36.269     0.044   259.906   266.007    48.848   974.469   144.375   202.617
   144.750     2.660     2.485     7.387     9.312   -36.204     0.036   259.897   266.661    48.815   974.683   144.625   202.660
   145.000     2.647     2.484     7.376     9.305   -36.121     0.031   259.887   267.004    48.814   974.909   144.875   202.696
   145.250     2.676     2.522     7.358     9.295   -36.031     0.027   259.877   267.356    48.834   975.143   145.125   202.712
   145.500     2.804     2.376     7.327     9.280   -35.928     0.028   259.848   267.310    48.856   975.398   145.375   202.711
   145.750     2.458     2.467     7.306     9.276   -35.899     0.036   259.840   265.488    48.956   975.269   145.625   202.692
   146.000     2.113     2.436     7.294     9.283   -35.937     0.049   259.850   263.743    49.099   974.829   145.875   202.653
   146.250     2.103     2.439     7.291     9.284   -36.007     0.069   259.868   262.685    49.199   974.421   146.125   202.608
   146.500     2.324     2.490     7.287     9.276   -36.125     0.082   259.880   262.636    49.209   974.200   146.375   202.557
   146.750     2.479     2.472     7.286     9.263   -36.264     0.082   259.879   263.219    49.147   974.161   146.625   202.517
   147.000     2.428     2.475     7.293     9.255   -36.378     0.074   259.882   263.818    49.066   974.129   146.875   202.488
   147.250     2.528     2.466     7.298     9.247   -36.439     0.062   259.883   264.632    48.956   974.225   147.125   202.502
   147.500     2.596     2.476     7.300     9.240   -36.438     0.051   259.883   265.199    48.865   974.384   147.375   202.530
   147.750     2.642     2.471     7.297     9.234   -36.387     0.042   259.877   265.965    48.805   974.572   147.625   202.563
   148.000     2.663     2.478     7.290     9.228   -36.318     0.035   259.866   266.604    48.779   974.794   147.875   202.607
   148.250     2.622     2.477     7.278     9.221   -36.234     0.030   259.856   266.900    48.790   975.004   148.125   202.633
   148.500     2.719     2.502     7.257     9.209   -36.138     0.026   259.842   267.181    48.806   975.262   148.375   202.645
   148.750     2.682     2.513     7.231     9.199   -36.070     0.032   259.817   266.704    48.849   975.358   148.625   202.633
   149.000     2.410     2.418     7.207     9.195   -36.033     0.037   259.810   264.902    48.954   975.238   148.875   202.617
   149.250     2.062     2.418     7.198     9.201   -36.074     0.053   259.827   263.359    49.097   974.796   149.125   202.580
   149.500     2.123     2.449     7.196     9.201   -36.167     0.070   259.847   262.346    49.174   974.401   149.375   202.532
   149.750     2.393     2.478     7.192     9.191   -36.283     0.079   259.854   262.618    49.158   974.259   149.625   202.488
   150.000     2.445     2.458     7.194     9.180   -36.420     0.077   259.854   263.210    49.092   974.201   149.875   202.449
