  1000.000     5.404     3.597    -0.000     0.726    -1.737    -1.571     2.880     0.000     0.000     0.000     0.000     0.000     0.000   331.204     0.000   0.00E+00    -1.717     0.472   278.532
   950.000     1.315     3.421     0.001     0.904     2.397    -1.388    -0.773     0.000    12.805     0.000   -11.906     0.000     0.000   331.196     0.000   0.00E+00    -3.801     0.512   274.488
   900.000    -2.486     2.589    -0.240     0.781     1.529    -1.628     0.000     0.000    12.805     0.000    -8.611     0.000     1.575   325.703     0.001   0.76E-01    -1.845     0.538   270.547
   850.000    -6.055     1.817     0.257     0.732     1.475    -1.577     0.000     0.000    11.852    -1.575    -7.969     1.775     1.132   322.915     0.024   0.21E+00    -0.966     0.574   267.638
   800.000    -9.582     1.079     0.444     0.653     1.554    -1.658     0.000     0.000    10.956    -1.129    -6.527     1.505     0.584   320.605     0.011   0.24E+00    -0.201     0.608   264.433
   750.000   -13.046     0.562     0.423     0.563     1.559    -1.664     0.000     0.000    10.469    -0.422    -5.893     1.196     0.330   319.297     0.004   0.18E+00     0.311     0.634   260.881
   700.000   -16.998     0.304     0.302     0.488     1.517    -1.624     0.000     0.000    10.286    -0.112    -5.464     1.104     0.310   318.371     0.003   0.15E+00     0.595     0.652   256.932
   650.000   -21.353     0.150     0.139     0.431     1.446    -1.555     0.000     0.000    10.135    -0.087    -5.006     1.034     0.299   318.118     0.001   0.12E+00     0.729     0.661   252.533
   600.000   -26.125     0.066    -0.050     0.387     1.344    -1.457     0.000     0.000    10.047    -0.086    -4.379     1.052     0.252   318.137     0.000   0.96E-01     0.761     0.662   247.630
   550.000   -31.423     0.037    -0.191     0.365     1.245    -1.361     0.000     0.000    10.066    -0.074    -3.636     1.139     0.196   318.417     0.000   0.98E-01     0.693     0.652   242.177
   500.000   -37.392     0.026    -0.259     0.376     1.227    -1.346     0.000     0.000    10.264    -0.051    -2.771     1.280     0.126   318.768     0.002   0.69E-01     0.571     0.630   236.132
   450.000   -44.045     0.037    -0.257     0.446     1.292    -1.417     0.000     0.000    10.509     0.000    -1.864     1.516     0.440   319.140     0.035   0.21E+00     0.453     0.595   229.451
   400.000   -51.444     0.066    -0.236     0.539     1.276    -1.406     0.000     0.000    10.033     0.000    -1.121     1.543     1.374   319.655     0.089   0.22E+00     0.360     0.541   222.077
   350.000   -59.646     0.018    -0.227     0.577     1.220    -1.354     0.000     0.000     8.282     0.000    -0.664     1.623     2.843   320.019     0.077   0.16E+00     0.352     0.468   213.920
   300.000   -68.523     0.007    -0.289     0.671     0.990    -1.130     0.000     0.000     3.989     0.000    -0.381     0.633     4.713   320.952     0.200   0.12E+00     0.330     0.387   204.822
   250.000   -73.804     0.004    -1.447     0.758     0.821    -0.953     0.000     0.000     2.247     0.000    -0.162     0.358     1.972   323.091     0.266   0.89E-01     0.211     0.294   194.381
   200.000   -71.249     0.001    -4.000     0.379     0.556    -0.656     0.000     0.000     1.236     0.000    -0.064     0.201     1.136   330.958     0.090   0.60E-01     0.130     0.220   181.647
   150.000   -71.591     0.001    -4.000     0.337     0.351    -0.420     0.000     0.000     0.605     0.000    -0.020     0.099     0.700   342.280     0.091   0.33E-01     0.000     0.151   165.199
   100.000   -70.086     0.001    -4.000     0.254     0.083    -0.101     0.000     0.000     0.000     0.000    -0.000     0.000     0.605   362.459     0.068   0.85E-02     0.000     0.083   142.094
    80.000   -66.964     0.001    -4.000     0.032     0.000     0.015     0.000     0.000     0.000     0.000     0.000     0.000     0.000   378.654     0.000   0.17E-09    -0.000     0.000     0.000
    60.000   -59.607     0.001     0.000     0.007     0.000     0.034     0.000     0.000     0.000     0.000     0.000     0.000     0.000   403.379     0.000   0.00E+00     0.000     0.000     0.000
    40.000   -49.726     0.001     0.000     0.002     0.000     0.059     0.000     0.000     0.000     0.000     0.000     0.000     0.000   437.462     0.000   0.00E+00     0.000     0.000     0.000
    30.000   -41.856     0.001     0.000     0.001     0.000     0.078     0.000     0.000     0.000     0.000     0.000     0.000     0.000   462.775     0.000   0.00E+00     0.000     0.000     0.000
    25.000   -26.235     0.001     0.000     0.000     0.000     0.117     0.000     0.000     0.000     0.000     0.000     0.000     0.000   488.157     0.000   0.00E+00    -0.001     0.000     0.000
