     0.250     0.027     1.633    11.689    12.508   -21.643     1.096   263.460   247.291    14.020  1009.663     0.125   268.051
     0.500     0.062     1.660    11.882    12.990   -21.901     1.096   263.515   247.495    16.890  1008.388     0.375   265.811
     0.750     0.297     1.741    12.187    13.437   -22.159     1.096   263.554   247.762    19.693  1006.882     0.625   260.736
     1.000     0.816     1.822    12.476    13.848   -22.416     1.096   263.580   248.115    22.070  1005.453     0.875   257.727
     1.250     1.411     1.917    12.763    14.222   -22.671     1.096   263.579   248.629    24.245  1004.013     1.125   254.880
     1.500     1.769     2.020    13.047    14.560   -22.925     1.096   263.580   249.195    26.241  1002.575     1.375   252.205
     1.750     2.004     2.115    13.314    14.864   -23.178     1.096   263.571   249.836    28.096  1001.139     1.625   249.558
     2.000     2.190     2.202    13.557    15.136   -23.427     1.096   263.561   250.481    29.818   999.723     1.875   247.096
     2.250     2.249     2.280    13.780    15.382   -23.682     1.097   263.555   251.071    31.454   998.297     2.125   244.513
     2.500     2.368     2.348    13.983    15.604   -23.982     1.109   263.549   251.620    32.984   996.902     2.375   242.140
     2.750     2.403     2.410    14.172    15.804   -24.278     1.123   263.543   252.156    34.413   995.539     2.625   240.039
     3.000     2.576     2.460    14.344    15.988   -24.483     1.134   263.552   252.576    35.726   994.242     2.875   238.180
     3.250     2.668     2.518    14.503    16.157   -24.589     1.134   263.548   253.141    37.148   992.655     3.125   235.958
     3.500     3.208     2.551    14.633    16.309   -24.638     1.124   263.536   253.810    38.472   991.099     3.375   234.033
     3.750     3.116     2.591    14.759    16.449   -24.667     1.136   263.518   254.606    39.753   989.528     3.625   232.048
     4.000     3.088     2.621    14.878    16.577   -24.688     1.189   263.507   255.218    40.913   988.065     3.875   230.380
     4.250     3.111     2.651    14.990    16.695   -24.648     1.207   263.496   255.988    42.159   986.381     4.125   228.135
     4.500     3.154     2.677    15.095    16.805   -24.476     1.149   263.497   256.334    43.112   985.113     4.375   226.899
     4.750     3.288     2.709    15.188    16.906   -24.252     1.062   263.488   256.891    44.045   983.880     4.625   225.655
     5.000     3.267     2.735    15.276    16.998   -24.087     1.005   263.478   257.568    45.017   982.514     4.875   223.979
     5.250     3.298     2.753    15.358    17.083   -23.966     0.958   263.467   258.277    45.856   981.279     5.125   222.652
     5.500     3.168     2.770    15.443    17.163   -23.840     0.909   263.463   258.769    46.645   980.026     5.375   221.448
     5.750     3.194     2.796    15.519    17.238   -23.691     0.853   263.460   259.271    47.439   978.761     5.625   220.140
     6.000     3.365     2.821    15.583    17.306   -23.548     0.799   263.451   259.854    48.198   977.576     5.875   218.801
     6.250     3.431     2.835    15.641    17.367   -23.468     0.755   263.441   260.541    48.779   976.663     6.125   217.983
     6.500     3.315     2.847    15.700    17.425   -23.402     0.714   263.434   261.078    49.296   975.773     6.375   217.328
     6.750     3.241     2.860    15.759    17.480   -23.336     0.675   263.430   261.518    49.792   974.875     6.625   216.688
     7.000     3.216     2.877    15.815    17.532   -23.244     0.635   263.428   261.970    50.279   974.006     6.875   216.060
     7.250     3.214     2.893    15.866    17.579   -23.130     0.592   263.428   262.359    50.757   973.165     7.125   215.432
     7.500     3.262     2.917    15.912    17.623   -23.023     0.550   263.424   262.893    51.219   972.325     7.375   214.784
     7.750     3.396     2.919    15.949    17.662   -22.915     0.509   263.413   263.496    51.663   971.536     7.625   214.085
     8.000     3.347     2.933    15.988    17.699   -22.835     0.475   263.403   264.050    52.120   970.670     7.875   213.251
     8.250     3.396     2.941    16.021    17.732   -22.786     0.448   263.393   264.683    52.445   970.068     8.125   212.825
     8.500     3.262     2.949    16.056    17.763   -22.778     0.427   263.387   265.082    52.733   969.497     8.375   212.471
     8.750     3.204     2.961    16.088    17.791   -22.775     0.409   263.385   265.385    53.006   968.960     8.625   212.154
     9.000     3.427     2.976    16.107    17.815   -22.732     0.388   263.377   265.999    53.253   968.620     8.875   211.902
     9.250     3.482     2.985    16.124    17.835   -22.663     0.365   263.367   266.617    53.476   968.335     9.125   211.639
     9.500     3.543     2.995    16.140    17.853   -22.575     0.341   263.355   267.359    53.696   968.090     9.375   211.374
     9.750     3.329     2.997    16.162    17.868   -22.486     0.316   263.343   267.561    53.930   967.631     9.625   211.032
    10.000     3.235     3.007    16.183    17.882   -22.373     0.294   263.332   267.657    54.170   967.075     9.875   210.679
    10.250     3.233     3.024    16.203    17.894   -22.263     0.281   263.323   267.237    54.379   966.511    10.125   210.341
    10.500     3.313     2.999    16.215    17.904   -22.182     0.289   263.318   267.301    54.546   966.249    10.375   210.154
    10.750     3.185     3.032    16.230    17.912   -22.154     0.298   263.316   268.348    54.709   965.884    10.625   209.951
    11.000     3.249     3.026    16.236    17.920   -22.176     0.298   263.314   268.912    54.835   965.603    10.875   209.763
    11.250     3.415     3.029    16.238    17.927   -22.232     0.283   263.305   269.850    54.950   965.367    11.125   209.571
    11.500     3.450     3.018    16.243    17.934   -22.276     0.260   263.292   270.487    55.070   965.052    11.375   209.299
    11.750     3.186     3.027    16.258    17.943   -22.327     0.238   263.288   271.026    55.216   964.720    11.625   209.077
    12.000     3.101     3.036    16.270    17.949   -22.357     0.218   263.288   271.323    55.377   964.386    11.875   208.842
    12.250     3.291     3.049    16.267    17.951   -22.354     0.198   263.283   271.763    55.526   964.173    12.125   208.611
    12.500     3.363     3.050    16.262    17.951   -22.320     0.179   263.274   272.047    55.661   963.973    12.375   208.320
    12.750     3.234     3.046    16.263    17.951   -22.267     0.164   263.266   271.963    55.820   963.614    12.625   207.952
    13.000     3.282     3.064    16.265    17.949   -22.195     0.155   263.257   271.449    55.973   963.271    12.875   207.588
    13.250     3.249     3.069    16.262    17.946   -22.112     0.164   263.249   271.207    56.093   963.061    13.125   207.373
    13.500     3.125     3.075    16.268    17.942   -22.096     0.197   263.246   270.501    56.153   962.832    13.375   207.276
    13.750     3.126     3.078    16.270    17.937   -22.139     0.224   263.242   271.203    56.209   962.580    13.625   207.185
    14.000     3.159     3.070    16.263    17.931   -22.201     0.234   263.239   271.319    56.270   962.430    13.875   207.105
    14.250     3.104     3.065    16.256    17.925   -22.290     0.227   263.238   271.814    56.325   962.294    14.125   207.029
    14.500     3.139     3.074    16.248    17.918   -22.362     0.211   263.239   272.100    56.369   962.191    14.375   206.957
    14.750     3.236     3.070    16.236    17.912   -22.385     0.193   263.234   272.034    56.390   962.059    14.625   206.885
    15.000     3.210     3.058    16.227    17.905   -22.374     0.179   263.226   271.624    56.428   961.943    14.875   206.814
    15.250     3.178     3.047    16.220    17.898   -22.329     0.171   263.220   271.507    56.475   961.826    15.125   206.757
    15.500     3.180     3.062    16.213    17.891   -22.281     0.180   263.216   271.228    56.516   961.727    15.375   206.701
    15.750     2.987     3.069    16.213    17.883   -22.287     0.193   263.219   271.338    56.561   961.587    15.625   206.643
    16.000     3.148     3.065    16.200    17.874   -22.313     0.198   263.217   271.275    56.588   961.481    15.875   206.588
    16.250     3.225     3.047    16.188    17.866   -22.335     0.202   263.211   271.292    56.594   961.396    16.125   206.533
    16.500     3.229     3.067    16.181    17.858   -22.369     0.210   263.206   271.335    56.610   961.290    16.375   206.480
    16.750     3.083     3.061    16.177    17.851   -22.426     0.214   263.204   271.557    56.643   961.198    16.625   206.431
    17.000     3.010     3.068    16.173    17.843   -22.505     0.210   263.207   271.974    56.684   961.118    16.875   206.391
    17.250     3.144     3.073    16.159    17.833   -22.560     0.200   263.208   272.146    56.712   961.102    17.125   206.350
    17.500     3.185     3.058    16.145    17.825   -22.568     0.185   263.204   272.104    56.715   961.016    17.375   206.302
    17.750     3.200     3.060    16.135    17.816   -22.535     0.172   263.198   271.915    56.732   960.950    17.625   206.268
    18.000     3.177     3.074    16.127    17.807   -22.478     0.168   263.192   271.542    56.751   960.849    17.875   206.234
    18.250     3.182     3.072    16.118    17.797   -22.436     0.183   263.187   271.463    56.768   960.805    18.125   206.203
    18.500     3.091     3.076    16.115    17.788   -22.461     0.205   263.187   271.534    56.771   960.663    18.375   206.168
    18.750     3.050     3.067    16.106    17.778   -22.521     0.210   263.189   271.852    56.805   960.614    18.625   206.131
    19.000     3.145     3.069    16.092    17.769   -22.606     0.201   263.189   272.311    56.818   960.575    18.875   206.099
    19.250     3.267     3.063    16.076    17.760   -22.644     0.186   263.182   272.380    56.791   960.568    19.125   206.083
    19.500     3.305     3.061    16.065    17.751   -22.648     0.173   263.174   272.418    56.774   960.577    19.375   206.079
    19.750     3.158     3.055    16.059    17.743   -22.643     0.166   263.170   272.721    56.767   960.598    19.625   206.092
    20.000     3.027     3.061    16.055    17.734   -22.676     0.162   263.173   273.538    56.788   960.611    19.875   206.099
    20.250     3.225     3.063    16.038    17.723   -22.712     0.155   263.170   273.572    56.793   960.650    20.125   206.081
    20.500     3.246     3.050    16.024    17.712   -22.726     0.144   263.163   273.463    56.787   960.667    20.375   206.048
    20.750     3.216     3.067    16.015    17.702   -22.712     0.134   263.156   272.791    56.795   960.653    20.625   206.020
    21.000     3.156     3.072    16.008    17.691   -22.669     0.132   263.150   272.723    56.806   960.603    20.875   205.996
    21.250     3.152     3.074    15.998    17.680   -22.607     0.148   263.145   272.297    56.824   960.592    21.125   205.979
    21.500     3.072     3.076    15.992    17.669   -22.619     0.181   263.144   272.156    56.825   960.511    21.375   205.963
    21.750     3.175     3.071    15.980    17.656   -22.687     0.202   263.141   272.122    56.813   960.489    21.625   205.957
    22.000     3.233     3.038    15.963    17.645   -22.770     0.200   263.133   272.342    56.796   960.515    21.875   205.958
    22.250     3.091     3.055    15.956    17.635   -22.875     0.193   263.133   273.289    56.769   960.547    22.125   205.983
    22.500     3.023     3.055    15.947    17.624   -22.986     0.182   263.137   273.587    56.744   960.599    22.375   206.018
    22.750     3.147     3.061    15.929    17.612   -23.076     0.167   263.138   273.775    56.725   960.717    22.625   206.044
    23.000     3.244     3.059    15.910    17.600   -23.129     0.151   263.133   274.392    56.707   960.863    22.875   206.043
    23.250     3.189     3.061    15.895    17.588   -23.141     0.134   263.128   274.016    56.726   960.945    23.125   206.021
    23.500     3.096     3.058    15.883    17.574   -23.100     0.119   263.123   273.218    56.756   960.954    23.375   205.992
    23.750     2.958     3.069    15.873    17.559   -22.986     0.109   263.120   272.186    56.795   960.867    23.625   205.960
    24.000     3.099     3.088    15.857    17.543   -22.844     0.115   263.118   270.773    56.798   960.871    23.875   205.938
    24.250     3.002     3.093    15.853    17.527   -22.773     0.158   263.116   271.134    56.768   960.798    24.125   205.912
    24.500     3.089     3.080    15.838    17.513   -22.777     0.197   263.121   271.089    56.768   960.830    24.375   205.903
    24.750     3.089     3.045    15.828    17.499   -22.891     0.218   263.118   271.558    56.730   960.759    24.625   205.902
    25.000     3.292     3.046    15.810    17.487   -23.008     0.217   263.112   271.916    56.689   960.745    24.875   205.906
    25.250     3.313     3.048    15.793    17.476   -23.118     0.213   263.103   271.810    56.651   960.723    25.125   205.904
    25.500     3.107     3.040    15.785    17.467   -23.242     0.203   263.099   272.883    56.619   960.756    25.375   205.937
    25.750     3.031     3.039    15.776    17.459   -23.353     0.186   263.102   273.170    56.598   960.792    25.625   205.971
    26.000     2.930     3.039    15.767    17.450   -23.453     0.168   263.108   273.445    56.574   960.823    25.875   206.003
    26.250     3.068     3.049    15.749    17.439   -23.515     0.150   263.110   273.914    56.563   960.959    26.125   206.036
    26.500     3.207     3.049    15.728    17.427   -23.529     0.132   263.106   274.413    56.549   961.167    26.375   206.048
    26.750     3.240     3.053    15.708    17.413   -23.504     0.115   263.100   274.487    56.570   961.385    26.625   206.042
    27.000     3.223     3.061    15.689    17.397   -23.423     0.101   263.093   274.119    56.602   961.559    26.875   206.020
    27.250     2.974     3.059    15.679    17.381   -23.296     0.091   263.090   272.193    56.627   961.550    27.125   205.991
    27.500     2.925     3.066    15.670    17.365   -23.150     0.099   263.089   270.853    56.639   961.443    27.375   205.959
    27.750     3.106     3.084    15.656    17.348   -23.025     0.117   263.085   269.752    56.633   961.392    27.625   205.935
    28.000     2.913     2.989    15.649    17.333   -22.989     0.170   263.088   270.007    56.625   961.331    27.875   205.914
    28.250     3.240     3.070    15.639    17.317   -23.048     0.210   263.085   269.297    56.588   961.270    28.125   205.897
    28.500     3.144     2.975    15.626    17.305   -23.179     0.229   263.078   270.947    56.543   961.211    28.375   205.884
    28.750     3.242     3.028    15.618    17.295   -23.360     0.231   263.075   271.200    56.495   961.081    28.625   205.880
    29.000     3.257     3.022    15.604    17.287   -23.496     0.222   263.065   271.680    56.462   961.027    28.875   205.876
    29.250     3.129     3.020    15.594    17.280   -23.621     0.198   263.064   272.363    56.437   961.050    29.125   205.906
    29.500     3.008     3.017    15.586    17.273   -23.726     0.177   263.066   273.007    56.407   961.061    29.375   205.945
    29.750     2.900     3.018    15.578    17.266   -23.813     0.158   263.072   273.265    56.383   961.072    29.625   205.977
    30.000     3.002     3.031    15.563    17.258   -23.866     0.140   263.076   273.666    56.381   961.181    29.875   206.010
    30.250     3.219     3.031    15.540    17.247   -23.867     0.122   263.071   274.152    56.368   961.428    30.125   206.038
    30.500     3.250     3.038    15.520    17.235   -23.832     0.107   263.065   274.500    56.385   961.693    30.375   206.042
    30.750     3.249     3.045    15.500    17.219   -23.749     0.093   263.057   273.925    56.422   961.920    30.625   206.026
    31.000     3.075     3.041    15.488    17.203   -23.633     0.083   263.051   272.622    56.444   961.998    30.875   206.001
    31.250     3.028     3.049    15.476    17.187   -23.464     0.083   263.045   271.194    56.459   961.985    31.125   205.974
    31.500     2.844     3.036    15.473    17.172   -23.368     0.103   263.046   270.339    56.457   961.771    31.375   205.944
    31.750     3.099     3.033    15.460    17.157   -23.282     0.142   263.043   269.616    56.445   961.743    31.625   205.932
    32.000     3.107     2.972    15.452    17.141   -23.309     0.194   263.039   269.643    56.424   961.698    31.875   205.916
    32.250     3.192     2.964    15.442    17.128   -23.435     0.227   263.038   269.898    56.378   961.620    32.125   205.907
    32.500     3.214     3.019    15.434    17.118   -23.614     0.239   263.031   270.472    56.336   961.487    32.375   205.895
    32.750     3.330     3.006    15.419    17.108   -23.749     0.220   263.019   270.950    56.291   961.455    32.625   205.889
    33.000     3.062     3.005    15.413    17.102   -23.865     0.198   263.018   271.372    56.283   961.361    32.875   205.876
    33.250     3.027     3.002    15.405    17.096   -23.965     0.179   263.019   272.207    56.264   961.337    33.125   205.888
    33.500     2.946     3.000    15.397    17.091   -24.050     0.162   263.023   272.677    56.237   961.328    33.375   205.924
    33.750     2.887     3.003    15.390    17.086   -24.121     0.145   263.029   272.940    56.224   961.338    33.625   205.955
    34.000     3.154     3.013    15.369    17.078   -24.145     0.129   263.028   273.472    56.223   961.519    33.875   205.989
    34.250     3.218     3.016    15.350    17.068   -24.139     0.113   263.022   273.959    56.221   961.755    34.125   206.008
    34.500     3.241     3.022    15.330    17.055   -24.099     0.099   263.015   274.075    56.250   961.999    34.375   206.005
    34.750     3.225     3.018    15.311    17.040   -24.007     0.087   263.006   273.841    56.287   962.207    34.625   205.987
    35.000     2.982     3.028    15.303    17.025   -23.881     0.079   263.002   271.993    56.305   962.202    34.875   205.962
    35.250     2.898     3.037    15.302    17.010   -23.759     0.093   262.999   270.058    56.291   962.071    35.125   205.934
    35.500     3.065     3.054    15.288    16.994   -23.626     0.107   262.994   269.371    56.306   961.989    35.375   205.912
    35.750     3.031     3.051    15.280    16.980   -23.584     0.160   262.991   269.420    56.302   961.952    35.625   205.890
    36.000     3.116     3.042    15.273    16.965   -23.661     0.204   262.994   269.543    56.269   961.883    35.875   205.881
    36.250     3.072     3.028    15.266    16.954   -23.817     0.229   262.992   269.865    56.228   961.749    36.125   205.871
    36.500     3.286     3.011    15.251    16.943   -23.969     0.222   262.979   270.420    56.186   961.692    36.375   205.861
    36.750     3.183     2.978    15.240    16.935   -24.098     0.202   262.973   270.870    56.146   961.637    36.625   205.855
    37.000     3.039     2.989    15.234    16.929   -24.203     0.182   262.973   271.570    56.140   961.575    36.875   205.849
    37.250     2.991     2.986    15.226    16.924   -24.300     0.165   262.976   272.083    56.111   961.569    37.125   205.880
    37.500     2.903     2.986    15.219    16.920   -24.381     0.148   262.981   272.665    56.088   961.567    37.375   205.913
    37.750     2.946     3.001    15.208    16.914   -24.438     0.133   262.986   272.896    56.088   961.634    37.625   205.944
    38.000     3.193     2.999    15.186    16.905   -24.447     0.117   262.980   273.454    56.080   961.859    37.875   205.973
    38.250     3.207     3.006    15.167    16.894   -24.425     0.102   262.974   273.841    56.094   962.106    38.125   205.980
    38.500     3.220     3.013    15.148    16.880   -24.361     0.089   262.967   273.570    56.130   962.343    38.375   205.969
    38.750     3.092     3.009    15.135    16.865   -24.258     0.079   262.960   272.754    56.153   962.462    38.625   205.949
    39.000     3.024     3.019    15.122    16.849   -24.098     0.074   262.953   271.761    56.178   962.490    38.875   205.928
    39.250     2.802     3.007    15.122    16.835   -23.991     0.092   262.954   270.219    56.170   962.291    39.125   205.900
    39.500     3.034     2.941    15.106    16.820   -23.880     0.120   262.947   269.212    56.165   962.253    39.375   205.886
    39.750     3.103     2.942    15.100    16.805   -23.893     0.175   262.949   268.968    56.145   962.225    39.625   205.874
    40.000     3.105     2.938    15.094    16.792   -24.015     0.215   262.948   269.212    56.105   962.136    39.875   205.867
    40.250     3.282     3.004    15.079    16.780   -24.165     0.221   262.937   269.653    56.066   962.070    40.125   205.860
    40.500     3.249     2.979    15.067    16.771   -24.301     0.208   262.926   270.351    56.009   962.029    40.375   205.851
    40.750     3.000     2.976    15.065    16.766   -24.430     0.193   262.926   270.621    55.989   961.902    40.625   205.845
    41.000     2.965     2.972    15.059    16.761   -24.532     0.174   262.928   271.351    55.986   961.837    40.875   205.839
    41.250     2.918     2.972    15.053    16.756   -24.623     0.157   262.933   271.800    55.959   961.817    41.125   205.866
    41.500     2.880     2.973    15.046    16.752   -24.698     0.141   262.938   272.355    55.941   961.831    41.375   205.896
    41.750     3.058     2.985    15.029    16.745   -24.734     0.126   262.939   272.660    55.943   961.973    41.625   205.926
    42.000     3.170     2.987    15.009    16.736   -24.732     0.110   262.934   273.177    55.944   962.189    41.875   205.942
    42.250     3.203     2.993    14.990    16.724   -24.698     0.097   262.927   273.541    55.970   962.440    42.125   205.942
    42.500     3.206     3.002    14.971    16.710   -24.612     0.084   262.919   273.372    56.010   962.658    42.375   205.926
    42.750     2.964     3.000    14.962    16.696   -24.500     0.076   262.915   271.896    56.030   962.695    42.625   205.906
    43.000     2.961     3.007    14.952    16.680   -24.337     0.078   262.911   270.531    56.048   962.680    42.875   205.884
    43.250     2.813     2.994    14.951    16.667   -24.239     0.093   262.908   269.002    56.029   962.448    43.125   205.857
    43.500     3.271     3.021    14.932    16.650   -24.151     0.139   262.899   268.846    56.015   962.491    43.375   205.840
    43.750     2.959     3.022    14.939    16.638   -24.247     0.200   262.898   268.867    55.972   962.341    43.625   205.825
    44.000     3.059     2.921    14.924    16.625   -24.362     0.226   262.899   269.137    55.964   962.316    43.875   205.812
    44.250     3.371     2.982    14.905    16.614   -24.497     0.215   262.887   269.553    55.918   962.312    44.125   205.804
    44.500     3.107     2.962    14.898    16.607   -24.633     0.195   262.880   270.272    55.871   962.232    44.375   205.796
    44.750     2.958     2.959    14.895    16.602   -24.741     0.177   262.882   270.565    55.862   962.112    44.625   205.788
    45.000     2.904     2.957    14.890    16.599   -24.835     0.161   262.886   271.298    55.848   962.039    44.875   205.787
    45.250     2.893     2.957    14.884    16.595   -24.921     0.146   262.892   271.720    55.824   962.029    45.125   205.817
    45.500     2.864     2.960    14.877    16.591   -24.993     0.132   262.897   272.240    55.815   962.055    45.375   205.845
    45.750     3.122     2.970    14.858    16.584   -25.015     0.116   262.895   272.583    55.817   962.251    45.625   205.869
    46.000     3.153     2.976    14.840    16.574   -25.005     0.102   262.889   273.048    55.829   962.473    45.875   205.872
    46.250     3.178     2.984    14.821    16.562   -24.956     0.089   262.882   273.063    55.864   962.715    46.125   205.861
    46.500     3.141     2.980    14.804    16.547   -24.863     0.078   262.874   273.069    55.896   962.908    46.375   205.840
    46.750     2.946     2.992    14.795    16.532   -24.727     0.072   262.871   271.285    55.920   962.939    46.625   205.816
    47.000     2.566     3.033    14.801    16.514   -24.617     0.088   262.878   269.147    55.982   962.830    46.875   205.792
    47.250     2.495     3.027    14.797    16.493   -24.554     0.107   262.891   268.145    56.025   962.613    47.125   205.767
    47.500     2.913     3.058    14.773    16.468   -24.499     0.151   262.884   267.796    55.999   962.607    47.375   205.747
    47.750     3.089     3.044    14.748    16.446   -24.542     0.203   262.891   266.570    55.944   962.695    47.625   205.731
    48.000     2.873     3.037    14.751    16.429   -24.698     0.240   262.890   268.066    55.855   962.509    47.875   205.712
    48.250     3.142     3.005    14.728    16.415   -24.850     0.228   262.897   268.275    55.815   962.497    48.125   205.695
    48.500     3.315     2.974    14.705    16.405   -24.985     0.204   262.888   268.962    55.735   962.558    48.375   205.682
    48.750     3.254     2.958    14.694    16.400   -25.068     0.182   262.878   269.431    55.675   962.547    48.625   205.674
    49.000     3.114     2.949    14.691    16.398   -25.121     0.175   262.873   269.720    55.643   962.479    48.875   205.671
    49.250     3.111     2.945    14.686    16.396   -25.158     0.157   262.868   270.415    55.641   962.469    49.125   205.659
    49.500     3.068     2.946    14.682    16.394   -25.180     0.139   262.866   270.883    55.652   962.467    49.375   205.646
    49.750     3.028     2.951    14.677    16.392   -25.161     0.121   262.865   271.134    55.684   962.436    49.625   205.626
    50.000     2.971     2.946    14.672    16.388   -25.115     0.105   262.863   271.021    55.719   962.412    49.875   205.608
    50.250     2.968     2.955    14.666    16.382   -25.034     0.095   262.861   270.894    55.753   962.403    50.125   205.594
    50.500     2.996     2.942    14.657    16.374   -24.944     0.091   262.859   270.419    55.771   962.412    50.375   205.588
    50.750     3.032     2.981    14.651    16.366   -24.870     0.101   262.856   269.895    55.772   962.378    50.625   205.579
    51.000     3.000     2.888    14.642    16.357   -24.853     0.131   262.854   269.022    55.776   962.410    50.875   205.568
    51.250     3.063     2.888    14.635    16.349   -24.932     0.148   262.849   269.860    55.771   962.385    51.125   205.562
    51.500     3.175     2.971    14.628    16.341   -25.034     0.152   262.842   270.101    55.746   962.354    51.375   205.557
    51.750     3.099     2.918    14.619    16.333   -25.109     0.156   262.835   269.930    55.736   962.342    51.625   205.547
    52.000     3.125     2.961    14.611    16.327   -25.160     0.158   262.828   270.037    55.725   962.319    51.875   205.542
    52.250     3.099     2.945    14.604    16.319   -25.196     0.153   262.822   270.280    55.718   962.319    52.125   205.536
    52.500     3.066     2.960    14.599    16.312   -25.214     0.147   262.818   270.272    55.712   962.288    52.375   205.528
    52.750     3.044     2.957    14.591    16.305   -25.221     0.139   262.815   270.345    55.714   962.308    52.625   205.522
    53.000     3.014     2.945    14.583    16.298   -25.220     0.131   262.812   270.437    55.717   962.306    52.875   205.513
    53.250     3.029     2.962    14.576    16.290   -25.210     0.126   262.809   270.534    55.715   962.298    53.125   205.507
    53.500     2.992     2.964    14.568    16.282   -25.200     0.125   262.808   270.240    55.716   962.283    53.375   205.497
    53.750     3.013     2.962    14.557    16.273   -25.192     0.127   262.806   270.192    55.721   962.316    53.625   205.491
    54.000     3.019     2.963    14.548    16.264   -25.201     0.132   262.804   270.313    55.718   962.337    53.875   205.485
    54.250     3.007     2.933    14.538    16.255   -25.233     0.134   262.800   270.124    55.718   962.331    54.125   205.470
    54.500     3.045     2.962    14.530    16.247   -25.258     0.137   262.796   270.288    55.708   962.323    54.375   205.466
    54.750     3.008     2.946    14.521    16.238   -25.289     0.136   262.793   270.229    55.707   962.330    54.625   205.454
    55.000     3.024     2.961    14.513    16.229   -25.305     0.137   262.790   270.227    55.699   962.323    54.875   205.448
    55.250     3.019     2.961    14.504    16.220   -25.322     0.138   262.788   270.209    55.696   962.326    55.125   205.440
    55.500     2.988     2.899    14.494    16.211   -25.336     0.138   262.785   270.157    55.696   962.345    55.375   205.430
    55.750     3.028     2.944    14.486    16.203   -25.359     0.140   262.783   270.103    55.688   962.353    55.625   205.426
    56.000     3.010     2.958    14.478    16.194   -25.380     0.144   262.780   270.303    55.678   962.347    55.875   205.421
    56.250     3.017     2.958    14.468    16.185   -25.408     0.140   262.778   270.143    55.670   962.356    56.125   205.415
    56.500     3.016     2.957    14.459    16.176   -25.421     0.135   262.776   270.064    55.664   962.367    56.375   205.410
    56.750     3.009     2.956    14.449    16.167   -25.425     0.132   262.774   270.010    55.661   962.385    56.625   205.401
    57.000     3.009     2.955    14.439    16.158   -25.432     0.131   262.771   269.653    55.658   962.401    56.875   205.393
    57.250     3.002     2.955    14.430    16.149   -25.439     0.132   262.769   270.046    55.650   962.406    57.125   205.389
    57.500     3.004     2.939    14.420    16.140   -25.454     0.134   262.766   270.123    55.645   962.438    57.375   205.383
    57.750     3.004     2.922    14.411    16.132   -25.475     0.134   262.764   269.661    55.639   962.440    57.625   205.374
    58.000     3.028     2.953    14.402    16.123   -25.495     0.134   262.760   270.080    55.631   962.441    57.875   205.368
    58.250     3.001     2.952    14.394    16.114   -25.516     0.132   262.757   270.105    55.628   962.438    58.125   205.357
    58.500     2.985     2.920    14.384    16.105   -25.522     0.132   262.756   269.578    55.626   962.459    58.375   205.349
    58.750     3.010     2.950    14.375    16.096   -25.533     0.138   262.754   269.768    55.620   962.473    58.625   205.345
    59.000     2.987     2.935    14.365    16.087   -25.564     0.139   262.750   269.932    55.621   962.471    58.875   205.330
    59.250     2.990     2.951    14.358    16.078   -25.589     0.137   262.747   269.985    55.607   962.440    59.125   205.322
    59.500     3.006     2.946    14.347    16.069   -25.598     0.136   262.746   269.862    55.607   962.484    59.375   205.316
    59.750     2.985     2.935    14.337    16.060   -25.605     0.136   262.743   269.816    55.604   962.492    59.625   205.308
    60.000     2.991     2.934    14.328    16.051   -25.623     0.140   262.741   269.828    55.595   962.508    59.875   205.306
    60.250     3.003     2.946    14.319    16.042   -25.647     0.139   262.739   269.809    55.584   962.505    60.125   205.299
    60.500     2.988     2.930    14.309    16.034   -25.666     0.136   262.736   269.900    55.579   962.531    60.375   205.291
    60.750     3.002     2.944    14.301    16.025   -25.681     0.133   262.734   269.914    55.571   962.525    60.625   205.283
    61.000     2.983     2.929    14.291    16.016   -25.690     0.130   262.732   269.929    55.568   962.541    60.875   205.274
    61.250     2.992     2.942    14.282    16.008   -25.697     0.128   262.730   269.754    55.564   962.554    61.125   205.267
    61.500     2.973     2.912    14.273    15.999   -25.697     0.130   262.728   269.781    55.560   962.573    61.375   205.260
    61.750     3.000     2.943    14.265    15.990   -25.717     0.131   262.725   269.872    55.554   962.556    61.625   205.250
    62.000     2.981     2.910    14.255    15.982   -25.737     0.130   262.723   269.238    55.550   962.582    61.875   205.242
    62.250     2.987     2.909    14.246    15.973   -25.747     0.134   262.721   269.784    55.546   962.596    62.125   205.234
    62.500     2.993     2.908    14.237    15.965   -25.769     0.134   262.718   269.317    55.539   962.597    62.375   205.226
    62.750     2.995     2.907    14.228    15.956   -25.786     0.134   262.715   269.358    55.533   962.608    62.625   205.220
    63.000     3.009     2.936    14.219    15.948   -25.804     0.135   262.713   269.808    55.525   962.624    62.875   205.216
    63.250     2.987     2.936    14.210    15.939   -25.826     0.132   262.710   269.733    55.523   962.623    63.125   205.206
    63.500     2.980     2.935    14.202    15.931   -25.841     0.129   262.707   269.684    55.521   962.627    63.375   205.196
    63.750     2.963     2.905    14.193    15.922   -25.841     0.131   262.706   269.714    55.514   962.643    63.625   205.193
    64.000     2.988     2.921    14.184    15.914   -25.861     0.132   262.703   269.820    55.512   962.649    63.875   205.183
    64.250     2.977     2.932    14.175    15.905   -25.876     0.130   262.701   269.608    55.505   962.651    64.125   205.175
    64.500     2.991     2.933    14.166    15.896   -25.886     0.129   262.699   269.581    55.497   962.668    64.375   205.170
    64.750     2.980     2.934    14.158    15.888   -25.902     0.128   262.696   269.522    55.492   962.663    64.625   205.160
    65.000     2.966     2.918    14.148    15.880   -25.913     0.127   262.694   269.560    55.490   962.683    64.875   205.152
    65.250     2.972     2.933    14.141    15.871   -25.929     0.128   262.691   269.632    55.480   962.656    65.125   205.143
    65.500     2.981     2.932    14.132    15.863   -25.938     0.130   262.690   269.333    55.477   962.679    65.375   205.136
    65.750     2.974     2.930    14.123    15.854   -25.961     0.133   262.687   269.615    55.473   962.691    65.625   205.128
    66.000     2.979     2.931    14.114    15.846   -25.982     0.132   262.684   269.630    55.469   962.692    65.875   205.120
    66.250     2.976     2.930    14.105    15.838   -25.997     0.130   262.683   269.385    55.465   962.700    66.125   205.112
    66.500     2.959     2.930    14.098    15.829   -26.006     0.131   262.681   269.413    55.455   962.687    66.375   205.106
    66.750     2.988     2.929    14.088    15.821   -26.020     0.133   262.678   269.518    55.453   962.717    66.625   205.099
    67.000     2.973     2.927    14.079    15.813   -26.042     0.132   262.676   269.434    55.451   962.724    66.875   205.090
    67.250     2.960     2.927    14.072    15.805   -26.063     0.129   262.673   269.548    55.441   962.711    67.125   205.081
    67.500     2.972     2.911    14.061    15.796   -26.067     0.127   262.671   269.432    55.442   962.754    67.375   205.074
    67.750     2.968     2.911    14.052    15.788   -26.075     0.127   262.669   269.395    55.438   962.763    67.625   205.066
    68.000     2.975     2.925    14.045    15.780   -26.089     0.126   262.667   269.529    55.431   962.754    67.875   205.059
    68.250     2.967     2.925    14.036    15.772   -26.104     0.124   262.665   269.366    55.426   962.762    68.125   205.051
    68.500     2.964     2.924    14.028    15.763   -26.113     0.125   262.663   269.481    55.422   962.771    68.375   205.042
    68.750     2.961     2.922    14.019    15.755   -26.128     0.125   262.660   269.386    55.418   962.780    68.625   205.035
    69.000     2.964     2.923    14.011    15.747   -26.137     0.127   262.658   269.385    55.414   962.778    68.875   205.027
    69.250     2.966     2.921    14.002    15.739   -26.155     0.129   262.656   269.242    55.410   962.801    69.125   205.021
    69.500     2.952     2.921    13.994    15.731   -26.177     0.131   262.653   269.359    55.405   962.805    69.375   205.015
    69.750     2.971     2.919    13.985    15.723   -26.200     0.131   262.651   269.239    55.401   962.818    69.625   205.007
    70.000     2.975     2.917    13.976    15.715   -26.214     0.129   262.649   269.300    55.393   962.834    69.875   205.001
    70.250     2.958     2.920    13.968    15.706   -26.226     0.127   262.646   269.308    55.389   962.824    70.125   204.992
    70.500     2.958     2.917    13.959    15.698   -26.232     0.126   262.645   269.132    55.386   962.850    70.375   204.985
    70.750     2.952     2.904    13.951    15.690   -26.243     0.128   262.642   269.338    55.380   962.854    70.625   204.977
    71.000     2.969     2.914    13.942    15.682   -26.262     0.126   262.640   269.229    55.374   962.871    70.875   204.971
    71.250     2.939     2.885    13.934    15.674   -26.275     0.124   262.639   268.725    55.371   962.873    71.125   204.960
    71.500     2.961     2.916    13.927    15.666   -26.282     0.125   262.637   269.060    55.358   962.857    71.375   204.957
    71.750     2.967     2.913    13.917    15.658   -26.298     0.124   262.634   269.115    55.358   962.888    71.625   204.949
    72.000     2.944     2.915    13.911    15.650   -26.312     0.125   262.632   269.134    55.344   962.875    71.875   204.946
    72.250     2.970     2.913    13.901    15.642   -26.329     0.125   262.629   269.249    55.348   962.907    72.125   204.938
    72.500     2.940     2.899    13.892    15.634   -26.349     0.124   262.627   269.088    55.350   962.919    72.375   204.926
    72.750     2.935     2.882    13.883    15.626   -26.352     0.123   262.626   268.908    55.347   962.916    72.625   204.918
    73.000     2.947     2.881    13.875    15.619   -26.358     0.126   262.624   268.562    55.342   962.926    72.875   204.911
    73.250     2.953     2.912    13.867    15.611   -26.388     0.130   262.621   269.123    55.340   962.916    73.125   204.903
    73.500     2.931     2.879    13.858    15.603   -26.413     0.127   262.620   268.957    55.338   962.935    73.375   204.892
    73.750     2.951     2.896    13.849    15.595   -26.421     0.125   262.618   268.986    55.336   962.936    73.625   204.883
    74.000     2.950     2.910    13.842    15.587   -26.425     0.124   262.617   268.904    55.327   962.925    73.875   204.877
    74.250     2.941     2.909    13.834    15.580   -26.438     0.124   262.614   268.978    55.325   962.925    74.125   204.866
    74.500     2.930     2.877    13.825    15.572   -26.447     0.124   262.613   268.488    55.323   962.943    74.375   204.856
    74.750     2.954     2.908    13.818    15.564   -26.462     0.125   262.610   268.989    55.314   962.927    74.625   204.849
    75.000     2.950     2.906    13.809    15.557   -26.476     0.124   262.608   268.947    55.313   962.940    74.875   204.841
    75.250     2.943     2.903    13.800    15.549   -26.487     0.126   262.607   268.894    55.312   962.962    75.125   204.836
    75.500     2.934     2.854    13.791    15.542   -26.505     0.126   262.603   268.866    55.310   962.970    75.375   204.826
    75.750     2.962     2.889    13.783    15.534   -26.525     0.126   262.602   268.872    55.301   962.980    75.625   204.824
    76.000     2.957     2.903    13.776    15.527   -26.545     0.123   262.599   269.030    55.292   962.973    75.875   204.815
    76.250     2.943     2.903    13.769    15.519   -26.553     0.120   262.597   268.991    55.290   962.984    76.125   204.808
    76.500     2.927     2.903    13.761    15.512   -26.553     0.118   262.596   268.879    55.288   962.984    76.375   204.799
    76.750     2.925     2.901    13.753    15.504   -26.556     0.119   262.594   268.749    55.289   962.989    76.625   204.791
    77.000     2.932     2.887    13.744    15.497   -26.565     0.121   262.592   268.760    55.286   963.011    76.875   204.785
    77.250     2.949     2.899    13.735    15.489   -26.586     0.122   262.590   268.801    55.282   963.018    77.125   204.780
    77.500     2.946     2.900    13.728    15.482   -26.606     0.121   262.587   268.872    55.272   963.010    77.375   204.771
    77.750     2.932     2.885    13.719    15.474   -26.617     0.120   262.586   268.708    55.273   963.034    77.625   204.766
    78.000     2.942     2.896    13.712    15.467   -26.630     0.121   262.583   268.736    55.269   963.037    77.875   204.758
    78.250     2.943     2.898    13.704    15.460   -26.644     0.121   262.580   268.879    55.263   963.032    78.125   204.752
    78.500     2.937     2.897    13.696    15.452   -26.657     0.120   262.579   268.648    55.260   963.042    78.375   204.747
    78.750     2.917     2.882    13.688    15.445   -26.672     0.120   262.576   268.761    55.259   963.056    78.625   204.738
    79.000     2.935     2.896    13.682    15.437   -26.687     0.120   262.575   268.710    55.249   963.036    78.875   204.731
    79.250     2.921     2.864    13.672    15.430   -26.700     0.119   262.573   268.715    55.253   963.070    79.125   204.721
    79.500     2.935     2.896    13.666    15.422   -26.709     0.118   262.572   268.069    55.240   963.052    79.375   204.715
    79.750     2.919     2.864    13.656    15.415   -26.718     0.120   262.569   268.595    55.246   963.085    79.625   204.705
    80.000     2.934     2.880    13.649    15.407   -26.731     0.120   262.568   268.554    55.240   963.092    79.875   204.698
    80.250     2.937     2.894    13.642    15.400   -26.744     0.121   262.565   268.676    55.234   963.079    80.125   204.691
    80.500     2.919     2.879    13.633    15.393   -26.762     0.122   262.563   268.574    55.235   963.098    80.375   204.680
    80.750     2.928     2.890    13.626    15.386   -26.774     0.122   262.562   268.510    55.226   963.099    80.625   204.676
    81.000     2.941     2.891    13.618    15.378   -26.790     0.122   262.560   268.447    55.219   963.099    80.875   204.669
    81.250     2.921     2.876    13.610    15.371   -26.805     0.120   262.557   268.560    55.217   963.120    81.125   204.662
    81.500     2.936     2.890    13.603    15.364   -26.814     0.118   262.556   268.448    55.212   963.114    81.375   204.656
    81.750     2.909     2.859    13.595    15.357   -26.820     0.117   262.554   268.052    55.210   963.125    81.625   204.647
    82.000     2.926     2.858    13.587    15.350   -26.831     0.118   262.551   268.620    55.208   963.137    81.875   204.642
    82.250     2.934     2.885    13.580    15.343   -26.846     0.117   262.549   268.519    55.202   963.146    82.125   204.636
    82.500     2.931     2.887    13.573    15.336   -26.858     0.115   262.547   268.554    55.195   963.148    82.375   204.630
    82.750     2.920     2.873    13.565    15.329   -26.866     0.115   262.546   268.490    55.190   963.175    82.625   204.626
    83.000     2.929     2.873    13.558    15.321   -26.876     0.115   262.543   268.438    55.187   963.188    82.875   204.620
    83.250     2.910     2.856    13.550    15.314   -26.887     0.116   262.541   268.461    55.183   963.196    83.125   204.613
    83.500     2.937     2.886    13.544    15.307   -26.903     0.116   262.538   268.500    55.175   963.188    83.375   204.607
    83.750     2.916     2.872    13.535    15.300   -26.919     0.116   262.536   268.423    55.173   963.210    83.625   204.600
    84.000     2.908     2.854    13.528    15.293   -26.929     0.116   262.535   268.352    55.171   963.220    83.875   204.592
    84.250     2.926     2.882    13.521    15.286   -26.940     0.118   262.533   268.352    55.166   963.222    84.125   204.587
    84.500     2.908     2.853    13.513    15.278   -26.955     0.119   262.531   267.895    55.161   963.227    84.375   204.578
    84.750     2.926     2.883    13.507    15.271   -26.973     0.120   262.529   268.333    55.157   963.216    84.625   204.570
    85.000     2.898     2.852    13.499    15.264   -26.989     0.119   262.527   268.210    55.156   963.236    84.875   204.563
    85.250     2.934     2.882    13.492    15.257   -26.997     0.120   262.525   268.371    55.148   963.230    85.125   204.557
    85.500     2.899     2.882    13.486    15.250   -27.011     0.121   262.524   268.182    55.141   963.221    85.375   204.550
    85.750     2.917     2.881    13.477    15.243   -27.025     0.120   262.522   268.122    55.140   963.240    85.625   204.543
    86.000     2.900     2.849    13.469    15.236   -27.038     0.119   262.520   268.199    55.139   963.266    85.875   204.536
    86.250     2.923     2.877    13.462    15.229   -27.048     0.117   262.518   268.196    55.133   963.271    86.125   204.529
    86.500     2.914     2.879    13.455    15.222   -27.056     0.116   262.516   268.246    55.127   963.266    86.375   204.522
    86.750     2.904     2.864    13.447    15.215   -27.065     0.116   262.515   268.209    55.124   963.294    86.625   204.515
    87.000     2.913     2.877    13.440    15.208   -27.076     0.115   262.513   268.128    55.117   963.288    86.875   204.508
    87.250     2.908     2.864    13.433    15.202   -27.084     0.115   262.511   268.138    55.116   963.312    87.125   204.502
    87.500     2.917     2.876    13.426    15.195   -27.098     0.115   262.509   268.116    55.111   963.308    87.375   204.495
    87.750     2.881     2.845    13.419    15.188   -27.105     0.117   262.508   268.061    55.107   963.320    87.625   204.488
    88.000     2.917     2.845    13.411    15.181   -27.123     0.118   262.505   268.126    55.105   963.328    87.875   204.480
    88.250     2.929     2.875    13.405    15.174   -27.137     0.117   262.504   267.996    55.097   963.328    88.125   204.478
    88.500     2.906     2.872    13.397    15.168   -27.149     0.116   262.501   268.080    55.094   963.345    88.375   204.472
    88.750     2.895     2.843    13.390    15.161   -27.160     0.116   262.499   268.056    55.090   963.356    88.625   204.467
    89.000     2.925     2.871    13.383    15.154   -27.172     0.114   262.497   268.023    55.084   963.359    88.875   204.462
    89.250     2.899     2.872    13.377    15.148   -27.182     0.114   262.496   268.007    55.079   963.364    89.125   204.454
    89.500     2.904     2.870    13.369    15.141   -27.190     0.114   262.494   268.006    55.078   963.383    89.375   204.447
    89.750     2.892     2.873    13.364    15.134   -27.201     0.114   262.493   267.943    55.069   963.361    89.625   204.442
    90.000     2.916     2.870    13.355    15.127   -27.211     0.115   262.490   268.035    55.068   963.392    89.875   204.436
    90.250     2.904     2.871    13.349    15.121   -27.226     0.115   262.488   268.152    55.064   963.397    90.125   204.430
    90.500     2.889     2.840    13.341    15.114   -27.240     0.114   262.486   268.101    55.063   963.419    90.375   204.423
    90.750     2.910     2.867    13.334    15.107   -27.250     0.113   262.484   268.000    55.058   963.425    90.625   204.418
    91.000     2.901     2.870    13.328    15.100   -27.261     0.113   262.482   267.967    55.053   963.417    90.875   204.410
    91.250     2.887     2.867    13.321    15.094   -27.272     0.112   262.481   267.813    55.052   963.422    91.125   204.401
    91.500     2.877     2.839    13.314    15.087   -27.277     0.114   262.480   267.711    55.051   963.437    91.375   204.393
    91.750     2.905     2.856    13.307    15.081   -27.285     0.117   262.478   267.779    55.045   963.445    91.625   204.388
    92.000     2.899     2.854    13.299    15.074   -27.308     0.123   262.475   267.878    55.041   963.455    91.875   204.382
    92.250     2.893     2.835    13.292    15.067   -27.333     0.121   262.475   267.329    55.034   963.457    92.125   204.375
    92.500     2.910     2.852    13.286    15.061   -27.347     0.121   262.473   267.747    55.029   963.468    92.375   204.371
    92.750     2.895     2.865    13.280    15.054   -27.362     0.118   262.470   267.779    55.018   963.452    92.625   204.366
    93.000     2.893     2.865    13.274    15.048   -27.370     0.115   262.469   267.355    55.013   963.459    92.875   204.360
    93.250     2.894     2.850    13.265    15.041   -27.373     0.113   262.467   267.876    55.016   963.500    93.125   204.353
    93.500     2.893     2.864    13.259    15.035   -27.376     0.111   262.465   267.850    55.011   963.490    93.375   204.349
    93.750     2.882     2.850    13.252    15.029   -27.378     0.112   262.464   267.781    55.010   963.517    93.625   204.341
    94.000     2.888     2.864    13.247    15.022   -27.387     0.112   262.463   267.279    55.000   963.497    93.875   204.337
    94.250     2.903     2.849    13.238    15.016   -27.396     0.111   262.461   267.741    55.002   963.531    94.125   204.330
    94.500     2.894     2.848    13.232    15.010   -27.409     0.111   262.459   267.691    54.998   963.537    94.375   204.324
    94.750     2.908     2.848    13.225    15.004   -27.423     0.110   262.456   267.841    54.993   963.553    94.625   204.320
    95.000     2.886     2.862    13.220    14.998   -27.431     0.111   262.454   267.683    54.989   963.536    94.875   204.313
    95.250     2.879     2.848    13.213    14.991   -27.441     0.113   262.452   267.674    54.989   963.551    95.125   204.304
    95.500     2.881     2.831    13.207    14.985   -27.453     0.115   262.451   267.199    54.986   963.554    95.375   204.300
    95.750     2.902     2.847    13.200    14.979   -27.470     0.117   262.448   267.679    54.982   963.564    95.625   204.294
    96.000     2.891     2.846    13.193    14.972   -27.489     0.117   262.446   267.683    54.978   963.570    95.875   204.287
    96.250     2.891     2.845    13.187    14.966   -27.504     0.115   262.444   267.681    54.974   963.576    96.125   204.281
    96.500     2.886     2.856    13.180    14.960   -27.515     0.114   262.443   267.575    54.972   963.582    96.375   204.275
    96.750     2.875     2.858    13.175    14.954   -27.518     0.113   262.442   267.060    54.966   963.571    96.625   204.270
    97.000     2.887     2.858    13.168    14.948   -27.528     0.113   262.440   267.645    54.964   963.580    96.875   204.263
    97.250     2.872     2.826    13.160    14.941   -27.534     0.112   262.439   267.449    54.960   963.605    97.125   204.259
    97.500     2.891     2.857    13.155    14.935   -27.543     0.111   262.437   267.524    54.952   963.599    97.375   204.255
    97.750     2.882     2.857    13.149    14.929   -27.555     0.111   262.436   267.427    54.945   963.604    97.625   204.250
    98.000     2.888     2.842    13.141    14.923   -27.562     0.111   262.434   267.454    54.947   963.640    97.875   204.245
    98.250     2.896     2.852    13.134    14.917   -27.571     0.111   262.432   267.464    54.943   963.654    98.125   204.241
    98.500     2.874     2.856    13.130    14.911   -27.585     0.112   262.430   267.489    54.933   963.631    98.375   204.236
    98.750     2.875     2.841    13.122    14.905   -27.600     0.111   262.428   267.508    54.936   963.660    98.625   204.229
    99.000     2.891     2.840    13.116    14.899   -27.610     0.110   262.426   267.558    54.931   963.674    98.875   204.224
    99.250     2.889     2.854    13.110    14.892   -27.616     0.110   262.424   267.452    54.925   963.672    99.125   204.220
    99.500     2.854     2.823    13.103    14.886   -27.624     0.111   262.424   266.812    54.924   963.683    99.375   204.212
    99.750     2.882     2.850    13.097    14.880   -27.634     0.113   262.422   267.260    54.920   963.693    99.625   204.207
   100.000     2.876     2.839    13.090    14.874   -27.648     0.114   262.420   267.373    54.916   963.706    99.875   204.202
