  1000.000     4.618     3.338    -0.000     0.632    -1.483    -0.948     2.644     0.000     0.000     0.000     0.000     0.000     0.000   290.224     0.000   0.00E+00    -0.818     0.279   277.741
   950.000     0.530     3.163     0.001     0.798     0.611    -1.354     0.515     0.000    19.421     0.000   -12.409     0.000     0.000   290.224     0.000   0.77E-07    -1.011     0.313   273.709
   900.000    -3.312     2.349    -0.108     0.741     1.383    -1.393     0.000     0.000    19.418    -0.000   -15.304     0.000     2.269   287.823     0.000   0.99E-02    -0.345     0.335   269.712
   850.000    -6.860     1.620     0.386     0.661     1.494    -1.505     0.000     0.000    17.990    -2.266   -10.629     2.674     2.481   286.000     0.053   0.34E+00     0.193     0.370   266.754
   800.000   -10.448     1.024     0.611     0.543     1.629    -1.641     0.000     0.000    16.354    -2.479    -7.732     2.891     1.494   284.749     0.017   0.26E+00     0.611     0.402   263.496
   750.000   -14.108     0.526     0.557     0.386     1.597    -1.610     0.000     0.000    15.033    -1.492    -6.100     2.164     0.401   285.471     0.003   0.17E+00     0.831     0.426   259.892
   700.000   -17.997     0.297     0.351     0.270     1.484    -1.498     0.000     0.000    14.792    -0.376    -5.040     1.929     0.531   284.902     0.002   0.13E+00     0.791     0.437   255.889
   650.000   -22.404     0.147     0.166     0.199     1.309    -1.324     0.000     0.000    14.410    -0.505    -4.128     1.752     0.368   285.762     0.003   0.10E+00     0.664     0.437   251.439
   600.000   -27.218     0.090    -0.021     0.163     1.099    -1.116     0.000     0.000    14.255    -0.342    -3.125     1.699     0.416   287.134     0.005   0.84E-01     0.483     0.424   246.494
   550.000   -32.601     0.039    -0.161     0.143     0.781    -0.801     0.000     0.000    14.166    -0.393    -2.219     1.850     0.178   287.446     0.007   0.75E-01     0.324     0.402   241.012
   500.000   -38.545     0.022    -0.221     0.173     0.602    -0.624     0.000     0.000    14.667    -0.160    -1.336     2.200     0.014   287.727     0.009   0.41E-01     0.189     0.367   234.952
   450.000   -45.240     0.024    -0.234     0.309     0.587    -0.611     0.000     0.000    16.339    -0.001    -0.562     3.254     0.091   288.018     0.038   0.76E-01     0.077     0.325   228.273
   400.000   -52.663     0.025    -0.273     0.540     0.436    -0.463     0.000     0.000    17.152    -0.001    -0.180     3.286     1.364   288.102     0.135   0.74E-01     0.021     0.276   220.918
   350.000   -60.881     0.017    -0.291     0.769     0.372    -0.403    -0.000     0.000    10.445     0.000    -0.038     2.839     8.655   288.217     0.157   0.11E-01     0.002     0.212   212.794
   300.000   -69.738     0.006    -0.422     1.007     0.097    -0.130     0.000     0.000     0.311     0.000    -0.000     0.012    10.136   288.632     0.454   0.24E-02    -0.000     0.110   203.741
   250.000   -74.284     0.003    -4.000     1.000    -0.005    -0.022     0.000     0.000     0.000     0.000    -0.000     0.000     0.311   294.219     0.186   0.81E-04    -0.000     0.012   193.337
   200.000   -73.089     0.001    -4.000     0.179     0.000    -0.011     0.000     0.000     0.000     0.000     0.000     0.000     0.000   307.249     0.000   0.10E-09    -0.000     0.000   180.683
   150.000   -74.123     0.001    -4.000     0.155     0.000    -0.002     0.000     0.000     0.000     0.000     0.000     0.000     0.000   322.772     0.000   0.00E+00     0.000     0.000   164.417
   100.000   -73.174     0.001    -4.000     0.093     0.000    -0.000     0.000     0.000     0.000     0.000     0.000     0.000     0.000   345.602     0.000   0.00E+00     0.000     0.000   141.636
    80.000   -70.583     0.001    -4.000     0.052     0.000     0.003     0.000     0.000     0.000     0.000     0.000     0.000     0.000   361.082     0.000   0.00E+00     0.000     0.000     0.000
    60.000   -64.135     0.001     0.000     0.016     0.000     0.013     0.000     0.000     0.000     0.000     0.000     0.000     0.000   384.714     0.000   0.00E+00     0.000     0.000     0.000
    40.000   -55.481     0.001     0.000     0.004     0.000     0.025     0.000     0.000     0.000     0.000     0.000     0.000     0.000   416.910     0.000   0.00E+00     0.000     0.000     0.000
    30.000   -48.991     0.001     0.000     0.001     0.000     0.034     0.000     0.000     0.000     0.000     0.000     0.000     0.000   440.916     0.000   0.00E+00     0.000     0.000     0.000
    25.000   -37.491     0.001     0.000     0.000     0.000     0.052     0.000     0.000     0.000     0.000     0.000     0.000     0.000   464.544     0.000   0.00E+00    -0.001     0.000     0.000
