  1000.000     7.232     4.178     0.000     0.648    -1.550    -1.020     2.656     0.000     0.000     0.000     0.000     0.000     0.000   293.854     0.000   0.00E+00    -0.896     0.297   280.373
   950.000     3.143     3.992     0.001     0.817     0.984    -1.301     0.218     0.000    17.875     0.000   -12.841     0.000     0.000   293.688     0.000   0.52E-07    -1.160     0.333   276.303
   900.000    -0.458     3.141    -0.223     0.759     1.358    -1.364     0.000     0.000    17.873    -0.000   -15.691     0.000     2.179   291.560     0.000   0.95E-02    -0.472     0.356   272.367
   850.000    -3.847     2.199     0.319     0.684     1.456    -1.464     0.000     0.000    16.646    -2.178   -10.970     2.577     2.148   289.994     0.068   0.40E+00     0.138     0.392   269.564
   800.000    -7.325     1.447     0.567     0.560     1.604    -1.612     0.000     0.000    15.197    -2.148    -8.213     2.546     0.929   289.344     0.018   0.30E+00     0.644     0.427   266.474
   750.000   -10.926     0.833     0.522     0.407     1.608    -1.617     0.000     0.000    14.386    -0.929    -6.806     1.913     0.432   287.976     0.002   0.19E+00     0.903     0.454   263.046
   700.000   -14.710     0.434     0.335     0.286     1.481    -1.490     0.000     0.000    14.121    -0.360    -5.827     1.727     0.310   287.812     0.002   0.14E+00     0.898     0.470   259.223
   650.000   -18.993     0.228     0.134     0.212     1.301    -1.312     0.000     0.000    14.013    -0.246    -4.903     1.599     0.330   288.525     0.002   0.11E+00     0.746     0.475   254.945
   600.000   -23.850     0.126    -0.033     0.173     1.073    -1.085     0.000     0.000    13.956    -0.288    -3.878     1.673     0.314   289.333     0.002   0.91E-01     0.552     0.468   250.153
   550.000   -29.311     0.076    -0.136     0.162     0.833    -0.846     0.000     0.000    14.032    -0.296    -2.773     1.815     0.171   290.507     0.004   0.78E-01     0.379     0.447   244.791
   500.000   -35.352     0.049    -0.164     0.206     0.714    -0.730     0.000     0.000    14.616    -0.157    -1.646     2.175     0.011   290.710     0.010   0.57E-01     0.234     0.412   238.808
   450.000   -41.939     0.031    -0.155     0.383     0.704    -0.722     0.000     0.000    16.082    -0.000    -0.752     2.905     0.100   291.796     0.064   0.12E+00     0.088     0.367   232.152
   400.000   -49.180     0.019    -0.177     0.627     0.573    -0.593     0.000     0.000    15.318    -0.000    -0.231     2.718     2.538   291.119     0.165   0.11E+00     0.030     0.316   224.764
   350.000   -57.314     0.014    -0.208     0.666     0.446    -0.468     0.000     0.000    12.010     0.000    -0.060     3.116     5.599   291.172     0.065   0.14E-01     0.005     0.234   216.557
   300.000   -66.379     0.009    -0.311     0.997     0.206    -0.230     0.000     0.000     0.958     0.000    -0.002     0.093    11.120   292.370     0.444   0.32E-02    -0.000     0.149   207.384
   250.000   -73.478     0.004    -3.227     0.999    -0.017    -0.005     0.000     0.000     0.001     0.000    -0.000     0.000     0.957   294.662     0.253   0.28E-03    -0.000     0.030   196.901
   200.000   -71.760     0.001    -4.000     0.154    -0.000    -0.009     0.000     0.000     0.000     0.000    -0.000     0.000     0.001   308.619     0.000   0.45E-06    -0.000     0.000   184.177
   150.000   -72.992     0.001    -4.000     0.136     0.000     0.000     0.000     0.000     0.000     0.000     0.000     0.000     0.000   323.871     0.000   0.00E+00     0.000     0.000   167.813
   100.000   -72.915     0.001    -4.000     0.092     0.000     0.000     0.000     0.000     0.000     0.000     0.000     0.000     0.000   347.086     0.000   0.00E+00     0.000     0.000   144.957
    80.000   -71.254     0.001    -4.000     0.058     0.000     0.002     0.000     0.000     0.000     0.000     0.000     0.000     0.000   361.797     0.000   0.00E+00     0.000     0.000     0.000
    60.000   -66.146     0.001     0.000     0.021     0.000     0.007     0.000     0.000     0.000     0.000     0.000     0.000     0.000   383.326     0.000   0.00E+00     0.000     0.000     0.000
    40.000   -59.243     0.001     0.000     0.006     0.000     0.015     0.000     0.000     0.000     0.000     0.000     0.000     0.000   414.540     0.000   0.00E+00     0.000     0.000     0.000
    30.000   -54.703     0.001     0.000     0.002     0.000     0.020     0.000     0.000     0.000     0.000     0.000     0.000     0.000   436.093     0.000   0.00E+00     0.000     0.000     0.000
    25.000   -48.182     0.001     0.000     0.001     0.000     0.029     0.000     0.000     0.000     0.000     0.000     0.000     0.000   452.802     0.000   0.00E+00    -0.001     0.000     0.000
