  1000.000     3.464     3.119     0.000     0.643    -1.462    -1.030     2.662     0.000     0.000     0.000     0.000     0.000     0.000   291.871     0.000   0.00E+00    -0.817     0.283   276.574
   950.000    -0.633     2.961     0.001     0.813     0.764    -1.431     0.450     0.000    18.622     0.000   -12.895     0.000     0.001   291.890     0.000   0.30E-06    -1.109     0.316   272.558
   900.000    -4.374     2.126    -0.134     0.739     1.415    -1.444     0.000     0.000    18.614    -0.001   -13.891     0.001     2.287   289.131     0.002   0.37E-01    -0.334     0.341   268.703
   850.000    -7.905     1.419     0.365     0.663     1.485    -1.517     0.000     0.000    17.256    -2.281   -10.246     2.674     2.326   287.702     0.050   0.31E+00     0.203     0.373   265.687
   800.000   -11.530     0.895     0.586     0.551     1.588    -1.623     0.000     0.000    15.711    -2.326    -7.637     2.731     1.291   286.777     0.017   0.27E+00     0.628     0.404   262.368
   750.000   -15.311     0.479     0.530     0.407     1.555    -1.593     0.000     0.000    14.574    -1.287    -6.122     2.045     0.460   286.540     0.004   0.17E+00     0.841     0.428   258.702
   700.000   -19.277     0.240     0.335     0.296     1.443    -1.483     0.000     0.000    14.247    -0.407    -5.115     1.793     0.489   286.874     0.005   0.13E+00     0.813     0.440   254.640
   650.000   -23.697     0.130     0.142     0.227     1.275    -1.319     0.000     0.000    13.909    -0.425    -4.218     1.649     0.367   287.301     0.006   0.11E+00     0.682     0.442   250.136
   600.000   -28.588     0.071    -0.042     0.192     1.078    -1.126     0.000     0.000    13.757    -0.304    -3.248     1.618     0.400   287.863     0.010   0.91E-01     0.498     0.431   245.148
   550.000   -33.972     0.027    -0.179     0.176     0.784    -0.837     0.000     0.000    13.684    -0.345    -2.321     1.784     0.169   288.537     0.014   0.90E-01     0.332     0.409   239.638
   500.000   -40.002     0.021    -0.235     0.218     0.638    -0.697     0.000     0.000    14.191    -0.120    -1.393     2.129     0.037   289.126     0.020   0.46E-01     0.192     0.375   233.568
   450.000   -46.678     0.018    -0.253     0.363     0.613    -0.677     0.000     0.000    15.462    -0.001    -0.602     2.891     0.218   289.417     0.060   0.97E-01     0.077     0.331   226.898
   400.000   -54.006     0.015    -0.306     0.595     0.470    -0.541     0.000     0.000    16.534    -0.002    -0.192     3.608     1.419   289.859     0.160   0.86E-01     0.021     0.280   219.567
   350.000   -62.116     0.014    -0.355     0.851     0.380    -0.458    -0.000     0.000     8.692     0.000    -0.038     2.274     9.251   290.033     0.229   0.21E-01     0.003     0.214   211.478
   300.000   -70.741     0.005    -0.567     1.020     0.116    -0.199     0.000     0.000     0.411     0.000    -0.000     0.028     8.286   290.379     0.480   0.34E-02    -0.000     0.110   202.467
   250.000   -74.662     0.003    -4.000     1.000    -0.005    -0.064     0.000     0.000     0.000     0.000    -0.000     0.000     0.411   294.613     0.455   0.17E-03    -0.000     0.016   192.092
   200.000   -72.995     0.001    -4.000     0.169     0.000    -0.029     0.000     0.000     0.000     0.000     0.000     0.000     0.000   308.794     0.000   0.27E-09    -0.000     0.000   179.445
   150.000   -73.525     0.001    -4.000     0.136     0.000    -0.001     0.000     0.000     0.000     0.000     0.000     0.000     0.000   323.766     0.000   0.00E+00     0.000     0.000   163.147
   100.000   -71.739     0.001    -4.000     0.078     0.000     0.005     0.000     0.000     0.000     0.000     0.000     0.000     0.000   347.762     0.000   0.00E+00     0.000     0.000   140.247
    80.000   -68.354     0.001    -4.000     0.042     0.000     0.016     0.000     0.000     0.000     0.000     0.000     0.000     0.000   363.448     0.000   0.00E+00     0.000     0.000     0.000
    60.000   -60.711     0.001     0.000     0.013     0.000     0.041     0.000     0.000     0.000     0.000     0.000     0.000     0.000   387.486     0.000   0.00E+00     0.000     0.000     0.000
    40.000   -50.540     0.001     0.000     0.003     0.000     0.075     0.000     0.000     0.000     0.000     0.000     0.000     0.000   421.994     0.000   0.00E+00     0.000     0.000     0.000
    30.000   -42.363     0.001     0.000     0.001     0.000     0.103     0.000     0.000     0.000     0.000     0.000     0.000     0.000   448.175     0.000   0.00E+00     0.000     0.000     0.000
    25.000   -26.110     0.001     0.000     0.000     0.000     0.157     0.000     0.000     0.000     0.000     0.000     0.000     0.000   476.574     0.000   0.00E+00    -0.001     0.000     0.000
