  1000.000     7.426     4.270     0.000     0.715    -1.655    -1.517     2.876     0.000     0.000     0.000     0.000     0.000     0.000   313.133     0.000   0.00E+00    -1.323     0.382   280.569
   950.000     3.337     4.086     0.001     0.893     2.272    -1.667    -0.488     0.000    13.122     0.000   -11.298     0.000     0.000   313.111     0.000   0.00E+00    -2.493     0.420   276.496
   900.000    -0.251     3.256    -0.336     0.751     1.539    -1.637     0.000     0.000    13.120     0.000    -7.969     0.000     1.750   308.623     0.000   0.32E-01    -0.834     0.445   272.598
   850.000    -3.651     2.314     0.168     0.697     1.456    -1.557     0.000     0.000    12.206    -1.748    -8.312     1.970     1.377   306.352     0.019   0.12E+00    -0.046     0.476   269.810
   800.000    -7.144     1.534     0.387     0.607     1.480    -1.585     0.000     0.000    11.199    -1.377    -6.994     1.650     0.387   304.577     0.008   0.22E+00     0.611     0.508   266.736
   750.000   -10.748     0.875     0.349     0.501     1.466    -1.574     0.000     0.000    10.858    -0.378    -6.474     1.305     0.150   303.622     0.001   0.16E+00     0.990     0.535   263.326
   700.000   -14.537     0.446     0.226     0.415     1.411    -1.523     0.000     0.000    10.875    -0.043    -6.192     1.246     0.153   303.411     0.001   0.13E+00     1.120     0.556   259.522
   650.000   -18.829     0.227     0.084     0.351     1.317    -1.434     0.000     0.000    10.908    -0.039    -5.798     1.178     0.150   303.759     0.000   0.10E+00     1.091     0.569   255.264
   600.000   -23.626     0.117    -0.067     0.307     1.193    -1.315     0.000     0.000    10.982    -0.044    -5.104     1.215     0.151   304.354     0.000   0.92E-01     0.955     0.574   250.490
   550.000   -28.961     0.063    -0.185     0.288     1.063    -1.191     0.000     0.000    11.153    -0.051    -4.097     1.335     0.117   305.179     0.001   0.11E+00     0.741     0.568   245.141
   500.000   -34.859     0.037    -0.220     0.313     1.026    -1.163     0.000     0.000    11.519    -0.037    -2.838     1.507     0.074   306.055     0.003   0.78E-01     0.498     0.545   239.164
   450.000   -41.388     0.025    -0.140     0.409     1.083    -1.228     0.000     0.000    11.648     0.000    -1.634     1.643     0.619   306.798     0.046   0.25E+00     0.303     0.504   232.506
   400.000   -48.669     0.018    -0.081     0.516     0.999    -1.154     0.000     0.000    11.493     0.000    -0.746     1.875     1.306   307.316     0.112   0.23E+00     0.184     0.437   225.110
   350.000   -56.821     0.015    -0.057     0.607     0.816    -0.982     0.000     0.000    10.601     0.000    -0.289     2.287     2.611   307.782     0.126   0.13E+00     0.077     0.360   216.889
   300.000   -65.917     0.010    -0.074     0.778     0.564    -0.739     0.000     0.000     4.916     0.000    -0.090     0.959     6.402   308.302     0.252   0.68E-01     0.020     0.277   207.699
   250.000   -73.063     0.004    -0.891     0.950     0.276    -0.446     0.000     0.000     1.666     0.000    -0.014     0.344     3.511   309.512     0.401   0.26E-01     0.002     0.166   197.195
   200.000   -69.868     0.001    -4.000     0.438     0.063    -0.167     0.000     0.000     0.050     0.000    -0.000     0.000     1.616   317.941     0.140   0.23E-02    -0.000     0.073   184.389
   150.000   -70.216     0.001    -4.000     0.137    -0.005    -0.034     0.000     0.000     0.000     0.000    -0.000     0.000     0.050   332.963     0.000   0.34E-04    -0.000     0.007   167.829
   100.000   -68.876     0.001    -4.000     0.053     0.000     0.021     0.000     0.000     0.000     0.000     0.000     0.000     0.000   356.515     0.000   0.00E+00     0.000     0.000   144.576
    80.000   -65.845     0.001    -4.000     0.032     0.000     0.037     0.000     0.000     0.000     0.000     0.000     0.000     0.000   371.816     0.000   0.00E+00     0.000     0.000     0.000
    60.000   -58.592     0.001     0.000     0.011     0.000     0.073     0.000     0.000     0.000     0.000     0.000     0.000     0.000   395.505     0.000   0.00E+00     0.000     0.000     0.000
    40.000   -48.931     0.001     0.000     0.003     0.000     0.121     0.000     0.000     0.000     0.000     0.000     0.000     0.000   429.488     0.000   0.00E+00     0.000     0.000     0.000
    30.000   -41.350     0.001     0.000     0.001     0.000     0.159     0.000     0.000     0.000     0.000     0.000     0.000     0.000   455.104     0.000   0.00E+00     0.000     0.000     0.000
    25.000   -26.373     0.001     0.000     0.000     0.000     0.234     0.000     0.000     0.000     0.000     0.000     0.000     0.000   481.539     0.000   0.00E+00    -0.001     0.000     0.000
