  1000.000    12.615     6.375     0.000     0.709    -1.584    -1.315     2.748     0.000     0.000     0.000     0.000     0.000     0.000   307.319     0.000   0.00E+00    -1.075     0.340   285.777
   950.000     8.489     6.174     0.001     0.888     2.147    -1.465    -0.466     0.000    12.874     0.000   -10.730     0.000     0.005   307.328     0.000   0.71E-06    -1.960     0.376   281.631
   900.000     5.401     4.518    -0.352     0.739     1.401    -1.397     0.000     0.000    12.834    -0.005    -7.192     0.005     1.993   303.197     0.003   0.35E-01    -0.457     0.400   278.015
   850.000     1.982     3.410     0.198     0.683     1.330    -1.343     0.000     0.000    11.916    -1.959    -7.089     2.181     1.498   301.162     0.008   0.22E-01     0.250     0.428   275.345
   800.000    -1.415     2.415     0.498     0.608     1.404    -1.429     0.000     0.000    10.905    -1.498    -7.170     1.795     0.338   299.715     0.015   0.33E+00     0.791     0.454   272.489
   750.000    -4.445     1.444     0.578     0.512     1.467    -1.494     0.000     0.000    10.641    -0.333    -7.431     1.406     0.098   298.828     0.011   0.17E+00     1.244     0.476   269.463
   700.000    -7.814     0.828     0.343     0.408     1.459    -1.490     0.000     0.000    10.721    -0.007    -6.237     1.273     0.094   298.769     0.018   0.12E+00     1.319     0.501   266.076
   650.000   -11.578     0.460     0.044     0.335     1.334    -1.374     0.000     0.000    10.807    -0.002    -5.621     1.112     0.082   299.404     0.028   0.11E+00     1.167     0.519   262.254
   600.000   -15.914     0.263    -0.237     0.298     1.139    -1.192     0.000     0.000    10.963     0.000    -4.856     1.207     0.069   300.408     0.044   0.10E+00     0.888     0.528   257.913
   550.000   -20.988     0.173    -0.414     0.303     0.939    -1.014     0.000     0.000    11.170     0.000    -3.904     1.335     0.120   301.492     0.069   0.12E+00     0.594     0.522   252.958
   500.000   -26.884     0.139    -0.467     0.358     0.817    -0.924     0.000     0.000    11.533     0.000    -2.741     1.476     0.130   302.429     0.097   0.11E+00     0.360     0.495   247.294
   450.000   -33.585     0.127    -0.462     0.496     0.853    -0.998     0.000     0.000    11.931    -0.002    -1.496     1.657     0.355   303.176     0.147   0.23E+00     0.189     0.452   240.832
   400.000   -41.057     0.106    -0.553     0.717     0.837    -1.024     0.000     0.000    12.009    -0.006    -0.599     1.961     1.103   303.782     0.242   0.24E+00     0.051     0.394   233.493
   350.000   -49.342     0.056    -0.793     0.966     0.609    -0.841     0.000     0.000    10.937     0.000    -0.158     2.548     3.089   304.322     0.301   0.14E+00     0.008     0.317   225.191
   300.000   -58.666     0.021    -1.205     1.013     0.410    -0.688     0.000     0.000     5.287     0.000    -0.027     1.286     6.673   304.876     0.347   0.22E-01    -0.000     0.211   215.801
   250.000   -69.186     0.007    -2.268     1.004     0.038    -0.360     0.000     0.000     0.022     0.000    -0.000     0.000     5.266   306.111     0.460   0.22E-02    -0.000     0.089   205.100
   200.000   -68.450     0.001    -4.000     0.214    -0.002    -0.103     0.000     0.000     0.000     0.000    -0.000     0.000     0.022   316.578     0.000   0.93E-05    -0.000     0.001   192.152
   150.000   -71.312     0.001    -4.000     0.126     0.000     0.037     0.000     0.000     0.000     0.000     0.000     0.000     0.000   328.725     0.000   0.00E+00     0.000     0.000   175.606
   100.000   -72.333     0.001    -4.000     0.096     0.000     0.016     0.000     0.000     0.000     0.000     0.000     0.000     0.000   350.741     0.000   0.00E+00     0.000     0.000   152.631
    80.000   -71.391     0.001    -4.000     0.072     0.000     0.035     0.000     0.000     0.000     0.000     0.000     0.000     0.000   363.853     0.000   0.00E+00     0.000     0.000     0.000
    60.000   -66.731     0.001     0.000     0.036     0.000     0.128     0.000     0.000     0.000     0.000     0.000     0.000     0.000   383.323     0.000   0.00E+00     0.000     0.000     0.000
    40.000   -59.884     0.001     0.000     0.013     0.000     0.265     0.000     0.000     0.000     0.000     0.000     0.000     0.000   411.889     0.000   0.00E+00     0.000     0.000     0.000
    30.000   -55.444     0.001     0.000     0.007     0.000     0.354     0.000     0.000     0.000     0.000     0.000     0.000     0.000   432.900     0.000   0.00E+00     0.000     0.000     0.000
    25.000   -49.714     0.001     0.000     0.003     0.000     0.469     0.000     0.000     0.000     0.000     0.000     0.000     0.000   450.791     0.000   0.00E+00    -0.001     0.000     0.000
