  1000.000     3.103     3.020     0.000     0.655    -1.455    -1.087     2.686     0.000     0.000     0.000     0.000     0.000     0.000   295.285     0.000   0.00E+00    -0.851     0.298   276.210
   950.000    -0.994     2.861     0.001     0.827     0.832    -1.485     0.429     0.000    18.051     0.000   -13.896     0.000     0.000   295.294     0.000   0.00E+00    -1.375     0.332   272.199
   900.000    -4.767     2.036    -0.131     0.739     1.452    -1.494     0.000     0.000    18.048     0.000   -13.050     0.000     2.029   292.172     0.002   0.57E-01    -0.436     0.360   268.330
   850.000    -8.318     1.358     0.331     0.658     1.485    -1.529     0.000     0.000    16.809    -2.026    -9.723     2.433     2.124   290.387     0.039   0.25E+00     0.156     0.393   265.294
   800.000   -11.965     0.852     0.541     0.552     1.562    -1.608     0.000     0.000    15.412    -2.124    -7.289     2.553     1.326   289.379     0.015   0.25E+00     0.595     0.424   261.954
   750.000   -15.740     0.456     0.515     0.420     1.541    -1.589     0.000     0.000    14.273    -1.326    -5.992     1.988     0.513   289.636     0.003   0.17E+00     0.841     0.447   258.265
   700.000   -19.732     0.239     0.354     0.313     1.450    -1.499     0.000     0.000    13.900    -0.475    -5.106     1.754     0.444   289.324     0.001   0.13E+00     0.862     0.459   254.182
   650.000   -24.196     0.132     0.180     0.243     1.315    -1.367     0.000     0.000    13.625    -0.396    -4.343     1.624     0.365   289.645     0.000   0.10E+00     0.771     0.461   249.660
   600.000   -29.104     0.065    -0.006     0.201     1.140    -1.193     0.000     0.000    13.479    -0.318    -3.472     1.564     0.397   290.458     0.000   0.85E-01     0.611     0.453   244.658
   550.000   -34.471     0.026    -0.172     0.171     0.828    -0.885     0.000     0.000    13.430    -0.354    -2.554     1.755     0.102   291.091     0.000   0.79E-01     0.434     0.436   239.139
   500.000   -40.501     0.020    -0.228     0.202     0.692    -0.752     0.000     0.000    14.099    -0.070    -1.643     2.187     0.026   291.647     0.003   0.51E-01     0.265     0.406   233.066
   450.000   -47.167     0.017    -0.210     0.313     0.670    -0.734     0.000     0.000    15.529     0.000    -0.820     3.008     0.208   291.996     0.029   0.11E+00     0.137     0.364   226.400
   400.000   -54.484     0.014    -0.203     0.501     0.541    -0.609     0.000     0.000    18.074     0.000    -0.320     4.728     1.010   292.419     0.113   0.10E+00     0.064     0.311   219.077
   350.000   -62.576     0.014    -0.185     0.814     0.478    -0.550    -0.000     0.000     7.378     0.000    -0.093     1.662    11.683   292.669     0.258   0.46E-01     0.017     0.247   211.002
   300.000   -71.176     0.005    -0.362     0.942     0.194    -0.269     0.000     0.000     1.790     0.000    -0.022     0.354     5.858   292.847     0.394   0.21E-01     0.003     0.141   202.006
   250.000   -74.898     0.003    -4.000     1.013     0.076    -0.142     0.000     0.000     0.382     0.000    -0.002     0.076     1.462   296.902     0.448   0.67E-02     0.000     0.052   191.647
   200.000   -73.454     0.001    -4.000     0.251     0.005    -0.048     0.000     0.000     0.003     0.000    -0.000     0.000     0.380   309.845     0.030   0.40E-03    -0.000     0.016   179.023
   150.000   -73.993     0.001    -4.000     0.131     0.000    -0.017     0.000     0.000     0.000     0.000    -0.000     0.000     0.003   325.831     0.000   0.30E-05    -0.000     0.000   162.763
   100.000   -72.153     0.001    -4.000     0.067     0.000     0.002     0.000     0.000     0.000     0.000     0.000     0.000     0.000   350.084     0.000   0.00E+00     0.000     0.000   139.913
    80.000   -68.714     0.001    -4.000     0.035     0.000     0.009     0.000     0.000     0.000     0.000     0.000     0.000     0.000   365.614     0.000   0.00E+00     0.000     0.000     0.000
    60.000   -60.990     0.001     0.000     0.010     0.000     0.024     0.000     0.000     0.000     0.000     0.000     0.000     0.000   389.696     0.000   0.00E+00     0.000     0.000     0.000
    40.000   -50.717     0.001     0.000     0.002     0.000     0.045     0.000     0.000     0.000     0.000     0.000     0.000     0.000   424.514     0.000   0.00E+00     0.000     0.000     0.000
    30.000   -42.462     0.001     0.000     0.001     0.000     0.061     0.000     0.000     0.000     0.000     0.000     0.000     0.000   450.569     0.000   0.00E+00     0.000     0.000     0.000
    25.000   -26.086     0.001     0.000     0.000     0.000     0.095     0.000     0.000     0.000     0.000     0.000     0.000     0.000   478.253     0.000   0.00E+00    -0.001     0.000     0.000
