  1000.000     2.964     2.984    -0.000     0.623    -1.298    -0.819     2.568     0.000     0.000     0.000     0.000     0.000     0.000   286.113     0.000   0.00E+00    -0.559     0.253   276.070
   950.000    -1.133     2.824     0.001     0.796    -0.116    -1.395     1.057     0.000    20.931     0.000   -16.556     0.000     0.001   286.153     0.000   0.20E-05    -0.863     0.282   272.062
   900.000    -4.919     2.006     0.009     0.726     1.423    -1.425     0.000     0.000    20.930    -0.001   -15.144     0.001     2.076   283.139     0.005   0.94E-01    -0.252     0.316   268.189
   850.000    -8.476     1.341     0.430     0.631     1.503    -1.507     0.000     0.000    19.553    -2.076   -10.330     2.643     2.628   282.351     0.047   0.31E+00     0.222     0.350   265.145
   800.000   -12.138     0.845     0.618     0.520     1.600    -1.605     0.000     0.000    17.905    -2.621    -7.198     3.096     1.922   281.294     0.020   0.25E+00     0.535     0.380   261.797
   750.000   -15.918     0.437     0.589     0.380     1.574    -1.580     0.000     0.000    16.255    -1.914    -5.428     2.368     0.780   281.782     0.006   0.17E+00     0.700     0.399   258.100
   700.000   -19.900     0.226     0.408     0.265     1.469    -1.477     0.000     0.000    15.630    -0.762    -4.221     2.050     0.640   281.260     0.005   0.12E+00     0.665     0.405   254.009
   650.000   -24.362     0.124     0.219     0.197     1.320    -1.330     0.000     0.000    15.180    -0.621    -3.291     1.900     0.511   282.520     0.006   0.95E-01     0.546     0.400   249.480
   600.000   -29.268     0.065     0.020     0.161     1.122    -1.134     0.000     0.000    14.911    -0.493    -2.419     1.782     0.570   283.588     0.008   0.76E-01     0.387     0.384   244.473
   550.000   -34.657     0.025    -0.163     0.124     0.682    -0.695     0.000     0.000    14.759    -0.550    -1.677     2.039     0.058   283.890     0.009   0.53E-01     0.254     0.361   238.950
   500.000   -40.690     0.019    -0.241     0.160     0.513    -0.529     0.000     0.000    15.818    -0.042    -0.937     2.743     0.023   284.075     0.012   0.38E-01     0.141     0.328   232.877
   450.000   -47.355     0.016    -0.269     0.265     0.441    -0.460     0.000     0.000    18.210    -0.003    -0.365     4.038     0.030   284.322     0.021   0.34E-01     0.060     0.288   226.212
   400.000   -54.671     0.014    -0.298     0.475     0.319    -0.341     0.000     0.000    24.118    -0.002    -0.102     7.888     0.480   284.461     0.087   0.29E-01     0.019     0.244   218.893
   350.000   -62.758     0.013    -0.306     0.962     0.313    -0.337    -0.000     0.000     3.692    -0.002    -0.006     0.622    20.711   284.556     0.396   0.29E-02     0.000     0.192   210.822
   300.000   -71.336     0.004    -0.697     1.001     0.019    -0.045     0.000     0.000     0.053    -0.001    -0.000     0.001     3.639   284.739     0.470   0.84E-03    -0.000     0.066   201.833
   250.000   -74.973     0.003    -4.000     1.000    -0.001    -0.020     0.000     0.000     0.000     0.000    -0.000     0.000     0.053   291.033     0.298   0.95E-05    -0.000     0.002   191.479
   200.000   -73.603     0.001    -4.000     0.206     0.000    -0.004     0.000     0.000     0.000     0.000     0.000     0.000     0.000   304.695     0.000   0.48E-10    -0.000     0.000   178.863
   150.000   -74.158     0.001    -4.000     0.167     0.000    -0.002     0.000     0.000     0.000     0.000     0.000     0.000     0.000   320.591     0.000   0.00E+00     0.000     0.000   162.616
   100.000   -72.288     0.001    -4.000     0.087     0.000     0.000     0.000     0.000     0.000     0.000     0.000     0.000     0.000   345.776     0.000   0.00E+00     0.000     0.000   139.783
    80.000   -68.812     0.001    -4.000     0.044     0.000     0.005     0.000     0.000     0.000     0.000     0.000     0.000     0.000   360.726     0.000   0.00E+00     0.000     0.000     0.000
    60.000   -61.059     0.001     0.000     0.012     0.000     0.016     0.000     0.000     0.000     0.000     0.000     0.000     0.000   385.365     0.000   0.00E+00     0.000     0.000     0.000
    40.000   -50.766     0.001     0.000     0.002     0.000     0.031     0.000     0.000     0.000     0.000     0.000     0.000     0.000   420.606     0.000   0.00E+00     0.000     0.000     0.000
    30.000   -42.494     0.001     0.000     0.001     0.000     0.043     0.000     0.000     0.000     0.000     0.000     0.000     0.000   447.351     0.000   0.00E+00     0.000     0.000     0.000
    25.000   -26.078     0.001     0.000     0.000     0.000     0.068     0.000     0.000     0.000     0.000     0.000     0.000     0.000   475.982     0.000   0.00E+00    -0.001     0.000     0.000
