  1000.000     5.260     3.539     0.000     0.647    -1.522    -1.039     2.668     0.000     0.000     0.000     0.000     0.000     0.000   293.463     0.000   0.00E+00    -0.886     0.292   278.387
   950.000     1.171     3.363     0.001     0.815     0.949    -1.378     0.289     0.000    18.056     0.000   -12.335     0.000     0.000   293.460     0.000   0.00E+00    -1.171     0.327   274.346
   900.000    -2.638     2.543    -0.183     0.746     1.389    -1.409     0.000     0.000    18.051     0.000   -14.326     0.000     2.247   290.695     0.000   0.11E-01    -0.392     0.350   270.380
   850.000    -6.194     1.770     0.342     0.673     1.473    -1.495     0.000     0.000    16.750    -2.242   -10.499     2.623     2.234   288.973     0.058   0.35E+00     0.185     0.383   267.461
   800.000    -9.776     1.086     0.580     0.556     1.598    -1.622     0.000     0.000    15.248    -2.234    -7.888     2.622     1.070   288.202     0.017   0.28E+00     0.653     0.416   264.245
   750.000   -13.349     0.521     0.531     0.407     1.584    -1.609     0.000     0.000    14.321    -1.069    -6.521     1.979     0.436   287.958     0.003   0.18E+00     0.894     0.441   260.684
   700.000   -17.159     0.255     0.335     0.290     1.450    -1.478     0.000     0.000    14.032    -0.393    -5.539     1.763     0.349   288.263     0.003   0.13E+00     0.878     0.456   256.724
   650.000   -21.537     0.131     0.133     0.220     1.272    -1.302     0.000     0.000    13.841    -0.303    -4.642     1.613     0.342   288.498     0.004   0.11E+00     0.731     0.460   252.314
   600.000   -26.346     0.068    -0.041     0.183     1.047    -1.080     0.000     0.000    13.716    -0.294    -3.647     1.616     0.305   289.454     0.006   0.89E-01     0.540     0.452   247.402
   550.000   -31.716     0.028    -0.155     0.175     0.811    -0.848     0.000     0.000    13.741    -0.265    -2.614     1.741     0.193   290.006     0.009   0.86E-01     0.366     0.431   241.944
   500.000   -37.693     0.020    -0.194     0.218     0.685    -0.725     0.000     0.000    14.153    -0.161    -1.580     2.012     0.022   290.438     0.014   0.50E-01     0.219     0.397   235.897
   450.000   -44.322     0.019    -0.200     0.385     0.685    -0.730     0.000     0.000    15.396    -0.000    -0.712     2.746     0.144   290.952     0.066   0.12E+00     0.084     0.353   229.217
   400.000   -51.642     0.019    -0.245     0.653     0.541    -0.591     0.000     0.000    14.894    -0.001    -0.220     2.635     2.161   291.040     0.177   0.11E+00     0.025     0.302   221.847
   350.000   -59.859     0.018    -0.288     0.755     0.430    -0.485    -0.000     0.000    10.303     0.000    -0.051     2.552     6.326   291.300     0.121   0.23E-01     0.004     0.226   213.694
   300.000   -68.850     0.006    -0.452     1.004     0.171    -0.231     0.000     0.000     0.982     0.000    -0.002     0.119     9.401   291.604     0.438   0.40E-02    -0.000     0.134   204.607
   250.000   -74.053     0.004    -3.907     1.000    -0.008    -0.045     0.000     0.000     0.000     0.000    -0.000     0.000     0.981   295.488     0.252   0.36E-03    -0.000     0.027   194.180
   200.000   -72.707     0.001    -4.000     0.164     0.000    -0.024     0.000     0.000     0.000     0.000    -0.000     0.000     0.000   309.181     0.000   0.83E-07    -0.000     0.000   181.506
   150.000   -73.723     0.001    -4.000     0.139     0.000    -0.001     0.000     0.000     0.000     0.000     0.000     0.000     0.000   324.056     0.000   0.00E+00     0.000     0.000   165.208
   100.000   -72.843     0.001    -4.000     0.087     0.000     0.001     0.000     0.000     0.000     0.000     0.000     0.000     0.000   347.268     0.000   0.00E+00     0.000     0.000   142.386
    80.000   -70.298     0.001    -4.000     0.050     0.000     0.007     0.000     0.000     0.000     0.000     0.000     0.000     0.000   362.602     0.000   0.00E+00     0.000     0.000     0.000
    60.000   -63.887     0.001     0.000     0.017     0.000     0.023     0.000     0.000     0.000     0.000     0.000     0.000     0.000   385.415     0.000   0.00E+00     0.000     0.000     0.000
    40.000   -55.289     0.001     0.000     0.004     0.000     0.045     0.000     0.000     0.000     0.000     0.000     0.000     0.000   417.902     0.000   0.00E+00     0.000     0.000     0.000
    30.000   -48.869     0.001     0.000     0.002     0.000     0.061     0.000     0.000     0.000     0.000     0.000     0.000     0.000   442.168     0.000   0.00E+00     0.000     0.000     0.000
    25.000   -37.521     0.001     0.000     0.000     0.000     0.090     0.000     0.000     0.000     0.000     0.000     0.000     0.000   465.172     0.000   0.00E+00    -0.001     0.000     0.000
