  1000.000     2.590     2.912    -0.000     0.629    -1.232    -0.739     2.313     0.000     0.000     0.000     0.000     0.000     0.000   286.237     0.000   0.00E+00    -0.562     0.237   275.703
   950.000    -1.489     2.763     0.001     0.806     0.023    -1.212     0.827     0.000    19.557     0.000   -15.554     0.000     0.000   286.252     0.000   0.84E-07    -0.909     0.266   271.700
   900.000    -5.267     1.963     0.005     0.730     1.260    -1.271     0.000     0.000    19.555    -0.000   -13.706     0.000     2.239   283.659     0.007   0.10E+00    -0.259     0.297   267.860
   850.000    -8.852     1.320     0.445     0.640     1.370    -1.382     0.000     0.000    18.134    -2.237    -9.776     2.642     2.495   283.007     0.043   0.27E+00     0.213     0.328   264.798
   800.000   -12.512     0.828     0.638     0.525     1.489    -1.501     0.000     0.000    16.567    -2.495    -6.804     2.909     1.689   281.900     0.016   0.23E+00     0.550     0.355   261.431
   750.000   -16.317     0.450     0.598     0.377     1.460    -1.473     0.000     0.000    15.113    -1.689    -5.199     2.193     0.539   281.931     0.003   0.15E+00     0.727     0.374   257.716
   700.000   -20.366     0.215     0.410     0.269     1.384    -1.398     0.000     0.000    14.741    -0.522    -4.095     1.931     0.681   281.932     0.001   0.12E+00     0.680     0.381   253.608
   650.000   -24.786     0.105     0.225     0.197     1.218    -1.234     0.000     0.000    14.223    -0.663    -3.254     1.767     0.423   282.976     0.002   0.88E-01     0.564     0.376   249.064
   600.000   -29.666     0.057     0.022     0.160     1.013    -1.029     0.000     0.000    14.049    -0.405    -2.422     1.681     0.485   284.019     0.002   0.71E-01     0.396     0.363   244.045
   550.000   -35.094     0.027    -0.139     0.128     0.621    -0.638     0.000     0.000    13.958    -0.470    -1.711     1.893     0.035   283.468     0.004   0.51E-01     0.260     0.342   238.515
   500.000   -41.149     0.023    -0.194     0.177     0.495    -0.515     0.000     0.000    14.904    -0.020    -0.933     2.485     0.013   284.481     0.006   0.34E-01     0.143     0.312   232.440
   450.000   -47.802     0.019    -0.208     0.295     0.436    -0.458     0.000     0.000    16.989    -0.000    -0.378     3.602     0.036   284.661     0.017   0.74E-01     0.062     0.276   225.779
   400.000   -55.097     0.017    -0.224     0.544     0.375    -0.398     0.000     0.000    19.547    -0.000    -0.125     6.163     2.174   285.413     0.078   0.32E-01     0.011     0.234   218.469
   350.000   -63.125     0.012    -0.240     0.974     0.293    -0.319    -0.000     0.000     2.790     0.000    -0.010     0.374    17.004   285.494     0.415   0.92E-02     0.001     0.181   210.410
   300.000   -71.451     0.004    -0.833     1.007     0.011    -0.038     0.000     0.000     0.127     0.000    -0.000     0.011     2.667   285.746     0.489   0.13E-02    -0.000     0.059   201.428
   250.000   -74.325     0.003    -4.000     1.000    -0.001    -0.021     0.000     0.000     0.000     0.000    -0.000     0.000     0.127   292.905     0.232   0.85E-04    -0.000     0.005   191.056
   200.000   -72.747     0.001    -4.000     0.173     0.000    -0.010     0.000     0.000     0.000     0.000     0.000     0.000     0.000   306.038     0.000   0.91E-10    -0.000     0.000   178.391
   150.000   -73.958     0.001    -4.000     0.154     0.000    -0.002     0.000     0.000     0.000     0.000     0.000     0.000     0.000   321.777     0.000   0.00E+00     0.000     0.000   162.104
   100.000   -74.097     0.001    -4.000     0.107     0.000    -0.002     0.000     0.000     0.000     0.000     0.000     0.000     0.000   344.322     0.000   0.00E+00     0.000     0.000   139.371
    80.000   -72.986     0.001    -4.000     0.073     0.000    -0.001     0.000     0.000     0.000     0.000     0.000     0.000     0.000   356.919     0.000   0.00E+00     0.000     0.000     0.000
    60.000   -69.004     0.001     0.000     0.031     0.000     0.003     0.000     0.000     0.000     0.000     0.000     0.000     0.000   377.143     0.000   0.00E+00     0.000     0.000     0.000
    40.000   -63.496     0.001     0.000     0.010     0.000     0.009     0.000     0.000     0.000     0.000     0.000     0.000     0.000   405.955     0.000   0.00E+00     0.000     0.000     0.000
    30.000   -60.388     0.001     0.000     0.005     0.000     0.012     0.000     0.000     0.000     0.000     0.000     0.000     0.000   425.980     0.000   0.00E+00     0.000     0.000     0.000
    25.000   -57.409     0.001     0.000     0.003     0.000     0.017     0.000     0.000     0.000     0.000     0.000     0.000     0.000   440.946     0.000   0.00E+00    -0.001     0.000     0.000
