  1000.000    23.368    14.219    -0.000     0.792    -1.966    -1.955     3.024     0.000     0.000     0.000     0.000     0.000     0.000   375.867     0.000   0.00E+00    -2.702     0.689   296.567
   950.000    19.150    13.969     0.001     0.974     3.497    -1.078    -1.789     0.000     8.920     0.000   -12.157     0.000     0.000   375.960     0.000   0.00E+00    -6.963     0.734   292.273
   900.000    17.301    10.942    -0.178     0.834     1.611    -1.743     0.000     0.000     8.920     0.000    -5.212     0.000     0.949   367.759     0.003   0.16E+00    -3.871     0.764   289.869
   850.000    14.679     9.122     0.292     0.808     1.503    -1.635     0.000     0.000     8.146    -0.949    -5.969     1.008     0.136   363.379     0.004   0.18E+00    -2.702     0.807   287.719
   800.000    12.126     7.395     0.401     0.768     1.614    -1.746     0.000     0.000     7.764    -0.128    -5.113     0.604     0.432   359.944     0.010   0.22E+00    -1.619     0.842   285.404
   750.000     9.486     6.019     0.395     0.732     1.658    -1.788     0.000     0.000     7.440     0.000    -4.771     0.544     0.473   357.281     0.008   0.20E+00    -0.801     0.869   282.895
   700.000     6.416     4.976     0.310     0.698     1.685    -1.814     0.000     0.000     7.115     0.000    -4.482     0.515     0.453   355.255     0.006   0.17E+00    -0.175     0.886   280.157
   650.000     2.934     4.112     0.142     0.661     1.700    -1.830     0.000     0.000     6.804     0.000    -4.198     0.500     0.428   353.661     0.003   0.13E+00     0.290     0.894   277.143
   600.000    -1.055     3.249    -0.069     0.620     1.707    -1.839     0.000     0.000     6.573     0.000    -3.956     0.507     0.346   352.480     0.000   0.99E-01     0.637     0.894   273.793
   550.000    -4.808     2.382    -0.199     0.590     1.733    -1.864     0.000     0.000     6.393     0.000    -3.854     0.520     0.295   351.846     0.000   0.86E-01     0.821     0.887   270.234
   500.000    -9.204     1.742    -0.326     0.560     1.813    -1.944     0.000     0.000     6.237     0.000    -3.438     0.518     0.273   351.668     0.001   0.83E-01     0.871     0.873   266.127
   450.000   -14.449     1.142    -0.417     0.532     1.942    -2.076     0.000     0.000     5.899     0.000    -2.813     0.502     0.465   351.881     0.006   0.23E+00     0.858     0.849   261.269
   400.000   -20.619     0.590    -0.425     0.496     2.086    -2.226     0.000     0.000     5.414     0.000    -2.081     0.495     0.639   352.414     0.011   0.29E+00     0.774     0.808   255.412
   350.000   -28.015     0.248    -0.420     0.442     2.182    -2.330     0.000     0.000     4.892     0.000    -1.454     0.465     0.684   352.884     0.013   0.28E+00     0.875     0.746   248.231
   300.000   -37.004     0.134    -0.481     0.359     2.013    -2.175     0.000     0.000     4.707     0.000    -0.931     0.513     0.407   354.340     0.010   0.26E+00     0.865     0.675   239.364
   250.000   -47.755     0.060    -0.440     0.412     1.945    -2.123     0.000     0.000     4.479     0.000    -0.423     0.635     0.598   356.718     0.032   0.22E+00     0.562     0.608   228.470
   200.000   -60.938     0.030    -0.386     0.530     1.449    -1.647     0.000     0.000     3.270     0.000    -0.170     0.535     1.544   359.051     0.142   0.16E+00     0.346     0.527   215.225
   150.000   -70.486     0.003    -0.609     0.752     0.937    -1.111     0.000     0.000     1.613     0.000    -0.054     0.264     1.840   361.975     0.242   0.89E-01     0.000     0.400   198.607
   100.000   -66.192     0.001    -4.000     0.608     0.222    -0.245     0.000     0.000     0.000     0.000    -0.000     0.000     1.613   373.234     0.181   0.23E-01     0.000     0.221   175.148
    80.000   -61.118     0.001    -4.000     0.050     0.000     0.079     0.000     0.000     0.000     0.000     0.000     0.000     0.000   389.269     0.000   0.44E-09    -0.000     0.000     0.000
    60.000   -53.779     0.001     0.000     0.008     0.000     0.129     0.000     0.000     0.000     0.000     0.000     0.000     0.000   414.493     0.000   0.00E+00     0.000     0.000     0.000
    40.000   -44.965     0.001     0.000     0.003     0.000     0.188     0.000     0.000     0.000     0.000     0.000     0.000     0.000   447.527     0.000   0.00E+00     0.000     0.000     0.000
    30.000   -38.671     0.001     0.000     0.001     0.000     0.230     0.000     0.000     0.000     0.000     0.000     0.000     0.000   472.004     0.000   0.00E+00     0.000     0.000     0.000
    25.000   -27.042     0.001     0.000     0.000     0.000     0.307     0.000     0.000     0.000     0.000     0.000     0.000     0.000   496.349     0.000   0.00E+00    -0.001     0.000     0.000
