  1000.000     2.969     2.983     0.000     0.630    -1.343    -0.883     2.593     0.000     0.000     0.000     0.000     0.000     0.000   288.259     0.000   0.00E+00    -0.631     0.263   276.075
   950.000    -1.128     2.824     0.001     0.803     0.134    -1.416     0.888     0.000    20.149     0.000   -15.807     0.000     0.000   288.278     0.000   0.71E-07    -0.964     0.293   272.067
   900.000    -4.914     2.004    -0.035     0.728     1.423    -1.437     0.000     0.000    20.146    -0.000   -14.513     0.000     2.098   285.009     0.004   0.83E-01    -0.274     0.325   268.191
   850.000    -8.468     1.339     0.407     0.637     1.496    -1.512     0.000     0.000    18.812    -2.096   -10.256     2.624     2.499   284.123     0.043   0.29E+00     0.223     0.358   265.147
   800.000   -12.122     0.850     0.607     0.527     1.592    -1.609     0.000     0.000    17.229    -2.499    -7.352     2.964     1.711   282.903     0.017   0.25E+00     0.570     0.388   261.798
   750.000   -15.915     0.485     0.576     0.387     1.570    -1.588     0.000     0.000    15.766    -1.710    -5.688     2.267     0.706   283.533     0.004   0.17E+00     0.755     0.410   258.102
   700.000   -19.985     0.232     0.393     0.272     1.465    -1.484     0.000     0.000    15.209    -0.683    -4.527     1.963     0.568   282.930     0.002   0.12E+00     0.728     0.418   254.012
   650.000   -24.392     0.107     0.199     0.202     1.315    -1.336     0.000     0.000    14.827    -0.541    -3.609     1.822     0.469   284.079     0.002   0.98E-01     0.602     0.415   249.484
   600.000   -29.249     0.056     0.004     0.164     1.116    -1.138     0.000     0.000    14.603    -0.442    -2.722     1.730     0.509   285.170     0.003   0.80E-01     0.433     0.402   244.477
   550.000   -34.641     0.025    -0.162     0.131     0.711    -0.736     0.000     0.000    14.499    -0.485    -1.923     1.974     0.071   285.587     0.005   0.66E-01     0.286     0.380   238.954
   500.000   -40.684     0.019    -0.222     0.167     0.554    -0.581     0.000     0.000    15.466    -0.050    -1.114     2.601     0.015   285.897     0.008   0.39E-01     0.161     0.347   232.880
   450.000   -47.350     0.016    -0.232     0.280     0.496    -0.526     0.000     0.000    17.572    -0.000    -0.460     3.740     0.089   286.031     0.026   0.56E-01     0.069     0.306   226.215
   400.000   -54.667     0.014    -0.251     0.488     0.374    -0.407     0.000     0.000    22.590    -0.000    -0.138     7.065     0.629   286.276     0.099   0.48E-01     0.021     0.260   218.896
   350.000   -62.755     0.013    -0.250     0.934     0.343    -0.378    -0.000     0.000     5.009     0.000    -0.018     1.029    18.187   286.389     0.358   0.12E-01     0.001     0.204   210.825
   300.000   -71.334     0.004    -0.552     1.007     0.061    -0.099     0.000     0.000     0.276     0.000    -0.001     0.033     4.750   286.538     0.465   0.21E-02    -0.000     0.083   201.836
   250.000   -74.972     0.003    -4.000     1.001    -0.002    -0.030     0.000     0.000     0.000     0.000    -0.000     0.000     0.276   291.935     0.326   0.14E-03    -0.000     0.008   191.482
   200.000   -73.602     0.001    -4.000     0.190     0.000    -0.015     0.000     0.000     0.000     0.000     0.000     0.000     0.000   306.053     0.000   0.13E-09    -0.000     0.000   178.866
   150.000   -74.156     0.001    -4.000     0.154     0.000    -0.002     0.000     0.000     0.000     0.000     0.000     0.000     0.000   321.714     0.000   0.00E+00     0.000     0.000   162.618
   100.000   -72.287     0.001    -4.000     0.081     0.000     0.001     0.000     0.000     0.000     0.000     0.000     0.000     0.000   346.931     0.000   0.00E+00     0.000     0.000   139.786
    80.000   -68.811     0.001    -4.000     0.041     0.000     0.006     0.000     0.000     0.000     0.000     0.000     0.000     0.000   361.836     0.000   0.00E+00     0.000     0.000     0.000
    60.000   -61.058     0.001     0.000     0.011     0.000     0.017     0.000     0.000     0.000     0.000     0.000     0.000     0.000   386.391     0.000   0.00E+00     0.000     0.000     0.000
    40.000   -50.766     0.001     0.000     0.002     0.000     0.031     0.000     0.000     0.000     0.000     0.000     0.000     0.000   421.887     0.000   0.00E+00     0.000     0.000     0.000
    30.000   -42.493     0.001     0.000     0.001     0.000     0.043     0.000     0.000     0.000     0.000     0.000     0.000     0.000   448.203     0.000   0.00E+00     0.000     0.000     0.000
    25.000   -26.078     0.001     0.000     0.000     0.000     0.069     0.000     0.000     0.000     0.000     0.000     0.000     0.000   476.593     0.000   0.00E+00    -0.001     0.000     0.000
