     0.250     0.037     1.023     3.670     4.606   -29.623     0.531   260.874   237.970     9.322  1011.206     0.125   265.995
     0.500     1.314     1.067     3.941     5.178   -29.859     0.531   260.909   238.631    11.570  1010.511     0.375   264.335
     0.750     1.034     1.132     4.302     5.708   -30.095     0.531   260.959   239.246    13.809  1009.671     0.625   262.706
     1.000     0.679     1.200     4.622     6.199   -30.330     0.531   260.942   239.996    16.020  1008.669     0.875   257.736
     1.250     0.671     1.290     4.929     6.647   -30.564     0.531   260.948   240.673    17.920  1007.724     1.125   255.574
     1.500     1.003     1.396     5.253     7.052   -30.798     0.531   260.935   241.441    19.655  1006.767     1.375   253.851
     1.750     1.209     1.492     5.564     7.419   -31.030     0.531   260.927   242.145    21.265  1005.801     1.625   251.813
     2.000     1.358     1.566     5.864     7.754   -31.261     0.531   260.934   242.794    22.771  1004.826     1.875   249.525
     2.250     1.635     1.642     6.140     8.062   -31.492     0.531   260.932   243.457    24.122  1003.903     2.125   247.839
     2.500     1.588     1.718     6.407     8.344   -31.721     0.531   260.933   244.076    25.471  1002.927     2.375   245.694
     2.750     1.729     1.790     6.650     8.601   -31.949     0.531   260.937   244.693    26.729  1001.971     2.625   243.657
     3.000     1.882     1.852     6.878     8.836   -32.176     0.531   260.942   245.257    27.889  1001.053     2.875   242.035
     3.250     1.795     1.923     7.095     9.051   -32.404     0.531   260.952   245.801    29.040  1000.100     3.125   240.088
     3.500     1.908     1.982     7.293     9.245   -32.678     0.535   260.963   246.245    30.081   999.212     3.375   238.563
     3.750     2.022     2.042     7.473     9.420   -33.032     0.547   260.968   246.717    31.053   998.355     3.625   237.182
     4.000     2.031     2.099     7.643     9.580   -33.430     0.561   260.974   247.178    32.008   997.485     3.875   235.673
     4.250     2.165     2.135     7.797     9.725   -33.812     0.560   260.979   247.619    32.839   996.710     4.125   234.616
     4.500     2.061     2.167     7.948     9.861   -34.058     0.557   260.989   247.980    33.665   995.920     4.375   233.352
     4.750     2.116     2.211     8.087     9.985   -34.199     0.552   260.999   248.336    34.445   995.156     4.625   232.131
     5.000     2.303     2.293     8.210    10.096   -34.212     0.545   261.008   248.737    35.153   994.449     4.875   231.046
     5.250     2.744     2.294     8.312    10.191   -34.227     0.537   260.999   249.303    35.784   993.780     5.125   230.145
     5.500     2.553     2.147     8.403    10.311   -34.284     0.531   260.979   249.985    36.627   992.803     5.375   228.642
     5.750     2.697     2.178     8.492    10.443   -34.350     0.524   260.967   250.437    37.592   991.640     5.625   226.816
     6.000     2.600     2.204     8.590    10.562   -34.388     0.542   260.947   251.165    38.448   990.574     5.875   225.394
     6.250     2.565     2.239     8.687    10.670   -34.418     0.580   260.937   251.618    39.248   989.548     6.125   224.012
     6.500     2.642     2.270     8.777    10.766   -34.419     0.608   260.923   252.111    39.955   988.623     6.375   222.865
     6.750     2.713     2.300     8.857    10.850   -34.349     0.592   260.906   252.853    40.596   987.764     6.625   221.850
     7.000     2.661     2.315     8.934    10.928   -34.224     0.549   260.896   253.337    41.162   987.010     6.875   220.901
     7.250     2.667     2.337     9.006    10.999   -34.093     0.504   260.888   253.814    41.722   986.224     7.125   219.896
     7.500     2.669     2.354     9.073    11.065   -33.973     0.458   260.888   254.039    42.286   985.398     7.375   218.740
     7.750     2.739     2.381     9.133    11.124   -33.906     0.436   260.877   254.644    42.820   984.615     7.625   217.636
     8.000     2.734     2.391     9.190    11.178   -33.850     0.411   260.865   255.200    43.235   983.976     7.875   217.003
     8.250     2.657     2.401     9.244    11.228   -33.776     0.382   260.859   255.667    43.579   983.502     8.125   216.541
     8.500     2.626     2.414     9.295    11.276   -33.692     0.352   260.856   256.107    43.936   982.968     8.375   216.023
     8.750     2.667     2.426     9.340    11.319   -33.587     0.318   260.851   256.581    44.288   982.436     8.625   215.486
     9.000     2.685     2.441     9.382    11.359   -33.492     0.291   260.843   257.094    44.626   981.970     8.875   215.027
     9.250     2.746     2.454     9.416    11.394   -33.421     0.271   260.833   257.537    44.944   981.542     9.125   214.571
     9.500     2.747     2.466     9.449    11.425   -33.376     0.257   260.822   257.873    45.262   981.098     9.375   214.035
     9.750     2.746     2.472     9.478    11.454   -33.340     0.247   260.809   258.350    45.583   980.635     9.625   213.415
    10.000     2.779     2.483     9.505    11.480   -33.304     0.239   260.796   258.739    45.902   980.169     9.875   212.715
    10.250     2.746     2.484     9.530    11.504   -33.287     0.231   260.785   259.217    46.201   979.739    10.125   212.014
    10.500     2.678     2.489     9.557    11.528   -33.262     0.219   260.780   259.644    46.387   979.466    10.375   211.800
    10.750     2.646     2.502     9.582    11.549   -33.220     0.202   260.779   260.039    46.562   979.226    10.625   211.618
    11.000     2.902     2.524     9.592    11.563   -33.139     0.178   260.773   260.737    46.711   979.154    10.875   211.474
    11.250     2.833     2.512     9.606    11.576   -33.045     0.151   260.762   261.453    46.847   979.038    11.125   211.309
    11.500     2.853     2.537     9.616    11.587   -32.943     0.125   260.749   262.309    46.992   978.929    11.375   211.148
    11.750     2.738     2.528     9.629    11.597   -32.855     0.103   260.737   263.079    47.137   978.741    11.625   210.944
    12.000     2.697     2.530     9.641    11.606   -32.770     0.089   260.724   263.163    47.296   978.501    11.875   210.718
    12.250     2.601     2.546     9.652    11.614   -32.694     0.092   260.714   262.808    47.466   978.187    12.125   210.466
    12.500     2.586     2.600     9.666    11.619   -32.676     0.124   260.706   262.044    47.606   977.836    12.375   210.261
    12.750     2.565     2.554     9.671    11.621   -32.741     0.149   260.700   262.439    47.724   977.623    12.625   210.170
    13.000     2.656     2.549     9.675    11.624   -32.826     0.143   260.697   262.849    47.808   977.439    12.875   210.077
    13.250     2.622     2.539     9.683    11.631   -32.903     0.123   260.709   263.652    47.883   977.217    13.125   209.981
    13.500     2.608     2.540     9.693    11.640   -32.945     0.100   260.708   264.228    47.971   976.980    13.375   209.888
    13.750     2.656     2.540     9.701    11.649   -32.930     0.081   260.705   264.867    48.062   976.815    13.625   209.805
    14.000     2.621     2.547     9.708    11.656   -32.879     0.068   260.689   265.276    48.162   976.669    13.875   209.725
    14.250     2.630     2.559     9.711    11.660   -32.822     0.058   260.686   265.717    48.258   976.575    14.125   209.658
    14.500     2.832     2.585     9.703    11.656   -32.747     0.052   260.675   266.244    48.332   976.631    14.375   209.625
    14.750     2.792     2.566     9.695    11.650   -32.673     0.048   260.662   266.173    48.428   976.602    14.625   209.449
    15.000     2.548     2.584     9.693    11.645   -32.610     0.060   260.657   264.918    48.574   976.370    14.875   209.176
    15.250     2.387     2.645     9.704    11.643   -32.647     0.107   260.663   263.091    48.694   975.991    15.125   208.971
    15.500     2.450     2.552     9.697    11.636   -32.733     0.121   260.663   263.989    48.813   975.803    15.375   208.867
    15.750     2.580     2.585     9.690    11.627   -32.850     0.116   260.665   264.054    48.868   975.630    15.625   208.743
    16.000     2.533     2.574     9.688    11.624   -32.932     0.099   260.684   264.589    48.917   975.415    15.875   208.589
    16.250     2.661     2.563     9.684    11.623   -32.955     0.082   260.683   265.183    48.971   975.286    16.125   208.437
    16.500     2.640     2.559     9.684    11.625   -32.928     0.068   260.681   265.542    49.046   975.130    16.375   208.260
    16.750     2.632     2.562     9.682    11.626   -32.887     0.058   260.665   266.057    49.137   974.994    16.625   208.092
    17.000     2.645     2.571     9.679    11.625   -32.839     0.052   260.661   266.426    49.231   974.898    16.875   207.935
    17.250     2.949     2.591     9.662    11.616   -32.766     0.047   260.646   266.920    49.294   975.000    17.125   207.837
    17.500     2.600     2.579     9.658    11.611   -32.715     0.049   260.638   265.914    49.425   974.769    17.375   207.498
    17.750     2.531     2.476     9.654    11.605   -32.700     0.079   260.637   265.367    49.552   974.545    17.625   207.245
    18.000     2.470     2.609     9.658    11.599   -32.775     0.098   260.640   264.474    49.681   974.194    17.875   206.974
    18.250     2.523     2.589     9.649    11.591   -32.850     0.097   260.637   264.895    49.782   973.973    18.125   206.722
    18.500     2.632     2.579     9.640    11.582   -32.918     0.086   260.639   265.245    49.853   973.786    18.375   206.413
    18.750     2.626     2.573     9.636    11.578   -32.955     0.074   260.652   265.779    49.932   973.575    18.625   206.099
    19.000     2.674     2.564     9.630    11.576   -32.938     0.062   260.635   266.151    49.967   973.487    18.875   205.997
    19.250     2.663     2.564     9.626    11.574   -32.912     0.054   260.630   266.585    50.012   973.405    19.125   205.902
    19.500     2.727     2.574     9.618    11.570   -32.877     0.048   260.622   266.976    50.067   973.371    19.375   205.820
    19.750     2.674     2.570     9.613    11.565   -32.838     0.045   260.614   267.220    50.122   973.338    19.625   205.741
    20.000     2.679     2.618     9.605    11.557   -32.797     0.046   260.611   266.430    50.174   973.256    19.875   205.660
    20.250     2.497     2.571     9.601    11.550   -32.801     0.069   260.611   265.325    50.236   973.071    20.125   205.574
    20.500     2.456     2.551     9.595    11.544   -32.877     0.086   260.615   265.156    50.311   972.881    20.375   205.501
    20.750     2.555     2.582     9.587    11.534   -32.965     0.086   260.612   265.175    50.352   972.742    20.625   205.425
    21.000     2.621     2.585     9.578    11.524   -33.040     0.080   260.623   265.688    50.360   972.668    20.875   205.350
    21.250     2.604     2.576     9.573    11.518   -33.099     0.073   260.624   265.951    50.370   972.610    21.125   205.276
    21.500     2.597     2.570     9.568    11.513   -33.116     0.064   260.625   266.192    50.390   972.586    21.375   205.209
    21.750     2.558     2.574     9.562    11.509   -33.107     0.057   260.614   266.649    50.420   972.570    21.625   205.152
    22.000     2.661     2.596     9.551    11.500   -33.066     0.051   260.614   266.972    50.452   972.640    21.875   205.107
    22.250     2.748     2.570     9.534    11.487   -32.975     0.046   260.607   266.904    50.474   972.718    22.125   205.051
    22.500     2.506     2.577     9.523    11.481   -32.890     0.052   260.605   265.565    50.535   972.574    22.375   204.980
    22.750     2.407     2.473     9.513    11.478   -32.865     0.088   260.607   264.021    50.616   972.338    22.625   204.911
    23.000     2.418     2.629     9.514    11.473   -32.964     0.126   260.615   263.388    50.688   972.002    22.875   204.842
    23.250     2.467     2.578     9.504    11.463   -33.094     0.130   260.616   263.650    50.737   971.829    23.125   204.782
    23.500     2.503     2.587     9.499    11.454   -33.233     0.118   260.633   264.273    50.736   971.704    23.375   204.730
    23.750     2.631     2.570     9.495    11.446   -33.336     0.100   260.637   265.044    50.667   971.712    23.625   204.714
    24.000     2.671     2.553     9.491    11.445   -33.387     0.081   260.635   265.880    50.615   971.719    23.875   204.713
    24.250     2.648     2.556     9.490    11.446   -33.383     0.066   260.619   266.446    50.606   971.722    24.125   204.725
    24.500     2.642     2.567     9.487    11.443   -33.346     0.054   260.616   266.816    50.619   971.781    24.375   204.746
    24.750     2.692     2.601     9.479    11.436   -33.278     0.046   260.611   267.266    50.636   971.933    24.625   204.777
    25.000     2.883     2.608     9.459    11.419   -33.177     0.039   260.598   267.783    50.643   972.229    24.875   204.783
    25.250     2.841     2.605     9.437    11.402   -33.061     0.034   260.586   267.820    50.660   972.455    25.125   204.750
    25.500     2.503     2.581     9.426    11.393   -32.990     0.037   260.583   266.370    50.714   972.370    25.375   204.692
    25.750     2.451     2.585     9.414    11.385   -32.948     0.060   260.582   264.228    50.777   972.188    25.625   204.624
    26.000     2.237     2.482     9.407    11.382   -33.032     0.091   260.595   263.586    50.875   971.823    25.875   204.554
    26.250     2.469     2.584     9.400    11.373   -33.171     0.117   260.594   263.450    50.925   971.564    26.125   204.494
    26.500     2.519     2.574     9.390    11.362   -33.303     0.119   260.594   263.783    50.929   971.389    26.375   204.424
    26.750     2.488     2.577     9.388    11.353   -33.441     0.107   260.619   264.230    50.903   971.272    26.625   204.384
    27.000     2.632     2.558     9.387    11.348   -33.533     0.090   260.622   265.099    50.807   971.281    26.875   204.379
    27.250     2.665     2.545     9.387    11.349   -33.565     0.073   260.620   265.745    50.758   971.291    27.125   204.383
    27.500     2.654     2.552     9.387    11.350   -33.548     0.059   260.602   266.334    50.752   971.322    27.375   204.403
    27.750     2.655     2.565     9.384    11.347   -33.497     0.049   260.598   266.907    50.763   971.425    27.625   204.434
    28.000     2.808     2.598     9.371    11.336   -33.412     0.041   260.586   267.450    50.768   971.683    27.875   204.480
    28.250     2.899     2.599     9.351    11.318   -33.309     0.035   260.573   267.948    50.764   972.009    28.125   204.491
    28.500     2.836     2.515     9.328    11.302   -33.190     0.031   260.558   267.902    50.788   972.243    28.375   204.462
    28.750     2.500     2.575     9.318    11.294   -33.131     0.035   260.555   266.464    50.851   972.128    28.625   204.405
    29.000     2.451     2.578     9.305    11.286   -33.097     0.057   260.554   264.213    50.916   971.950    28.875   204.338
    29.250     2.226     2.632     9.306    11.284   -33.191     0.085   260.566   262.778    50.996   971.491    29.125   204.250
    29.500     2.428     2.579     9.294    11.276   -33.312     0.110   260.574   262.603    51.065   971.277    29.375   204.188
    29.750     2.500     2.566     9.284    11.266   -33.471     0.112   260.571   263.573    51.089   971.081    29.625   204.121
    30.000     2.450     2.562     9.283    11.258   -33.616     0.100   260.595   264.214    51.049   970.926    29.875   204.085
    30.250     2.568     2.555     9.286    11.254   -33.713     0.085   260.602   264.989    50.941   970.893    30.125   204.074
    30.500     2.661     2.541     9.287    11.254   -33.736     0.069   260.600   265.650    50.885   970.924    30.375   204.082
    30.750     2.649     2.547     9.289    11.255   -33.714     0.056   260.596   266.180    50.872   970.972    30.625   204.104
    31.000     2.656     2.562     9.286    11.252   -33.658     0.046   260.577   266.809    50.878   971.105    30.875   204.143
    31.250     2.820     2.595     9.272    11.240   -33.570     0.039   260.565   267.356    50.876   971.398    31.125   204.200
    31.500     2.919     2.591     9.250    11.224   -33.466     0.033   260.550   267.878    50.865   971.752    31.375   204.233
    31.750     2.884     2.588     9.226    11.208   -33.355     0.030   260.533   268.079    50.887   972.015    31.625   204.216
    32.000     2.523     2.568     9.215    11.199   -33.294     0.031   260.527   266.803    50.948   971.946    31.875   204.163
    32.250     2.515     2.569     9.199    11.190   -33.247     0.049   260.523   264.507    51.014   971.835    32.125   204.107
    32.500     2.183     2.610     9.200    11.189   -33.328     0.076   260.536   262.877    51.094   971.349    32.375   204.011
    32.750     2.383     2.573     9.188    11.182   -33.431     0.103   260.542   262.987    51.179   971.114    32.625   203.952
    33.000     2.482     2.562     9.180    11.172   -33.586     0.109   260.544   263.540    51.193   970.891    32.875   203.876
    33.250     2.452     2.559     9.177    11.163   -33.741     0.099   260.566   264.039    51.174   970.739    33.125   203.825
    33.500     2.562     2.555     9.178    11.156   -33.844     0.084   260.573   264.825    51.059   970.725    33.375   203.814
    33.750     2.663     2.538     9.180    11.154   -33.877     0.069   260.571   265.515    50.979   970.771    33.625   203.817
    34.000     2.650     2.541     9.182    11.155   -33.860     0.056   260.568   266.085    50.951   970.825    33.875   203.838
    34.250     2.655     2.554     9.179    11.152   -33.810     0.046   260.548   266.751    50.950   970.951    34.125   203.878
    34.500     2.786     2.582     9.168    11.142   -33.729     0.038   260.537   267.300    50.945   971.219    34.375   203.938
    34.750     2.917     2.579     9.146    11.127   -33.627     0.033   260.522   267.855    50.936   971.563    34.625   203.979
    35.000     2.877     2.577     9.123    11.112   -33.518     0.029   260.505   267.862    50.960   971.824    34.875   203.968
    35.250     2.560     2.557     9.110    11.104   -33.451     0.030   260.498   266.859    51.022   971.782    35.125   203.921
    35.500     2.497     2.562     9.097    11.095   -33.409     0.046   260.489   265.241    51.082   971.648    35.375   203.861
    35.750     2.198     2.597     9.095    11.095   -33.482     0.073   260.503   262.902    51.175   971.191    35.625   203.772
    36.000     2.349     2.565     9.086    11.089   -33.590     0.100   260.515   262.216    51.261   970.907    35.875   203.710
    36.250     2.459     2.554     9.076    11.080   -33.733     0.107   260.514   263.400    51.285   970.688    36.125   203.640
    36.500     2.434     2.553     9.074    11.072   -33.892     0.100   260.536   263.872    51.264   970.532    36.375   203.592
    36.750     2.532     2.554     9.077    11.065   -34.003     0.086   260.544   264.646    51.151   970.506    36.625   203.582
    37.000     2.658     2.537     9.079    11.062   -34.044     0.070   260.543   265.317    51.063   970.575    36.875   203.587
    37.250     2.642     2.539     9.081    11.062   -34.029     0.057   260.540   265.900    51.026   970.637    37.125   203.608
    37.500     2.650     2.548     9.078    11.058   -33.978     0.046   260.521   266.579    51.015   970.774    37.375   203.652
    37.750     2.757     2.575     9.068    11.050   -33.898     0.039   260.511   267.119    51.014   971.021    37.625   203.712
    38.000     2.920     2.573     9.046    11.036   -33.794     0.033   260.495   267.698    51.007   971.368    37.875   203.768
    38.250     2.874     2.570     9.022    11.022   -33.686     0.029   260.477   267.816    51.031   971.641    38.125   203.766
    38.500     2.601     2.586     9.010    11.013   -33.617     0.029   260.467   267.081    51.083   971.628    38.375   203.721
    38.750     2.541     2.552     8.989    11.003   -33.549     0.042   260.461   265.398    51.160   971.587    38.625   203.684
    39.000     2.169     2.562     8.991    11.003   -33.624     0.067   260.472   262.983    51.232   971.121    38.875   203.585
    39.250     2.319     2.584     8.983    10.998   -33.725     0.096   260.485   261.991    51.318   970.788    39.125   203.517
    39.500     2.433     2.547     8.973    10.989   -33.861     0.107   260.486   263.222    51.344   970.571    39.375   203.447
    39.750     2.432     2.543     8.970    10.980   -34.030     0.100   260.505   263.732    51.332   970.418    39.625   203.394
    40.000     2.512     2.536     8.974    10.973   -34.146     0.085   260.514   264.489    51.216   970.388    39.875   203.381
    40.250     2.651     2.535     8.976    10.969   -34.190     0.070   260.515   265.163    51.120   970.468    40.125   203.387
    40.500     2.634     2.533     8.978    10.967   -34.177     0.056   260.498   265.815    51.068   970.544    40.375   203.409
    40.750     2.642     2.537     8.976    10.964   -34.128     0.046   260.493   266.452    51.052   970.672    40.625   203.451
    41.000     2.727     2.565     8.967    10.957   -34.053     0.038   260.487   266.974    51.052   970.898    40.875   203.512
    41.250     2.916     2.564     8.945    10.944   -33.949     0.032   260.468   267.578    51.044   971.249    41.125   203.577
    41.500     2.872     2.561     8.922    10.931   -33.844     0.029   260.449   267.771    51.068   971.528    41.375   203.583
    41.750     2.616     2.509     8.906    10.922   -33.761     0.028   260.440   266.974    51.125   971.568    41.625   203.548
    42.000     2.538     2.543     8.889    10.912   -33.703     0.040   260.430   265.686    51.195   971.496    41.875   203.507
    42.250     2.193     2.552     8.889    10.911   -33.769     0.064   260.441   262.987    51.266   971.059    42.125   203.412
    42.500     2.266     2.594     8.886    10.908   -33.874     0.092   260.455   261.890    51.348   970.657    42.375   203.335
    42.750     2.435     2.537     8.873    10.899   -34.016     0.104   260.458   263.137    51.383   970.479    42.625   203.275
    43.000     2.421     2.536     8.871    10.890   -34.182     0.097   260.476   263.655    51.370   970.324    42.875   203.223
    43.250     2.505     2.529     8.875    10.884   -34.295     0.083   260.485   264.418    51.253   970.297    43.125   203.210
    43.500     2.638     2.528     8.878    10.879   -34.336     0.068   260.486   265.087    51.155   970.379    43.375   203.217
    43.750     2.625     2.526     8.880    10.877   -34.320     0.055   260.468   265.740    51.102   970.462    43.625   203.239
    44.000     2.635     2.531     8.877    10.875   -34.270     0.045   260.464   266.368    51.085   970.594    43.875   203.284
    44.250     2.727     2.558     8.867    10.868   -34.193     0.037   260.459   266.890    51.083   970.830    44.125   203.349
    44.500     2.908     2.557     8.846    10.855   -34.091     0.032   260.440   267.495    51.074   971.183    44.375   203.416
    44.750     2.865     2.553     8.822    10.841   -33.986     0.028   260.420   267.689    51.096   971.464    44.625   203.424
    45.000     2.604     2.566     8.809    10.833   -33.915     0.027   260.408   266.963    51.148   971.470    44.875   203.385
    45.250     2.522     2.531     8.789    10.823   -33.852     0.040   260.402   265.295    51.224   971.430    45.125   203.353
    45.500     2.203     2.442     8.783    10.821   -33.918     0.065   260.413   263.438    51.305   971.036    45.375   203.270
    45.750     2.237     2.516     8.780    10.818   -34.026     0.094   260.422   262.238    51.382   970.592    45.625   203.186
    46.000     2.435     2.528     8.772    10.810   -34.173     0.106   260.426   263.166    51.412   970.393    45.875   203.123
    46.250     2.416     2.525     8.771    10.800   -34.331     0.100   260.446   263.446    51.388   970.264    46.125   203.074
    46.500     2.503     2.533     8.777    10.794   -34.443     0.086   260.456   264.225    51.262   970.244    46.375   203.056
    46.750     2.628     2.520     8.780    10.790   -34.490     0.070   260.456   265.105    51.168   970.330    46.625   203.065
    47.000     2.618     2.517     8.781    10.788   -34.475     0.056   260.439   265.559    51.113   970.414    46.875   203.089
    47.250     2.630     2.521     8.779    10.786   -34.425     0.046   260.433   266.204    51.099   970.543    47.125   203.136
    47.500     2.687     2.550     8.771    10.780   -34.351     0.038   260.432   266.697    51.100   970.754    47.375   203.200
    47.750     2.898     2.549     8.750    10.767   -34.247     0.032   260.412   267.316    51.090   971.113    47.625   203.275
    48.000     2.855     2.546     8.726    10.754   -34.142     0.028   260.392   267.559    51.110   971.401    47.875   203.290
    48.250     2.602     2.474     8.709    10.745   -34.057     0.027   260.381   266.792    51.165   971.460    48.125   203.261
    48.500     2.522     2.529     8.692    10.735   -34.000     0.038   260.374   265.329    51.234   971.391    48.375   203.225
    48.750     2.270     2.521     8.684    10.733   -34.060     0.062   260.379   263.349    51.306   971.039    48.625   203.146
    49.000     2.177     2.476     8.680    10.731   -34.162     0.092   260.393   262.141    51.392   970.591    48.875   203.065
    49.250     2.434     2.521     8.673    10.722   -34.302     0.107   260.397   262.738    51.414   970.380    49.125   203.005
    49.500     2.386     2.527     8.674    10.714   -34.469     0.102   260.416   263.172    51.391   970.225    49.375   202.952
    49.750     2.470     2.516     8.681    10.707   -34.591     0.089   260.427   263.900    51.273   970.200    49.625   202.938
    50.000     2.584     2.515     8.685    10.703   -34.649     0.072   260.430   264.740    51.178   970.268    49.875   202.944
