  1000.000    14.613     7.390     0.000     0.713    -1.615    -1.245     2.711     0.000     0.000     0.000     0.000     0.000     0.000   310.056     0.000   0.00E+00    -1.173     0.346   287.779
   950.000    10.469     7.198     0.001     0.892     2.141    -1.293    -0.555     0.000    12.154     0.000   -11.107     0.000     0.000   310.051     0.000   0.00E+00    -2.241     0.384   283.605
   900.000     7.569     5.414    -0.382     0.748     1.290    -1.243     0.000     0.000    12.120     0.000    -6.972     0.000     1.769   305.795     0.002   0.34E-01    -0.680     0.409   280.131
   850.000     4.237     4.187     0.192     0.696     1.212    -1.180     0.000     0.000    11.282    -1.735    -6.958     1.910     1.335   303.602     0.007   0.19E-01     0.115     0.438   277.560
   800.000     0.858     3.035     0.536     0.621     1.271    -1.250     0.000     0.000    10.334    -1.335    -6.418     1.567     0.283   301.965     0.011   0.31E+00     0.650     0.465   274.768
   750.000    -2.606     2.086     0.755     0.547     1.365    -1.355     0.000     0.000    10.059    -0.278    -7.906     1.290     0.142   300.927     0.010   0.16E+00     1.235     0.482   271.807
   700.000    -5.943     1.262     0.572     0.441     1.452    -1.446     0.000     0.000    10.066    -0.007    -6.084     1.196     0.138   300.652     0.016   0.11E+00     1.418     0.507   268.600
   650.000    -9.567     0.704     0.273     0.359     1.416    -1.416     0.000     0.000    10.078    -0.002    -5.377     1.031     0.121   301.158     0.026   0.90E-01     1.343     0.524   264.982
   600.000   -13.634     0.364    -0.061     0.309     1.292    -1.299     0.000     0.000    10.125     0.000    -4.592     0.970     0.104   302.159     0.039   0.81E-01     1.095     0.533   260.863
   550.000   -18.283     0.178    -0.332     0.298     1.116    -1.138     0.000     0.000    10.195     0.000    -3.697     1.059     0.148   303.349     0.065   0.90E-01     0.785     0.531   256.135
   500.000   -23.636     0.087    -0.491     0.328     0.956    -0.998     0.000     0.000    10.365     0.000    -2.691     1.174     0.164   304.464     0.095   0.11E+00     0.497     0.510   250.680
   450.000   -29.843     0.048    -0.562     0.419     0.889    -0.959     0.000     0.000    10.647    -0.002    -1.638     1.320     0.242   305.388     0.122   0.19E+00     0.276     0.472   244.377
   400.000   -37.039     0.038    -0.661     0.591     0.825    -0.932     0.000     0.000    10.754    -0.005    -0.752     1.517     0.710   306.119     0.192   0.24E+00     0.105     0.421   237.119
   350.000   -45.332     0.045    -0.879     0.880     0.658    -0.810     0.000     0.000    10.181     0.000    -0.241     1.775     1.818   306.759     0.298   0.17E+00     0.027     0.354   228.813
   300.000   -54.934     0.043    -1.263     1.069     0.469    -0.672     0.000     0.000     7.441     0.000    -0.047     1.840     4.234   307.351     0.447   0.44E-01     0.004     0.265   219.344
   250.000   -65.722     0.012    -2.162     1.007     0.144    -0.397     0.000     0.000     0.202     0.000    -0.001     0.000     7.240   308.428     0.505   0.32E-02    -0.000     0.153   208.508
   200.000   -66.437     0.001    -4.000     0.203    -0.008    -0.056     0.000     0.000     0.000     0.000    -0.000     0.000     0.202   318.324     0.000   0.97E-04    -0.000     0.015   195.412
   150.000   -69.061     0.001    -4.000     0.106     0.000     0.082     0.000     0.000     0.000     0.000     0.000     0.000     0.000   330.787     0.000   0.00E+00     0.000     0.000   178.697
   100.000   -70.362     0.001    -4.000     0.081     0.000     0.056     0.000     0.000     0.000     0.000     0.000     0.000     0.000   352.863     0.000   0.00E+00     0.000     0.000   155.486
    80.000   -70.204     0.001    -4.000     0.064     0.000     0.059     0.000     0.000     0.000     0.000     0.000     0.000     0.000   365.726     0.000   0.00E+00     0.000     0.000     0.000
    60.000   -67.862     0.001     0.000     0.038     0.000     0.106     0.000     0.000     0.000     0.000     0.000     0.000     0.000   383.940     0.000   0.00E+00     0.000     0.000     0.000
    40.000   -65.343     0.001     0.000     0.019     0.000     0.156     0.000     0.000     0.000     0.000     0.000     0.000     0.000   409.551     0.000   0.00E+00     0.000     0.000     0.000
    30.000   -65.948     0.001     0.000     0.014     0.000     0.144     0.000     0.000     0.000     0.000     0.000     0.000     0.000   426.314     0.000   0.00E+00     0.000     0.000     0.000
    25.000   -71.484     0.001     0.000     0.019     0.000     0.033     0.000     0.000     0.000     0.000     0.000     0.000     0.000   433.161     0.000   0.00E+00    -0.001     0.000     0.000
