  1000.000    26.984    17.846     0.000     0.790    -1.927    -2.032     3.127     0.000     0.000     0.000     0.000     0.000     0.000   364.803     0.000   0.00E+00    -2.438     0.659   300.171
   950.000    22.736    17.557     0.001     0.973     3.677    -1.483    -1.647     0.000     9.445     0.000   -11.890     0.000     0.000   364.782     0.000   0.00E+00    -6.091     0.704   295.829
   900.000    21.045    14.227    -0.251     0.828     1.816    -1.960     0.000     0.000     9.445     0.000    -5.226     0.000     1.125   356.957     0.000   0.76E-01    -3.133     0.732   293.578
   850.000    18.434    12.252     0.178     0.797     1.626    -1.769     0.000     0.000     8.535    -1.125    -5.912     1.189     0.000   352.916     0.004   0.17E+00    -2.014     0.775   291.564
   800.000    16.052    10.544     0.198     0.758     1.668    -1.804     0.000     0.000     8.132    -0.000    -4.997     0.575     0.579   350.158     0.003   0.36E+00    -1.131     0.808   289.404
   750.000    13.442     9.077     0.177     0.728     1.646    -1.775     0.000     0.000     7.713     0.000    -4.722     0.541     0.567   348.196     0.002   0.32E+00    -0.535     0.833   287.075
   700.000    10.651     7.699     0.107     0.699     1.639    -1.761     0.000     0.000     7.291     0.000    -4.402     0.502     0.545   346.711     0.001   0.26E+00    -0.106     0.846   284.546
   650.000     7.775     6.186    -0.017     0.663     1.651    -1.763     0.000     0.000     6.869     0.000    -4.073     0.493     0.534   345.456     0.001   0.20E+00     0.219     0.850   281.777
   600.000     4.714     4.645    -0.192     0.613     1.674    -1.775     0.000     0.000     6.527     0.000    -3.728     0.529     0.455   344.343     0.000   0.15E+00     0.489     0.841   278.713
   550.000     0.796     3.624    -0.299     0.570     1.716    -1.816     0.000     0.000     6.336     0.000    -3.432     0.552     0.306   343.716     0.000   0.11E+00     0.621     0.821   275.292
   500.000    -3.909     2.899    -0.251     0.535     1.772    -1.879     0.000     0.000     6.210     0.000    -3.562     0.534     0.239   343.392     0.001   0.97E-01     0.747     0.796   271.568
   450.000    -8.619     2.001    -0.164     0.501     1.866    -1.971     0.000     0.000     6.030     0.000    -3.176     0.501     0.295   343.572     0.005   0.27E+00     0.866     0.770   267.349
   400.000   -14.110     1.199    -0.228     0.456     1.992    -2.100     0.000     0.000     5.679     0.000    -1.991     0.475     0.481   344.560     0.007   0.33E+00     0.844     0.751   262.281
   350.000   -20.494     0.480    -0.108     0.447     2.236    -2.351     0.000     0.000     4.775     0.000    -1.085     0.429     1.046   346.138     0.019   0.28E+00     0.661     0.702   256.016
   300.000   -28.626     0.215    -0.233     0.294     1.799    -1.936     0.000     0.000     4.689     0.000    -0.599     0.503     0.297   347.713     0.009   0.23E+00     0.537     0.607   248.068
   250.000   -39.325     0.190    -0.014     0.373     1.591    -1.776     0.000     0.000     4.657     0.000    -0.258     0.586     0.356   350.000     0.034   0.18E+00     0.202     0.543   237.841
   200.000   -52.300     0.090     0.049     0.584     1.158    -1.399     0.000     0.000     4.048     0.000    -0.073     0.707     1.109   351.998     0.075   0.11E+00     0.020     0.487   224.735
   150.000   -67.853     0.015    -0.095     1.016     0.433    -0.724     0.000     0.000     0.303     0.000    -0.001     0.014     3.749   353.547     0.419   0.21E-01    -0.000     0.379   208.086
   100.000   -71.452     0.001    -4.000     0.505    -0.037     0.044     0.000     0.000     0.000     0.000    -0.000     0.000     0.303   364.621     0.019   0.59E-03    -0.000     0.059   185.002
    80.000   -66.373     0.001    -4.000     0.050     0.000     0.136     0.000     0.000     0.000     0.000     0.000     0.000     0.000   380.816     0.000   0.00E+00     0.000     0.000     0.000
    60.000   -58.604     0.001     0.000     0.021     0.000     0.291     0.000     0.000     0.000     0.000     0.000     0.000     0.000   402.638     0.000   0.00E+00     0.000     0.000     0.000
    40.000   -48.761     0.001     0.000     0.008     0.000     0.488     0.000     0.000     0.000     0.000     0.000     0.000     0.000   433.589     0.000   0.00E+00     0.000     0.000     0.000
    30.000   -40.993     0.001     0.000     0.004     0.000     0.643     0.000     0.000     0.000     0.000     0.000     0.000     0.000   457.564     0.000   0.00E+00     0.000     0.000     0.000
    25.000   -26.803     0.001     0.000     0.001     0.000     0.927     0.000     0.000     0.000     0.000     0.000     0.000     0.000   483.523     0.000   0.00E+00    -0.001     0.000     0.000
