     0.250     0.892     5.506    34.647    35.042     1.288     6.753   267.247   291.400    77.002   899.184     0.125   201.357
     0.500    10.814     5.694    34.190    35.016     1.830     6.356   267.227   293.552    78.147   896.758     0.375   201.388
     0.750    13.816     5.718    33.913    34.930     2.560     5.933   267.154   297.333    78.915   896.092     0.625   201.467
     1.000    13.498     5.690    33.734    34.831     3.205     5.606   267.076   300.886    79.219   897.568     0.875   201.564
     1.250    13.020     5.642    33.605    34.733     3.791     5.353   266.999   304.131    79.412   903.328     1.125   201.572
     1.500     9.865     5.535    33.557    34.654     4.446     5.087   266.934   303.843    79.282   905.037     1.375   201.506
     1.750     6.278     5.425    33.555    34.594     4.759     5.037   266.909   304.289    79.190   905.313     1.625   201.444
     2.000     6.160     5.399    33.561    34.548     4.726     5.233   266.896   304.531    79.005   905.196     1.875   201.388
     2.250     6.095     5.386    33.545    34.508     4.685     5.442   266.885   304.686    78.949   905.150     2.125   201.337
     2.500     6.105     5.371    33.516    34.472     4.605     5.660   266.877   303.624    78.936   905.305     2.375   201.288
     2.750     6.124     5.364    33.486    34.438     4.546     5.820   266.868   305.146    78.941   905.341     2.625   201.248
     3.000     6.207     5.356    33.453    34.405     4.461     5.960   266.860   304.312    78.955   905.523     2.875   201.212
     3.250     6.014     5.350    33.428    34.374     4.372     6.069   266.852   305.716    78.933   905.264     3.125   201.179
     3.500     6.120     5.341    33.393    34.343     4.272     6.188   266.844   304.879    78.955   905.474     3.375   201.145
     3.750     5.876     5.336    33.364    34.312     4.200     6.340   266.836   306.018    78.972   905.030     3.625   201.111
     4.000     5.773     5.328    33.333    34.283     4.090     6.393   266.828   306.146    78.972   904.792     3.875   201.075
     4.250     6.062     5.325    33.288    34.252     4.142     6.247   266.820   305.623    79.054   904.644     4.125   201.039
     4.500     6.084     5.313    33.254    34.220     4.109     6.119   266.814   304.817    79.035   904.843     4.375   201.003
     4.750     5.937     5.305    33.227    34.192     3.982     6.097   266.809   306.033    79.032   904.773     4.625   200.968
     5.000     5.671     5.299    33.202    34.166     3.872     6.131   266.802   305.943    79.010   904.158     4.875   200.931
     5.250     5.889     5.294    33.170    34.139     3.816     6.064   266.796   305.605    79.032   903.893     5.125   200.894
     5.500     6.008     5.292    33.134    34.112     3.739     6.068   266.790   305.530    79.069   903.803     5.375   200.858
     5.750     6.084     5.284    33.099    34.083     3.706     5.974   266.781   305.580    79.087   903.790     5.625   200.823
     6.000     6.092     5.277    33.066    34.055     3.675     5.892   266.773   305.530    79.095   903.784     5.875   200.789
     6.250     5.969     5.269    33.037    34.029     3.642     5.824   266.765   305.423    79.091   903.597     6.125   200.754
     6.500     6.090     5.270    33.009    34.002     3.565     5.869   266.757   305.440    79.102   903.399     6.375   200.719
     6.750     6.061     5.265    32.979    33.975     3.490     5.920   266.749   305.493    79.121   903.349     6.625   200.684
     7.000     6.085     5.258    32.944    33.949     3.419     5.973   266.741   305.470    79.166   903.492     6.875   200.647
     7.250     5.914     5.252    32.917    33.923     3.349     5.975   266.732   304.447    79.180   903.352     7.125   200.608
     7.500     6.015     5.248    32.887    33.897     3.309     5.914   266.725   305.497    79.196   903.275     7.375   200.574
     7.750     6.025     5.243    32.858    33.871     3.284     5.842   266.718   304.554    79.202   903.135     7.625   200.538
     8.000     6.091     5.237    32.827    33.846     3.269     5.774   266.708   305.454    79.225   903.171     7.875   200.504
     8.250     5.998     5.236    32.801    33.819     3.309     5.680   266.695   304.754    79.232   902.772     8.125   200.469
     8.500     6.012     5.226    32.771    33.795     3.291     5.620   266.688   304.673    79.237   902.890     8.375   200.436
     8.750     6.158     5.219    32.742    33.771     3.236     5.590   266.682   304.614    79.245   902.997     8.625   200.409
     9.000     6.093     5.212    32.715    33.747     3.167     5.578   266.673   305.620    79.244   902.951     8.875   200.387
     9.250     6.043     5.210    32.689    33.722     3.124     5.557   266.664   305.563    79.261   902.742     9.125   200.363
     9.500     6.018     5.208    32.660    33.698     3.053     5.586   266.655   305.482    79.297   902.753     9.375   200.334
     9.750     6.110     5.204    32.631    33.674     2.998     5.585   266.646   305.518    79.318   902.765     9.625   200.302
    10.000     5.853     5.211    32.611    33.649     2.987     5.571   266.637   305.407    79.329   902.164     9.875   200.271
    10.250     6.187     5.361    32.593    33.624     2.925     5.504   266.626   304.612    79.238   901.978    10.125   200.246
    10.500     6.150     5.354    32.569    33.599     2.869     5.474   266.616   304.686    79.224   902.090    10.375   200.213
    10.750     6.013     5.291    32.536    33.574     2.858     5.439   266.606   304.595    79.303   902.220    10.625   200.172
    11.000     6.009     5.345    32.519    33.551     2.750     5.464   266.598   304.668    79.251   901.990    10.875   200.140
    11.250     5.967     5.317    32.492    33.526     2.701     5.462   266.589   304.665    79.273   901.938    11.125   200.104
    11.500     5.977     5.337    32.465    33.502     2.658     5.461   266.581   304.648    79.289   901.824    11.375   200.077
    11.750     5.997     5.337    32.438    33.477     2.620     5.440   266.572   304.541    79.313   901.758    11.625   200.036
    12.000     5.877     5.332    32.413    33.453     2.568     5.469   266.564   304.381    79.328   901.576    11.875   200.007
    12.250     6.006     5.327    32.384    33.428     2.511     5.495   266.555   304.450    79.347   901.585    12.125   199.989
    12.500     6.039     5.327    32.356    33.403     2.485     5.425   266.545   304.606    79.375   901.611    12.375   199.949
    12.750     5.842     5.262    32.327    33.379     2.460     5.378   266.536   304.598    79.407   901.636    12.625   199.918
    13.000     6.088     5.313    32.303    33.354     2.405     5.356   266.527   304.642    79.386   901.548    12.875   199.889
    13.250     5.992     5.309    32.275    33.330     2.360     5.380   266.518   304.602    79.411   901.549    13.125   199.852
    13.500     5.991     5.308    32.248    33.305     2.336     5.324   266.511   304.470    79.434   901.494    13.375   199.817
    13.750     5.876     5.244    32.215    33.281     2.302     5.377   266.500   304.671    79.497   901.555    13.625   199.779
    14.000     6.012     5.295    32.195    33.257     2.229     5.318   266.491   304.714    79.453   901.383    13.875   199.735
    14.250     5.971     5.291    32.167    33.232     2.179     5.322   266.483   304.653    79.473   901.395    14.125   199.712
    14.500     5.858     5.287    32.141    33.208     2.135     5.321   266.474   304.688    79.490   901.278    14.375   199.676
    14.750     5.962     5.283    32.113    33.183     2.095     5.312   266.465   304.729    79.507   901.237    14.625   199.635
    15.000     5.925     5.282    32.086    33.159     2.047     5.313   266.457   304.668    79.526   901.202    14.875   199.608
    15.250     5.844     5.236    32.058    33.134     2.005     5.298   266.448   304.643    79.544   901.169    15.125   199.581
    15.500     5.980     5.274    32.031    33.110     1.963     5.291   266.440   304.510    79.559   901.091    15.375   199.551
    15.750     5.848     5.267    32.005    33.086     1.928     5.257   266.431   304.550    79.573   900.996    15.625   199.524
    16.000     5.936     5.265    31.975    33.061     1.894     5.227   266.422   304.496    79.600   901.048    15.875   199.503
    16.250     5.874     5.202    31.943    33.036     1.880     5.188   266.412   304.607    79.644   901.144    16.125   199.496
    16.500     5.987     5.198    31.914    33.011     1.827     5.225   266.403   304.637    79.665   901.263    16.375   199.481
    16.750     5.853     5.193    31.887    32.987     1.783     5.225   266.395   304.485    79.672   901.118    16.625   199.458
    17.000     5.908     5.242    31.867    32.962     1.730     5.104   266.386   304.502    79.621   900.972    16.875   199.444
    17.250     5.886     5.237    31.839    32.938     1.714     5.038   266.376   304.639    79.638   900.986    17.125   199.420
    17.500     5.909     5.139    31.795    32.914     1.768     4.927   266.372   305.290    79.699   901.583    17.375   199.560
    17.750     5.844     5.071    31.765    32.889     1.794     4.847   266.362   305.256    79.688   901.671    17.625   199.628
    18.000     6.071     5.225    31.753    32.863     1.740     4.801   266.349   304.540    79.610   901.326    17.875   199.557
    18.250     5.861     5.224    31.728    32.839     1.712     4.769   266.340   304.674    79.607   901.393    18.125   199.624
    18.500     5.847     5.218    31.701    32.813     1.688     4.734   266.332   304.585    79.607   901.433    18.375   199.669
    18.750     5.845     5.171    31.674    32.789     1.616     4.736   266.322   304.848    79.582   901.609    18.625   199.718
    19.000     5.904     5.208    31.649    32.765     1.532     4.764   266.313   304.904    79.560   901.625    18.875   199.752
    19.250     5.748     5.204    31.621    32.740     1.530     4.730   266.304   304.855    79.582   901.571    19.125   199.792
    19.500     5.862     5.203    31.595    32.715     1.460     4.737   266.296   304.814    79.556   901.637    19.375   199.824
    19.750     5.818     5.191    31.566    32.690     1.411     4.761   266.286   304.996    79.565   901.741    19.625   199.877
    20.000     5.862     5.150    31.540    32.665     1.344     4.751   266.278   304.926    79.527   901.888    19.875   199.927
    20.250     5.837     5.121    31.503    32.640     1.374     4.705   266.268   304.849    79.574   902.132    20.125   200.024
    20.500     5.772     5.188    31.482    32.615     1.356     4.642   266.260   304.829    79.530   901.935    20.375   200.025
    20.750     5.848     5.176    31.457    32.589     1.313     4.607   266.250   304.928    79.496   902.027    20.625   200.064
    21.000     5.770     5.180    31.429    32.564     1.296     4.563   266.242   304.792    79.490   902.008    20.875   200.095
    21.250     5.793     5.169    31.402    32.539     1.241     4.546   266.233   304.907    79.469   902.074    21.125   200.123
    21.500     5.860     5.161    31.374    32.514     1.173     4.548   266.224   304.975    79.449   902.201    21.375   200.154
    21.750     5.800     5.163    31.345    32.489     1.127     4.549   266.215   304.979    79.454   902.413    21.625   200.227
    22.000     5.915     5.155    31.318    32.464     1.055     4.554   266.206   304.875    79.420   902.563    21.875   200.264
    22.250     5.622     5.157    31.290    32.439     1.044     4.534   266.197   304.891    79.448   902.442    22.125   200.295
    22.500     5.889     5.150    31.262    32.413     0.998     4.502   266.188   305.002    79.405   902.629    22.375   200.353
    22.750     5.733     5.102    31.236    32.388     0.921     4.525   266.179   305.018    79.373   902.776    22.625   200.407
    23.000     5.770     4.986    31.189    32.363     0.960     4.441   266.174   305.541    79.412   903.475    22.875   200.559
    23.250     5.846     4.984    31.159    32.338     0.924     4.428   266.163   304.936    79.410   903.528    23.125   200.593
    23.500     5.863     4.977    31.131    32.313     0.873     4.403   266.155   305.578    79.387   903.642    23.375   200.604
    23.750     5.788     4.975    31.103    32.288     0.836     4.385   266.145   305.519    79.393   903.695    23.625   200.623
    24.000     5.807     4.970    31.074    32.263     0.830     4.324   266.136   305.601    79.382   903.808    23.875   200.633
    24.250     5.648     4.968    31.048    32.238     0.807     4.289   266.127   305.528    79.386   903.688    24.125   200.638
    24.500     5.803     4.964    31.018    32.211     0.795     4.243   266.118   305.451    79.374   903.820    24.375   200.671
    24.750     5.760     5.097    31.005    32.185     0.762     4.207   266.106   304.756    79.327   903.172    24.625   200.606
    25.000     5.828     5.069    30.959    32.159     0.845     4.145   266.098   305.209    79.367   903.562    24.875   200.679
    25.250     6.355     5.073    30.923    32.127     0.971     4.043   266.080   304.886    79.284   903.791    25.125   200.724
    25.500     6.001     5.065    30.899    32.098     1.049     3.946   266.061   304.891    79.189   904.092    25.375   200.779
    25.750     6.039     5.062    30.872    32.070     1.137     3.852   266.049   304.080    79.151   904.389    25.625   200.797
    26.000     5.755     5.057    30.854    32.046     1.165     3.781   266.041   304.140    79.109   904.519    25.875   200.814
    26.250     5.734     5.054    30.833    32.022     1.191     3.718   266.032   304.205    79.100   904.560    26.125   200.825
    26.500     5.613     5.055    30.810    31.998     1.186     3.670   266.024   304.348    79.124   904.551    26.375   200.839
    26.750     5.575     5.055    30.785    31.972     1.174     3.631   266.015   304.238    79.128   904.487    26.625   200.850
    27.000     5.822     5.058    30.749    31.944     1.201     3.597   266.005   304.989    79.145   904.704    26.875   200.883
    27.250     5.682     5.047    30.721    31.917     1.201     3.569   265.995   304.115    79.112   904.728    27.125   200.896
    27.500     5.846     5.042    30.687    31.889     1.214     3.545   265.985   304.985    79.101   905.001    27.375   200.932
    27.750     5.665     5.034    30.664    31.863     1.202     3.524   265.975   304.110    79.042   905.042    27.625   200.940
    28.000     5.568     5.030    30.645    31.839     1.163     3.507   265.968   304.211    79.015   905.030    27.875   200.948
    28.250     5.610     5.028    30.619    31.814     1.121     3.491   265.960   304.305    79.022   905.063    28.125   200.967
    28.500     6.025     5.007    30.563    31.786     1.196     3.465   265.951   305.019    79.104   905.675    28.375   201.066
    28.750     5.752     5.019    30.543    31.757     1.169     3.447   265.935   303.990    78.999   905.502    28.625   201.048
    29.000     5.725     5.005    30.520    31.731     1.139     3.433   265.927   304.223    78.946   905.647    28.875   201.035
    29.250     5.580     5.000    30.503    31.708     1.083     3.420   265.919   304.467    78.885   905.643    29.125   201.065
    29.500     5.847     4.997    30.474    31.683     1.068     3.400   265.907   304.464    78.875   905.870    29.375   201.119
    29.750     5.554     4.994    30.453    31.661     1.010     3.385   265.902   304.607    78.858   905.870    29.625   201.122
    30.000     5.510     4.987    30.434    31.638     0.944     3.369   265.893   304.684    78.831   905.778    29.875   201.137
    30.250     5.506     4.987    30.413    31.616     0.885     3.351   265.885   304.697    78.815   905.666    30.125   201.150
    30.500     5.700     4.994    30.384    31.592     0.846     3.331   265.877   304.843    78.827   905.775    30.375   201.180
    30.750     5.314     4.994    30.367    31.569     0.742     3.316   265.871   304.814    78.822   905.616    30.625   201.189
    31.000     5.417     4.988    30.338    31.544     0.666     3.300   265.867   304.790    78.845   905.574    30.875   201.212
    31.250     5.378     4.987    30.314    31.519     0.558     3.290   265.859   304.821    78.814   905.497    31.125   201.214
    31.500     5.398     4.988    30.289    31.494     0.455     3.281   265.854   304.858    78.792   905.411    31.375   201.222
    31.750     5.393     4.980    30.263    31.470     0.350     3.274   265.848   304.821    78.778   905.352    31.625   201.233
    32.000     5.384     4.981    30.234    31.446     0.270     3.268   265.842   304.656    78.778   905.244    31.875   201.268
    32.250     5.407     4.975    30.204    31.419     0.191     3.260   265.834   304.534    78.755   905.181    32.125   201.299
    32.500     5.481     4.973    30.171    31.393     0.115     3.254   265.829   304.554    78.749   905.299    32.375   201.334
    32.750     5.309     4.968    30.149    31.368    -0.075     3.278   265.822   304.565    78.712   905.228    32.625   201.330
    33.000     4.815     4.895    30.121    31.345    -0.603     3.674   265.819   304.614    78.787   904.951    32.875   201.342
    33.250     5.186     4.978    30.090    31.317    -0.971     3.956   265.815   304.310    78.784   904.561    33.125   201.354
    33.500     5.448     4.910    30.035    31.284    -1.040     4.041   265.805   304.060    78.814   904.757    33.375   201.410
    33.750     5.392     4.809    29.986    31.251    -1.013     3.917   265.796   303.804    78.807   905.127    33.625   201.438
    34.000     5.535     4.800    29.956    31.223    -1.079     3.862   265.792   304.593    78.716   905.388    33.875   201.476
    34.250     5.568     4.795    29.923    31.194    -1.131     3.847   265.782   304.615    78.688   905.586    34.125   201.500
    34.500     5.563     4.788    29.890    31.165    -1.173     3.806   265.776   304.697    78.633   905.794    34.375   201.544
    34.750     5.475     4.786    29.858    31.136    -1.219     3.829   265.764   303.735    78.616   905.836    34.625   201.583
    35.000     5.571     4.781    29.826    31.108    -1.281     3.838   265.757   304.691    78.555   906.047    34.875   201.627
    35.250     5.526     4.767    29.792    31.079    -1.343     3.911   265.746   304.698    78.522   906.194    35.125   201.670
    35.500     5.783     4.895    29.770    31.049    -1.325     3.777   265.732   304.214    78.407   905.887    35.375   201.666
    35.750     6.135     4.883    29.717    31.017    -1.199     3.601   265.715   303.008    78.397   906.685    35.625   201.733
    36.000     5.732     4.876    29.691    30.988    -1.158     3.481   265.703   303.043    78.316   907.005    35.875   201.762
    36.250     5.794     4.869    29.666    30.959    -1.107     3.380   265.689   302.976    78.233   907.217    36.125   201.784
    36.500     5.854     4.843    29.627    30.931    -1.028     3.295   265.676   304.052    78.218   907.809    36.375   201.821
    36.750     5.824     4.722    29.588    30.904    -0.947     3.224   265.662   304.165    78.185   908.350    36.625   201.872
    37.000     6.178     4.828    29.556    30.877    -0.857     3.165   265.645   302.919    78.129   908.701    36.875   201.899
    37.250     5.775     4.825    29.536    30.851    -0.825     3.126   265.631   302.920    78.038   908.932    37.125   201.911
    37.500     5.491     4.822    29.532    30.828    -0.853     3.099   265.617   304.341    77.945   908.787    37.375   201.903
    37.750     5.718     4.826    29.508    30.804    -0.848     3.073   265.605   304.491    77.929   908.998    37.625   201.931
    38.000     5.187     4.824    29.507    30.785    -0.962     3.061   265.604   303.951    77.839   908.932    37.875   201.894
    38.250     5.147     4.829    29.499    30.768    -1.089     3.046   265.602   304.479    77.864   908.768    38.125   201.905
    38.500     4.941     4.838    29.492    30.750    -1.238     3.028   265.604   304.559    77.852   908.400    38.375   201.918
    38.750     4.806     4.846    29.482    30.732    -1.411     3.012   265.600   304.960    77.891   907.969    38.625   201.918
    39.000     4.662     4.728    29.461    30.712    -1.653     3.079   265.602   304.833    77.956   907.541    38.875   201.929
    39.250     4.844     4.871    29.424    30.687    -1.969     3.476   265.600   304.154    78.101   906.936    39.125   201.939
    39.500     5.263     4.855    29.368    30.656    -2.063     3.719   265.595   305.079    78.089   907.149    39.375   201.979
    39.750     5.313     4.792    29.328    30.623    -2.121     3.759   265.582   304.096    78.010   907.260    39.625   201.999
    40.000     5.289     4.692    29.281    30.593    -2.059     3.553   265.574   304.022    77.991   907.661    39.875   202.040
    40.250     5.429     4.686    29.246    30.564    -2.067     3.465   265.565   304.117    77.931   907.850    40.125   202.081
    40.500     5.438     4.683    29.214    30.535    -2.104     3.397   265.559   304.088    77.863   908.093    40.375   202.122
    40.750     5.320     4.673    29.186    30.508    -2.164     3.327   265.552   304.909    77.795   908.235    40.625   202.151
    41.000     5.294     4.677    29.159    30.480    -2.210     3.279   265.546   304.866    77.767   908.092    40.875   202.172
    41.250     5.337     4.672    29.123    30.452    -2.264     3.274   265.538   304.417    77.743   908.336    41.125   202.205
    41.500     5.356     4.803    29.106    30.423    -2.337     3.277   265.524   303.515    77.649   908.008    41.375   202.209
    41.750     5.231     4.654    29.057    30.393    -2.319     3.271   265.516   304.045    77.675   908.398    41.625   202.253
    42.000     5.864     4.758    29.015    30.362    -2.268     3.153   265.503   303.681    77.607   908.836    41.875   202.290
    42.250     5.697     4.765    28.994    30.331    -2.243     3.056   265.486   303.486    77.442   908.904    42.125   202.299
    42.500     5.719     4.740    28.952    30.302    -2.162     2.964   265.475   302.400    77.431   909.590    42.375   202.337
    42.750     5.658     4.728    28.920    30.274    -2.097     2.889   265.462   303.479    77.396   909.938    42.625   202.360
    43.000     5.520     4.722    28.894    30.247    -2.059     2.830   265.451   303.449    77.337   910.159    42.875   202.380
    43.250     5.514     4.734    28.878    30.220    -2.045     2.784   265.436   301.983    77.216   910.112    43.125   202.393
    43.500     5.346     4.724    28.862    30.197    -2.063     2.751   265.429   302.332    77.144   910.252    43.375   202.405
    43.750     5.272     4.599    28.823    30.173    -2.035     2.717   265.419   303.598    77.203   910.832    43.625   202.448
    44.000     5.038     4.601    28.810    30.152    -2.126     2.697   265.418   303.792    77.151   910.621    43.875   202.469
    44.250     4.977     4.605    28.797    30.132    -2.244     2.680   265.416   304.025    77.111   910.481    44.125   202.495
    44.500     5.027     4.608    28.775    30.110    -2.362     2.666   265.412   304.082    77.121   910.375    44.375   202.522
    44.750     5.052     4.614    28.750    30.086    -2.494     2.665   265.408   304.164    77.104   910.325    44.625   202.549
    45.000     4.606     4.686    28.730    30.062    -2.869     3.057   265.404   302.642    77.181   909.578    44.875   202.565
    45.250     5.321     4.669    28.676    30.030    -2.914     3.125   265.396   303.792    77.106   910.092    45.125   202.605
    45.500     5.213     4.597    28.637    29.999    -2.965     3.172   265.388   303.809    77.055   910.298    45.375   202.632
    45.750     5.249     4.587    28.603    29.969    -3.001     3.132   265.380   303.815    76.976   910.503    45.625   202.665
    46.000     5.374     4.715    28.587    29.939    -3.066     3.088   265.367   302.782    76.856   910.305    45.875   202.672
    46.250     5.105     4.575    28.540    29.909    -3.061     3.050   265.360   303.769    76.859   910.982    46.125   202.716
    46.500     5.323     4.647    28.510    29.881    -3.107     2.995   265.354   303.728    76.788   911.156    46.375   202.742
    46.750     5.139     4.567    28.480    29.853    -3.148     2.937   265.347   303.751    76.740   911.279    46.625   202.766
    47.000     5.106     4.564    28.448    29.824    -3.195     2.948   265.337   302.288    76.732   911.286    46.875   202.783
    47.250     5.284     4.626    28.415    29.795    -3.264     2.970   265.330   303.519    76.666   911.548    47.125   202.816
    47.500     5.178     4.631    28.383    29.766    -3.318     2.992   265.320   303.298    76.613   911.673    47.375   202.835
    47.750     5.064     4.544    28.352    29.736    -3.353     2.974   265.311   303.265    76.554   911.789    47.625   202.851
    48.000     5.203     4.540    28.321    29.708    -3.399     2.989   265.306   303.315    76.492   911.938    47.875   202.876
    48.250     5.313     4.534    28.287    29.679    -3.448     3.032   265.294   303.127    76.457   912.145    48.125   202.894
    48.500     5.237     4.523    28.257    29.651    -3.481     2.983   265.287   303.225    76.392   912.381    48.375   202.917
    48.750     5.293     4.603    28.232    29.624    -3.536     2.957   265.273   303.104    76.330   912.555    48.625   202.934
    49.000     5.212     4.593    28.206    29.596    -3.571     2.936   265.269   303.081    76.290   912.581    48.875   202.945
    49.250     5.122     4.515    28.177    29.568    -3.594     2.882   265.261   303.234    76.241   912.718    49.125   202.963
    49.500     5.272     4.595    28.149    29.541    -3.656     2.902   265.252   303.032    76.196   912.868    49.375   202.978
    49.750     5.141     4.506    28.118    29.513    -3.694     2.913   265.243   303.195    76.144   913.024    49.625   202.996
    50.000     5.281     4.503    28.087    29.485    -3.727     2.893   265.232   303.019    76.101   913.246    49.875   203.013
