  1000.000    12.261     6.130    -0.000     0.683    -1.678    -1.101     2.650     0.000     0.000     0.000     0.000     0.000     0.000   303.912     0.000   0.00E+00    -1.142     0.332   285.420
   950.000     8.136     5.935     0.001     0.856     1.706    -1.274    -0.302     0.000    13.855     0.000   -12.031     0.000     0.000   303.883     0.000   0.00E+00    -1.867     0.371   281.279
   900.000     4.959     4.371    -0.374     0.730     1.272    -1.272     0.000     0.000    13.852     0.000    -8.844     0.000     2.041   299.927     0.000   0.18E-01    -0.477     0.397   277.546
   850.000     1.491     3.261     0.261     0.662     1.311    -1.313     0.000     0.000    12.941    -2.039    -8.697     2.335     1.688   298.567     0.001   0.78E-02     0.219     0.425   274.853
   800.000    -1.951     2.262     0.673     0.572     1.493    -1.495     0.000     0.000    11.852    -1.688    -9.533     2.078     0.043   297.378     0.006   0.26E+00     0.977     0.452   272.001
   750.000    -5.019     1.297     0.582     0.418     1.612    -1.615     0.000     0.000    12.006    -0.042    -7.708     1.605     0.023   295.887     0.001   0.16E+00     1.389     0.485   268.941
   700.000    -8.404     0.706     0.347     0.295     1.574    -1.578     0.000     0.000    12.181    -0.001    -7.051     1.423     0.023   296.043     0.002   0.12E+00     1.444     0.515   265.516
   650.000   -12.179     0.371     0.034     0.208     1.402    -1.406     0.000     0.000    12.350    -0.000    -6.332     1.235     0.020   296.020     0.002   0.10E+00     1.242     0.538   261.654
   600.000   -16.528     0.202    -0.237     0.159     1.135    -1.140     0.000     0.000    12.590     0.000    -5.527     1.337     0.018   297.507     0.003   0.96E-01     0.924     0.551   257.268
   550.000   -21.614     0.130    -0.367     0.147     0.887    -0.894     0.000     0.000    12.944     0.000    -4.508     1.479     0.022   298.576     0.005   0.10E+00     0.617     0.548   252.268
   500.000   -27.518     0.105    -0.336     0.183     0.742    -0.752     0.000     0.000    13.502     0.000    -3.168     1.672     0.022   300.075     0.008   0.22E+00     0.391     0.525   246.563
   450.000   -34.242     0.099    -0.206     0.296     0.795    -0.808     0.000     0.000    14.399    -0.000    -1.627     1.985     0.028   299.741     0.024   0.13E+00     0.245     0.484   240.071
   400.000   -41.733     0.094    -0.112     0.565     0.814    -0.831     0.000     0.000    15.425    -0.000    -0.601     2.589     0.592   300.717     0.144   0.20E+00     0.055     0.432   232.716
   350.000   -50.055     0.063    -0.095     0.851     0.654    -0.674     0.000     0.000    12.985     0.000    -0.107     3.094     4.920   300.812     0.237   0.11E+00     0.008     0.364   224.413
   300.000   -59.396     0.023    -0.131     0.876     0.488    -0.512     0.000     0.000     5.550     0.000    -0.023     1.162     8.233   300.966     0.188   0.67E-02     0.001     0.230   215.038
   250.000   -69.546     0.007    -0.497     0.999     0.030    -0.057     0.000     0.000     0.033     0.000    -0.000     0.000     5.517   302.005     0.350   0.21E-02    -0.000     0.102   204.353
   200.000   -65.889     0.001    -4.000     0.077    -0.001    -0.004     0.000     0.000     0.000     0.000    -0.000     0.000     0.033   317.842     0.000   0.17E-04    -0.000     0.002   191.307
   150.000   -67.133     0.001    -4.000     0.064     0.000     0.009     0.000     0.000     0.000     0.000     0.000     0.000     0.000   332.448     0.000   0.00E+00     0.000     0.000   174.471
   100.000   -68.507     0.001    -4.000     0.052     0.000     0.007     0.000     0.000     0.000     0.000     0.000     0.000     0.000   355.046     0.000   0.00E+00     0.000     0.000   151.042
    80.000   -68.690     0.001    -4.000     0.043     0.000     0.007     0.000     0.000     0.000     0.000     0.000     0.000     0.000   367.120     0.000   0.00E+00     0.000     0.000     0.000
    60.000   -66.799     0.001     0.000     0.024     0.000     0.010     0.000     0.000     0.000     0.000     0.000     0.000     0.000   385.675     0.000   0.00E+00     0.000     0.000     0.000
    40.000   -64.852     0.001     0.000     0.012     0.000     0.013     0.000     0.000     0.000     0.000     0.000     0.000     0.000   411.615     0.000   0.00E+00     0.000     0.000     0.000
    30.000   -65.790     0.001     0.000     0.010     0.000     0.011     0.000     0.000     0.000     0.000     0.000     0.000     0.000   427.942     0.000   0.00E+00     0.000     0.000     0.000
    25.000   -71.601     0.001     0.000     0.019     0.000     0.003     0.000     0.000     0.000     0.000     0.000     0.000     0.000   432.520     0.000   0.00E+00    -0.001     0.000     0.000
