  1000.000     6.051     3.771     0.000     0.645    -1.502    -1.009     2.662     0.000     0.000     0.000     0.000     0.000     0.000   292.063     0.000   0.00E+00    -0.867     0.285   279.182
   950.000     1.959     3.589     0.001     0.814     0.914    -1.331     0.303     0.000    18.236     0.000   -12.359     0.000     0.003   292.059     0.000   0.97E-05    -1.080     0.319   275.130
   900.000    -1.811     2.734    -0.196     0.753     1.381    -1.375     0.000     0.000    18.232    -0.003   -14.965     0.003     2.304   289.705     0.003   0.13E-01    -0.411     0.341   271.157
   850.000    -5.339     1.930     0.352     0.690     1.462    -1.461     0.000     0.000    16.889    -2.304   -10.936     2.697     2.244   288.233     0.085   0.47E+00     0.143     0.374   268.284
   800.000    -8.826     1.218     0.565     0.571     1.587    -1.592     0.000     0.000    15.341    -2.211    -7.665     2.590     1.102   287.148     0.027   0.28E+00     0.589     0.408   265.116
   750.000   -12.364     0.653     0.510     0.427     1.562    -1.571     0.000     0.000    14.333    -1.064    -6.247     1.925     0.539   286.843     0.016   0.18E+00     0.803     0.433   261.605
   700.000   -16.203     0.332     0.322     0.317     1.417    -1.430     0.000     0.000    13.949    -0.425    -5.275     1.739     0.388   287.134     0.021   0.14E+00     0.783     0.445   257.696
   650.000   -20.476     0.219     0.127     0.257     1.247    -1.267     0.000     0.000    13.728    -0.286    -4.350     1.592     0.412   287.710     0.028   0.11E+00     0.641     0.445   253.334
   600.000   -25.301     0.108    -0.048     0.231     1.033    -1.060     0.000     0.000    13.529    -0.320    -3.335     1.615     0.385   288.340     0.037   0.92E-01     0.470     0.434   248.465
   550.000   -30.545     0.066    -0.191     0.232     0.809    -0.844     0.000     0.000    13.498    -0.294    -2.303     1.747     0.254   288.932     0.043   0.76E-01     0.320     0.410   243.036
   500.000   -36.518     0.045    -0.288     0.289     0.679    -0.726     0.000     0.000    13.862    -0.182    -1.321     2.040     0.099   289.493     0.055   0.66E-01     0.191     0.374   237.003
   450.000   -43.296     0.074    -0.373     0.480     0.659    -0.718     0.000     0.000    15.092    -0.012    -0.578     2.736     0.164   289.942     0.113   0.11E+00     0.062     0.330   230.324
   400.000   -50.764     0.091    -0.504     0.755     0.488    -0.562     0.000     0.000    14.193    -0.011    -0.166     2.711     2.682   290.292     0.220   0.97E-01     0.020     0.280   222.944
   350.000   -58.944     0.019    -0.671     0.782     0.388    -0.476     0.000     0.000     8.876    -0.007    -0.036     2.180     6.741   290.503     0.143   0.61E-02     0.003     0.201   214.771
   300.000   -67.773     0.008    -1.149     1.004     0.120    -0.220     0.000     0.000     0.453    -0.002    -0.000     0.002     8.421   291.129     0.466   0.20E-02    -0.000     0.112   205.648
   250.000   -73.938     0.004    -4.000     0.998    -0.013    -0.072     0.000     0.000     0.000     0.000    -0.000     0.000     0.453   295.070     0.327   0.89E-04    -0.000     0.018   195.199
   200.000   -72.413     0.001    -4.000     0.192     0.000    -0.008     0.000     0.000     0.000     0.000     0.000     0.000     0.000   308.026     0.000   0.22E-09    -0.000     0.000   182.511
   150.000   -73.514     0.001    -4.000     0.158     0.000    -0.002     0.000     0.000     0.000     0.000     0.000     0.000     0.000   322.845     0.000   0.00E+00     0.000     0.000   166.193
   100.000   -72.766     0.001    -4.000     0.102     0.000     0.003     0.000     0.000     0.000     0.000     0.000     0.000     0.000   345.912     0.000   0.00E+00     0.000     0.000   143.355
    80.000   -70.245     0.001    -4.000     0.063     0.000     0.019     0.000     0.000     0.000     0.000     0.000     0.000     0.000   360.361     0.000   0.00E+00     0.000     0.000     0.000
    60.000   -63.776     0.001     0.000     0.023     0.000     0.063     0.000     0.000     0.000     0.000     0.000     0.000     0.000   382.515     0.000   0.00E+00     0.000     0.000     0.000
    40.000   -55.153     0.001     0.000     0.006     0.000     0.120     0.000     0.000     0.000     0.000     0.000     0.000     0.000   414.576     0.000   0.00E+00     0.000     0.000     0.000
    30.000   -48.755     0.001     0.000     0.003     0.000     0.163     0.000     0.000     0.000     0.000     0.000     0.000     0.000   438.746     0.000   0.00E+00     0.000     0.000     0.000
    25.000   -37.511     0.001     0.000     0.001     0.000     0.237     0.000     0.000     0.000     0.000     0.000     0.000     0.000   462.249     0.000   0.00E+00    -0.001     0.000     0.000
