  1000.000     2.965     2.983    -0.000     0.625    -1.318    -0.842     2.578     0.000     0.000     0.000     0.000     0.000     0.000   286.890     0.000   0.00E+00    -0.594     0.256   276.071
   950.000    -1.132     2.824     0.001     0.798    -0.017    -1.400     0.988     0.000    20.639     0.000   -16.231     0.000     0.001   286.932     0.000   0.18E-06    -0.899     0.287   272.063
   900.000    -4.918     2.008    -0.010     0.727     1.420    -1.427     0.000     0.000    20.636    -0.001   -14.902     0.001     2.104   283.799     0.004   0.88E-01    -0.263     0.319   268.189
   850.000    -8.472     1.342     0.424     0.635     1.499    -1.508     0.000     0.000    19.273    -2.101   -10.454     2.655     2.574   283.009     0.048   0.32E+00     0.218     0.352   265.144
   800.000   -12.130     0.852     0.614     0.524     1.598    -1.608     0.000     0.000    17.644    -2.569    -7.251     3.039     1.833   281.869     0.019   0.25E+00     0.546     0.383   261.796
   750.000   -15.930     0.461     0.582     0.383     1.573    -1.584     0.000     0.000    16.067    -1.829    -5.519     2.323     0.755   282.434     0.005   0.17E+00     0.717     0.403   258.099
   700.000   -19.953     0.215     0.401     0.268     1.466    -1.479     0.000     0.000    15.463    -0.731    -4.337     2.012     0.608   281.856     0.003   0.12E+00     0.685     0.410   254.009
   650.000   -24.355     0.110     0.212     0.200     1.318    -1.332     0.000     0.000    15.046    -0.581    -3.409     1.868     0.500   283.119     0.005   0.96E-01     0.563     0.405   249.480
   600.000   -29.240     0.060     0.016     0.162     1.119    -1.135     0.000     0.000    14.788    -0.474    -2.527     1.758     0.548   284.154     0.007   0.77E-01     0.401     0.390   244.472
   550.000   -34.644     0.025    -0.159     0.127     0.696    -0.713     0.000     0.000    14.654    -0.522    -1.758     2.011     0.070   284.507     0.008   0.56E-01     0.265     0.368   238.949
   500.000   -40.684     0.019    -0.232     0.163     0.529    -0.550     0.000     0.000    15.668    -0.050    -0.992     2.683     0.018   284.731     0.011   0.38E-01     0.147     0.334   232.876
   450.000   -47.351     0.016    -0.256     0.273     0.461    -0.484     0.000     0.000    17.936    -0.002    -0.394     3.902     0.046   284.936     0.024   0.42E-01     0.062     0.294   226.210
   400.000   -54.669     0.014    -0.282     0.485     0.340    -0.366     0.000     0.000    23.449    -0.002    -0.110     7.547     0.565   285.141     0.095   0.36E-01     0.020     0.249   218.891
   350.000   -62.757     0.013    -0.288     0.959     0.323    -0.351    -0.000     0.000     4.322    -0.001    -0.010     0.821    19.569   285.246     0.379   0.55E-02     0.001     0.196   210.821
   300.000   -71.335     0.004    -0.637     1.003     0.031    -0.062     0.000     0.000     0.084     0.000    -0.000     0.000     4.238   285.401     0.472   0.11E-02    -0.000     0.072   201.832
   250.000   -74.973     0.003    -4.000     1.000    -0.002    -0.023     0.000     0.000     0.000     0.000    -0.000     0.000     0.084   291.348     0.301   0.17E-04    -0.000     0.003   191.478
   200.000   -73.603     0.001    -4.000     0.199     0.000    -0.008     0.000     0.000     0.000     0.000     0.000     0.000     0.000   305.199     0.000   0.71E-10    -0.000     0.000   178.861
   150.000   -74.157     0.001    -4.000     0.162     0.000    -0.002     0.000     0.000     0.000     0.000     0.000     0.000     0.000   320.953     0.000   0.00E+00     0.000     0.000   162.614
   100.000   -72.288     0.001    -4.000     0.085     0.000     0.001     0.000     0.000     0.000     0.000     0.000     0.000     0.000   346.236     0.000   0.00E+00     0.000     0.000   139.781
    80.000   -68.811     0.001    -4.000     0.043     0.000     0.006     0.000     0.000     0.000     0.000     0.000     0.000     0.000   361.091     0.000   0.00E+00     0.000     0.000     0.000
    60.000   -61.059     0.001     0.000     0.012     0.000     0.017     0.000     0.000     0.000     0.000     0.000     0.000     0.000   385.782     0.000   0.00E+00     0.000     0.000     0.000
    40.000   -50.766     0.001     0.000     0.002     0.000     0.031     0.000     0.000     0.000     0.000     0.000     0.000     0.000   421.123     0.000   0.00E+00     0.000     0.000     0.000
    30.000   -42.494     0.001     0.000     0.001     0.000     0.043     0.000     0.000     0.000     0.000     0.000     0.000     0.000   447.677     0.000   0.00E+00     0.000     0.000     0.000
    25.000   -26.078     0.001     0.000     0.000     0.000     0.068     0.000     0.000     0.000     0.000     0.000     0.000     0.000   476.207     0.000   0.00E+00    -0.001     0.000     0.000
