  1000.000     2.994     2.991    -0.000     0.650    -1.408    -1.033     2.664     0.000     0.000     0.000     0.000     0.000     0.000   295.804     0.000   0.00E+00    -0.814     0.301   276.101
   950.000    -1.103     2.832     0.001     0.826     0.577    -1.470     0.601     0.000    18.702     0.000   -15.279     0.000     0.000   295.797     0.000   0.00E+00    -1.466     0.333   272.092
   900.000    -4.886     2.015    -0.076     0.737     1.471    -1.506     0.000     0.000    18.702     0.000   -13.248     0.000     1.940   292.074     0.003   0.80E-01    -0.517     0.364   268.219
   850.000    -8.438     1.347     0.355     0.650     1.502    -1.538     0.000     0.000    17.469    -1.940    -9.679     2.408     2.180   290.848     0.036   0.25E+00     0.064     0.398   265.176
   800.000   -12.097     0.854     0.540     0.547     1.576    -1.612     0.000     0.000    16.052    -2.180    -7.101     2.647     1.530   289.369     0.015   0.24E+00     0.479     0.429   261.830
   750.000   -15.895     0.457     0.514     0.419     1.555    -1.593     0.000     0.000    14.760    -1.502    -5.669     2.070     0.657   289.747     0.003   0.17E+00     0.712     0.451   258.135
   700.000   -19.904     0.212     0.355     0.313     1.464    -1.503     0.000     0.000    14.251    -0.604    -4.693     1.808     0.518   289.086     0.000   0.13E+00     0.739     0.460   254.046
   650.000   -24.306     0.112     0.182     0.246     1.336    -1.376     0.000     0.000    13.914    -0.461    -3.906     1.686     0.440   289.874     0.000   0.10E+00     0.658     0.460   249.519
   600.000   -29.202     0.062    -0.004     0.204     1.160    -1.201     0.000     0.000    13.714    -0.382    -3.103     1.603     0.462   290.821     0.000   0.79E-01     0.528     0.449   244.512
   550.000   -34.609     0.025    -0.161     0.169     0.810    -0.853     0.000     0.000    13.646    -0.412    -2.337     1.820     0.070   291.582     0.000   0.65E-01     0.392     0.430   238.990
   500.000   -40.651     0.020    -0.210     0.198     0.684    -0.729     0.000     0.000    14.504    -0.038    -1.521     2.363     0.022   291.513     0.001   0.41E-01     0.261     0.400   232.916
   450.000   -47.318     0.017    -0.202     0.293     0.656    -0.703     0.000     0.000    16.249     0.000    -0.787     3.322     0.167   291.630     0.017   0.92E-01     0.159     0.362   226.251
   400.000   -54.636     0.014    -0.194     0.467     0.562    -0.610     0.000     0.000    20.493     0.000    -0.355     6.160     0.623   292.467     0.081   0.85E-01     0.092     0.313   218.931
   350.000   -62.723     0.013    -0.171     0.845     0.520    -0.571    -0.000     0.000     5.244     0.000    -0.121     0.954    15.787   292.697     0.309   0.45E-01     0.051     0.256   210.860
   300.000   -71.303     0.004    -0.414     0.909     0.216    -0.269     0.000     0.000     1.393     0.000    -0.048     0.244     4.026   292.745     0.392   0.27E-01     0.029     0.140   201.870
   250.000   -74.967     0.003    -4.000     0.954     0.136    -0.184     0.000     0.000     0.655     0.000    -0.015     0.118     0.822   297.731     0.309   0.14E-01     0.007     0.065   191.515
   200.000   -73.593     0.001    -4.000     0.273     0.068    -0.103     0.000     0.000     0.203     0.000    -0.003     0.036     0.477   310.346     0.040   0.54E-02     0.000     0.041   178.898
   150.000   -74.147     0.001    -4.000     0.194     0.011    -0.032     0.000     0.000     0.005     0.000    -0.000     0.000     0.197   325.518     0.018   0.42E-03    -0.000     0.017   162.650
   100.000   -72.278     0.001    -4.000     0.079    -0.003     0.003     0.000     0.000     0.000     0.000    -0.000     0.000     0.005   349.005     0.000   0.32E-05     0.000     0.001   139.816
    80.000   -68.802     0.001    -4.000     0.035     0.000     0.004     0.000     0.000     0.000     0.000     0.000     0.000     0.000   364.857     0.000   0.00E+00     0.000     0.000     0.000
    60.000   -61.050     0.001     0.000     0.010     0.000     0.013     0.000     0.000     0.000     0.000     0.000     0.000     0.000   390.369     0.000   0.00E+00     0.000     0.000     0.000
    40.000   -50.759     0.001     0.000     0.002     0.000     0.024     0.000     0.000     0.000     0.000     0.000     0.000     0.000   425.942     0.000   0.00E+00     0.000     0.000     0.000
    30.000   -42.488     0.001     0.000     0.001     0.000     0.033     0.000     0.000     0.000     0.000     0.000     0.000     0.000   451.341     0.000   0.00E+00     0.000     0.000     0.000
    25.000   -26.079     0.001     0.000     0.000     0.000     0.053     0.000     0.000     0.000     0.000     0.000     0.000     0.000   478.932     0.000   0.00E+00    -0.001     0.000     0.000
