  1000.000    18.956    10.474    -0.000     0.788    -1.925    -1.925     3.018     0.000     0.000     0.000     0.000     0.000     0.000   368.903     0.000   0.00E+00    -2.549     0.649   292.132
   950.000    14.778    10.241     0.002     0.971     3.381    -1.155    -1.649     0.000     9.070     0.000   -11.979     0.000     0.000   368.911     0.000   0.00E+00    -6.497     0.693   287.898
   900.000    12.508     7.722    -0.200     0.826     1.586    -1.715     0.000     0.000     9.070     0.000    -5.294     0.000     0.952   361.249     0.002   0.14E+00    -3.555     0.722   285.089
   850.000     9.601     6.199     0.247     0.794     1.463    -1.593     0.000     0.000     8.330    -0.951    -6.031     1.018     0.274   356.998     0.003   0.14E+00    -2.408     0.764   282.742
   800.000     6.668     4.863     0.369     0.747     1.544    -1.675     0.000     0.000     7.901    -0.270    -5.247     0.677     0.368   353.697     0.009   0.17E+00    -1.345     0.800   280.204
   750.000     3.586     3.656     0.366     0.705     1.575    -1.707     0.000     0.000     7.629    -0.046    -4.915     0.625     0.371   351.174     0.007   0.18E+00    -0.562     0.827   277.438
   700.000     0.359     2.788     0.310     0.671     1.606    -1.738     0.000     0.000     7.403     0.000    -4.685     0.605     0.357   349.431     0.006   0.16E+00     0.000     0.846   274.399
   650.000    -3.379     1.970     0.227     0.639     1.628    -1.762     0.000     0.000     7.184     0.000    -4.637     0.597     0.342   348.077     0.004   0.12E+00     0.415     0.855   271.173
   600.000    -6.937     1.268     0.083     0.603     1.657    -1.790     0.000     0.000     6.997     0.000    -4.353     0.599     0.309   347.246     0.001   0.10E+00     0.684     0.857   267.582
   550.000   -11.053     0.808    -0.069     0.571     1.696    -1.830     0.000     0.000     6.773     0.000    -3.913     0.626     0.362   346.920     0.001   0.10E+00     0.765     0.851   263.447
   500.000   -15.991     0.538    -0.202     0.541     1.760    -1.897     0.000     0.000     6.696     0.000    -3.361     0.633     0.223   346.614     0.001   0.99E-01     0.884     0.831   258.626
   450.000   -21.996     0.422    -0.264     0.517     1.864    -2.008     0.000     0.000     6.253     0.000    -2.678     0.586     0.603   346.817     0.012   0.28E+00     0.901     0.805   252.945
   400.000   -29.181     0.340    -0.253     0.480     1.949    -2.102     0.000     0.000     5.799     0.000    -1.887     0.574     0.645   347.488     0.015   0.31E+00     0.758     0.755   246.210
   350.000   -37.280     0.162    -0.236     0.441     1.994    -2.157     0.000     0.000     5.369     0.000    -1.281     0.557     0.653   347.836     0.020   0.29E+00     0.840     0.692   238.223
   300.000   -46.672     0.103    -0.306     0.403     1.821    -1.996     0.000     0.000     5.141     0.000    -0.802     0.645     0.569   349.131     0.025   0.25E+00     0.836     0.621   228.813
   250.000   -57.589     0.037    -0.322     0.495     1.755    -1.943     0.000     0.000     4.460    -0.000    -0.358     0.712     1.136   351.215     0.061   0.20E+00     0.587     0.550   217.791
   200.000   -69.201     0.006    -0.446     0.598     1.213    -1.408     0.000     0.000     2.609     0.000    -0.154     0.434     2.115   353.339     0.182   0.15E+00     0.408     0.461   204.765
   150.000   -67.916     0.001    -3.148     0.609     0.852    -0.975     0.000     0.000     1.369     0.000    -0.054     0.235     1.400   358.506     0.177   0.89E-01     0.000     0.330   188.085
   100.000   -65.088     0.001    -4.000     0.518     0.251    -0.268     0.000     0.000     0.000     0.000    -0.000     0.000     1.369   372.689     0.152   0.32E-01     0.000     0.190   164.452
    80.000   -61.620     0.001    -4.000     0.041     0.000     0.051     0.000     0.000     0.000     0.000     0.000     0.000     0.000   388.736     0.000   0.38E-09    -0.000     0.000     0.000
    60.000   -54.670     0.001     0.000     0.007     0.000     0.092     0.000     0.000     0.000     0.000     0.000     0.000     0.000   413.857     0.000   0.00E+00     0.000     0.000     0.000
    40.000   -45.707     0.001     0.000     0.002     0.000     0.137     0.000     0.000     0.000     0.000     0.000     0.000     0.000   447.152     0.000   0.00E+00     0.000     0.000     0.000
    30.000   -39.177     0.001     0.000     0.001     0.000     0.170     0.000     0.000     0.000     0.000     0.000     0.000     0.000   471.803     0.000   0.00E+00     0.000     0.000     0.000
    25.000   -26.914     0.001     0.000     0.000     0.000     0.231     0.000     0.000     0.000     0.000     0.000     0.000     0.000   495.976     0.000   0.00E+00    -0.001     0.000     0.000
