  1000.000    18.815    10.364     0.000     0.770    -1.696    -1.878     3.073     0.000     0.000     0.000     0.000     0.000     0.000   330.905     0.000   0.00E+00    -1.660     0.467   291.993
   950.000    14.638    10.133     0.001     0.957     3.161    -1.823    -1.008     0.000    10.138     0.000   -10.644     0.000     0.000   330.921     0.000   0.00E+00    -3.708     0.506   287.761
   900.000    12.350     7.632    -0.354     0.785     1.708    -1.805     0.000     0.000    10.120     0.000    -5.470     0.000     1.129   324.882     0.000   0.55E-01    -1.452     0.531   284.933
   850.000     9.431     6.111    -0.015     0.730     1.475    -1.578     0.000     0.000     9.368    -1.111    -6.033     1.201     0.846   321.998     0.000   0.22E-04    -0.475     0.568   282.580
   800.000     6.491     4.778     0.079     0.660     1.378    -1.485     0.000     0.000     8.646    -0.846    -5.447     0.992     0.209   319.756     0.001   0.59E-02     0.317     0.600   280.034
   750.000     3.403     3.578     0.014     0.597     1.319    -1.429     0.000     0.000     8.423    -0.201    -5.169     0.866     0.134   318.488     0.002   0.12E+00     0.743     0.626   277.259
   700.000     0.167     2.714     0.004     0.561     1.319    -1.431     0.000     0.000     8.428     0.000    -5.204     0.899     0.138   318.060     0.002   0.13E+00     0.909     0.645   274.210
   650.000    -3.557     1.899     0.135     0.537     1.328    -1.447     0.000     0.000     8.440     0.000    -6.018     0.931     0.134   317.894     0.001   0.83E-01     1.107     0.652   270.982
   600.000    -7.099     1.206     0.169     0.504     1.348    -1.466     0.000     0.000     8.445     0.000    -5.853     0.922     0.144   318.006     0.002   0.88E-01     1.226     0.656   267.374
   550.000   -11.209     0.770    -0.049     0.466     1.393    -1.513     0.000     0.000     8.487     0.000    -4.312     0.926     0.122   318.750     0.003   0.11E+00     1.035     0.659   263.219
   500.000   -16.206     0.544    -0.156     0.470     1.482    -1.616     0.000     0.000     8.541     0.000    -3.234     0.971     0.157   319.864     0.009   0.10E+00     0.712     0.645   258.375
   450.000   -22.326     0.449    -0.117     0.471     1.556    -1.716     0.000     0.000     7.645     0.000    -2.101     0.847     1.151   320.779     0.048   0.40E+00     0.515     0.606   252.671
   400.000   -29.449     0.265    -0.101     0.420     1.375    -1.570     0.000     0.000     7.147     0.000    -1.103     0.802     0.805   321.591     0.071   0.31E+00     0.379     0.521   245.914
   350.000   -37.556     0.144    -0.090     0.450     1.124    -1.360     0.000     0.000     7.160     0.000    -0.523     0.901     0.441   322.622     0.106   0.24E+00     0.175     0.446   237.911
   300.000   -46.964     0.096    -0.131     0.639     0.905    -1.188     0.000     0.000     6.840     0.000    -0.183     1.141     1.095   323.585     0.165   0.17E+00     0.040     0.381   228.493
   250.000   -57.881     0.036    -0.336     0.987     0.643    -0.979     0.000     0.000     4.547     0.000    -0.029     1.013     3.063   324.394     0.281   0.73E-01     0.004     0.298   217.474
   200.000   -69.655     0.006    -1.029     0.992     0.121    -0.489     0.000     0.000     0.090     0.000    -0.001     0.000     4.457   325.481     0.419   0.50E-02    -0.000     0.173   204.468
   150.000   -68.805     0.001    -4.000     0.202     0.002    -0.091     0.000     0.000     0.000     0.000    -0.000     0.000     0.090   338.041     0.000   0.83E-04    -0.000     0.012   187.849
   100.000   -69.308     0.001    -4.000     0.075     0.000     0.077     0.000     0.000     0.000     0.000     0.000     0.000     0.000   358.419     0.000   0.00E+00     0.000     0.000   164.559
    80.000   -67.729     0.001    -4.000     0.055     0.000     0.109     0.000     0.000     0.000     0.000     0.000     0.000     0.000   371.942     0.000   0.00E+00     0.000     0.000     0.000
    60.000   -60.709     0.001     0.000     0.025     0.000     0.249     0.000     0.000     0.000     0.000     0.000     0.000     0.000   392.980     0.000   0.00E+00     0.000     0.000     0.000
    40.000   -50.346     0.001     0.000     0.008     0.000     0.456     0.000     0.000     0.000     0.000     0.000     0.000     0.000   424.134     0.000   0.00E+00     0.000     0.000     0.000
    30.000   -42.011     0.001     0.000     0.004     0.000     0.623     0.000     0.000     0.000     0.000     0.000     0.000     0.000   448.373     0.000   0.00E+00     0.000     0.000     0.000
    25.000   -26.577     0.001     0.000     0.001     0.000     0.931     0.000     0.000     0.000     0.000     0.000     0.000     0.000   475.166     0.000   0.00E+00    -0.001     0.000     0.000
