  1000.000     4.929     3.450     0.000     0.691    -1.601    -1.375     2.816     0.000     0.000     0.000     0.000     0.000     0.000   306.794     0.000   0.00E+00    -1.174     0.355   278.055
   950.000     0.842     3.275     0.001     0.867     1.806    -1.584    -0.206     0.000    15.010     0.000   -11.696     0.000     0.000   306.777     0.000   0.00E+00    -2.076     0.391   274.018
   900.000    -2.979     2.451    -0.264     0.754     1.508    -1.585     0.000     0.000    15.009     0.000   -10.576     0.000     1.889   302.884     0.000   0.25E-01    -0.732     0.415   270.060
   850.000    -6.540     1.712     0.224     0.690     1.474    -1.555     0.000     0.000    13.939    -1.889    -8.924     2.163     1.706   300.779     0.034   0.21E+00    -0.006     0.448   267.122
   800.000   -10.132     1.084     0.437     0.591     1.522    -1.605     0.000     0.000    12.742    -1.706    -7.181     2.012     0.695   299.326     0.011   0.23E+00     0.582     0.481   263.886
   750.000   -13.765     0.535     0.395     0.472     1.497    -1.583     0.000     0.000    12.127    -0.692    -6.353     1.563     0.273   298.641     0.002   0.16E+00     0.912     0.507   260.305
   700.000   -17.576     0.272     0.257     0.379     1.416    -1.503     0.000     0.000    11.995    -0.191    -5.826     1.435     0.267   298.574     0.001   0.13E+00     0.995     0.524   256.324
   650.000   -21.952     0.141     0.110     0.314     1.299    -1.390     0.000     0.000    11.891    -0.166    -5.254     1.333     0.246   298.862     0.000   0.10E+00     0.938     0.533   251.895
   600.000   -26.757     0.083    -0.039     0.273     1.147    -1.242     0.000     0.000    11.852    -0.145    -4.465     1.342     0.224   299.460     0.000   0.86E-01     0.799     0.532   246.967
   550.000   -32.117     0.039    -0.148     0.256     0.988    -1.088     0.000     0.000    11.937    -0.129    -3.513     1.458     0.157   300.186     0.000   0.98E-01     0.615     0.519   241.497
   500.000   -38.071     0.022    -0.196     0.285     0.928    -1.033     0.000     0.000    12.288    -0.079    -2.347     1.665     0.065   300.874     0.003   0.66E-01     0.409     0.493   235.442
   450.000   -44.701     0.023    -0.155     0.403     0.965    -1.077     0.000     0.000    12.820     0.000    -1.299     2.056     0.449   301.536     0.049   0.20E+00     0.235     0.451   228.762
   400.000   -52.067     0.028    -0.133     0.557     0.844    -0.962     0.000     0.000    12.399     0.000    -0.579     2.074     1.692   301.930     0.127   0.18E+00     0.144     0.390   221.396
   350.000   -60.324     0.018    -0.120     0.650     0.702    -0.827     0.000     0.000     9.658     0.000    -0.222     2.102     4.187   302.328     0.115   0.95E-01     0.062     0.313   213.256
   300.000   -69.160     0.006    -0.185     0.829     0.428    -0.559     0.000     0.000     3.512     0.000    -0.072     0.651     6.629   302.794     0.303   0.50E-01     0.019     0.228   204.182
   250.000   -73.963     0.004    -2.140     0.941     0.209    -0.328     0.000     0.000     1.309     0.000    -0.014     0.262     2.401   305.111     0.374   0.20E-01     0.002     0.125   193.757
   200.000   -71.709     0.001    -4.000     0.367     0.064    -0.142     0.000     0.000     0.051     0.000    -0.000     0.000     1.259   315.434     0.110   0.25E-02    -0.000     0.060   181.044
   150.000   -72.115     0.001    -4.000     0.158    -0.004    -0.032     0.000     0.000     0.000     0.000    -0.000     0.000     0.051   330.315     0.000   0.30E-04    -0.000     0.007   164.636
   100.000   -70.543     0.001    -4.000     0.055     0.000     0.009     0.000     0.000     0.000     0.000     0.000     0.000     0.000   354.456     0.000   0.00E+00     0.000     0.000   141.587
    80.000   -67.359     0.001    -4.000     0.031     0.000     0.019     0.000     0.000     0.000     0.000     0.000     0.000     0.000   370.128     0.000   0.00E+00     0.000     0.000     0.000
    60.000   -59.899     0.001     0.000     0.010     0.000     0.044     0.000     0.000     0.000     0.000     0.000     0.000     0.000   394.114     0.000   0.00E+00     0.000     0.000     0.000
    40.000   -49.952     0.001     0.000     0.003     0.000     0.077     0.000     0.000     0.000     0.000     0.000     0.000     0.000   428.347     0.000   0.00E+00     0.000     0.000     0.000
    30.000   -41.989     0.001     0.000     0.001     0.000     0.104     0.000     0.000     0.000     0.000     0.000     0.000     0.000   454.306     0.000   0.00E+00     0.000     0.000     0.000
    25.000   -26.202     0.001     0.000     0.000     0.000     0.156     0.000     0.000     0.000     0.000     0.000     0.000     0.000   480.938     0.000   0.00E+00    -0.001     0.000     0.000
