  1000.000    15.493     8.050    -0.000     0.763    -1.713    -1.842     3.043     0.000     0.000     0.000     0.000     0.000     0.000   329.558     0.000   0.00E+00    -1.642     0.462   288.662
   950.000    11.346     7.829     0.001     0.947     3.069    -1.811    -0.960     0.000    10.502     0.000   -10.892     0.000     0.000   329.565     0.000   0.00E+00    -3.631     0.502   284.476
   900.000     8.627     5.784    -0.352     0.778     1.689    -1.804     0.000     0.000    10.499     0.000    -5.741     0.000     1.148   323.604     0.000   0.50E-01    -1.408     0.527   281.232
   850.000     5.407     4.531     0.023     0.722     1.476    -1.598     0.000     0.000     9.763    -1.145    -6.237     1.250     0.878   320.705     0.000   0.00E+00    -0.414     0.563   278.713
   800.000     2.135     3.424     0.161     0.651     1.401    -1.528     0.000     0.000     9.037    -0.878    -5.653     1.051     0.291   318.445     0.004   0.13E+00     0.361     0.596   275.979
   750.000    -1.219     2.415     0.143     0.585     1.369    -1.500     0.000     0.000     8.747    -0.280    -5.602     0.942     0.130   317.155     0.002   0.13E+00     0.815     0.621   273.010
   700.000    -4.320     1.509     0.131     0.534     1.370    -1.501     0.000     0.000     8.773     0.000    -5.886     0.993     0.138   316.600     0.001   0.12E+00     1.081     0.640   269.890
   650.000    -7.757     0.905     0.108     0.487     1.372    -1.503     0.000     0.000     8.795     0.000    -5.888     0.959     0.136   316.491     0.000   0.80E-01     1.201     0.653   266.369
   600.000   -11.685     0.533     0.020     0.443     1.354    -1.489     0.000     0.000     8.818     0.000    -5.495     0.912     0.135   316.829     0.000   0.68E-01     1.192     0.660   262.358
   550.000   -16.327     0.327    -0.096     0.413     1.316    -1.458     0.000     0.000     8.883     0.000    -4.748     0.967     0.127   317.552     0.001   0.84E-01     1.025     0.660   257.746
   500.000   -21.864     0.224    -0.209     0.407     1.344    -1.497     0.000     0.000     9.006     0.000    -3.441     1.028     0.130   318.596     0.003   0.10E+00     0.737     0.647   252.409
   450.000   -28.346     0.186    -0.141     0.435     1.454    -1.624     0.000     0.000     8.505     0.000    -2.199     0.981     0.836   319.597     0.028   0.33E+00     0.502     0.612   246.219
   400.000   -35.783     0.184    -0.061     0.421     1.377    -1.568     0.000     0.000     8.064     0.000    -1.154     0.958     0.871   320.319     0.052   0.31E+00     0.367     0.537   239.051
   350.000   -44.150     0.105    -0.020     0.466     1.192    -1.406     0.000     0.000     8.071     0.000    -0.533     1.118     0.649   321.228     0.083   0.22E+00     0.177     0.461   230.796
   300.000   -53.558     0.041    -0.019     0.566     0.878    -1.116     0.000     0.000     7.189     0.000    -0.201     1.320     1.857   322.091     0.113   0.14E+00     0.057     0.393   221.331
   250.000   -64.344     0.014    -0.071     0.826     0.618    -0.880     0.000     0.000     3.905     0.000    -0.042     0.787     3.880   322.779     0.302   0.57E-01     0.007     0.300   210.460
   200.000   -70.174     0.002    -1.399     0.849     0.191    -0.411     0.000     0.000     0.152     0.000    -0.001     0.000     3.752   324.594     0.329   0.76E-02    -0.000     0.179   197.508
   150.000   -68.945     0.001    -4.000     0.283    -0.013    -0.063     0.000     0.000     0.000     0.000    -0.000     0.000     0.152   336.480     0.001   0.90E-04    -0.000     0.022   180.899
   100.000   -67.335     0.001    -4.000     0.060     0.000     0.058     0.000     0.000     0.000     0.000     0.000     0.000     0.000   359.583     0.000   0.00E+00     0.000     0.000   157.476
    80.000   -64.520     0.001    -4.000     0.039     0.000     0.086     0.000     0.000     0.000     0.000     0.000     0.000     0.000   374.348     0.000   0.00E+00     0.000     0.000     0.000
    60.000   -57.036     0.001     0.000     0.015     0.000     0.161     0.000     0.000     0.000     0.000     0.000     0.000     0.000   397.152     0.000   0.00E+00     0.000     0.000     0.000
    40.000   -47.233     0.001     0.000     0.005     0.000     0.259     0.000     0.000     0.000     0.000     0.000     0.000     0.000   430.398     0.000   0.00E+00     0.000     0.000     0.000
    30.000   -40.055     0.001     0.000     0.002     0.000     0.331     0.000     0.000     0.000     0.000     0.000     0.000     0.000   455.609     0.000   0.00E+00     0.000     0.000     0.000
    25.000   -26.645     0.001     0.000     0.001     0.000     0.465     0.000     0.000     0.000     0.000     0.000     0.000     0.000   481.931     0.000   0.00E+00    -0.001     0.000     0.000
