  1000.000    14.722     7.591     0.000     0.758    -1.702    -1.806     3.021     0.000     0.000     0.000     0.000     0.000     0.000   326.877     0.000   0.00E+00    -1.572     0.449   287.893
   950.000    10.581     7.375     0.001     0.942     2.986    -1.802    -0.907     0.000    10.730     0.000   -10.890     0.000     0.000   326.895     0.000   0.00E+00    -3.433     0.488   283.717
   900.000     7.780     5.417    -0.354     0.774     1.661    -1.776     0.000     0.000    10.726     0.000    -5.860     0.000     1.205   321.117     0.000   0.48E-01    -1.287     0.513   280.395
   850.000     4.525     4.189     0.040     0.717     1.461    -1.582     0.000     0.000     9.981    -1.201    -6.304     1.318     0.914   318.330     0.000   0.00E+00    -0.319     0.549   277.836
   800.000     1.243     3.091     0.199     0.646     1.400    -1.526     0.000     0.000     9.238    -0.914    -5.719     1.108     0.337   316.177     0.004   0.15E+00     0.416     0.581   275.058
   750.000    -2.090     2.127     0.209     0.577     1.378    -1.508     0.000     0.000     8.922    -0.318    -5.829     0.991     0.117   314.901     0.002   0.14E+00     0.879     0.605   272.094
   700.000    -5.259     1.304     0.180     0.519     1.385    -1.516     0.000     0.000     8.968     0.000    -6.001     1.036     0.122   314.382     0.001   0.12E+00     1.141     0.624   268.904
   650.000    -8.774     0.765     0.129     0.465     1.378    -1.510     0.000     0.000     9.017     0.000    -5.993     0.988     0.112   314.311     0.000   0.84E-01     1.252     0.637   265.305
   600.000   -12.806     0.443     0.010     0.417     1.340    -1.476     0.000     0.000     9.072     0.000    -5.569     0.950     0.110   314.697     0.000   0.72E-01     1.219     0.646   261.205
   550.000   -17.557     0.269    -0.141     0.385     1.282    -1.425     0.000     0.000     9.178     0.000    -4.683     1.018     0.099   315.533     0.001   0.86E-01     1.015     0.648   256.498
   500.000   -23.168     0.185    -0.239     0.384     1.285    -1.441     0.000     0.000     9.345     0.000    -3.438     1.090     0.113   316.633     0.004   0.11E+00     0.709     0.635   251.066
   450.000   -29.696     0.161    -0.155     0.417     1.378    -1.552     0.000     0.000     8.939     0.000    -2.189     1.061     0.783   317.598     0.028   0.32E+00     0.478     0.599   244.791
   400.000   -37.163     0.175    -0.063     0.427     1.315    -1.509     0.000     0.000     8.536     0.000    -1.105     1.059     0.902   318.347     0.063   0.30E+00     0.330     0.525   237.564
   350.000   -45.537     0.076    -0.021     0.493     1.128    -1.346     0.000     0.000     8.592     0.000    -0.489     1.270     0.728   319.175     0.099   0.22E+00     0.149     0.447   229.286
   300.000   -54.934     0.031    -0.027     0.617     0.830    -1.072     0.000     0.000     7.476     0.000    -0.171     1.457     2.220   319.974     0.132   0.13E+00     0.040     0.377   219.834
   250.000   -65.695     0.012    -0.102     0.902     0.550    -0.816     0.000     0.000     3.324     0.000    -0.027     0.687     4.674   320.588     0.356   0.50E-01     0.004     0.280   209.007
   200.000   -69.559     0.001    -2.119     0.770     0.127    -0.330     0.000     0.000     0.101     0.000    -0.001     0.000     3.223   323.027     0.279   0.45E-02    -0.000     0.146   196.046
   150.000   -68.673     0.001    -4.000     0.193    -0.010    -0.053     0.000     0.000     0.000     0.000    -0.000     0.000     0.101   336.536     0.000   0.67E-04    -0.000     0.014   179.404
   100.000   -67.386     0.001    -4.000     0.060     0.000     0.058     0.000     0.000     0.000     0.000     0.000     0.000     0.000   359.052     0.000   0.00E+00     0.000     0.000   155.972
    80.000   -64.702     0.001    -4.000     0.040     0.000     0.085     0.000     0.000     0.000     0.000     0.000     0.000     0.000   373.598     0.000   0.00E+00     0.000     0.000     0.000
    60.000   -57.209     0.001     0.000     0.016     0.000     0.159     0.000     0.000     0.000     0.000     0.000     0.000     0.000   396.448     0.000   0.00E+00     0.000     0.000     0.000
    40.000   -47.388     0.001     0.000     0.005     0.000     0.258     0.000     0.000     0.000     0.000     0.000     0.000     0.000   429.629     0.000   0.00E+00     0.000     0.000     0.000
    30.000   -40.167     0.001     0.000     0.002     0.000     0.330     0.000     0.000     0.000     0.000     0.000     0.000     0.000   454.927     0.000   0.00E+00     0.000     0.000     0.000
    25.000   -26.618     0.001     0.000     0.001     0.000     0.465     0.000     0.000     0.000     0.000     0.000     0.000     0.000   481.325     0.000   0.00E+00    -0.001     0.000     0.000
