  1000.000     5.938     3.756     0.000     0.647    -1.523    -1.025     2.667     0.000     0.000     0.000     0.000     0.000     0.000   292.861     0.000   0.00E+00    -0.904     0.289   279.071
   950.000     1.848     3.578     0.001     0.816     0.968    -1.344     0.264     0.000    18.014     0.000   -12.365     0.000     0.002   292.852     0.000   0.54E-06    -1.134     0.324   275.020
   900.000    -1.923     2.774    -0.207     0.751     1.375    -1.381     0.000     0.000    18.003    -0.002   -14.505     0.002     2.326   290.376     0.002   0.12E-01    -0.417     0.346   271.077
   850.000    -5.464     1.952     0.352     0.691     1.458    -1.468     0.000     0.000    16.691    -2.316   -11.210     2.705     2.195   288.929     0.081   0.46E+00     0.141     0.378   268.200
   800.000    -9.013     1.174     0.570     0.569     1.587    -1.601     0.000     0.000    15.172    -2.173    -7.774     2.547     1.018   287.822     0.023   0.28E+00     0.607     0.414   265.028
   750.000   -12.519     0.568     0.512     0.423     1.567    -1.585     0.000     0.000    14.239    -0.996    -6.385     1.896     0.497   287.489     0.011   0.18E+00     0.832     0.439   261.513
   700.000   -16.370     0.261     0.326     0.310     1.426    -1.447     0.000     0.000    13.896    -0.391    -5.434     1.712     0.351   287.756     0.012   0.14E+00     0.818     0.452   257.600
   650.000   -20.637     0.120     0.133     0.247     1.258    -1.284     0.000     0.000    13.714    -0.255    -4.505     1.574     0.390   288.245     0.018   0.11E+00     0.674     0.454   253.235
   600.000   -25.398     0.059    -0.035     0.216     1.049    -1.080     0.000     0.000    13.538    -0.299    -3.479     1.594     0.363   289.000     0.025   0.92E-01     0.498     0.444   248.361
   550.000   -30.738     0.035    -0.164     0.213     0.825    -0.863     0.000     0.000    13.535    -0.272    -2.422     1.733     0.244   289.557     0.030   0.79E-01     0.340     0.420   242.931
   500.000   -36.691     0.023    -0.239     0.263     0.697    -0.743     0.000     0.000    13.914    -0.180    -1.408     2.016     0.064   290.081     0.039   0.61E-01     0.204     0.385   236.899
   450.000   -43.306     0.021    -0.295     0.448     0.675    -0.730     0.000     0.000    15.094    -0.007    -0.625     2.658     0.155   290.533     0.097   0.11E+00     0.069     0.340   230.220
   400.000   -50.637     0.024    -0.393     0.721     0.518    -0.583     0.000     0.000    14.303    -0.007    -0.182     2.655     2.504   290.870     0.207   0.10E+00     0.023     0.290   222.836
   350.000   -58.871     0.018    -0.510     0.792     0.405    -0.481     0.000     0.000    10.160    -0.003    -0.043     2.605     5.962   291.103     0.143   0.12E-01     0.004     0.212   214.658
   300.000   -67.858     0.007    -0.830     1.009     0.143    -0.229     0.000     0.000     0.489     0.000    -0.000     0.000     9.671   291.534     0.465   0.25E-02    -0.000     0.126   205.535
   250.000   -73.955     0.004    -4.000     0.999    -0.015    -0.059     0.000     0.000     0.000     0.000    -0.000     0.000     0.489   295.227     0.298   0.10E-03    -0.000     0.020   195.088
   200.000   -72.340     0.001    -4.000     0.177     0.000    -0.016     0.000     0.000     0.000     0.000     0.000     0.000     0.000   308.723     0.000   0.22E-09    -0.000     0.000   182.398
   150.000   -73.355     0.001    -4.000     0.149     0.000    -0.001     0.000     0.000     0.000     0.000     0.000     0.000     0.000   323.454     0.000   0.00E+00     0.000     0.000   166.070
   100.000   -72.550     0.001    -4.000     0.095     0.000     0.003     0.000     0.000     0.000     0.000     0.000     0.000     0.000   346.606     0.000   0.00E+00     0.000     0.000   143.210
    80.000   -70.042     0.001    -4.000     0.058     0.000     0.015     0.000     0.000     0.000     0.000     0.000     0.000     0.000   361.236     0.000   0.00E+00     0.000     0.000     0.000
    60.000   -63.652     0.001     0.000     0.020     0.000     0.047     0.000     0.000     0.000     0.000     0.000     0.000     0.000   383.781     0.000   0.00E+00     0.000     0.000     0.000
    40.000   -55.096     0.001     0.000     0.005     0.000     0.090     0.000     0.000     0.000     0.000     0.000     0.000     0.000   415.949     0.000   0.00E+00     0.000     0.000     0.000
    30.000   -48.739     0.001     0.000     0.002     0.000     0.122     0.000     0.000     0.000     0.000     0.000     0.000     0.000   440.078     0.000   0.00E+00     0.000     0.000     0.000
    25.000   -37.539     0.001     0.000     0.001     0.000     0.178     0.000     0.000     0.000     0.000     0.000     0.000     0.000   463.349     0.000   0.00E+00    -0.001     0.000     0.000
