  1000.000     6.160     3.843     0.000     0.720    -1.687    -1.562     2.900     0.000     0.000     0.000     0.000     0.000     0.000   320.134     0.000   0.00E+00    -1.474     0.422   279.294
   950.000     2.072     3.665     0.001     0.898     2.361    -1.606    -0.595     0.000    13.154     0.000   -11.629     0.000     0.000   320.064     0.000   0.00E+00    -3.000     0.461   275.240
   900.000    -1.654     2.860    -0.297     0.768     1.581    -1.680     0.000     0.000    13.154     0.000    -8.602     0.000     1.686   315.156     0.000   0.37E-01    -1.232     0.486   271.324
   850.000    -5.170     2.024     0.186     0.714     1.495    -1.597     0.000     0.000    12.185    -1.686    -8.144     1.899     1.242   312.821     0.024   0.17E+00    -0.402     0.520   268.461
   800.000    -8.723     1.259     0.365     0.629     1.529    -1.634     0.000     0.000    11.221    -1.242    -6.748     1.582     0.522   310.791     0.009   0.25E+00     0.277     0.553   265.305
   750.000   -12.270     0.641     0.327     0.531     1.507    -1.614     0.000     0.000    10.778    -0.411    -6.156     1.259     0.273   309.800     0.002   0.19E+00     0.680     0.579   261.806
   700.000   -16.100     0.295     0.208     0.452     1.448    -1.558     0.000     0.000    10.655    -0.090    -5.774     1.176     0.263   309.378     0.001   0.16E+00     0.848     0.598   257.911
   650.000   -20.378     0.134     0.068     0.393     1.364    -1.477     0.000     0.000    10.558    -0.070    -5.321     1.111     0.259   309.473     0.000   0.12E+00     0.873     0.608   253.562
   600.000   -25.145     0.065    -0.088     0.348     1.254    -1.371     0.000     0.000    10.520    -0.071    -4.651     1.145     0.230   309.747     0.000   0.99E-01     0.814     0.608   248.705
   550.000   -30.474     0.037    -0.192     0.325     1.145    -1.266     0.000     0.000    10.604    -0.068    -3.814     1.247     0.162   310.182     0.000   0.10E+00     0.680     0.597   243.287
   500.000   -36.406     0.025    -0.206     0.343     1.122    -1.248     0.000     0.000    10.889    -0.046    -2.825     1.396     0.090   310.770     0.002   0.69E-01     0.518     0.572   237.263
   450.000   -42.988     0.021    -0.138     0.428     1.188    -1.320     0.000     0.000    11.092     0.000    -1.796     1.585     0.513   311.415     0.043   0.24E+00     0.380     0.535   230.586
   400.000   -50.289     0.019    -0.113     0.519     1.134    -1.273     0.000     0.000    10.731     0.000    -0.920     1.683     1.364   312.025     0.097   0.23E+00     0.292     0.478   223.198
   350.000   -58.495     0.019    -0.084     0.575     1.030    -1.176     0.000     0.000     9.172     0.000    -0.416     1.882     2.894   312.727     0.088   0.14E+00     0.184     0.405   215.012
   300.000   -67.529     0.008    -0.139     0.695     0.731    -0.883     0.000     0.000     4.325     0.000    -0.179     0.748     5.373   313.384     0.220   0.89E-01     0.115     0.319   205.877
   250.000   -73.535     0.004    -1.156     0.823     0.487    -0.632     0.000     0.000     2.141     0.000    -0.059     0.366     2.440   315.101     0.308   0.49E-01     0.037     0.220   195.411
   200.000   -70.654     0.001    -4.000     0.430     0.269    -0.371     0.000     0.000     0.786     0.000    -0.013     0.128     1.442   323.354     0.120   0.21E-01     0.003     0.147   182.647
   150.000   -70.959     0.001    -4.000     0.302     0.072    -0.131     0.000     0.000     0.050     0.000    -0.000     0.002     0.736   335.827     0.076   0.36E-02    -0.000     0.074   166.149
   100.000   -69.523     0.001    -4.000     0.120    -0.006     0.014     0.000     0.000     0.000     0.000    -0.000     0.000     0.050   358.517     0.003   0.98E-04    -0.000     0.010   142.976
    80.000   -66.456     0.001    -4.000     0.026     0.000     0.022     0.000     0.000     0.000     0.000     0.000     0.000     0.000   374.910     0.000   0.00E+00     0.000     0.000     0.000
    60.000   -59.195     0.001     0.000     0.009     0.000     0.047     0.000     0.000     0.000     0.000     0.000     0.000     0.000   399.092     0.000   0.00E+00     0.000     0.000     0.000
    40.000   -49.429     0.001     0.000     0.002     0.000     0.079     0.000     0.000     0.000     0.000     0.000     0.000     0.000   433.194     0.000   0.00E+00     0.000     0.000     0.000
    30.000   -41.679     0.001     0.000     0.001     0.000     0.105     0.000     0.000     0.000     0.000     0.000     0.000     0.000   458.722     0.000   0.00E+00     0.000     0.000     0.000
    25.000   -26.289     0.001     0.000     0.000     0.000     0.156     0.000     0.000     0.000     0.000     0.000     0.000     0.000   484.669     0.000   0.00E+00    -0.001     0.000     0.000
