  1000.000     4.689     3.356     0.000     0.636    -1.495    -0.975     2.651     0.000     0.000     0.000     0.000     0.000     0.000   291.067     0.000   0.00E+00    -0.837     0.283   277.813
   950.000     0.604     3.180     0.001     0.803     0.710    -1.360     0.448     0.000    19.022     0.000   -12.405     0.000     0.000   291.065     0.000   0.28E-07    -1.057     0.317   273.780
   900.000    -3.193     2.362    -0.130     0.743     1.385    -1.397     0.000     0.000    19.018    -0.000   -15.073     0.000     2.264   288.580     0.000   0.93E-02    -0.362     0.340   269.780
   850.000    -6.697     1.612     0.373     0.665     1.488    -1.502     0.000     0.000    17.628    -2.261   -10.584     2.662     2.405   286.768     0.054   0.34E+00     0.189     0.374   266.825
   800.000   -10.281     1.044     0.601     0.547     1.619    -1.635     0.000     0.000    16.033    -2.405    -7.767     2.813     1.368   285.711     0.017   0.27E+00     0.621     0.406   263.570
   750.000   -14.025     0.605     0.552     0.393     1.593    -1.610     0.000     0.000    14.828    -1.366    -6.229     2.111     0.421   286.301     0.003   0.17E+00     0.848     0.430   259.969
   700.000   -17.997     0.297     0.350     0.277     1.474    -1.492     0.000     0.000    14.561    -0.390    -5.182     1.882     0.479   285.940     0.002   0.13E+00     0.815     0.442   255.971
   650.000   -22.322     0.160     0.160     0.206     1.297    -1.317     0.000     0.000    14.232    -0.446    -4.271     1.711     0.365   286.538     0.003   0.10E+00     0.684     0.443   251.525
   600.000   -27.195     0.080    -0.023     0.169     1.082    -1.103     0.000     0.000    14.078    -0.330    -3.267     1.671     0.383   287.772     0.005   0.85E-01     0.500     0.432   246.585
   550.000   -32.539     0.036    -0.155     0.152     0.793    -0.817     0.000     0.000    14.020    -0.354    -2.322     1.811     0.191   288.146     0.007   0.73E-01     0.338     0.410   241.105
   500.000   -38.579     0.025    -0.210     0.186     0.627    -0.654     0.000     0.000    14.477    -0.169    -1.399     2.134     0.017   288.505     0.010   0.44E-01     0.199     0.376   235.049
   450.000   -45.310     0.022    -0.222     0.332     0.616    -0.646     0.000     0.000    16.034    -0.000    -0.603     3.105     0.100   288.786     0.046   0.89E-01     0.079     0.333   228.374
   400.000   -52.622     0.017    -0.264     0.577     0.467    -0.500     0.000     0.000    16.376    -0.001    -0.190     3.037     1.633   289.029     0.149   0.83E-01     0.022     0.283   221.021
   350.000   -60.699     0.013    -0.288     0.764     0.390    -0.426    -0.000     0.000    10.317     0.000    -0.041     2.713     7.901   289.192     0.143   0.14E-01     0.003     0.216   212.893
   300.000   -69.667     0.006    -0.430     1.007     0.121    -0.161     0.000     0.000     0.515     0.000    -0.001     0.037     9.818   289.673     0.441   0.27E-02    -0.000     0.117   203.836
   250.000   -74.250     0.003    -4.000     1.000    -0.006    -0.027     0.000     0.000     0.000     0.000    -0.000     0.000     0.515   294.569     0.205   0.17E-03    -0.000     0.017   193.430
   200.000   -73.024     0.001    -4.000     0.174     0.000    -0.015     0.000     0.000     0.000     0.000     0.000     0.000     0.000   307.747     0.000   0.14E-09    -0.000     0.000   180.773
   150.000   -74.061     0.001    -4.000     0.150     0.000    -0.002     0.000     0.000     0.000     0.000     0.000     0.000     0.000   323.116     0.000   0.00E+00     0.000     0.000   164.501
   100.000   -73.129     0.001    -4.000     0.091     0.000    -0.000     0.000     0.000     0.000     0.000     0.000     0.000     0.000   346.096     0.000   0.00E+00     0.000     0.000   141.714
    80.000   -70.548     0.001    -4.000     0.052     0.000     0.004     0.000     0.000     0.000     0.000     0.000     0.000     0.000   361.583     0.000   0.00E+00     0.000     0.000     0.000
    60.000   -64.106     0.001     0.000     0.016     0.000     0.015     0.000     0.000     0.000     0.000     0.000     0.000     0.000   385.118     0.000   0.00E+00     0.000     0.000     0.000
    40.000   -55.460     0.001     0.000     0.004     0.000     0.029     0.000     0.000     0.000     0.000     0.000     0.000     0.000   417.464     0.000   0.00E+00     0.000     0.000     0.000
    30.000   -48.979     0.001     0.000     0.001     0.000     0.040     0.000     0.000     0.000     0.000     0.000     0.000     0.000   441.367     0.000   0.00E+00     0.000     0.000     0.000
    25.000   -37.494     0.001     0.000     0.000     0.000     0.060     0.000     0.000     0.000     0.000     0.000     0.000     0.000   464.738     0.000   0.00E+00    -0.001     0.000     0.000
