  1000.000     5.177     3.514     0.000     0.698    -1.618    -1.422     2.837     0.000     0.000     0.000     0.000     0.000     0.000   309.492     0.000   0.00E+00    -1.236     0.368   278.303
   950.000     1.089     3.337     0.001     0.874     1.938    -1.599    -0.292     0.000    14.580     0.000   -11.669     0.000     0.000   309.458     0.000   0.00E+00    -2.262     0.405   274.262
   900.000    -2.709     2.497    -0.274     0.757     1.526    -1.609     0.000     0.000    14.579     0.000   -10.141     0.000     1.848   305.375     0.000   0.28E-01    -0.827     0.430   270.293
   850.000    -6.241     1.743     0.212     0.695     1.478    -1.564     0.000     0.000    13.531    -1.848    -8.747     2.107     1.594   303.207     0.032   0.19E+00    -0.076     0.463   267.369
   800.000    -9.791     1.111     0.416     0.599     1.521    -1.609     0.000     0.000    12.386    -1.594    -7.088     1.908     0.648   301.636     0.011   0.23E+00     0.530     0.495   264.147
   750.000   -13.392     0.579     0.375     0.485     1.496    -1.587     0.000     0.000    11.818    -0.617    -6.319     1.492     0.279   300.878     0.002   0.17E+00     0.874     0.521   260.579
   700.000   -17.203     0.327     0.242     0.394     1.418    -1.512     0.000     0.000    11.681    -0.171    -5.828     1.374     0.259   300.733     0.001   0.13E+00     0.976     0.539   256.612
   650.000   -21.611     0.200     0.094     0.331     1.310    -1.407     0.000     0.000    11.588    -0.134    -5.282     1.284     0.252   300.950     0.000   0.10E+00     0.937     0.548   252.195
   600.000   -26.448     0.121    -0.056     0.287     1.168    -1.268     0.000     0.000    11.551    -0.130    -4.524     1.301     0.221   301.523     0.000   0.88E-01     0.813     0.548   247.278
   550.000   -31.802     0.069    -0.162     0.269     1.020    -1.126     0.000     0.000    11.644    -0.114    -3.605     1.413     0.158   302.206     0.000   0.95E-01     0.639     0.535   241.816
   500.000   -37.762     0.040    -0.192     0.296     0.965    -1.076     0.000     0.000    11.983    -0.079    -2.494     1.604     0.058   302.889     0.003   0.62E-01     0.445     0.509   235.765
   450.000   -44.493     0.055    -0.151     0.407     1.013    -1.130     0.000     0.000    12.432     0.000    -1.397     1.948     0.471   303.587     0.047   0.21E+00     0.273     0.470   229.086
   400.000   -51.918     0.057    -0.119     0.554     0.928    -1.052     0.000     0.000    11.966     0.000    -0.637     1.977     1.670   304.032     0.123   0.19E+00     0.173     0.409   221.720
   350.000   -60.137     0.018    -0.119     0.621     0.760    -0.892     0.000     0.000     9.575     0.000    -0.264     2.069     3.826   304.480     0.104   0.11E+00     0.092     0.332   213.577
   300.000   -68.842     0.006    -0.175     0.798     0.488    -0.625     0.000     0.000     3.756     0.000    -0.091     0.684     6.318   305.009     0.284   0.58E-01     0.033     0.247   204.494
   250.000   -73.890     0.004    -1.894     0.929     0.264    -0.390     0.000     0.000     1.537     0.000    -0.019     0.303     2.446   307.154     0.363   0.26E-01     0.003     0.146   194.061
   200.000   -71.493     0.001    -4.000     0.422     0.094    -0.178     0.000     0.000     0.100     0.000    -0.000     0.007     1.439   316.983     0.135   0.81E-02    -0.000     0.077   181.338
   150.000   -71.870     0.001    -4.000     0.187     0.000    -0.042     0.000     0.000     0.000     0.000    -0.000     0.000     0.100   331.368     0.005   0.15E-03    -0.000     0.012   164.911
   100.000   -70.340     0.001    -4.000     0.052     0.000     0.009     0.000     0.000     0.000     0.000     0.000     0.000     0.000   355.566     0.000   0.00E+00     0.000     0.000   141.837
    80.000   -67.170     0.001    -4.000     0.029     0.000     0.020     0.000     0.000     0.000     0.000     0.000     0.000     0.000   371.294     0.000   0.00E+00     0.000     0.000     0.000
    60.000   -59.763     0.001     0.000     0.010     0.000     0.045     0.000     0.000     0.000     0.000     0.000     0.000     0.000   395.206     0.000   0.00E+00     0.000     0.000     0.000
    40.000   -49.840     0.001     0.000     0.002     0.000     0.078     0.000     0.000     0.000     0.000     0.000     0.000     0.000   429.468     0.000   0.00E+00     0.000     0.000     0.000
    30.000   -41.922     0.001     0.000     0.001     0.000     0.104     0.000     0.000     0.000     0.000     0.000     0.000     0.000   455.362     0.000   0.00E+00     0.000     0.000     0.000
    25.000   -26.219     0.001     0.000     0.000     0.000     0.156     0.000     0.000     0.000     0.000     0.000     0.000     0.000   481.740     0.000   0.00E+00    -0.001     0.000     0.000
