     0.250     0.059     2.146    16.641    17.425   -16.675     1.680   263.416   263.049    19.972  1006.859     0.125   265.925
     0.500     0.075     2.162    16.773    17.834   -16.970     1.680   263.460   262.905    23.208  1004.896     0.375   263.374
     0.750     0.690     2.256    17.014    18.209   -17.268     1.680   263.505   262.877    26.363  1002.647     0.625   257.250
     1.000     1.477     2.349    17.224    18.546   -17.567     1.680   263.520   263.042    29.073  1000.517     0.875   252.814
     1.250     2.254     2.449    17.428    18.845   -17.865     1.680   263.514   263.522    31.448   998.500     1.125   249.347
     1.500     2.627     2.548    17.626    19.107   -18.162     1.683   263.500   264.133    33.567   996.567     1.375   246.333
     1.750     2.814     2.634    17.808    19.335   -18.469     1.709   263.484   264.741    35.512   994.689     1.625   243.389
     2.000     2.982     2.706    17.972    19.536   -18.682     1.735   263.480   265.249    37.524   992.514     1.875   240.162
     2.250     3.583     2.778    18.107    19.713   -18.796     1.756   263.456   266.205    39.364   990.373     2.125   237.671
     2.500     4.024     2.831    18.225    19.866   -18.903     1.901   263.435   266.946    41.057   988.458     2.375   235.081
     2.750     3.869     2.877    18.340    20.001   -18.773     1.876   263.397   268.099    42.606   986.605     2.625   232.743
     3.000     3.874     2.920    18.448    20.120   -18.472     1.739   263.388   268.737    43.992   984.843     2.875   230.682
     3.250     3.945     2.952    18.547    20.228   -18.253     1.646   263.376   269.464    45.229   983.201     3.125   229.048
     3.500     3.969     2.981    18.634    20.325   -18.115     1.587   263.359   270.299    46.478   981.479     3.375   226.986
     3.750     3.745     3.007    18.719    20.414   -17.968     1.528   263.351   270.776    47.579   979.775     3.625   225.287
     4.000     3.659     3.037    18.796    20.495   -17.813     1.453   263.346   271.273    48.620   978.099     3.875   223.725
     4.250     4.046     3.060    18.856    20.566   -17.646     1.362   263.329   272.264    49.612   976.602     4.125   222.035
     4.500     3.946     3.077    18.918    20.631   -17.548     1.284   263.315   272.906    50.471   975.181     4.375   220.658
     4.750     3.396     3.098    18.997    20.693   -17.529     1.225   263.312   273.315    51.308   973.416     4.625   219.256
     5.000     3.359     3.124    19.064    20.751   -17.467     1.170   263.314   273.650    52.124   971.737     4.875   217.905
     5.250     4.048     3.148    19.098    20.799   -17.298     1.097   263.304   274.259    52.847   970.566     5.125   216.781
     5.500     4.016     3.163    19.139    20.840   -17.173     1.030   263.296   274.055    53.454   969.431     5.375   215.780
     5.750     3.673     3.177    19.181    20.880   -17.117     0.979   263.284   275.541    53.991   968.327     5.625   215.035
     6.000     3.735     3.190    19.217    20.915   -17.083     0.934   263.276   275.834    54.494   967.278     5.875   214.329
     6.250     3.696     3.202    19.251    20.947   -17.051     0.905   263.270   276.443    54.975   966.221     6.125   213.639
     6.500     3.661     3.217    19.282    20.975   -17.008     0.869   263.263   276.341    55.447   965.157     6.375   212.943
     6.750     3.790     3.186    19.301    20.998   -16.930     0.880   263.260   276.024    55.887   964.296     6.625   212.332
     7.000     3.837     3.251    19.328    21.017   -16.929     0.857   263.245   277.845    56.255   963.458     6.875   211.830
     7.250     3.886     3.258    19.337    21.032   -16.873     0.800   263.237   278.335    56.600   962.871     7.125   211.372
     7.500     3.869     3.262    19.349    21.044   -16.850     0.762   263.225   278.964    56.922   962.195     7.375   210.828
     7.750     3.909     3.264    19.356    21.054   -16.828     0.720   263.214   279.524    57.244   961.518     7.625   210.207
     8.000     3.887     3.267    19.363    21.063   -16.813     0.669   263.202   280.091    57.529   960.913     7.875   209.679
     8.250     3.800     3.274    19.371    21.070   -16.810     0.625   263.194   279.427    57.734   960.411     8.125   209.407
     8.500     3.639     3.281    19.381    21.076   -16.820     0.587   263.184   280.893    57.940   959.871     8.375   209.149
     8.750     3.651     3.290    19.384    21.080   -16.812     0.557   263.176   281.091    58.137   959.401     8.625   208.916
     9.000     3.815     3.299    19.380    21.080   -16.775     0.539   263.163   281.183    58.321   959.016     8.875   208.722
     9.250     3.587     3.310    19.384    21.077   -16.791     0.544   263.154   281.427    58.499   958.578     9.125   208.521
     9.500     3.539     3.312    19.384    21.072   -16.805     0.544   263.148   281.500    58.660   958.165     9.375   208.343
     9.750     3.609     3.326    19.380    21.065   -16.794     0.534   263.146   281.608    58.784   957.792     9.625   208.178
    10.000     3.628     3.329    19.372    21.056   -16.819     0.543   263.136   281.777    58.903   957.472     9.875   208.025
    10.250     3.577     3.337    19.369    21.046   -16.870     0.555   263.131   281.942    59.005   957.103    10.125   207.874
    10.500     3.485     3.344    19.361    21.034   -16.921     0.559   263.130   281.943    59.123   956.752    10.375   207.738
    10.750     3.585     3.334    19.343    21.021   -16.921     0.548   263.124   281.034    59.217   956.530    10.625   207.623
    11.000     3.618     3.340    19.330    21.008   -16.949     0.547   263.119   281.269    59.280   956.301    10.875   207.510
    11.250     3.693     3.340    19.313    20.995   -16.971     0.534   263.114   282.742    59.341   956.128    11.125   207.440
    11.500     3.617     3.322    19.298    20.981   -17.013     0.516   263.103   283.336    59.373   956.027    11.375   207.403
    11.750     3.726     3.323    19.281    20.967   -17.041     0.492   263.095   283.599    59.400   955.951    11.625   207.360
    12.000     3.815     3.326    19.263    20.954   -17.071     0.464   263.085   283.495    59.408   955.912    11.875   207.335
    12.250     3.798     3.301    19.243    20.940   -17.072     0.443   263.074   284.084    59.434   955.890    12.125   207.322
    12.500     3.688     3.322    19.229    20.925   -17.091     0.442   263.065   284.101    59.474   955.778    12.375   207.292
    12.750     3.629     3.316    19.215    20.908   -17.133     0.436   263.056   284.294    59.494   955.723    12.625   207.275
    13.000     3.675     3.325    19.199    20.891   -17.185     0.417   263.051   284.569    59.512   955.695    12.875   207.243
    13.250     3.665     3.323    19.181    20.874   -17.230     0.395   263.040   284.760    59.516   955.717    13.125   207.229
    13.500     3.730     3.301    19.158    20.856   -17.236     0.373   263.031   284.468    59.532   955.750    13.375   207.217
    13.750     3.663     3.324    19.139    20.838   -17.213     0.366   263.022   284.246    59.553   955.675    13.625   207.206
    14.000     3.566     3.329    19.123    20.817   -17.218     0.390   263.014   284.272    59.591   955.579    13.875   207.175
    14.250     3.472     3.305    19.108    20.796   -17.272     0.418   263.009   284.125    59.608   955.489    14.125   207.153
    14.500     3.592     3.329    19.087    20.774   -17.330     0.415   263.002   283.902    59.602   955.473    14.375   207.131
    14.750     3.622     3.321    19.063    20.752   -17.398     0.400   262.994   284.450    59.581   955.545    14.625   207.126
    15.000     3.697     3.325    19.039    20.730   -17.441     0.381   262.988   283.684    59.560   955.583    14.875   207.115
    15.250     3.637     3.299    19.013    20.709   -17.437     0.373   262.977   284.401    59.572   955.613    15.125   207.105
    15.500     3.435     3.264    18.995    20.686   -17.476     0.391   262.972   284.472    59.606   955.513    15.375   207.073
    15.750     3.508     3.322    18.977    20.663   -17.537     0.406   262.968   283.508    59.614   955.429    15.625   207.048
    16.000     3.532     3.320    18.954    20.639   -17.590     0.401   262.961   284.593    59.593   955.466    15.875   207.037
    16.250     3.591     3.312    18.929    20.616   -17.657     0.385   262.955   284.811    59.561   955.552    16.125   207.032
    16.500     3.676     3.287    18.900    20.594   -17.693     0.365   262.946   284.403    59.544   955.613    16.375   207.030
    16.750     3.572     3.318    18.881    20.571   -17.706     0.363   262.935   284.428    59.557   955.501    16.625   206.995
    17.000     3.432     3.311    18.861    20.547   -17.740     0.379   262.932   284.275    59.575   955.451    16.875   206.972
    17.250     3.501     3.307    18.837    20.524   -17.782     0.377   262.927   284.402    59.559   955.495    17.125   206.958
    17.500     3.577     3.303    18.812    20.501   -17.836     0.365   262.921   284.617    59.530   955.586    17.375   206.949
    17.750     3.608     3.303    18.786    20.478   -17.876     0.349   262.914   284.566    59.520   955.607    17.625   206.920
    18.000     3.636     3.304    18.762    20.455   -17.887     0.340   262.903   284.523    59.520   955.595    17.875   206.899
    18.250     3.394     3.296    18.741    20.432   -17.915     0.365   262.898   284.320    59.555   955.556    18.125   206.888
    18.500     3.455     3.289    18.719    20.408   -17.946     0.371   262.894   284.323    59.548   955.532    18.375   206.852
    18.750     3.551     3.288    18.694    20.385   -18.002     0.365   262.889   284.384    59.513   955.589    18.625   206.849
    19.000     3.660     3.291    18.669    20.362   -18.063     0.350   262.880   284.221    59.483   955.638    18.875   206.829
    19.250     3.561     3.228    18.642    20.339   -18.086     0.342   262.869   284.484    59.485   955.676    19.125   206.821
    19.500     3.446     3.278    18.624    20.316   -18.126     0.355   262.865   284.271    59.485   955.606    19.375   206.801
    19.750     3.509     3.273    18.601    20.293   -18.176     0.352   262.859   284.467    59.464   955.654    19.625   206.790
    20.000     3.549     3.268    18.577    20.271   -18.240     0.339   262.853   284.694    59.433   955.742    19.875   206.789
    20.250     3.629     3.279    18.552    20.248   -18.288     0.321   262.845   284.391    59.407   955.784    20.125   206.772
    20.500     3.574     3.286    18.528    20.225   -18.299     0.312   262.835   283.842    59.429   955.763    20.375   206.741
    20.750     3.305     3.280    18.510    20.200   -18.315     0.342   262.833   283.440    59.462   955.654    20.625   206.705
    21.000     3.396     3.279    18.488    20.176   -18.351     0.355   262.828   283.877    59.446   955.637    20.875   206.680
    21.250     3.540     3.268    18.461    20.152   -18.420     0.348   262.820   284.650    59.411   955.731    21.125   206.676
    21.500     3.556     3.262    18.436    20.129   -18.499     0.332   262.814   284.847    59.369   955.830    21.375   206.671
    21.750     3.600     3.251    18.409    20.106   -18.554     0.312   262.805   284.805    59.352   955.893    21.625   206.659
    22.000     3.473     3.247    18.383    20.083   -18.562     0.299   262.796   284.142    59.394   955.831    21.875   206.627
    22.250     3.320     3.268    18.366    20.058   -18.569     0.322   262.792   283.765    59.407   955.681    22.125   206.590
    22.500     3.409     3.247    18.340    20.033   -18.595     0.333   262.788   283.768    59.388   955.742    22.375   206.575
    22.750     3.530     3.255    18.315    20.009   -18.650     0.331   262.781   284.147    59.345   955.816    22.625   206.566
    23.000     3.545     3.247    18.289    19.986   -18.722     0.319   262.775   284.353    59.297   955.944    22.875   206.570
    23.250     3.538     3.243    18.265    19.964   -18.791     0.304   262.767   284.826    59.262   956.024    23.125   206.558
    23.500     3.577     3.227    18.237    19.941   -18.818     0.285   262.756   284.416    59.278   956.056    23.375   206.536
    23.750     3.353     3.248    18.216    19.917   -18.818     0.292   262.749   283.714    59.313   955.938    23.625   206.514
    24.000     3.330     3.223    18.195    19.892   -18.832     0.311   262.748   283.654    59.302   955.919    23.875   206.487
    24.250     3.469     3.237    18.171    19.867   -18.870     0.317   262.742   283.793    59.264   955.966    24.125   206.474
    24.500     3.538     3.239    18.146    19.844   -18.935     0.311   262.734   284.239    59.218   956.045    24.375   206.463
    24.750     3.528     3.230    18.122    19.822   -19.012     0.299   262.726   284.549    59.175   956.152    24.625   206.461
    25.000     3.510     3.227    18.099    19.800   -19.083     0.283   262.719   284.863    59.145   956.238    24.875   206.456
    25.250     3.532     3.222    18.072    19.777   -19.115     0.265   262.710   284.112    59.155   956.282    25.125   206.429
    25.500     3.401     3.219    18.048    19.753   -19.109     0.259   262.701   283.881    59.198   956.209    25.375   206.405
    25.750     3.189     3.213    18.031    19.728   -19.110     0.291   262.700   283.420    59.196   956.088    25.625   206.386
    26.000     3.432     3.226    18.005    19.702   -19.135     0.309   262.695   283.531    59.164   956.148    25.875   206.376
    26.250     3.504     3.217    17.978    19.677   -19.199     0.309   262.688   283.765    59.114   956.239    26.125   206.365
    26.500     3.534     3.209    17.952    19.654   -19.283     0.300   262.680   284.136    59.060   956.354    26.375   206.368
    26.750     3.512     3.204    17.928    19.632   -19.360     0.285   262.673   284.580    59.020   956.450    26.625   206.366
    27.000     3.475     3.209    17.907    19.610   -19.428     0.268   262.665   284.823    58.998   956.496    26.875   206.348
    27.250     3.423     3.204    17.884    19.588   -19.465     0.250   262.659   284.713    58.999   956.526    27.125   206.322
    27.500     3.525     3.222    17.859    19.565   -19.467     0.234   262.650   283.967    58.999   956.571    27.375   206.305
    27.750     3.362     3.225    17.837    19.540   -19.446     0.233   262.643   283.206    59.018   956.558    27.625   206.279
    28.000     3.288     3.225    17.817    19.515   -19.417     0.257   262.638   283.169    59.018   956.485    27.875   206.241
    28.250     3.327     3.208    17.792    19.490   -19.435     0.290   262.634   283.829    59.013   956.482    28.125   206.221
    28.500     3.431     3.199    17.766    19.466   -19.503     0.303   262.628   283.852    58.976   956.517    28.375   206.202
    28.750     3.516     3.190    17.741    19.443   -19.597     0.298   262.619   284.064    58.932   956.578    28.625   206.191
    29.000     3.509     3.185    17.717    19.421   -19.695     0.284   262.611   284.227    58.894   956.647    28.875   206.188
    29.250     3.455     3.173    17.694    19.399   -19.771     0.266   262.603   284.494    58.869   956.701    29.125   206.181
    29.500     3.434     3.182    17.671    19.377   -19.822     0.249   262.596   284.563    58.850   956.746    29.375   206.178
    29.750     3.401     3.182    17.648    19.354   -19.849     0.233   262.589   284.649    58.836   956.793    29.625   206.169
    30.000     3.392     3.174    17.624    19.331   -19.864     0.220   262.583   284.540    58.825   956.836    29.875   206.154
    30.250     3.420     3.182    17.600    19.308   -19.867     0.210   262.575   284.474    58.804   956.893    30.125   206.149
    30.500     3.423     3.186    17.576    19.284   -19.868     0.203   262.567   284.140    58.779   956.928    30.375   206.140
    30.750     3.422     3.178    17.551    19.260   -19.870     0.201   262.559   284.310    58.763   957.023    30.625   206.140
    31.000     3.388     3.156    17.526    19.236   -19.868     0.205   262.553   283.914    58.750   957.061    30.875   206.119
    31.250     3.299     3.160    17.505    19.211   -19.906     0.230   262.544   283.920    58.758   956.990    31.125   206.092
    31.500     3.369     3.155    17.480    19.185   -19.960     0.246   262.541   283.728    58.728   957.019    31.375   206.074
    31.750     3.434     3.168    17.456    19.161   -20.040     0.253   262.533   283.885    58.692   957.046    31.625   206.055
    32.000     3.445     3.162    17.431    19.138   -20.132     0.248   262.525   283.905    58.657   957.092    31.875   206.045
    32.250     3.427     3.152    17.407    19.115   -20.214     0.239   262.516   284.161    58.625   957.154    32.125   206.044
    32.500     3.381     3.152    17.384    19.092   -20.272     0.227   262.509   284.105    58.607   957.183    32.375   206.033
    32.750     3.364     3.158    17.360    19.068   -20.310     0.217   262.503   284.131    58.591   957.220    32.625   206.023
    33.000     3.342     3.164    17.337    19.044   -20.336     0.208   262.497   283.869    58.569   957.234    32.875   206.014
    33.250     3.054     3.186    17.319    19.019   -20.366     0.203   262.497   282.821    58.614   957.204    33.125   206.008
    33.500     3.003     3.194    17.289    18.989   -20.367     0.206   262.502   282.176    58.653   957.180    33.375   205.982
    33.750     3.253     3.162    17.251    18.958   -20.370     0.232   262.500   282.768    58.614   957.296    33.625   205.965
    34.000     3.275     3.156    17.223    18.930   -20.440     0.259   262.495   282.767    58.558   957.360    33.875   205.969
    34.250     3.348     3.176    17.200    18.903   -20.541     0.282   262.490   282.547    58.516   957.364    34.125   205.961
    34.500     3.318     3.162    17.172    18.875   -20.650     0.304   262.482   282.582    58.491   957.369    34.375   205.953
    34.750     3.314     3.176    17.149    18.847   -20.783     0.384   262.477   281.226    58.451   957.298    34.625   205.929
    35.000     3.254     3.167    17.125    18.820   -20.928     0.424   262.471   282.404    58.411   957.314    34.875   205.920
    35.250     3.196     3.157    17.095    18.793   -21.025     0.359   262.470   282.345    58.405   957.408    35.125   205.915
    35.500     3.171     3.152    17.065    18.767   -21.095     0.311   262.471   282.467    58.383   957.492    35.375   205.902
    35.750     3.193     3.153    17.035    18.741   -21.121     0.274   262.473   282.808    58.343   957.589    35.625   205.889
    36.000     3.330     3.148    17.001    18.715   -21.116     0.243   262.470   282.244    58.308   957.702    35.875   205.872
    36.250     3.419     3.116    16.968    18.691   -21.074     0.219   262.459   282.615    58.265   957.838    36.125   205.861
    36.500     3.372     3.115    16.945    18.669   -21.016     0.210   262.451   282.107    58.222   957.880    36.375   205.861
    36.750     3.336     3.070    16.923    18.646   -20.977     0.227   262.442   282.142    58.205   957.922    36.625   205.844
    37.000     3.283     3.134    16.909    18.623   -21.028     0.246   262.437   282.204    58.180   957.894    36.875   205.835
    37.250     3.264     3.126    16.884    18.600   -21.106     0.243   262.434   282.220    58.165   957.974    37.125   205.833
    37.500     3.380     3.133    16.858    18.577   -21.174     0.232   262.427   282.243    58.120   957.989    37.375   205.821
    37.750     3.486     3.119    16.828    18.555   -21.196     0.228   262.415   282.189    58.072   958.127    37.625   205.830
    38.000     3.353     3.114    16.811    18.534   -21.245     0.236   262.406   282.609    58.039   958.157    37.875   205.823
    38.250     3.206     3.113    16.793    18.513   -21.326     0.232   262.402   282.656    58.055   958.164    38.125   205.795
    38.500     3.215     3.114    16.770    18.490   -21.406     0.220   262.401   282.787    58.046   958.211    38.375   205.789
    38.750     3.381     3.108    16.740    18.467   -21.428     0.204   262.392   282.454    58.025   958.286    38.625   205.776
    39.000     3.348     3.091    16.716    18.445   -21.407     0.198   262.383   282.093    57.985   958.321    38.875   205.768
    39.250     3.387     3.119    16.696    18.422   -21.380     0.215   262.375   280.891    57.967   958.348    39.125   205.755
    39.500     3.145     3.109    16.680    18.400   -21.426     0.227   262.371   281.989    57.960   958.352    39.375   205.755
    39.750     3.243     3.094    16.655    18.377   -21.490     0.223   262.366   282.088    57.949   958.381    39.625   205.742
    40.000     3.375     3.042    16.626    18.353   -21.534     0.227   262.357   281.873    57.897   958.449    39.875   205.735
    40.250     3.409     3.096    16.604    18.331   -21.603     0.233   262.346   282.170    57.855   958.469    40.125   205.729
    40.500     3.191     3.086    16.585    18.309   -21.683     0.229   262.343   282.242    57.856   958.501    40.375   205.712
    40.750     3.194     3.101    16.563    18.286   -21.754     0.217   262.341   282.362    57.846   958.527    40.625   205.700
    41.000     3.278     3.104    16.536    18.263   -21.796     0.203   262.336   281.806    57.828   958.579    40.875   205.685
    41.250     3.369     3.098    16.508    18.240   -21.794     0.192   262.327   281.281    57.789   958.659    41.125   205.667
    41.500     3.345     3.097    16.484    18.218   -21.760     0.199   262.317   281.122    57.767   958.687    41.375   205.660
    41.750     3.160     3.093    16.470    18.196   -21.794     0.221   262.312   281.155    57.748   958.680    41.625   205.656
    42.000     3.164     3.093    16.449    18.173   -21.860     0.223   262.309   281.521    57.749   958.702    41.875   205.643
    42.250     3.258     3.071    16.420    18.150   -21.930     0.214   262.305   281.929    57.728   958.777    42.125   205.635
    42.500     3.395     3.062    16.390    18.127   -21.955     0.209   262.295   281.634    57.672   958.841    42.375   205.631
    42.750     3.311     3.076    16.372    18.105   -22.002     0.218   262.286   280.861    57.624   958.868    42.625   205.632
    43.000     3.186     3.075    16.352    18.083   -22.082     0.215   262.280   282.132    57.630   958.906    42.875   205.622
    43.250     3.151     3.076    16.330    18.061   -22.157     0.204   262.279   282.165    57.624   958.939    43.125   205.609
    43.500     3.285     3.084    16.302    18.037   -22.193     0.188   262.274   281.673    57.604   958.995    43.375   205.593
    43.750     3.297     3.052    16.274    18.015   -22.184     0.179   262.263   281.871    57.565   959.079    43.625   205.582
    44.000     3.284     3.080    16.258    17.993   -22.171     0.191   262.254   281.310    57.525   959.029    43.875   205.573
    44.250     3.220     3.067    16.236    17.970   -22.189     0.212   262.249   281.353    57.529   959.087    44.125   205.564
    44.500     3.123     3.074    16.216    17.948   -22.264     0.213   262.246   281.422    57.531   959.069    44.375   205.546
    44.750     3.180     3.076    16.190    17.924   -22.345     0.205   262.244   281.571    57.514   959.125    44.625   205.534
    45.000     3.326     3.067    16.160    17.901   -22.380     0.197   262.235   281.185    57.464   959.199    44.875   205.530
    45.250     3.340     3.064    16.137    17.879   -22.394     0.202   262.224   281.352    57.420   959.224    45.125   205.514
    45.500     3.182     3.054    16.119    17.858   -22.448     0.214   262.219   281.595    57.411   959.292    45.375   205.518
    45.750     3.086     3.045    16.099    17.836   -22.533     0.206   262.218   281.520    57.420   959.274    45.625   205.492
    46.000     3.196     3.066    16.073    17.813   -22.591     0.192   262.216   281.381    57.402   959.327    45.875   205.485
    46.250     3.315     3.030    16.042    17.790   -22.603     0.178   262.205   281.648    57.364   959.443    46.125   205.469
    46.500     3.266     3.029    16.020    17.769   -22.583     0.177   262.195   281.137    57.326   959.450    46.375   205.471
    46.750     3.238     2.984    15.999    17.747   -22.584     0.193   262.186   280.769    57.314   959.477    46.625   205.461
    47.000     3.143     3.051    15.984    17.725   -22.650     0.199   262.183   280.969    57.309   959.443    46.875   205.444
    47.250     3.122     3.045    15.961    17.702   -22.729     0.194   262.180   281.323    57.303   959.497    47.125   205.430
    47.500     3.267     3.023    15.931    17.680   -22.771     0.185   262.174   281.082    57.265   959.564    47.375   205.427
    47.750     3.297     2.972    15.905    17.658   -22.777     0.184   262.163   281.003    57.215   959.640    47.625   205.427
    48.000     3.285     3.032    15.887    17.637   -22.819     0.193   262.154   280.860    57.186   959.653    47.875   205.422
    48.250     3.104     3.037    15.870    17.616   -22.891     0.192   262.151   280.979    57.194   959.657    48.125   205.405
    48.500     3.102     3.034    15.847    17.593   -22.959     0.184   262.151   281.327    57.187   959.709    48.375   205.396
    48.750     3.266     3.013    15.817    17.570   -22.984     0.172   262.142   281.130    57.160   959.787    48.625   205.383
    49.000     3.302     3.034    15.793    17.549   -22.975     0.168   262.133   280.291    57.118   959.825    48.875   205.378
    49.250     3.162     3.037    15.781    17.528   -23.002     0.190   262.123   280.777    57.081   959.752    49.125   205.361
    49.500     3.149     3.026    15.756    17.506   -23.041     0.199   262.120   280.790    57.099   959.836    49.375   205.356
    49.750     3.070     3.031    15.737    17.484   -23.130     0.194   262.118   280.905    57.094   959.833    49.625   205.341
    50.000     3.220     3.032    15.708    17.460   -23.186     0.182   262.113   280.715    57.075   959.914    49.875   205.324
    50.250     3.238     3.000    15.680    17.438   -23.199     0.174   262.104   280.505    57.028   959.971    50.125   205.314
    50.500     3.243     3.021    15.660    17.417   -23.203     0.184   262.094   280.634    56.993   960.002    50.375   205.319
    50.750     3.099     3.018    15.643    17.396   -23.246     0.186   262.090   280.634    56.993   959.994    50.625   205.303
    51.000     3.076     3.018    15.621    17.374   -23.320     0.181   262.088   280.752    56.993   960.022    50.875   205.288
    51.250     3.216     3.020    15.594    17.351   -23.368     0.171   262.082   280.653    56.966   960.077    51.125   205.269
    51.500     3.239     3.014    15.570    17.329   -23.378     0.167   262.073   280.075    56.917   960.117    51.375   205.262
    51.750     3.196     3.015    15.550    17.308   -23.384     0.182   262.064   280.424    56.894   960.125    51.625   205.256
    52.000     3.085     3.006    15.531    17.287   -23.436     0.188   262.060   280.523    56.904   960.170    51.875   205.246
    52.250     3.062     2.995    15.509    17.265   -23.520     0.182   262.058   280.866    56.898   960.204    52.125   205.240
    52.500     3.175     2.999    15.481    17.242   -23.571     0.171   262.055   280.603    56.876   960.257    52.375   205.226
    52.750     3.268     3.003    15.454    17.221   -23.581     0.161   262.044   280.401    56.822   960.315    52.625   205.227
    53.000     3.232     2.978    15.432    17.200   -23.579     0.167   262.034   280.448    56.792   960.370    52.875   205.229
    53.250     3.096     2.997    15.417    17.179   -23.617     0.171   262.029   280.274    56.790   960.353    53.125   205.215
    53.500     3.042     2.984    15.396    17.157   -23.687     0.168   262.027   280.485    56.792   960.396    53.375   205.205
    53.750     3.191     2.976    15.368    17.134   -23.732     0.160   262.022   280.577    56.768   960.473    53.625   205.198
    54.000     3.238     2.994    15.345    17.113   -23.744     0.157   262.011   280.410    56.710   960.472    53.875   205.195
    54.250     3.225     2.992    15.323    17.092   -23.763     0.169   262.002   280.381    56.692   960.532    54.125   205.191
    54.500     3.020     2.990    15.307    17.071   -23.828     0.171   261.998   280.285    56.696   960.522    54.375   205.177
    54.750     3.024     2.991    15.286    17.049   -23.901     0.165   261.998   280.411    56.697   960.549    54.625   205.165
    55.000     3.179     2.993    15.259    17.026   -23.941     0.155   261.992   279.723    56.667   960.578    54.875   205.146
    55.250     3.200     2.987    15.234    17.004   -23.942     0.152   261.981   279.672    56.620   960.619    55.125   205.147
    55.500     3.152     2.988    15.213    16.983   -23.949     0.170   261.973   279.745    56.605   960.670    55.375   205.147
    55.750     3.027     2.968    15.194    16.962   -24.003     0.174   261.970   279.996    56.611   960.692    55.625   205.136
    56.000     3.036     2.982    15.173    16.939   -24.086     0.168   261.968   280.189    56.606   960.706    55.875   205.120
    56.250     3.186     2.982    15.145    16.917   -24.129     0.158   261.963   279.451    56.572   960.750    56.125   205.106
    56.500     3.228     2.976    15.119    16.896   -24.131     0.155   261.952   279.513    56.527   960.823    56.375   205.106
    56.750     3.125     2.953    15.099    16.875   -24.140     0.167   261.943   279.708    56.507   960.846    56.625   205.105
    57.000     3.021     2.957    15.082    16.854   -24.203     0.168   261.940   279.881    56.512   960.849    56.875   205.093
    57.250     3.032     2.967    15.061    16.832   -24.277     0.162   261.940   279.930    56.504   960.883    57.125   205.080
    57.500     3.196     2.970    15.034    16.810   -24.317     0.152   261.932   280.075    56.471   960.922    57.375   205.065
    57.750     3.196     2.965    15.009    16.789   -24.323     0.148   261.921   279.453    56.431   960.975    57.625   205.063
    58.000     3.123     2.955    14.989    16.769   -24.328     0.160   261.913   279.594    56.414   961.011    57.875   205.066
    58.250     2.993     2.960    14.972    16.748   -24.386     0.163   261.911   279.679    56.425   961.016    58.125   205.053
    58.500     3.011     2.973    14.952    16.726   -24.461     0.157   261.911   279.820    56.415   961.019    58.375   205.037
    58.750     3.179     2.961    14.925    16.704   -24.491     0.149   261.902   279.035    56.373   961.054    58.625   205.027
    59.000     3.193     2.956    14.900    16.683   -24.489     0.155   261.891   279.427    56.340   961.138    58.875   205.028
    59.250     3.094     2.951    14.881    16.663   -24.524     0.166   261.884   279.688    56.330   961.159    59.125   205.026
    59.500     2.974     2.952    14.863    16.641   -24.611     0.163   261.882   279.636    56.340   961.163    59.375   205.012
    59.750     2.997     2.951    14.840    16.620   -24.674     0.153   261.882   279.751    56.336   961.200    59.625   204.996
    60.000     3.194     2.940    14.811    16.597   -24.686     0.142   261.873   279.527    56.292   961.271    59.875   204.991
    60.250     3.169     2.923    14.787    16.577   -24.671     0.141   261.861   279.439    56.259   961.317    60.125   204.985
    60.500     3.063     2.928    14.770    16.556   -24.695     0.156   261.856   279.418    56.246   961.316    60.375   204.980
    60.750     2.972     2.944    14.753    16.535   -24.771     0.156   261.853   279.426    56.255   961.308    60.625   204.966
    61.000     2.986     2.942    14.731    16.513   -24.842     0.148   261.854   279.559    56.246   961.352    60.875   204.954
    61.250     3.174     2.918    14.701    16.491   -24.861     0.139   261.844   279.333    56.206   961.426    61.125   204.950
    61.500     3.175     2.939    14.679    16.470   -24.855     0.138   261.834   279.094    56.160   961.432    61.375   204.946
    61.750     3.060     2.931    14.661    16.450   -24.890     0.152   261.827   279.233    56.160   961.475    61.625   204.937
    62.000     2.943     2.938    14.644    16.429   -24.964     0.151   261.825   279.201    56.170   961.455    61.875   204.923
    62.250     2.975     2.947    14.622    16.407   -25.025     0.144   261.825   279.278    56.166   961.491    62.125   204.908
    62.500     3.123     2.920    14.592    16.385   -25.038     0.136   261.816   279.042    56.132   961.557    62.375   204.902
    62.750     2.837     2.958    14.578    16.360   -25.036     0.143   261.820   277.323    56.151   961.554    62.625   204.894
    63.000     2.836     2.952    14.559    16.334   -25.063     0.162   261.821   278.220    56.152   961.566    62.875   204.883
    63.250     2.896     2.969    14.541    16.308   -25.149     0.171   261.822   278.002    56.123   961.544    63.125   204.871
    63.500     2.985     2.966    14.516    16.282   -25.231     0.218   261.821   276.793    56.105   961.567    63.375   204.856
    63.750     2.955     2.865    14.489    16.257   -25.335     0.232   261.818   277.464    56.085   961.639    63.625   204.847
    64.000     3.051     2.955    14.469    16.233   -25.444     0.225   261.814   277.666    56.047   961.627    63.875   204.840
    64.250     3.049     2.932    14.442    16.210   -25.515     0.226   261.811   277.490    56.010   961.685    64.125   204.830
    64.500     3.064     2.936    14.417    16.188   -25.559     0.214   261.805   277.386    55.971   961.701    64.375   204.818
    64.750     3.063     2.927    14.393    16.167   -25.578     0.194   261.798   277.543    55.939   961.749    64.625   204.804
    65.000     3.051     2.922    14.370    16.148   -25.580     0.180   261.792   277.621    55.917   961.794    64.875   204.790
    65.250     3.045     2.920    14.349    16.129   -25.578     0.173   261.787   277.692    55.897   961.814    65.125   204.778
    65.500     3.036     2.916    14.327    16.110   -25.585     0.171   261.782   277.765    55.880   961.861    65.375   204.765
    65.750     3.034     2.916    14.307    16.092   -25.601     0.166   261.778   277.536    55.865   961.883    65.625   204.749
    66.000     3.040     2.915    14.288    16.074   -25.622     0.166   261.771   277.688    55.854   961.908    65.875   204.734
    66.250     3.023     2.901    14.268    16.055   -25.646     0.173   261.766   277.626    55.843   961.953    66.125   204.724
    66.500     3.031     2.914    14.252    16.037   -25.691     0.180   261.761   277.446    55.820   961.943    66.375   204.713
    66.750     3.030     2.913    14.234    16.019   -25.735     0.190   261.755   277.372    55.806   961.962    66.625   204.705
    67.000     3.065     2.908    14.212    16.000   -25.785     0.190   261.748   277.366    55.802   962.031    66.875   204.694
    67.250     3.007     2.896    14.193    15.982   -25.832     0.192   261.742   277.350    55.792   962.037    67.125   204.680
    67.500     3.022     2.879    14.174    15.963   -25.872     0.190   261.736   277.152    55.781   962.055    67.375   204.666
    67.750     3.026     2.878    14.155    15.944   -25.910     0.191   261.730   277.272    55.767   962.074    67.625   204.653
    68.000     3.016     2.892    14.136    15.926   -25.940     0.191   261.727   277.070    55.753   962.094    67.875   204.642
    68.250     3.017     2.901    14.117    15.907   -25.972     0.188   261.720   276.780    55.735   962.109    68.125   204.631
    68.500     3.002     2.888    14.097    15.889   -26.000     0.183   261.716   277.056    55.724   962.141    68.375   204.616
    68.750     3.017     2.897    14.078    15.870   -26.023     0.189   261.712   276.207    55.711   962.163    68.625   204.601
    69.000     2.984     2.896    14.059    15.852   -26.061     0.187   261.706   277.030    55.695   962.187    68.875   204.590
    69.250     3.010     2.895    14.040    15.833   -26.091     0.180   261.700   277.178    55.681   962.198    69.125   204.574
    69.500     2.985     2.894    14.021    15.815   -26.115     0.175   261.695   277.124    55.669   962.201    69.375   204.558
    69.750     2.997     2.893    14.002    15.796   -26.142     0.173   261.690   277.053    55.657   962.220    69.625   204.542
    70.000     2.978     2.846    13.981    15.778   -26.164     0.171   261.684   277.009    55.650   962.274    69.875   204.527
    70.250     2.995     2.876    13.962    15.760   -26.194     0.175   261.680   276.865    55.640   962.292    70.125   204.515
    70.500     3.004     2.887    13.943    15.741   -26.226     0.178   261.675   276.829    55.624   962.315    70.375   204.502
    70.750     2.983     2.858    13.923    15.723   -26.265     0.179   261.670   276.703    55.613   962.341    70.625   204.488
    71.000     3.008     2.884    13.905    15.704   -26.298     0.186   261.664   276.839    55.597   962.345    70.875   204.473
    71.250     2.997     2.881    13.886    15.686   -26.341     0.185   261.660   276.645    55.582   962.376    71.125   204.462
    71.500     3.007     2.879    13.867    15.668   -26.381     0.179   261.653   276.893    55.564   962.404    71.375   204.452
    71.750     2.976     2.879    13.849    15.650   -26.410     0.174   261.648   276.354    55.549   962.411    71.625   204.439
    72.000     2.970     2.878    13.832    15.632   -26.435     0.178   261.644   275.896    55.531   962.419    71.875   204.425
    72.250     2.997     2.874    13.811    15.614   -26.457     0.172   261.639   276.594    55.527   962.474    72.125   204.412
    72.500     2.979     2.873    13.792    15.596   -26.481     0.169   261.633   276.731    55.515   962.497    72.375   204.398
    72.750     2.969     2.873    13.773    15.578   -26.508     0.170   261.629   276.523    55.501   962.522    72.625   204.388
    73.000     2.974     2.858    13.753    15.560   -26.542     0.167   261.623   276.547    55.491   962.566    72.875   204.374
    73.250     2.989     2.870    13.735    15.542   -26.567     0.162   261.617   276.715    55.478   962.576    73.125   204.360
    73.500     2.947     2.856    13.716    15.525   -26.595     0.167   261.613   276.497    55.468   962.614    73.375   204.348
    73.750     2.960     2.856    13.698    15.507   -26.628     0.170   261.608   276.540    55.455   962.620    73.625   204.335
    74.000     2.963     2.864    13.678    15.489   -26.667     0.169   261.602   276.298    55.449   962.648    73.875   204.323
    74.250     2.943     2.820    13.659    15.471   -26.702     0.168   261.598   276.205    55.436   962.679    74.125   204.309
    74.500     2.972     2.863    13.641    15.453   -26.734     0.168   261.594   275.464    55.420   962.677    74.375   204.293
    74.750     2.950     2.850    13.621    15.435   -26.762     0.174   261.589   276.130    55.412   962.712    74.625   204.283
    75.000     2.966     2.860    13.603    15.417   -26.807     0.172   261.583   276.305    55.392   962.712    74.875   204.268
    75.250     2.931     2.859    13.586    15.400   -26.838     0.167   261.580   275.281    55.378   962.709    75.125   204.251
    75.500     2.959     2.844    13.565    15.382   -26.857     0.168   261.573   276.176    55.379   962.772    75.375   204.237
    75.750     2.965     2.855    13.546    15.364   -26.886     0.165   261.568   276.205    55.361   962.787    75.625   204.227
    76.000     2.943     2.851    13.527    15.347   -26.918     0.160   261.563   276.084    55.355   962.820    75.875   204.210
    76.250     2.918     2.840    13.508    15.329   -26.940     0.160   261.559   276.002    55.348   962.831    76.125   204.193
    76.500     2.924     2.852    13.493    15.311   -26.967     0.169   261.554   275.935    55.329   962.804    76.375   204.178
    76.750     2.932     2.836    13.471    15.294   -26.999     0.166   261.551   275.784    55.328   962.862    76.625   204.164
    77.000     2.961     2.845    13.452    15.276   -27.032     0.166   261.546   275.840    55.310   962.891    76.875   204.155
    77.250     2.940     2.800    13.432    15.259   -27.063     0.162   261.540   275.774    55.297   962.928    77.125   204.142
    77.500     2.960     2.831    13.414    15.241   -27.096     0.165   261.536   275.748    55.285   962.953    77.375   204.129
    77.750     2.943     2.840    13.397    15.224   -27.129     0.161   261.530   275.403    55.270   962.960    77.625   204.115
    78.000     2.930     2.840    13.379    15.207   -27.156     0.160   261.525   275.461    55.259   962.965    77.875   204.100
    78.250     2.931     2.838    13.361    15.190   -27.176     0.160   261.522   275.610    55.250   962.996    78.125   204.086
    78.500     2.909     2.827    13.343    15.173   -27.201     0.163   261.518   274.847    55.240   963.016    78.375   204.071
    78.750     2.929     2.837    13.326    15.155   -27.236     0.167   261.512   275.799    55.226   963.032    78.625   204.057
    79.000     2.945     2.832    13.307    15.138   -27.279     0.158   261.506   275.728    55.216   963.058    78.875   204.041
    79.250     2.938     2.831    13.289    15.121   -27.296     0.153   261.501   275.623    55.202   963.085    79.125   204.030
    79.500     2.891     2.787    13.271    15.104   -27.318     0.157   261.497   275.107    55.194   963.115    79.375   204.016
    79.750     2.941     2.829    13.253    15.087   -27.348     0.157   261.491   275.522    55.183   963.141    79.625   204.004
    80.000     2.914     2.816    13.235    15.070   -27.381     0.154   261.486   275.594    55.173   963.162    79.875   203.988
    80.250     2.930     2.828    13.218    15.053   -27.407     0.152   261.480   275.556    55.158   963.171    80.125   203.977
    80.500     2.921     2.815    13.199    15.036   -27.426     0.154   261.476   275.366    55.150   963.212    80.375   203.964
    80.750     2.914     2.824    13.182    15.020   -27.461     0.157   261.471   275.398    55.139   963.231    80.625   203.950
    81.000     2.888     2.780    13.164    15.003   -27.491     0.157   261.467   275.293    55.130   963.250    80.875   203.936
    81.250     2.935     2.810    13.147    14.986   -27.528     0.158   261.462   275.262    55.118   963.274    81.125   203.923
    81.500     2.930     2.819    13.129    14.969   -27.558     0.154   261.457   275.215    55.102   963.282    81.375   203.911
    81.750     2.897     2.820    13.113    14.952   -27.589     0.158   261.452   275.278    55.087   963.290    81.625   203.898
    82.000     2.901     2.790    13.094    14.936   -27.618     0.154   261.447   275.202    55.081   963.340    81.875   203.884
    82.250     2.914     2.789    13.076    14.919   -27.647     0.149   261.441   275.229    55.069   963.362    82.125   203.869
    82.500     2.900     2.788    13.059    14.902   -27.667     0.147   261.437   275.136    55.058   963.392    82.375   203.860
    82.750     2.898     2.813    13.042    14.885   -27.690     0.150   261.432   275.054    55.047   963.407    82.625   203.845
    83.000     2.899     2.811    13.024    14.868   -27.718     0.148   261.427   275.075    55.036   963.438    82.875   203.830
    83.250     2.869     2.814    13.009    14.852   -27.738     0.153   261.423   274.945    55.025   963.423    83.125   203.814
    83.500     2.898     2.810    12.990    14.835   -27.769     0.155   261.420   274.775    55.015   963.466    83.375   203.801
    83.750     2.874     2.811    12.975    14.818   -27.810     0.163   261.416   274.749    54.994   963.466    83.625   203.789
    84.000     2.910     2.808    12.956    14.802   -27.852     0.156   261.410   274.511    54.985   963.493    83.875   203.774
    84.250     2.891     2.807    12.940    14.786   -27.882     0.154   261.404   274.874    54.972   963.496    84.125   203.760
    84.500     2.899     2.805    12.923    14.769   -27.908     0.151   261.399   274.914    54.957   963.522    84.375   203.751
    84.750     2.904     2.802    12.904    14.753   -27.934     0.147   261.394   274.861    54.950   963.559    84.625   203.737
    85.000     2.885     2.802    12.887    14.737   -27.956     0.140   261.390   274.339    54.942   963.579    84.875   203.721
    85.250     2.874     2.799    12.869    14.720   -27.962     0.141   261.385   274.632    54.938   963.620    85.125   203.708
    85.500     2.868     2.801    12.853    14.704   -27.984     0.144   261.381   274.674    54.927   963.623    85.375   203.694
    85.750     2.874     2.800    12.836    14.688   -28.016     0.144   261.376   274.588    54.915   963.637    85.625   203.680
    86.000     2.862     2.800    12.820    14.671   -28.046     0.151   261.373   274.430    54.899   963.643    85.875   203.667
    86.250     2.901     2.796    12.801    14.655   -28.078     0.150   261.369   274.385    54.893   963.700    86.125   203.656
    86.500     2.888     2.792    12.783    14.638   -28.117     0.149   261.362   274.444    54.881   963.740    86.375   203.641
    86.750     2.871     2.794    12.769    14.622   -28.142     0.161   261.359   273.529    54.860   963.728    86.625   203.629
    87.000     2.880     2.779    12.750    14.606   -28.179     0.155   261.353   274.480    54.858   963.781    86.875   203.616
    87.250     2.870     2.787    12.733    14.591   -28.211     0.148   261.348   274.502    54.849   963.793    87.125   203.601
    87.500     2.888     2.786    12.716    14.574   -28.230     0.144   261.344   274.318    54.835   963.812    87.375   203.591
    87.750     2.867     2.787    12.701    14.559   -28.258     0.138   261.337   274.480    54.822   963.815    87.625   203.577
    88.000     2.857     2.774    12.682    14.543   -28.267     0.137   261.333   274.355    54.816   963.864    87.875   203.566
    88.250     2.856     2.784    12.666    14.527   -28.285     0.142   261.330   274.368    54.806   963.895    88.125   203.555
    88.500     2.864     2.782    12.649    14.510   -28.316     0.141   261.326   274.318    54.796   963.924    88.375   203.540
    88.750     2.859     2.783    12.633    14.494   -28.347     0.137   261.321   273.953    54.782   963.917    88.625   203.525
    89.000     2.854     2.781    12.617    14.478   -28.367     0.138   261.319   273.291    54.773   963.945    88.875   203.510
    89.250     2.858     2.769    12.599    14.462   -28.386     0.152   261.312   274.223    54.767   963.989    89.125   203.497
    89.500     2.869     2.777    12.583    14.446   -28.444     0.158   261.307   274.245    54.750   963.990    89.375   203.486
    89.750     2.860     2.777    12.567    14.431   -28.488     0.152   261.302   274.256    54.735   964.008    89.625   203.472
    90.000     2.877     2.762    12.549    14.415   -28.514     0.138   261.296   274.260    54.726   964.048    89.875   203.460
    90.250     2.848     2.771    12.533    14.400   -28.527     0.131   261.292   274.148    54.718   964.061    90.125   203.449
    90.500     2.843     2.746    12.516    14.384   -28.535     0.131   261.287   274.198    54.710   964.086    90.375   203.435
    90.750     2.849     2.773    12.501    14.368   -28.550     0.132   261.283   274.183    54.697   964.092    90.625   203.427
    91.000     2.827     2.759    12.483    14.352   -28.576     0.131   261.279   274.046    54.691   964.132    90.875   203.412
    91.250     2.848     2.758    12.466    14.336   -28.600     0.133   261.275   273.981    54.681   964.160    91.125   203.399
    91.500     2.852     2.757    12.449    14.320   -28.629     0.135   261.270   274.017    54.668   964.189    91.375   203.387
    91.750     2.831     2.771    12.436    14.305   -28.665     0.137   261.266   273.822    54.649   964.166    91.625   203.376
    92.000     2.857     2.755    12.416    14.289   -28.694     0.136   261.261   273.793    54.647   964.231    91.875   203.363
    92.250     2.842     2.763    12.400    14.273   -28.728     0.139   261.255   273.829    54.635   964.245    92.125   203.351
    92.500     2.833     2.752    12.384    14.258   -28.752     0.142   261.251   273.789    54.624   964.273    92.375   203.340
    92.750     2.852     2.764    12.369    14.242   -28.792     0.142   261.247   273.468    54.602   964.279    92.625   203.330
    93.000     2.849     2.761    12.352    14.226   -28.823     0.137   261.241   273.871    54.588   964.303    92.875   203.319
    93.250     2.839     2.757    12.335    14.210   -28.844     0.132   261.236   273.819    54.580   964.330    93.125   203.305
    93.500     2.819     2.760    12.320    14.195   -28.860     0.131   261.232   273.759    54.570   964.335    93.375   203.291
    93.750     2.821     2.759    12.303    14.179   -28.876     0.131   261.228   273.704    54.564   964.359    93.625   203.277
    94.000     2.816     2.759    12.287    14.164   -28.901     0.131   261.224   273.616    54.552   964.375    93.875   203.263
    94.250     2.822     2.744    12.270    14.148   -28.922     0.133   261.220   273.654    54.545   964.414    94.125   203.250
    94.500     2.823     2.727    12.252    14.132   -28.951     0.134   261.217   273.478    54.535   964.452    94.375   203.240
    94.750     2.825     2.756    12.239    14.117   -28.985     0.138   261.211   273.600    54.513   964.446    94.625   203.229
    95.000     2.834     2.740    12.220    14.101   -29.010     0.139   261.207   273.563    54.510   964.505    94.875   203.215
    95.250     2.818     2.752    12.205    14.086   -29.044     0.141   261.203   273.082    54.497   964.502    95.125   203.204
    95.500     2.831     2.720    12.188    14.071   -29.074     0.138   261.199   273.407    54.485   964.543    95.375   203.194
    95.750     2.849     2.743    12.171    14.056   -29.108     0.138   261.192   273.510    54.472   964.566    95.625   203.185
    96.000     2.834     2.732    12.155    14.040   -29.133     0.131   261.188   273.477    54.460   964.593    95.875   203.172
    96.250     2.825     2.745    12.141    14.026   -29.154     0.129   261.182   273.581    54.450   964.592    96.125   203.160
    96.500     2.798     2.731    12.124    14.011   -29.167     0.126   261.179   273.391    54.444   964.620    96.375   203.148
    96.750     2.780     2.695    12.109    13.996   -29.184     0.133   261.174   273.503    54.435   964.644    96.625   203.137
    97.000     2.837     2.743    12.094    13.980   -29.221     0.132   261.170   273.234    54.421   964.655    96.875   203.125
    97.250     2.809     2.742    12.078    13.965   -29.248     0.127   261.164   273.463    54.410   964.664    97.125   203.112
    97.500     2.807     2.743    12.063    13.950   -29.269     0.129   261.160   273.105    54.401   964.678    97.375   203.099
    97.750     2.792     2.744    12.049    13.935   -29.302     0.154   261.156   273.315    54.387   964.682    97.625   203.087
    98.000     2.829     2.740    12.030    13.919   -29.347     0.146   261.152   273.031    54.384   964.735    97.875   203.073
    98.250     2.807     2.737    12.015    13.904   -29.385     0.141   261.147   273.116    54.367   964.729    98.125   203.062
    98.500     2.838     2.734    11.997    13.889   -29.412     0.135   261.141   273.374    54.356   964.769    98.375   203.050
    98.750     2.763     2.720    11.984    13.876   -29.448     0.125   261.141   273.755    54.346   964.812    98.625   203.039
    99.000     2.787     2.727    11.969    13.861   -29.498     0.110   261.141   274.522    54.350   964.879    98.875   203.029
    99.250     2.752     2.720    11.952    13.847   -29.502     0.093   261.141   274.319    54.344   964.904    99.125   203.017
    99.500     2.810     2.727    11.933    13.830   -29.451     0.079   261.136   274.132    54.348   964.964    99.375   203.005
    99.750     2.740     2.715    11.916    13.813   -29.382     0.077   261.131   273.657    54.347   964.988    99.625   202.994
   100.000     2.712     2.722    11.902    13.796   -29.339     0.097   261.131   272.864    54.343   964.993    99.875   202.981
