  1000.000     5.667     3.678    -0.000     0.731    -1.753    -1.590     2.882     0.000     0.000     0.000     0.000     0.000     0.000   334.477     0.000   0.00E+00    -1.791     0.485   278.800
   950.000     1.585     3.499     0.001     0.909     2.454    -1.343    -0.846     0.000    12.474     0.000   -11.923     0.000     0.000   334.449     0.000   0.00E+00    -4.041     0.525   274.753
   900.000    -2.086     2.651    -0.235     0.784     1.514    -1.614     0.000     0.000    12.474     0.000    -8.342     0.000     1.526   328.884     0.001   0.80E-01    -2.012     0.551   270.811
   850.000    -5.509     1.817     0.263     0.737     1.459    -1.562     0.000     0.000    11.552    -1.526    -7.857     1.717     1.069   325.928     0.023   0.20E+00    -1.111     0.588   267.915
   800.000    -9.029     1.198     0.454     0.661     1.543    -1.648     0.000     0.000    10.699    -1.066    -6.475     1.442     0.544   323.597     0.011   0.24E+00    -0.313     0.622   264.724
   750.000   -12.737     0.747     0.442     0.574     1.554    -1.661     0.000     0.000    10.250    -0.383    -5.867     1.154     0.317   322.040     0.004   0.18E+00     0.232     0.649   261.188
   700.000   -16.727     0.408     0.331     0.502     1.522    -1.631     0.000     0.000    10.078    -0.098    -5.447     1.067     0.301   321.065     0.003   0.15E+00     0.545     0.667   257.256
   650.000   -21.054     0.210     0.179     0.447     1.461    -1.572     0.000     0.000     9.933    -0.077    -4.990     0.999     0.291   320.725     0.002   0.12E+00     0.693     0.677   252.874
   600.000   -25.917     0.113     0.001     0.406     1.375    -1.489     0.000     0.000     9.837    -0.075    -4.369     1.018     0.260   320.799     0.001   0.10E+00     0.720     0.678   247.987
   550.000   -31.390     0.068    -0.142     0.383     1.290    -1.408     0.000     0.000     9.803    -0.065    -3.627     1.111     0.254   320.985     0.000   0.11E+00     0.648     0.669   242.550
   500.000   -37.484     0.049    -0.218     0.389     1.269    -1.391     0.000     0.000     9.997    -0.044    -2.780     1.242     0.130   321.114     0.002   0.81E-01     0.606     0.644   236.521
   450.000   -44.080     0.035    -0.221     0.452     1.326    -1.453     0.000     0.000    10.196     0.000    -1.911     1.446     0.446   321.470     0.034   0.21E+00     0.527     0.609   229.853
   400.000   -51.314     0.021    -0.196     0.538     1.316    -1.447     0.000     0.000     9.768     0.000    -1.164     1.495     1.294   321.996     0.084   0.23E+00     0.409     0.555   222.485
   350.000   -59.366     0.015    -0.181     0.578     1.274    -1.411     0.000     0.000     8.189     0.000    -0.700     1.591     2.656   322.263     0.076   0.18E+00     0.425     0.484   214.324
   300.000   -68.248     0.007    -0.251     0.660     1.053    -1.194     0.000     0.000     4.055     0.000    -0.412     0.639     4.556   323.188     0.189   0.14E+00     0.419     0.403   205.217
   250.000   -73.746     0.004    -1.303     0.746     0.907    -1.041     0.000     0.000     2.287    -0.000    -0.179     0.359     1.995   325.311     0.255   0.10E+00     0.293     0.310   194.770
   200.000   -71.060     0.001    -4.000     0.380     0.606    -0.708     0.000     0.000     1.305     0.000    -0.077     0.217     1.115   332.941     0.092   0.74E-01     0.204     0.235   182.027
   150.000   -71.384     0.001    -4.000     0.345     0.426    -0.496     0.000     0.000     0.684     0.000    -0.027     0.117     0.700   344.070     0.089   0.44E-01     0.000     0.165   165.563
   100.000   -69.906     0.001    -4.000     0.280     0.126    -0.146     0.000     0.000     0.000     0.000    -0.000     0.000     0.684   363.727     0.076   0.16E-01     0.000     0.095   142.436
    80.000   -66.799     0.001    -4.000     0.032     0.000     0.013     0.000     0.000     0.000     0.000     0.000     0.000     0.000   379.783     0.000   0.19E-09    -0.000     0.000     0.000
    60.000   -59.475     0.001     0.000     0.007     0.000     0.034     0.000     0.000     0.000     0.000     0.000     0.000     0.000   404.548     0.000   0.00E+00     0.000     0.000     0.000
    40.000   -49.636     0.001     0.000     0.002     0.000     0.059     0.000     0.000     0.000     0.000     0.000     0.000     0.000   438.520     0.000   0.00E+00     0.000     0.000     0.000
    30.000   -41.803     0.001     0.000     0.001     0.000     0.078     0.000     0.000     0.000     0.000     0.000     0.000     0.000   463.774     0.000   0.00E+00     0.000     0.000     0.000
    25.000   -26.248     0.001     0.000     0.000     0.000     0.117     0.000     0.000     0.000     0.000     0.000     0.000     0.000   489.013     0.000   0.00E+00    -0.001     0.000     0.000
