  1000.000     9.407     4.930     0.000     0.687    -1.524    -1.247     2.732     0.000     0.000     0.000     0.000     0.000     0.000   300.300     0.000   0.00E+00    -0.987     0.309   282.557
   950.000     5.303     4.754     0.001     0.864     1.802    -1.510    -0.196     0.000    14.608     0.000   -10.636     0.000     0.005   300.286     0.000   0.54E-06    -1.520     0.344   278.456
   900.000     1.858     3.584    -0.313     0.732     1.438    -1.445     0.000     0.000    14.564    -0.005    -8.554     0.005     2.409   296.864     0.004   0.29E-01    -0.283     0.367   274.565
   850.000    -1.720     2.727     0.249     0.684     1.415    -1.442     0.000     0.000    13.428    -2.369    -8.884     2.634     1.853   295.227     0.039   0.19E+00     0.252     0.391   271.813
   800.000    -5.005     1.765     0.525     0.598     1.489    -1.526     0.000     0.000    12.135    -1.811    -8.062     2.105     0.261   294.021     0.023   0.29E+00     0.810     0.419   268.867
   750.000    -8.293     1.066     0.362     0.473     1.479    -1.523     0.000     0.000    11.889    -0.228    -6.451     1.434     0.197   293.544     0.023   0.19E+00     1.009     0.448   265.593
   700.000   -11.870     0.637     0.145     0.387     1.357    -1.410     0.000     0.000    11.862    -0.015    -5.956     1.275     0.216   293.807     0.033   0.15E+00     0.974     0.469   261.932
   650.000   -15.861     0.414    -0.083     0.338     1.182    -1.248     0.000     0.000    11.880    -0.031    -5.201     1.279     0.185   294.509     0.049   0.14E+00     0.793     0.482   257.816
   600.000   -20.466     0.285    -0.266     0.330     0.993    -1.077     0.000     0.000    11.953    -0.035    -4.255     1.392     0.211   295.379     0.076   0.15E+00     0.565     0.480   253.173
   550.000   -25.750     0.185    -0.376     0.364     0.831    -0.942     0.000     0.000    12.117    -0.039    -3.149     1.526     0.243   296.205     0.101   0.19E+00     0.359     0.461   247.932
   500.000   -31.826     0.145    -0.439     0.458     0.796    -0.942     0.000     0.000    12.528    -0.033    -1.921     1.722     0.213   296.914     0.123   0.73E-01     0.204     0.426   242.030
   450.000   -38.737     0.117    -0.538     0.649     0.761    -0.949     0.000     0.000    12.753    -0.014    -0.865     1.975     0.826   297.496     0.213   0.22E+00     0.075     0.378   235.411
   400.000   -46.208     0.067    -0.752     0.922     0.658    -0.888     0.000     0.000    12.663    -0.015    -0.242     2.384     1.719   298.010     0.315   0.17E+00     0.018     0.317   228.015
   350.000   -54.441     0.037    -1.088     1.139     0.413    -0.686     0.000     0.000    10.304     0.000    -0.059     2.879     4.814   298.494     0.381   0.76E-01     0.004     0.244   219.757
   300.000   -63.655     0.014    -1.747     1.084     0.209    -0.527     0.000     0.000     0.535     0.000    -0.001     0.000     9.769   299.214     0.625   0.78E-02    -0.001     0.140   210.498
   250.000   -71.882     0.005    -4.000     0.998    -0.004    -0.312     0.000     0.000     0.000     0.000    -0.000     0.000     0.535   302.136     0.506   0.11E-03    -0.000     0.029   199.928
   200.000   -70.224     0.001    -4.000     0.218     0.000    -0.080     0.000     0.000     0.000     0.000     0.000     0.000     0.000   313.145     0.000   0.13E-08    -0.000     0.000   187.107
   150.000   -72.602     0.001    -4.000     0.143     0.000     0.011     0.000     0.000     0.000     0.000     0.000     0.000     0.000   326.067     0.000   0.00E+00     0.000     0.000   170.675
   100.000   -72.524     0.001    -4.000     0.098     0.000     0.012     0.000     0.000     0.000     0.000     0.000     0.000     0.000   348.705     0.000   0.00E+00     0.000     0.000   147.774
    80.000   -70.452     0.001    -4.000     0.068     0.000     0.054     0.000     0.000     0.000     0.000     0.000     0.000     0.000   362.425     0.000   0.00E+00     0.000     0.000     0.000
    60.000   -63.517     0.001     0.000     0.030     0.000     0.193     0.000     0.000     0.000     0.000     0.000     0.000     0.000   383.129     0.000   0.00E+00     0.000     0.000     0.000
    40.000   -52.861     0.001     0.000     0.010     0.000     0.406     0.000     0.000     0.000     0.000     0.000     0.000     0.000   414.126     0.000   0.00E+00     0.000     0.000     0.000
    30.000   -43.733     0.001     0.000     0.004     0.000     0.588     0.000     0.000     0.000     0.000     0.000     0.000     0.000   438.666     0.000   0.00E+00     0.000     0.000     0.000
    25.000   -26.187     0.001     0.000     0.001     0.000     0.939     0.000     0.000     0.000     0.000     0.000     0.000     0.000   466.962     0.000   0.00E+00    -0.001     0.000     0.000
