     0.250     0.082     0.961     2.661     3.610   -30.624     0.483   260.412   238.309     8.878  1011.322     0.125   267.423
     0.500     1.963     1.012     2.950     4.185   -30.861     0.483   260.442   239.023    10.980  1010.702     0.375   265.817
     0.750     1.871     1.076     3.328     4.717   -31.097     0.483   260.468   239.750    13.078  1009.955     0.625   264.348
     1.000     0.900     1.143     3.663     5.212   -31.333     0.483   260.452   240.546    15.423  1008.950     0.875   257.539
     1.250     0.542     1.224     3.945     5.665   -31.568     0.483   260.460   241.216    17.299  1008.033     1.125   255.426
     1.500     0.838     1.320     4.239     6.074   -31.801     0.483   260.459   241.911    19.024  1007.109     1.375   253.696
     1.750     1.002     1.409     4.530     6.444   -32.034     0.483   260.450   242.618    20.635  1006.166     1.625   251.520
     2.000     1.290     1.480     4.804     6.781   -32.266     0.483   260.454   243.288    22.089  1005.254     1.875   249.763
     2.250     1.450     1.553     5.089     7.091   -32.498     0.483   260.458   243.959    23.446  1004.346     2.125   247.670
     2.500     1.592     1.624     5.356     7.377   -32.728     0.483   260.460   244.598    24.725  1003.447     2.375   245.942
     2.750     1.545     1.702     5.609     7.637   -32.958     0.483   260.461   245.197    25.991  1002.505     2.625   243.713
     3.000     1.806     1.763     5.833     7.873   -33.186     0.483   260.466   245.770    27.119  1001.635     2.875   242.144
     3.250     1.774     1.819     6.050     8.090   -33.413     0.483   260.470   246.307    28.233  1000.737     3.125   240.339
     3.500     1.827     1.885     6.251     8.288   -33.657     0.484   260.479   246.800    29.265   999.874     3.375   238.729
     3.750     1.840     1.950     6.439     8.468   -33.963     0.491   260.489   247.233    30.236   999.038     3.625   237.271
     4.000     1.971     1.997     6.608     8.629   -34.354     0.506   260.498   247.682    31.131   998.244     3.875   236.016
     4.250     2.068     2.046     6.764     8.776   -34.793     0.516   260.506   248.122    31.990   997.459     4.125   234.690
     4.500     2.122     2.079     6.911     8.911   -35.142     0.513   260.511   248.534    32.768   996.733     4.375   233.695
     4.750     2.018     2.109     7.054     9.038   -35.363     0.508   260.520   248.883    33.548   995.986     4.625   232.453
     5.000     2.078     2.148     7.186     9.154   -35.482     0.502   260.530   249.228    34.282   995.267     4.875   231.233
     5.250     2.290     2.222     7.302     9.258   -35.465     0.492   260.538   249.626    34.923   994.629     5.125   230.266
     5.500     2.691     2.229     7.399     9.347   -35.489     0.485   260.530   250.157    35.482   994.062     5.375   229.470
     5.750     2.508     2.238     7.498     9.435   -35.550     0.479   260.513   250.734    36.149   993.297     5.625   228.249
     6.000     2.434     2.274     7.595     9.517   -35.629     0.474   260.517   251.075    36.845   992.471     5.875   226.737
     6.250     2.590     2.292     7.681     9.592   -35.666     0.473   260.505   251.680    37.465   991.712     6.125   225.392
     6.500     2.596     2.294     7.761     9.664   -35.701     0.510   260.495   252.180    38.058   990.967     6.375   224.099
     6.750     2.676     2.315     7.835     9.731   -35.706     0.544   260.487   252.610    38.575   990.307     6.625   223.089
     7.000     2.704     2.342     7.904     9.791   -35.688     0.557   260.470   253.165    39.071   989.664     6.875   222.118
     7.250     2.750     2.343     7.965     9.846   -35.558     0.513   260.451   253.779    39.516   989.079     7.125   221.240
     7.500     2.643     2.352     8.026     9.902   -35.438     0.471   260.445   254.105    39.941   988.530     7.375   220.384
     7.750     2.686     2.364     8.083     9.954   -35.303     0.419   260.443   254.385    40.374   987.932     7.625   219.446
     8.000     2.702     2.392     8.136    10.002   -35.224     0.393   260.434   254.855    40.812   987.306     7.875   218.420
     8.250     2.773     2.400     8.184    10.042   -35.174     0.372   260.419   255.580    41.175   986.813     8.125   217.621
     8.500     2.684     2.401     8.230    10.082   -35.108     0.345   260.411   256.036    41.546   986.284     8.375   216.758
     8.750     2.627     2.413     8.274    10.122   -35.030     0.315   260.407   256.479    41.814   985.897     8.625   216.372
     9.000     2.669     2.427     8.315    10.157   -34.929     0.281   260.402   256.960    42.054   985.609     8.875   216.021
     9.250     2.685     2.446     8.352    10.188   -34.837     0.251   260.397   257.293    42.292   985.375     9.125   215.667
     9.500     2.694     2.457     8.386    10.214   -34.781     0.231   260.389   257.722    42.524   985.087     9.375   215.297
     9.750     2.699     2.464     8.416    10.239   -34.738     0.217   260.379   258.235    42.755   984.785     9.625   214.899
    10.000     2.757     2.232     8.422    10.295   -34.708     0.208   260.356   258.911    43.128   984.193     9.875   214.354
    10.250     2.656     2.254     8.438    10.382   -34.670     0.203   260.331   259.572    43.711   983.299    10.125   213.701
    10.500     2.607     2.289     8.468    10.453   -34.643     0.198   260.312   259.885    44.262   982.511    10.375   213.078
    10.750     2.559     2.324     8.502    10.508   -34.622     0.195   260.297   260.138    44.766   981.783    10.625   212.425
    11.000     2.612     2.359     8.531    10.550   -34.603     0.192   260.280   260.383    45.209   981.156    10.875   211.749
    11.250     2.611     2.381     8.556    10.582   -34.604     0.187   260.268   260.751    45.590   980.640    11.125   211.049
    11.500     2.554     2.398     8.580    10.608   -34.593     0.178   260.264   261.039    45.819   980.323    11.375   210.847
    11.750     2.526     2.417     8.602    10.628   -34.566     0.164   260.265   261.460    46.012   980.058    11.625   210.665
    12.000     2.594     2.432     8.617    10.643   -34.518     0.144   260.262   262.158    46.175   979.865    11.875   210.508
    12.250     2.656     2.459     8.626    10.655   -34.443     0.122   260.256   262.672    46.318   979.709    12.125   210.368
    12.500     2.860     2.434     8.624    10.660   -34.336     0.098   260.231   263.714    46.444   979.665    12.375   210.219
    12.750     2.610     2.443     8.631    10.670   -34.262     0.080   260.222   264.459    46.596   979.462    12.625   210.043
    13.000     2.646     2.444     8.635    10.676   -34.183     0.069   260.206   264.576    46.747   979.261    12.875   209.856
    13.250     2.543     2.442     8.637    10.682   -34.118     0.073   260.190   264.133    46.910   978.972    13.125   209.643
    13.500     2.384     2.455     8.642    10.689   -34.117     0.094   260.183   263.822    47.088   978.561    13.375   209.447
    13.750     2.448     2.478     8.646    10.690   -34.183     0.118   260.175   263.639    47.226   978.252    13.625   209.335
    14.000     2.336     2.469     8.651    10.689   -34.293     0.125   260.183   263.504    47.331   977.980    13.875   209.257
    14.250     2.477     2.475     8.653    10.685   -34.383     0.112   260.207   263.935    47.369   977.850    14.125   209.180
    14.500     2.554     2.465     8.653    10.683   -34.443     0.092   260.192   264.719    47.380   977.742    14.375   209.095
    14.750     2.579     2.463     8.655    10.683   -34.446     0.073   260.189   265.380    47.406   977.629    14.625   209.012
    15.000     2.639     2.463     8.655    10.685   -34.396     0.059   260.183   265.857    47.460   977.559    14.875   208.949
    15.250     2.633     2.469     8.655    10.685   -34.337     0.049   260.176   266.408    47.534   977.515    15.125   208.898
    15.500     2.647     2.475     8.651    10.683   -34.276     0.043   260.167   266.863    47.611   977.506    15.375   208.857
    15.750     2.797     2.496     8.637    10.676   -34.209     0.040   260.150   267.349    47.679   977.594    15.625   208.834
    16.000     2.687     2.465     8.624    10.670   -34.155     0.039   260.128   266.896    47.785   977.533    15.875   208.675
    16.250     2.360     2.489     8.620    10.669   -34.155     0.053   260.120   265.813    47.952   977.159    16.125   208.454
    16.500     2.309     2.487     8.615    10.665   -34.205     0.077   260.126   264.535    48.099   976.840    16.375   208.338
    16.750     2.403     2.486     8.610    10.656   -34.312     0.093   260.127   264.571    48.178   976.661    16.625   208.257
    17.000     2.318     2.474     8.608    10.647   -34.418     0.094   260.137   264.612    48.230   976.448    16.875   208.154
    17.250     2.465     2.491     8.603    10.638   -34.497     0.083   260.145   265.123    48.232   976.324    17.125   208.043
    17.500     2.504     2.476     8.599    10.631   -34.530     0.069   260.146   265.709    48.249   976.216    17.375   207.931
    17.750     2.605     2.476     8.593    10.625   -34.501     0.057   260.142   266.144    48.277   976.182    17.625   207.834
    18.000     2.604     2.475     8.586    10.621   -34.455     0.048   260.139   266.690    48.323   976.148    17.875   207.739
    18.250     2.618     2.476     8.579    10.617   -34.405     0.042   260.134   267.135    48.384   976.130    18.125   207.657
    18.500     2.706     2.497     8.566    10.610   -34.352     0.038   260.124   267.536    48.445   976.171    18.375   207.600
    18.750     2.815     2.459     8.545    10.600   -34.301     0.036   260.095   267.852    48.513   976.215    18.625   207.489
    19.000     2.411     2.482     8.540    10.596   -34.288     0.043   260.088   266.335    48.661   975.889    18.875   207.248
    19.250     2.355     2.487     8.533    10.591   -34.329     0.062   260.093   265.079    48.792   975.606    19.125   207.096
    19.500     2.359     2.474     8.527    10.583   -34.424     0.076   260.093   265.071    48.879   975.365    19.375   206.972
    19.750     2.364     2.493     8.524    10.572   -34.522     0.078   260.099   265.239    48.932   975.167    19.625   206.829
    20.000     2.494     2.486     8.517    10.561   -34.586     0.070   260.103   265.817    48.949   975.086    19.875   206.671
    20.250     2.508     2.472     8.511    10.552   -34.618     0.060   260.103   266.297    48.971   974.967    20.125   206.478
    20.500     2.574     2.474     8.502    10.545   -34.593     0.050   260.103   266.634    49.015   974.890    20.375   206.294
    20.750     2.603     2.471     8.493    10.539   -34.555     0.043   260.099   267.112    49.071   974.831    20.625   206.118
    21.000     2.616     2.472     8.482    10.532   -34.511     0.039   260.092   267.323    49.142   974.775    20.875   205.951
    21.250     2.655     2.474     8.468    10.526   -34.473     0.039   260.080   267.502    49.219   974.743    21.125   205.805
    21.500     2.514     2.716     8.485    10.469   -34.472     0.040   260.083   267.232    49.051   975.134    21.375   205.809
    21.750     2.425     2.737     8.479    10.402   -34.480     0.043   260.100   266.203    48.820   975.449    21.625   205.682
    22.000     2.486     2.677     8.458    10.347   -34.504     0.057   260.108   265.344    48.654   975.658    21.875   205.533
    22.250     2.459     2.646     8.437    10.302   -34.566     0.064   260.113   265.116    48.534   975.784    22.125   205.356
    22.500     2.505     2.612     8.419    10.265   -34.655     0.063   260.124   265.480    48.425   975.887    22.375   205.147
    22.750     2.493     2.602     8.405    10.236   -34.709     0.056   260.135   265.784    48.363   975.892    22.625   204.867
    23.000     2.701     2.578     8.384    10.209   -34.686     0.047   260.133   266.052    48.265   976.077    22.875   204.743
    23.250     2.646     2.583     8.367    10.191   -34.658     0.043   260.130   266.204    48.216   976.148    23.125   204.677
    23.500     2.756     2.562     8.348    10.173   -34.623     0.042   260.118   266.531    48.182   976.279    23.375   204.619
    23.750     2.655     2.542     8.334    10.160   -34.625     0.042   260.110   266.378    48.194   976.292    23.625   204.563
    24.000     2.542     2.542     8.324    10.149   -34.631     0.042   260.109   266.217    48.226   976.225    23.875   204.505
    24.250     2.530     2.569     8.314    10.138   -34.636     0.043   260.110   266.195    48.252   976.152    24.125   204.447
    24.500     2.554     2.565     8.302    10.127   -34.652     0.044   260.107   266.119    48.269   976.109    24.375   204.387
    24.750     2.577     2.570     8.290    10.117   -34.668     0.046   260.108   266.104    48.286   976.070    24.625   204.326
    25.000     2.556     2.580     8.279    10.108   -34.709     0.045   260.107   266.149    48.314   976.002    24.875   204.267
    25.250     2.572     2.525     8.267    10.099   -34.730     0.043   260.107   266.133    48.337   975.962    25.125   204.210
    25.500     2.580     2.535     8.258    10.091   -34.733     0.041   260.106   266.304    48.360   975.911    25.375   204.155
    25.750     2.603     2.545     8.247    10.082   -34.720     0.039   260.104   266.393    48.381   975.881    25.625   204.102
    26.000     2.572     2.513     8.236    10.075   -34.728     0.041   260.100   266.078    48.411   975.809    25.875   204.048
    26.250     2.571     2.562     8.226    10.068   -34.736     0.044   260.097   266.052    48.449   975.713    26.125   203.995
    26.500     2.535     2.539     8.217    10.060   -34.773     0.045   260.094   265.956    48.488   975.616    26.375   203.943
    26.750     2.555     2.543     8.208    10.051   -34.812     0.045   260.092   265.991    48.513   975.572    26.625   203.893
    27.000     2.582     2.531     8.199    10.041   -34.837     0.043   260.091   266.297    48.520   975.548    26.875   203.846
    27.250     2.582     2.530     8.189    10.032   -34.850     0.040   260.089   266.520    48.530   975.529    27.125   203.801
    27.500     2.629     2.560     8.178    10.023   -34.826     0.038   260.086   266.387    48.538   975.511    27.375   203.751
    27.750     2.576     2.530     8.167    10.016   -34.809     0.039   260.081   266.257    48.573   975.438    27.625   203.700
    28.000     2.539     2.554     8.158    10.009   -34.819     0.041   260.078   266.115    48.615   975.326    27.875   203.652
    28.250     2.543     2.477     8.148    10.001   -34.846     0.044   260.075   266.009    48.648   975.252    28.125   203.606
    28.500     2.547     2.527     8.139     9.993   -34.906     0.046   260.073   266.189    48.673   975.184    28.375   203.568
    28.750     2.562     2.530     8.130     9.983   -34.965     0.044   260.071   266.306    48.678   975.174    28.625   203.533
    29.000     2.571     2.533     8.121     9.973   -35.000     0.041   260.071   266.847    48.675   975.184    28.875   203.500
    29.250     2.626     2.534     8.109     9.963   -34.984     0.036   260.070   266.901    48.673   975.237    29.125   203.464
    29.500     2.655     2.476     8.094     9.954   -34.919     0.033   260.062   266.932    48.685   975.277    29.375   203.424
    29.750     2.499     2.479     8.084     9.951   -34.879     0.036   260.061   266.062    48.739   975.147    29.625   203.384
    30.000     2.499     2.549     8.073     9.946   -34.891     0.043   260.058   265.783    48.795   974.992    29.875   203.349
    30.250     2.513     2.518     8.060     9.938   -34.963     0.051   260.055   265.375    48.844   974.864    30.125   203.314
    30.500     2.470     2.533     8.053     9.931   -35.052     0.054   260.056   265.588    48.872   974.721    30.375   203.297
    30.750     2.553     2.537     8.046     9.917   -35.140     0.051   260.051   266.369    48.844   974.764    30.625   203.300
    31.000     2.653     2.543     8.036     9.902   -35.178     0.044   260.048   266.744    48.775   974.917    30.875   203.311
    31.250     2.697     2.529     8.024     9.890   -35.175     0.036   260.044   267.519    48.716   975.068    31.125   203.316
    31.500     2.693     2.529     8.011     9.880   -35.143     0.030   260.037   268.046    48.698   975.192    31.375   203.316
    31.750     2.633     2.525     7.997     9.871   -35.079     0.026   260.030   267.800    48.727   975.265    31.625   203.293
    32.000     2.611     2.520     7.980     9.862   -35.002     0.026   260.020   267.180    48.773   975.298    31.875   203.266
    32.250     2.432     2.491     7.962     9.858   -34.981     0.041   260.013   264.952    48.860   975.063    32.125   203.226
    32.500     2.138     2.489     7.955     9.859   -35.058     0.064   260.028   263.958    48.996   974.633    32.375   203.192
    32.750     2.394     2.540     7.945     9.846   -35.191     0.082   260.033   263.650    49.029   974.472    32.625   203.158
    33.000     2.441     2.531     7.940     9.832   -35.347     0.084   260.036   264.070    48.986   974.413    32.875   203.141
    33.250     2.474     2.542     7.938     9.817   -35.475     0.075   260.045   264.610    48.889   974.438    33.125   203.174
    33.500     2.548     2.525     7.936     9.805   -35.549     0.062   260.048   265.367    48.779   974.553    33.375   203.207
    33.750     2.639     2.535     7.931     9.792   -35.545     0.050   260.047   265.751    48.684   974.744    33.625   203.244
    34.000     2.685     2.531     7.922     9.781   -35.495     0.040   260.041   266.457    48.618   974.967    33.875   203.282
    34.250     2.704     2.535     7.909     9.770   -35.422     0.033   260.035   267.015    48.587   975.219    34.125   203.324
    34.500     2.678     2.536     7.894     9.758   -35.339     0.028   260.027   267.406    48.590   975.461    34.375   203.345
    34.750     2.835     2.559     7.866     9.740   -35.233     0.025   260.011   267.523    48.598   975.772    34.625   203.345
    35.000     2.597     2.523     7.841     9.731   -35.163     0.026   259.996   266.378    48.671   975.774    34.875   203.320
    35.250     2.449     2.525     7.818     9.726   -35.150     0.041   259.989   263.982    48.764   975.597    35.125   203.283
    35.500     2.048     2.476     7.809     9.732   -35.223     0.064   260.006   262.650    48.934   975.069    35.375   203.232
    35.750     2.185     2.518     7.803     9.728   -35.334     0.088   260.021   262.294    49.023   974.661    35.625   203.181
    36.000     2.470     2.537     7.795     9.712   -35.457     0.093   260.028   262.731    48.993   974.573    35.875   203.132
    36.250     2.562     2.512     7.793     9.697   -35.587     0.084   260.024   263.492    48.899   974.604    36.125   203.088
    36.500     2.547     2.509     7.796     9.687   -35.681     0.071   260.028   264.276    48.794   974.633    36.375   203.074
    36.750     2.583     2.518     7.799     9.680   -35.723     0.058   260.028   265.055    48.700   974.722    36.625   203.090
    37.000     2.698     2.506     7.796     9.673   -35.693     0.047   260.018   265.701    48.623   974.905    36.875   203.117
    37.250     2.690     2.512     7.790     9.666   -35.641     0.039   260.013   266.357    48.591   975.089    37.125   203.150
    37.500     2.689     2.512     7.781     9.658   -35.563     0.033   260.004   266.721    48.591   975.299    37.375   203.179
    37.750     2.668     2.517     7.766     9.649   -35.479     0.029   259.995   267.078    48.618   975.500    37.625   203.186
    38.000     2.913     2.536     7.736     9.630   -35.365     0.026   259.971   267.323    48.629   975.815    37.875   203.180
    38.250     2.475     2.509     7.715     9.627   -35.309     0.030   259.961   265.638    48.732   975.701    38.125   203.152
    38.500     2.303     2.508     7.698     9.628   -35.348     0.047   259.960   263.677    48.852   975.351    38.375   203.105
    38.750     2.032     2.467     7.693     9.633   -35.411     0.070   259.980   262.472    49.015   974.833    38.625   203.056
    39.000     2.283     2.513     7.688     9.625   -35.530     0.088   259.995   262.281    49.055   974.561    38.875   203.004
    39.250     2.538     2.509     7.683     9.609   -35.660     0.088   259.993   262.970    48.990   974.528    39.125   202.955
    39.500     2.469     2.496     7.686     9.599   -35.789     0.079   259.995   263.491    48.911   974.468    39.375   202.918
    39.750     2.573     2.497     7.688     9.589   -35.867     0.067   259.996   264.313    48.804   974.549    39.625   202.926
    40.000     2.588     2.508     7.691     9.583   -35.888     0.055   259.996   264.860    48.721   974.654    39.875   202.944
    40.250     2.682     2.501     7.687     9.575   -35.849     0.045   259.988   265.658    48.655   974.845    40.125   202.973
    40.500     2.681     2.508     7.681     9.568   -35.787     0.037   259.981   266.274    48.628   975.049    40.375   203.007
    40.750     2.666     2.508     7.670     9.560   -35.705     0.032   259.973   266.598    48.632   975.265    40.625   203.031
    41.000     2.698     2.547     7.652     9.549   -35.614     0.028   259.963   266.953    48.656   975.495    40.875   203.038
    41.250     2.832     2.544     7.624     9.534   -35.523     0.031   259.934   266.997    48.674   975.700    41.125   203.023
    41.500     2.476     2.501     7.599     9.529   -35.466     0.035   259.929   265.072    48.787   975.614    41.375   203.001
    41.750     2.178     2.408     7.586     9.534   -35.514     0.052   259.932   263.199    48.926   975.178    41.625   202.951
    42.000     2.066     2.438     7.582     9.536   -35.587     0.074   259.952   262.263    49.058   974.695    41.875   202.901
    42.250     2.356     2.491     7.577     9.527   -35.703     0.089   259.966   262.193    49.071   974.492    42.125   202.848
    42.500     2.545     2.492     7.573     9.512   -35.841     0.087   259.961   262.909    49.003   974.462    42.375   202.801
    42.750     2.438     2.493     7.579     9.504   -35.969     0.077   259.966   263.414    48.929   974.384    42.625   202.768
    43.000     2.553     2.488     7.583     9.495   -36.038     0.065   259.967   264.216    48.825   974.464    42.875   202.779
    43.250     2.582     2.500     7.586     9.489   -36.049     0.053   259.966   264.760    48.743   974.582    43.125   202.799
    43.500     2.668     2.494     7.583     9.481   -36.001     0.043   259.960   265.532    48.680   974.779    43.375   202.829
    43.750     2.674     2.501     7.576     9.474   -35.933     0.036   259.953   266.156    48.654   974.999    43.625   202.865
    44.000     2.661     2.501     7.564     9.465   -35.848     0.031   259.943   266.473    48.660   975.224    43.875   202.891
    44.250     2.738     2.526     7.543     9.453   -35.753     0.027   259.931   266.851    48.678   975.486    44.125   202.900
    44.500     2.763     2.390     7.513     9.441   -35.659     0.031   259.906   266.464    48.718   975.672    44.375   202.887
    44.750     2.490     2.476     7.490     9.435   -35.627     0.038   259.896   264.810    48.821   975.547    44.625   202.861
    45.000     2.122     2.419     7.478     9.442   -35.679     0.054   259.904   263.102    48.970   975.076    44.875   202.813
    45.250     2.117     2.425     7.474     9.443   -35.749     0.075   259.923   262.048    49.078   974.654    45.125   202.762
    45.500     2.347     2.507     7.470     9.434   -35.869     0.088   259.935   262.296    49.089   974.434    45.375   202.710
    45.750     2.510     2.486     7.468     9.420   -36.013     0.085   259.932   262.768    49.024   974.395    45.625   202.666
    46.000     2.447     2.496     7.474     9.411   -36.129     0.075   259.935   263.371    48.948   974.351    45.875   202.634
    46.250     2.542     2.479     7.479     9.403   -36.188     0.063   259.936   264.179    48.843   974.436    46.125   202.646
    46.500     2.601     2.490     7.480     9.396   -36.184     0.051   259.934   264.747    48.758   974.580    46.375   202.667
    46.750     2.656     2.486     7.478     9.389   -36.134     0.042   259.930   265.493    48.700   974.772    46.625   202.696
    47.000     2.674     2.493     7.470     9.382   -36.065     0.035   259.920   266.119    48.678   974.990    46.875   202.733
    47.250     2.642     2.492     7.457     9.374   -35.980     0.030   259.911   266.416    48.691   975.198    47.125   202.753
    47.500     2.756     2.516     7.435     9.362   -35.881     0.027   259.896   266.724    48.710   975.461    47.375   202.759
    47.750     2.683     2.434     7.409     9.352   -35.809     0.030   259.871   266.316    48.758   975.547    47.625   202.740
    48.000     2.491     2.454     7.383     9.346   -35.774     0.038   259.862   264.488    48.866   975.447    47.875   202.719
    48.250     2.031     2.428     7.375     9.354   -35.826     0.055   259.880   262.736    49.026   974.927    48.125   202.670
    48.500     2.136     2.471     7.373     9.354   -35.911     0.075   259.897   261.831    49.112   974.525    48.375   202.618
    48.750     2.412     2.492     7.368     9.342   -36.040     0.085   259.904   262.334    49.096   974.385    48.625   202.567
    49.000     2.461     2.481     7.369     9.331   -36.181     0.081   259.904   262.767    49.032   974.319    48.875   202.525
    49.250     2.472     2.482     7.375     9.321   -36.284     0.071   259.907   263.449    48.941   974.327    49.125   202.508
    49.500     2.523     2.469     7.380     9.315   -36.334     0.059   259.907   264.250    48.844   974.404    49.375   202.520
    49.750     2.629     2.480     7.380     9.307   -36.314     0.048   259.905   264.829    48.761   974.577    49.625   202.546
    50.000     2.647     2.478     7.377     9.301   -36.260     0.040   259.899   265.546    48.713   974.766    49.875   202.576
    50.250     2.673     2.483     7.367     9.294   -36.188     0.033   259.887   266.147    48.696   974.994    50.125   202.615
    50.500     2.628     2.484     7.354     9.286   -36.101     0.029   259.878   266.409    48.716   975.197    50.375   202.631
    50.750     2.794     2.506     7.328     9.271   -35.998     0.026   259.859   266.801    48.733   975.476    50.625   202.635
    51.000     2.518     2.465     7.306     9.267   -35.949     0.030   259.843   265.508    48.817   975.424    50.875   202.613
    51.250     2.446     2.423     7.280     9.262   -35.933     0.040   259.833   263.939    48.918   975.281    51.125   202.588
    51.500     2.024     2.429     7.275     9.268   -35.978     0.058   259.854   262.447    49.067   974.793    51.375   202.543
    51.750     2.180     2.458     7.272     9.265   -36.075     0.076   259.871   261.757    49.127   974.442    51.625   202.490
    52.000     2.449     2.478     7.268     9.252   -36.208     0.082   259.875   262.324    49.092   974.350    51.875   202.445
    52.250     2.434     2.468     7.272     9.242   -36.344     0.077   259.876   262.766    49.025   974.281    52.125   202.405
    52.500     2.479     2.471     7.278     9.233   -36.435     0.067   259.878   263.508    48.927   974.310    52.375   202.397
    52.750     2.506     2.461     7.283     9.228   -36.475     0.056   259.879   264.271    48.835   974.389    52.625   202.410
    53.000     2.645     2.469     7.282     9.220   -36.442     0.045   259.876   264.866    48.755   974.586    52.875   202.437
    53.250     2.642     2.472     7.278     9.214   -36.383     0.037   259.869   265.564    48.714   974.782    53.125   202.469
    53.500     2.657     2.470     7.268     9.207   -36.306     0.032   259.857   265.985    48.706   975.009    53.375   202.506
    53.750     2.625     2.473     7.252     9.199   -36.219     0.028   259.847   266.380    48.730   975.214    53.625   202.519
    54.000     2.857     2.495     7.222     9.182   -36.108     0.025   259.822   266.684    48.741   975.523    53.875   202.523
    54.250     2.439     2.470     7.201     9.179   -36.065     0.030   259.812   265.070    48.844   975.417    54.125   202.503
    54.500     2.259     2.388     7.182     9.180   -36.083     0.042   259.809   263.360    48.967   975.114    54.375   202.469
    54.750     2.060     2.425     7.177     9.183   -36.141     0.060   259.831   262.108    49.094   974.676    54.625   202.426
    55.000     2.218     2.485     7.175     9.179   -36.248     0.075   259.848   261.675    49.133   974.353    54.875   202.372
    55.250     2.477     2.462     7.172     9.165   -36.380     0.079   259.848   262.294    49.080   974.314    55.125   202.332
    55.500     2.419     2.454     7.178     9.156   -36.502     0.073   259.851   262.859    49.006   974.263    55.375   202.297
    55.750     2.508     2.459     7.183     9.148   -36.574     0.062   259.851   263.647    48.902   974.337    55.625   202.299
    56.000     2.558     2.468     7.186     9.141   -36.593     0.051   259.852   264.406    48.811   974.463    55.875   202.318
    56.250     2.637     2.460     7.185     9.135   -36.547     0.042   259.846   264.994    48.743   974.650    56.125   202.345
    56.500     2.652     2.465     7.178     9.129   -36.485     0.035   259.835   265.658    48.714   974.853    56.375   202.381
    56.750     2.625     2.464     7.167     9.122   -36.410     0.030   259.824   266.002    48.723   975.055    56.625   202.407
    57.000     2.641     2.503     7.149     9.113   -36.325     0.026   259.813   266.534    48.750   975.266    56.875   202.418
    57.250     2.780     2.495     7.121     9.099   -36.237     0.030   259.783   266.420    48.771   975.464    57.125   202.411
    57.500     2.421     2.430     7.096     9.095   -36.187     0.032   259.777   264.481    48.880   975.368    57.375   202.395
    57.750     2.071     2.425     7.086     9.101   -36.219     0.047   259.792   262.808    49.027   974.931    57.625   202.356
    58.000     2.089     2.438     7.084     9.102   -36.305     0.064   259.810   261.718    49.117   974.515    57.875   202.308
    58.250     2.337     2.472     7.079     9.093   -36.414     0.076   259.822   261.667    49.120   974.329    58.125   202.261
    58.500     2.455     2.452     7.079     9.081   -36.552     0.075   259.821   262.351    49.057   974.280    58.375   202.222
    58.750     2.410     2.464     7.087     9.072   -36.663     0.067   259.825   262.948    48.975   974.246    58.625   202.197
    59.000     2.512     2.449     7.092     9.064   -36.718     0.057   259.825   263.763    48.868   974.343    58.875   202.209
    59.250     2.577     2.457     7.095     9.058   -36.712     0.047   259.825   264.322    48.782   974.500    59.125   202.232
    59.500     2.626     2.454     7.092     9.052   -36.661     0.039   259.818   265.080    48.724   974.693    59.375   202.260
    59.750     2.652     2.460     7.083     9.046   -36.593     0.032   259.806   265.716    48.705   974.914    59.625   202.299
    60.000     2.608     2.459     7.071     9.039   -36.510     0.028   259.795   266.011    48.723   975.115    59.875   202.319
    60.250     2.733     2.481     7.047     9.026   -36.415     0.025   259.777   266.446    48.741   975.379    60.125   202.329
    60.500     2.574     2.414     7.022     9.019   -36.345     0.025   259.757   265.540    48.807   975.408    60.375   202.314
    60.750     2.377     2.401     6.999     9.016   -36.328     0.034   259.750   263.740    48.919   975.231    60.625   202.293
    61.000     2.017     2.406     6.993     9.022   -36.374     0.050   259.771   262.305    49.061   974.785    60.875   202.255
    61.250     2.147     2.432     6.990     9.020   -36.468     0.067   259.790   261.485    49.121   974.430    61.125   202.208
    61.500     2.414     2.454     6.986     9.008   -36.590     0.074   259.794   261.935    49.090   974.333    61.375   202.167
    61.750     2.407     2.446     6.991     8.998   -36.722     0.072   259.798   262.380    49.023   974.269    61.625   202.130
    62.000     2.452     2.450     6.998     8.990   -36.810     0.063   259.801   263.099    48.925   974.301    61.875   202.119
    62.250     2.499     2.460     7.004     8.984   -36.849     0.053   259.802   263.869    48.830   974.390    62.125   202.133
    62.500     2.631     2.446     7.003     8.977   -36.815     0.043   259.796   264.479    48.748   974.591    62.375   202.159
    62.750     2.633     2.447     6.998     8.972   -36.759     0.036   259.786   265.191    48.709   974.783    62.625   202.192
    63.000     2.627     2.446     6.988     8.966   -36.687     0.030   259.773   265.767    48.707   974.991    62.875   202.224
    63.250     2.602     2.449     6.973     8.958   -36.610     0.027   259.762   266.162    48.732   975.190    63.125   202.239
    63.500     2.795     2.471     6.945     8.943   -36.505     0.024   259.739   266.246    48.747   975.477    63.375   202.245
    63.750     2.391     2.450     6.924     8.941   -36.477     0.033   259.731   264.525    48.850   975.353    63.625   202.227
    64.000     2.156     2.406     6.910     8.944   -36.469     0.041   259.735   263.040    48.977   975.021    63.875   202.197
    64.250     2.083     2.411     6.904     8.945   -36.531     0.055   259.755   261.860    49.082   974.648    64.125   202.159
    64.500     2.271     2.426     6.898     8.939   -36.623     0.069   259.768   261.321    49.101   974.401    64.375   202.111
    64.750     2.476     2.439     6.894     8.926   -36.747     0.073   259.766   262.007    49.054   974.352    64.625   202.074
    65.000     2.363     2.434     6.903     8.919   -36.877     0.069   259.771   262.401    48.992   974.248    64.875   202.039
    65.250     2.441     2.441     6.912     8.912   -36.957     0.059   259.773   263.093    48.895   974.281    65.125   202.042
    65.500     2.473     2.433     6.919     8.906   -36.984     0.050   259.776   263.826    48.804   974.377    65.375   202.059
    65.750     2.606     2.443     6.919     8.899   -36.942     0.041   259.772   264.397    48.725   974.588    65.625   202.087
    66.000     2.618     2.444     6.914     8.893   -36.880     0.034   259.763   265.079    48.684   974.805    65.875   202.121
    66.250     2.627     2.442     6.902     8.886   -36.803     0.029   259.750   265.645    48.680   975.036    66.125   202.157
    66.500     2.603     2.444     6.885     8.878   -36.723     0.026   259.738   266.025    48.705   975.247    66.375   202.173
    66.750     2.865     2.457     6.851     8.862   -36.609     0.024   259.709   266.121    48.717   975.569    66.625   202.180
    67.000     2.315     2.444     6.832     8.862   -36.594     0.033   259.705   264.211    48.840   975.383    66.875   202.163
    67.250     2.110     2.398     6.819     8.865   -36.599     0.041   259.715   262.779    48.971   975.044    67.125   202.134
    67.500     2.093     2.401     6.813     8.866   -36.663     0.055   259.734   261.646    49.061   974.684    67.375   202.094
    67.750     2.282     2.414     6.808     8.861   -36.754     0.068   259.745   261.159    49.076   974.436    67.625   202.046
    68.000     2.483     2.428     6.805     8.848   -36.875     0.071   259.741   261.931    49.026   974.389    67.875   202.009
    68.250     2.355     2.424     6.815     8.842   -37.001     0.066   259.746   262.330    48.967   974.282    68.125   201.976
    68.500     2.434     2.434     6.825     8.835   -37.074     0.057   259.750   263.023    48.871   974.318    68.375   201.976
    68.750     2.470     2.447     6.833     8.830   -37.097     0.048   259.752   263.750    48.783   974.416    68.625   201.992
    69.000     2.603     2.436     6.832     8.823   -37.050     0.039   259.747   264.332    48.705   974.634    68.875   202.019
    69.250     2.617     2.438     6.826     8.817   -36.986     0.033   259.737   265.011    48.667   974.856    69.125   202.053
    69.500     2.612     2.435     6.814     8.810   -36.911     0.028   259.724   265.556    48.669   975.078    69.375   202.084
    69.750     2.625     2.472     6.795     8.802   -36.830     0.025   259.712   265.925    48.696   975.296    69.625   202.100
    70.000     2.782     2.332     6.762     8.788   -36.722     0.025   259.679   266.142    48.722   975.567    69.875   202.103
    70.250     2.312     2.381     6.744     8.788   -36.716     0.033   259.676   263.920    48.841   975.357    70.125   202.086
    70.500     2.049     2.375     6.734     8.793   -36.730     0.042   259.693   262.533    48.976   974.981    70.375   202.055
    70.750     2.162     2.437     6.728     8.792   -36.793     0.055   259.710   261.507    49.045   974.669    70.625   202.015
    71.000     2.292     2.404     6.722     8.786   -36.880     0.067   259.721   261.200    49.055   974.449    70.875   201.971
    71.250     2.479     2.419     6.721     8.774   -37.001     0.068   259.715   261.944    49.002   974.406    71.125   201.938
    71.500     2.339     2.419     6.733     8.768   -37.122     0.063   259.722   262.320    48.941   974.300    71.375   201.906
    71.750     2.431     2.426     6.743     8.761   -37.189     0.054   259.725   263.021    48.846   974.346    71.625   201.909
    72.000     2.472     2.437     6.750     8.756   -37.203     0.045   259.727   263.724    48.758   974.463    71.875   201.927
    72.250     2.593     2.430     6.749     8.749   -37.153     0.038   259.722   264.307    48.684   974.680    72.125   201.954
    72.500     2.614     2.432     6.742     8.743   -37.088     0.032   259.710   264.971    48.649   974.907    72.375   201.988
    72.750     2.598     2.429     6.729     8.737   -37.014     0.027   259.698   265.486    48.656   975.124    72.625   202.016
    73.000     2.665     2.462     6.708     8.727   -36.929     0.025   259.684   265.863    48.680   975.367    72.875   202.033
    73.250     2.710     2.456     6.679     8.716   -36.849     0.030   259.652   265.637    48.717   975.526    73.125   202.027
    73.500     2.257     2.386     6.658     8.717   -36.829     0.034   259.652   263.496    48.849   975.313    73.375   202.012
    73.750     2.006     2.373     6.651     8.723   -36.861     0.043   259.672   262.142    48.986   974.910    73.625   201.981
    74.000     2.185     2.396     6.644     8.720   -36.927     0.057   259.687   261.266    49.042   974.633    73.875   201.943
    74.250     2.331     2.431     6.641     8.712   -37.020     0.066   259.697   261.156    49.032   974.453    74.125   201.903
    74.500     2.423     2.409     6.643     8.702   -37.147     0.066   259.695   261.835    48.973   974.395    74.375   201.869
    74.750     2.333     2.408     6.656     8.696   -37.254     0.060   259.702   262.313    48.903   974.316    74.625   201.842
    75.000     2.473     2.417     6.664     8.689   -37.304     0.052   259.704   263.067    48.800   974.416    74.875   201.853
    75.250     2.516     2.426     6.668     8.683   -37.299     0.043   259.704   263.595    48.716   974.568    75.125   201.873
    75.500     2.596     2.421     6.666     8.677   -37.245     0.036   259.694   264.364    48.655   974.778    75.375   201.900
    75.750     2.618     2.422     6.657     8.671   -37.176     0.030   259.681   265.008    48.632   975.004    75.625   201.935
    76.000     2.573     2.422     6.643     8.666   -37.102     0.027   259.669   265.454    48.653   975.198    75.875   201.953
    76.250     2.697     2.443     6.619     8.655   -37.010     0.024   259.650   265.716    48.677   975.450    76.125   201.966
    76.500     2.532     2.381     6.593     8.650   -36.952     0.027   259.630   264.728    48.749   975.467    76.375   201.956
    76.750     2.182     2.341     6.577     8.652   -36.944     0.033   259.632   263.042    48.880   975.192    76.625   201.937
    77.000     2.030     2.380     6.571     8.656   -36.993     0.045   259.655   261.726    48.999   974.811    76.875   201.906
    77.250     2.228     2.394     6.565     8.651   -37.066     0.058   259.668   261.025    49.030   974.557    77.125   201.866
    77.500     2.395     2.417     6.563     8.640   -37.158     0.064   259.673   261.356    48.998   974.463    77.375   201.831
    77.750     2.364     2.403     6.570     8.632   -37.285     0.062   259.675   261.906    48.936   974.382    77.625   201.798
    78.000     2.390     2.417     6.581     8.625   -37.369     0.055   259.681   262.507    48.849   974.390    77.875   201.783
    78.250     2.447     2.406     6.589     8.620   -37.402     0.047   259.682   263.256    48.755   974.484    78.125   201.793
    78.500     2.594     2.416     6.589     8.613   -37.368     0.039   259.676   263.857    48.673   974.692    78.375   201.815
    78.750     2.608     2.414     6.583     8.608   -37.312     0.033   259.664   264.574    48.634   974.896    78.625   201.845
    79.000     2.587     2.411     6.572     8.603   -37.244     0.028   259.650   265.132    48.636   975.093    78.875   201.871
    79.250     2.575     2.413     6.556     8.597   -37.171     0.025   259.637   265.527    48.665   975.283    79.125   201.885
    79.500     2.783     2.428     6.526     8.584   -37.067     0.023   259.611   265.663    48.686   975.560    79.375   201.891
    79.750     2.285     2.344     6.507     8.584   -37.043     0.026   259.602   263.903    48.799   975.370    79.625   201.876
    80.000     2.014     2.373     6.499     8.590   -37.080     0.035   259.622   262.271    48.944   974.990    79.875   201.853
    80.250     2.133     2.385     6.493     8.588   -37.124     0.048   259.640   261.268    49.010   974.683    80.125   201.820
    80.500     2.263     2.395     6.490     8.581   -37.186     0.057   259.655   261.076    49.009   974.498    80.375   201.780
    80.750     2.441     2.402     6.491     8.569   -37.296     0.057   259.651   261.920    48.943   974.468    80.625   201.749
    81.000     2.403     2.408     6.499     8.561   -37.399     0.052   259.655   262.463    48.863   974.468    80.875   201.726
    81.250     2.453     2.401     6.506     8.555   -37.451     0.045   259.655   263.198    48.771   974.545    81.125   201.724
    81.500     2.596     2.407     6.506     8.548   -37.439     0.038   259.647   263.815    48.685   974.733    81.375   201.744
    81.750     2.609     2.402     6.501     8.544   -37.401     0.032   259.633   264.562    48.641   974.918    81.625   201.772
    82.000     2.547     2.399     6.493     8.541   -37.348     0.028   259.621   265.101    48.647   975.064    81.875   201.785
    82.250     2.559     2.402     6.479     8.536   -37.283     0.025   259.609   265.505    48.675   975.226    82.125   201.797
    82.500     2.669     2.424     6.456     8.526   -37.193     0.023   259.590   265.568    48.706   975.437    82.375   201.800
    82.750     2.326     2.356     6.437     8.526   -37.151     0.025   259.578   264.054    48.803   975.272    82.625   201.785
    83.000     2.045     2.370     6.429     8.530   -37.174     0.033   259.596   262.499    48.940   974.948    82.875   201.766
    83.250     2.167     2.357     6.420     8.527   -37.226     0.046   259.609   261.322    49.001   974.684    83.125   201.737
    83.500     2.259     2.417     6.418     8.520   -37.289     0.057   259.623   260.937    49.005   974.465    83.375   201.700
    83.750     2.403     2.396     6.418     8.509   -37.401     0.058   259.622   261.756    48.952   974.427    83.625   201.673
    84.000     2.341     2.397     6.428     8.501   -37.512     0.053   259.628   262.214    48.879   974.382    83.875   201.652
    84.250     2.425     2.401     6.437     8.494   -37.569     0.046   259.632   262.917    48.778   974.472    84.125   201.658
    84.500     2.494     2.411     6.441     8.487   -37.568     0.039   259.632   263.440    48.688   974.631    84.375   201.678
    84.750     2.587     2.404     6.438     8.481   -37.528     0.033   259.621   264.212    48.621   974.847    84.625   201.707
    85.000     2.592     2.396     6.428     8.476   -37.470     0.028   259.607   264.841    48.602   975.055    84.875   201.739
    85.250     2.556     2.398     6.413     8.471   -37.403     0.025   259.594   265.271    48.625   975.232    85.125   201.755
    85.500     2.662     2.422     6.389     8.462   -37.318     0.022   259.576   265.482    48.655   975.462    85.375   201.766
    85.750     2.487     2.374     6.365     8.457   -37.258     0.023   259.556   264.435    48.731   975.445    85.625   201.758
    86.000     2.049     2.372     6.354     8.463   -37.262     0.029   259.571   262.711    48.876   975.111    85.875   201.741
    86.250     2.104     2.351     6.346     8.462   -37.313     0.041   259.587   261.382    48.962   974.816    86.125   201.716
    86.500     2.192     2.384     6.343     8.457   -37.369     0.052   259.603   260.804    48.984   974.562    86.375   201.681
    86.750     2.394     2.400     6.342     8.445   -37.457     0.056   259.606   261.403    48.934   974.521    86.625   201.654
    87.000     2.395     2.403     6.348     8.435   -37.568     0.052   259.608   262.107    48.855   974.526    86.875   201.629
    87.250     2.419     2.394     6.356     8.429   -37.634     0.046   259.610   262.820    48.764   974.595    87.125   201.616
    87.500     2.577     2.397     6.357     8.422   -37.637     0.039   259.603   263.425    48.668   974.778    87.375   201.634
    87.750     2.591     2.383     6.353     8.417   -37.605     0.033   259.589   264.211    48.615   974.951    87.625   201.656
    88.000     2.539     2.384     6.346     8.415   -37.557     0.028   259.577   264.773    48.616   975.085    87.875   201.670
    88.250     2.550     2.387     6.332     8.411   -37.496     0.025   259.564   265.203    48.644   975.232    88.125   201.682
    88.500     2.577     2.413     6.313     8.405   -37.418     0.023   259.551   265.244    48.685   975.385    88.375   201.684
    88.750     2.389     2.344     6.295     8.402   -37.371     0.023   259.534   264.169    48.766   975.286    88.625   201.674
    89.000     2.087     2.353     6.286     8.404   -37.371     0.029   259.550   262.710    48.885   975.040    88.875   201.659
    89.250     2.149     2.343     6.278     8.402   -37.411     0.040   259.565   261.388    48.948   974.777    89.125   201.632
    89.500     2.237     2.405     6.274     8.397   -37.466     0.052   259.577   260.803    48.965   974.540    89.375   201.599
    89.750     2.389     2.386     6.273     8.386   -37.570     0.055   259.576   261.565    48.923   974.496    89.625   201.576
    90.000     2.324     2.389     6.282     8.378   -37.688     0.052   259.583   261.961    48.856   974.446    89.875   201.556
    90.250     2.389     2.393     6.292     8.370   -37.753     0.045   259.588   262.624    48.757   974.519    90.125   201.556
    90.500     2.467     2.402     6.297     8.363   -37.761     0.038   259.589   263.128    48.663   974.671    90.375   201.575
    90.750     2.577     2.393     6.294     8.357   -37.724     0.032   259.578   263.924    48.589   974.890    90.625   201.603
    91.000     2.577     2.384     6.284     8.352   -37.670     0.028   259.564   264.574    48.566   975.093    90.875   201.633
    91.250     2.542     2.385     6.270     8.348   -37.605     0.024   259.551   265.010    48.586   975.266    91.125   201.649
    91.500     2.612     2.410     6.248     8.340   -37.526     0.022   259.536   265.228    48.621   975.468    91.375   201.660
    91.750     2.507     2.348     6.223     8.335   -37.467     0.022   259.513   264.404    48.688   975.479    91.625   201.655
    92.000     2.061     2.359     6.213     8.339   -37.462     0.027   259.530   262.750    48.827   975.186    91.875   201.642
    92.250     2.110     2.338     6.204     8.338   -37.504     0.038   259.543   261.390    48.907   974.916    92.125   201.619
    92.500     2.200     2.364     6.200     8.334   -37.561     0.049   259.557   260.713    48.930   974.669    92.375   201.587
    92.750     2.351     2.384     6.199     8.324   -37.640     0.053   259.562   261.044    48.898   974.582    92.625   201.559
    93.000     2.356     2.385     6.206     8.315   -37.754     0.051   259.564   261.731    48.830   974.548    92.875   201.537
    93.250     2.372     2.381     6.216     8.308   -37.826     0.045   259.569   262.370    48.741   974.594    93.125   201.523
    93.500     2.467     2.396     6.222     8.301   -37.843     0.039   259.570   262.862    48.645   974.737    93.375   201.537
    93.750     2.581     2.385     6.220     8.295   -37.809     0.033   259.558   263.685    48.568   974.950    93.625   201.561
    94.000     2.557     2.376     6.212     8.291   -37.761     0.028   259.544   264.336    48.546   975.128    93.875   201.583
    94.250     2.538     2.377     6.199     8.288   -37.700     0.025   259.532   264.804    48.565   975.288    94.125   201.597
    94.500     2.571     2.403     6.180     8.282   -37.629     0.023   259.517   265.028    48.606   975.455    94.375   201.605
    94.750     2.537     2.341     6.155     8.276   -37.570     0.022   259.493   264.403    48.667   975.485    94.625   201.601
    95.000     2.072     2.350     6.147     8.281   -37.559     0.026   259.508   262.846    48.800   975.216    94.875   201.589
    95.250     2.113     2.329     6.139     8.280   -37.595     0.035   259.524   261.463    48.877   974.953    95.125   201.567
    95.500     2.192     2.358     6.135     8.276   -37.637     0.045   259.537   260.852    48.904   974.708    95.375   201.536
    95.750     2.352     2.384     6.133     8.266   -37.704     0.048   259.542   261.158    48.873   974.634    95.625   201.512
    96.000     2.369     2.376     6.139     8.256   -37.809     0.046   259.542   261.984    48.805   974.628    95.875   201.491
    96.250     2.398     2.375     6.147     8.249   -37.877     0.041   259.545   262.630    48.715   974.706    96.125   201.477
    96.500     2.520     2.384     6.149     8.242   -37.884     0.035   259.541   263.175    48.623   974.871    96.375   201.484
    96.750     2.544     2.368     6.145     8.238   -37.859     0.030   259.529   263.931    48.573   975.026    96.625   201.495
    97.000     2.539     2.367     6.136     8.236   -37.817     0.026   259.516   264.516    48.570   975.166    96.875   201.508
    97.250     2.562     2.368     6.121     8.232   -37.761     0.024   259.500   264.973    48.599   975.316    97.125   201.519
    97.500     2.517     2.368     6.103     8.228   -37.697     0.022   259.485   264.794    48.654   975.394    97.375   201.518
    97.750     2.276     2.358     6.090     8.227   -37.662     0.022   259.481   264.014    48.747   975.250    97.625   201.510
    98.000     2.112     2.395     6.085     8.227   -37.644     0.025   259.497   262.669    48.838   975.032    97.875   201.496
    98.250     2.219     2.384     6.078     8.221   -37.667     0.033   259.511   261.559    48.871   974.883    98.125   201.475
    98.500     2.251     2.383     6.071     8.216   -37.727     0.040   259.518   261.409    48.872   974.706    98.375   201.448
    98.750     2.363     2.371     6.069     8.207   -37.808     0.041   259.519   261.660    48.841   974.645    98.625   201.430
    99.000     2.361     2.383     6.075     8.199   -37.903     0.038   259.521   262.323    48.782   974.642    98.875   201.417
    99.250     2.392     2.369     6.082     8.191   -37.948     0.034   259.523   262.739    48.699   974.734    99.125   201.411
    99.500     2.520     2.374     6.082     8.183   -37.942     0.030   259.518   263.495    48.614   974.917    99.375   201.419
    99.750     2.532     2.366     6.076     8.179   -37.913     0.026   259.506   264.188    48.571   975.080    99.625   201.431
   100.000     2.555     2.364     6.063     8.175   -37.867     0.024   259.491   264.734    48.573   975.240    99.875   201.446
   100.250     2.526     2.379     6.046     8.172   -37.814     0.021   259.475   264.955    48.615   975.358   100.125   201.452
   100.500     2.466     2.340     6.026     8.168   -37.768     0.021   259.459   264.288    48.683   975.335   100.375   201.448
   100.750     2.126     2.318     6.019     8.170   -37.756     0.023   259.471   263.047    48.794   975.127   100.625   201.440
   101.000     2.141     2.331     6.014     8.166   -37.760     0.029   259.486   261.822    48.849   974.941   100.875   201.423
   101.250     2.226     2.342     6.008     8.160   -37.794     0.038   259.494   261.111    48.855   974.745   101.125   201.396
   101.500     2.357     2.365     6.004     8.151   -37.860     0.043   259.497   261.239    48.829   974.682   101.375   201.377
   101.750     2.312     2.371     6.010     8.144   -37.971     0.042   259.501   261.841    48.780   974.631   101.625   201.363
   102.000     2.387     2.367     6.016     8.135   -38.044     0.038   259.503   262.494    48.697   974.710   101.875   201.358
   102.250     2.490     2.378     6.018     8.128   -38.056     0.033   259.501   263.020    48.604   974.875   102.125   201.376
   102.500     2.541     2.361     6.014     8.123   -38.036     0.029   259.488   263.796    48.542   975.055   102.375   201.395
   102.750     2.519     2.358     6.005     8.120   -37.997     0.025   259.476   264.372    48.535   975.198   102.625   201.410
   103.000     2.546     2.359     5.990     8.117   -37.942     0.022   259.460   264.816    48.557   975.357   102.875   201.424
   103.250     2.474     2.360     5.972     8.113   -37.884     0.021   259.449   264.555    48.616   975.419   103.125   201.425
   103.500     2.311     2.346     5.957     8.111   -37.842     0.021   259.442   263.962    48.699   975.322   103.375   201.420
   103.750     2.103     2.383     5.952     8.111   -37.835     0.024   259.458   262.524    48.789   975.108   103.625   201.408
   104.000     2.217     2.357     5.943     8.105   -37.856     0.030   259.469   261.793    48.819   974.982   103.875   201.391
   104.250     2.208     2.337     5.938     8.101   -37.898     0.035   259.479   261.323    48.828   974.780   104.125   201.366
   104.500     2.389     2.366     5.935     8.090   -37.961     0.036   259.480   261.691    48.788   974.768   104.375   201.353
   104.750     2.370     2.361     5.940     8.082   -38.044     0.035   259.480   262.275    48.723   974.803   104.625   201.339
   105.000     2.446     2.365     5.943     8.074   -38.086     0.031   259.479   262.771    48.641   974.921   104.875   201.333
   105.250     2.508     2.359     5.941     8.068   -38.091     0.028   259.469   263.430    48.576   975.055   105.125   201.334
   105.500     2.535     2.353     5.933     8.063   -38.064     0.025   259.455   264.076    48.550   975.203   105.375   201.341
   105.750     2.468     2.342     5.923     8.061   -38.034     0.023   259.443   264.378    48.573   975.278   105.625   201.347
   106.000     2.397     2.343     5.912     8.059   -37.989     0.021   259.437   264.209    48.621   975.322   105.875   201.346
   106.250     2.315     2.349     5.901     8.058   -37.947     0.021   259.437   263.684    48.679   975.255   106.125   201.337
   106.500     2.285     2.306     5.889     8.053   -37.928     0.022   259.437   263.090    48.737   975.166   106.375   201.328
   106.750     2.240     2.345     5.882     8.050   -37.946     0.026   259.444   262.333    48.777   975.016   106.625   201.313
   107.000     2.188     2.347     5.879     8.047   -37.952     0.030   259.455   261.733    48.800   974.806   106.875   201.292
   107.250     2.369     2.362     5.876     8.037   -38.007     0.031   259.457   261.974    48.771   974.803   107.125   201.278
   107.500     2.366     2.359     5.878     8.028   -38.082     0.031   259.456   262.244    48.715   974.820   107.375   201.267
   107.750     2.367     2.378     5.882     8.022   -38.138     0.029   259.458   262.681    48.657   974.858   107.625   201.263
   108.000     2.552     2.359     5.877     8.012   -38.148     0.026   259.446   263.459    48.584   975.057   107.875   201.267
   108.250     2.488     2.330     5.870     8.008   -38.137     0.024   259.434   263.999    48.556   975.177   108.125   201.271
   108.500     2.464     2.345     5.860     8.005   -38.112     0.022   259.424   264.359    48.570   975.270   108.375   201.278
   108.750     2.327     2.325     5.851     8.005   -38.083     0.021   259.421   263.903    48.616   975.242   108.625   201.272
   109.000     2.353     2.352     5.839     8.001   -38.030     0.020   259.421   263.672    48.669   975.228   108.875   201.266
   109.250     2.296     2.331     5.828     7.998   -38.028     0.022   259.419   262.884    48.716   975.131   109.125   201.255
   109.500     2.260     2.324     5.820     7.994   -38.016     0.024   259.424   262.455    48.755   974.991   109.375   201.243
   109.750     2.184     2.349     5.820     7.990   -38.035     0.027   259.437   262.031    48.777   974.830   109.625   201.226
   110.000     2.382     2.353     5.816     7.981   -38.094     0.028   259.436   262.127    48.736   974.845   109.875   201.216
   110.250     2.370     2.350     5.817     7.973   -38.157     0.027   259.435   262.472    48.685   974.868   110.125   201.208
   110.500     2.411     2.355     5.817     7.965   -38.202     0.026   259.433   262.897    48.631   974.940   110.375   201.209
   110.750     2.448     2.361     5.814     7.959   -38.218     0.024   259.427   263.411    48.586   975.050   110.625   201.215
   111.000     2.497     2.343     5.805     7.952   -38.205     0.022   259.415   263.940    48.557   975.208   110.875   201.221
   111.250     2.418     2.327     5.795     7.950   -38.190     0.021   259.406   264.093    48.568   975.262   111.125   201.224
   111.500     2.371     2.338     5.785     7.946   -38.149     0.020   259.404   263.872    48.607   975.294   111.375   201.222
   111.750     2.333     2.316     5.772     7.944   -38.111     0.020   259.400   263.477    48.646   975.268   111.625   201.214
   112.000     2.288     2.336     5.761     7.941   -38.096     0.021   259.402   262.757    48.698   975.161   111.875   201.204
   112.250     2.235     2.334     5.754     7.937   -38.115     0.025   259.407   262.073    48.738   975.010   112.125   201.191
   112.500     2.181     2.355     5.754     7.935   -38.133     0.028   259.419   261.605    48.761   974.818   112.375   201.174
   112.750     2.361     2.346     5.752     7.925   -38.190     0.029   259.419   261.928    48.722   974.832   112.625   201.165
   113.000     2.366     2.345     5.755     7.917   -38.255     0.028   259.419   262.338    48.663   974.874   112.875   201.159
   113.250     2.477     2.358     5.754     7.908   -38.289     0.026   259.413   262.991    48.589   975.029   113.125   201.162
   113.500     2.428     2.336     5.751     7.904   -38.304     0.024   259.406   263.458    48.549   975.105   113.375   201.166
   113.750     2.472     2.336     5.742     7.899   -38.292     0.022   259.396   263.900    48.538   975.227   113.625   201.176
   114.000     2.399     2.333     5.732     7.898   -38.276     0.021   259.388   263.974    48.561   975.261   113.875   201.181
   114.250     2.368     2.334     5.722     7.894   -38.235     0.020   259.384   263.772    48.599   975.303   114.125   201.180
   114.500     2.304     2.326     5.711     7.892   -38.198     0.019   259.384   263.236    48.640   975.252   114.375   201.171
   114.750     2.294     2.333     5.699     7.887   -38.184     0.021   259.384   262.595    48.686   975.169   114.625   201.163
   115.000     2.237     2.305     5.692     7.883   -38.205     0.025   259.389   261.963    48.718   975.031   114.875   201.151
   115.250     2.189     2.347     5.692     7.880   -38.222     0.028   259.402   261.597    48.735   974.860   115.125   201.136
   115.500     2.371     2.349     5.690     7.871   -38.274     0.028   259.401   261.902    48.693   974.890   115.375   201.127
   115.750     2.356     2.347     5.693     7.863   -38.334     0.027   259.400   262.303    48.638   974.933   115.625   201.122
   116.000     2.471     2.343     5.691     7.854   -38.367     0.025   259.393   262.886    48.568   975.079   115.875   201.122
   116.250     2.405     2.347     5.688     7.850   -38.380     0.024   259.388   263.309    48.537   975.142   116.125   201.126
   116.500     2.461     2.321     5.679     7.846   -38.368     0.022   259.378   263.681    48.526   975.260   116.375   201.133
   116.750     2.377     2.317     5.670     7.844   -38.353     0.021   259.372   263.812    48.551   975.280   116.625   201.137
   117.000     2.368     2.329     5.659     7.840   -38.311     0.020   259.368   263.533    48.582   975.328   116.875   201.135
   117.250     2.296     2.331     5.649     7.838   -38.273     0.020   259.368   263.013    48.624   975.260   117.125   201.126
   117.500     2.280     2.328     5.639     7.834   -38.269     0.022   259.369   262.360    48.669   975.171   117.375   201.117
   117.750     2.201     2.305     5.634     7.832   -38.290     0.025   259.374   261.778    48.703   974.995   117.625   201.103
   118.000     2.252     2.320     5.632     7.827   -38.306     0.027   259.384   261.639    48.705   974.907   117.875   201.094
   118.250     2.379     2.340     5.631     7.818   -38.362     0.027   259.381   261.975    48.658   974.941   118.125   201.087
   118.500     2.344     2.340     5.635     7.811   -38.417     0.026   259.382   262.351    48.605   974.987   118.375   201.083
   118.750     2.465     2.323     5.632     7.802   -38.445     0.024   259.374   262.898    48.539   975.124   118.625   201.084
   119.000     2.412     2.342     5.628     7.798   -38.451     0.023   259.370   263.285    48.515   975.200   118.875   201.090
   119.250     2.437     2.327     5.618     7.794   -38.442     0.021   259.358   263.603    48.511   975.295   119.125   201.097
   119.500     2.339     2.316     5.610     7.793   -38.424     0.020   259.355   263.539    48.543   975.295   119.375   201.099
   119.750     2.373     2.315     5.599     7.789   -38.378     0.019   259.351   263.290    48.570   975.349   119.625   201.095
   120.000     2.292     2.325     5.588     7.787   -38.348     0.020   259.351   262.767    48.614   975.269   119.875   201.086
   120.250     2.268     2.325     5.579     7.783   -38.349     0.022   259.353   262.082    48.656   975.170   120.125   201.077
   120.500     2.143     2.313     5.578     7.783   -38.370     0.025   259.364   261.498    48.693   974.951   120.375   201.062
   120.750     2.322     2.334     5.575     7.775   -38.399     0.027   259.367   261.628    48.675   974.934   120.625   201.052
   121.000     2.372     2.332     5.576     7.766   -38.455     0.027   259.364   261.997    48.625   974.977   120.875   201.046
   121.250     2.392     2.351     5.577     7.758   -38.499     0.025   259.364   262.449    48.566   975.073   121.125   201.045
   121.500     2.418     2.326     5.575     7.753   -38.523     0.024   259.356   262.901    48.515   975.161   121.375   201.046
   121.750     2.427     2.325     5.569     7.748   -38.522     0.022   259.349   263.312    48.496   975.262   121.625   201.053
   122.000     2.385     2.319     5.560     7.746   -38.514     0.021   259.342   263.427    48.506   975.302   121.875   201.058
   122.250     2.372     2.322     5.550     7.742   -38.483     0.020   259.338   263.415    48.532   975.356   122.125   201.061
   122.500     2.307     2.308     5.541     7.741   -38.449     0.019   259.335   262.972    48.567   975.334   122.375   201.054
   122.750     2.285     2.313     5.530     7.738   -38.427     0.020   259.336   262.455    48.612   975.254   122.625   201.046
   123.000     2.252     2.312     5.522     7.734   -38.434     0.023   259.339   261.777    48.647   975.143   122.875   201.036
   123.250     2.166     2.331     5.522     7.733   -38.451     0.025   259.351   261.451    48.675   974.960   123.125   201.022
   123.500     2.371     2.333     5.519     7.724   -38.490     0.026   259.349   261.743    48.639   974.994   123.375   201.017
   123.750     2.336     2.333     5.522     7.717   -38.543     0.025   259.348   262.090    48.592   975.027   123.625   201.011
   124.000     2.445     2.332     5.520     7.708   -38.575     0.024   259.342   262.597    48.527   975.163   123.875   201.011
   124.250     2.374     2.321     5.518     7.704   -38.589     0.023   259.338   262.948    48.497   975.219   124.125   201.013
   124.500     2.435     2.319     5.509     7.699   -38.582     0.021   259.329   263.262    48.483   975.331   124.375   201.019
   124.750     2.337     2.306     5.502     7.698   -38.572     0.020   259.325   263.263    48.507   975.330   124.625   201.021
   125.000     2.351     2.316     5.492     7.694   -38.531     0.019   259.322   263.046    48.534   975.373   124.875   201.017
   125.250     2.277     2.317     5.482     7.694   -38.500     0.020   259.322   262.542    48.573   975.295   125.125   201.008
   125.500     2.275     2.313     5.473     7.690   -38.499     0.022   259.323   261.928    48.613   975.209   125.375   201.000
   125.750     2.156     2.302     5.471     7.690   -38.515     0.025   259.333   261.254    48.651   975.011   125.625   200.987
   126.000     2.312     2.324     5.468     7.683   -38.542     0.026   259.336   261.418    48.638   974.988   125.875   200.980
   126.250     2.351     2.323     5.469     7.675   -38.597     0.026   259.334   261.741    48.594   975.017   126.125   200.974
   126.500     2.346     2.344     5.473     7.669   -38.644     0.025   259.336   262.121    48.542   975.079   126.375   200.975
   126.750     2.434     2.317     5.470     7.662   -38.666     0.024   259.326   262.616    48.484   975.194   126.625   200.977
   127.000     2.411     2.322     5.465     7.658   -38.666     0.022   259.320   263.058    48.466   975.282   126.875   200.986
   127.250     2.399     2.301     5.456     7.656   -38.657     0.021   259.310   263.232    48.471   975.347   127.125   200.991
   127.500     2.330     2.322     5.448     7.654   -38.634     0.020   259.309   263.146    48.504   975.363   127.375   200.995
   127.750     2.332     2.302     5.437     7.651   -38.594     0.019   259.305   262.842    48.531   975.390   127.625   200.990
   128.000     2.278     2.307     5.427     7.648   -38.568     0.020   259.306   262.373    48.572   975.313   127.875   200.982
   128.250     2.244     2.311     5.419     7.645   -38.573     0.022   259.309   261.657    48.609   975.214   128.125   200.974
   128.500     2.150     2.323     5.418     7.644   -38.589     0.025   259.320   261.108    48.638   975.019   128.375   200.960
   128.750     2.332     2.322     5.416     7.636   -38.626     0.026   259.320   261.347    48.613   975.024   128.625   200.954
   129.000     2.340     2.317     5.418     7.629   -38.679     0.026   259.319   261.697    48.563   975.063   128.875   200.949
   129.250     2.402     2.329     5.420     7.621   -38.715     0.025   259.317   262.212    48.502   975.181   129.125   200.950
   129.500     2.380     2.313     5.418     7.617   -38.736     0.023   259.311   262.557    48.462   975.240   129.375   200.951
   129.750     2.421     2.316     5.411     7.613   -38.730     0.022   259.303   262.975    48.447   975.342   129.625   200.959
   130.000     2.368     2.307     5.403     7.611   -38.721     0.021   259.296   263.038    48.460   975.378   129.875   200.964
   130.250     2.330     2.310     5.395     7.608   -38.690     0.020   259.294   262.944    48.491   975.412   130.125   200.964
   130.500     2.294     2.296     5.385     7.607   -38.658     0.020   259.291   262.565    48.521   975.387   130.375   200.957
   130.750     2.270     2.300     5.376     7.604   -38.639     0.021   259.293   262.040    48.562   975.309   130.625   200.950
   131.000     2.232     2.298     5.369     7.601   -38.649     0.023   259.297   261.387    48.594   975.197   130.875   200.941
   131.250     2.192     2.327     5.368     7.599   -38.665     0.025   259.307   261.125    48.612   975.053   131.125   200.931
   131.500     2.344     2.318     5.366     7.591   -38.709     0.026   259.305   261.369    48.579   975.077   131.375   200.925
   131.750     2.308     2.319     5.371     7.585   -38.760     0.026   259.305   261.692    48.533   975.100   131.625   200.921
   132.000     2.432     2.312     5.370     7.577   -38.787     0.024   259.299   262.248    48.469   975.242   131.875   200.922
   132.250     2.359     2.308     5.368     7.574   -38.800     0.023   259.295   262.554    48.442   975.288   132.125   200.925
   132.500     2.430     2.307     5.360     7.570   -38.790     0.022   259.286   262.889    48.433   975.398   132.375   200.932
   132.750     2.333     2.292     5.352     7.569   -38.779     0.021   259.281   262.962    48.455   975.410   132.625   200.936
   133.000     2.323     2.303     5.343     7.566   -38.742     0.020   259.279   262.688    48.483   975.444   132.875   200.934
   133.250     2.264     2.304     5.335     7.565   -38.710     0.020   259.281   262.249    48.520   975.374   133.125   200.926
   133.500     2.250     2.300     5.326     7.562   -38.709     0.021   259.282   261.661    48.560   975.287   133.375   200.919
   133.750     2.170     2.276     5.323     7.561   -38.723     0.024   259.289   261.017    48.590   975.126   133.625   200.907
   134.000     2.298     2.315     5.320     7.555   -38.748     0.026   259.293   261.130    48.581   975.091   133.875   200.903
   134.250     2.335     2.310     5.321     7.547   -38.796     0.026   259.290   261.443    48.541   975.124   134.125   200.899
   134.500     2.345     2.331     5.325     7.541   -38.835     0.025   259.292   261.833    48.487   975.204   134.375   200.898
   134.750     2.402     2.306     5.323     7.535   -38.856     0.024   259.283   262.232    48.435   975.298   134.625   200.898
   135.000     2.379     2.317     5.318     7.532   -38.855     0.022   259.279   262.591    48.422   975.367   134.875   200.904
   135.250     2.389     2.290     5.309     7.529   -38.847     0.021   259.268   262.781    48.425   975.437   135.125   200.909
   135.500     2.284     2.311     5.303     7.529   -38.825     0.020   259.270   262.578    48.461   975.421   135.375   200.909
   135.750     2.326     2.280     5.293     7.525   -38.786     0.020   259.266   262.367    48.483   975.447   135.625   200.903
   136.000     2.258     2.290     5.284     7.524   -38.769     0.021   259.267   261.902    48.521   975.359   135.875   200.896
   136.250     2.221     2.288     5.278     7.522   -38.780     0.023   259.271   261.251    48.556   975.246   136.125   200.887
   136.500     2.206     2.304     5.276     7.519   -38.793     0.025   259.279   260.979    48.571   975.123   136.375   200.879
   136.750     2.334     2.309     5.275     7.512   -38.833     0.025   259.277   261.255    48.543   975.145   136.625   200.874
   137.000     2.302     2.312     5.280     7.506   -38.878     0.025   259.278   261.538    48.501   975.175   136.875   200.871
   137.250     2.417     2.298     5.279     7.498   -38.903     0.024   259.271   262.017    48.440   975.301   137.125   200.870
   137.500     2.354     2.302     5.276     7.495   -38.913     0.023   259.268   262.331    48.415   975.355   137.375   200.873
   137.750     2.408     2.291     5.268     7.491   -38.904     0.022   259.259   262.604    48.408   975.455   137.625   200.878
   138.000     2.299     2.287     5.262     7.491   -38.894     0.021   259.256   262.607    48.432   975.444   137.875   200.880
   138.250     2.316     2.285     5.253     7.488   -38.857     0.020   259.255   262.330    48.455   975.472   138.125   200.875
   138.500     2.266     2.294     5.245     7.487   -38.829     0.020   259.256   262.061    48.491   975.402   138.375   200.868
   138.750     2.220     2.292     5.239     7.485   -38.838     0.022   259.259   261.350    48.530   975.296   138.625   200.861
   139.000     2.210     2.298     5.235     7.484   -38.846     0.024   259.266   260.977    48.551   975.162   138.875   200.852
   139.250     2.306     2.313     5.233     7.478   -38.879     0.025   259.265   261.048    48.541   975.149   139.125   200.849
   139.500     2.299     2.303     5.237     7.471   -38.922     0.025   259.265   261.376    48.500   975.183   139.375   200.844
   139.750     2.402     2.306     5.238     7.463   -38.948     0.024   259.261   261.878    48.437   975.314   139.625   200.843
   140.000     2.354     2.299     5.236     7.459   -38.963     0.023   259.257   262.153    48.404   975.367   139.875   200.843
   140.250     2.391     2.299     5.229     7.456   -38.959     0.022   259.250   262.448    48.395   975.454   140.125   200.849
   140.500     2.328     2.281     5.221     7.455   -38.952     0.021   259.244   262.507    48.412   975.472   140.375   200.852
   140.750     2.290     2.292     5.214     7.453   -38.921     0.020   259.245   262.236    48.439   975.479   140.625   200.849
   141.000     2.264     2.293     5.206     7.452   -38.891     0.020   259.246   261.930    48.471   975.421   140.875   200.841
   141.250     2.234     2.287     5.200     7.450   -38.894     0.022   259.247   261.386    48.509   975.328   141.125   200.834
   141.500     2.211     2.298     5.196     7.449   -38.889     0.023   259.253   260.964    48.531   975.202   141.375   200.823
   141.750     2.294     2.302     5.193     7.444   -38.917     0.024   259.254   261.094    48.529   975.183   141.625   200.821
   142.000     2.321     2.299     5.194     7.438   -38.961     0.025   259.251   261.321    48.497   975.213   141.875   200.818
   142.250     2.360     2.306     5.196     7.430   -38.993     0.024   259.250   261.716    48.446   975.308   142.125   200.817
   142.500     2.351     2.293     5.195     7.426   -39.013     0.023   259.245   261.986    48.407   975.367   142.375   200.816
   142.750     2.345     2.303     5.191     7.422   -39.018     0.022   259.242   262.196    48.395   975.419   142.625   200.820
   143.000     2.364     2.291     5.183     7.420   -39.013     0.021   259.234   262.314    48.396   975.473   142.875   200.823
   143.250     2.294     2.292     5.177     7.418   -38.985     0.020   259.234   262.204    48.419   975.491   143.125   200.820
   143.500     2.269     2.287     5.170     7.418   -38.956     0.020   259.234   261.894    48.448   975.448   143.375   200.813
   143.750     2.244     2.282     5.163     7.416   -38.948     0.021   259.235   261.494    48.484   975.374   143.625   200.807
   144.000     2.236     2.285     5.157     7.414   -38.937     0.022   259.239   261.084    48.509   975.288   143.875   200.799
   144.250     2.241     2.295     5.153     7.412   -38.962     0.024   259.242   260.872    48.520   975.186   144.125   200.792
   144.500     2.308     2.299     5.154     7.405   -39.005     0.025   259.241   261.059    48.500   975.198   144.375   200.791
   144.750     2.287     2.301     5.159     7.400   -39.046     0.024   259.243   261.352    48.457   975.242   144.625   200.789
   145.000     2.408     2.300     5.158     7.392   -39.066     0.023   259.236   261.802    48.395   975.375   144.875   200.789
   145.250     2.340     2.291     5.156     7.390   -39.072     0.022   259.233   262.110    48.373   975.419   145.125   200.792
   145.500     2.402     2.291     5.147     7.386   -39.061     0.021   259.224   262.373    48.371   975.519   145.375   200.799
   145.750     2.267     2.278     5.141     7.387   -39.050     0.020   259.222   262.184    48.402   975.490   145.625   200.799
   146.000     2.303     2.281     5.132     7.384   -39.014     0.020   259.220   262.019    48.427   975.510   145.875   200.795
   146.250     2.240     2.280     5.125     7.384   -38.996     0.020   259.222   261.661    48.464   975.424   146.125   200.788
   146.500     2.224     2.281     5.118     7.382   -38.987     0.022   259.226   261.114    48.496   975.333   146.375   200.781
   146.750     2.219     2.288     5.115     7.380   -39.003     0.024   259.231   260.856    48.510   975.232   146.625   200.774
   147.000     2.310     2.296     5.114     7.374   -39.041     0.024   259.229   260.960    48.494   975.231   146.875   200.772
   147.250     2.292     2.291     5.118     7.369   -39.084     0.024   259.229   261.217    48.458   975.254   147.125   200.769
   147.500     2.378     2.296     5.119     7.361   -39.108     0.024   259.225   261.668    48.404   975.373   147.375   200.770
   147.750     2.334     2.285     5.117     7.358   -39.122     0.023   259.221   261.920    48.373   975.419   147.625   200.771
   148.000     2.358     2.295     5.111     7.355   -39.119     0.022   259.217   262.098    48.367   975.486   147.875   200.776
   148.250     2.328     2.287     5.104     7.353   -39.112     0.021   259.210   262.128    48.378   975.512   148.125   200.779
   148.500     2.291     2.285     5.098     7.351   -39.080     0.020   259.210   261.978    48.401   975.536   148.375   200.777
   148.750     2.250     2.283     5.091     7.351   -39.048     0.020   259.212   261.717    48.431   975.483   148.625   200.770
   149.000     2.214     2.277     5.085     7.349   -39.040     0.021   259.215   261.241    48.466   975.397   148.875   200.763
   149.250     2.221     2.298     5.080     7.347   -39.045     0.023   259.220   260.772    48.486   975.295   149.125   200.754
   149.500     2.276     2.287     5.076     7.344   -39.073     0.024   259.220   260.805    48.487   975.241   149.375   200.751
   149.750     2.297     2.291     5.078     7.338   -39.117     0.024   259.219   260.961    48.462   975.261   149.625   200.749
   150.000     2.305     2.313     5.083     7.332   -39.150     0.024   259.221   261.277    48.415   975.325   149.875   200.748
