Flat profile:

Each sample counts as 0.01 seconds.
  %   cumulative   self              self     total           
 time   seconds   seconds    calls   s/call   s/call  name    
 59.21     12.41    12.41    28800     0.00     0.00  convect_
 12.36     15.00     2.59  5184000     0.00     0.00  lwttm_
  4.87     16.02     1.02     2400     0.00     0.00  lwc_
  4.34     16.93     0.91     2400     0.00     0.00  lwvd_
  3.48     17.66     0.73        1     0.73    20.96  MAIN__
  3.05     18.30     0.64  1790400     0.00     0.00  swtt1_
  1.77     18.67     0.37   664800     0.00     0.00  lwtt_
  1.34     18.95     0.28   883200     0.00     0.00  swde_
  1.24     19.21     0.26     4800     0.00     0.00  sw2s_
  1.24     19.47     0.26     9600     0.00     0.00  swr_
  1.10     19.70     0.23    28800     0.00     0.00  clouds_gno_40_
  0.86     19.88     0.18     9600     0.00     0.00  swclr_
  0.81     20.05     0.17     2400     0.00     0.00  lwu_
  0.76     20.21     0.16    57555     0.00     0.00  tlift_
  0.52     20.32     0.11    28800     0.00     0.00  optical_
  0.52     20.43     0.11     5390     0.00     0.00  cape_
  0.48     20.53     0.10     2400     0.00     0.00  lwb_
  0.43     20.62     0.09     2400     0.00     0.00  lwvn_
  0.33     20.69     0.07   441600     0.00     0.00  swtt_
  0.33     20.76     0.07     4800     0.00     0.00  swu_
  0.33     20.83     0.07     2400     0.00     0.00  lwvb_
  0.24     20.88     0.05    28800     0.00     0.00  clouds_sub_ls_40_
  0.14     20.91     0.03     2400     0.00     0.00  radlwsw_
  0.10     20.93     0.02     2400     0.00     0.00  lw_
  0.10     20.95     0.02     2400     0.00     0.00  sw_
  0.05     20.96     0.01     4800     0.00     0.00  sw1s_
  0.00     20.96     0.00     2400     0.00     0.00  lwbv_
  0.00     20.96     0.00     2400     0.00     0.00  lwv_
  0.00     20.96     0.00      730     0.00     0.00  orbite_
  0.00     20.96     0.00      730     0.00     0.00  suphec_
  0.00     20.96     0.00      400     0.00     0.00  pcmin_
  0.00     20.96     0.00      365     0.00     0.00  alboc_
  0.00     20.96     0.00      365     0.00     0.00  angle_

 %         the percentage of the total running time of the
time       program used by this function.

cumulative a running sum of the number of seconds accounted
 seconds   for by this function and those listed above it.

 self      the number of seconds accounted for by this
seconds    function alone.  This is the major sort for this
           listing.

calls      the number of times this function was invoked, if
           this function is profiled, else blank.
 
 self      the average number of milliseconds spent in this
ms/call    function per call, if this function is profiled,
	   else blank.

 total     the average number of milliseconds spent in this
ms/call    function and its descendents per call, if this 
	   function is profiled, else blank.

name       the name of the function.  This is the minor sort
           for this listing. The index shows the location of
	   the function in the gprof listing. If the index is
	   in parenthesis it shows where it would appear in
	   the gprof listing if it were to be printed.

		     Call graph (explanation follows)


granularity: each sample hit covers 2 byte(s) for 0.05% of 20.96 seconds

index % time    self  children    called     name
                0.73   20.23       1/1           main [2]
[1]    100.0    0.73   20.23       1         MAIN__ [1]
               12.41    0.16   28800/28800       convect_ [3]
                0.03    7.13    2400/2400        radlwsw_ [4]
                0.05    0.23   28800/28800       clouds_sub_ls_40_ [18]
                0.11    0.00   28800/28800       optical_ [25]
                0.00    0.11     400/400         pcmin_ [27]
                0.00    0.00     365/730         orbite_ [31]
                0.00    0.00     365/365         angle_ [34]
                0.00    0.00     365/365         alboc_ [33]
-----------------------------------------------
                                                 <spontaneous>
[2]    100.0    0.00   20.96                 main [2]
                0.73   20.23       1/1           MAIN__ [1]
-----------------------------------------------
               12.41    0.16   28800/28800       MAIN__ [1]
[3]     60.0   12.41    0.16   28800         convect_ [3]
                0.16    0.00   57555/57555       tlift_ [24]
-----------------------------------------------
                0.03    7.13    2400/2400        MAIN__ [1]
[4]     34.2    0.03    7.13    2400         radlwsw_ [4]
                0.02    5.32    2400/2400        lw_ [5]
                0.02    1.77    2400/2400        sw_ [10]
-----------------------------------------------
                0.02    5.32    2400/2400        radlwsw_ [4]
[5]     25.5    0.02    5.32    2400         lw_ [5]
                0.00    4.13    2400/2400        lwbv_ [6]
                1.02    0.00    2400/2400        lwc_ [12]
                0.17    0.00    2400/2400        lwu_ [23]
-----------------------------------------------
                0.00    4.13    2400/2400        lw_ [5]
[6]     19.7    0.00    4.13    2400         lwbv_ [6]
                0.00    4.03    2400/2400        lwv_ [7]
                0.10    0.00    2400/2400        lwb_ [28]
-----------------------------------------------
                0.00    4.03    2400/2400        lwbv_ [6]
[7]     19.2    0.00    4.03    2400         lwv_ [7]
                0.91    2.59    2400/2400        lwvd_ [8]
                0.09    0.25    2400/2400        lwvn_ [17]
                0.07    0.12    2400/2400        lwvb_ [21]
-----------------------------------------------
                0.91    2.59    2400/2400        lwv_ [7]
[8]     16.7    0.91    2.59    2400         lwvd_ [8]
                2.59    0.00 5184000/5184000     lwttm_ [9]
-----------------------------------------------
                2.59    0.00 5184000/5184000     lwvd_ [8]
[9]     12.4    2.59    0.00 5184000         lwttm_ [9]
-----------------------------------------------
                0.02    1.77    2400/2400        radlwsw_ [4]
[10]     8.5    0.02    1.77    2400         sw_ [10]
                0.26    0.98    4800/4800        sw2s_ [11]
                0.01    0.45    4800/4800        sw1s_ [14]
                0.07    0.00    4800/4800        swu_ [29]
-----------------------------------------------
                0.26    0.98    4800/4800        sw_ [10]
[11]     5.9    0.26    0.98    4800         sw2s_ [11]
                0.48    0.00 1344000/1790400     swtt1_ [13]
                0.13    0.07    4800/9600        swr_ [15]
                0.14    0.00  441600/883200      swde_ [19]
                0.09    0.00    4800/9600        swclr_ [22]
                0.07    0.00  441600/441600      swtt_ [30]
-----------------------------------------------
                1.02    0.00    2400/2400        lw_ [5]
[12]     4.9    1.02    0.00    2400         lwc_ [12]
-----------------------------------------------
                0.00    0.00    4800/1790400     swu_ [29]
                0.16    0.00  441600/1790400     sw1s_ [14]
                0.48    0.00 1344000/1790400     sw2s_ [11]
[13]     3.1    0.64    0.00 1790400         swtt1_ [13]
-----------------------------------------------
                0.01    0.45    4800/4800        sw_ [10]
[14]     2.2    0.01    0.45    4800         sw1s_ [14]
                0.13    0.07    4800/9600        swr_ [15]
                0.16    0.00  441600/1790400     swtt1_ [13]
                0.09    0.00    4800/9600        swclr_ [22]
-----------------------------------------------
                0.13    0.07    4800/9600        sw2s_ [11]
                0.13    0.07    4800/9600        sw1s_ [14]
[15]     1.9    0.26    0.14    9600         swr_ [15]
                0.14    0.00  441600/883200      swde_ [19]
-----------------------------------------------
                0.12    0.00  223200/664800      lwvb_ [21]
                0.25    0.00  441600/664800      lwvn_ [17]
[16]     1.8    0.37    0.00  664800         lwtt_ [16]
-----------------------------------------------
                0.09    0.25    2400/2400        lwv_ [7]
[17]     1.6    0.09    0.25    2400         lwvn_ [17]
                0.25    0.00  441600/664800      lwtt_ [16]
-----------------------------------------------
                0.05    0.23   28800/28800       MAIN__ [1]
[18]     1.3    0.05    0.23   28800         clouds_sub_ls_40_ [18]
                0.23    0.00   28800/28800       clouds_gno_40_ [20]
-----------------------------------------------
                0.14    0.00  441600/883200      sw2s_ [11]
                0.14    0.00  441600/883200      swr_ [15]
[19]     1.3    0.28    0.00  883200         swde_ [19]
-----------------------------------------------
                0.23    0.00   28800/28800       clouds_sub_ls_40_ [18]
[20]     1.1    0.23    0.00   28800         clouds_gno_40_ [20]
-----------------------------------------------
                0.07    0.12    2400/2400        lwv_ [7]
[21]     0.9    0.07    0.12    2400         lwvb_ [21]
                0.12    0.00  223200/664800      lwtt_ [16]
-----------------------------------------------
                0.09    0.00    4800/9600        sw2s_ [11]
                0.09    0.00    4800/9600        sw1s_ [14]
[22]     0.9    0.18    0.00    9600         swclr_ [22]
-----------------------------------------------
                0.17    0.00    2400/2400        lw_ [5]
[23]     0.8    0.17    0.00    2400         lwu_ [23]
-----------------------------------------------
                0.16    0.00   57555/57555       convect_ [3]
[24]     0.8    0.16    0.00   57555         tlift_ [24]
-----------------------------------------------
                0.11    0.00   28800/28800       MAIN__ [1]
[25]     0.5    0.11    0.00   28800         optical_ [25]
-----------------------------------------------
                0.11    0.00    5390/5390        pcmin_ [27]
[26]     0.5    0.11    0.00    5390         cape_ [26]
-----------------------------------------------
                0.00    0.11     400/400         MAIN__ [1]
[27]     0.5    0.00    0.11     400         pcmin_ [27]
                0.11    0.00    5390/5390        cape_ [26]
-----------------------------------------------
                0.10    0.00    2400/2400        lwbv_ [6]
[28]     0.5    0.10    0.00    2400         lwb_ [28]
-----------------------------------------------
                0.07    0.00    4800/4800        sw_ [10]
[29]     0.3    0.07    0.00    4800         swu_ [29]
                0.00    0.00    4800/1790400     swtt1_ [13]
-----------------------------------------------
                0.07    0.00  441600/441600      sw2s_ [11]
[30]     0.3    0.07    0.00  441600         swtt_ [30]
-----------------------------------------------
                0.00    0.00     365/730         alboc_ [33]
                0.00    0.00     365/730         MAIN__ [1]
[31]     0.0    0.00    0.00     730         orbite_ [31]
                0.00    0.00     730/730         suphec_ [32]
-----------------------------------------------
                0.00    0.00     730/730         orbite_ [31]
[32]     0.0    0.00    0.00     730         suphec_ [32]
-----------------------------------------------
                0.00    0.00     365/365         MAIN__ [1]
[33]     0.0    0.00    0.00     365         alboc_ [33]
                0.00    0.00     365/730         orbite_ [31]
-----------------------------------------------
                0.00    0.00     365/365         MAIN__ [1]
[34]     0.0    0.00    0.00     365         angle_ [34]
-----------------------------------------------

 This table describes the call tree of the program, and was sorted by
 the total amount of time spent in each function and its children.

 Each entry in this table consists of several lines.  The line with the
 index number at the left hand margin lists the current function.
 The lines above it list the functions that called this function,
 and the lines below it list the functions this one called.
 This line lists:
     index	A unique number given to each element of the table.
		Index numbers are sorted numerically.
		The index number is printed next to every function name so
		it is easier to look up where the function in the table.

     % time	This is the percentage of the `total' time that was spent
		in this function and its children.  Note that due to
		different viewpoints, functions excluded by options, etc,
		these numbers will NOT add up to 100%.

     self	This is the total amount of time spent in this function.

     children	This is the total amount of time propagated into this
		function by its children.

     called	This is the number of times the function was called.
		If the function called itself recursively, the number
		only includes non-recursive calls, and is followed by
		a `+' and the number of recursive calls.

     name	The name of the current function.  The index number is
		printed after it.  If the function is a member of a
		cycle, the cycle number is printed between the
		function's name and the index number.


 For the function's parents, the fields have the following meanings:

     self	This is the amount of time that was propagated directly
		from the function into this parent.

     children	This is the amount of time that was propagated from
		the function's children into this parent.

     called	This is the number of times this parent called the
		function `/' the total number of times the function
		was called.  Recursive calls to the function are not
		included in the number after the `/'.

     name	This is the name of the parent.  The parent's index
		number is printed after it.  If the parent is a
		member of a cycle, the cycle number is printed between
		the name and the index number.

 If the parents of the function cannot be determined, the word
 `<spontaneous>' is printed in the `name' field, and all the other
 fields are blank.

 For the function's children, the fields have the following meanings:

     self	This is the amount of time that was propagated directly
		from the child into the function.

     children	This is the amount of time that was propagated from the
		child's children to the function.

     called	This is the number of times the function called
		this child `/' the total number of times the child
		was called.  Recursive calls by the child are not
		listed in the number after the `/'.

     name	This is the name of the child.  The child's index
		number is printed after it.  If the child is a
		member of a cycle, the cycle number is printed
		between the name and the index number.

 If there are any cycles (circles) in the call graph, there is an
 entry for the cycle-as-a-whole.  This entry shows who called the
 cycle (as parents) and the members of the cycle (as children.)
 The `+' recursive calls entry shows the number of function calls that
 were internal to the cycle, and the calls entry for each member shows,
 for that member, how many times it was called from other members of
 the cycle.


Index by function name

   [1] MAIN__                 [16] lwtt_                  [32] suphec_
  [33] alboc_                  [9] lwttm_                 [14] sw1s_
  [34] angle_                 [23] lwu_                   [11] sw2s_
  [26] cape_                   [7] lwv_                   [10] sw_
  [20] clouds_gno_40_         [21] lwvb_                  [22] swclr_
  [18] clouds_sub_ls_40_       [8] lwvd_                  [19] swde_
   [3] convect_               [17] lwvn_                  [15] swr_
   [5] lw_                    [25] optical_               [13] swtt1_
  [28] lwb_                   [31] orbite_                [30] swtt_
   [6] lwbv_                  [27] pcmin_                 [29] swu_
  [12] lwc_                    [4] radlwsw_               [24] tlift_
