  1000.000     3.045     3.004    -0.000     0.661    -1.466    -1.129     2.708     0.000     0.000     0.000     0.000     0.000     0.000   298.484     0.000   0.00E+00    -0.917     0.314   276.152
   950.000    -1.053     2.844     0.001     0.835     0.929    -1.501     0.369     0.000    17.721     0.000   -14.081     0.000     0.000   298.487     0.000   0.00E+00    -1.610     0.348   272.142
   900.000    -4.830     2.025    -0.130     0.742     1.479    -1.526     0.000     0.000    17.721     0.000   -12.653     0.000     1.955   294.989     0.002   0.63E-01    -0.567     0.377   268.269
   850.000    -8.378     1.353     0.319     0.662     1.495    -1.543     0.000     0.000    16.502    -1.955    -9.511     2.355     2.036   293.330     0.036   0.24E+00     0.053     0.410   265.229
   800.000   -12.031     0.860     0.511     0.559     1.563    -1.612     0.000     0.000    15.149    -2.036    -7.140     2.468     1.312   291.945     0.014   0.24E+00     0.514     0.442   261.885
   750.000   -15.834     0.472     0.481     0.433     1.538    -1.590     0.000     0.000    14.026    -1.289    -5.874     1.933     0.535   292.364     0.003   0.17E+00     0.774     0.465   258.193
   700.000   -19.864     0.221     0.326     0.330     1.451    -1.504     0.000     0.000    13.633    -0.475    -5.007     1.706     0.459   291.656     0.001   0.13E+00     0.813     0.477   254.108
   650.000   -24.256     0.110     0.159     0.263     1.326    -1.380     0.000     0.000    13.342    -0.391    -4.269     1.586     0.382   292.109     0.000   0.10E+00     0.740     0.478   249.583
   600.000   -29.134     0.062    -0.019     0.221     1.163    -1.219     0.000     0.000    13.185    -0.313    -3.457     1.525     0.406   292.987     0.000   0.81E-01     0.605     0.470   244.578
   550.000   -34.537     0.025    -0.164     0.190     0.861    -0.920     0.000     0.000    13.127    -0.349    -2.645     1.709     0.096   293.496     0.000   0.72E-01     0.455     0.453   239.057
   500.000   -40.575     0.019    -0.211     0.218     0.743    -0.804     0.000     0.000    13.803    -0.056    -1.755     2.137     0.029   294.042     0.001   0.46E-01     0.303     0.423   232.984
   450.000   -47.243     0.016    -0.196     0.319     0.737    -0.802     0.000     0.000    15.162     0.000    -0.906     2.929     0.244   294.252     0.025   0.12E+00     0.177     0.385   226.317
   400.000   -54.562     0.014    -0.185     0.487     0.632    -0.700     0.000     0.000    17.885     0.000    -0.391     4.803     0.926   294.814     0.097   0.11E+00     0.105     0.332   218.996
   350.000   -62.654     0.014    -0.172     0.787     0.558    -0.630    -0.000     0.000     6.761     0.000    -0.145     1.423    11.955   295.101     0.251   0.57E-01     0.054     0.268   210.923
   300.000   -71.244     0.004    -0.350     0.889     0.262    -0.336     0.000     0.000     1.937     0.000    -0.051     0.351     5.079   295.141     0.367   0.32E-01     0.022     0.162   201.930
   250.000   -74.939     0.003    -4.000     0.954     0.147    -0.213     0.000     0.000     0.826     0.000    -0.012     0.158     1.226   299.280     0.398   0.15E-01     0.003     0.079   191.573
   200.000   -73.558     0.001    -4.000     0.307     0.065    -0.112     0.000     0.000     0.120     0.000    -0.000     0.014     0.714   311.627     0.069   0.51E-02    -0.000     0.044   178.954
   150.000   -74.110     0.001    -4.000     0.182     0.002    -0.029     0.000     0.000     0.000     0.000    -0.000     0.000     0.120   326.599     0.011   0.19E-03    -0.000     0.011   162.703
   100.000   -72.250     0.001    -4.000     0.064     0.000     0.001     0.000     0.000     0.000     0.000     0.000     0.000     0.000   351.280     0.000   0.00E+00     0.000     0.000   139.866
    80.000   -68.779     0.001    -4.000     0.033     0.000     0.007     0.000     0.000     0.000     0.000     0.000     0.000     0.000   366.906     0.000   0.00E+00     0.000     0.000     0.000
    60.000   -61.030     0.001     0.000     0.010     0.000     0.020     0.000     0.000     0.000     0.000     0.000     0.000     0.000   391.073     0.000   0.00E+00     0.000     0.000     0.000
    40.000   -50.743     0.001     0.000     0.002     0.000     0.037     0.000     0.000     0.000     0.000     0.000     0.000     0.000   426.160     0.000   0.00E+00     0.000     0.000     0.000
    30.000   -42.478     0.001     0.000     0.001     0.000     0.051     0.000     0.000     0.000     0.000     0.000     0.000     0.000   452.078     0.000   0.00E+00     0.000     0.000     0.000
    25.000   -26.082     0.001     0.000     0.000     0.000     0.079     0.000     0.000     0.000     0.000     0.000     0.000     0.000   479.410     0.000   0.00E+00    -0.001     0.000     0.000
