  1000.000     8.813     4.693    -0.000     0.679    -1.620    -1.167     2.700     0.000     0.000     0.000     0.000     0.000     0.000   301.472     0.000   0.00E+00    -1.098     0.321   281.960
   950.000     4.714     4.525     0.001     0.853     1.648    -1.415    -0.177     0.000    14.745     0.000   -11.643     0.000     0.002   301.430     0.000   0.31E-06    -1.657     0.358   277.868
   900.000     1.302     3.348    -0.338     0.732     1.364    -1.390     0.000     0.000    14.732    -0.002    -9.516     0.002     2.187   297.965     0.001   0.20E-01    -0.415     0.383   273.928
   850.000    -2.260     2.526     0.274     0.681     1.395    -1.427     0.000     0.000    13.719    -2.176    -9.940     2.484     1.720   296.105     0.031   0.18E+00     0.217     0.409   271.177
   800.000    -5.617     1.692     0.573     0.577     1.526    -1.563     0.000     0.000    12.533    -1.720    -8.233     2.063     0.329   294.653     0.012   0.30E+00     0.825     0.440   268.189
   750.000    -9.100     1.012     0.512     0.438     1.556    -1.596     0.000     0.000    12.288    -0.327    -7.246     1.554     0.134   293.957     0.004   0.18E+00     1.160     0.469   264.871
   700.000   -12.773     0.563     0.288     0.325     1.473    -1.516     0.000     0.000    12.349    -0.041    -6.454     1.411     0.133   294.064     0.006   0.13E+00     1.176     0.493   261.163
   650.000   -16.944     0.316     0.033     0.250     1.300    -1.349     0.000     0.000    12.428    -0.045    -5.708     1.309     0.134   294.794     0.009   0.11E+00     1.000     0.509   257.002
   600.000   -21.701     0.182    -0.179     0.212     1.086    -1.142     0.000     0.000    12.572    -0.058    -4.802     1.416     0.146   295.706     0.015   0.11E+00     0.743     0.514   252.318
   550.000   -27.120     0.111    -0.288     0.209     0.872    -0.938     0.000     0.000    12.835    -0.076    -3.720     1.587     0.120   296.623     0.023   0.13E+00     0.497     0.501   247.047
   500.000   -33.173     0.071    -0.284     0.257     0.773    -0.851     0.000     0.000    13.376    -0.054    -2.449     1.819     0.060   297.316     0.033   0.60E-01     0.311     0.471   241.127
   450.000   -39.775     0.041    -0.231     0.405     0.789    -0.878     0.000     0.000    14.225    -0.001    -1.224     2.170     0.259   297.878     0.087   0.19E+00     0.148     0.426   234.500
   400.000   -47.036     0.024    -0.238     0.648     0.745    -0.848     0.000     0.000    14.413    -0.002    -0.427     2.597     1.538   298.298     0.188   0.18E+00     0.040     0.371   227.105
   350.000   -55.222     0.018    -0.317     0.768     0.518    -0.635     0.000     0.000    13.681     0.000    -0.112     3.632     3.733   298.555     0.205   0.74E-01     0.008     0.294   218.858
   300.000   -64.390     0.012    -0.451     0.990     0.353    -0.484     0.000     0.000     2.782     0.000    -0.010     0.558    11.303   298.858     0.406   0.89E-02    -0.000     0.197   209.621
   250.000   -72.577     0.004    -1.749     1.001     0.005    -0.135     0.000     0.000     0.006     0.000    -0.000     0.000     2.776   300.308     0.400   0.11E-02    -0.000     0.059   199.082
   200.000   -70.159     0.001    -4.000     0.146    -0.000    -0.046     0.000     0.000     0.000     0.000    -0.000     0.000     0.006   313.742     0.000   0.27E-05    -0.000     0.000   186.275
   150.000   -71.493     0.001    -4.000     0.116     0.000     0.011     0.000     0.000     0.000     0.000     0.000     0.000     0.000   327.564     0.000   0.00E+00     0.000     0.000   169.787
   100.000   -71.742     0.001    -4.000     0.086     0.000     0.009     0.000     0.000     0.000     0.000     0.000     0.000     0.000   349.921     0.000   0.00E+00     0.000     0.000   146.780
    80.000   -70.267     0.001    -4.000     0.059     0.000     0.019     0.000     0.000     0.000     0.000     0.000     0.000     0.000   363.779     0.000   0.00E+00     0.000     0.000     0.000
    60.000   -65.282     0.001     0.000     0.024     0.000     0.052     0.000     0.000     0.000     0.000     0.000     0.000     0.000   384.775     0.000   0.00E+00     0.000     0.000     0.000
    40.000   -58.581     0.001     0.000     0.008     0.000     0.097     0.000     0.000     0.000     0.000     0.000     0.000     0.000   415.024     0.000   0.00E+00     0.000     0.000     0.000
    30.000   -54.288     0.001     0.000     0.004     0.000     0.126     0.000     0.000     0.000     0.000     0.000     0.000     0.000   436.730     0.000   0.00E+00     0.000     0.000     0.000
    25.000   -48.285     0.001     0.000     0.001     0.000     0.166     0.000     0.000     0.000     0.000     0.000     0.000     0.000   454.674     0.000   0.00E+00    -0.001     0.000     0.000
