     0.250     0.027     1.630    11.673    12.501   -21.653     1.096   262.801   251.384    14.036  1009.656     0.125   268.039
     0.500     0.054     1.659    11.861    12.976   -21.919     1.096   262.857   251.561    16.925  1008.370     0.375   265.749
     0.750     0.315     1.741    12.157    13.416   -22.186     1.096   262.899   251.794    19.712  1006.870     0.625   260.701
     1.000     0.873     1.821    12.430    13.819   -22.452     1.096   262.909   252.187    22.085  1005.442     0.875   257.717
     1.250     1.448     1.915    12.705    14.185   -22.716     1.096   262.916   252.648    24.251  1004.007     1.125   254.857
     1.500     1.797     2.015    12.978    14.515   -22.979     1.096   262.916   253.248    26.231  1002.579     1.375   252.189
     1.750     2.042     2.109    13.234    14.811   -23.239     1.096   262.904   253.903    28.069  1001.157     1.625   249.555
     2.000     2.222     2.193    13.469    15.077   -23.497     1.096   262.894   254.553    29.772   999.758     1.875   247.110
     2.250     2.282     2.271    13.684    15.315   -23.761     1.097   262.887   255.141    31.389   998.351     2.125   244.564
     2.500     2.408     2.339    13.878    15.529   -24.070     1.108   262.879   255.693    32.892   996.984     2.375   242.262
     2.750     2.442     2.400    14.058    15.723   -24.380     1.122   262.874   256.225    34.306   995.637     2.625   240.152
     3.000     2.526     2.451    14.222    15.897   -24.600     1.131   262.869   256.683    35.596   994.367     2.875   238.367
     3.250     2.617     2.498    14.377    16.059   -24.729     1.134   262.879   257.073    36.985   992.835     3.125   236.141
     3.500     3.410     2.543    14.492    16.204   -24.777     1.123   262.863   257.820    38.270   991.336     3.375   234.375
     3.750     3.126     2.578    14.614    16.337   -24.830     1.123   262.843   258.611    39.547   989.777     3.625   232.271
     4.000     3.162     2.608    14.725    16.457   -24.849     1.164   262.826   259.302    40.696   988.320     3.875   230.663
     4.250     3.125     2.636    14.829    16.568   -24.864     1.209   262.815   259.989    41.834   986.851     4.125   228.683
     4.500     3.158     2.660    14.926    16.670   -24.714     1.156   262.812   260.416    42.851   985.477     4.375   227.106
     4.750     3.310     2.689    15.012    16.764   -24.500     1.068   262.804   260.952    43.741   984.302     4.625   225.969
     5.000     3.280     2.712    15.093    16.850   -24.334     1.005   262.792   261.553    44.664   983.034     4.875   224.477
     5.250     3.353     2.732    15.166    16.928   -24.221     0.961   262.776   262.374    45.534   981.790     5.125   222.951
     5.500     3.236     2.748    15.241    17.001   -24.111     0.915   262.771   262.878    46.282   980.632     5.375   221.851
     5.750     3.180     2.766    15.313    17.070   -23.985     0.862   262.768   263.337    47.034   979.419     5.625   220.626
     6.000     3.280     2.790    15.375    17.133   -23.847     0.806   262.760   263.881    47.774   978.257     5.875   219.371
     6.250     3.422     2.811    15.427    17.189   -23.752     0.758   262.752   264.478    48.441   977.210     6.125   218.193
     6.500     3.431     2.822    15.476    17.240   -23.703     0.717   262.739   265.065    48.938   976.404     6.375   217.571
     6.750     3.331     2.833    15.526    17.288   -23.651     0.679   262.730   265.647    49.406   975.589     6.625   216.978
     7.000     3.237     2.845    15.576    17.333   -23.592     0.642   262.726   266.076    49.864   974.756     6.875   216.380
     7.250     3.241     2.863    15.621    17.375   -23.497     0.601   262.724   266.421    50.319   973.974     7.125   215.806
     7.500     3.250     2.877    15.660    17.413   -23.396     0.559   262.719   266.934    50.758   973.207     7.375   215.214
     7.750     3.278     2.889    15.696    17.447   -23.300     0.518   262.712   267.471    51.181   972.446     7.625   214.604
     8.000     3.356     2.901    15.727    17.477   -23.216     0.480   262.702   268.033    51.595   971.698     7.875   213.954
     8.250     3.361     2.911    15.756    17.505   -23.152     0.448   262.690   268.557    52.015   970.903     8.125   213.180
     8.500     3.433     2.920    15.778    17.529   -23.105     0.422   262.677   269.145    52.349   970.292     8.375   212.659
     8.750     3.321     2.926    15.803    17.551   -23.105     0.404   262.668   269.589    52.618   969.786     8.625   212.317
     9.000     3.234     2.934    15.826    17.570   -23.115     0.388   262.662   269.946    52.873   969.294     8.875   211.998
     9.250     3.346     2.952    15.840    17.586   -23.098     0.370   262.656   270.378    53.117   968.933     9.125   211.728
     9.500     3.512     2.958    15.847    17.599   -23.043     0.350   262.643   270.995    53.325   968.696     9.375   211.465
     9.750     3.416     2.959    15.858    17.609   -22.970     0.328   262.629   271.404    53.543   968.347     9.625   211.159
    10.000     3.271     2.970    15.873    17.617   -22.873     0.306   262.617   271.486    53.775   967.848     9.875   210.827
    10.250     3.228     2.965    15.885    17.624   -22.769     0.293   262.604   271.422    53.988   967.322    10.125   210.499
    10.500     3.207     2.927    15.896    17.629   -22.705     0.310   262.597   271.530    54.157   966.909    10.375   210.260
    10.750     3.196     2.995    15.909    17.632   -22.704     0.326   262.594   271.764    54.326   966.516    10.625   210.041
    11.000     3.192     2.998    15.911    17.633   -22.728     0.331   262.592   272.368    54.460   966.237    10.875   209.882
    11.250     3.305     2.993    15.907    17.633   -22.778     0.319   262.587   273.110    54.563   966.028    11.125   209.721
    11.500     3.313     2.989    15.906    17.634   -22.854     0.294   262.580   274.056    54.647   965.828    11.375   209.582
    11.750     3.253     2.990    15.906    17.635   -22.928     0.265   262.574   274.709    54.749   965.595    11.625   209.431
    12.000     3.429     2.997    15.898    17.633   -22.958     0.234   262.564   275.317    54.859   965.457    11.875   209.279
    12.250     3.357     2.991    15.894    17.631   -22.949     0.205   262.551   275.342    54.999   965.164    12.125   208.984
    12.500     3.165     2.991    15.896    17.628   -22.903     0.183   262.541   275.057    55.158   964.840    12.375   208.717
    12.750     3.059     3.003    15.897    17.623   -22.846     0.171   262.539   275.044    55.308   964.579    12.625   208.510
    13.000     3.232     2.999    15.884    17.614   -22.773     0.165   262.533   274.946    55.424   964.352    12.875   208.276
    13.250     3.324     2.998    15.872    17.605   -22.709     0.174   262.522   274.838    55.527   964.136    13.125   208.009
    13.500     3.195     3.001    15.869    17.597   -22.719     0.202   262.515   274.823    55.639   963.836    13.375   207.727
    13.750     3.175     3.028    15.871    17.588   -22.795     0.224   262.507   274.908    55.745   963.447    13.625   207.405
    14.000     3.189     3.021    15.859    17.578   -22.866     0.227   262.500   274.968    55.872   963.230    13.875   207.134
    14.250     3.095     3.010    15.848    17.567   -22.947     0.217   262.498   275.404    55.968   963.044    14.125   206.929
    14.500     3.142     3.020    15.834    17.555   -23.002     0.203   262.498   275.765    56.013   962.944    14.375   206.850
    14.750     3.288     2.999    15.814    17.543   -23.002     0.188   262.490   274.830    56.036   962.859    14.625   206.770
    15.000     3.249     3.021    15.803    17.532   -22.986     0.183   262.480   274.820    56.058   962.707    14.875   206.691
    15.250     3.143     3.014    15.795    17.521   -22.983     0.196   262.473   275.512    56.106   962.575    15.125   206.620
    15.500     3.037     3.020    15.786    17.508   -23.027     0.198   262.472   275.537    56.165   962.446    15.375   206.555
    15.750     3.069     3.027    15.773    17.495   -23.084     0.191   262.471   275.512    56.200   962.342    15.625   206.488
    16.000     3.192     3.015    15.751    17.480   -23.102     0.180   262.466   275.713    56.223   962.298    15.875   206.429
    16.250     3.248     2.997    15.733    17.467   -23.091     0.173   262.456   275.575    56.227   962.239    16.125   206.371
    16.500     3.220     3.023    15.721    17.453   -23.079     0.183   262.451   274.131    56.247   962.143    16.375   206.312
    16.750     3.060     3.004    15.713    17.440   -23.112     0.202   262.445   275.390    56.285   962.023    16.625   206.256
    17.000     3.024     3.019    15.702    17.425   -23.181     0.202   262.444   275.490    56.327   961.919    16.875   206.206
    17.250     3.091     3.017    15.684    17.410   -23.245     0.194   262.444   275.390    56.352   961.873    17.125   206.158
    17.500     3.208     3.021    15.664    17.394   -23.257     0.185   262.435   275.331    56.341   961.797    17.375   206.111
    17.750     3.221     3.018    15.648    17.380   -23.248     0.187   262.427   275.200    56.341   961.735    17.625   206.061
    18.000     3.064     3.000    15.637    17.366   -23.280     0.198   262.424   275.341    56.371   961.662    17.875   206.013
    18.250     3.005     3.014    15.625    17.351   -23.341     0.196   262.424   275.451    56.409   961.582    18.125   205.969
    18.500     3.081     3.024    15.608    17.335   -23.386     0.187   262.425   275.547    56.425   961.537    18.375   205.930
    18.750     3.213     3.016    15.585    17.319   -23.397     0.177   262.416   275.312    56.409   961.510    18.625   205.891
    19.000     3.183     3.013    15.569    17.304   -23.386     0.176   262.408   275.209    56.406   961.452    18.875   205.849
    19.250     3.113     2.979    15.556    17.290   -23.387     0.193   262.404   274.487    56.422   961.386    19.125   205.808
    19.500     3.041     3.010    15.545    17.275   -23.432     0.198   262.402   275.310    56.451   961.313    19.375   205.774
    19.750     3.038     3.006    15.530    17.259   -23.505     0.193   262.402   275.753    56.467   961.284    19.625   205.738
    20.000     3.190     3.010    15.509    17.244   -23.550     0.182   262.397   275.502    56.460   961.244    19.875   205.704
    20.250     3.219     3.004    15.490    17.229   -23.555     0.172   262.390   274.614    56.446   961.225    20.125   205.668
    20.500     3.194     2.992    15.474    17.214   -23.543     0.177   262.383   275.444    56.447   961.209    20.375   205.643
    20.750     3.002     2.999    15.465    17.200   -23.571     0.182   262.379   275.611    56.475   961.129    20.625   205.611
    21.000     3.045     2.999    15.450    17.185   -23.631     0.177   262.379   276.058    56.487   961.119    20.875   205.592
    21.250     3.191     3.003    15.429    17.169   -23.667     0.167   262.374   275.906    56.475   961.097    21.125   205.565
    21.500     3.206     2.999    15.412    17.154   -23.675     0.158   262.365   275.943    56.454   961.063    21.375   205.534
    21.750     3.168     2.927    15.394    17.139   -23.654     0.163   262.356   275.295    56.464   961.074    21.625   205.512
    22.000     3.106     2.991    15.384    17.124   -23.687     0.177   262.353   275.960    56.471   961.027    21.875   205.499
    22.250     3.035     2.994    15.371    17.108   -23.759     0.174   262.352   276.296    56.484   961.011    22.125   205.484
    22.500     3.116     2.990    15.351    17.092   -23.832     0.163   262.350   276.824    56.488   961.044    22.375   205.465
    22.750     3.230     2.995    15.330    17.076   -23.864     0.150   262.341   276.532    56.453   961.042    22.625   205.454
    23.000     3.196     2.995    15.314    17.060   -23.859     0.141   262.331   276.465    56.430   961.047    22.875   205.444
    23.250     3.171     2.970    15.295    17.044   -23.819     0.146   262.322   276.174    56.442   961.087    23.125   205.436
    23.500     3.034     2.991    15.285    17.028   -23.835     0.164   262.321   276.131    56.445   961.050    23.375   205.429
    23.750     3.024     2.989    15.269    17.010   -23.917     0.164   262.319   276.713    56.451   961.066    23.625   205.415
    24.000     3.187     2.993    15.246    16.992   -23.983     0.155   262.315   276.403    56.430   961.094    23.875   205.401
    24.250     3.196     2.989    15.228    16.976   -24.012     0.146   262.305   275.813    56.394   961.107    24.125   205.379
    24.500     3.176     2.988    15.211    16.960   -23.998     0.146   262.296   276.132    56.383   961.112    24.375   205.377
    24.750     3.053     2.984    15.197    16.943   -24.016     0.157   262.292   276.117    56.394   961.127    24.625   205.368
    25.000     2.975     2.984    15.183    16.926   -24.083     0.157   262.292   276.446    56.410   961.121    24.875   205.349
    25.250     3.103     2.977    15.160    16.908   -24.134     0.149   262.290   276.323    56.399   961.152    25.125   205.337
    25.500     3.197     2.957    15.137    16.890   -24.146     0.141   262.282   276.106    56.360   961.198    25.375   205.333
    25.750     3.201     2.956    15.118    16.873   -24.135     0.142   262.272   276.207    56.337   961.240    25.625   205.337
    26.000     3.080     2.973    15.106    16.857   -24.164     0.154   262.266   276.210    56.335   961.227    25.875   205.327
    26.250     2.965     2.976    15.093    16.840   -24.238     0.153   262.267   276.304    56.353   961.205    26.125   205.309
    26.500     3.081     2.972    15.072    16.822   -24.299     0.145   262.265   276.416    56.345   961.245    26.375   205.301
    26.750     3.176     2.951    15.048    16.804   -24.310     0.135   262.256   276.310    56.311   961.286    26.625   205.292
    27.000     3.214     2.975    15.029    16.787   -24.293     0.133   262.247   275.765    56.288   961.330    26.875   205.292
    27.250     3.046     2.968    15.016    16.770   -24.304     0.149   262.242   275.885    56.277   961.307    27.125   205.291
    27.500     2.967     2.958    15.003    16.753   -24.366     0.152   262.241   276.221    56.293   961.301    27.375   205.275
    27.750     3.029     2.968    14.983    16.734   -24.439     0.146   262.242   276.351    56.296   961.328    27.625   205.261
    28.000     3.190     2.959    14.958    16.716   -24.468     0.136   262.232   276.307    56.255   961.388    27.875   205.258
    28.250     3.145     2.942    14.939    16.699   -24.466     0.132   262.223   276.170    56.223   961.413    28.125   205.260
    28.500     3.131     2.956    14.923    16.682   -24.459     0.139   262.215   275.814    56.212   961.422    28.375   205.257
    28.750     2.946     2.950    14.911    16.665   -24.506     0.144   262.215   275.943    56.228   961.410    28.625   205.241
    29.000     3.020     2.972    14.893    16.647   -24.573     0.141   262.215   276.286    56.229   961.413    28.875   205.225
    29.250     3.165     2.963    14.870    16.629   -24.611     0.134   262.206   276.116    56.194   961.446    29.125   205.212
    29.500     3.176     2.960    14.849    16.612   -24.611     0.132   262.198   275.379    56.171   961.500    29.375   205.207
    29.750     3.038     2.939    14.836    16.595   -24.626     0.148   262.192   275.854    56.161   961.497    29.625   205.207
    30.000     2.945     2.959    14.823    16.578   -24.690     0.149   262.191   276.032    56.175   961.467    29.875   205.193
    30.250     2.986     2.955    14.803    16.560   -24.756     0.142   262.194   276.316    56.181   961.513    30.125   205.181
    30.500     3.147     2.945    14.779    16.542   -24.783     0.131   262.185   276.067    56.141   961.557    30.375   205.178
    30.750     3.173     2.952    14.758    16.525   -24.775     0.125   262.176   275.895    56.108   961.612    30.625   205.180
    31.000     3.080     2.953    14.743    16.508   -24.767     0.136   262.167   275.679    56.097   961.605    30.875   205.174
    31.250     2.972     2.951    14.730    16.491   -24.810     0.146   262.166   275.822    56.109   961.597    31.125   205.162
    31.500     2.949     2.949    14.714    16.473   -24.892     0.142   262.167   275.937    56.113   961.619    31.375   205.150
    31.750     3.114     2.940    14.689    16.454   -24.938     0.133   262.162   275.907    56.087   961.673    31.625   205.145
    32.000     3.137     2.935    14.668    16.437   -24.939     0.126   262.153   275.675    56.051   961.703    31.875   205.139
    32.250     3.114     2.945    14.651    16.421   -24.925     0.130   262.144   275.445    56.041   961.715    32.125   205.132
    32.500     2.948     2.944    14.641    16.404   -24.964     0.143   262.142   275.629    56.048   961.693    32.375   205.121
    32.750     2.915     2.943    14.625    16.386   -25.044     0.141   262.144   275.604    56.062   961.692    32.625   205.104
    33.000     2.923     2.955    14.606    16.366   -25.094     0.133   262.144   275.547    56.083   961.737    32.875   205.093
    33.250     2.804     2.942    14.588    16.344   -25.100     0.128   262.149   274.887    56.081   961.743    33.125   205.085
    33.500     2.929     2.974    14.568    16.321   -25.082     0.135   262.150   274.146    56.056   961.753    33.375   205.077
    33.750     2.903     2.886    14.548    16.299   -25.104     0.156   262.150   274.146    56.050   961.808    33.625   205.070
    34.000     3.022     2.974    14.532    16.277   -25.184     0.172   262.148   274.248    56.025   961.826    33.875   205.064
    34.250     2.977     2.871    14.511    16.255   -25.277     0.188   262.146   274.256    55.998   961.852    34.125   205.048
    34.500     3.077     2.948    14.492    16.235   -25.358     0.186   262.141   274.393    55.961   961.874    34.375   205.038
    34.750     3.026     2.906    14.471    16.216   -25.419     0.192   262.139   273.620    55.926   961.892    34.625   205.022
    35.000     3.060     2.946    14.453    16.199   -25.477     0.194   262.132   274.529    55.889   961.884    34.875   205.008
    35.250     3.042     2.940    14.433    16.183   -25.510     0.179   262.129   274.404    55.865   961.913    35.125   204.995
    35.500     3.038     2.934    14.414    16.167   -25.526     0.161   262.125   274.365    55.852   961.957    35.375   204.979
    35.750     3.011     2.904    14.396    16.152   -25.520     0.149   262.121   274.322    55.838   961.986    35.625   204.965
    36.000     3.022     2.919    14.380    16.137   -25.509     0.144   262.118   274.349    55.829   962.008    35.875   204.952
    36.250     3.024     2.931    14.364    16.122   -25.507     0.141   262.113   274.492    55.818   962.023    36.125   204.938
    36.500     3.030     2.931    14.347    16.107   -25.514     0.141   262.109   274.449    55.810   962.041    36.375   204.924
    36.750     3.019     2.931    14.332    16.092   -25.541     0.146   262.104   274.436    55.802   962.058    36.625   204.910
    37.000     3.003     2.932    14.319    16.077   -25.583     0.153   262.099   274.318    55.789   962.040    36.875   204.894
    37.250     3.055     2.929    14.301    16.062   -25.609     0.165   262.097   273.296    55.788   962.104    37.125   204.884
    37.500     3.012     2.928    14.287    16.047   -25.664     0.178   262.090   274.183    55.773   962.103    37.375   204.874
    37.750     3.031     2.924    14.270    16.032   -25.718     0.175   262.086   274.057    55.765   962.125    37.625   204.861
    38.000     3.035     2.923    14.255    16.017   -25.750     0.172   262.079   274.093    55.756   962.115    37.875   204.847
    38.250     3.004     2.909    14.240    16.002   -25.786     0.178   262.076   273.968    55.745   962.147    38.125   204.839
    38.500     3.020     2.918    14.224    15.987   -25.822     0.168   262.071   273.967    55.737   962.156    38.375   204.824
    38.750     3.004     2.918    14.209    15.972   -25.835     0.159   262.067   273.986    55.726   962.166    38.625   204.810
    39.000     2.985     2.904    14.193    15.957   -25.844     0.156   262.063   273.977    55.721   962.181    38.875   204.794
    39.250     2.992     2.904    14.177    15.942   -25.858     0.155   262.059   273.933    55.715   962.195    39.125   204.779
    39.500     2.985     2.903    14.161    15.927   -25.874     0.152   262.056   273.789    55.704   962.206    39.375   204.766
    39.750     3.012     2.916    14.146    15.912   -25.893     0.155   262.052   274.017    55.694   962.218    39.625   204.753
    40.000     2.989     2.901    14.130    15.898   -25.917     0.159   262.050   273.754    55.687   962.250    39.875   204.741
    40.250     3.004     2.913    14.115    15.883   -25.951     0.162   262.044   273.618    55.674   962.256    40.125   204.728
    40.500     3.006     2.898    14.098    15.868   -25.987     0.159   262.039   273.845    55.666   962.283    40.375   204.712
    40.750     3.001     2.910    14.084    15.853   -26.015     0.161   262.035   273.978    55.655   962.275    40.625   204.699
    41.000     2.997     2.909    14.069    15.839   -26.044     0.160   262.030   273.957    55.647   962.283    40.875   204.683
    41.250     2.987     2.894    14.053    15.824   -26.070     0.157   262.026   273.734    55.644   962.306    41.125   204.667
    41.500     2.957     2.859    14.038    15.810   -26.086     0.161   262.023   273.720    55.635   962.320    41.375   204.657
    41.750     3.021     2.905    14.025    15.795   -26.122     0.164   262.018   273.911    55.618   962.313    41.625   204.644
    42.000     2.999     2.889    14.007    15.780   -26.153     0.155   262.014   273.746    55.612   962.354    41.875   204.631
    42.250     2.991     2.902    13.993    15.766   -26.173     0.148   262.009   273.844    55.601   962.345    42.125   204.616
    42.500     2.972     2.900    13.978    15.751   -26.178     0.150   262.006   273.643    55.598   962.377    42.375   204.605
    42.750     2.976     2.887    13.962    15.737   -26.203     0.150   262.002   273.771    55.592   962.398    42.625   204.590
    43.000     2.988     2.900    13.947    15.722   -26.226     0.151   261.998   273.751    55.581   962.400    42.875   204.577
    43.250     2.971     2.885    13.931    15.707   -26.251     0.154   261.995   273.672    55.574   962.435    43.125   204.565
    43.500     2.986     2.884    13.916    15.693   -26.282     0.154   261.990   273.601    55.562   962.453    43.375   204.554
    43.750     2.992     2.895    13.901    15.678   -26.311     0.154   261.986   273.475    55.550   962.455    43.625   204.542
    44.000     2.976     2.893    13.886    15.664   -26.337     0.158   261.981   273.738    55.542   962.473    43.875   204.530
    44.250     2.978     2.892    13.871    15.649   -26.372     0.153   261.978   273.433    55.531   962.483    44.125   204.516
    44.500     2.974     2.891    13.857    15.635   -26.397     0.147   261.972   273.602    55.518   962.482    44.375   204.501
    44.750     2.962     2.891    13.843    15.621   -26.413     0.145   261.968   273.549    55.515   962.485    44.625   204.484
    45.000     2.952     2.891    13.828    15.607   -26.428     0.147   261.964   273.471    55.513   962.506    44.875   204.470
    45.250     2.965     2.888    13.811    15.592   -26.449     0.151   261.962   273.324    55.507   962.541    45.125   204.458
    45.500     2.963     2.888    13.796    15.577   -26.478     0.153   261.958   273.341    55.496   962.542    45.375   204.445
    45.750     2.959     2.873    13.780    15.563   -26.513     0.154   261.954   273.311    55.487   962.577    45.625   204.432
    46.000     2.964     2.885    13.766    15.548   -26.542     0.153   261.949   273.392    55.475   962.576    45.875   204.419
    46.250     2.952     2.883    13.751    15.534   -26.571     0.152   261.946   273.362    55.465   962.568    46.125   204.405
    46.500     2.969     2.869    13.734    15.520   -26.589     0.149   261.943   273.222    55.465   962.614    46.375   204.392
    46.750     2.949     2.851    13.719    15.506   -26.614     0.150   261.939   273.257    55.456   962.631    46.625   204.380
    47.000     2.981     2.879    13.704    15.492   -26.636     0.145   261.934   273.386    55.441   962.634    46.875   204.370
    47.250     2.934     2.879    13.692    15.478   -26.660     0.146   261.931   273.301    55.425   962.623    47.125   204.358
    47.500     2.968     2.877    13.675    15.464   -26.681     0.144   261.926   273.383    55.423   962.661    47.375   204.347
    47.750     2.960     2.875    13.660    15.450   -26.706     0.140   261.922   273.339    55.417   962.684    47.625   204.331
    48.000     2.933     2.874    13.645    15.436   -26.721     0.136   261.919   272.600    55.414   962.689    47.875   204.316
    48.250     2.938     2.875    13.631    15.422   -26.734     0.140   261.915   273.195    55.406   962.702    48.125   204.303
    48.500     2.917     2.826    13.615    15.408   -26.757     0.140   261.912   272.937    55.406   962.730    48.375   204.289
    48.750     2.953     2.860    13.600    15.394   -26.787     0.147   261.908   272.976    55.399   962.745    48.625   204.278
    49.000     2.938     2.871    13.586    15.380   -26.818     0.152   261.905   273.027    55.386   962.733    48.875   204.265
    49.250     2.953     2.867    13.570    15.366   -26.857     0.152   261.901   272.864    55.377   962.766    49.125   204.253
    49.500     2.937     2.838    13.555    15.352   -26.889     0.148   261.897   272.832    55.370   962.778    49.375   204.238
    49.750     2.971     2.864    13.541    15.338   -26.910     0.147   261.892   272.999    55.357   962.785    49.625   204.230
    50.000     2.926     2.851    13.526    15.325   -26.934     0.142   261.888   272.835    55.354   962.803    49.875   204.214
    50.250     2.943     2.863    13.512    15.311   -26.947     0.140   261.885   272.803    55.343   962.803    50.125   204.204
    50.500     2.934     2.861    13.498    15.298   -26.964     0.140   261.881   272.946    55.336   962.821    50.375   204.190
    50.750     2.916     2.848    13.482    15.284   -26.987     0.136   261.878   272.696    55.331   962.846    50.625   204.177
    51.000     2.940     2.860    13.469    15.270   -27.004     0.136   261.873   272.925    55.319   962.847    50.875   204.164
    51.250     2.916     2.831    13.454    15.257   -27.022     0.135   261.870   272.781    55.316   962.882    51.125   204.150
    51.500     2.928     2.846    13.440    15.243   -27.043     0.139   261.866   272.787    55.310   962.896    51.375   204.136
    51.750     2.938     2.858    13.426    15.229   -27.069     0.144   261.864   272.574    55.299   962.898    51.625   204.126
    52.000     2.939     2.855    13.412    15.216   -27.106     0.142   261.859   272.664    55.288   962.912    51.875   204.112
    52.250     2.927     2.854    13.398    15.202   -27.135     0.140   261.854   272.566    55.279   962.924    52.125   204.100
    52.500     2.921     2.851    13.383    15.189   -27.156     0.141   261.850   272.560    55.275   962.947    52.375   204.088
    52.750     2.932     2.852    13.370    15.175   -27.179     0.143   261.847   272.240    55.263   962.956    52.625   204.076
    53.000     2.931     2.839    13.354    15.161   -27.203     0.141   261.842   272.632    55.254   962.996    52.875   204.067
    53.250     2.917     2.850    13.342    15.148   -27.233     0.138   261.838   272.643    55.245   962.980    53.125   204.052
    53.500     2.917     2.848    13.327    15.135   -27.252     0.132   261.835   272.036    55.236   963.002    53.375   204.039
    53.750     2.900     2.849    13.315    15.121   -27.264     0.130   261.831   272.129    55.224   962.994    53.625   204.026
    54.000     2.902     2.837    13.300    15.108   -27.267     0.135   261.830   271.499    55.228   963.032    53.875   204.014
    54.250     2.906     2.834    13.285    15.094   -27.295     0.142   261.825   272.427    55.220   963.063    54.125   204.004
    54.500     2.925     2.816    13.270    15.081   -27.330     0.141   261.821   272.358    55.206   963.086    54.375   203.994
    54.750     2.942     2.842    13.256    15.067   -27.363     0.140   261.816   272.485    55.193   963.097    54.625   203.984
    55.000     2.910     2.829    13.242    15.055   -27.392     0.135   261.812   272.318    55.185   963.123    54.875   203.969
    55.250     2.918     2.839    13.229    15.042   -27.405     0.134   261.808   272.291    55.179   963.134    55.125   203.958
    55.500     2.903     2.840    13.216    15.029   -27.420     0.137   261.805   272.388    55.173   963.132    55.375   203.947
    55.750     2.888     2.793    13.202    15.016   -27.443     0.136   261.801   272.285    55.164   963.163    55.625   203.938
    56.000     2.937     2.838    13.189    15.003   -27.471     0.135   261.797   272.345    55.155   963.165    55.875   203.926
    56.250     2.905     2.825    13.174    14.990   -27.494     0.133   261.793   272.293    55.147   963.203    56.125   203.915
    56.500     2.908     2.835    13.161    14.977   -27.512     0.131   261.789   272.219    55.139   963.213    56.375   203.904
    56.750     2.898     2.836    13.148    14.964   -27.534     0.129   261.785   272.277    55.131   963.207    56.625   203.891
    57.000     2.899     2.823    13.133    14.951   -27.548     0.129   261.782   272.161    55.127   963.248    56.875   203.880
    57.250     2.891     2.833    13.121    14.938   -27.568     0.132   261.779   271.706    55.117   963.246    57.125   203.867
    57.500     2.883     2.822    13.107    14.925   -27.589     0.136   261.777   271.205    55.111   963.261    57.375   203.855
    57.750     2.912     2.830    13.093    14.911   -27.622     0.139   261.772   271.986    55.100   963.295    57.625   203.846
    58.000     2.898     2.817    13.079    14.898   -27.656     0.136   261.767   271.959    55.090   963.313    57.875   203.835
    58.250     2.902     2.800    13.065    14.885   -27.679     0.132   261.763   272.029    55.079   963.331    58.125   203.822
    58.500     2.900     2.828    13.053    14.873   -27.693     0.132   261.760   271.942    55.071   963.327    58.375   203.811
    58.750     2.876     2.828    13.041    14.860   -27.713     0.131   261.757   271.799    55.058   963.324    58.625   203.798
    59.000     2.892     2.825    13.026    14.847   -27.730     0.133   261.754   271.793    55.054   963.360    58.875   203.788
    59.250     2.881     2.826    13.014    14.834   -27.755     0.131   261.750   271.800    55.041   963.357    59.125   203.776
    59.500     2.900     2.824    12.999    14.821   -27.770     0.130   261.747   271.764    55.035   963.394    59.375   203.767
    59.750     2.892     2.821    12.986    14.809   -27.795     0.131   261.742   271.939    55.026   963.415    59.625   203.756
    60.000     2.890     2.822    12.972    14.796   -27.816     0.128   261.739   271.764    55.016   963.434    59.875   203.748
    60.250     2.888     2.819    12.959    14.783   -27.836     0.128   261.735   271.865    55.008   963.458    60.125   203.737
    60.500     2.881     2.808    12.945    14.771   -27.856     0.127   261.731   271.794    55.000   963.490    60.375   203.729
    60.750     2.880     2.819    12.934    14.758   -27.882     0.127   261.727   271.724    54.987   963.480    60.625   203.719
    61.000     2.887     2.806    12.919    14.746   -27.899     0.125   261.724   271.686    54.984   963.527    60.875   203.709
    61.250     2.874     2.818    12.907    14.733   -27.920     0.126   261.720   271.742    54.973   963.512    61.125   203.697
    61.500     2.870     2.817    12.894    14.721   -27.939     0.128   261.716   271.678    54.968   963.533    61.375   203.684
    61.750     2.870     2.803    12.880    14.708   -27.966     0.128   261.713   271.508    54.964   963.568    61.625   203.670
    62.000     2.872     2.813    12.867    14.695   -27.987     0.129   261.710   271.468    54.955   963.576    61.875   203.660
    62.250     2.870     2.813    12.855    14.683   -28.004     0.132   261.706   271.471    54.947   963.577    62.125   203.648
    62.500     2.855     2.812    12.842    14.670   -28.032     0.140   261.704   271.426    54.940   963.588    62.375   203.635
    62.750     2.859     2.813    12.831    14.658   -28.069     0.138   261.701   271.362    54.921   963.578    62.625   203.625
    63.000     2.896     2.797    12.815    14.646   -28.096     0.134   261.696   271.469    54.921   963.629    62.875   203.612
    63.250     2.886     2.806    12.802    14.634   -28.113     0.129   261.692   271.483    54.912   963.637    63.125   203.604
    63.500     2.875     2.805    12.790    14.622   -28.127     0.125   261.688   271.500    54.904   963.647    63.375   203.593
    63.750     2.857     2.807    12.778    14.610   -28.139     0.122   261.686   271.029    54.892   963.653    63.625   203.584
    64.000     2.861     2.806    12.765    14.598   -28.150     0.120   261.683   271.074    54.890   963.674    63.875   203.571
    64.250     2.855     2.793    12.751    14.586   -28.163     0.119   261.679   271.454    54.886   963.710    64.125   203.560
    64.500     2.855     2.806    12.740    14.574   -28.176     0.119   261.677   271.303    54.874   963.702    64.375   203.551
    64.750     2.865     2.803    12.726    14.562   -28.193     0.124   261.673   271.286    54.870   963.749    64.625   203.542
    65.000     2.852     2.804    12.715    14.549   -28.227     0.126   261.670   270.879    54.859   963.738    64.875   203.530
    65.250     2.869     2.803    12.701    14.537   -28.253     0.125   261.665   271.281    54.851   963.769    65.125   203.520
    65.500     2.858     2.800    12.688    14.525   -28.275     0.127   261.662   270.796    54.846   963.792    65.375   203.509
    65.750     2.847     2.753    12.675    14.513   -28.297     0.130   261.658   271.243    54.836   963.817    65.625   203.502
    66.000     2.877     2.786    12.662    14.501   -28.331     0.131   261.654   271.183    54.825   963.832    65.875   203.493
    66.250     2.875     2.784    12.650    14.489   -28.357     0.126   261.650   271.172    54.814   963.853    66.125   203.483
    66.500     2.851     2.797    12.639    14.477   -28.370     0.123   261.647   271.079    54.803   963.840    66.375   203.475
    66.750     2.855     2.793    12.625    14.465   -28.384     0.123   261.644   271.149    54.801   963.884    66.625   203.464
    67.000     2.836     2.796    12.614    14.453   -28.403     0.121   261.641   271.042    54.790   963.868    66.875   203.453
    67.250     2.841     2.765    12.600    14.441   -28.414     0.119   261.638   270.634    54.786   963.909    67.125   203.443
    67.500     2.855     2.781    12.587    14.429   -28.426     0.120   261.634   271.104    54.778   963.937    67.375   203.435
    67.750     2.852     2.790    12.575    14.417   -28.449     0.120   261.631   270.987    54.771   963.955    67.625   203.424
    68.000     2.844     2.779    12.562    14.405   -28.469     0.122   261.628   271.047    54.763   963.970    67.875   203.413
    68.250     2.847     2.792    12.551    14.393   -28.493     0.123   261.624   271.038    54.752   963.967    68.125   203.403
    68.500     2.845     2.791    12.539    14.381   -28.518     0.123   261.621   270.889    54.742   963.973    68.375   203.394
    68.750     2.866     2.790    12.525    14.370   -28.539     0.125   261.617   271.021    54.734   964.013    68.625   203.388
    69.000     2.837     2.758    12.512    14.358   -28.566     0.123   261.614   270.879    54.727   964.041    68.875   203.378
    69.250     2.849     2.757    12.500    14.347   -28.583     0.121   261.610   270.916    54.718   964.057    69.125   203.370
    69.500     2.831     2.737    12.488    14.335   -28.594     0.122   261.607   270.963    54.710   964.079    69.375   203.364
    69.750     2.860     2.771    12.476    14.323   -28.624     0.121   261.603   271.028    54.700   964.096    69.625   203.355
    70.000     2.852     2.781    12.464    14.311   -28.646     0.117   261.599   271.016    54.691   964.104    69.875   203.346
    70.250     2.829     2.784    12.453    14.300   -28.659     0.113   261.596   270.924    54.681   964.111    70.125   203.337
    70.500     2.811     2.754    12.440    14.288   -28.667     0.112   261.593   270.509    54.681   964.144    70.375   203.324
    70.750     2.827     2.771    12.428    14.276   -28.672     0.116   261.590   270.859    54.675   964.154    70.625   203.315
    71.000     2.820     2.785    12.416    14.264   -28.698     0.121   261.588   270.708    54.668   964.155    70.875   203.304
    71.250     2.832     2.770    12.402    14.252   -28.726     0.124   261.584   270.689    54.660   964.198    71.125   203.293
    71.500     2.836     2.778    12.390    14.240   -28.758     0.128   261.582   270.586    54.648   964.201    71.375   203.285
    71.750     2.834     2.775    12.377    14.229   -28.792     0.127   261.577   270.630    54.640   964.232    71.625   203.274
    72.000     2.842     2.763    12.365    14.217   -28.816     0.125   261.573   270.627    54.629   964.248    71.875   203.264
    72.250     2.826     2.746    12.353    14.205   -28.832     0.121   261.571   270.213    54.618   964.256    72.125   203.255
    72.500     2.838     2.775    12.343    14.194   -28.845     0.119   261.566   270.665    54.605   964.255    72.375   203.248
    72.750     2.836     2.773    12.330    14.183   -28.859     0.116   261.564   270.628    54.600   964.284    72.625   203.239
    73.000     2.823     2.770    12.318    14.172   -28.872     0.113   261.560   270.717    54.595   964.301    72.875   203.230
    73.250     2.812     2.759    12.305    14.161   -28.883     0.112   261.557   270.680    54.591   964.335    73.125   203.221
    73.500     2.824     2.773    12.295    14.149   -28.895     0.111   261.554   270.716    54.578   964.329    73.375   203.212
    73.750     2.805     2.742    12.282    14.138   -28.913     0.111   261.552   270.298    54.576   964.365    73.625   203.201
    74.000     2.799     2.722    12.270    14.126   -28.922     0.116   261.549   270.602    54.570   964.377    73.875   203.192
    74.250     2.820     2.722    12.258    14.115   -28.951     0.120   261.546   270.468    54.564   964.404    74.125   203.185
    74.500     2.839     2.756    12.245    14.103   -28.988     0.121   261.542   270.506    54.553   964.422    74.375   203.176
    74.750     2.836     2.769    12.234    14.092   -29.011     0.121   261.538   270.548    54.542   964.422    74.625   203.167
    75.000     2.831     2.754    12.221    14.080   -29.034     0.120   261.535   270.306    54.531   964.458    74.875   203.160
    75.250     2.833     2.766    12.210    14.069   -29.050     0.119   261.531   270.497    54.521   964.465    75.125   203.156
    75.500     2.812     2.751    12.198    14.058   -29.076     0.119   261.527   270.506    54.515   964.490    75.375   203.145
    75.750     2.821     2.764    12.188    14.047   -29.098     0.115   261.523   270.523    54.502   964.479    75.625   203.135
    76.000     2.815     2.749    12.175    14.036   -29.107     0.111   261.519   270.488    54.501   964.513    75.875   203.125
    76.250     2.811     2.763    12.164    14.025   -29.108     0.111   261.518   270.340    54.494   964.518    76.125   203.118
    76.500     2.787     2.766    12.154    14.014   -29.131     0.114   261.513   270.417    54.481   964.506    76.375   203.109
    76.750     2.820     2.758    12.140    14.003   -29.147     0.116   261.511   270.336    54.482   964.564    76.625   203.102
    77.000     2.784     2.711    12.127    13.991   -29.172     0.117   261.509   270.216    54.476   964.577    76.875   203.092
    77.250     2.831     2.746    12.116    13.980   -29.196     0.121   261.506   270.176    54.465   964.598    77.125   203.086
    77.500     2.825     2.754    12.104    13.969   -29.227     0.123   261.501   270.228    54.452   964.615    77.375   203.080
    77.750     2.827     2.742    12.091    13.958   -29.255     0.119   261.497   270.193    54.441   964.639    77.625   203.073
    78.000     2.823     2.724    12.079    13.947   -29.275     0.117   261.493   270.339    54.431   964.665    77.875   203.067
    78.250     2.823     2.738    12.068    13.936   -29.291     0.113   261.489   270.391    54.423   964.675    78.125   203.060
    78.500     2.822     2.754    12.058    13.926   -29.307     0.111   261.484   270.523    54.413   964.667    78.375   203.052
    78.750     2.815     2.753    12.047    13.915   -29.325     0.109   261.480   270.565    54.408   964.686    78.625   203.043
    79.000     2.806     2.753    12.035    13.904   -29.340     0.108   261.476   270.609    54.403   964.704    78.875   203.033
    79.250     2.795     2.754    12.024    13.893   -29.355     0.107   261.473   270.580    54.397   964.717    79.125   203.023
    79.500     2.795     2.754    12.012    13.881   -29.365     0.106   261.470   270.577    54.392   964.738    79.375   203.014
    79.750     2.801     2.754    11.999    13.870   -29.377     0.106   261.468   270.515    54.389   964.769    79.625   203.004
    80.000     2.804     2.751    11.986    13.858   -29.392     0.106   261.465   270.514    54.384   964.810    79.875   202.994
    80.250     2.778     2.752    11.975    13.846   -29.415     0.108   261.462   270.412    54.374   964.813    80.125   202.985
    80.500     2.795     2.751    11.963    13.834   -29.440     0.109   261.459   270.354    54.367   964.840    80.375   202.975
    80.750     2.793     2.750    11.951    13.823   -29.459     0.108   261.456   270.369    54.358   964.855    80.625   202.966
    81.000     2.805     2.749    11.938    13.811   -29.477     0.108   261.453   270.341    54.351   964.879    80.875   202.956
    81.250     2.789     2.748    11.927    13.800   -29.498     0.110   261.449   270.339    54.343   964.887    81.125   202.947
    81.500     2.784     2.732    11.914    13.788   -29.515     0.111   261.447   270.238    54.335   964.916    81.375   202.938
    81.750     2.803     2.730    11.902    13.777   -29.536     0.109   261.444   270.313    54.324   964.935    81.625   202.930
    82.000     2.816     2.729    11.890    13.766   -29.556     0.106   261.440   270.365    54.312   964.958    81.875   202.921
    82.250     2.806     2.728    11.879    13.755   -29.573     0.103   261.436   270.421    54.304   964.973    82.125   202.913
    82.500     2.794     2.728    11.867    13.744   -29.585     0.100   261.433   270.456    54.298   964.986    82.375   202.904
    82.750     2.791     2.728    11.856    13.733   -29.596     0.100   261.429   270.451    54.293   964.998    82.625   202.895
    83.000     2.791     2.740    11.845    13.722   -29.610     0.099   261.426   270.397    54.287   965.008    82.875   202.887
    83.250     2.776     2.728    11.833    13.711   -29.626     0.101   261.423   270.298    54.282   965.021    83.125   202.878
    83.500     2.788     2.727    11.821    13.700   -29.646     0.103   261.420   270.303    54.275   965.041    83.375   202.869
    83.750     2.792     2.726    11.809    13.688   -29.670     0.104   261.417   270.232    54.267   965.058    83.625   202.860
    84.000     2.786     2.725    11.798    13.677   -29.696     0.105   261.413   270.216    54.258   965.072    83.875   202.851
    84.250     2.793     2.724    11.786    13.666   -29.719     0.105   261.409   270.205    54.250   965.088    84.125   202.842
    84.500     2.781     2.723    11.774    13.655   -29.739     0.105   261.406   270.141    54.242   965.095    84.375   202.834
    84.750     2.785     2.705    11.763    13.644   -29.758     0.104   261.403   270.113    54.233   965.115    84.625   202.825
    85.000     2.782     2.721    11.751    13.633   -29.777     0.104   261.400   270.048    54.224   965.123    84.875   202.816
    85.250     2.769     2.682    11.739    13.622   -29.793     0.102   261.396   270.118    54.218   965.141    85.125   202.807
    85.500     2.786     2.719    11.728    13.611   -29.810     0.102   261.393   270.074    54.211   965.146    85.375   202.799
    85.750     2.782     2.718    11.717    13.600   -29.826     0.101   261.390   270.019    54.204   965.164    85.625   202.790
    86.000     2.764     2.718    11.706    13.589   -29.842     0.100   261.387   270.064    54.196   965.171    85.875   202.782
    86.250     2.772     2.728    11.694    13.578   -29.858     0.100   261.384   269.989    54.190   965.183    86.125   202.773
    86.500     2.380     2.755    11.701    13.559   -29.925     0.147   261.396   269.231    54.261   965.143    86.375   202.760
    86.750     2.271     2.833    11.702    13.527   -30.055     0.169   261.423   268.133    54.239   965.108    86.625   202.746
    87.000     2.504     2.821    11.679    13.496   -30.124     0.141   261.444   268.342    54.167   965.254    86.875   202.732
    87.250     2.695     2.791    11.650    13.469   -30.140     0.117   261.454   268.871    54.067   965.456    87.125   202.719
    87.500     2.737     2.771    11.625    13.449   -30.133     0.097   261.462   269.410    53.981   965.620    87.375   202.710
    87.750     2.723     2.761    11.606    13.434   -30.134     0.082   261.468   269.857    53.925   965.731    87.625   202.702
    88.000     2.912     2.757    11.581    13.418   -30.101     0.067   261.464   270.543    53.898   965.932    87.875   202.692
    88.250     2.778     2.760    11.562    13.403   -30.032     0.057   261.445   269.926    53.881   965.993    88.125   202.681
    88.500     2.779     2.738    11.543    13.388   -29.928     0.062   261.442   268.642    53.874   966.052    88.375   202.668
    88.750     2.562     2.649    11.537    13.375   -29.921     0.098   261.448   267.784    53.871   965.992    88.625   202.657
    89.000     2.692     2.712    11.526    13.360   -29.994     0.123   261.450   267.585    53.863   965.948    88.875   202.648
    89.250     2.795     2.758    11.511    13.346   -30.112     0.136   261.448   266.772    53.820   965.962    89.125   202.638
    89.500     2.860     2.727    11.492    13.336   -30.215     0.120   261.444   268.383    53.779   966.031    89.375   202.630
    89.750     2.860     2.714    11.483    13.331   -30.285     0.100   261.452   269.155    53.740   966.049    89.625   202.625
    90.000     2.778     2.714    11.479    13.329   -30.318     0.083   261.451   269.672    53.735   966.025    89.875   202.620
    90.250     2.809     2.739    11.473    13.324   -30.312     0.068   261.450   270.274    53.756   966.064    90.125   202.612
    90.500     2.924     2.731    11.458    13.313   -30.255     0.055   261.426   270.765    53.774   966.206    90.375   202.603
    90.750     2.743     2.718    11.447    13.301   -30.150     0.048   261.420   269.842    53.796   966.247    90.625   202.592
    91.000     2.657     2.737    11.438    13.288   -30.038     0.058   261.423   268.208    53.808   966.215    90.875   202.580
    91.250     2.521     2.646    11.434    13.276   -30.031     0.099   261.432   267.074    53.816   966.156    91.125   202.580
    91.500     2.636     2.652    11.426    13.260   -30.123     0.130   261.435   266.883    53.793   966.119    91.375   202.610
    91.750     2.836     2.617    11.404    13.244   -30.248     0.137   261.432   267.113    53.752   966.179    91.625   202.595
    92.000     2.875     2.724    11.389    13.235   -30.359     0.121   261.426   267.792    53.709   966.165    91.875   202.540
    92.250     2.886     2.704    11.378    13.231   -30.436     0.101   261.432   268.689    53.664   966.192    92.125   202.536
    92.500     2.787     2.701    11.376    13.231   -30.478     0.084   261.430   269.230    53.655   966.149    92.375   202.533
    92.750     2.731     2.709    11.376    13.230   -30.486     0.070   261.430   269.840    53.673   966.121    92.625   202.527
    93.000     2.912     2.734    11.363    13.221   -30.443     0.057   261.411   270.491    53.700   966.267    92.875   202.530
    93.250     2.860     2.733    11.349    13.209   -30.365     0.047   261.401   270.220    53.688   966.446    93.125   202.632
    93.500     2.694     2.721    11.340    13.197   -30.255     0.044   261.400   269.193    53.685   966.503    93.375   202.688
    93.750     2.646     2.787    11.331    13.184   -30.152     0.061   261.401   267.357    53.689   966.482    93.625   202.709
    94.000     2.467     2.760    11.331    13.172   -30.191     0.111   261.412   267.241    53.689   966.388    93.875   202.715
    94.250     2.703     2.778    11.319    13.154   -30.301     0.136   261.414   266.456    53.658   966.384    94.125   202.755
    94.500     2.878     2.739    11.296    13.139   -30.415     0.133   261.407   265.923    53.612   966.427    94.375   202.706
    94.750     2.799     2.706    11.282    13.132   -30.540     0.115   261.403   267.495    53.589   966.339    94.625   202.605
    95.000     2.808     2.695    11.276    13.130   -30.623     0.098   261.413   268.265    53.572   966.276    94.875   202.547
    95.250     2.748     2.692    11.274    13.131   -30.662     0.082   261.413   268.805    53.574   966.196    95.125   202.491
    95.500     2.706     2.699    11.275    13.130   -30.668     0.068   261.414   269.427    53.593   966.159    95.375   202.476
    95.750     2.815     2.728    11.267    13.125   -30.631     0.056   261.413   269.963    53.604   966.290    95.625   202.550
    96.000     2.979     2.735    11.249    13.112   -30.553     0.046   261.387   270.617    53.578   966.617    95.875   202.707
    96.250     2.840     2.739    11.234    13.098   -30.449     0.040   261.378   269.976    53.564   966.829    96.125   202.811
    96.500     2.593     2.729    11.228    13.087   -30.346     0.043   261.382   267.957    53.564   966.810    96.375   202.817
    96.750     2.523     2.635    11.219    13.074   -30.274     0.077   261.386   266.632    53.572   966.763    96.625   202.833
    97.000     2.511     2.646    11.217    13.059   -30.364     0.129   261.396   266.384    53.560   966.673    96.875   202.859
    97.250     2.832     2.763    11.199    13.040   -30.489     0.147   261.398   265.903    53.517   966.707    97.125   202.889
    97.500     2.872     2.710    11.177    13.027   -30.639     0.136   261.383   266.487    53.467   966.689    97.375   202.817
    97.750     2.749     2.691    11.169    13.023   -30.764     0.117   261.394   267.384    53.444   966.534    97.625   202.720
    98.000     2.742     2.684    11.167    13.024   -30.852     0.098   261.396   267.908    53.438   966.421    97.875   202.656
    98.250     2.714     2.682    11.167    13.026   -30.880     0.081   261.397   268.469    53.446   966.329    98.125   202.597
    98.500     2.694     2.691    11.168    13.027   -30.873     0.066   261.399   269.095    53.468   966.299    98.375   202.579
    98.750     2.819     2.721    11.161    13.023   -30.823     0.054   261.397   269.649    53.481   966.453    98.625   202.655
    99.000     3.000     2.729    11.142    13.010   -30.733     0.044   261.370   270.316    53.452   966.822    98.875   202.828
    99.250     2.903     2.732    11.126    12.995   -30.627     0.038   261.359   269.941    53.431   967.117    99.125   202.954
    99.500     2.708     2.719    11.116    12.982   -30.512     0.037   261.358   268.217    53.423   967.209    99.375   202.982
    99.750     2.559     2.627    11.106    12.968   -30.414     0.060   261.358   266.616    53.429   967.177    99.625   202.983
   100.000     2.412     2.642    11.106    12.956   -30.470     0.117   261.373   265.830    53.434   967.021    99.875   202.980
   100.250     2.637     2.788    11.098    12.938   -30.618     0.154   261.382   265.632    53.405   966.951   100.125   203.006
   100.500     2.944     2.743    11.071    12.920   -30.763     0.154   261.368   265.750    53.348   966.981   100.375   202.963
   100.750     2.772     2.684    11.057    12.914   -30.920     0.132   261.361   266.354    53.314   966.825   100.625   202.851
   101.000     2.713     2.671    11.056    12.916   -31.032     0.111   261.374   267.245    53.305   966.655   100.875   202.777
   101.250     2.704     2.670    11.058    12.919   -31.077     0.090   261.377   267.627    53.314   966.526   101.125   202.708
   101.500     2.678     2.676    11.061    12.923   -31.077     0.073   261.379   268.343    53.337   966.440   101.375   202.659
   101.750     2.686     2.688    11.061    12.925   -31.045     0.060   261.382   268.903    53.362   966.454   101.625   202.662
   102.000     2.924     2.717    11.049    12.917   -30.962     0.049   261.374   269.486    53.362   966.727   101.875   202.782
   102.250     3.015     2.727    11.029    12.903   -30.858     0.041   261.345   270.124    53.328   967.137   102.125   202.965
   102.500     2.912     2.731    11.012    12.888   -30.745     0.035   261.336   269.502    53.308   967.438   102.375   203.075
   102.750     2.668     2.718    11.004    12.875   -30.640     0.038   261.334   267.676    53.304   967.482   102.625   203.072
   103.000     2.531     2.743    10.997    12.862   -30.567     0.068   261.334   266.023    53.318   967.377   102.875   203.042
   103.250     2.468     2.834    11.003    12.847   -30.636     0.111   261.351   264.383    53.300   967.182   103.125   202.996
   103.500     2.756     2.760    10.980    12.827   -30.754     0.133   261.355   264.934    53.281   967.250   103.375   203.052
   103.750     2.917     2.696    10.956    12.814   -30.925     0.127   261.333   265.975    53.217   967.221   103.625   202.990
   104.000     2.633     2.666    10.953    12.814   -31.089     0.114   261.346   266.708    53.199   966.947   103.875   202.890
   104.250     2.682     2.666    10.954    12.817   -31.201     0.097   261.351   267.330    53.198   966.791   104.125   202.828
   104.500     2.682     2.660    10.957    12.822   -31.239     0.080   261.354   267.734    53.205   966.661   104.375   202.752
   104.750     2.666     2.670    10.960    12.827   -31.235     0.066   261.357   268.398    53.232   966.594   104.625   202.716
   105.000     2.745     2.702    10.958    12.827   -31.190     0.053   261.358   268.935    53.258   966.684   104.875   202.760
   105.250     2.988     2.714    10.942    12.817   -31.095     0.044   261.330   269.615    53.244   967.039   105.125   202.915
   105.500     3.013     2.726    10.922    12.802   -30.986     0.037   261.315   270.147    53.209   967.470   105.375   203.104
   105.750     2.885     2.732    10.905    12.785   -30.864     0.033   261.307   269.376    53.193   967.752   105.625   203.193
   106.000     2.599     2.720    10.899    12.772   -30.765     0.040   261.307   267.165    53.194   967.745   105.875   203.167
   106.250     2.441     2.816    10.901    12.760   -30.734     0.079   261.315   264.794    53.194   967.518   106.125   203.078
   106.500     2.470     2.831    10.899    12.743   -30.809     0.114   261.330   264.057    53.190   967.395   106.375   203.063
   106.750     2.682     2.756    10.877    12.726   -30.949     0.132   261.328   264.903    53.172   967.398   106.625   203.091
   107.000     2.890     2.667    10.854    12.713   -31.127     0.124   261.315   265.611    53.115   967.334   106.875   203.002
   107.250     2.703     2.654    10.849    12.713   -31.276     0.108   261.327   266.467    53.091   967.119   107.125   202.914
   107.500     2.714     2.654    10.850    12.718   -31.363     0.090   261.330   267.073    53.089   966.973   107.375   202.850
   107.750     2.687     2.652    10.853    12.724   -31.388     0.074   261.331   267.670    53.101   966.847   107.625   202.784
   108.000     2.677     2.663    10.857    12.729   -31.372     0.060   261.333   268.301    53.132   966.798   107.875   202.765
   108.250     2.769     2.696    10.854    12.729   -31.316     0.049   261.332   268.834    53.156   966.922   108.125   202.827
   108.500     2.993     2.710    10.838    12.719   -31.217     0.041   261.304   269.521    53.139   967.295   108.375   202.989
   108.750     3.008     2.709    10.818    12.703   -31.108     0.035   261.288   270.022    53.106   967.719   108.625   203.163
   109.000     2.851     2.695    10.802    12.687   -30.986     0.032   261.280   269.092    53.095   967.965   108.875   203.227
   109.250     2.577     2.718    10.797    12.674   -30.892     0.043   261.281   266.772    53.100   967.923   109.125   203.185
   109.500     2.400     2.814    10.802    12.662   -30.895     0.083   261.290   264.415    53.102   967.662   109.375   203.092
   109.750     2.469     2.814    10.798    12.647   -30.998     0.118   261.305   263.692    53.099   967.509   109.625   203.075
   110.000     2.935     2.722    10.765    12.626   -31.128     0.129   261.295   264.836    53.062   967.634   109.875   203.102
   110.250     2.713     2.667    10.753    12.620   -31.308     0.119   261.285   265.603    53.015   967.437   110.125   203.014
   110.500     2.585     2.652    10.756    12.623   -31.460     0.104   261.303   266.302    53.006   967.177   110.375   202.943
   110.750     2.699     2.646    10.757    12.628   -31.537     0.087   261.307   266.977    52.999   967.060   110.625   202.883
   111.000     2.659     2.647    10.761    12.635   -31.554     0.071   261.310   267.541    53.013   966.947   110.875   202.824
   111.250     2.670     2.661    10.764    12.640   -31.532     0.058   261.311   268.163    53.044   966.930   111.125   202.821
   111.500     2.862     2.693    10.757    12.636   -31.459     0.047   261.306   268.755    53.058   967.151   111.375   202.919
   111.750     2.997     2.708    10.738    12.625   -31.356     0.039   261.276   269.424    53.032   967.556   111.625   203.097
   112.000     2.978     2.709    10.720    12.609   -31.245     0.033   261.262   269.753    53.001   967.964   111.875   203.251
   112.250     2.790     2.672    10.705    12.592   -31.129     0.031   261.257   268.530    52.995   968.169   112.125   203.294
   112.500     2.601     2.718    10.697    12.578   -31.038     0.045   261.257   266.397    52.997   968.156   112.375   203.264
   112.750     2.386     2.796    10.700    12.565   -31.052     0.083   261.269   264.591    53.003   967.886   112.625   203.167
   113.000     2.453     2.801    10.697    12.552   -31.161     0.120   261.282   263.284    53.001   967.683   112.875   203.115
   113.250     2.847     2.721    10.669    12.533   -31.298     0.132   261.272   264.594    52.973   967.758   113.125   203.132
   113.500     2.712     2.663    10.657    12.526   -31.478     0.122   261.265   265.227    52.932   967.561   113.375   203.022
   113.750     2.586     2.645    10.659    12.530   -31.619     0.105   261.284   265.882    52.917   967.314   113.625   202.955
   114.000     2.716     2.638    10.660    12.535   -31.685     0.087   261.286   266.590    52.909   967.207   113.875   202.897
   114.250     2.668     2.640    10.664    12.543   -31.700     0.071   261.288   267.198    52.925   967.090   114.125   202.839
   114.500     2.675     2.653    10.668    12.549   -31.676     0.058   261.289   267.857    52.955   967.072   114.375   202.836
   114.750     2.849     2.685    10.662    12.546   -31.606     0.047   261.283   268.465    52.972   967.277   114.625   202.927
   115.000     2.995     2.700    10.644    12.535   -31.504     0.039   261.254   269.156    52.949   967.672   114.875   203.095
   115.250     2.992     2.701    10.626    12.520   -31.395     0.033   261.239   269.637    52.918   968.089   115.125   203.252
   115.500     2.805     2.664    10.611    12.504   -31.279     0.031   261.232   268.534    52.911   968.313   115.375   203.296
   115.750     2.593     2.711    10.605    12.489   -31.188     0.042   261.232   266.382    52.915   968.298   115.625   203.264
   116.000     2.353     2.603    10.601    12.478   -31.180     0.081   261.243   264.552    52.937   968.100   115.875   203.194
   116.250     2.453     2.607    10.596    12.465   -31.305     0.114   261.255   264.325    52.938   967.932   116.125   203.181
   116.500     2.716     2.729    10.582    12.449   -31.463     0.140   261.255   264.246    52.906   967.839   116.375   203.165
   116.750     2.771     2.673    10.564    12.438   -31.624     0.141   261.245   264.517    52.851   967.737   116.625   203.096
   117.000     2.617     2.646    10.563    12.439   -31.764     0.120   261.261   265.367    52.820   967.534   116.875   203.040
   117.250     2.743     2.633    10.562    12.443   -31.847     0.097   261.261   266.250    52.800   967.447   117.125   202.992
   117.500     2.676     2.632    10.567    12.451   -31.860     0.078   261.263   266.667    52.810   967.326   117.375   202.936
   117.750     2.670     2.643    10.572    12.458   -31.838     0.063   261.264   267.396    52.837   967.287   117.625   202.927
   118.000     2.769     2.676    10.570    12.458   -31.780     0.051   261.262   268.002    52.860   967.420   117.875   202.994
   118.250     2.976     2.689    10.554    12.448   -31.684     0.042   261.232   268.734    52.843   967.787   118.125   203.149
   118.500     2.991     2.701    10.536    12.434   -31.578     0.035   261.217   269.281    52.810   968.213   118.375   203.318
   118.750     2.883     2.710    10.520    12.417   -31.459     0.031   261.208   268.745    52.797   968.508   118.625   203.382
   119.000     2.574     2.700    10.514    12.403   -31.370     0.036   261.209   266.610    52.805   968.506   118.875   203.349
   119.250     2.478     2.718    10.511    12.388   -31.324     0.067   261.212   264.859    52.803   968.370   119.125   203.273
   119.500     2.379     2.782    10.511    12.379   -31.391     0.102   261.230   263.180    52.822   968.092   119.375   203.185
   119.750     2.575     2.569    10.492    12.365   -31.515     0.125   261.233   263.799    52.830   968.033   119.625   203.188
   120.000     2.836     2.665    10.474    12.352   -31.686     0.121   261.222   264.465    52.781   967.958   119.875   203.119
   120.250     2.602     2.636    10.473    12.352   -31.840     0.106   261.236   265.326    52.747   967.711   120.125   203.041
   120.500     2.681     2.631    10.474    12.357   -31.936     0.089   261.240   265.880    52.731   967.577   120.375   202.994
   120.750     2.676     2.624    10.478    12.365   -31.965     0.073   261.241   266.485    52.732   967.459   120.625   202.939
   121.000     2.660     2.634    10.483    12.372   -31.950     0.059   261.242   267.141    52.758   967.398   120.875   202.921
   121.250     2.729     2.668    10.484    12.375   -31.900     0.049   261.242   267.732    52.785   967.493   121.125   202.970
   121.500     2.977     2.681    10.469    12.366   -31.808     0.040   261.212   268.514    52.773   967.847   121.375   203.113
   121.750     3.003     2.693    10.451    12.352   -31.710     0.034   261.196   269.115    52.738   968.276   121.625   203.285
   122.000     2.911     2.701    10.434    12.336   -31.600     0.030   261.186   268.548    52.725   968.588   121.875   203.354
   122.250     2.634     2.689    10.427    12.322   -31.502     0.034   261.182   266.840    52.726   968.637   122.125   203.326
   122.500     2.488     2.700    10.420    12.310   -31.448     0.061   261.183   265.002    52.744   968.523   122.375   203.268
   122.750     2.357     2.588    10.416    12.302   -31.534     0.100   261.200   263.597    52.777   968.257   122.625   203.207
   123.000     2.675     2.716    10.403    12.288   -31.682     0.127   261.198   263.708    52.778   968.127   122.875   203.193
   123.250     2.678     2.670    10.392    12.276   -31.847     0.127   261.192   264.169    52.733   967.979   123.125   203.119
   123.500     2.560     2.645    10.392    12.274   -31.996     0.113   261.212   264.931    52.693   967.783   123.375   203.079
   123.750     2.659     2.629    10.393    12.278   -32.092     0.094   261.216   265.713    52.664   967.676   123.625   203.036
   124.000     2.660     2.622    10.396    12.285   -32.123     0.076   261.220   266.123    52.656   967.573   123.875   202.986
   124.250     2.651     2.631    10.401    12.292   -32.105     0.062   261.221   266.782    52.676   967.526   124.125   202.971
   124.500     2.733     2.664    10.400    12.294   -32.050     0.051   261.220   267.312    52.699   967.631   124.375   203.023
   124.750     2.965     2.677    10.384    12.285   -31.953     0.042   261.191   268.009    52.685   967.982   124.625   203.161
   125.000     2.992     2.688    10.366    12.271   -31.850     0.036   261.175   268.565    52.650   968.406   124.875   203.327
   125.250     2.918     2.694    10.350    12.255   -31.744     0.032   261.164   268.250    52.633   968.727   125.125   203.392
   125.500     2.652     2.681    10.342    12.241   -31.649     0.034   261.160   266.708    52.632   968.787   125.375   203.357
   125.750     2.519     2.689    10.335    12.229   -31.590     0.060   261.162   264.833    52.650   968.679   125.625   203.294
   126.000     2.331     2.579    10.332    12.223   -31.678     0.096   261.173   263.942    52.691   968.407   125.875   203.238
   126.250     2.639     2.637    10.320    12.210   -31.812     0.127   261.174   263.706    52.694   968.276   126.125   203.227
   126.500     2.651     2.658    10.310    12.199   -31.980     0.134   261.172   263.797    52.663   968.111   126.375   203.150
   126.750     2.574     2.644    10.308    12.195   -32.123     0.118   261.190   264.593    52.616   967.955   126.625   203.128
   127.000     2.665     2.626    10.308    12.197   -32.218     0.097   261.194   265.397    52.578   967.871   126.875   203.092
   127.250     2.658     2.617    10.311    12.204   -32.253     0.079   261.196   266.000    52.563   967.776   127.125   203.045
   127.500     2.645     2.625    10.316    12.211   -32.235     0.064   261.198   266.463    52.580   967.727   127.375   203.033
   127.750     2.710     2.658    10.317    12.214   -32.183     0.052   261.199   267.005    52.602   967.814   127.625   203.080
   128.000     2.955     2.670    10.301    12.205   -32.088     0.043   261.169   267.719    52.589   968.154   127.875   203.212
   128.250     2.979     2.681    10.284    12.192   -31.987     0.037   261.153   268.283    52.556   968.563   128.125   203.370
   128.500     2.912     2.688    10.268    12.176   -31.881     0.032   261.143   268.073    52.541   968.883   128.375   203.431
   128.750     2.661     2.674    10.259    12.162   -31.785     0.034   261.138   266.609    52.540   968.956   128.625   203.396
   129.000     2.543     2.679    10.251    12.151   -31.717     0.058   261.138   264.331    52.559   968.865   128.875   203.332
   129.250     2.305     2.571    10.249    12.146   -31.797     0.094   261.151   263.789    52.610   968.567   129.125   203.262
   129.500     2.611     2.704    10.240    12.135   -31.930     0.121   261.156   263.711    52.620   968.402   129.375   203.252
   129.750     2.632     2.659    10.230    12.124   -32.098     0.135   261.152   263.658    52.598   968.235   129.625   203.173
   130.000     2.568     2.643    10.228    12.119   -32.251     0.119   261.168   264.409    52.547   968.097   129.875   203.161
   130.250     2.656     2.623    10.228    12.121   -32.350     0.098   261.173   265.190    52.503   968.023   130.125   203.131
   130.500     2.654     2.613    10.231    12.128   -32.384     0.079   261.176   265.790    52.483   967.935   130.375   203.088
   130.750     2.640     2.620    10.236    12.135   -32.365     0.064   261.178   266.256    52.495   967.889   130.625   203.078
   131.000     2.695     2.654    10.237    12.137   -32.311     0.052   261.164   266.831    52.516   967.972   130.875   203.126
   131.250     2.948     2.665    10.222    12.129   -32.213     0.043   261.149   267.474    52.502   968.314   131.125   203.256
   131.500     2.970     2.676    10.204    12.115   -32.110     0.037   261.133   268.033    52.469   968.722   131.375   203.408
   131.750     2.909     2.683    10.188    12.099   -32.003     0.032   261.123   267.872    52.452   969.046   131.625   203.466
   132.000     2.660     2.667    10.180    12.086   -31.908     0.033   261.117   266.481    52.451   969.121   131.875   203.430
   132.250     2.541     2.670    10.171    12.075   -31.842     0.056   261.116   264.259    52.471   969.018   132.125   203.357
   132.500     2.368     2.675    10.169    12.071   -31.921     0.091   261.129   263.579    52.527   968.697   132.375   203.278
   132.750     2.632     2.690    10.156    12.060   -32.030     0.119   261.130   262.965    52.551   968.565   132.625   203.249
   133.000     2.585     2.640    10.149    12.051   -32.193     0.121   261.125   263.659    52.531   968.363   132.875   203.176
   133.250     2.532     2.635    10.151    12.048   -32.345     0.109   261.146   264.363    52.486   968.195   133.125   203.154
   133.500     2.613     2.618    10.153    12.050   -32.445     0.092   261.153   265.106    52.442   968.097   133.375   203.120
   133.750     2.640     2.608    10.157    12.057   -32.482     0.075   261.156   265.713    52.421   968.017   133.625   203.082
   134.000     2.633     2.616    10.162    12.064   -32.466     0.061   261.158   266.186    52.432   967.980   133.875   203.075
   134.250     2.702     2.650    10.162    12.066   -32.414     0.050   261.145   266.771    52.450   968.078   134.125   203.126
   134.500     2.949     2.662    10.147    12.057   -32.318     0.041   261.129   267.429    52.436   968.427   134.375   203.255
   134.750     2.972     2.673    10.130    12.043   -32.216     0.035   261.114   267.989    52.401   968.841   134.625   203.405
   135.000     2.910     2.681    10.113    12.027   -32.108     0.031   261.102   267.797    52.385   969.169   134.875   203.459
   135.250     2.650     2.660    10.104    12.014   -32.013     0.032   261.097   266.382    52.385   969.241   135.125   203.419
   135.500     2.542     2.662    10.094    12.004   -31.954     0.056   261.096   264.593    52.416   969.129   135.375   203.348
   135.750     2.305     2.548    10.091    12.002   -32.037     0.091   261.104   263.863    52.478   968.790   135.625   203.267
   136.000     2.593     2.616    10.082    11.992   -32.170     0.125   261.108   263.213    52.502   968.614   135.875   203.253
   136.250     2.579     2.648    10.076    11.983   -32.338     0.132   261.110   263.239    52.488   968.400   136.125   203.177
   136.500     2.566     2.635    10.076    11.977   -32.483     0.116   261.127   264.027    52.430   968.300   136.375   203.180
   136.750     2.613     2.616    10.078    11.979   -32.580     0.096   261.134   264.787    52.377   968.221   136.625   203.148
   137.000     2.639     2.604    10.081    11.985   -32.613     0.078   261.137   265.386    52.349   968.151   136.875   203.112
   137.250     2.632     2.611    10.086    11.992   -32.594     0.063   261.139   265.850    52.356   968.118   137.125   203.106
   137.500     2.683     2.646    10.088    11.994   -32.539     0.051   261.126   266.431    52.374   968.208   137.375   203.155
   137.750     2.941     2.657    10.073    11.986   -32.442     0.043   261.110   267.066    52.359   968.551   137.625   203.281
   138.000     2.960     2.668    10.056    11.973   -32.340     0.036   261.096   267.615    52.324   968.960   137.875   203.427
   138.250     2.911     2.675    10.039    11.956   -32.235     0.032   261.084   267.593    52.305   969.298   138.125   203.484
   138.500     2.677     2.650    10.029    11.943   -32.139     0.032   261.077   266.353    52.303   969.388   138.375   203.444
   138.750     2.569     2.652    10.018    11.934   -32.072     0.053   261.073   264.710    52.332   969.294   138.625   203.376
   139.000     2.306     2.715    10.024    11.933   -32.149     0.084   261.086   262.529    52.390   968.859   138.875   203.252
   139.250     2.559     2.685    10.011    11.925   -32.259     0.117   261.093   262.147    52.443   968.706   139.125   203.233
   139.500     2.549     2.637    10.004    11.917   -32.424     0.121   261.090   263.253    52.436   968.507   139.375   203.171
   139.750     2.551     2.633    10.005    11.911   -32.569     0.108   261.109   263.984    52.380   968.393   139.625   203.170
   140.000     2.600     2.613    10.008    11.912   -32.670     0.090   261.116   264.728    52.322   968.313   139.875   203.139
   140.250     2.637     2.601    10.011    11.918   -32.703     0.073   261.119   265.338    52.291   968.252   140.125   203.106
   140.500     2.631     2.608    10.016    11.925   -32.685     0.059   261.121   265.811    52.295   968.229   140.375   203.103
   140.750     2.684     2.642    10.017    11.927   -32.632     0.049   261.108   266.399    52.310   968.330   140.625   203.154
   141.000     2.942     2.653    10.002    11.918   -32.536     0.040   261.092   267.041    52.293   968.680   140.875   203.279
   141.250     2.961     2.665     9.985    11.905   -32.434     0.035   261.077   267.593    52.258   969.092   141.125   203.422
   141.500     2.910     2.673     9.968    11.888   -32.328     0.031   261.065   267.504    52.241   969.426   141.375   203.472
   141.750     2.660     2.643     9.958    11.876   -32.232     0.032   261.059   266.207    52.244   969.495   141.625   203.428
   142.000     2.537     2.647     9.949    11.869   -32.178     0.053   261.055   263.940    52.281   969.360   141.875   203.353
   142.250     2.325     2.708     9.953    11.868   -32.261     0.084   261.068   262.372    52.343   968.939   142.125   203.240
   142.500     2.553     2.679     9.940    11.860   -32.372     0.117   261.074   262.114    52.399   968.779   142.375   203.219
   142.750     2.523     2.638     9.934    11.852   -32.530     0.119   261.072   263.139    52.395   968.564   142.625   203.156
   143.000     2.555     2.628     9.935    11.846   -32.680     0.105   261.091   263.892    52.333   968.473   142.875   203.161
   143.250     2.597     2.608     9.938    11.847   -32.776     0.087   261.098   264.647    52.268   968.398   143.125   203.129
   143.500     2.632     2.597     9.942    11.853   -32.804     0.071   261.102   265.242    52.234   968.342   143.375   203.100
   143.750     2.631     2.605     9.947    11.860   -32.784     0.057   261.103   265.701    52.237   968.327   143.625   203.100
   144.000     2.685     2.639     9.948    11.862   -32.729     0.047   261.089   266.247    52.250   968.437   143.875   203.155
   144.250     2.942     2.651     9.933    11.853   -32.631     0.039   261.073   266.870    52.233   968.792   144.125   203.280
   144.500     2.957     2.662     9.916    11.839   -32.530     0.034   261.058   267.403    52.196   969.205   144.375   203.418
   144.750     2.910     2.668     9.899    11.822   -32.425     0.030   261.046   267.328    52.178   969.540   144.625   203.464
   145.000     2.649     2.637     9.889    11.811   -32.334     0.031   261.039   266.063    52.186   969.588   144.875   203.415
   145.250     2.532     2.634     9.879    11.805   -32.286     0.053   261.036   263.805    52.228   969.443   145.125   203.340
   145.500     2.313     2.701     9.885    11.805   -32.367     0.084   261.048   262.247    52.294   969.013   145.375   203.230
   145.750     2.528     2.684     9.877    11.797   -32.486     0.121   261.052   262.670    52.343   968.795   145.625   203.187
   146.000     2.522     2.633     9.867    11.790   -32.644     0.119   261.054   262.982    52.351   968.625   145.875   203.144
   146.250     2.555     2.625     9.869    11.784   -32.790     0.104   261.073   263.796    52.286   968.546   146.125   203.154
   146.500     2.588     2.605     9.872    11.785   -32.887     0.086   261.081   264.553    52.217   968.478   146.375   203.125
   146.750     2.627     2.594     9.876    11.791   -32.912     0.070   261.084   265.132    52.180   968.431   146.625   203.100
   147.000     2.629     2.602     9.881    11.797   -32.888     0.057   261.086   265.555    52.180   968.427   146.875   203.108
   147.250     2.683     2.637     9.882    11.798   -32.830     0.047   261.072   266.111    52.191   968.548   147.125   203.167
   147.500     2.939     2.649     9.867    11.789   -32.730     0.039   261.055   266.721    52.170   968.914   147.375   203.294
   147.750     2.954     2.660     9.849    11.774   -32.627     0.034   261.041   267.238    52.131   969.333   147.625   203.430
   148.000     2.904     2.661     9.832    11.758   -32.522     0.030   261.029   267.125    52.112   969.666   147.875   203.472
   148.250     2.651     2.630     9.821    11.748   -32.431     0.031   261.021   265.913    52.126   969.707   148.125   203.420
   148.500     2.528     2.627     9.811    11.742   -32.387     0.053   261.019   264.088    52.176   969.556   148.375   203.348
   148.750     2.304     2.694     9.817    11.743   -32.472     0.084   261.030   262.081    52.243   969.107   148.625   203.231
   149.000     2.531     2.653     9.803    11.736   -32.590     0.120   261.035   262.531    52.307   968.941   148.875   203.213
   149.250     2.492     2.627     9.800    11.730   -32.760     0.122   261.036   262.805    52.299   968.711   149.125   203.156
   149.500     2.563     2.622     9.802    11.723   -32.905     0.107   261.055   263.605    52.231   968.650   149.375   203.167
   149.750     2.581     2.602     9.807    11.723   -33.000     0.088   261.063   264.359    52.158   968.595   149.625   203.142
   150.000     2.619     2.592     9.811    11.729   -33.023     0.071   261.067   264.918    52.120   968.551   149.875   203.118
