  1000.000     6.622     3.957    -0.000     0.668    -1.579    -1.158     2.706     0.000     0.000     0.000     0.000     0.000     0.000   298.394     0.000   0.00E+00    -1.014     0.311   279.758
   950.000     2.533     3.770     0.001     0.840     1.422    -1.434    -0.013     0.000    16.027     0.000   -11.917     0.000     0.002   298.377     0.000   0.48E-06    -1.466     0.348   275.697
   900.000    -1.135     2.895    -0.286     0.741     1.393    -1.429     0.000     0.000    16.017    -0.002   -11.587     0.002     2.218   295.208     0.001   0.16E-01    -0.425     0.371   271.731
   850.000    -4.544     2.006     0.297     0.684     1.435    -1.476     0.000     0.000    14.893    -2.210   -10.230     2.548     1.902   293.565     0.048   0.28E+00     0.189     0.400   268.890
   800.000    -7.992     1.308     0.562     0.574     1.553    -1.597     0.000     0.000    13.584    -1.902    -7.964     2.258     0.622   292.239     0.015   0.29E+00     0.728     0.433   265.758
   750.000   -11.570     0.790     0.517     0.435     1.554    -1.602     0.000     0.000    13.038    -0.622    -6.953     1.691     0.281   291.729     0.003   0.18E+00     1.028     0.459   262.284
   700.000   -15.421     0.456     0.310     0.321     1.450    -1.501     0.000     0.000    12.925    -0.188    -6.049     1.526     0.228   291.883     0.004   0.14E+00     1.036     0.479   258.413
   650.000   -19.697     0.274     0.084     0.249     1.285    -1.341     0.000     0.000    12.891    -0.134    -5.231     1.411     0.246   292.454     0.006   0.11E+00     0.880     0.490   254.088
   600.000   -24.480     0.161    -0.107     0.210     1.077    -1.138     0.000     0.000    12.908    -0.164    -4.274     1.495     0.235   293.355     0.009   0.10E+00     0.659     0.488   249.251
   550.000   -29.841     0.098    -0.219     0.204     0.862    -0.930     0.000     0.000    13.057    -0.170    -3.197     1.652     0.166   294.097     0.016   0.11E+00     0.446     0.471   243.849
   500.000   -35.949     0.084    -0.236     0.251     0.751    -0.828     0.000     0.000    13.546    -0.112    -2.029     1.920     0.048   294.679     0.025   0.63E-01     0.273     0.439   237.836
   450.000   -42.772     0.082    -0.209     0.416     0.756    -0.844     0.000     0.000    14.499     0.000    -0.987     2.374     0.258   295.197     0.083   0.16E+00     0.117     0.394   231.169
   400.000   -50.152     0.049    -0.231     0.645     0.653    -0.750     0.000     0.000    14.212    -0.001    -0.340     2.587     1.987   295.550     0.184   0.15E+00     0.037     0.339   223.788
   350.000   -58.254     0.020    -0.293     0.748     0.487    -0.595     0.000     0.000    12.132     0.000    -0.087     3.147     4.526   295.810     0.148   0.50E-01     0.006     0.260   215.601
   300.000   -67.150     0.008    -0.432     1.017     0.272    -0.389     0.000     0.000     1.980     0.000    -0.007     0.370    10.422   296.089     0.425   0.93E-02    -0.000     0.170   206.457
   250.000   -73.571     0.004    -2.514     1.002    -0.000    -0.107     0.000     0.000     0.007     0.000    -0.000     0.000     1.973   298.279     0.353   0.92E-03    -0.000     0.045   195.987
   200.000   -71.531     0.001    -4.000     0.153    -0.000    -0.046     0.000     0.000     0.000     0.000    -0.000     0.000     0.007   312.145     0.000   0.33E-05    -0.000     0.001   183.257
   150.000   -72.490     0.001    -4.000     0.122     0.000     0.003     0.000     0.000     0.000     0.000     0.000     0.000     0.000   326.326     0.000   0.00E+00     0.000     0.000   166.861
   100.000   -71.844     0.001    -4.000     0.082     0.000     0.007     0.000     0.000     0.000     0.000     0.000     0.000     0.000   349.252     0.000   0.00E+00     0.000     0.000   143.912
    80.000   -69.464     0.001    -4.000     0.051     0.000     0.019     0.000     0.000     0.000     0.000     0.000     0.000     0.000   363.942     0.000   0.00E+00     0.000     0.000     0.000
    60.000   -63.187     0.001     0.000     0.018     0.000     0.050     0.000     0.000     0.000     0.000     0.000     0.000     0.000   386.354     0.000   0.00E+00     0.000     0.000     0.000
    40.000   -54.769     0.001     0.000     0.005     0.000     0.092     0.000     0.000     0.000     0.000     0.000     0.000     0.000   418.775     0.000   0.00E+00     0.000     0.000     0.000
    30.000   -48.554     0.001     0.000     0.002     0.000     0.123     0.000     0.000     0.000     0.000     0.000     0.000     0.000   442.671     0.000   0.00E+00     0.000     0.000     0.000
    25.000   -37.598     0.001     0.000     0.001     0.000     0.178     0.000     0.000     0.000     0.000     0.000     0.000     0.000   465.285     0.000   0.00E+00    -0.001     0.000     0.000
