  1000.000    27.138    17.270     0.000     0.758    -2.103    -1.051     3.230     0.000     0.000     0.000     0.000     0.000     0.000   349.311     0.000   0.00E+00    -2.267     0.590   300.289
   975.000    24.943    17.034     0.000     0.841    -1.563    -1.895     2.499     0.000    11.780     0.000    -5.694     0.000     0.000   349.307     0.000   0.00E+00    -2.269     0.614   298.136
   950.000    22.839    16.959     0.000     0.937     5.593    -1.594    -2.788     0.000    11.780     0.000   -11.389     0.000     0.000   349.301     0.000   0.00E+00    -4.506     0.632   295.943
   925.000    22.276    14.431    -0.727     0.796     2.024    -1.942     0.000     0.000    11.780     0.000    -6.106     0.000     1.977   343.507     0.000   0.74E-02    -2.259     0.647   294.157
   900.000    20.996    13.186    -0.418     0.772     1.744    -1.665     0.000     0.000    11.213    -1.977    -7.372     1.574     1.008   341.175     0.000   0.00E+00    -1.647     0.669   293.191
   875.000    19.809    12.050    -0.292     0.746     1.704    -1.615     0.000     0.000    10.708    -1.412    -6.370     1.127     0.883   339.289     0.000   0.00E+00    -1.041     0.692   292.192
   850.000    18.599    11.073    -0.207     0.726     1.638    -1.539     0.000     0.000    10.248    -1.167    -6.038     0.956     0.770   337.899     0.000   0.00E+00    -0.592     0.714   291.160
   825.000    17.353    10.216    -0.143     0.711     1.593    -1.482     0.000     0.000     9.829    -0.984    -5.771     0.841     0.664   336.851     0.000   0.00E+00    -0.259     0.735   290.091
   800.000    16.068     9.444    -0.095     0.700     1.558    -1.435     0.000     0.000     9.449    -0.818    -5.515     0.753     0.610   336.087     0.000   0.00E+00    -0.011     0.753   288.983
   775.000    14.737     8.728    -0.054     0.692     1.535    -1.401     0.000     0.000     9.084    -0.703    -5.267     0.731     0.639   335.481     0.000   0.00E+00     0.168     0.770   287.831
   750.000    13.355     8.093    -0.015     0.686     1.520    -1.376     0.000     0.000     8.736    -0.658    -5.037     0.725     0.602   334.951     0.000   0.89E-04     0.323     0.783   286.634
   725.000    11.905     7.488     0.020     0.677     1.513    -1.359     0.000     0.000     8.388    -0.602    -4.809     0.671     0.558   334.469     0.001   0.78E-02     0.478     0.794   285.386
   700.000    10.393     6.876     0.052     0.665     1.508    -1.346     0.000     0.000     8.017    -0.558    -4.597     0.606     0.486   333.950     0.001   0.11E-01     0.650     0.802   284.083
   675.000     8.833     6.247     0.073     0.647     1.505    -1.333     0.000     0.000     7.654    -0.486    -4.393     0.543     0.366   333.381     0.001   0.21E-01     0.843     0.806   282.720
   650.000     7.213     5.607     0.075     0.626     1.510    -1.328     0.000     0.000     7.342    -0.366    -4.207     0.469     0.277   332.892     0.002   0.46E-01     1.016     0.808   281.290
   625.000     5.533     4.978     0.065     0.604     1.510    -1.319     0.000     0.000     7.078    -0.257    -4.071     0.399     0.078   332.477     0.002   0.58E-01     1.144     0.807   279.786
   600.000     3.765     4.409     0.036     0.593     1.553    -1.352     0.000     0.000     7.045    -0.032    -4.032     0.400     0.063   332.453     0.001   0.55E-01     1.167     0.803   278.201
   575.000     1.855     3.909     0.076     0.588     1.587    -1.384     0.000     0.000     7.057     0.000    -4.412     0.422     0.062   332.493     0.002   0.59E-01     1.174     0.796   276.525
   550.000    -0.252     3.272     0.191     0.575     1.526    -1.331     0.000     0.000     7.074     0.000    -5.421     0.473     0.062   332.259     0.005   0.62E-01     1.489     0.784   274.747
   525.000    -1.969     2.670    -0.037     0.549     1.652    -1.417     0.000     0.000     7.101     0.000    -4.145     0.463     0.055   332.495     0.008   0.62E-01     1.443     0.779   272.896
   500.000    -3.828     2.226    -0.221     0.539     1.761    -1.490     0.000     0.000     7.163     0.000    -3.672     0.542     0.043   333.068     0.009   0.49E-01     1.292     0.771   270.996
   475.000    -5.920     1.914    -0.366     0.529     1.842    -1.546     0.000     0.000     7.003     0.000    -3.149     0.583     0.297   333.679     0.024   0.24E+00     1.154     0.754   268.938
   450.000    -8.310     1.688    -0.446     0.533     1.891    -1.589     0.000     0.000     7.007     0.000    -2.534     0.636     0.167   334.382     0.030   0.26E+00     1.016     0.721   266.696
   425.000   -11.047     1.497    -0.426     0.557     1.937    -1.648     0.000     0.000     6.981     0.000    -1.892     0.641     0.221   335.178     0.043   0.46E+00     0.883     0.684   264.238
   400.000   -14.164     1.324    -0.300     0.608     2.008    -1.755     0.000     0.000     6.896     0.000    -1.260     0.594     0.290   335.966     0.073   0.46E+00     0.743     0.639   261.528
   375.000   -17.734     1.218    -0.102     0.686     2.245    -2.056     0.000     0.000     5.478     0.000    -0.832     0.615     1.656   336.676     0.142   0.45E+00     0.474     0.590   258.519
   350.000   -21.823     1.234    -0.149     0.546     1.843    -1.748     0.000     0.000     5.267     0.000    -0.689     0.571     0.436   336.662     0.148   0.44E+00     0.627     0.494   255.160
   325.000   -25.516     0.385    -0.161     0.557     1.585    -1.523     0.000     0.000     5.378     0.000    -0.472     0.577     0.155   337.373     0.184   0.43E+00     0.494     0.435   251.367
   300.000   -29.946     0.290    -0.093     0.686     1.553    -1.569     0.000     0.000     5.388     0.000    -0.270     0.682     0.372   338.234     0.260   0.41E+00     0.277     0.385   247.081
   275.000   -34.886     0.240    -0.131     0.838     1.502    -1.616     0.000     0.000     5.264     0.000    -0.121     0.778     0.620   339.001     0.357   0.35E+00     0.119     0.330   242.224
   250.000   -40.371     0.186    -0.338     1.025     1.335    -1.564     0.000     0.000     5.000     0.000    -0.040     0.894     0.903   339.790     0.447   0.29E+00     0.041     0.272   236.722
   225.000   -46.514     0.140    -0.721     1.175     0.991    -1.355     0.000     0.000     4.136     0.000    -0.010     0.964     1.640   340.593     0.513   0.20E+00     0.002     0.207   230.510
   200.000   -53.411     0.096    -1.378     1.340     0.590    -1.108     0.000     0.000     1.323     0.000    -0.000     0.156     2.950   341.589     0.648   0.93E-01    -0.002     0.128   223.527
   175.000   -61.123     0.033    -2.635     0.950     0.180    -0.861     0.000     0.000     0.065     0.000    -0.000     0.000     1.258   343.112     0.196   0.29E-02    -0.001     0.047   215.693
   150.000   -66.496     0.012    -4.000     0.635    -0.005    -0.513     0.000     0.000     0.000     0.000    -0.000     0.000     0.065   346.984     0.001   0.21E-04    -0.000     0.011   206.727
   125.000   -70.680     0.003    -4.000     0.463     0.002    -0.109     0.000     0.000     0.000     0.000     0.000     0.000     0.000   351.487     0.001   0.33E-08    -0.000     0.000   196.253
   100.000   -71.972     0.001    -4.000     0.090     0.000     0.117     0.000     0.000     0.000     0.000     0.000     0.000     0.000   362.189     0.000   0.00E+00     0.000     0.000   183.495
    80.000   -72.091     0.001    -4.000     0.073     0.000     0.106     0.000     0.000     0.000     0.000     0.000     0.000     0.000   374.815     0.000   0.00E+00     0.000     0.000   170.744
    60.000   -70.751     0.001    -4.000     0.050     0.000     0.239     0.000     0.000     0.000     0.000     0.000     0.000     0.000   391.875     0.000   0.00E+00     0.000     0.000   154.259
    40.000   -68.233     0.001    -4.000     0.028     0.000     0.492     0.000     0.000     0.000     0.000     0.000     0.000     0.000   416.264     0.000   0.00E+00     0.000     0.000   130.945
    30.000   -66.824     0.001    -4.000     0.019     0.000     0.632     0.000     0.000     0.000     0.000     0.000     0.000     0.000   433.542     0.000   0.00E+00     0.000     0.000   114.142
    25.000   -66.391     0.001    -4.000     0.015     0.000     0.676     0.000     0.000     0.000     0.000     0.000     0.000     0.000   444.297     0.000   0.00E+00     0.000     0.000     0.000
    20.000   -65.502     0.001     0.000     0.012     0.000     0.765     0.000     0.000     0.000     0.000     0.000     0.000     0.000   457.683     0.000   0.00E+00     0.000     0.000     0.000
    15.000   -63.759     0.001     0.000     0.008     0.000     0.939     0.000     0.000     0.000     0.000     0.000     0.000     0.000   475.367     0.000   0.00E+00     0.000     0.000     0.000
    10.000   -60.586     0.001     0.000     0.004     0.000     1.256     0.000     0.000     0.000     0.000     0.000     0.000     0.000   500.549     0.000   0.00E+00     0.000     0.000     0.000
     5.000   -43.996     0.001     0.000     0.001     0.000     2.915     0.000     0.000     0.000     0.000     0.000     0.000     0.000   550.494     0.000   0.00E+00    -0.001     0.000     0.000
