  1000.000     3.137     3.028     0.000     0.682    -1.559    -1.275     2.768     0.000     0.000     0.000     0.000     0.000     0.000   309.816     0.000   0.00E+00    -1.193     0.371   276.244
   950.000    -0.961     2.869     0.001     0.857     1.412    -1.461    -0.009     0.000    16.214     0.000   -13.391     0.000     0.000   309.822     0.000   0.00E+00    -2.375     0.407   272.233
   900.000    -4.728     2.047    -0.158     0.757     1.507    -1.571     0.000     0.000    16.214     0.000   -11.444     0.000     1.838   305.823     0.002   0.59E-01    -1.022     0.435   268.364
   850.000    -8.270     1.366     0.304     0.687     1.503    -1.567     0.000     0.000    15.055    -1.838    -8.990     2.168     1.727   303.639     0.032   0.24E+00    -0.319     0.470   265.330
   800.000   -11.917     0.867     0.484     0.592     1.575    -1.641     0.000     0.000    13.849    -1.726    -6.885     2.158     1.125   301.827     0.012   0.25E+00     0.236     0.502   261.991
   750.000   -15.723     0.475     0.455     0.479     1.556    -1.623     0.000     0.000    12.892    -1.037    -5.805     1.699     0.486   302.032     0.002   0.18E+00     0.572     0.525   258.305
   700.000   -19.736     0.221     0.308     0.387     1.482    -1.551     0.000     0.000    12.549    -0.361    -5.057     1.511     0.442   300.936     0.001   0.14E+00     0.687     0.539   254.224
   650.000   -24.126     0.114     0.145     0.324     1.373    -1.444     0.000     0.000    12.267    -0.313    -4.398     1.403     0.370   301.255     0.000   0.11E+00     0.684     0.542   249.704
   600.000   -29.013     0.064    -0.033     0.282     1.233    -1.306     0.000     0.000    12.108    -0.245    -3.648     1.361     0.384   301.868     0.000   0.88E-01     0.610     0.535   244.702
   550.000   -34.411     0.026    -0.170     0.253     0.996    -1.071     0.000     0.000    12.038    -0.274    -2.879     1.509     0.143   302.302     0.000   0.81E-01     0.495     0.519   239.183
   500.000   -40.445     0.020    -0.217     0.273     0.908    -0.987     0.000     0.000    12.521    -0.058    -2.047     1.833     0.072   302.615     0.001   0.56E-01     0.363     0.491   233.111
   450.000   -47.113     0.017    -0.200     0.360     0.928    -1.009     0.000     0.000    13.511     0.000    -1.232     2.449     0.293   302.716     0.025   0.15E+00     0.259     0.453   226.444
   400.000   -54.432     0.014    -0.187     0.498     0.844    -0.928     0.000     0.000    15.225     0.000    -0.672     3.667     0.963   303.322     0.091   0.15E+00     0.209     0.400   219.120
   350.000   -62.528     0.014    -0.162     0.725     0.812    -0.900    -0.000     0.000     7.057     0.000    -0.322     1.465     9.015   303.794     0.196   0.94E-01     0.147     0.338   211.043
   300.000   -71.134     0.005    -0.313     0.808     0.521    -0.612     0.000     0.000     2.436     0.000    -0.152     0.394     4.891   303.998     0.310   0.62E-01     0.116     0.238   202.046
   250.000   -74.870     0.003    -3.473     0.871     0.400    -0.484     0.000     0.000     1.285     0.000    -0.057     0.203     1.286   307.889     0.361   0.38E-01     0.060     0.152   191.685
   200.000   -73.374     0.001    -4.000     0.312     0.236    -0.300     0.000     0.000     0.620     0.000    -0.017     0.098     0.727   318.810     0.061   0.22E-01     0.023     0.110   179.057
   150.000   -73.890     0.001    -4.000     0.266     0.131    -0.174     0.000     0.000     0.208     0.000    -0.003     0.033     0.434   332.208     0.050   0.83E-02    -0.000     0.070   162.790
   100.000   -72.095     0.001    -4.000     0.149     0.010    -0.019     0.000     0.000     0.000     0.000    -0.000     0.000     0.208   354.788     0.023   0.77E-03    -0.000     0.030   139.931
    80.000   -68.662     0.001    -4.000     0.029     0.000     0.007     0.000     0.000     0.000     0.000     0.000     0.000     0.000   371.121     0.000   0.00E+00     0.000     0.000     0.000
    60.000   -60.953     0.001     0.000     0.008     0.000     0.020     0.000     0.000     0.000     0.000     0.000     0.000     0.000   395.510     0.000   0.00E+00     0.000     0.000     0.000
    40.000   -50.696     0.001     0.000     0.002     0.000     0.037     0.000     0.000     0.000     0.000     0.000     0.000     0.000   430.263     0.000   0.00E+00     0.000     0.000     0.000
    30.000   -42.450     0.001     0.000     0.001     0.000     0.051     0.000     0.000     0.000     0.000     0.000     0.000     0.000   455.960     0.000   0.00E+00     0.000     0.000     0.000
    25.000   -26.089     0.001     0.000     0.000     0.000     0.079     0.000     0.000     0.000     0.000     0.000     0.000     0.000   482.626     0.000   0.00E+00    -0.001     0.000     0.000
