  1000.000     2.969     2.983     0.000     0.631    -1.347    -0.891     2.596     0.000     0.000     0.000     0.000     0.000     0.000   288.532     0.000   0.00E+00    -0.638     0.264   276.075
   950.000    -1.129     2.823     0.001     0.804     0.159    -1.419     0.872     0.000    20.071     0.000   -15.748     0.000     0.000   288.542     0.000   0.24E-07    -0.978     0.295   272.066
   900.000    -4.916     2.004    -0.038     0.728     1.424    -1.439     0.000     0.000    20.068    -0.000   -14.436     0.000     2.098   285.253     0.004   0.82E-01    -0.278     0.327   268.190
   850.000    -8.471     1.339     0.405     0.638     1.495    -1.513     0.000     0.000    18.737    -2.095   -10.225     2.617     2.495   284.359     0.042   0.29E+00     0.222     0.360   265.146
   800.000   -12.124     0.848     0.607     0.528     1.592    -1.610     0.000     0.000    17.153    -2.495    -7.340     2.953     1.700   283.129     0.017   0.25E+00     0.573     0.390   261.798
   750.000   -15.910     0.482     0.578     0.388     1.569    -1.589     0.000     0.000    15.699    -1.700    -5.718     2.257     0.685   283.761     0.003   0.17E+00     0.763     0.411   258.101
   700.000   -19.978     0.236     0.393     0.273     1.466    -1.487     0.000     0.000    15.161    -0.664    -4.554     1.956     0.566   283.141     0.001   0.12E+00     0.738     0.419   254.011
   650.000   -24.401     0.110     0.199     0.203     1.317    -1.339     0.000     0.000    14.775    -0.539    -3.641     1.812     0.463   284.281     0.002   0.98E-01     0.613     0.417   249.483
   600.000   -29.257     0.054     0.002     0.164     1.118    -1.142     0.000     0.000    14.558    -0.435    -2.754     1.722     0.503   285.375     0.003   0.80E-01     0.442     0.404   244.476
   550.000   -34.639     0.025    -0.164     0.131     0.715    -0.742     0.000     0.000    14.456    -0.479    -1.955     1.963     0.068   285.809     0.005   0.66E-01     0.293     0.382   238.953
   500.000   -40.684     0.019    -0.223     0.167     0.558    -0.587     0.000     0.000    15.401    -0.047    -1.142     2.574     0.016   286.124     0.007   0.40E-01     0.165     0.349   232.880
   450.000   -47.349     0.016    -0.231     0.279     0.501    -0.533     0.000     0.000    17.460     0.000    -0.479     3.684     0.087   286.261     0.025   0.56E-01     0.072     0.309   226.214
   400.000   -54.664     0.014    -0.247     0.486     0.382    -0.416     0.000     0.000    22.266    -0.000    -0.146     6.850     0.630   286.510     0.098   0.50E-01     0.022     0.262   218.895
   350.000   -62.750     0.013    -0.245     0.930     0.346    -0.384    -0.000     0.000     5.117     0.000    -0.019     1.059    17.780   286.624     0.355   0.14E-01     0.001     0.206   210.824
   300.000   -71.334     0.004    -0.537     1.006     0.065    -0.105     0.000     0.000     0.401     0.000    -0.001     0.068     4.764   286.767     0.460   0.27E-02    -0.000     0.085   201.835
   250.000   -74.971     0.003    -4.000     1.001    -0.000    -0.033     0.000     0.000     0.001     0.000    -0.000     0.000     0.400   292.091     0.331   0.21E-03    -0.000     0.010   191.481
   200.000   -73.600     0.001    -4.000     0.189     0.000    -0.017     0.000     0.000     0.000     0.000    -0.000     0.000     0.001   306.231     0.000   0.30E-06    -0.000     0.000   178.864
   150.000   -74.155     0.001    -4.000     0.152     0.000    -0.002     0.000     0.000     0.000     0.000     0.000     0.000     0.000   321.867     0.000   0.00E+00     0.000     0.000   162.617
   100.000   -72.286     0.001    -4.000     0.081     0.000     0.001     0.000     0.000     0.000     0.000     0.000     0.000     0.000   347.063     0.000   0.00E+00     0.000     0.000   139.784
    80.000   -68.810     0.001    -4.000     0.041     0.000     0.006     0.000     0.000     0.000     0.000     0.000     0.000     0.000   361.986     0.000   0.00E+00     0.000     0.000     0.000
    60.000   -61.058     0.001     0.000     0.011     0.000     0.017     0.000     0.000     0.000     0.000     0.000     0.000     0.000   386.549     0.000   0.00E+00     0.000     0.000     0.000
    40.000   -50.766     0.001     0.000     0.002     0.000     0.031     0.000     0.000     0.000     0.000     0.000     0.000     0.000   422.006     0.000   0.00E+00     0.000     0.000     0.000
    30.000   -42.493     0.001     0.000     0.001     0.000     0.043     0.000     0.000     0.000     0.000     0.000     0.000     0.000   448.313     0.000   0.00E+00     0.000     0.000     0.000
    25.000   -26.078     0.001     0.000     0.000     0.000     0.069     0.000     0.000     0.000     0.000     0.000     0.000     0.000   476.674     0.000   0.00E+00    -0.001     0.000     0.000
