  1000.000     3.340     3.083     0.000     0.684    -1.571    -1.308     2.789     0.000     0.000     0.000     0.000     0.000     0.000   308.418     0.000   0.00E+00    -1.181     0.365   276.448
   950.000    -0.758     2.925     0.001     0.858     1.533    -1.517    -0.056     0.000    15.975     0.000   -12.743     0.000     0.000   308.402     0.000   0.00E+00    -2.245     0.401   272.434
   900.000    -4.510     2.090    -0.187     0.756     1.520    -1.587     0.000     0.000    15.975     0.000   -11.297     0.000     1.873   304.434     0.001   0.47E-01    -0.907     0.427   268.572
   850.000    -8.047     1.393     0.278     0.687     1.504    -1.574     0.000     0.000    14.815    -1.873    -8.968     2.182     1.733   302.374     0.033   0.24E+00    -0.197     0.462   265.549
   800.000   -11.678     0.876     0.461     0.591     1.567    -1.638     0.000     0.000    13.595    -1.733    -6.946     2.130     1.037   300.700     0.012   0.25E+00     0.356     0.494   262.223
   750.000   -15.451     0.482     0.426     0.476     1.539    -1.612     0.000     0.000    12.704    -0.961    -5.932     1.667     0.424   300.485     0.002   0.18E+00     0.681     0.518   258.548
   700.000   -19.448     0.253     0.279     0.383     1.463    -1.537     0.000     0.000    12.419    -0.304    -5.236     1.493     0.417   299.848     0.001   0.14E+00     0.777     0.532   254.479
   650.000   -23.898     0.136     0.119     0.319     1.349    -1.425     0.000     0.000    12.157    -0.290    -4.597     1.387     0.341   300.196     0.000   0.11E+00     0.755     0.536   249.969
   600.000   -28.789     0.067    -0.054     0.277     1.208    -1.287     0.000     0.000    12.028    -0.216    -3.831     1.360     0.347   300.618     0.000   0.88E-01     0.662     0.530   244.977
   550.000   -34.147     0.027    -0.184     0.250     0.991    -1.073     0.000     0.000    11.988    -0.242    -3.028     1.496     0.146   301.207     0.000   0.83E-01     0.529     0.514   239.463
   500.000   -40.175     0.020    -0.224     0.271     0.905    -0.991     0.000     0.000    12.415    -0.069    -2.143     1.772     0.061   301.705     0.001   0.57E-01     0.383     0.487   233.393
   450.000   -46.846     0.017    -0.194     0.364     0.922    -1.011     0.000     0.000    13.269     0.000    -1.281     2.322     0.315   301.926     0.030   0.15E+00     0.270     0.448   226.724
   400.000   -54.169     0.015    -0.176     0.511     0.842    -0.935     0.000     0.000    14.255     0.000    -0.630     3.071     1.144   302.626     0.101   0.16E+00     0.192     0.395   219.396
   350.000   -62.273     0.014    -0.151     0.701     0.784    -0.881    -0.000     0.000     7.871     0.000    -0.277     1.730     7.387   303.047     0.171   0.94E-01     0.124     0.329   211.311
   300.000   -70.891     0.005    -0.274     0.806     0.480    -0.580     0.000     0.000     2.689     0.000    -0.121     0.455     5.500   303.290     0.305   0.59E-01     0.082     0.231   202.305
   250.000   -74.724     0.003    -3.154     0.882     0.321    -0.412     0.000     0.000     1.350     0.000    -0.041     0.229     1.498   306.873     0.362   0.33E-01     0.028     0.142   191.935
   200.000   -73.065     0.001    -4.000     0.336     0.185    -0.253     0.000     0.000     0.536     0.000    -0.009     0.087     0.873   317.629     0.072   0.15E-01     0.004     0.096   179.292
   150.000   -73.572     0.001    -4.000     0.268     0.064    -0.107     0.000     0.000     0.054     0.000    -0.000     0.005     0.484   331.147     0.060   0.37E-02    -0.000     0.052   162.999
   100.000   -71.792     0.001    -4.000     0.115    -0.002    -0.000     0.000     0.000     0.000     0.000    -0.000     0.000     0.054   354.298     0.007   0.14E-03    -0.000     0.010   140.105
    80.000   -68.403     0.001    -4.000     0.029     0.000     0.009     0.000     0.000     0.000     0.000     0.000     0.000     0.000   370.799     0.000   0.00E+00     0.000     0.000     0.000
    60.000   -60.767     0.001     0.000     0.009     0.000     0.025     0.000     0.000     0.000     0.000     0.000     0.000     0.000   395.145     0.000   0.00E+00     0.000     0.000     0.000
    40.000   -50.579     0.001     0.000     0.002     0.000     0.045     0.000     0.000     0.000     0.000     0.000     0.000     0.000   429.533     0.000   0.00E+00     0.000     0.000     0.000
    30.000   -42.387     0.001     0.000     0.001     0.000     0.061     0.000     0.000     0.000     0.000     0.000     0.000     0.000   455.372     0.000   0.00E+00     0.000     0.000     0.000
    25.000   -26.104     0.001     0.000     0.000     0.000     0.094     0.000     0.000     0.000     0.000     0.000     0.000     0.000   482.031     0.000   0.00E+00    -0.001     0.000     0.000
