  1000.000     3.016     2.997     0.000     0.671    -1.505    -1.176     2.718     0.000     0.000     0.000     0.000     0.000     0.000   307.122     0.000   0.00E+00    -1.098     0.356   276.122
   950.000    -1.082     2.838     0.001     0.847     1.063    -1.409     0.207     0.000    17.126     0.000   -14.437     0.000     0.000   307.133     0.000   0.00E+00    -2.232     0.390   272.113
   900.000    -4.862     2.018    -0.108     0.751     1.480    -1.532     0.000     0.000    17.126     0.000   -12.102     0.000     1.830   302.994     0.003   0.80E-01    -0.985     0.420   268.241
   850.000    -8.417     1.349     0.342     0.675     1.495    -1.547     0.000     0.000    15.949    -1.830    -9.200     2.221     1.856   301.175     0.033   0.25E+00    -0.320     0.455   265.200
   800.000   -12.078     0.849     0.525     0.579     1.578    -1.632     0.000     0.000    14.700    -1.855    -6.901     2.325     1.316   299.201     0.014   0.24E+00     0.199     0.487   261.855
   750.000   -15.855     0.439     0.504     0.464     1.568    -1.623     0.000     0.000    13.592    -1.239    -5.666     1.835     0.589   299.740     0.003   0.17E+00     0.520     0.510   258.161
   700.000   -19.830     0.229     0.355     0.367     1.493    -1.549     0.000     0.000    13.149    -0.484    -4.811     1.611     0.478   298.304     0.001   0.13E+00     0.633     0.521   254.073
   650.000   -24.295     0.127     0.182     0.303     1.382    -1.439     0.000     0.000    12.844    -0.371    -4.102     1.500     0.413   298.964     0.000   0.10E+00     0.627     0.523   249.546
   600.000   -29.207     0.065    -0.006     0.262     1.231    -1.289     0.000     0.000    12.656    -0.309    -3.352     1.436     0.425   299.776     0.000   0.85E-01     0.554     0.515   244.541
   550.000   -34.592     0.026    -0.162     0.229     0.945    -1.006     0.000     0.000    12.573    -0.335    -2.611     1.613     0.115   300.158     0.000   0.74E-01     0.447     0.498   239.020
   500.000   -40.627     0.020    -0.222     0.252     0.848    -0.911     0.000     0.000    13.219    -0.042    -1.810     2.044     0.065   300.311     0.001   0.53E-01     0.324     0.470   232.947
   450.000   -47.292     0.017    -0.216     0.335     0.847    -0.912     0.000     0.000    14.549     0.000    -1.087     2.818     0.237   300.328     0.019   0.12E+00     0.229     0.432   226.281
   400.000   -54.608     0.014    -0.216     0.481     0.764    -0.832     0.000     0.000    17.565     0.000    -0.616     4.852     0.717   300.852     0.080   0.12E+00     0.192     0.382   218.961
   350.000   -62.694     0.013    -0.189     0.779     0.741    -0.811    -0.000     0.000     5.898     0.000    -0.320     1.111    12.295   301.165     0.249   0.78E-01     0.154     0.324   210.889
   300.000   -71.281     0.004    -0.391     0.839     0.471    -0.543     0.000     0.000     1.965     0.000    -0.162     0.310     4.143   301.430     0.337   0.57E-01     0.132     0.218   201.898
   250.000   -74.959     0.003    -4.000     0.885     0.392    -0.458     0.000     0.000     1.073     0.000    -0.067     0.166     1.000   305.838     0.317   0.39E-01     0.082     0.140   191.542
   200.000   -73.582     0.001    -4.000     0.284     0.253    -0.305     0.000     0.000     0.573     0.000    -0.025     0.086     0.553   317.295     0.045   0.25E-01     0.046     0.103   178.925
   150.000   -74.136     0.001    -4.000     0.246     0.151    -0.187     0.000     0.000     0.246     0.000    -0.007     0.037     0.352   331.181     0.044   0.13E-01    -0.000     0.071   162.676
   100.000   -72.269     0.001    -4.000     0.155     0.028    -0.038     0.000     0.000     0.000     0.000    -0.000     0.000     0.246   353.267     0.027   0.23E-02    -0.000     0.036   139.841
    80.000   -68.794     0.001    -4.000     0.031     0.000     0.005     0.000     0.000     0.000     0.000     0.000     0.000     0.000   369.389     0.000   0.00E+00     0.000     0.000     0.000
    60.000   -61.043     0.001     0.000     0.008     0.000     0.015     0.000     0.000     0.000     0.000     0.000     0.000     0.000   394.740     0.000   0.00E+00     0.000     0.000     0.000
    40.000   -50.753     0.001     0.000     0.002     0.000     0.028     0.000     0.000     0.000     0.000     0.000     0.000     0.000   429.841     0.000   0.00E+00     0.000     0.000     0.000
    30.000   -42.485     0.001     0.000     0.001     0.000     0.038     0.000     0.000     0.000     0.000     0.000     0.000     0.000   455.119     0.000   0.00E+00     0.000     0.000     0.000
    25.000   -26.080     0.001     0.000     0.000     0.000     0.059     0.000     0.000     0.000     0.000     0.000     0.000     0.000   482.080     0.000   0.00E+00    -0.001     0.000     0.000
