  1000.000    12.791     6.400    -0.000     0.697    -1.662    -1.187     2.680     0.000     0.000     0.000     0.000     0.000     0.000   307.328     0.000   0.00E+00    -1.168     0.342   285.953
   950.000     8.663     6.203     0.001     0.873     1.921    -1.302    -0.428     0.000    13.070     0.000   -11.690     0.000     0.000   307.248     0.000   0.17E-07    -2.057     0.380   281.804
   900.000     5.538     4.583    -0.378     0.738     1.275    -1.273     0.000     0.000    13.058    -0.000    -7.987     0.000     1.919   303.375     0.001   0.24E-01    -0.585     0.406   278.131
   850.000     2.086     3.457     0.237     0.679     1.258    -1.261     0.000     0.000    12.203    -1.908    -7.978     2.144     1.522   301.136     0.004   0.24E-01     0.165     0.435   275.466
   800.000    -1.342     2.435     0.617     0.595     1.383    -1.391     0.000     0.000    11.194    -1.522    -8.279     1.832     0.148   299.385     0.007   0.29E+00     0.828     0.462   272.610
   750.000    -4.383     1.426     0.681     0.477     1.504    -1.513     0.000     0.000    11.153    -0.147    -7.893     1.450     0.079   298.405     0.003   0.16E+00     1.338     0.489   269.592
   700.000    -7.734     0.792     0.474     0.359     1.536    -1.546     0.000     0.000    11.250    -0.002    -6.708     1.314     0.077   298.186     0.005   0.12E+00     1.467     0.518   266.215
   650.000   -11.458     0.421     0.164     0.269     1.434    -1.446     0.000     0.000    11.345    -0.001    -5.985     1.126     0.068   298.810     0.009   0.97E-01     1.330     0.538   262.405
   600.000   -15.745     0.229    -0.144     0.214     1.234    -1.251     0.000     0.000    11.495     0.000    -5.182     1.181     0.061   299.918     0.013   0.88E-01     1.043     0.551   258.075
   550.000   -20.772     0.143    -0.345     0.196     1.012    -1.036     0.000     0.000    11.729     0.000    -4.218     1.311     0.076   301.061     0.022   0.96E-01     0.724     0.548   253.130
   500.000   -26.635     0.112    -0.396     0.222     0.845    -0.879     0.000     0.000    12.122     0.000    -3.043     1.467     0.080   302.126     0.032   0.16E+00     0.458     0.526   247.474
   450.000   -33.347     0.104    -0.335     0.315     0.839    -0.886     0.000     0.000    12.765    -0.001    -1.730     1.693     0.103   302.847     0.045   0.16E+00     0.271     0.486   241.019
   400.000   -40.843     0.100    -0.290     0.528     0.838    -0.899     0.000     0.000    13.249    -0.002    -0.733     2.006     0.689   303.384     0.139   0.22E+00     0.084     0.433   233.682
   350.000   -49.163     0.063    -0.340     0.786     0.669    -0.745     0.000     0.000    12.060     0.000    -0.203     2.463     3.063   303.707     0.232   0.14E+00     0.019     0.365   225.378
   300.000   -58.495     0.020    -0.466     0.827     0.479    -0.570     0.000     0.000     7.792     0.000    -0.048     1.873     5.748   304.041     0.195   0.17E-01     0.002     0.256   215.984
   250.000   -69.024     0.008    -0.839     0.999     0.089    -0.195     0.000     0.000     0.108     0.000    -0.000     0.000     7.684   304.618     0.454   0.28E-02    -0.000     0.140   205.277
   200.000   -65.879     0.001    -4.000     0.114    -0.003    -0.014     0.000     0.000     0.000     0.000    -0.000     0.000     0.108   317.800     0.000   0.53E-04    -0.000     0.008   192.220
   150.000   -67.373     0.001    -4.000     0.082     0.000     0.038     0.000     0.000     0.000     0.000     0.000     0.000     0.000   331.891     0.000   0.00E+00     0.000     0.000   175.396
   100.000   -68.746     0.001    -4.000     0.064     0.000     0.029     0.000     0.000     0.000     0.000     0.000     0.000     0.000   353.889     0.000   0.00E+00     0.000     0.000   151.995
    80.000   -68.833     0.001    -4.000     0.051     0.000     0.029     0.000     0.000     0.000     0.000     0.000     0.000     0.000   366.830     0.000   0.00E+00     0.000     0.000     0.000
    60.000   -66.762     0.001     0.000     0.029     0.000     0.043     0.000     0.000     0.000     0.000     0.000     0.000     0.000   385.501     0.000   0.00E+00     0.000     0.000     0.000
    40.000   -64.494     0.001     0.000     0.014     0.000     0.058     0.000     0.000     0.000     0.000     0.000     0.000     0.000   411.633     0.000   0.00E+00     0.000     0.000     0.000
    30.000   -65.070     0.001     0.000     0.010     0.000     0.054     0.000     0.000     0.000     0.000     0.000     0.000     0.000   428.298     0.000   0.00E+00     0.000     0.000     0.000
    25.000   -70.172     0.001     0.000     0.016     0.000     0.019     0.000     0.000     0.000     0.000     0.000     0.000     0.000   434.557     0.000   0.00E+00    -0.001     0.000     0.000
