  1000.000    17.595     9.457    -0.000     0.773    -1.755    -1.926     3.094     0.000     0.000     0.000     0.000     0.000     0.000   337.316     0.000   0.00E+00    -1.835     0.505   290.774
   950.000    13.431     9.228     0.001     0.959     3.273    -1.804    -1.114     0.000    10.090     0.000   -11.049     0.000     0.000   337.292     0.000   0.00E+00    -4.210     0.545   286.558
   900.000    10.988     6.867    -0.338     0.792     1.750    -1.872     0.000     0.000    10.090     0.000    -5.512     0.000     1.126   330.898     0.000   0.58E-01    -1.801     0.572   283.574
   850.000     7.963     5.421     0.020     0.741     1.517    -1.644     0.000     0.000     9.300    -1.125    -6.109     1.210     0.652   327.729     0.000   0.74E-03    -0.770     0.610   281.161
   800.000     4.902     4.188     0.098     0.675     1.440    -1.569     0.000     0.000     8.644    -0.652    -5.468     0.895     0.290   325.381     0.003   0.11E+00     0.048     0.643   278.547
   750.000     1.663     3.162     0.044     0.618     1.388    -1.521     0.000     0.000     8.377    -0.154    -5.237     0.818     0.237   323.948     0.002   0.17E+00     0.518     0.669   275.695
   700.000    -1.799     2.241     0.021     0.578     1.379    -1.515     0.000     0.000     8.283     0.000    -5.362     0.849     0.238   323.210     0.002   0.15E+00     0.781     0.687   272.607
   650.000    -5.077     1.441     0.028     0.539     1.391    -1.526     0.000     0.000     8.189     0.000    -5.535     0.861     0.237   322.829     0.001   0.97E-01     0.971     0.696   269.308
   600.000    -8.749     0.892    -0.038     0.495     1.402    -1.537     0.000     0.000     8.143     0.000    -5.202     0.841     0.188   322.749     0.000   0.69E-01     1.070     0.697   265.552
   550.000   -13.050     0.556    -0.109     0.462     1.405    -1.544     0.000     0.000     8.168     0.000    -4.588     0.865     0.134   323.170     0.001   0.69E-01     1.001     0.693   261.225
   500.000   -18.243     0.378    -0.137     0.457     1.471    -1.618     0.000     0.000     8.252     0.000    -3.617     0.878     0.109   324.038     0.002   0.70E-01     0.809     0.680   256.189
   450.000   -24.511     0.287    -0.101     0.466     1.629    -1.791     0.000     0.000     7.573     0.000    -2.301     0.796     0.917   325.079     0.027   0.37E+00     0.608     0.654   250.285
   400.000   -31.775     0.199    -0.044     0.420     1.609    -1.790     0.000     0.000     6.942     0.000    -1.281     0.741     0.913   325.911     0.035   0.31E+00     0.479     0.581   243.348
   350.000   -40.018     0.141    -0.062     0.386     1.380    -1.582     0.000     0.000     6.864     0.000    -0.665     0.834     0.490   326.948     0.043   0.24E+00     0.310     0.503   235.221
   300.000   -49.454     0.063    -0.079     0.459     1.041    -1.267     0.000     0.000     6.610     0.000    -0.279     1.063     0.957   328.122     0.066   0.17E+00     0.131     0.437   225.762
   250.000   -60.353     0.026    -0.028     0.731     0.819    -1.072     0.000     0.000     4.847     0.000    -0.071     0.946     2.459   329.111     0.191   0.86E-01     0.016     0.359   214.787
   200.000   -70.016     0.004    -0.408     0.993     0.392    -0.640     0.000     0.000     0.718     0.000    -0.002     0.085     4.170   330.184     0.411   0.31E-01    -0.000     0.254   201.799
   150.000   -68.674     0.001    -4.000     0.457     0.014    -0.118     0.000     0.000     0.000     0.000    -0.000     0.000     0.718   338.779     0.065   0.12E-02    -0.000     0.067   185.176
   100.000   -66.703     0.001    -4.000     0.057     0.000     0.064     0.000     0.000     0.000     0.000     0.000     0.000     0.000   361.868     0.000   0.00E+00     0.000     0.000   161.693
    80.000   -63.755     0.001    -4.000     0.036     0.000     0.094     0.000     0.000     0.000     0.000     0.000     0.000     0.000   376.883     0.000   0.00E+00     0.000     0.000     0.000
    60.000   -56.376     0.001     0.000     0.015     0.000     0.168     0.000     0.000     0.000     0.000     0.000     0.000     0.000   399.703     0.000   0.00E+00     0.000     0.000     0.000
    40.000   -46.717     0.001     0.000     0.005     0.000     0.264     0.000     0.000     0.000     0.000     0.000     0.000     0.000   432.848     0.000   0.00E+00     0.000     0.000     0.000
    30.000   -39.713     0.001     0.000     0.002     0.000     0.334     0.000     0.000     0.000     0.000     0.000     0.000     0.000   457.964     0.000   0.00E+00     0.000     0.000     0.000
    25.000   -26.729     0.001     0.000     0.001     0.000     0.464     0.000     0.000     0.000     0.000     0.000     0.000     0.000   483.995     0.000   0.00E+00    -0.001     0.000     0.000
