     0.250     0.161     4.209    29.609    30.206    -3.738     4.696   265.932   286.266    66.712   942.045     0.125   212.700
     0.500     6.935     4.342    29.305    30.369    -3.363     4.443   265.938   286.985    68.947   936.538     0.375   210.925
     0.750    11.181     4.452    29.215    30.465    -2.592     4.096   265.861   290.092    70.595   934.021     0.625   210.348
     1.000     9.864     4.486    29.191    30.519    -1.897     3.814   265.795   291.473    71.572   933.139     0.875   209.631
     1.250     4.998     4.548    29.248    30.574    -1.787     4.048   265.774   291.073    72.767   928.324     1.125   208.074
     1.500     5.740     4.628    29.296    30.615    -1.777     4.064   265.759   291.525    73.323   926.828     1.375   207.209
     1.750     5.471     4.673    29.336    30.643    -1.796     4.088   265.745   292.090    73.978   924.564     1.625   206.453
     2.000     5.641     4.707    29.360    30.660    -1.779     4.081   265.735   292.506    74.408   922.947     1.875   206.093
     2.250     5.600     4.662    29.373    30.670    -1.743     4.053   265.723   293.118    74.724   921.846     2.125   205.801
     2.500     5.846     4.744    29.381    30.674    -1.727     4.025   265.713   293.705    74.984   920.885     2.375   205.542
     2.750     5.912     4.753    29.380    30.675    -1.709     3.932   265.701   294.573    75.188   920.395     2.625   205.333
     3.000     6.201     4.755    29.370    30.670    -1.653     3.827   265.686   295.638    75.336   920.288     2.875   205.159
     3.250     6.291     4.756    29.357    30.663    -1.588     3.712   265.669   297.717    75.454   920.335     3.125   205.008
     3.500     5.938     4.753    29.352    30.657    -1.569     3.608   265.657   297.626    75.558   920.058     3.375   204.850
     3.750     6.012     4.752    29.332    30.648    -1.533     3.506   265.646   298.346    75.684   920.140     3.625   204.738
     4.000     5.491     4.753    29.339    30.641    -1.611     3.435   265.635   298.984    75.771   919.225     3.875   204.561
     4.250     5.240     4.758    29.337    30.634    -1.746     3.420   265.629   299.187    75.907   918.447     4.125   204.421
     4.500     4.777     4.736    29.337    30.626    -2.107     3.641   265.624   299.190    76.044   917.386     4.375   204.284
     4.750     5.017     4.771    29.305    30.609    -2.147     4.081   265.617   298.550    76.230   916.337     4.625   204.179
     5.000     5.522     4.772    29.266    30.589    -2.015     3.962   265.606   298.397    76.304   915.928     4.875   204.085
     5.250     5.482     4.636    29.234    30.569    -1.947     3.870   265.595   298.519    76.307   916.216     5.125   204.028
     5.500     5.354     4.636    29.233    30.555    -2.010     3.770   265.594   299.956    76.314   915.919     5.375   203.951
     5.750     5.243     4.646    29.231    30.543    -2.101     3.657   265.590   300.204    76.377   915.482     5.625   203.881
     6.000     5.128     4.656    29.213    30.526    -2.176     3.659   265.583   300.119    76.522   914.904     5.875   203.818
     6.250     5.278     4.753    29.199    30.505    -2.218     3.586   265.572   298.956    76.557   914.151     6.125   203.737
     6.500     5.289     4.759    29.180    30.483    -2.226     3.468   265.563   298.749    76.550   913.772     6.375   203.666
     6.750     5.343     4.777    29.153    30.460    -2.201     3.364   265.556   298.583    76.582   913.508     6.625   203.611
     7.000     5.258     4.649    29.108    30.437    -2.133     3.270   265.546   299.724    76.678   913.704     6.875   203.584
     7.250     5.571     4.644    29.070    30.410    -2.070     3.199   265.538   299.624    76.692   913.712     7.125   203.555
     7.500     5.689     4.743    29.035    30.383    -2.010     3.151   265.527   299.562    76.680   913.763     7.375   203.525
     7.750     5.337     4.755    29.024    30.356    -2.022     3.126   265.512   298.368    76.579   913.445     7.625   203.464
     8.000     5.577     4.727    28.983    30.330    -1.964     3.104   265.503   298.425    76.632   913.815     7.875   203.443
     8.250     5.317     4.706    28.958    30.306    -1.960     3.090   265.493   299.721    76.637   913.783     8.125   203.404
     8.500     5.381     4.612    28.924    30.279    -1.935     3.078   265.480   299.701    76.648   913.922     8.375   203.391
     8.750     5.560     4.715    28.901    30.253    -1.936     3.071   265.472   298.428    76.618   913.786     8.625   203.357
     9.000     5.309     4.729    28.891    30.228    -2.001     3.070   265.460   299.894    76.525   913.552     8.875   203.314
     9.250     5.447     4.727    28.864    30.203    -2.004     3.059   265.449   298.742    76.532   913.549     9.125   203.290
     9.500     5.287     4.722    28.844    30.180    -2.053     3.052   265.445   298.757    76.510   913.528     9.375   203.266
     9.750     5.198     4.716    28.830    30.158    -2.124     3.042   265.436   298.913    76.464   913.375     9.625   203.237
    10.000     5.428     4.589    28.780    30.135    -2.091     3.020   265.423   300.277    76.578   913.833     9.875   203.239
    10.250     5.370     4.713    28.773    30.110    -2.157     3.006   265.415   299.012    76.486   913.342    10.125   203.201
    10.500     5.143     4.578    28.737    30.086    -2.188     2.993   265.408   300.539    76.521   913.652    10.375   203.194
    10.750     5.364     4.681    28.717    30.065    -2.263     2.978   265.405   300.592    76.495   913.652    10.625   203.185
    11.000     5.352     4.703    28.703    30.039    -2.308     2.957   265.391   299.342    76.437   913.259    10.875   203.156
    11.250     5.095     4.690    28.682    30.019    -2.402     2.940   265.389   299.594    76.444   913.337    11.125   203.137
    11.500     4.872     4.704    28.677    29.998    -2.534     2.919   265.385   299.629    76.446   912.782    11.375   203.103
    11.750     4.954     4.705    28.655    29.976    -2.634     2.890   265.381   299.675    76.467   912.518    11.625   203.084
    12.000     4.963     4.705    28.634    29.953    -2.753     2.862   265.378   299.907    76.448   912.332    11.875   203.070
    12.250     4.894     4.701    28.612    29.931    -2.859     2.829   265.374   299.898    76.474   912.057    12.125   203.049
    12.500     5.120     4.704    28.577    29.906    -2.925     2.795   265.368   299.916    76.503   911.982    12.375   203.038
    12.750     5.020     4.689    28.546    29.880    -3.007     2.768   265.362   299.880    76.482   911.883    12.625   203.026
    13.000     5.228     4.690    28.511    29.853    -3.066     2.747   265.355   299.944    76.462   911.972    12.875   203.021
    13.250     5.083     4.688    28.486    29.828    -3.168     2.734   265.348   299.989    76.413   911.889    13.125   203.003
    13.500     5.010     4.565    28.435    29.802    -3.211     2.849   265.343   300.981    76.498   912.160    13.375   203.005
    13.750     5.327     4.550    28.392    29.773    -3.291     3.011   265.333   301.000    76.469   912.326    13.625   203.003
    14.000     5.513     4.668    28.366    29.744    -3.332     3.020   265.320   299.864    76.395   912.241    13.875   202.988
    14.250     5.189     4.626    28.340    29.717    -3.378     2.990   265.311   299.980    76.346   912.374    14.125   202.978
    14.500     5.086     4.658    28.323    29.690    -3.444     2.973   265.302   299.949    76.269   912.147    14.375   202.964
    14.750     5.250     4.654    28.289    29.663    -3.480     2.977   265.294   300.085    76.258   912.333    14.625   202.963
    15.000     5.143     4.615    28.256    29.635    -3.535     3.051   265.286   300.043    76.259   912.478    14.875   202.964
    15.250     5.141     4.644    28.234    29.608    -3.585     2.981   265.277   300.061    76.180   912.386    15.125   202.954
    15.500     5.185     4.640    28.200    29.580    -3.616     3.010   265.269   300.179    76.178   912.492    15.375   202.949
    15.750     5.140     4.634    28.174    29.553    -3.662     2.972   265.261   300.082    76.129   912.517    15.625   202.942
    16.000     5.145     4.628    28.147    29.526    -3.707     2.939   265.253   300.141    76.087   912.586    15.875   202.934
    16.250     5.193     4.609    28.107    29.498    -3.733     3.004   265.244   299.915    76.113   912.742    16.125   202.928
    16.500     5.371     4.600    28.071    29.471    -3.718     2.900   265.234   300.765    76.066   913.032    16.375   202.920
    16.750     5.541     4.592    28.043    29.442    -3.685     2.768   265.220   300.581    75.988   913.263    16.625   202.908
    17.000     5.263     4.471    28.005    29.416    -3.622     2.652   265.206   300.416    75.993   913.772    16.875   202.901
    17.250     5.129     4.471    27.990    29.393    -3.649     2.571   265.202   300.521    75.926   913.795    17.125   202.896
    17.500     5.086     4.589    27.979    29.373    -3.723     2.509   265.197   300.623    75.882   913.638    17.375   202.894
    17.750     4.775     4.591    27.979    29.352    -3.850     2.463   265.191   299.593    75.829   913.105    17.625   202.880
    18.000     4.815     4.544    27.945    29.329    -3.917     2.517   265.185   299.635    75.919   913.080    17.875   202.877
    18.250     5.024     4.547    27.904    29.301    -4.032     2.800   265.178   299.387    75.961   913.065    18.125   202.878
    18.500     5.316     4.530    27.858    29.272    -4.079     2.862   265.168   300.765    75.876   913.559    18.375   202.888
    18.750     5.249     4.455    27.825    29.243    -4.089     2.790   265.157   300.651    75.808   913.827    18.625   202.889
    19.000     5.101     4.450    27.801    29.217    -4.122     2.743   265.150   300.842    75.743   913.913    18.875   202.891
    19.250     5.039     4.446    27.774    29.190    -4.175     2.759   265.140   300.794    75.717   913.944    19.125   202.889
    19.500     5.186     4.511    27.746    29.163    -4.216     2.677   265.131   299.743    75.681   914.107    19.375   202.890
    19.750     5.101     4.517    27.716    29.135    -4.260     2.639   265.123   300.824    75.642   914.247    19.625   202.890
    20.000     5.009     4.437    27.684    29.107    -4.285     2.582   265.115   300.857    75.612   914.392    19.875   202.890
    20.250     5.047     4.433    27.651    29.078    -4.323     2.558   265.105   299.727    75.579   914.484    20.125   202.895
    20.500     5.088     4.430    27.619    29.049    -4.384     2.594   265.099   300.866    75.541   914.653    20.375   202.895
    20.750     5.134     4.516    27.598    29.020    -4.480     2.683   265.088   299.742    75.473   914.525    20.625   202.886
    21.000     5.028     4.540    27.578    28.991    -4.514     2.598   265.079   299.482    75.370   914.485    20.875   202.875
    21.250     5.110     4.540    27.546    28.963    -4.564     2.614   265.071   299.680    75.345   914.724    21.125   202.869
    21.500     4.973     4.530    27.522    28.935    -4.597     2.539   265.063   299.715    75.282   914.789    21.375   202.862
    21.750     4.978     4.527    27.492    28.907    -4.646     2.549   265.054   299.794    75.257   914.842    21.625   202.855
    22.000     5.104     4.490    27.450    28.879    -4.637     2.517   265.047   299.766    75.267   915.211    21.875   202.850
    22.250     4.736     4.515    27.439    28.853    -4.733     2.567   265.039   299.489    75.169   914.896    22.125   202.840
    22.500     4.840     4.483    27.402    28.824    -4.756     2.546   265.035   299.481    75.195   915.131    22.375   202.835
    22.750     4.758     4.487    27.368    28.795    -4.789     2.561   265.029   299.313    75.216   915.101    22.625   202.830
    23.000     4.708     4.411    27.326    28.763    -4.837     2.550   265.022   298.605    75.212   915.217    22.875   202.830
    23.250     4.772     4.440    27.286    28.731    -4.913     2.548   265.017   299.358    75.141   915.360    23.125   202.836
    23.500     4.940     4.427    27.236    28.699    -5.003     2.765   265.010   299.280    75.071   915.624    23.375   202.839
    23.750     5.058     4.422    27.190    28.667    -5.070     2.907   264.999   299.213    74.960   915.923    23.625   202.844
    24.000     5.108     4.424    27.156    28.638    -5.089     2.829   264.990   299.421    74.842   916.191    23.875   202.848
    24.250     5.021     4.394    27.127    28.611    -5.107     2.759   264.980   299.521    74.751   916.384    24.125   202.846
    24.500     5.062     4.375    27.098    28.585    -5.130     2.681   264.968   299.320    74.689   916.551    24.375   202.841
    24.750     4.983     4.333    27.069    28.560    -5.160     2.635   264.960   299.358    74.630   916.704    24.625   202.849
    25.000     4.983     4.327    27.040    28.534    -5.184     2.604   264.949   299.288    74.591   916.848    24.875   202.845
    25.250     4.948     4.370    27.015    28.508    -5.239     2.595   264.941   299.353    74.550   916.900    25.125   202.838
    25.500     4.947     4.358    26.987    28.482    -5.279     2.582   264.933   299.315    74.499   917.015    25.375   202.838
    25.750     4.832     4.316    26.960    28.456    -5.309     2.568   264.923   298.792    74.464   917.096    25.625   202.833
    26.000     4.950     4.313    26.931    28.429    -5.343     2.556   264.917   299.179    74.422   917.224    25.875   202.831
    26.250     4.831     4.309    26.904    28.403    -5.399     2.553   264.909   299.232    74.386   917.333    26.125   202.825
    26.500     4.878     4.303    26.875    28.376    -5.440     2.543   264.900   299.092    74.344   917.482    26.375   202.824
    26.750     4.881     4.301    26.847    28.349    -5.487     2.533   264.892   299.012    74.297   917.605    26.625   202.827
    27.000     4.870     4.343    26.820    28.322    -5.541     2.529   264.882   298.301    74.252   917.739    26.875   202.825
    27.250     4.828     4.292    26.789    28.294    -5.573     2.517   264.876   298.790    74.206   917.907    27.125   202.825
    27.500     4.887     4.324    26.761    28.267    -5.630     2.515   264.865   298.655    74.148   918.060    27.375   202.826
    27.750     4.869     4.321    26.732    28.239    -5.662     2.503   264.860   298.723    74.106   918.213    27.625   202.823
    28.000     4.834     4.317    26.705    28.211    -5.706     2.496   264.852   298.656    74.051   918.343    27.875   202.822
    28.250     4.867     4.322    26.676    28.184    -5.764     2.574   264.844   298.802    74.002   918.492    28.125   202.822
    28.500     4.852     4.316    26.648    28.157    -5.806     2.568   264.835   298.528    73.953   918.645    28.375   202.820
    28.750     4.877     4.265    26.618    28.130    -5.828     2.512   264.827   298.651    73.903   918.818    28.625   202.818
    29.000     4.960     4.315    26.590    28.104    -5.860     2.455   264.819   299.206    73.851   918.989    28.875   202.820
    29.250     4.855     4.254    26.559    28.077    -5.909     2.440   264.810   299.086    73.807   919.184    29.125   202.823
    29.500     4.861     4.250    26.531    28.049    -5.951     2.405   264.801   299.069    73.760   919.316    29.375   202.824
    29.750     4.898     4.248    26.501    28.022    -5.980     2.379   264.790   298.678    73.712   919.492    29.625   202.828
    30.000     4.848     4.290    26.474    27.995    -6.033     2.371   264.783   299.043    73.665   919.641    29.875   202.828
    30.250     4.784     4.240    26.446    27.967    -6.074     2.363   264.776   298.975    73.609   919.884    30.125   202.827
    30.500     4.850     4.272    26.418    27.940    -6.129     2.357   264.767   299.016    73.554   920.024    30.375   202.829
    30.750     4.749     4.230    26.388    27.912    -6.161     2.343   264.757   298.817    73.511   920.179    30.625   202.831
    31.000     4.830     4.271    26.361    27.885    -6.218     2.339   264.748   298.409    73.454   920.320    30.875   202.833
    31.250     4.869     4.259    26.331    27.857    -6.255     2.325   264.742   298.587    73.400   920.512    31.125   202.835
    31.500     4.756     4.264    26.303    27.830    -6.295     2.313   264.733   298.718    73.360   920.641    31.375   202.835
    31.750     4.728     4.249    26.275    27.803    -6.341     2.300   264.727   298.673    73.311   920.779    31.625   202.836
    32.000     4.804     4.209    26.245    27.775    -6.375     2.289   264.716   298.640    73.258   920.940    31.875   202.837
    32.250     4.771     4.241    26.216    27.747    -6.427     2.282   264.710   298.622    73.214   921.114    32.125   202.839
    32.500     4.817     4.247    26.187    27.720    -6.468     2.271   264.702   298.653    73.166   921.268    32.375   202.840
    32.750     4.728     4.240    26.158    27.692    -6.511     2.260   264.691   298.300    73.116   921.392    32.625   202.841
    33.000     4.753     4.191    26.129    27.664    -6.551     2.247   264.683   298.592    73.066   921.588    32.875   202.842
    33.250     4.858     4.223    26.099    27.637    -6.599     2.237   264.676   298.439    73.008   921.765    33.125   202.842
    33.500     4.699     4.219    26.071    27.609    -6.639     2.224   264.667   298.507    72.967   921.895    33.375   202.841
    33.750     4.791     4.223    26.041    27.581    -6.677     2.210   264.660   298.421    72.923   922.058    33.625   202.839
    34.000     4.651     4.172    26.013    27.554    -6.722     2.198   264.652   298.376    72.876   922.212    33.875   202.836
    34.250     4.842     4.233    25.983    27.527    -6.761     2.185   264.642   298.477    72.835   922.341    34.125   202.832
    34.500     4.693     4.199    25.955    27.499    -6.810     2.174   264.633   298.156    72.785   922.505    34.375   202.827
    34.750     4.669     4.161    25.926    27.472    -6.842     2.158   264.626   298.294    72.750   922.615    34.625   202.822
    35.000     4.742     4.192    25.898    27.445    -6.896     2.152   264.619   298.118    72.702   922.729    34.875   202.816
    35.250     4.705     4.196    25.871    27.418    -6.941     2.141   264.610   298.077    72.661   922.864    35.125   202.809
    35.500     4.649     4.146    25.841    27.390    -6.979     2.129   264.601   298.118    72.623   923.008    35.375   202.802
    35.750     4.717     4.178    25.813    27.363    -7.032     2.123   264.593   298.111    72.579   923.120    35.625   202.795
    36.000     4.696     4.173    25.785    27.335    -7.067     2.110   264.584   297.992    72.538   923.241    35.875   202.786
    36.250     4.705     4.188    25.756    27.308    -7.106     2.098   264.579   297.936    72.503   923.350    36.125   202.778
    36.500     4.639     4.183    25.729    27.281    -7.159     2.090   264.570   297.863    72.459   923.439    36.375   202.768
    36.750     4.737     4.180    25.698    27.253    -7.187     2.075   264.560   297.848    72.428   923.592    36.625   202.759
    37.000     4.631     4.175    25.671    27.226    -7.233     2.065   264.552   297.741    72.390   923.704    36.875   202.746
    37.250     4.606     4.117    25.642    27.199    -7.276     2.056   264.545   297.768    72.351   923.820    37.125   202.734
    37.500     4.657     4.149    25.615    27.172    -7.329     2.050   264.538   297.633    72.310   923.906    37.375   202.721
    37.750     4.656     4.162    25.586    27.145    -7.363     2.037   264.530   297.687    72.281   923.998    37.625   202.708
    38.000     4.676     4.178    25.558    27.118    -7.413     2.030   264.520   297.561    72.238   924.117    37.875   202.697
    38.250     4.541     4.101    25.529    27.090    -7.443     2.015   264.514   297.634    72.209   924.207    38.125   202.683
    38.500     4.626     4.095    25.500    27.063    -7.487     2.008   264.507   297.456    72.168   924.438    38.375   202.665
    38.750     4.644     4.135    25.474    27.036    -7.546     2.005   264.497   297.549    72.129   924.521    38.625   202.652
    39.000     4.596     4.088    25.444    27.009    -7.574     1.989   264.491   297.486    72.100   924.631    38.875   202.641
    39.250     4.585     4.082    25.416    26.982    -7.621     1.981   264.484   297.500    72.065   924.727    39.125   202.624
    39.500     4.672     4.078    25.386    26.955    -7.653     1.968   264.475   297.315    72.027   924.876    39.375   202.608
    39.750     4.621     4.109    25.360    26.928    -7.708     1.958   264.465   297.461    71.993   924.959    39.625   202.594
    40.000     4.586     4.106    25.333    26.901    -7.756     1.952   264.460   297.395    71.956   925.019    39.875   202.582
    40.250     4.592     4.103    25.304    26.874    -7.794     1.940   264.452   297.332    71.924   925.128    40.125   202.567
    40.500     4.544     4.063    25.276    26.847    -7.832     1.925   264.444   297.478    71.894   925.210    40.375   202.553
    40.750     4.671     4.130    25.248    26.820    -7.877     1.917   264.435   297.285    71.857   925.308    40.625   202.533
    41.000     4.521     4.098    25.221    26.793    -7.925     1.910   264.427   297.420    71.826   925.394    40.875   202.520
    41.250     4.516     4.051    25.193    26.766    -7.963     1.895   264.421   297.313    71.796   925.488    41.125   202.505
    41.500     4.609     4.046    25.163    26.739    -8.000     1.882   264.411   297.361    71.760   925.627    41.375   202.494
    41.750     4.561     4.077    25.136    26.712    -8.050     1.873   264.403   297.361    71.727   925.703    41.625   202.479
    42.000     4.594     4.073    25.108    26.685    -8.094     1.863   264.395   297.350    71.690   925.818    41.875   202.463
    42.250     4.551     4.070    25.081    26.658    -8.134     1.855   264.388   297.199    71.655   925.871    42.125   202.447
    42.500     4.525     4.030    25.050    26.630    -8.157     1.836   264.379   297.253    71.624   926.033    42.375   202.450
    42.750     4.537     4.025    25.023    26.603    -8.212     1.833   264.371   297.245    71.561   926.204    42.625   202.499
    43.000     4.538     4.020    24.995    26.577    -8.260     1.823   264.365   297.181    71.500   926.403    42.875   202.552
    43.250     4.550     4.052    24.967    26.550    -8.308     1.816   264.354   297.253    71.433   926.566    43.125   202.636
    43.500     4.536     4.048    24.939    26.522    -8.351     1.806   264.346   297.243    71.373   926.742    43.375   202.695
    43.750     4.551     4.009    24.909    26.495    -8.379     1.791   264.339   297.191    71.310   926.937    43.625   202.755
    44.000     4.463     4.004    24.882    26.468    -8.435     1.784   264.330   297.219    71.236   927.193    43.875   202.833
    44.250     4.589     4.036    24.854    26.441    -8.481     1.775   264.322   297.159    71.174   927.355    44.125   202.882
    44.500     4.486     4.040    24.827    26.414    -8.528     1.768   264.316   297.028    71.123   927.467    44.375   202.920
    44.750     4.572     4.037    24.797    26.386    -8.553     1.750   264.307   297.117    71.067   927.647    44.625   202.980
    45.000     4.151     3.992    24.775    26.359    -8.617     1.751   264.302   297.018    71.036   927.690    44.875   203.043
    45.250     4.152     3.997    24.746    26.330    -8.666     1.740   264.300   296.780    71.008   927.716    45.125   203.120
    45.500     4.249     4.031    24.713    26.299    -8.721     1.739   264.298   296.702    70.952   927.884    45.375   203.202
    45.750     4.373     4.063    24.678    26.269    -8.759     1.780   264.292   296.716    70.868   928.169    45.625   203.290
    46.000     4.413     4.017    24.642    26.237    -8.788     1.786   264.286   296.695    70.782   928.377    45.875   203.346
    46.250     4.414     3.976    24.609    26.208    -8.819     1.774   264.278   296.595    70.693   928.650    46.125   203.415
    46.500     4.513     4.040    24.581    26.179    -8.864     1.768   264.271   296.652    70.616   928.757    46.375   203.457
    46.750     4.473     3.997    24.550    26.150    -8.912     1.776   264.263   296.887    70.542   928.907    46.625   203.503
    47.000     4.459     3.957    24.519    26.122    -8.943     1.756   264.255   296.772    70.478   929.044    46.875   203.548
    47.250     4.536     4.013    24.492    26.095    -9.002     1.776   264.247   296.885    70.435  1012.500    47.125   203.560
    47.500     4.489     3.981    24.462    26.068    -9.039     1.743   264.238   297.021    70.361  1012.500    47.375   203.615
    47.750     4.483     3.985    24.436    26.040    -9.085     1.715   264.231   296.786    70.288  1012.500    47.625   203.658
    48.000     4.420     3.939    24.406    26.013    -9.135     1.755   264.223   296.730    70.419   928.812    47.875   203.711
    48.250     4.429     3.936    24.379    25.986    -9.188     1.732   264.215   296.830    70.355   928.980    48.125   203.764
    48.500     4.434     3.930    24.350    25.959    -9.219     1.686   264.206   296.803    70.288   929.160    48.375   203.814
    48.750     4.482     3.962    24.322    25.931    -9.267     1.681   264.197   296.932    70.223   929.306    48.625   203.858
    49.000     4.408     3.924    24.293    25.903    -9.298     1.663   264.190   296.923    70.162   929.465    48.875   203.898
    49.250     4.438     3.954    24.266    25.876    -9.346     1.640   264.181   296.645    70.095   929.622    49.125   203.944
    49.500     4.439     3.951    24.237    25.848    -9.384     1.628   264.175   296.708    70.019   929.859    49.375   203.998
    49.750     4.438     3.964    24.208    25.820    -9.432     1.650   264.166   296.737    69.959   930.024    49.625   204.040
    50.000     4.405     3.987    24.185    25.792    -9.514     1.720   264.158   295.828    69.885   930.023    49.875   204.057
    50.250     4.415     3.976    24.156    25.764    -9.534     1.644   264.150   295.939    69.820   930.226    50.125   204.095
    50.500     4.343     3.978    24.130    25.737    -9.601     1.683   264.142   296.167    69.753   930.313    50.375   204.125
    50.750     4.444     3.967    24.098    25.709    -9.631     1.644   264.135   296.068    69.698   930.538    50.625   204.165
    51.000     4.340     3.970    24.078    25.682    -9.707     1.638   264.126   296.241    69.615   930.549    50.875   204.182
    51.250     4.360     3.887    24.038    25.654    -9.708     1.620   264.119   296.799    69.586   930.870    51.125   204.234
    51.500     4.441     3.961    24.019    25.627    -9.797     1.639   264.109   296.732    69.500   930.827    51.375   204.242
    51.750     4.362     3.957    23.988    25.599    -9.813     1.585   264.102   296.081    69.447   930.989    51.625   204.275
    52.000     4.404     3.953    23.958    25.571    -9.843     1.562   264.094   296.804    69.393   931.162    51.875   204.309
    52.250     4.338     3.949    23.930    25.544    -9.895     1.590   264.086   295.952    69.330   931.264    52.125   204.333
    52.500     4.391     3.938    23.899    25.516    -9.931     1.594   264.078   295.990    69.273   931.460    52.375   204.363
    52.750     4.322     3.940    23.874    25.489   -10.004     1.626   264.070   296.016    69.213   931.523    52.625   204.384
    53.000     4.339     3.936    23.849    25.461   -10.059     1.585   264.062   296.888    69.126   931.719    52.875   204.409
    53.250     4.360     3.931    23.818    25.434   -10.079     1.546   264.054   295.853    69.074   931.896    53.125   204.438
    53.500     4.367     3.927    23.789    25.406   -10.117     1.524   264.047   295.854    69.019   932.057    53.375   204.464
    53.750     4.338     3.924    23.761    25.379   -10.158     1.515   264.039   295.693    68.964   932.199    53.625   204.485
    54.000     4.312     3.919    23.732    25.352   -10.215     1.536   264.030   295.736    68.902   932.330    53.875   204.504
    54.250     4.351     3.914    23.701    25.324   -10.243     1.491   264.023   295.660    68.848   932.512    54.125   204.528
    54.500     4.289     3.911    23.676    25.296   -10.301     1.509   264.014   295.778    68.785   932.585    54.375   204.542
    54.750     4.291     3.909    23.653    25.269   -10.366     1.479   264.005   296.199    68.711   932.648    54.625   204.554
    55.000     4.373     3.898    23.616    25.241   -10.383     1.476   263.998   295.672    68.665   933.049    54.875   204.597
    55.250     4.252     3.900    23.592    25.213   -10.438     1.483   263.990   295.650    68.607   933.059    55.125   204.601
    55.500     4.319     3.895    23.562    25.186   -10.472     1.461   263.982   295.558    68.544   933.223    55.375   204.622
    55.750     4.305     3.891    23.534    25.158   -10.532     1.473   263.974   295.500    68.488   933.360    55.625   204.635
    56.000     4.256     3.888    23.509    25.130   -10.595     1.460   263.966   295.467    68.421   933.433    55.875   204.645
    56.250     4.337     3.883    23.474    25.102   -10.614     1.471   263.958   295.584    68.383   933.675    56.125   204.672
    56.500     4.272     3.879    23.446    25.074   -10.660     1.463   263.950   295.632    68.321   933.791    56.375   204.683
    56.750     4.244     3.875    23.419    25.047   -10.713     1.448   263.943   295.311    68.260   933.904    56.625   204.694
    57.000     4.313     3.869    23.387    25.019   -10.739     1.405   263.935   295.232    68.207   934.105    56.875   204.709
    57.250     4.223     3.868    23.361    24.991   -10.807     1.454   263.927   295.407    68.156   934.173    57.125   204.719
    57.500     4.299     3.862    23.331    24.963   -10.845     1.438   263.918   295.831    68.095   934.343    57.375   204.732
    57.750     4.253     3.854    23.300    24.935   -10.874     1.385   263.912   295.185    68.045   934.536    57.625   204.745
    58.000     4.166     3.856    23.280    24.908   -10.962     1.421   263.903   295.326    67.973   934.486    57.875   204.746
    58.250     4.333     3.850    23.245    24.880   -10.983     1.419   263.895   295.434    67.933   934.726    58.125   204.759
    58.500     4.169     3.845    23.224    24.853   -11.050     1.381   263.886   295.666    67.860   934.733    58.375   204.758
    58.750     4.288     3.842    23.191    24.825   -11.060     1.352   263.879   295.017    67.820   934.928    58.625   204.769
    59.000     4.213     3.837    23.167    24.798   -11.126     1.367   263.871   295.347    67.751   934.996    58.875   204.778
    59.250     4.304     3.833    23.132    24.771   -11.142     1.356   263.863   295.058    67.711   935.224    59.125   204.790
    59.500     4.209     3.828    23.110    24.743   -11.223     1.371   263.854   295.248    67.642   935.277    59.375   204.793
    59.750     4.287     3.822    23.076    24.716   -11.229     1.332   263.846   294.964    67.605   935.478    59.625   204.802
    60.000     4.175     3.820    23.054    24.689   -11.301     1.326   263.837   295.587    67.541   935.507    59.875   204.802
    60.250     4.242     3.819    23.022    24.662   -11.324     1.316   263.829   295.610    67.502   935.686    60.125   204.813
    60.500     4.187     3.815    22.991    24.634   -11.348     1.284   263.823   294.872    67.464   935.820    60.375   204.817
    60.750     4.172     3.812    22.962    24.606   -11.406     1.314   263.815   294.776    67.425   935.903    60.625   204.815
    61.000     4.156     3.808    22.934    24.578   -11.448     1.282   263.808   294.632    67.371   936.016    60.875   204.819
    61.250     4.153     3.806    22.908    24.550   -11.508     1.296   263.800   294.680    67.310   936.202    61.125   204.826
    61.500     4.129     3.803    22.884    24.522   -11.582     1.307   263.791   295.567    67.250   936.236    61.375   204.826
    61.750     4.236     3.785    22.847    24.493   -11.587     1.262   263.784   294.683    67.212   936.527    61.625   204.836
    62.000     4.103     3.795    22.824    24.466   -11.639     1.253   263.777   295.019    67.156   936.500    61.875   204.827
    62.250     4.144     3.791    22.793    24.437   -11.682     1.291   263.769   295.416    67.114   936.620    62.125   204.829
    62.500     4.155     3.786    22.767    24.409   -11.749     1.276   263.762   294.730    67.049   936.713    62.375   204.827
    62.750     4.200     3.779    22.732    24.381   -11.773     1.260   263.755   294.438    67.018   936.954    62.625   204.832
    63.000     4.149     3.777    22.706    24.353   -11.821     1.238   263.747   294.378    66.956   937.015    62.875   204.830
    63.250     4.091     3.768    22.678    24.326   -11.839     1.192   263.740   294.211    66.915   937.076    63.125   204.827
    63.500     4.122     3.771    22.647    24.298   -11.882     1.203   263.733   294.110    66.875   937.214    63.375   204.832
    63.750     4.102     3.735    22.615    24.270   -11.935     1.213   263.725   295.110    66.828   937.432    63.625   204.839
    64.000     4.148     3.690    22.584    24.241   -11.989     1.221   263.716   295.025    66.776   937.588    63.875   204.842
    64.250     4.271     3.758    22.560    24.214   -12.046     1.186   263.708   295.116    66.715   937.622    64.125   204.839
    64.500     4.057     3.747    22.534    24.186   -12.063     1.133   263.700   294.033    66.670   937.647    64.375   204.824
    64.750     4.045     3.754    22.510    24.159   -12.118     1.161   263.693   295.087    66.626   937.683    64.625   204.822
    65.000     4.160     3.745    22.474    24.130   -12.145     1.165   263.686   293.840    66.593   937.919    64.875   204.822
    65.250     4.042     3.746    22.453    24.102   -12.241     1.193   263.677   294.525    66.528   937.869    65.125   204.811
    65.500     4.134     3.740    22.421    24.075   -12.272     1.170   263.670   293.742    66.494   938.073    65.375   204.809
    65.750     4.088     3.727    22.391    24.047   -12.276     1.105   263.663   293.790    66.459   938.176    65.625   204.797
    66.000     3.986     3.736    22.367    24.019   -12.333     1.149   263.656   293.694    66.417   938.138    65.875   204.791
    66.250     4.150     3.730    22.334    23.991   -12.381     1.169   263.649   293.787    66.371   938.335    66.125   204.795
    66.500     4.102     3.725    22.306    23.963   -12.444     1.171   263.641   293.731    66.315   938.437    66.375   204.786
    66.750     4.131     3.710    22.276    23.935   -12.481     1.122   263.632   293.732    66.273   938.606    66.625   204.778
    67.000     4.015     3.712    22.251    23.908   -12.506     1.090   263.624   294.571    66.236   938.606    66.875   204.769
    67.250     3.974     3.717    22.227    23.880   -12.586     1.143   263.618   293.324    66.190   938.604    67.125   204.760
    67.500     4.135     3.708    22.191    23.852   -12.605     1.120   263.611   293.405    66.157   938.846    67.375   204.759
    67.750     4.080     3.707    22.165    23.824   -12.675     1.130   263.602   293.413    66.106   938.909    67.625   204.752
    68.000     3.991     3.697    22.139    23.797   -12.698     1.070   263.594   293.511    66.065   938.953    67.875   204.740
    68.250     4.008     3.691    22.107    23.769   -12.721     1.052   263.589   293.029    66.042   939.083    68.125   204.731
    68.500     3.881     3.701    22.079    23.741   -12.707     1.015   263.584   292.912    66.032   939.128    68.375   204.728
    68.750     3.755     3.707    22.050    23.711   -12.751     1.080   263.578   293.321    66.031   939.099    68.625   204.714
    69.000     3.858     3.693    22.015    23.680   -12.759     1.022   263.577   292.331    65.993   939.174    68.875   204.693
    69.250     3.945     3.695    21.984    23.650   -12.775     1.027   263.572   292.077    65.949   939.246    69.125   204.676
    69.500     3.944     3.690    21.953    23.620   -12.838     1.160   263.564   292.794    65.904   939.307    69.375   204.660
    69.750     3.966     3.685    21.925    23.590   -12.935     1.239   263.559   293.395    65.849   939.411    69.625   204.652
    70.000     4.002     3.679    21.896    23.561   -13.035     1.271   263.552   292.382    65.793   939.524    69.875   204.647
    70.250     4.037     3.673    21.866    23.533   -13.094     1.188   263.545   293.542    65.748   939.680    70.125   204.637
    70.500     3.999     3.657    21.837    23.505   -13.118     1.085   263.537   292.942    65.692   939.765    70.375   204.620
    70.750     4.096     3.657    21.808    23.479   -13.115     0.983   263.530   292.205    65.641   939.897    70.625   204.607
    71.000     4.016     3.657    21.780    23.453   -13.134     1.020   263.520   292.734    65.618   939.962    70.875   204.594
    71.250     3.936     3.654    21.752    23.426   -13.198     1.131   263.514   292.117    65.596   940.031    71.125   204.582
    71.500     3.890     3.655    21.730    23.399   -13.304     1.203   263.509   292.256    65.555   940.012    71.375   204.575
    71.750     3.973     3.640    21.699    23.372   -13.338     1.096   263.501   293.339    65.522   940.220    71.625   204.574
    72.000     4.055     3.631    21.669    23.345   -13.341     0.985   263.492   293.236    65.462   940.348    71.875   204.565
    72.250     4.053     3.635    21.645    23.320   -13.346     0.912   263.484   293.195    65.409   940.402    72.125   204.547
    72.500     3.896     3.636    21.620    23.295   -13.365     0.928   263.477   292.035    65.395   940.372    72.375   204.538
    72.750     3.918     3.637    21.594    23.268   -13.427     1.030   263.469   292.568    65.380   940.393    72.625   204.528
    73.000     3.962     3.636    21.565    23.241   -13.498     1.046   263.463   292.871    65.365   940.515    72.875   204.518
    73.250     3.934     3.612    21.535    23.214   -13.538     0.983   263.456   292.411    65.325   940.671    73.125   204.507
    73.500     4.029     3.611    21.508    23.188   -13.554     0.906   263.448   292.375    65.267   940.809    73.375   204.491
    73.750     3.967     3.619    21.485    23.163   -13.572     0.888   263.441   291.370    65.232   940.773    73.625   204.476
    74.000     3.924     3.619    21.458    23.136   -13.624     0.991   263.432   291.365    65.215   940.793    73.875   204.461
    74.250     3.866     3.618    21.434    23.109   -13.724     1.083   263.425   292.185    65.190   940.796    74.125   204.448
    74.500     3.919     3.600    21.402    23.082   -13.783     1.028   263.419   292.603    65.176   940.983    74.375   204.440
    74.750     3.969     3.600    21.375    23.055   -13.804     0.934   263.412   291.446    65.116   941.073    74.625   204.429
    75.000     3.983     3.583    21.346    23.030   -13.812     0.858   263.404   292.500    65.071   941.268    74.875   204.414
    75.250     3.986     3.560    21.316    23.004   -13.806     0.833   263.396   292.315    65.046   941.361    75.125   204.409
    75.500     3.932     3.560    21.289    22.978   -13.857     0.910   263.387   292.261    65.028   941.395    75.375   204.399
    75.750     3.875     3.588    21.265    22.951   -13.974     1.018   263.378   292.302    65.005   941.395    75.625   204.389
    76.000     3.867     3.557    21.240    22.924   -14.033     0.942   263.373   292.381    64.965   941.490    75.875   204.375
    76.250     3.952     3.551    21.212    22.897   -14.047     0.857   263.367   292.286    64.917   941.625    76.125   204.361
    76.500     3.992     3.551    21.184    22.872   -14.043     0.791   263.357   292.256    64.867   941.787    76.375   204.353
    76.750     3.978     3.570    21.156    22.846   -14.048     0.796   263.348   292.078    64.849   941.844    76.625   204.342
    77.000     3.869     3.541    21.128    22.819   -14.103     0.876   263.341   292.066    64.839   941.866    76.875   204.331
    77.250     3.844     3.569    21.105    22.793   -14.219     0.961   263.335   292.085    64.809   941.866    77.125   204.323
    77.500     3.852     3.563    21.080    22.766   -14.274     0.877   263.327   292.024    64.765   941.966    77.375   204.308
    77.750     3.935     3.558    21.054    22.740   -14.290     0.803   263.320   291.683    64.713   942.071    77.625   204.293
    78.000     3.947     3.560    21.024    22.714   -14.287     0.749   263.310   291.868    64.688   942.214    77.875   204.277
    78.250     3.848     3.563    20.999    22.688   -14.312     0.797   263.304   290.647    64.679   942.193    78.125   204.259
    78.500     3.728     3.495    20.970    22.660   -14.375     0.916   263.298   291.776    64.677   942.227    78.375   204.245
    78.750     3.826     3.525    20.947    22.633   -14.471     0.925   263.293   290.750    64.629   942.280    78.625   204.235
    79.000     3.897     3.543    20.919    22.606   -14.507     0.850   263.283   291.813    64.581   942.395    78.875   204.222
    79.250     3.949     3.536    20.890    22.580   -14.537     0.785   263.276   291.867    64.526   942.549    79.125   204.212
    79.500     3.937     3.541    20.866    22.555   -14.557     0.747   263.268   290.680    64.488   942.549    79.375   204.194
    79.750     3.790     3.543    20.842    22.529   -14.603     0.826   263.258   290.668    64.484   942.523    79.625   204.177
    80.000     3.782     3.498    20.811    22.502   -14.666     0.883   263.254   291.663    64.483   942.634    79.875   204.165
    80.250     3.796     3.503    20.786    22.475   -14.728     0.831   263.246   291.601    64.442   942.692    80.125   204.152
    80.500     3.905     3.523    20.759    22.449   -14.759     0.765   263.239   291.578    64.394   942.812    80.375   204.140
    80.750     3.863     3.518    20.732    22.423   -14.775     0.714   263.233   290.643    64.349   942.921    80.625   204.125
    81.000     3.915     3.520    20.704    22.398   -14.775     0.675   263.224   290.678    64.313   943.036    80.875   204.115
    81.250     3.788     3.524    20.681    22.372   -14.810     0.730   263.216   290.339    64.306   943.000    81.125   204.103
    81.500     3.706     3.456    20.650    22.345   -14.878     0.849   263.208   291.321    64.310   943.072    81.375   204.094
    81.750     3.796     3.513    20.627    22.318   -14.968     0.820   263.203   290.365    64.262   943.114    81.625   204.089
    82.000     3.818     3.506    20.600    22.291   -15.012     0.760   263.196   290.687    64.220   943.247    81.875   204.077
    82.250     3.863     3.500    20.573    22.265   -15.031     0.710   263.188   291.160    64.161   943.337    82.125   204.069
    82.500     3.864     3.493    20.545    22.240   -15.049     0.668   263.180   291.141    64.122   943.486    82.375   204.059
    82.750     3.883     3.492    20.516    22.215   -15.053     0.648   263.171   291.192    64.101   943.611    82.625   204.053
    83.000     3.765     3.464    20.489    22.189   -15.104     0.726   263.162   291.065    64.098   943.616    82.875   204.042
    83.250     3.686     3.456    20.466    22.162   -15.201     0.780   263.157   291.056    64.067   943.631    83.125   204.039
    83.500     3.815     3.490    20.444    22.135   -15.266     0.734   263.151   290.249    64.016   943.677    83.375   204.029
    83.750     3.790     3.457    20.414    22.109   -15.294     0.688   263.144   291.130    63.985   943.856    83.625   204.020
    84.000     3.846     3.470    20.386    22.083   -15.310     0.649   263.135   291.103    63.937   943.991    83.875   204.016
    84.250     3.858     3.472    20.359    22.058   -15.328     0.616   263.127   291.061    63.886   944.116    84.125   204.013
    84.500     3.881     3.478    20.332    22.033   -15.340     0.593   263.118   290.158    63.860   944.230    84.375   204.004
    84.750     3.702     3.444    20.304    22.006   -15.380     0.658   263.110   290.879    63.868   944.255    84.625   203.996
    85.000     3.644     3.437    20.281    21.979   -15.472     0.717   263.105   290.733    63.839   944.257    84.875   203.989
    85.250     3.758     3.442    20.255    21.952   -15.534     0.690   263.096   290.857    63.797   944.359    85.125   203.981
    85.500     3.794     3.464    20.230    21.925   -15.580     0.658   263.090   290.829    63.743   944.425    85.375   203.973
    85.750     3.790     3.458    20.203    21.899   -15.616     0.625   263.082   290.321    63.696   944.544    85.625   203.962
    86.000     3.792     3.454    20.175    21.873   -15.640     0.595   263.074   290.849    63.661   944.666    85.875   203.953
    86.250     3.781     3.442    20.146    21.848   -15.656     0.570   263.068   290.712    63.637   944.827    86.125   203.946
    86.500     3.779     3.439    20.119    21.823   -15.668     0.556   263.059   290.705    63.605   944.933    86.375   203.939
    86.750     3.782     3.420    20.091    21.796   -15.704     0.596   263.050   290.563    63.595   944.995    86.625   203.938
    87.000     3.659     3.441    20.067    21.768   -15.801     0.666   263.043   290.490    63.570   945.005    86.875   203.932
    87.250     3.714     3.437    20.041    21.741   -15.872     0.647   263.037   290.515    63.531   945.107    87.125   203.926
    87.500     3.760     3.432    20.013    21.714   -15.919     0.621   263.029   290.599    63.485   945.224    87.375   203.922
    87.750     3.778     3.435    19.986    21.687   -15.962     0.591   263.021   290.438    63.431   945.321    87.625   203.921
    88.000     3.745     3.430    19.957    21.661   -16.003     0.563   263.013   290.046    63.396   945.481    87.875   203.913
    88.250     3.738     3.419    19.930    21.635   -16.021     0.541   263.006   290.460    63.359   945.599    88.125   203.911
    88.500     3.717     3.425    19.906    21.609   -16.048     0.528   262.998   290.572    63.314   945.653    88.375   203.905
    88.750     3.729     3.415    19.877    21.582   -16.073     0.517   262.991   290.353    63.290   945.816    88.625   203.901
    89.000     3.740     3.412    19.850    21.556   -16.097     0.513   262.983   290.406    63.252   945.932    88.875   203.902
    89.250     3.746     3.409    19.823    21.530   -16.133     0.516   262.975   290.503    63.214   946.046    89.125   203.903
    89.500     3.741     3.407    19.797    21.504   -16.181     0.515   262.967   290.469    63.177   946.143    89.375   203.901
    89.750     3.728     3.404    19.771    21.478   -16.234     0.506   262.959   290.438    63.142   946.246    89.625   203.896
    90.000     3.681     3.402    19.745    21.451   -16.274     0.507   262.951   290.478    63.115   946.329    89.875   203.894
    90.250     3.724     3.408    19.718    21.424   -16.317     0.514   262.943   290.563    63.076   946.395    90.125   203.893
    90.500     3.679     3.407    19.693    21.397   -16.379     0.525   262.936   289.919    63.035   946.461    90.375   203.888
    90.750     3.703     3.395    19.663    21.370   -16.431     0.535   262.929   290.529    63.010   946.602    90.625   203.887
    91.000     3.688     3.371    19.634    21.343   -16.492     0.539   262.920   290.542    62.974   946.695    90.875   203.885
    91.250     3.714     3.381    19.607    21.315   -16.556     0.534   262.912   290.467    62.927   946.805    91.125   203.883
    91.500     3.621     3.382    19.580    21.288   -16.613     0.510   262.907   290.485    62.897   947.001    91.375   203.880
    91.750     3.602     3.371    19.552    21.261   -16.657     0.478   262.901   290.583    62.864   947.176    91.625   203.876
    92.000     3.674     3.382    19.522    21.234   -16.674     0.448   262.896   290.709    62.813   947.378    91.875   203.872
    92.250     3.780     3.376    19.490    21.207   -16.656     0.423   262.883   290.618    62.772   947.542    92.125   203.869
    92.500     3.705     3.356    19.464    21.180   -16.644     0.429   262.875   290.572    62.740   947.661    92.375   203.864
    92.750     3.640     3.319    19.441    21.152   -16.679     0.452   262.868   290.479    62.720   947.726    92.625   203.858
    93.000     3.596     3.362    19.419    21.124   -16.755     0.474   262.862   290.357    62.707   947.716    92.875   203.852
    93.250     3.571     3.351    19.391    21.094   -16.839     0.512   262.854   289.836    62.696   947.726    93.125   203.845
    93.500     3.567     3.372    19.363    21.064   -16.957     0.575   262.847   289.499    62.677   947.741    93.375   203.838
    93.750     3.508     3.360    19.335    21.033   -17.073     0.591   262.841   289.365    62.637   947.816    93.625   203.828
    94.000     3.594     3.361    19.304    21.004   -17.144     0.548   262.835   289.411    62.580   947.955    93.875   203.819
    94.250     3.635     3.343    19.272    20.975   -17.185     0.503   262.828   289.766    62.514   948.214    94.125   203.808
    94.500     3.730     3.353    19.240    20.948   -17.191     0.463   262.823   289.731    62.459   948.389    94.375   203.799
    94.750     3.695     3.348    19.211    20.922   -17.178     0.448   262.812   289.690    62.420   948.482    94.625   203.789
    95.000     3.602     3.290    19.186    20.895   -17.201     0.451   262.806   289.652    62.401   948.553    94.875   203.777
    95.250     3.541     3.351    19.169    20.869   -17.259     0.456   262.801   288.880    62.363   948.494    95.125   203.766
    95.500     3.586     3.345    19.139    20.842   -17.301     0.447   262.794   289.249    62.340   948.631    95.375   203.756
    95.750     3.662     3.345    19.111    20.816   -17.351     0.427   262.786   289.847    62.291   948.767    95.625   203.746
    96.000     3.762     3.341    19.079    20.790   -17.363     0.410   262.775   289.767    62.258   948.856    95.875   203.734
    96.250     3.615     3.342    19.056    20.763   -17.402     0.422   262.769   288.848    62.240   948.915    96.125   203.721
    96.500     3.464     3.336    19.035    20.737   -17.462     0.435   262.762   289.525    62.220   948.902    96.375   203.710
    96.750     3.594     3.330    19.005    20.711   -17.511     0.424   262.756   289.117    62.193   949.048    96.625   203.698
    97.000     3.657     3.331    18.977    20.684   -17.568     0.405   262.748   289.764    62.145   949.175    96.875   203.689
    97.250     3.688     3.320    18.945    20.659   -17.581     0.393   262.737   289.472    62.104   949.322    97.125   203.755
    97.500     3.587     3.326    18.923    20.632   -17.629     0.406   262.732   289.324    62.062   949.374    97.375   203.821
    97.750     3.502     3.312    18.896    20.605   -17.673     0.407   262.724   289.416    62.013   949.524    97.625   203.891
    98.000     3.595     3.315    18.870    20.578   -17.724     0.398   262.717   289.494    61.950   949.668    97.875   203.950
    98.250     3.649     3.316    18.843    20.553   -17.776     0.381   262.710   288.578    61.881   949.773    98.125   203.996
    98.500     3.606     3.320    18.821    20.526   -17.824     0.391   262.697   289.358    61.829   949.840    98.375   204.045
    98.750     3.487     3.311    18.792    20.499   -17.853     0.397   262.693   289.333    61.808   949.999    98.625   204.133
    99.000     3.519     3.287    18.763    20.472   -17.894     0.391   262.688   289.030    61.755   950.155    98.875   204.189
    99.250     3.624     3.289    18.734    20.447   -17.943     0.377   262.679   289.461    61.687   950.342    99.125   204.252
    99.500     3.669     3.296    18.704    20.421   -17.973     0.373   262.669   289.167    61.640   950.452    99.375   204.304
    99.750     3.489     3.290    18.682    20.394   -18.034     0.385   262.663   289.074    61.602   950.503    99.625   204.364
   100.000     3.549     3.294    18.656    20.367   -18.091     0.378   262.656   289.197    61.546   950.595    99.875   204.395
