  1000.000    21.598    12.622     0.000     0.783    -1.759    -1.991     3.141     0.000     0.000     0.000     0.000     0.000     0.000   341.739     0.000   0.00E+00    -1.946     0.528   294.788
   950.000    17.396    12.382     0.001     0.969     3.424    -1.830    -1.204     0.000     9.701     0.000   -10.843     0.000     0.000   341.730     0.000   0.00E+00    -4.508     0.568   290.518
   900.000    15.401     9.545    -0.334     0.800     1.806    -1.923     0.000     0.000     9.698     0.000    -5.279     0.000     1.041   334.991     0.000   0.62E-01    -1.966     0.594   287.973
   850.000    12.691     7.825    -0.026     0.749     1.556    -1.674     0.000     0.000     8.934    -1.037    -5.933     1.101     0.736   331.695     0.000   0.00E+00    -0.885     0.633   285.747
   800.000    10.035     6.251     0.011     0.682     1.443    -1.559     0.000     0.000     8.245    -0.736    -5.402     0.865     0.038   329.076     0.000   0.34E-02     0.031     0.667   283.346
   750.000     7.236     4.900    -0.130     0.628     1.380    -1.493     0.000     0.000     8.128    -0.009    -5.086     0.777     0.259   327.641     0.000   0.27E-01     0.499     0.696   280.738
   700.000     4.152     3.902    -0.175     0.596     1.338    -1.450     0.000     0.000     8.006     0.000    -4.955     0.788     0.269   326.975     0.000   0.29E-01     0.717     0.717   277.883
   650.000     0.609     3.129    -0.149     0.578     1.350    -1.466     0.000     0.000     7.881     0.000    -4.764     0.772     0.268   326.760     0.000   0.29E-01     0.778     0.725   274.732
   600.000    -3.420     2.367     0.015     0.570     1.388    -1.512     0.000     0.000     7.763     0.000    -5.171     0.795     0.265   326.705     0.000   0.28E-01     0.903     0.720   271.356
   550.000    -7.331     1.666     0.149     0.556     1.469    -1.591     0.000     0.000     7.652     0.000    -4.953     0.776     0.260   326.841     0.002   0.48E-01     0.932     0.708   267.588
   500.000   -11.963     1.179     0.001     0.529     1.642    -1.771     0.000     0.000     7.567     0.000    -3.352     0.744     0.244   327.547     0.004   0.86E-01     0.773     0.693   263.198
   450.000   -17.540     0.819    -0.013     0.507     1.807    -1.951     0.000     0.000     6.636     0.000    -2.204     0.630     1.107   328.405     0.027   0.41E+00     0.619     0.661   258.005
   400.000   -24.027     0.398    -0.036     0.414     1.718    -1.885     0.000     0.000     6.201     0.000    -1.290     0.597     0.634   329.168     0.023   0.31E+00     0.540     0.584   251.764
   350.000   -31.743     0.179    -0.038     0.365     1.482    -1.682     0.000     0.000     6.058     0.000    -0.694     0.636     0.416   330.411     0.032   0.25E+00     0.336     0.519   244.197
   300.000   -40.946     0.100    -0.019     0.434     1.231    -1.475     0.000     0.000     6.117     0.000    -0.308     0.788     0.398   331.783     0.077   0.19E+00     0.121     0.457   235.029
   250.000   -51.867     0.049    -0.085     0.682     0.864    -1.160     0.000     0.000     5.752     0.000    -0.083     1.159     1.263   332.963     0.145   0.12E+00     0.015     0.394   224.016
   200.000   -64.869     0.017    -0.264     1.077     0.416    -0.769     0.000     0.000     0.323     0.000    -0.002     0.000     5.429   333.869     0.585   0.25E-01    -0.001     0.297   210.848
   150.000   -70.235     0.001    -4.000     0.468    -0.017    -0.181     0.000     0.000     0.000     0.000    -0.000     0.000     0.323   340.337     0.001   0.20E-03    -0.000     0.048   194.237
   100.000   -69.026     0.001    -4.000     0.072     0.000     0.082     0.000     0.000     0.000     0.000     0.000     0.000     0.000   361.248     0.000   0.00E+00     0.000     0.000   170.986
    80.000   -66.862     0.001    -4.000     0.051     0.000     0.126     0.000     0.000     0.000     0.000     0.000     0.000     0.000   375.058     0.000   0.00E+00     0.000     0.000     0.000
    60.000   -59.992     0.001     0.000     0.023     0.000     0.263     0.000     0.000     0.000     0.000     0.000     0.000     0.000   396.086     0.000   0.00E+00     0.000     0.000     0.000
    40.000   -49.763     0.001     0.000     0.008     0.000     0.468     0.000     0.000     0.000     0.000     0.000     0.000     0.000   427.222     0.000   0.00E+00     0.000     0.000     0.000
    30.000   -41.612     0.001     0.000     0.004     0.000     0.631     0.000     0.000     0.000     0.000     0.000     0.000     0.000   451.390     0.000   0.00E+00     0.000     0.000     0.000
    25.000   -26.664     0.001     0.000     0.001     0.000     0.930     0.000     0.000     0.000     0.000     0.000     0.000     0.000   477.855     0.000   0.00E+00    -0.001     0.000     0.000
