  1000.000     4.625     3.349     0.000     0.634    -1.489    -0.964     2.650     0.000     0.000     0.000     0.000     0.000     0.000   290.806     0.000   0.00E+00    -0.830     0.282   277.748
   950.000     0.538     3.174     0.001     0.801     0.654    -1.365     0.490     0.000    19.250     0.000   -12.379     0.000     0.000   290.803     0.000   0.82E-07    -1.054     0.316   273.716
   900.000    -3.296     2.369    -0.112     0.741     1.386    -1.399     0.000     0.000    19.247    -0.000   -15.059     0.000     2.241   288.348     0.000   0.11E-01    -0.355     0.338   269.732
   850.000    -6.844     1.627     0.382     0.661     1.491    -1.505     0.000     0.000    17.837    -2.239   -10.494     2.640     2.450   286.487     0.050   0.32E+00     0.195     0.373   266.776
   800.000   -10.444     1.021     0.609     0.544     1.624    -1.639     0.000     0.000    16.222    -2.450    -7.650     2.859     1.488   285.155     0.017   0.27E+00     0.612     0.405   263.519
   750.000   -14.121     0.516     0.571     0.390     1.594    -1.610     0.000     0.000    14.909    -1.487    -6.183     2.153     0.384   286.089     0.002   0.17E+00     0.852     0.428   259.916
   700.000   -18.020     0.261     0.363     0.273     1.489    -1.506     0.000     0.000    14.686    -0.363    -5.075     1.921     0.525   285.263     0.001   0.13E+00     0.819     0.440   255.915
   650.000   -22.432     0.117     0.172     0.200     1.317    -1.336     0.000     0.000    14.307    -0.501    -4.178     1.735     0.357   286.261     0.001   0.10E+00     0.695     0.440   251.468
   600.000   -27.232     0.051    -0.022     0.162     1.109    -1.129     0.000     0.000    14.161    -0.333    -3.187     1.681     0.405   287.660     0.002   0.82E-01     0.510     0.429   246.525
   550.000   -32.611     0.026    -0.165     0.140     0.790    -0.812     0.000     0.000    14.078    -0.384    -2.290     1.833     0.169   288.052     0.003   0.70E-01     0.344     0.407   241.045
   500.000   -38.640     0.019    -0.223     0.168     0.608    -0.632     0.000     0.000    14.572    -0.155    -1.407     2.175     0.011   288.294     0.006   0.43E-01     0.202     0.373   234.988
   450.000   -45.276     0.016    -0.226     0.299     0.594    -0.620     0.000     0.000    16.219     0.000    -0.616     3.205     0.073   288.449     0.032   0.76E-01     0.086     0.331   228.311
   400.000   -52.553     0.013    -0.252     0.526     0.448    -0.477    -0.000     0.000    17.070    -0.000    -0.207     3.268     1.305   288.699     0.130   0.79E-01     0.024     0.282   220.955
   350.000   -60.652     0.011    -0.259     0.764     0.391    -0.422     0.000     0.000    10.520     0.000    -0.045     2.829     8.481   288.830     0.160   0.16E-01     0.002     0.218   212.824
   300.000   -69.685     0.006    -0.369     1.004     0.113    -0.146     0.000     0.000     0.729     0.000    -0.002     0.122     9.883   289.154     0.424   0.45E-02    -0.000     0.116   203.767
   250.000   -74.286     0.003    -4.000     1.001     0.000    -0.029     0.000     0.000     0.005     0.000    -0.000     0.000     0.724   294.664     0.175   0.33E-03    -0.000     0.018   193.362
   200.000   -73.100     0.001    -4.000     0.177    -0.000    -0.015     0.000     0.000     0.000     0.000    -0.000     0.000     0.005   307.593     0.000   0.21E-05    -0.000     0.000   180.708
   150.000   -74.132     0.001    -4.000     0.152     0.000    -0.001     0.000     0.000     0.000     0.000     0.000     0.000     0.000   323.148     0.000   0.00E+00     0.000     0.000   164.443
   100.000   -73.181     0.001    -4.000     0.091     0.000    -0.000     0.000     0.000     0.000     0.000     0.000     0.000     0.000   345.671     0.000   0.00E+00     0.000     0.000   141.663
    80.000   -70.589     0.001    -4.000     0.051     0.000     0.003     0.000     0.000     0.000     0.000     0.000     0.000     0.000   361.966     0.000   0.00E+00     0.000     0.000     0.000
    60.000   -64.139     0.001     0.000     0.016     0.000     0.011     0.000     0.000     0.000     0.000     0.000     0.000     0.000   384.918     0.000   0.00E+00     0.000     0.000     0.000
    40.000   -55.484     0.001     0.000     0.004     0.000     0.022     0.000     0.000     0.000     0.000     0.000     0.000     0.000   417.290     0.000   0.00E+00     0.000     0.000     0.000
    30.000   -48.993     0.001     0.000     0.001     0.000     0.030     0.000     0.000     0.000     0.000     0.000     0.000     0.000   441.313     0.000   0.00E+00     0.000     0.000     0.000
    25.000   -37.490     0.001     0.000     0.000     0.000     0.046     0.000     0.000     0.000     0.000     0.000     0.000     0.000   464.920     0.000   0.00E+00    -0.001     0.000     0.000
