  1000.000     6.582     3.976    -0.000     0.664    -1.532    -1.145     2.705     0.000     0.000     0.000     0.000     0.000     0.000   295.853     0.000   0.00E+00    -0.964     0.297   279.720
   950.000     2.497     3.791     0.001     0.836     1.344    -1.445     0.063     0.000    16.525     0.000   -11.619     0.000     0.003   295.834     0.000   0.73E-06    -1.305     0.332   275.660
   900.000    -1.107     2.920    -0.270     0.740     1.412    -1.435     0.000     0.000    16.503    -0.003   -11.737     0.003     2.409   293.061     0.001   0.16E-01    -0.364     0.355   271.736
   850.000    -4.480     2.017     0.315     0.691     1.450    -1.481     0.000     0.000    15.269    -2.391   -10.548     2.735     2.023   291.468     0.069   0.38E+00     0.185     0.382   268.896
   800.000    -7.942     1.340     0.551     0.582     1.553    -1.591     0.000     0.000    13.846    -1.993    -7.782     2.334     0.691   290.326     0.023   0.29E+00     0.689     0.415   265.763
   750.000   -11.577     0.845     0.451     0.445     1.523    -1.567     0.000     0.000    13.180    -0.661    -6.385     1.669     0.348   289.887     0.015   0.19E+00     0.905     0.441   262.290
   700.000   -15.496     0.484     0.251     0.344     1.390    -1.443     0.000     0.000    12.980    -0.186    -5.621     1.491     0.325   290.157     0.020   0.14E+00     0.877     0.458   258.420
   650.000   -19.773     0.264     0.049     0.286     1.221    -1.283     0.000     0.000    12.859    -0.150    -4.772     1.416     0.315   290.821     0.029   0.12E+00     0.721     0.463   254.097
   600.000   -24.592     0.148    -0.124     0.263     1.027    -1.101     0.000     0.000    12.797    -0.161    -3.779     1.493     0.322   291.573     0.042   0.11E+00     0.525     0.456   249.263
   550.000   -30.056     0.093    -0.243     0.272     0.829    -0.917     0.000     0.000    12.879    -0.171    -2.710     1.654     0.247   292.292     0.054   0.11E+00     0.348     0.434   243.865
   500.000   -36.197     0.069    -0.312     0.338     0.733    -0.840     0.000     0.000    13.341    -0.118    -1.606     1.957     0.110   292.871     0.069   0.71E-01     0.206     0.398   237.859
   450.000   -42.856     0.048    -0.378     0.531     0.702    -0.827     0.000     0.000    14.170    -0.009    -0.706     2.400     0.424   293.341     0.142   0.16E+00     0.072     0.353   231.197
   400.000   -50.115     0.026    -0.509     0.788     0.564    -0.708     0.000     0.000    13.802    -0.010    -0.204     2.724     2.225   293.718     0.249   0.13E+00     0.021     0.298   223.817
   350.000   -58.194     0.016    -0.695     0.925     0.403    -0.567     0.000     0.000    10.160    -0.002    -0.049     2.678     5.710   294.019     0.223   0.33E-01     0.004     0.221   215.630
   300.000   -67.152     0.008    -1.121     1.033     0.159    -0.343     0.000     0.000     0.451     0.000    -0.001     0.000     9.709   294.545     0.517   0.41E-02    -0.000     0.127   206.485
   250.000   -73.655     0.004    -4.000     0.999    -0.011    -0.155     0.000     0.000     0.000     0.000    -0.000     0.000     0.451   297.835     0.463   0.99E-04    -0.000     0.021   196.018
   200.000   -71.490     0.001    -4.000     0.182     0.000    -0.043     0.000     0.000     0.000     0.000     0.000     0.000     0.000   310.701     0.000   0.56E-09    -0.000     0.000   183.288
   150.000   -72.639     0.001    -4.000     0.142     0.000     0.005     0.000     0.000     0.000     0.000     0.000     0.000     0.000   324.757     0.000   0.00E+00     0.000     0.000   166.898
   100.000   -71.625     0.001    -4.000     0.092     0.000     0.015     0.000     0.000     0.000     0.000     0.000     0.000     0.000   347.862     0.000   0.00E+00     0.000     0.000   143.943
    80.000   -68.535     0.001    -4.000     0.057     0.000     0.046     0.000     0.000     0.000     0.000     0.000     0.000     0.000   362.434     0.000   0.00E+00     0.000     0.000     0.000
    60.000   -60.653     0.001     0.000     0.021     0.000     0.125     0.000     0.000     0.000     0.000     0.000     0.000     0.000   385.073     0.000   0.00E+00     0.000     0.000     0.000
    40.000   -50.178     0.001     0.000     0.006     0.000     0.230     0.000     0.000     0.000     0.000     0.000     0.000     0.000   418.291     0.000   0.00E+00     0.000     0.000     0.000
    30.000   -41.999     0.001     0.000     0.002     0.000     0.312     0.000     0.000     0.000     0.000     0.000     0.000     0.000   444.109     0.000   0.00E+00     0.000     0.000     0.000
    25.000   -26.150     0.001     0.000     0.001     0.000     0.470     0.000     0.000     0.000     0.000     0.000     0.000     0.000   472.599     0.000   0.00E+00    -0.001     0.000     0.000
