     0.250     0.058     1.296     7.670     8.552   -25.640     0.768   261.688   246.175    11.183  1010.666     0.125   267.656
     0.500     0.075     1.334     7.896     9.073   -25.892     0.768   261.746   246.523    13.812  1009.704     0.375   265.617
     0.750     0.231     1.409     8.218     9.556   -26.144     0.768   261.771   246.990    16.405  1008.543     0.625   260.843
     1.000     0.656     1.490     8.518     9.999   -26.395     0.768   261.791   247.474    18.550  1007.442     0.875   258.318
     1.250     1.114     1.589     8.825    10.401   -26.645     0.768   261.777   248.124    20.525  1006.325     1.125   256.185
     1.500     1.391     1.688     9.128    10.765   -26.894     0.768   261.785   248.740    22.345  1005.194     1.375   253.885
     1.750     1.532     1.771     9.418    11.096   -27.141     0.768   261.785   249.394    24.054  1004.043     1.625   251.403
     2.000     1.896     1.849     9.683    11.398   -27.386     0.768   261.773   250.104    25.590  1002.945     1.875   249.448
     2.250     1.819     1.924     9.933    11.673   -27.630     0.768   261.768   250.741    27.109  1001.789     2.125   247.003
     2.500     2.023     1.995    10.159    11.923   -27.872     0.768   261.766   251.319    28.502  1000.678     2.375   245.015
     2.750     2.050     2.062    10.368    12.150   -28.117     0.768   261.761   251.897    29.872   999.529     2.625   242.765
     3.000     2.150     2.123    10.558    12.357   -28.407     0.774   261.760   252.431    31.132   998.429     2.875   241.007
     3.250     2.175     2.175    10.736    12.544   -28.750     0.785   261.761   252.906    32.333   997.340     3.125   239.252
     3.500     2.243     2.225    10.898    12.715   -29.108     0.791   261.765   253.355    33.448   996.292     3.375   237.645
     3.750     2.208     2.268    11.051    12.872   -29.365     0.792   261.770   253.726    34.513   995.262     3.625   236.097
     4.000     2.344     2.310    11.188    13.015   -29.535     0.793   261.773   254.149    35.500   994.280     3.875   234.772
     4.250     2.675     2.354    11.303    13.145   -29.597     0.788   261.768   254.718    36.518   993.157     4.125   233.318
     4.500     2.839     2.383    11.408    13.262   -29.638     0.778   261.750   255.360    37.471   992.051     4.375   231.997
     4.750     2.924     2.388    11.506    13.369   -29.706     0.770   261.740   255.880    38.418   990.909     4.625   230.458
     5.000     3.083     2.393    11.604    13.477   -29.754     0.769   261.723   256.609    39.352   989.728     4.875   228.597
     5.250     2.849     2.412    11.711    13.581   -29.796     0.811   261.711   257.153    40.261   988.562     5.125   226.822
     5.500     2.984     2.444    11.798    13.675   -29.783     0.837   261.697   257.887    41.199   987.269     5.375   224.946
     5.750     3.080     2.461    11.874    13.761   -29.631     0.789   261.686   258.285    41.891   986.349     5.625   223.989
     6.000     3.126     2.479    11.948    13.841   -29.447     0.723   261.674   258.773    42.570   985.495     5.875   222.995
     6.250     3.106     2.500    12.020    13.914   -29.304     0.676   261.659   259.348    43.277   984.565     6.125   221.786
     6.500     2.893     2.517    12.094    13.982   -29.243     0.652   261.646   260.069    44.009   983.483     6.375   220.286
     6.750     2.984     2.537    12.156    14.044   -29.178     0.622   261.636   260.630    44.539   982.714     6.625   219.636
     7.000     3.022     2.550    12.213    14.101   -29.079     0.583   261.625   261.160    45.040   981.979     6.875   218.967
     7.250     3.059     2.563    12.266    14.154   -28.951     0.536   261.614   261.693    45.525   981.273     7.125   218.289
     7.500     3.105     2.581    12.314    14.202   -28.840     0.492   261.602   262.120    45.992   980.623     7.375   217.666
     7.750     3.070     2.594    12.359    14.245   -28.773     0.458   261.587   262.626    46.460   979.933     7.625   216.925
     8.000     3.025     2.597    12.401    14.285   -28.725     0.434   261.573   263.148    46.950   979.073     7.875   215.981
     8.250     2.866     2.614    12.447    14.323   -28.719     0.418   261.562   263.822    47.384   978.348     8.125   215.124
     8.500     2.878     2.631    12.485    14.358   -28.713     0.404   261.555   264.323    47.699   977.784     8.375   214.758
     8.750     2.996     2.638    12.512    14.388   -28.667     0.384   261.548   264.711    47.989   977.343     8.625   214.433
     9.000     2.970     2.649    12.539    14.415   -28.609     0.361   261.543   265.005    48.263   976.932     8.875   214.133
     9.250     3.032     2.663    12.561    14.438   -28.528     0.333   261.537   265.431    48.522   976.607     9.125   213.879
     9.500     3.044     2.673    12.580    14.458   -28.439     0.302   261.526   266.032    48.764   976.304     9.375   213.632
     9.750     3.043     2.681    12.598    14.474   -28.350     0.272   261.513   266.696    48.995   975.994     9.625   213.363
    10.000     3.048     2.689    12.613    14.489   -28.260     0.245   261.501   267.144    49.228   975.661     9.875   213.046
    10.250     2.924     2.682    12.630    14.502   -28.184     0.226   261.489   267.526    49.467   975.220    10.125   212.679
    10.500     3.025     2.704    12.642    14.513   -28.137     0.221   261.473   267.745    49.673   974.864    10.375   212.411
    10.750     2.970     2.709    12.656    14.523   -28.140     0.242   261.461   268.054    49.879   974.472    10.625   212.121
    11.000     2.945     2.707    12.667    14.531   -28.166     0.236   261.451   268.289    50.076   974.124    10.875   211.840
    11.250     2.951     2.710    12.677    14.538   -28.197     0.223   261.443   268.567    50.277   973.739    11.125   211.497
    11.500     2.904     2.714    12.686    14.544   -28.216     0.209   261.433   268.983    50.483   973.328    11.375   211.111
    11.750     2.930     2.717    12.689    14.548   -28.219     0.206   261.426   269.086    50.689   972.942    11.625   210.704
    12.000     2.894     2.719    12.692    14.551   -28.217     0.199   261.417   269.401    50.903   972.532    11.875   210.235
    12.250     2.891     2.723    12.694    14.554   -28.209     0.190   261.410   269.564    51.127   972.109    12.125   209.705
    12.500     2.852     2.725    12.695    14.554   -28.198     0.188   261.404   269.666    51.279   971.814    12.375   209.468
    12.750     2.831     2.735    12.693    14.553   -28.199     0.197   261.398   269.778    51.408   971.548    12.625   209.283
    13.000     2.825     2.738    12.692    14.551   -28.215     0.195   261.394   269.896    51.524   971.298    12.875   209.106
    13.250     2.808     2.742    12.689    14.548   -28.225     0.185   261.390   269.753    51.642   971.048    13.125   208.925
    13.500     2.805     2.746    12.686    14.544   -28.225     0.183   261.386   270.006    51.751   970.809    13.375   208.756
    13.750     2.810     2.742    12.681    14.539   -28.227     0.191   261.385   269.856    51.858   970.594    13.625   208.597
    14.000     2.819     2.752    12.677    14.533   -28.244     0.198   261.381   269.980    51.956   970.379    13.875   208.442
    14.250     2.800     2.747    12.671    14.526   -28.269     0.204   261.379   270.019    52.050   970.177    14.125   208.293
    14.500     2.805     2.756    12.667    14.519   -28.289     0.216   261.377   270.118    52.134   969.943    14.375   208.136
    14.750     2.803     2.756    12.659    14.512   -28.306     0.203   261.380   269.170    52.219   969.745    14.625   207.991
    15.000     2.850     2.747    12.650    14.505   -28.321     0.206   261.375   270.212    52.297   969.581    14.875   207.852
    15.250     2.811     2.756    12.645    14.498   -28.345     0.201   261.371   270.532    52.368   969.354    15.125   207.710
    15.500     2.875     2.755    12.635    14.490   -28.349     0.195   261.370   269.716    52.434   969.205    15.375   207.591
    15.750     2.871     2.758    12.629    14.483   -28.385     0.196   261.362   271.108    52.476   969.052    15.625   207.516
    16.000     2.950     2.751    12.615    14.475   -28.404     0.168   261.355   271.419    52.521   968.997    15.875   207.464
    16.250     2.921     2.749    12.605    14.467   -28.411     0.150   261.347   271.740    52.563   968.913    16.125   207.405
    16.500     2.897     2.739    12.594    14.458   -28.406     0.137   261.341   272.035    52.608   968.841    16.375   207.346
    16.750     2.871     2.741    12.584    14.449   -28.394     0.127   261.335   272.219    52.656   968.761    16.625   207.288
    17.000     2.847     2.744    12.574    14.440   -28.381     0.120   261.331   272.268    52.709   968.681    16.875   207.222
    17.250     2.854     2.758    12.563    14.429   -28.368     0.118   261.326   272.205    52.752   968.607    17.125   207.164
    17.500     2.849     2.762    12.552    14.417   -28.374     0.121   261.320   272.233    52.793   968.523    17.375   207.102
    17.750     2.844     2.718    12.538    14.405   -28.390     0.130   261.313   272.096    52.841   968.480    17.625   207.049
    18.000     2.866     2.753    12.526    14.392   -28.435     0.157   261.309   271.808    52.879   968.405    17.875   206.982
    18.250     2.850     2.753    12.514    14.379   -28.508     0.172   261.304   271.830    52.912   968.320    18.125   206.917
    18.500     2.854     2.718    12.501    14.366   -28.580     0.173   261.300   271.840    52.941   968.240    18.375   206.852
    18.750     2.882     2.748    12.488    14.353   -28.641     0.174   261.292   271.947    52.962   968.166    18.625   206.803
    19.000     2.879     2.759    12.476    14.340   -28.668     0.153   261.284   272.159    52.987   968.071    18.875   206.729
    19.250     2.839     2.759    12.463    14.327   -28.673     0.141   261.279   271.881    53.015   967.993    19.125   206.668
    19.500     2.836     2.745    12.447    14.313   -28.665     0.136   261.274   272.234    53.048   967.959    19.375   206.615
    19.750     2.822     2.745    12.431    14.299   -28.663     0.132   261.272   272.138    53.073   967.924    19.625   206.564
    20.000     2.813     2.758    12.418    14.286   -28.676     0.130   261.267   272.269    53.102   967.838    19.875   206.487
    20.250     2.835     2.758    12.403    14.272   -28.692     0.128   261.263   272.316    53.125   967.802    20.125   206.432
    20.500     2.818     2.758    12.388    14.257   -28.709     0.131   261.259   272.219    53.151   967.753    20.375   206.370
    20.750     2.812     2.711    12.371    14.243   -28.728     0.135   261.255   272.018    53.177   967.738    20.625   206.328
    21.000     2.827     2.753    12.357    14.229   -28.770     0.145   261.252   271.955    53.197   967.678    20.875   206.270
    21.250     2.839     2.743    12.342    14.214   -28.809     0.148   261.248   271.840    53.218   967.632    21.125   206.205
    21.500     2.833     2.726    12.327    14.200   -28.848     0.149   261.243   271.853    53.235   967.587    21.375   206.149
    21.750     2.854     2.752    12.313    14.186   -28.890     0.148   261.235   272.112    53.250   967.512    21.625   206.080
    22.000     2.845     2.750    12.298    14.172   -28.924     0.140   261.229   272.141    53.267   967.468    21.875   206.025
    22.250     2.816     2.750    12.283    14.158   -28.935     0.137   261.227   271.204    53.292   967.422    22.125   205.967
    22.500     2.792     2.750    12.269    14.143   -28.949     0.141   261.222   271.597    53.314   967.361    22.375   205.905
    22.750     2.787     2.736    12.252    14.129   -28.962     0.143   261.219   271.846    53.334   967.351    22.625   205.861
    23.000     2.815     2.719    12.236    14.114   -28.985     0.141   261.216   271.936    53.347   967.326    22.875   205.808
    23.250     2.836     2.717    12.220    14.100   -29.013     0.135   261.212   271.981    53.357   967.302    23.125   205.755
    23.500     2.835     2.743    12.206    14.085   -29.032     0.131   261.208   271.373    53.373   967.242    23.375   205.687
    23.750     2.810     2.715    12.190    14.071   -29.055     0.130   261.202   272.073    53.388   967.231    23.625   205.646
    24.000     2.832     2.740    12.176    14.057   -29.074     0.128   261.196   272.230    53.402   967.178    23.875   205.583
    24.250     2.813     2.742    12.161    14.043   -29.102     0.125   261.191   271.879    53.415   967.133    24.125   205.529
    24.500     2.792     2.714    12.145    14.028   -29.113     0.128   261.189   271.880    53.434   967.130    24.375   205.487
    24.750     2.810     2.742    12.130    14.013   -29.135     0.133   261.185   271.936    53.448   967.083    24.625   205.430
    25.000     2.793     2.728    12.114    13.998   -29.169     0.136   261.181   271.911    53.461   967.064    24.875   205.382
    25.250     2.800     2.692    12.098    13.983   -29.205     0.136   261.176   271.819    53.469   967.040    25.125   205.333
    25.500     2.831     2.737    12.084    13.969   -29.243     0.134   261.170   271.722    53.479   966.979    25.375   205.267
    25.750     2.785     2.738    12.072    13.955   -29.272     0.143   261.165   271.925    53.489   966.910    25.625   205.200
    26.000     2.833     2.733    12.054    13.940   -29.298     0.135   261.161   271.624    53.502   966.927    25.875   205.167
    26.250     2.807     2.732    12.038    13.926   -29.318     0.131   261.156   271.966    53.512   966.903    26.125   205.119
    26.500     2.802     2.730    12.023    13.911   -29.337     0.128   261.152   271.709    53.524   966.874    26.375   205.067
    26.750     2.786     2.731    12.008    13.897   -29.355     0.126   261.148   271.693    53.535   966.834    26.625   205.009
    27.000     2.789     2.719    11.992    13.882   -29.366     0.125   261.146   271.038    53.546   966.823    26.875   204.966
    27.250     2.786     2.727    11.977    13.868   -29.386     0.132   261.141   271.762    53.556   966.804    27.125   204.922
    27.500     2.786     2.682    11.961    13.853   -29.413     0.128   261.137   271.812    53.562   966.796    27.375   204.878
    27.750     2.827     2.715    11.945    13.838   -29.443     0.126   261.133   271.773    53.565   966.781    27.625   204.835
    28.000     2.805     2.713    11.930    13.824   -29.468     0.123   261.128   271.795    53.569   966.764    27.875   204.793
    28.250     2.813     2.724    11.916    13.809   -29.496     0.121   261.122   271.771    53.575   966.729    28.125   204.740
    28.500     2.798     2.724    11.900    13.795   -29.517     0.119   261.116   272.001    53.584   966.709    28.375   204.697
    28.750     2.755     2.712    11.886    13.781   -29.533     0.128   261.114   271.733    53.598   966.691    28.625   204.651
    29.000     2.786     2.711    11.870    13.766   -29.561     0.127   261.110   271.714    53.603   966.676    28.875   204.613
    29.250     2.796     2.709    11.854    13.751   -29.594     0.124   261.105   271.822    53.606   966.665    29.125   204.570
    29.500     2.792     2.721    11.840    13.737   -29.618     0.124   261.099   271.909    53.612   966.619    29.375   204.514
    29.750     2.790     2.720    11.825    13.722   -29.648     0.123   261.095   271.900    53.617   966.600    29.625   204.470
    30.000     2.780     2.719    11.809    13.707   -29.668     0.121   261.091   271.522    53.628   966.582    29.875   204.422
    30.250     2.764     2.707    11.793    13.693   -29.683     0.129   261.088   271.696    53.636   966.579    30.125   204.383
    30.500     2.776     2.714    11.778    13.678   -29.715     0.128   261.085   271.628    53.639   966.561    30.375   204.343
    30.750     2.785     2.716    11.764    13.663   -29.749     0.124   261.079   271.451    53.640   966.515    30.625   204.287
    31.000     2.791     2.714    11.748    13.649   -29.765     0.123   261.076   270.858    53.644   966.520    30.875   204.254
    31.250     2.759     2.701    11.732    13.635   -29.789     0.131   261.071   271.585    53.649   966.522    31.125   204.224
    31.500     2.792     2.699    11.716    13.620   -29.820     0.124   261.067   271.641    53.647   966.522    31.375   204.193
    31.750     2.803     2.709    11.702    13.606   -29.845     0.117   261.061   271.585    53.647   966.500    31.625   204.147
    32.000     2.781     2.708    11.687    13.592   -29.862     0.112   261.056   271.881    53.648   966.492    31.875   204.117
    32.250     2.765     2.709    11.672    13.577   -29.872     0.110   261.051   271.873    53.653   966.473    32.125   204.079
    32.500     2.755     2.698    11.656    13.563   -29.876     0.112   261.048   271.778    53.655   966.480    32.375   204.055
    32.750     2.321     2.813    11.666    13.538   -29.944     0.179   261.065   270.359    53.697   966.418    32.625   204.084
    33.000     2.248     2.790    11.657    13.504   -30.048     0.178   261.093   270.349    53.682   966.483    32.875   204.127
    33.250     2.559     2.782    11.628    13.470   -30.117     0.148   261.109   270.407    53.596   966.619    33.125   204.115
    33.500     2.738     2.771    11.595    13.441   -30.160     0.123   261.116   271.145    53.501   966.779    33.375   204.094
    33.750     2.794     2.746    11.566    13.418   -30.178     0.101   261.119   271.608    53.416   966.954    33.625   204.107
    34.000     2.774     2.735    11.542    13.399   -30.185     0.084   261.120   272.050    53.356   967.086    33.875   204.126
    34.250     2.802     2.749    11.521    13.381   -30.169     0.069   261.121   272.653    53.322   967.235    34.125   204.154
    34.500     2.836     2.738    11.495    13.361   -30.105     0.058   261.098   272.285    53.318   967.330    34.375   204.109
    34.750     2.670     2.721    11.476    13.344   -30.011     0.059   261.099   270.562    53.334   967.279    34.625   204.026
    35.000     2.622     2.793    11.470    13.326   -29.987     0.097   261.104   268.701    53.325   967.151    34.875   203.962
    35.250     2.577     2.790    11.457    13.307   -30.053     0.131   261.108   268.621    53.334   967.109    35.125   203.966
    35.500     2.799     2.767    11.431    13.285   -30.166     0.153   261.104   268.427    53.314   967.160    35.375   203.948
    35.750     2.798     2.725    11.408    13.269   -30.281     0.135   261.098   269.905    53.281   967.155    35.625   203.876
    36.000     2.916     2.696    11.387    13.258   -30.367     0.115   261.104   270.717    53.238   967.221    35.875   203.851
    36.250     2.863     2.686    11.375    13.251   -30.431     0.095   261.098   271.541    53.216   967.221    36.125   203.828
    36.500     2.782     2.689    11.368    13.244   -30.449     0.078   261.095   272.026    53.217   967.217    36.375   203.829
    36.750     2.778     2.716    11.358    13.235   -30.440     0.064   261.080   272.644    53.223   967.288    36.625   203.875
    37.000     2.920     2.711    11.338    13.219   -30.374     0.053   261.068   272.697    53.231   967.469    36.875   203.906
    37.250     2.744     2.700    11.322    13.202   -30.269     0.047   261.063   271.421    53.255   967.499    37.125   203.863
    37.500     2.533     2.722    11.313    13.187   -30.171     0.059   261.066   269.839    53.292   967.361    37.375   203.784
    37.750     2.525     2.633    11.302    13.169   -30.183     0.108   261.071   269.433    53.299   967.318    37.625   203.791
    38.000     2.608     2.795    11.297    13.148   -30.298     0.146   261.080   268.405    53.277   967.180    37.875   203.758
    38.250     2.831     2.764    11.271    13.126   -30.435     0.158   261.071   268.840    53.242   967.214    38.125   203.715
    38.500     2.831     2.701    11.244    13.112   -30.557     0.136   261.065   269.281    53.221   967.212    38.375   203.638
    38.750     2.841     2.675    11.228    13.103   -30.665     0.115   261.073   270.285    53.183   967.182    38.625   203.600
    39.000     2.815     2.673    11.219    13.098   -30.717     0.095   261.070   270.839    53.170   967.147    38.875   203.570
    39.250     2.752     2.674    11.213    13.094   -30.731     0.079   261.069   271.359    53.174   967.119    39.125   203.556
    39.500     2.729     2.685    11.207    13.088   -30.719     0.065   261.068   271.944    53.187   967.151    39.375   203.578
    39.750     2.920     2.711    11.189    13.074   -30.662     0.053   261.046   272.581    53.182   967.400    39.625   203.684
    40.000     2.919     2.709    11.167    13.056   -30.573     0.044   261.033   272.486    53.180   967.631    39.875   203.719
    40.250     2.755     2.700    11.151    13.039   -30.462     0.042   261.029   270.976    53.193   967.707    40.125   203.690
    40.500     2.587     2.719    11.139    13.022   -30.364     0.060   261.029   269.381    53.220   967.635    40.375   203.631
    40.750     2.389     2.816    11.143    13.006   -30.404     0.117   261.043   267.400    53.223   967.373    40.625   203.542
    41.000     2.613     2.771    11.121    12.983   -30.491     0.154   261.049   267.861    53.231   967.417    40.875   203.586
    41.250     2.868     2.717    11.094    12.961   -30.665     0.149   261.038   268.450    53.179   967.429    41.125   203.529
    41.500     2.823     2.679    11.073    12.948   -30.827     0.129   261.028   269.055    53.138   967.291    41.375   203.415
    41.750     2.756     2.660    11.063    12.943   -30.943     0.109   261.039   269.855    53.115   967.183    41.625   203.371
    42.000     2.747     2.657    11.057    12.941   -31.000     0.091   261.039   270.454    53.109   967.099    41.875   203.329
    42.250     2.719     2.660    11.054    12.939   -31.012     0.075   261.039   270.975    53.115   967.055    42.125   203.303
    42.500     2.715     2.671    11.049    12.935   -30.993     0.061   261.039   271.564    53.133   967.086    42.375   203.318
    42.750     2.899     2.699    11.033    12.924   -30.930     0.050   261.017   272.192    53.135   967.329    42.625   203.419
    43.000     3.023     2.708    11.008    12.905   -30.835     0.042   261.000   272.765    53.112   967.704    42.875   203.544
    43.250     2.883     2.714    10.987    12.886   -30.720     0.037   260.992   271.955    53.116   967.925    43.125   203.571
    43.500     2.586     2.706    10.977    12.869   -30.622     0.045   260.990   269.789    53.133   967.877    43.375   203.507
    43.750     2.445     2.796    10.975    12.853   -30.604     0.091   260.996   267.477    53.143   967.639    43.625   203.401
    44.000     2.468     2.812    10.969    12.832   -30.684     0.131   261.011   266.637    53.149   967.505    43.875   203.367
    44.250     2.790     2.752    10.939    12.808   -30.814     0.142   261.009   266.621    53.126   967.556    44.125   203.370
    44.500     2.894     2.667    10.910    12.791   -30.986     0.130   260.989   268.412    53.065   967.533    44.375   203.312
    44.750     2.647     2.647    10.904    12.786   -31.149     0.114   261.001   269.293    53.041   967.288    44.625   203.224
    45.000     2.721     2.646    10.898    12.784   -31.246     0.096   261.005   269.704    53.028   967.187    44.875   203.181
    45.250     2.708     2.641    10.895    12.784   -31.284     0.080   261.005   270.302    53.024   967.105    45.125   203.130
    45.500     2.700     2.651    10.892    12.783   -31.279     0.065   261.004   270.969    53.043   967.084    45.375   203.120
    45.750     2.773     2.682    10.884    12.778   -31.236     0.053   261.002   271.485    53.062   967.206    45.625   203.176
    46.000     3.021     2.693    10.861    12.763   -31.145     0.044   260.971   272.195    53.043   967.588    45.875   203.330
    46.250     2.984     2.694    10.837    12.744   -31.043     0.037   260.957   272.407    53.024   967.950    46.125   203.441
    46.500     2.806     2.684    10.820    12.724   -30.931     0.035   260.950   271.284    53.025   968.124    46.375   203.453
    46.750     2.608     2.705    10.806    12.705   -30.836     0.051   260.946   269.422    53.038   968.116    46.625   203.413
    47.000     2.325     2.801    10.810    12.689   -30.857     0.096   260.960   266.833    53.048   967.809    46.875   203.297
    47.250     2.457     2.802    10.801    12.667   -30.959     0.130   260.974   266.115    53.045   967.665    47.125   203.258
    47.500     2.849     2.709    10.765    12.644   -31.109     0.137   260.964   267.416    53.015   967.737    47.375   203.245
    47.750     2.828     2.641    10.742    12.630   -31.285     0.126   260.951   268.073    52.954   967.627    47.625   203.167
    48.000     2.624     2.637    10.739    12.628   -31.436     0.109   260.967   268.861    52.935   967.391    47.875   203.099
    48.250     2.726     2.629    10.734    12.628   -31.520     0.091   260.967   269.545    52.922   967.298    48.125   203.054
    48.500     2.695     2.629    10.733    12.630   -31.545     0.074   260.967   270.147    52.929   967.210    48.375   203.009
    48.750     2.701     2.641    10.731    12.630   -31.530     0.060   260.966   270.803    52.950   967.216    48.625   203.015
    49.000     2.834     2.673    10.720    12.623   -31.471     0.049   260.946   271.440    52.965   967.411    48.875   203.103
    49.250     3.022     2.686    10.696    12.607   -31.373     0.041   260.928   272.077    52.938   967.824    49.125   203.273
    49.500     2.956     2.689    10.674    12.587   -31.265     0.035   260.915   271.976    52.921   968.179    49.375   203.371
    49.750     2.743     2.682    10.658    12.568   -31.161     0.034   260.909   270.758    52.923   968.314    49.625   203.375
    50.000     2.616     2.701    10.643    12.547   -31.068     0.052   260.906   268.686    52.930   968.337    49.875   203.349
    50.250     2.252     2.793    10.648    12.531   -31.107     0.097   260.923   266.316    52.940   967.980    50.125   203.222
    50.500     2.509     2.758    10.631    12.510   -31.218     0.130   260.935   265.648    52.938   967.903    50.375   203.203
    50.750     2.829     2.720    10.606    12.486   -31.387     0.138   260.923   267.096    52.881   967.854    50.625   203.131
    51.000     2.734     2.634    10.583    12.476   -31.562     0.125   260.914   267.674    52.846   967.734    50.875   203.061
    51.250     2.617     2.623    10.580    12.475   -31.698     0.108   260.931   268.395    52.827   967.518    51.125   203.005
    51.500     2.719     2.617    10.576    12.476   -31.771     0.090   260.931   269.031    52.815   967.424    51.375   202.957
    51.750     2.693     2.618    10.575    12.479   -31.787     0.073   260.931   269.667    52.822   967.347    51.625   202.915
    52.000     2.701     2.630    10.574    12.480   -31.767     0.060   260.929   270.354    52.846   967.354    51.875   202.922
    52.250     2.842     2.661    10.562    12.473   -31.706     0.049   260.908   271.023    52.860   967.562    52.125   203.013
    52.500     3.020     2.674    10.540    12.458   -31.611     0.040   260.889   271.686    52.833   967.969    52.375   203.177
    52.750     2.970     2.677    10.517    12.438   -31.507     0.034   260.875   271.809    52.813   968.341    52.625   203.286
    53.000     2.761     2.669    10.502    12.419   -31.406     0.033   260.867   270.658    52.813   968.496    52.875   203.294
    53.250     2.605     2.690    10.487    12.399   -31.313     0.049   260.864   268.621    52.820   968.520    53.125   203.269
    53.500     2.274     2.768    10.490    12.384   -31.357     0.089   260.877   266.208    52.833   968.171    53.375   203.144
    53.750     2.465     2.767    10.479    12.365   -31.469     0.125   260.890   265.491    52.837   968.002    53.625   203.089
    54.000     2.738     2.699    10.452    12.344   -31.623     0.138   260.884   266.656    52.813   968.014    53.875   203.074
    54.250     2.720     2.631    10.432    12.331   -31.797     0.126   260.876   267.260    52.760   967.884    54.125   202.997
    54.500     2.612     2.616    10.428    12.329   -31.936     0.108   260.893   268.044    52.728   967.677    54.375   202.943
    54.750     2.709     2.608    10.424    12.330   -32.009     0.088   260.893   268.694    52.710   967.586    54.625   202.900
    55.000     2.689     2.607    10.423    12.333   -32.022     0.072   260.892   269.270    52.713   967.510    54.875   202.862
    55.250     2.690     2.618    10.422    12.334   -31.996     0.058   260.890   269.899    52.735   967.513    55.125   202.868
    55.500     2.807     2.651    10.412    12.329   -31.934     0.048   260.870   270.502    52.750   967.699    55.375   202.950
    55.750     3.012     2.664    10.390    12.314   -31.839     0.040   260.851   271.198    52.726   968.102    55.625   203.108
    56.000     2.993     2.666    10.367    12.295   -31.742     0.035   260.835   271.755    52.699   968.500    55.875   203.230
    56.250     2.810     2.651    10.349    12.275   -31.640     0.032   260.824   270.427    52.691   968.700    56.125   203.241
    56.500     2.604     2.678    10.336    12.257   -31.549     0.048   260.820   268.629    52.700   968.715    56.375   203.210
    56.750     2.251     2.571    10.333    12.244   -31.587     0.085   260.831   266.906    52.738   968.419    56.625   203.116
    57.000     2.481     2.568    10.321    12.227   -31.720     0.117   260.844   266.497    52.748   968.273    56.875   203.095
    57.250     2.693     2.678    10.301    12.207   -31.881     0.151   260.839   266.245    52.723   968.161    57.125   203.046
    57.500     2.619     2.631    10.287    12.193   -32.046     0.140   260.837   266.678    52.669   968.002    57.375   202.976
    57.750     2.653     2.612    10.279    12.188   -32.177     0.118   260.852   267.598    52.621   967.899    57.625   202.954
    58.000     2.726     2.599    10.274    12.188   -32.255     0.095   260.851   268.479    52.585   967.847    57.875   202.919
    58.250     2.684     2.598    10.273    12.191   -32.266     0.076   260.850   268.889    52.581   967.780    58.125   202.890
    58.500     2.679     2.609    10.272    12.192   -32.241     0.061   260.848   269.532    52.598   967.783    58.375   202.904
    58.750     2.769     2.642    10.264    12.187   -32.180     0.050   260.830   270.144    52.612   967.952    58.625   202.987
    59.000     2.988     2.654    10.242    12.172   -32.083     0.041   260.810   270.786    52.585   968.350    58.875   203.143
    59.250     2.969     2.657    10.219    12.152   -31.981     0.035   260.796   271.289    52.558   968.747    59.125   203.261
    59.500     2.809     2.645    10.201    12.132   -31.875     0.033   260.784   270.240    52.548   968.963    59.375   203.271
    59.750     2.583     2.666    10.188    12.114   -31.785     0.046   260.781   268.486    52.556   968.982    59.625   203.236
    60.000     2.281     2.677    10.188    12.102   -31.819     0.080   260.790   266.428    52.581   968.626    59.875   203.107
    60.250     2.463     2.718    10.178    12.088   -31.932     0.114   260.805   265.013    52.610   968.419    60.125   203.057
    60.500     2.724     2.642    10.152    12.068   -32.073     0.127   260.796   266.168    52.600   968.392    60.375   203.027
    60.750     2.544     2.619    10.143    12.057   -32.238     0.119   260.797   266.638    52.557   968.186    60.625   202.959
    61.000     2.590     2.601    10.139    12.053   -32.376     0.103   260.815   267.459    52.510   968.039    60.875   202.926
    61.250     2.667     2.591    10.136    12.054   -32.454     0.084   260.817   268.081    52.477   967.966    61.125   202.892
    61.500     2.665     2.590    10.135    12.057   -32.468     0.069   260.817   268.647    52.471   967.912    61.375   202.866
    61.750     2.670     2.602    10.134    12.058   -32.440     0.056   260.815   269.265    52.486   967.937    61.625   202.884
    62.000     2.806     2.634    10.123    12.052   -32.374     0.046   260.794   269.872    52.494   968.154    61.875   202.976
    62.250     2.989     2.647    10.101    12.037   -32.278     0.039   260.774   270.496    52.466   968.559    62.125   203.128
    62.500     2.978     2.651    10.078    12.017   -32.179     0.034   260.759   271.002    52.437   968.967    62.375   203.242
    62.750     2.800     2.635    10.060    11.997   -32.079     0.031   260.746   270.008    52.426   969.179    62.625   203.247
    63.000     2.597     2.650    10.046    11.979   -31.991     0.047   260.742   268.199    52.434   969.198    62.875   203.210
    63.250     2.282     2.712    10.047    11.970   -32.046     0.077   260.752   265.750    52.468   968.797    63.125   203.075
    63.500     2.470     2.694    10.035    11.956   -32.153     0.110   260.764   264.865    52.510   968.609    63.375   203.037
    63.750     2.559     2.646    10.019    11.941   -32.313     0.125   260.760   265.973    52.515   968.441    63.625   202.970
    64.000     2.557     2.621    10.007    11.929   -32.482     0.117   260.762   266.767    52.472   968.307    63.875   202.939
    64.250     2.601     2.594    10.002    11.924   -32.603     0.099   260.780   267.242    52.408   968.202    64.125   202.909
    64.500     2.687     2.584     9.998    11.924   -32.661     0.081   260.781   267.891    52.366   968.165    64.375   202.882
    64.750     2.667     2.583     9.997    11.926   -32.667     0.066   260.780   268.448    52.354   968.138    64.625   202.868
    65.000     2.672     2.596     9.995    11.926   -32.635     0.054   260.777   269.053    52.366   968.183    64.875   202.897
    65.250     2.813     2.628     9.983    11.919   -32.566     0.044   260.755   269.654    52.368   968.424    65.125   202.998
    65.500     2.981     2.641     9.961    11.903   -32.470     0.037   260.737   270.260    52.336   968.834    65.375   203.148
    65.750     2.952     2.646     9.939    11.883   -32.372     0.033   260.721   270.554    52.311   969.220    65.625   203.240
    66.000     2.758     2.629     9.922    11.864   -32.275     0.031   260.709   269.549    52.300   969.403    65.875   203.231
    66.250     2.568     2.638     9.910    11.848   -32.206     0.048   260.704   267.779    52.310   969.353    66.125   203.171
    66.500     2.287     2.691     9.908    11.841   -32.268     0.080   260.716   265.424    52.364   968.966    66.375   203.055
    66.750     2.485     2.666     9.893    11.828   -32.377     0.109   260.728   264.652    52.420   968.807    66.625   203.030
    67.000     2.546     2.618     9.879    11.814   -32.534     0.123   260.723   265.738    52.416   968.610    66.875   202.957
    67.250     2.502     2.609     9.871    11.802   -32.696     0.111   260.739   266.619    52.383   968.442    67.125   202.910
    67.500     2.587     2.583     9.868    11.798   -32.812     0.093   260.746   267.156    52.305   968.347    67.375   202.879
    67.750     2.695     2.576     9.864    11.798   -32.858     0.076   260.746   267.822    52.258   968.334    67.625   202.861
    68.000     2.667     2.577     9.863    11.800   -32.856     0.061   260.744   268.361    52.246   968.326    67.875   202.861
    68.250     2.676     2.591     9.861    11.800   -32.819     0.050   260.727   268.972    52.253   968.404    68.125   202.906
    68.500     2.845     2.622     9.847    11.791   -32.745     0.041   260.716   269.517    52.248   968.684    68.375   203.019
    68.750     2.978     2.632     9.825    11.774   -32.650     0.035   260.698   270.087    52.209   969.110    68.625   203.171
    69.000     2.926     2.642     9.804    11.753   -32.551     0.031   260.683   270.169    52.187   969.478    68.875   203.239
    69.250     2.694     2.617     9.788    11.736   -32.460     0.031   260.673   269.032    52.182   969.606    69.125   203.214
    69.500     2.543     2.620     9.773    11.723   -32.405     0.052   260.668   266.690    52.210   969.520    69.375   203.152
    69.750     2.262     2.520     9.766    11.717   -32.486     0.085   260.679   265.895    52.286   969.170    69.625   203.070
    70.000     2.487     2.581     9.756    11.705   -32.627     0.115   260.686   265.365    52.326   968.935    69.875   203.026
    70.250     2.517     2.607     9.745    11.692   -32.790     0.130   260.686   265.393    52.321   968.715    70.125   202.947
    70.500     2.559     2.605     9.737    11.679   -32.940     0.118   260.703   266.185    52.267   968.670    70.375   202.950
    70.750     2.650     2.583     9.733    11.673   -33.042     0.097   260.706   266.998    52.176   968.664    70.625   202.929
    71.000     2.673     2.568     9.730    11.674   -33.081     0.078   260.705   267.631    52.125   968.647    70.875   202.913
    71.250     2.659     2.574     9.730    11.675   -33.061     0.062   260.703   268.142    52.115   968.655    71.125   202.928
    71.500     2.668     2.587     9.726    11.673   -33.014     0.050   260.686   268.743    52.117   968.759    71.375   202.989
    71.750     2.848     2.618     9.711    11.661   -32.930     0.042   260.674   269.279    52.102   969.066    71.625   203.109
    72.000     2.943     2.628     9.690    11.643   -32.831     0.035   260.658   269.811    52.065   969.472    71.875   203.231
    72.250     2.890     2.634     9.668    11.622   -32.723     0.031   260.644   269.846    52.046   969.803    72.125   203.266
    72.500     2.598     2.606     9.654    11.608   -32.635     0.035   260.637   268.317    52.059   969.830    72.375   203.217
    72.750     2.470     2.603     9.641    11.599   -32.616     0.059   260.636   265.918    52.102   969.643    72.625   203.137
    73.000     2.279     2.665     9.642    11.594   -32.709     0.089   260.648   264.508    52.171   969.216    72.875   203.035
    73.250     2.540     2.607     9.624    11.582   -32.825     0.115   260.650   264.898    52.219   969.063    73.125   202.992
    73.500     2.458     2.597     9.615    11.571   -32.992     0.113   260.652   265.433    52.234   968.848    73.375   202.932
    73.750     2.500     2.587     9.613    11.561   -33.135     0.099   260.675   266.160    52.153   968.736    73.625   202.898
    74.000     2.618     2.570     9.611    11.558   -33.224     0.082   260.679   267.000    52.069   968.707    73.875   202.876
    74.250     2.665     2.562     9.610    11.559   -33.246     0.066   260.678   267.631    52.027   968.706    74.125   202.870
    74.500     2.663     2.570     9.610    11.560   -33.223     0.053   260.675   268.109    52.019   968.754    74.375   202.898
    74.750     2.678     2.585     9.605    11.557   -33.172     0.044   260.656   268.687    52.019   968.908    74.625   202.970
    75.000     2.924     2.616     9.586    11.543   -33.081     0.037   260.639   269.261    51.993   969.291    74.875   203.104
    75.250     2.952     2.627     9.564    11.523   -32.984     0.032   260.624   269.759    51.953   969.718    75.125   203.222
    75.500     2.904     2.620     9.540    11.503   -32.876     0.029   260.608   269.736    51.939   970.039    75.375   203.247
    75.750     2.556     2.596     9.526    11.492   -32.796     0.035   260.600   268.036    51.969   970.013    75.625   203.193
    76.000     2.366     2.492     9.514    11.485   -32.811     0.062   260.600   266.001    52.034   969.748    75.875   203.111
    76.250     2.330     2.595     9.509    11.480   -32.923     0.093   260.611   265.179    52.116   969.382    76.125   203.043
    76.500     2.459     2.592     9.499    11.469   -33.066     0.119   260.617   264.693    52.145   969.133    76.375   202.987
    76.750     2.508     2.593     9.490    11.456   -33.221     0.118   260.618   265.441    52.138   969.016    76.625   202.942
    77.000     2.559     2.578     9.486    11.444   -33.354     0.103   260.639   266.122    52.042   969.003    76.875   202.922
    77.250     2.690     2.562     9.482    11.440   -33.426     0.083   260.639   267.007    51.943   969.051    77.125   202.912
    77.500     2.660     2.557     9.482    11.440   -33.430     0.067   260.637   267.405    51.896   969.064    77.375   202.918
    77.750     2.663     2.566     9.479    11.438   -33.396     0.053   260.619   268.101    51.884   969.140    77.625   202.966
    78.000     2.669     2.582     9.474    11.432   -33.338     0.044   260.614   268.590    51.878   969.306    77.875   203.045
    78.250     2.923     2.612     9.454    11.416   -33.242     0.036   260.598   269.147    51.844   969.699    78.125   203.178
    78.500     2.899     2.607     9.432    11.397   -33.141     0.031   260.584   269.580    51.817   970.063    78.375   203.239
    78.750     2.759     2.576     9.412    11.382   -33.039     0.029   260.571   269.004    51.825   970.230    78.625   203.221
    79.000     2.567     2.575     9.395    11.372   -32.962     0.043   260.564   267.217    51.872   970.189    78.875   203.177
    79.250     2.221     2.485     9.389    11.371   -33.026     0.073   260.570   265.656    51.959   969.778    79.125   203.078
    79.500     2.404     2.611     9.382    11.364   -33.153     0.102   260.583   264.313    52.028   969.468    79.375   203.027
    79.750     2.478     2.580     9.373    11.352   -33.291     0.117   260.581   265.041    52.043   969.256    79.625   202.958
    80.000     2.497     2.584     9.367    11.340   -33.444     0.108   260.601   265.470    52.023   969.168    79.875   202.929
    80.250     2.593     2.573     9.365    11.331   -33.555     0.091   260.608   266.279    51.902   969.190    80.125   202.918
    80.500     2.668     2.552     9.363    11.328   -33.599     0.073   260.606   266.950    51.815   969.231    80.375   202.915
    80.750     2.654     2.555     9.363    11.328   -33.586     0.058   260.604   267.507    51.780   969.272    80.625   202.939
    81.000     2.660     2.566     9.359    11.324   -33.544     0.047   260.585   268.146    51.768   969.394    80.875   203.002
    81.250     2.749     2.600     9.349    11.314   -33.473     0.039   260.577   268.629    51.751   969.654    81.125   203.103
    81.500     2.929     2.599     9.327    11.296   -33.375     0.033   260.561   269.186    51.712   970.058    81.375   203.213
    81.750     2.880     2.596     9.303    11.279   -33.269     0.029   260.546   269.164    51.708   970.363    81.625   203.237
    82.000     2.624     2.571     9.287    11.268   -33.180     0.030   260.535   268.105    51.739   970.410    81.875   203.203
    82.250     2.470     2.571     9.275    11.261   -33.164     0.051   260.529   266.196    51.792   970.220    82.125   203.131
    82.500     2.225     2.473     9.266    11.259   -33.248     0.083   260.542   264.333    51.899   969.821    82.375   203.058
    82.750     2.417     2.563     9.259    11.251   -33.388     0.111   260.544   264.499    51.952   969.509    82.625   202.995
    83.000     2.459     2.574     9.251    11.240   -33.528     0.114   260.549   264.860    51.964   969.344    82.875   202.935
    83.250     2.532     2.572     9.248    11.228   -33.662     0.100   260.572   265.520    51.904   969.321    83.125   202.911
    83.500     2.620     2.557     9.247    11.220   -33.747     0.082   260.575   266.392    51.772   969.370    83.375   202.899
    83.750     2.650     2.546     9.247    11.218   -33.765     0.066   260.575   266.837    51.698   969.409    83.625   202.907
    84.000     2.654     2.553     9.246    11.217   -33.741     0.053   260.556   267.593    51.670   969.486    83.875   202.950
    84.250     2.660     2.567     9.241    11.211   -33.691     0.043   260.551   268.129    51.654   969.649    84.125   203.023
    84.500     2.833     2.591     9.225    11.199   -33.608     0.036   260.539   268.653    51.630   969.978    84.375   203.136
    84.750     2.910     2.588     9.203    11.183   -33.511     0.030   260.524   269.145    51.607   970.343    84.625   203.214
    85.000     2.859     2.585     9.179    11.167   -33.402     0.027   260.506   269.152    51.619   970.593    84.875   203.219
    85.250     2.529     2.561     9.164    11.159   -33.319     0.035   260.498   267.384    51.672   970.559    85.125   203.177
    85.500     2.330     2.567     9.158    11.156   -33.362     0.059   260.501   264.762    51.739   970.214    85.375   203.087
    85.750     2.227     2.470     9.150    11.153   -33.463     0.090   260.514   263.857    51.845   969.852    85.625   203.029
    86.000     2.428     2.565     9.143    11.143   -33.607     0.108   260.519   264.271    51.881   969.566    85.875   202.961
    86.250     2.468     2.566     9.137    11.132   -33.760     0.104   260.536   264.860    51.872   969.448    86.125   202.917
    86.500     2.526     2.556     9.137    11.122   -33.878     0.089   260.545   265.578    51.762   969.443    86.375   202.903
    86.750     2.644     2.548     9.136    11.115   -33.937     0.073   260.546   266.434    51.649   969.528    86.625   202.905
    87.000     2.636     2.545     9.136    11.112   -33.930     0.058   260.545   266.826    51.587   969.593    86.875   202.923
    87.250     2.645     2.552     9.133    11.109   -33.892     0.047   260.527   267.516    51.559   969.719    87.125   202.977
    87.500     2.689     2.580     9.125    11.102   -33.828     0.039   260.522   268.009    51.544   969.931    87.375   203.057
    87.750     2.930     2.578     9.103    11.087   -33.731     0.033   260.505   268.607    51.514   970.321    87.625   203.168
    88.000     2.881     2.574     9.079    11.073   -33.630     0.029   260.487   268.845    51.520   970.625    87.875   203.204
    88.250     2.698     2.549     9.060    11.062   -33.534     0.028   260.472   268.175    51.555   970.734    88.125   203.184
    88.500     2.511     2.450     9.042    11.054   -33.485     0.045   260.464   266.283    51.619   970.651    88.375   203.141
    88.750     2.218     2.577     9.043    11.055   -33.569     0.071   260.474   264.238    51.706   970.148    88.625   203.036
    89.000     2.323     2.542     9.033    11.049   -33.694     0.102   260.482   263.926    51.793   969.818    88.875   202.983
    89.250     2.428     2.554     9.026    11.040   -33.827     0.111   260.487   264.113    51.814   969.614    89.125   202.918
    89.500     2.440     2.561     9.025    11.029   -33.977     0.102   260.511   264.645    51.777   969.523    89.375   202.893
    89.750     2.542     2.554     9.028    11.021   -34.081     0.086   260.519   265.466    51.647   969.544    89.625   202.879
    90.000     2.634     2.541     9.029    11.016   -34.122     0.069   260.519   266.129    51.551   969.631    89.875   202.888
    90.250     2.628     2.540     9.029    11.013   -34.104     0.056   260.503   266.753    51.499   969.719    90.125   202.917
    90.500     2.643     2.545     9.025    11.009   -34.055     0.045   260.498   267.359    51.478   969.867    90.375   202.977
    90.750     2.760     2.572     9.012    11.001   -33.977     0.037   260.491   267.884    51.467   970.138    90.625   203.072
    91.000     2.914     2.570     8.990    10.987   -33.874     0.032   260.473   268.462    51.448   970.511    90.875   203.167
    91.250     2.865     2.567     8.966    10.973   -33.768     0.028   260.454   268.532    51.461   970.803    91.125   203.192
    91.500     2.604     2.546     8.950    10.963   -33.690     0.028   260.443   267.630    51.507   970.835    91.375   203.164
    91.750     2.506     2.541     8.932    10.955   -33.648     0.046   260.436   265.786    51.570   970.741    91.625   203.122
    92.000     2.126     2.580     8.936    10.956   -33.731     0.071   260.451   263.423    51.653   970.215    91.875   203.013
    92.250     2.336     2.538     8.925    10.949   -33.837     0.098   260.462   263.360    51.730   969.947    92.125   202.961
    92.500     2.428     2.549     8.917    10.940   -33.998     0.101   260.466   264.140    51.748   969.749    92.375   202.902
    92.750     2.461     2.550     8.916    10.930   -34.146     0.091   260.487   264.678    51.689   969.662    92.625   202.864
    93.000     2.564     2.542     8.919    10.923   -34.236     0.076   260.493   265.518    51.561   969.689    92.875   202.853
    93.250     2.636     2.532     8.921    10.919   -34.256     0.062   260.492   266.172    51.471   969.773    93.125   202.867
    93.500     2.632     2.532     8.921    10.917   -34.232     0.050   260.474   266.761    51.425   969.877    93.375   202.906
    93.750     2.640     2.538     8.917    10.913   -34.180     0.041   260.469   267.331    51.407   970.042    93.625   202.971
    94.000     2.816     2.563     8.902    10.903   -34.094     0.034   260.460   267.875    51.390   970.357    93.875   203.071
    94.250     2.902     2.561     8.879    10.890   -33.995     0.030   260.440   268.410    51.380   970.713    94.125   203.149
    94.500     2.863     2.559     8.854    10.875   -33.886     0.026   260.420   268.546    51.400   970.985    94.375   203.162
    94.750     2.514     2.539     8.841    10.868   -33.818     0.030   260.412   266.963    51.458   970.943    94.625   203.127
    95.000     2.403     2.537     8.828    10.862   -33.820     0.051   260.411   264.438    51.524   970.731    94.875   203.065
    95.250     2.143     2.586     8.831    10.862   -33.913     0.078   260.425   262.881    51.610   970.216    95.125   202.969
    95.500     2.339     2.527     8.819    10.855   -34.028     0.101   260.434   263.483    51.678   969.960    95.375   202.914
    95.750     2.457     2.536     8.812    10.844   -34.190     0.100   260.434   264.095    51.685   969.824    95.625   202.867
    96.000     2.468     2.534     8.815    10.835   -34.323     0.088   260.459   264.654    51.584   969.769    95.875   202.831
    96.250     2.579     2.530     8.819    10.830   -34.398     0.073   260.463   265.497    51.464   969.822    96.125   202.829
    96.500     2.620     2.523     8.821    10.827   -34.408     0.059   260.447   266.163    51.386   969.905    96.375   202.848
    96.750     2.629     2.525     8.819    10.825   -34.374     0.048   260.443   266.656    51.350   970.024    96.625   202.896
    97.000     2.636     2.532     8.815    10.820   -34.314     0.039   260.441   267.175    51.338   970.200    96.875   202.964
    97.250     2.860     2.555     8.797    10.809   -34.221     0.033   260.427   267.741    51.321   970.547    97.125   203.066
    97.500     2.887     2.554     8.774    10.796   -34.122     0.029   260.407   268.242    51.319   970.888    97.375   203.125
    97.750     2.781     2.493     8.750    10.783   -34.016     0.026   260.386   268.209    51.350   971.105    97.625   203.126
    98.000     2.511     2.533     8.736    10.775   -33.950     0.034   260.380   266.394    51.412   971.041    97.875   203.090
    98.250     2.309     2.521     8.725    10.773   -33.988     0.057   260.384   264.324    51.490   970.736    98.125   203.019
    98.500     2.187     2.530     8.723    10.771   -34.087     0.085   260.396   262.891    51.576   970.265    98.375   202.936
    98.750     2.359     2.531     8.716    10.763   -34.212     0.105   260.404   263.266    51.619   970.013    98.625   202.877
    99.000     2.398     2.522     8.714    10.753   -34.375     0.103   260.421   263.721    51.608   969.870    98.875   202.828
    99.250     2.462     2.523     8.720    10.745   -34.507     0.090   260.434   264.373    51.484   969.838    99.125   202.803
    99.500     2.571     2.521     8.724    10.740   -34.579     0.074   260.438   265.207    51.379   969.903    99.375   202.805
    99.750     2.603     2.514     8.726    10.738   -34.581     0.060   260.422   265.856    51.309   969.988    99.625   202.824
   100.000     2.619     2.518     8.724    10.736   -34.540     0.048   260.418   266.345    51.279   970.116    99.875   202.872
