  1000.000     4.220     3.245    -0.000     0.670    -1.551    -1.233     2.750     0.000     0.000     0.000     0.000     0.000     0.000   299.685     0.000   0.00E+00    -1.011     0.320   277.343
   950.000     0.138     3.073     0.001     0.843     1.402    -1.522     0.045     0.000    16.449     0.000   -11.811     0.000     0.000   299.670     0.000   0.00E+00    -1.588     0.355   273.316
   900.000    -3.682     2.267    -0.221     0.746     1.455    -1.514     0.000     0.000    16.444     0.000   -11.917     0.000     2.054   296.376     0.000   0.21E-01    -0.501     0.379   269.341
   850.000    -7.218     1.548     0.284     0.677     1.469    -1.531     0.000     0.000    15.269    -2.049    -9.480     2.372     1.958   294.421     0.040   0.24E+00     0.143     0.411   266.362
   800.000   -10.833     0.985     0.517     0.574     1.547    -1.613     0.000     0.000    13.934    -1.958    -7.377     2.307     0.958   293.380     0.014   0.27E+00     0.647     0.443   263.081
   750.000   -14.555     0.521     0.492     0.443     1.526    -1.594     0.000     0.000    13.094    -0.954    -6.367     1.765     0.312   292.843     0.002   0.18E+00     0.935     0.467   259.453
   700.000   -18.490     0.282     0.336     0.340     1.439    -1.510     0.000     0.000    12.928    -0.258    -5.705     1.600     0.327   293.025     0.001   0.14E+00     0.981     0.483   255.428
   650.000   -22.935     0.134     0.167     0.269     1.299    -1.374     0.000     0.000    12.761    -0.258    -5.082     1.477     0.279   293.241     0.001   0.12E+00     0.910     0.489   250.958
   600.000   -27.754     0.070    -0.046     0.223     1.122    -1.200     0.000     0.000    12.698    -0.208    -4.026     1.459     0.272   293.934     0.001   0.99E-01     0.725     0.487   245.997
   550.000   -33.145     0.031    -0.196     0.203     0.895    -0.978     0.000     0.000    12.751    -0.210    -3.057     1.606     0.147   294.708     0.001   0.10E+00     0.519     0.473   240.505
   500.000   -39.189     0.023    -0.238     0.237     0.775    -0.864     0.000     0.000    13.188    -0.103    -2.021     1.881     0.034   295.475     0.005   0.62E-01     0.320     0.443   234.443
   450.000   -45.851     0.020    -0.199     0.370     0.779    -0.874     0.000     0.000    14.154     0.000    -1.051     2.485     0.293   295.984     0.050   0.15E+00     0.159     0.400   227.769
   400.000   -53.116     0.015    -0.179     0.571     0.661    -0.762     0.000     0.000    14.096     0.000    -0.416     2.491     1.643   296.262     0.147   0.15E+00     0.070     0.344   220.423
   350.000   -61.177     0.013    -0.177     0.732     0.554    -0.662     0.000     0.000     9.895     0.000    -0.124     2.310     5.789   296.562     0.157   0.65E-01     0.017     0.269   212.307
   300.000   -70.106     0.005    -0.286     0.930     0.269    -0.383     0.000     0.000     2.703     0.000    -0.026     0.569     7.642   296.911     0.365   0.28E-01     0.003     0.177   203.266
   250.000   -74.257     0.003    -3.029     1.031     0.087    -0.188     0.000     0.000     0.135     0.000    -0.000     0.008     2.568   299.838     0.470   0.61E-02    -0.000     0.073   192.867
   200.000   -72.277     0.001    -4.000     0.231    -0.001    -0.059     0.000     0.000     0.000     0.000    -0.000     0.000     0.135   312.228     0.004   0.98E-04    -0.000     0.012   180.183
   150.000   -72.732     0.001    -4.000     0.119     0.000    -0.018     0.000     0.000     0.000     0.000     0.000     0.000     0.000   327.884     0.000   0.25E-09    -0.000     0.000   163.824
   100.000   -71.089     0.001    -4.000     0.062     0.000     0.007     0.000     0.000     0.000     0.000     0.000     0.000     0.000   351.674     0.000   0.00E+00     0.000     0.000   140.842
    80.000   -67.807     0.001    -4.000     0.035     0.000     0.018     0.000     0.000     0.000     0.000     0.000     0.000     0.000   367.188     0.000   0.00E+00     0.000     0.000     0.000
    60.000   -60.287     0.001     0.000     0.011     0.000     0.043     0.000     0.000     0.000     0.000     0.000     0.000     0.000   391.218     0.000   0.00E+00     0.000     0.000     0.000
    40.000   -50.224     0.001     0.000     0.003     0.000     0.076     0.000     0.000     0.000     0.000     0.000     0.000     0.000   425.496     0.000   0.00E+00     0.000     0.000     0.000
    30.000   -42.176     0.001     0.000     0.001     0.000     0.103     0.000     0.000     0.000     0.000     0.000     0.000     0.000   451.366     0.000   0.00E+00     0.000     0.000     0.000
    25.000   -26.156     0.001     0.000     0.000     0.000     0.157     0.000     0.000     0.000     0.000     0.000     0.000     0.000   478.772     0.000   0.00E+00    -0.001     0.000     0.000
