     0.250     0.037     1.021     3.660     4.597   -29.628     0.531   260.625   240.403     9.316  1011.208     0.125   265.993
     0.500     1.346     1.064     3.929     5.160   -29.868     0.531   260.659   241.052    11.559  1010.514     0.375   264.336
     0.750     1.061     1.129     4.280     5.682   -30.109     0.531   260.708   241.657    13.786  1009.680     0.625   262.719
     1.000     0.724     1.196     4.594     6.165   -30.348     0.531   260.690   242.403    15.985  1008.685     0.875   257.743
     1.250     0.669     1.285     4.886     6.606   -30.586     0.531   260.693   243.080    17.873  1007.747     1.125   255.599
     1.500     1.008     1.388     5.199     7.003   -30.824     0.531   260.679   243.842    19.594  1006.801     1.375   253.887
     1.750     1.216     1.482     5.502     7.362   -31.060     0.531   260.670   244.539    21.188  1005.847     1.625   251.867
     2.000     1.367     1.554     5.793     7.690   -31.296     0.531   260.677   245.178    22.678  1004.887     1.875   249.618
     2.250     1.631     1.629     6.061     7.992   -31.530     0.531   260.674   245.826    24.014  1003.977     2.125   247.911
     2.500     1.601     1.702     6.320     8.267   -31.763     0.531   260.674   246.448    25.342  1003.020     2.375   245.832
     2.750     1.698     1.775     6.558     8.518   -31.995     0.531   260.679   247.026    26.593  1002.073     2.625   243.739
     3.000     1.910     1.834     6.776     8.747   -32.226     0.531   260.680   247.613    27.727  1001.181     2.875   242.208
     3.250     1.785     1.902     6.988     8.957   -32.457     0.531   260.692   248.105    28.868  1000.242     3.125   240.247
     3.500     1.923     1.961     7.179     9.146   -32.729     0.535   260.698   248.592    29.890   999.374     3.375   238.762
     3.750     1.995     2.021     7.354     9.316   -33.076     0.545   260.704   249.044    30.852   998.531     3.625   237.391
     4.000     2.028     2.063     7.517     9.472   -33.467     0.561   260.708   249.480    31.793   997.678     3.875   235.893
     4.250     2.188     2.112     7.665     9.611   -33.880     0.560   260.711   249.945    32.615   996.916     4.125   234.839
     4.500     2.094     2.143     7.809     9.742   -34.152     0.557   260.719   250.307    33.420   996.151     4.375   233.662
     4.750     2.087     2.186     7.943     9.862   -34.317     0.552   260.728   250.654    34.198   995.394     4.625   232.416
     5.000     2.206     2.229     8.065     9.971   -34.361     0.546   260.736   251.041    34.913   994.683     4.875   231.275
     5.250     2.675     2.273     8.163    10.063   -34.365     0.537   260.735   251.519    35.514   994.077     5.125   230.459
     5.500     2.583     2.268     8.261    10.153   -34.413     0.530   260.720   252.042    36.200   993.294     5.375   229.293
     5.750     2.515     2.149     8.353    10.241   -34.487     0.524   260.716   252.504    36.932   992.430     5.625   227.847
     6.000     2.651     2.161     8.424    10.367   -34.538     0.525   260.696   253.211    37.838   991.319     5.875   226.028
     6.250     2.604     2.189     8.508    10.481   -34.578     0.559   260.683   253.719    38.678   990.259     6.125   224.557
     6.500     2.685     2.219     8.590    10.583   -34.580     0.591   260.670   254.203    39.407   989.324     6.375   223.471
     6.750     2.684     2.256     8.668    10.672   -34.574     0.607   260.650   254.801    40.113   988.395     6.625   222.308
     7.000     2.744     2.278     8.739    10.750   -34.456     0.564   260.625   255.511    40.710   987.589     6.875   221.409
     7.250     2.659     2.300     8.808    10.821   -34.342     0.523   260.613   255.976    41.262   986.854     7.125   220.464
     7.500     2.681     2.319     8.871    10.885   -34.215     0.472   260.610   256.205    41.809   986.076     7.375   219.427
     7.750     2.683     2.342     8.930    10.943   -34.132     0.440   260.602   256.580    42.353   985.273     7.625   218.272
     8.000     2.767     2.359     8.980    10.993   -34.087     0.420   260.585   257.306    42.853   984.519     7.875   217.269
     8.250     2.696     2.368     9.029    11.040   -34.032     0.392   260.574   257.789    43.203   984.009     8.125   216.813
     8.500     2.628     2.377     9.076    11.084   -33.965     0.364   260.567   258.233    43.523   983.571     8.375   216.375
     8.750     2.632     2.391     9.119    11.124   -33.881     0.332   260.562   258.687    43.855   983.084     8.625   215.890
     9.000     2.665     2.406     9.158    11.161   -33.785     0.300   260.554   259.177    44.183   982.599     8.875   215.394
     9.250     2.672     2.417     9.193    11.193   -33.707     0.276   260.547   259.686    44.491   982.212     9.125   214.936
     9.500     2.711     2.430     9.222    11.222   -33.664     0.259   260.539   259.974    44.790   981.802     9.375   214.494
     9.750     2.747     2.441     9.247    11.247   -33.633     0.247   260.524   260.367    45.082   981.404     9.625   214.010
    10.000     2.727     2.445     9.270    11.270   -33.607     0.238   260.508   260.827    45.381   980.971     9.875   213.421
    10.250     2.748     2.449     9.290    11.290   -33.581     0.231   260.492   261.180    45.680   980.531    10.125   212.765
    10.500     2.746     2.454     9.309    11.308   -33.568     0.225   260.479   261.594    45.983   980.098    10.375   212.016
    10.750     2.671     2.458     9.328    11.325   -33.555     0.214   260.471   262.044    46.182   979.814    10.625   211.685
    11.000     2.627     2.469     9.347    11.340   -33.525     0.199   260.471   262.383    46.347   979.590    10.875   211.495
    11.250     2.646     2.480     9.362    11.353   -33.475     0.178   260.473   262.934    46.500   979.411    11.125   211.324
    11.500     2.904     2.500     9.364    11.359   -33.376     0.150   260.461   263.638    46.632   979.368    11.375   211.182
    11.750     2.756     2.491     9.371    11.366   -33.280     0.123   260.448   264.506    46.767   979.229    11.625   210.995
    12.000     2.825     2.515     9.374    11.369   -33.188     0.101   260.431   265.272    46.903   979.110    11.875   210.811
    12.250     2.593     2.504     9.382    11.374   -33.111     0.091   260.419   265.039    47.061   978.834    12.125   210.574
    12.500     2.576     2.504     9.386    11.375   -33.045     0.103   260.406   264.565    47.218   978.534    12.375   210.341
    12.750     2.423     2.433     9.392    11.376   -33.051     0.133   260.402   264.347    47.368   978.211    12.625   210.179
    13.000     2.649     2.514     9.392    11.374   -33.146     0.152   260.392   264.410    47.449   977.987    12.875   210.066
    13.250     2.561     2.505     9.396    11.375   -33.235     0.143   260.391   265.092    47.525   977.760    13.125   209.968
    13.500     2.670     2.506     9.398    11.377   -33.297     0.118   260.405   265.768    47.597   977.623    13.375   209.884
    13.750     2.610     2.495     9.403    11.382   -33.331     0.095   260.386   266.519    47.671   977.416    13.625   209.780
    14.000     2.684     2.503     9.402    11.384   -33.303     0.075   260.378   267.014    47.754   977.296    13.875   209.706
    14.250     2.661     2.510     9.402    11.385   -33.247     0.062   260.370   267.605    47.841   977.198    14.125   209.639
    14.500     2.655     2.521     9.400    11.384   -33.190     0.053   260.363   268.079    47.927   977.141    14.375   209.581
    14.750     2.698     2.553     9.393    11.377   -33.131     0.047   260.358   268.478    48.002   977.147    14.625   209.535
    15.000     2.732     2.535     9.381    11.367   -33.071     0.045   260.344   268.094    48.096   977.105    14.875   209.368
    15.250     2.488     2.442     9.372    11.358   -33.030     0.068   260.339   266.680    48.220   976.915    15.125   209.171
    15.500     2.419     2.519     9.370    11.351   -33.113     0.107   260.342   266.122    48.338   976.606    15.375   209.038
    15.750     2.440     2.561     9.364    11.340   -33.212     0.119   260.340   265.682    48.438   976.339    15.625   208.900
    16.000     2.447     2.549     9.354    11.328   -33.312     0.116   260.344   265.875    48.506   976.170    15.875   208.812
    16.250     2.587     2.543     9.345    11.317   -33.382     0.099   260.363   266.473    48.516   976.076    16.125   208.684
    16.500     2.698     2.519     9.334    11.311   -33.400     0.080   260.356   267.227    48.535   976.017    16.375   208.556
    16.750     2.676     2.516     9.326    11.308   -33.373     0.065   260.334   267.729    48.587   975.917    16.625   208.425
    17.000     2.684     2.519     9.318    11.304   -33.331     0.055   260.325   268.266    48.656   975.842    16.875   208.314
    17.250     2.684     2.526     9.310    11.298   -33.286     0.048   260.316   268.693    48.730   975.797    17.125   208.219
    17.500     2.688     2.531     9.300    11.289   -33.241     0.043   260.309   268.947    48.797   975.784    17.375   208.128
    17.750     2.627     2.529     9.289    11.278   -33.199     0.045   260.302   268.386    48.899   975.676    17.625   207.919
    18.000     2.520     2.435     9.281    11.268   -33.218     0.068   260.303   267.459    48.992   975.474    17.875   207.742
    18.250     2.441     2.510     9.274    11.260   -33.271     0.080   260.303   266.710    49.112   975.202    18.125   207.562
    18.500     2.478     2.550     9.266    11.248   -33.365     0.085   260.296   266.895    49.200   974.952    18.375   207.355
    18.750     2.496     2.535     9.256    11.236   -33.455     0.082   260.298   267.174    49.256   974.777    18.625   207.183
    19.000     2.641     2.526     9.244    11.224   -33.486     0.071   260.311   267.593    49.293   974.700    18.875   206.985
    19.250     2.634     2.527     9.233    11.216   -33.479     0.060   260.293   267.991    49.347   974.574    19.125   206.754
    19.500     2.654     2.523     9.221    11.208   -33.447     0.052   260.285   268.291    49.417   974.461    19.375   206.524
    19.750     2.665     2.526     9.210    11.199   -33.416     0.049   260.276   268.608    49.494   974.368    19.625   206.307
    20.000     2.663     2.525     9.198    11.190   -33.396     0.048   260.269   268.639    49.574   974.275    19.875   206.089
    20.250     2.588     2.530     9.189    11.180   -33.398     0.048   260.266   268.581    49.664   974.127    20.125   205.857
    20.500     2.559     2.538     9.180    11.170   -33.409     0.049   260.263   268.351    49.749   973.959    20.375   205.644
    20.750     2.535     2.533     9.168    11.160   -33.436     0.053   260.259   267.981    49.806   973.822    20.625   205.560
    21.000     2.531     2.532     9.157    11.148   -33.474     0.056   260.255   267.742    49.852   973.697    20.875   205.482
    21.250     2.544     2.531     9.145    11.135   -33.517     0.057   260.252   267.743    49.886   973.588    21.125   205.403
    21.500     2.553     2.535     9.134    11.123   -33.558     0.057   260.251   267.771    49.910   973.494    21.375   205.325
    21.750     2.634     2.532     9.122    11.110   -33.582     0.054   260.260   268.112    49.922   973.470    21.625   205.252
    22.000     2.624     2.535     9.111    11.099   -33.590     0.050   260.255   268.474    49.937   973.437    21.875   205.178
    22.250     2.601     2.531     9.099    11.088   -33.596     0.046   260.236   268.681    49.958   973.400    22.125   205.106
    22.500     2.568     2.522     9.086    11.077   -33.598     0.044   260.233   268.826    49.992   973.360    22.375   205.037
    22.750     2.590     2.522     9.072    11.068   -33.573     0.042   260.233   268.846    50.029   973.313    22.625   204.969
    23.000     2.557     2.537     9.061    11.059   -33.575     0.044   260.230   268.484    50.073   973.191    22.875   204.898
    23.250     2.525     2.490     9.048    11.050   -33.592     0.048   260.229   268.243    50.131   973.086    23.125   204.835
    23.500     2.533     2.543     9.037    11.040   -33.628     0.052   260.226   267.933    50.180   972.952    23.375   204.770
    23.750     2.531     2.534     9.023    11.029   -33.683     0.056   260.221   267.973    50.221   972.842    23.625   204.704
    24.000     2.533     2.522     9.011    11.017   -33.738     0.057   260.220   267.906    50.252   972.757    23.875   204.643
    24.250     2.582     2.527     8.997    11.005   -33.765     0.053   260.216   268.198    50.264   972.720    24.125   204.586
    24.500     2.610     2.515     8.984    10.992   -33.772     0.049   260.210   268.356    50.269   972.696    24.375   204.522
    24.750     2.591     2.527     8.972    10.981   -33.786     0.046   260.207   268.556    50.282   972.661    24.625   204.460
    25.000     2.588     2.516     8.960    10.970   -33.767     0.042   260.206   268.749    50.303   972.633    24.875   204.401
    25.250     2.603     2.519     8.947    10.960   -33.748     0.042   260.202   268.688    50.327   972.578    25.125   204.344
    25.500     2.555     2.523     8.935    10.951   -33.756     0.043   260.198   268.513    50.370   972.478    25.375   204.287
    25.750     2.537     2.518     8.922    10.941   -33.785     0.045   260.195   268.444    50.415   972.390    25.625   204.238
    26.000     2.542     2.513     8.910    10.930   -33.828     0.049   260.189   268.428    50.442   972.289    25.875   204.184
    26.250     2.537     2.519     8.899    10.919   -33.875     0.050   260.188   268.305    50.468   972.212    26.125   204.133
    26.500     2.561     2.515     8.886    10.906   -33.920     0.047   260.185   268.452    50.483   972.175    26.375   204.083
    26.750     2.601     2.514     8.872    10.894   -33.943     0.043   260.180   268.743    50.484   972.166    26.625   204.038
    27.000     2.575     2.513     8.859    10.882   -33.951     0.040   260.177   269.189    50.496   972.153    26.875   203.994
    27.250     2.594     2.513     8.846    10.871   -33.917     0.037   260.174   269.007    50.515   972.133    27.125   203.944
    27.500     2.623     2.495     8.829    10.860   -33.893     0.039   260.165   268.486    50.532   972.115    27.375   203.918
    27.750     2.519     2.519     8.817    10.849   -33.916     0.048   260.161   268.126    50.561   971.981    27.625   203.889
    28.000     2.509     2.506     8.804    10.838   -33.979     0.053   260.158   268.034    50.598   971.884    27.875   203.851
    28.250     2.571     2.510     8.791    10.824   -34.062     0.052   260.150   268.720    50.598   971.853    28.125   203.828
    28.500     2.594     2.512     8.778    10.811   -34.145     0.048   260.143   269.001    50.558   971.892    28.375   203.864
    28.750     2.581     2.513     8.767    10.797   -34.203     0.042   260.140   269.328    50.518   971.968    28.625   203.901
    29.000     2.560     2.510     8.756    10.783   -34.216     0.036   260.137   269.853    50.492   972.067    28.875   203.909
    29.250     2.547     2.512     8.743    10.770   -34.203     0.031   260.142   270.220    50.477   972.178    29.125   203.918
    29.500     2.772     2.527     8.716    10.752   -34.146     0.027   260.131   270.354    50.479   972.406    29.375   203.918
    29.750     2.631     2.505     8.691    10.736   -34.071     0.027   260.116   269.376    50.508   972.485    29.625   203.888
    30.000     2.416     2.492     8.671    10.725   -34.057     0.045   260.109   267.268    50.573   972.323    29.875   203.846
    30.250     2.174     2.504     8.660    10.718   -34.137     0.073   260.122   265.396    50.666   971.895    30.125   203.791
    30.500     2.300     2.501     8.647    10.705   -34.262     0.095   260.131   265.481    50.728   971.661    30.375   203.747
    30.750     2.374     2.509     8.637    10.688   -34.402     0.096   260.147   265.925    50.732   971.549    30.625   203.711
    31.000     2.461     2.507     8.632    10.671   -34.532     0.086   260.159   266.406    50.613   971.577    30.875   203.707
    31.250     2.577     2.502     8.626    10.659   -34.616     0.072   260.162   267.232    50.500   971.689    31.125   203.725
    31.500     2.614     2.491     8.616    10.649   -34.638     0.059   260.144   267.871    50.424   971.810    31.375   203.751
    31.750     2.622     2.491     8.606    10.640   -34.617     0.048   260.139   268.339    50.391   971.944    31.625   203.785
    32.000     2.625     2.499     8.594    10.631   -34.567     0.040   260.136   268.842    50.389   972.114    31.875   203.825
    32.250     2.781     2.519     8.572    10.616   -34.484     0.033   260.122   269.336    50.397   972.395    32.125   203.864
    32.500     2.825     2.514     8.543    10.598   -34.381     0.029   260.101   269.478    50.419   972.677    32.375   203.862
    32.750     2.528     2.446     8.521    10.584   -34.316     0.032   260.093   268.502    50.476   972.713    32.625   203.833
    33.000     2.331     2.549     8.532    10.501   -34.280     0.042   260.110   266.696    50.219   973.265    32.875   203.838
    33.250     2.151     2.714     8.517    10.443   -34.352     0.075   260.137   264.460    50.003   973.363    33.125   203.787
    33.500     2.202     2.636     8.492    10.395   -34.449     0.102   260.162   263.138    49.846   973.389    33.375   203.732
    33.750     2.493     2.662     8.467    10.348   -34.581     0.119   260.171   263.668    49.646   973.550    33.625   203.678
    34.000     2.579     2.620     8.449    10.307   -34.732     0.112   260.188   264.224    49.442   973.766    33.875   203.630
    34.250     2.510     2.620     8.444    10.278   -34.856     0.096   260.202   264.801    49.254   973.910    34.125   203.611
    34.500     2.593     2.592     8.439    10.255   -34.919     0.078   260.209   265.600    49.075   974.081    34.375   203.623
    34.750     2.670     2.597     8.433    10.237   -34.911     0.062   260.212   266.163    48.934   974.323    34.625   203.648
    35.000     2.737     2.588     8.421    10.220   -34.851     0.050   260.190   266.812    48.836   974.604    34.875   203.683
    35.250     2.754     2.590     8.405    10.204   -34.765     0.041   260.180   267.442    48.779   974.902    35.125   203.723
    35.500     2.738     2.583     8.387    10.188   -34.673     0.035   260.178   267.898    48.755   975.188    35.375   203.748
    35.750     2.852     2.606     8.362    10.169   -34.570     0.031   260.167   268.222    48.745   975.508    35.625   203.748
    36.000     2.796     2.621     8.334    10.156   -34.502     0.041   260.145   267.706    48.778   975.609    35.875   203.715
    36.250     2.578     2.563     8.306    10.147   -34.440     0.046   260.138   265.968    48.884   975.545    36.125   203.684
    36.500     2.182     2.396     8.294    10.153   -34.490     0.068   260.145   264.085    49.035   975.092    36.375   203.621
    36.750     2.199     2.511     8.287    10.154   -34.587     0.094   260.160   262.787    49.153   974.593    36.625   203.553
    37.000     2.436     2.577     8.278    10.144   -34.728     0.116   260.161   263.240    49.185   974.338    36.875   203.488
    37.250     2.580     2.555     8.271    10.129   -34.868     0.112   260.159   263.936    49.140   974.304    37.125   203.429
    37.500     2.513     2.551     8.276    10.118   -34.997     0.097   260.181   264.442    49.063   974.265    37.375   203.391
    37.750     2.598     2.546     8.281    10.109   -35.070     0.079   260.185   265.288    48.956   974.301    37.625   203.400
    38.000     2.650     2.559     8.283    10.102   -35.080     0.063   260.185   265.879    48.871   974.417    37.875   203.422
    38.250     2.736     2.554     8.278    10.093   -35.031     0.050   260.160   266.763    48.804   974.616    38.125   203.457
    38.500     2.742     2.561     8.268    10.084   -34.955     0.041   260.151   267.245    48.774   974.844    38.375   203.499
    38.750     2.738     2.560     8.255    10.073   -34.867     0.035   260.145   267.748    48.769   975.089    38.625   203.533
    39.000     2.776     2.600     8.236    10.060   -34.774     0.030   260.138   268.121    48.784   975.344    38.875   203.538
    39.250     2.898     2.597     8.208    10.043   -34.683     0.035   260.109   268.144    48.799   975.549    39.125   203.516
    39.500     2.512     2.551     8.185    10.038   -34.639     0.041   260.104   266.169    48.918   975.437    39.375   203.486
    39.750     2.251     2.586     8.174    10.043   -34.664     0.059   260.108   263.881    49.051   975.007    39.625   203.421
    40.000     2.134     2.510     8.165    10.045   -34.761     0.084   260.121   263.516    49.198   974.523    39.875   203.364
    40.250     2.383     2.544     8.155    10.036   -34.876     0.107   260.129   263.087    49.241   974.242    40.125   203.301
    40.500     2.604     2.548     8.147    10.020   -35.011     0.105   260.123   263.768    49.191   974.211    40.375   203.247
    40.750     2.496     2.542     8.152    10.010   -35.151     0.093   260.145   264.213    49.118   974.160    40.625   203.202
    41.000     2.561     2.538     8.158    10.001   -35.240     0.077   260.151   265.017    49.010   974.177    40.875   203.212
    41.250     2.598     2.552     8.163     9.995   -35.269     0.063   260.153   265.780    48.922   974.257    41.125   203.231
    41.500     2.726     2.547     8.159     9.986   -35.223     0.050   260.129   266.484    48.850   974.467    41.375   203.268
    41.750     2.727     2.550     8.150     9.977   -35.151     0.041   260.121   267.023    48.814   974.700    41.625   203.313
    42.000     2.747     2.549     8.137     9.966   -35.061     0.034   260.114   267.566    48.799   974.970    41.875   203.359
    42.250     2.740     2.590     8.120     9.955   -34.970     0.030   260.106   267.941    48.814   975.217    42.125   203.374
    42.500     2.982     2.578     8.088     9.935   -34.857     0.030   260.078   268.180    48.811   975.533    42.375   203.365
    42.750     2.463     2.543     8.067     9.932   -34.831     0.040   260.072   266.257    48.937   975.378    42.625   203.333
    43.000     2.369     2.565     8.050     9.932   -34.841     0.054   260.068   264.029    49.047   975.063    42.875   203.278
    43.250     2.106     2.495     8.042     9.937   -34.910     0.078   260.085   262.977    49.206   974.567    43.125   203.221
    43.500     2.289     2.535     8.035     9.931   -35.027     0.101   260.094   262.919    49.274   974.208    43.375   203.157
    43.750     2.562     2.544     8.027     9.916   -35.167     0.103   260.091   263.477    49.233   974.151    43.625   203.097
    44.000     2.517     2.526     8.030     9.904   -35.303     0.092   260.110   263.997    49.155   974.123    43.875   203.048
    44.250     2.554     2.529     8.036     9.895   -35.394     0.077   260.115   264.789    49.048   974.133    44.125   203.047
    44.500     2.580     2.541     8.042     9.890   -35.429     0.063   260.118   265.506    48.959   974.201    44.375   203.062
    44.750     2.718     2.534     8.038     9.881   -35.389     0.051   260.094   266.223    48.884   974.401    44.625   203.097
    45.000     2.715     2.538     8.031     9.874   -35.323     0.041   260.087   266.736    48.850   974.617    44.875   203.139
    45.250     2.735     2.536     8.019     9.864   -35.236     0.035   260.079   267.298    48.835   974.874    45.125   203.187
    45.500     2.699     2.543     8.004     9.853   -35.148     0.030   260.071   267.734    48.852   975.098    45.375   203.199
    45.750     2.971     2.561     7.972     9.834   -35.029     0.027   260.046   268.057    48.852   975.443    45.625   203.198
    46.000     2.499     2.530     7.951     9.830   -34.981     0.032   260.035   266.401    48.962   975.314    45.875   203.166
    46.250     2.346     2.543     7.935     9.831   -34.994     0.048   260.032   264.059    49.076   974.995    46.125   203.113
    46.500     2.091     2.488     7.927     9.836   -35.064     0.073   260.051   262.845    49.240   974.488    46.375   203.058
    46.750     2.276     2.527     7.919     9.830   -35.184     0.098   260.061   262.760    49.307   974.131    46.625   202.996
    47.000     2.546     2.534     7.912     9.814   -35.336     0.100   260.058   263.517    49.262   974.074    46.875   202.939
    47.250     2.493     2.517     7.916     9.803   -35.474     0.089   260.077   263.859    49.183   974.039    47.125   202.891
    47.500     2.537     2.521     7.923     9.794   -35.565     0.075   260.083   264.649    49.073   974.050    47.375   202.893
    47.750     2.561     2.533     7.929     9.789   -35.599     0.061   260.086   265.404    48.982   974.116    47.625   202.910
    48.000     2.707     2.526     7.925     9.781   -35.558     0.049   260.062   266.118    48.905   974.325    47.875   202.947
    48.250     2.706     2.529     7.918     9.773   -35.490     0.040   260.057   266.632    48.865   974.549    48.125   202.992
    48.500     2.729     2.535     7.906     9.763   -35.403     0.034   260.048   267.203    48.850   974.815    48.375   203.042
    48.750     2.696     2.534     7.890     9.753   -35.314     0.029   260.038   267.594    48.865   975.049    48.625   203.062
    49.000     2.972     2.552     7.858     9.734   -35.195     0.026   260.012   267.882    48.867   975.401    48.875   203.065
    49.250     2.464     2.523     7.838     9.731   -35.176     0.037   260.003   266.125    48.979   975.245    49.125   203.033
    49.500     2.423     2.528     7.818     9.729   -35.175     0.049   259.996   263.930    49.082   975.001    49.375   202.987
    49.750     2.087     2.445     7.810     9.735   -35.222     0.073   260.013   262.796    49.242   974.492    49.625   202.931
    50.000     2.208     2.466     7.807     9.731   -35.341     0.094   260.027   262.837    49.317   974.123    49.875   202.872
    50.250     2.543     2.523     7.800     9.715   -35.483     0.097   260.026   263.315    49.265   974.066    50.125   202.816
    50.500     2.475     2.510     7.803     9.705   -35.622     0.088   260.030   263.733    49.190   974.001    50.375   202.770
    50.750     2.556     2.510     7.808     9.695   -35.714     0.075   260.047   264.489    49.081   974.044    50.625   202.772
    51.000     2.560     2.522     7.812     9.690   -35.755     0.061   260.034   265.305    48.995   974.116    50.875   202.789
    51.250     2.699     2.514     7.809     9.682   -35.718     0.049   260.025   265.949    48.919   974.315    51.125   202.823
    51.500     2.689     2.517     7.803     9.675   -35.656     0.040   260.021   266.457    48.883   974.520    51.375   202.865
    51.750     2.708     2.517     7.793     9.665   -35.570     0.034   260.011   267.026    48.866   974.775    51.625   202.913
    52.000     2.669     2.524     7.778     9.656   -35.482     0.030   260.003   267.412    48.884   974.996    51.875   202.930
    52.250     2.910     2.543     7.748     9.638   -35.367     0.026   259.980   267.701    48.887   975.327    52.125   202.933
    52.500     2.473     2.515     7.728     9.635   -35.344     0.035   259.971   266.003    48.991   975.193    52.375   202.903
    52.750     2.430     2.341     7.703     9.631   -35.325     0.048   259.960   264.432    49.095   975.021    52.625   202.867
    53.000     2.128     2.462     7.696     9.636   -35.381     0.069   259.978   262.885    49.239   974.519    52.875   202.811
    53.250     2.194     2.515     7.694     9.633   -35.491     0.091   259.994   262.513    49.313   974.137    53.125   202.750
    53.500     2.518     2.516     7.687     9.619   -35.625     0.095   259.995   263.115    49.271   974.066    53.375   202.693
    53.750     2.474     2.493     7.690     9.608   -35.767     0.087   259.993   263.607    49.204   973.979    53.625   202.646
    54.000     2.497     2.506     7.696     9.600   -35.868     0.074   260.000   264.276    49.109   973.983    53.875   202.646
    54.250     2.534     2.495     7.701     9.594   -35.913     0.061   260.001   265.053    49.018   974.048    54.125   202.661
    54.500     2.649     2.508     7.700     9.586   -35.885     0.049   259.996   265.637    48.936   974.235    54.375   202.694
    54.750     2.674     2.509     7.695     9.578   -35.824     0.040   259.992   266.336    48.889   974.450    54.625   202.734
    55.000     2.698     2.515     7.685     9.569   -35.741     0.034   259.983   266.727    48.866   974.709    54.875   202.782
    55.250     2.673     2.515     7.670     9.559   -35.651     0.029   259.974   267.156    48.877   974.946    55.125   202.808
    55.500     2.885     2.534     7.642     9.542   -35.541     0.026   259.951   267.577    48.881   975.276    55.375   202.816
    55.750     2.533     2.465     7.619     9.538   -35.507     0.035   259.938   266.119    48.971   975.206    55.625   202.790
    56.000     2.485     2.475     7.593     9.533   -35.481     0.044   259.928   264.591    49.076   975.073    55.875   202.762
    56.250     2.092     2.455     7.586     9.539   -35.534     0.064   259.943   263.150    49.221   974.570    56.125   202.708
    56.500     2.162     2.502     7.584     9.537   -35.634     0.085   259.961   262.395    49.302   974.164    56.375   202.648
    56.750     2.485     2.510     7.577     9.524   -35.756     0.091   259.964   262.917    49.273   974.073    56.625   202.592
    57.000     2.487     2.487     7.578     9.513   -35.899     0.084   259.960   263.451    49.207   973.998    56.875   202.543
    57.250     2.475     2.499     7.585     9.505   -36.005     0.072   259.967   264.065    49.118   973.980    57.125   202.537
    57.500     2.533     2.487     7.590     9.498   -36.054     0.060   259.968   264.856    49.023   974.053    57.375   202.552
    57.750     2.629     2.500     7.591     9.491   -36.033     0.049   259.964   265.430    48.941   974.227    57.625   202.582
    58.000     2.663     2.499     7.587     9.484   -35.977     0.040   259.960   266.131    48.889   974.436    57.875   202.620
    58.250     2.687     2.504     7.577     9.475   -35.898     0.034   259.951   266.553    48.867   974.686    58.125   202.667
    58.500     2.661     2.505     7.563     9.466   -35.810     0.029   259.941   266.991    48.877   974.918    58.375   202.693
    58.750     2.849     2.525     7.535     9.450   -35.703     0.026   259.920   267.423    48.883   975.233    58.625   202.703
    59.000     2.557     2.481     7.512     9.445   -35.658     0.031   259.905   266.168    48.966   975.190    58.875   202.679
    59.250     2.477     2.415     7.485     9.440   -35.632     0.042   259.891   264.503    49.071   975.066    59.125   202.654
    59.500     2.059     2.445     7.479     9.446   -35.687     0.061   259.912   263.090    49.221   974.558    59.375   202.604
    59.750     2.169     2.477     7.476     9.444   -35.793     0.080   259.928   262.295    49.294   974.169    59.625   202.546
    60.000     2.457     2.496     7.471     9.431   -35.916     0.086   259.933   262.839    49.263   974.068    59.875   202.493
    60.250     2.469     2.485     7.473     9.419   -36.052     0.080   259.931   263.361    49.192   974.017    60.125   202.449
    60.500     2.504     2.487     7.478     9.410   -36.145     0.069   259.936   264.113    49.093   974.051    60.375   202.441
    60.750     2.532     2.497     7.483     9.404   -36.186     0.057   259.936   264.884    49.000   974.132    60.625   202.458
    61.000     2.669     2.485     7.481     9.396   -36.155     0.046   259.932   265.501    48.916   974.333    60.875   202.490
    61.250     2.662     2.489     7.476     9.390   -36.098     0.038   259.925   266.191    48.874   974.529    61.125   202.529
    61.500     2.674     2.488     7.466     9.382   -36.019     0.032   259.914   266.602    48.862   974.760    61.375   202.573
    61.750     2.643     2.491     7.451     9.373   -35.935     0.028   259.904   266.988    48.883   974.969    61.625   202.591
    62.000     2.878     2.513     7.421     9.356   -35.824     0.025   259.880   267.310    48.890   975.284    61.875   202.596
    62.250     2.490     2.483     7.399     9.352   -35.766     0.028   259.868   265.747    48.984   975.205    62.125   202.575
    62.500     2.295     2.398     7.379     9.353   -35.796     0.043   259.863   263.844    49.106   974.893    62.375   202.538
    62.750     2.035     2.443     7.376     9.358   -35.852     0.064   259.887   262.561    49.247   974.411    62.625   202.490
    63.000     2.240     2.469     7.373     9.352   -35.964     0.081   259.902   262.234    49.282   974.112    62.875   202.434
    63.250     2.495     2.479     7.369     9.338   -36.108     0.084   259.902   262.851    49.229   974.065    63.125   202.389
    63.500     2.426     2.472     7.374     9.328   -36.237     0.076   259.903   263.384    49.156   974.002    63.375   202.352
    63.750     2.523     2.475     7.378     9.319   -36.314     0.065   259.906   264.168    49.048   974.077    63.625   202.361
    64.000     2.552     2.486     7.382     9.313   -36.337     0.053   259.905   264.922    48.957   974.191    63.875   202.383
    64.250     2.654     2.477     7.380     9.305   -36.292     0.043   259.902   265.513    48.883   974.390    64.125   202.416
    64.500     2.658     2.483     7.373     9.299   -36.229     0.036   259.893   266.172    48.848   974.604    64.375   202.458
    64.750     2.653     2.482     7.362     9.291   -36.145     0.031   259.882   266.533    48.846   974.831    64.625   202.496
    65.000     2.656     2.522     7.344     9.282   -36.058     0.027   259.872   266.888    48.870   975.053    64.875   202.512
    65.250     2.838     2.380     7.312     9.266   -35.946     0.025   259.842   267.060    48.887   975.340    65.125   202.512
    65.500     2.466     2.460     7.289     9.261   -35.902     0.031   259.834   265.195    48.987   975.218    65.375   202.491
    65.750     2.098     2.406     7.278     9.268   -35.950     0.046   259.843   263.322    49.137   974.754    65.625   202.448
    66.000     2.101     2.479     7.274     9.269   -36.029     0.066   259.863   262.204    49.245   974.335    65.875   202.401
    66.250     2.318     2.489     7.270     9.260   -36.142     0.079   259.876   262.196    49.251   974.122    66.125   202.349
    66.500     2.475     2.469     7.269     9.247   -36.282     0.080   259.875   262.788    49.187   974.082    66.375   202.307
    66.750     2.439     2.472     7.275     9.238   -36.395     0.071   259.877   263.431    49.104   974.060    66.625   202.276
    67.000     2.530     2.463     7.279     9.229   -36.456     0.060   259.877   264.248    48.996   974.154    66.875   202.290
    67.250     2.608     2.471     7.280     9.222   -36.454     0.049   259.877   264.828    48.907   974.316    67.125   202.317
    67.500     2.643     2.468     7.277     9.217   -36.404     0.040   259.870   265.587    48.849   974.502    67.375   202.349
    67.750     2.667     2.475     7.269     9.210   -36.335     0.034   259.859   266.065    48.826   974.723    67.625   202.393
    68.000     2.622     2.475     7.256     9.202   -36.252     0.029   259.848   266.512    48.840   974.926    67.875   202.417
    68.250     2.723     2.500     7.235     9.190   -36.158     0.026   259.833   266.751    48.860   975.177    68.125   202.428
    68.500     2.631     2.430     7.209     9.182   -36.082     0.025   259.809   266.295    48.913   975.245    68.375   202.414
    68.750     2.405     2.395     7.185     9.178   -36.067     0.035   259.801   264.351    49.020   975.081    68.625   202.392
    69.000     2.034     2.422     7.179     9.184   -36.107     0.051   259.824   262.822    49.169   974.625    68.875   202.352
    69.250     2.146     2.448     7.176     9.182   -36.204     0.069   259.841   261.925    49.234   974.254    69.125   202.301
    69.500     2.429     2.470     7.171     9.169   -36.327     0.077   259.846   262.397    49.203   974.152    69.375   202.257
    69.750     2.430     2.461     7.174     9.159   -36.462     0.075   259.848   262.864    49.136   974.095    69.625   202.219
    70.000     2.471     2.465     7.180     9.150   -36.554     0.066   259.850   263.598    49.038   974.128    69.875   202.208
    70.250     2.512     2.475     7.185     9.144   -36.598     0.055   259.850   264.374    48.943   974.215    70.125   202.225
    70.500     2.646     2.461     7.184     9.136   -36.567     0.045   259.847   264.983    48.858   974.418    70.375   202.255
    70.750     2.643     2.462     7.179     9.131   -36.512     0.037   259.838   265.693    48.814   974.613    70.625   202.291
    71.000     2.644     2.461     7.169     9.124   -36.439     0.031   259.826   266.109    48.808   974.828    70.875   202.330
    71.250     2.615     2.465     7.154     9.116   -36.355     0.027   259.815   266.498    48.829   975.031    71.125   202.347
    71.500     2.813     2.487     7.126     9.101   -36.249     0.024   259.793   266.810    48.841   975.320    71.375   202.354
    71.750     2.485     2.459     7.103     9.096   -36.189     0.027   259.779   265.313    48.929   975.264    71.625   202.337
    72.000     2.165     2.393     7.088     9.100   -36.216     0.040   259.782   263.438    49.065   974.891    71.875   202.303
    72.250     2.062     2.414     7.083     9.102   -36.281     0.057   259.803   262.238    49.183   974.476    72.125   202.262
    72.500     2.248     2.439     7.079     9.096   -36.382     0.072   259.820   261.737    49.211   974.208    72.375   202.213
    72.750     2.469     2.453     7.077     9.083   -36.513     0.075   259.819   262.463    49.153   974.163    72.625   202.174
    73.000     2.401     2.447     7.084     9.074   -36.633     0.069   259.823   263.012    49.077   974.113    72.875   202.141
    73.250     2.507     2.452     7.089     9.065   -36.702     0.059   259.823   263.801    48.970   974.202    73.125   202.147
    73.500     2.563     2.459     7.092     9.058   -36.716     0.049   259.823   264.563    48.878   974.344    73.375   202.170
    73.750     2.632     2.453     7.089     9.052   -36.670     0.040   259.817   265.141    48.811   974.535    73.625   202.200
    74.000     2.650     2.458     7.082     9.046   -36.607     0.034   259.805   265.798    48.782   974.746    73.875   202.241
    74.250     2.611     2.456     7.070     9.040   -36.533     0.029   259.794   266.122    48.793   974.944    74.125   202.267
    74.500     2.648     2.484     7.051     9.030   -36.449     0.026   259.782   266.636    48.818   975.166    74.375   202.281
    74.750     2.718     2.363     7.022     9.018   -36.352     0.025   259.757   266.119    48.853   975.359    74.625   202.276
    75.000     2.377     2.381     7.001     9.015   -36.322     0.032   259.746   264.374    48.956   975.174    74.875   202.255
    75.250     2.052     2.415     6.992     9.021   -36.364     0.047   259.767   262.792    49.103   974.756    75.125   202.221
    75.500     2.109     2.430     6.989     9.020   -36.455     0.062   259.784   261.712    49.178   974.373    75.375   202.175
    75.750     2.373     2.458     6.985     9.009   -36.560     0.072   259.794   261.959    49.159   974.236    75.625   202.133
    76.000     2.425     2.449     6.987     8.998   -36.694     0.071   259.795   262.515    49.094   974.180    75.875   202.096
    76.250     2.429     2.454     6.995     8.990   -36.791     0.064   259.800   263.173    49.003   974.187    76.125   202.077
    76.500     2.502     2.441     7.000     8.983   -36.839     0.054   259.800   263.971    48.901   974.285    76.375   202.092
    76.750     2.617     2.448     7.001     8.976   -36.818     0.044   259.795   264.568    48.815   974.473    76.625   202.118
    77.000     2.633     2.446     6.996     8.971   -36.766     0.037   259.785   265.300    48.768   974.665    76.875   202.152
    77.250     2.634     2.444     6.986     8.965   -36.699     0.031   259.772   265.901    48.759   974.874    77.125   202.189
    77.500     2.601     2.448     6.972     8.958   -36.624     0.027   259.761   266.308    48.780   975.071    77.375   202.207
    77.750     2.752     2.472     6.947     8.944   -36.525     0.024   259.741   266.473    48.798   975.338    77.625   202.214
    78.000     2.434     2.450     6.926     8.941   -36.497     0.033   259.729   264.891    48.890   975.246    77.875   202.198
    78.250     2.210     2.375     6.909     8.942   -36.473     0.039   259.731   263.398    49.009   974.973    78.125   202.172
    78.500     2.080     2.409     6.902     8.944   -36.527     0.053   259.751   262.181    49.120   974.600    78.375   202.136
    78.750     2.265     2.425     6.896     8.939   -36.614     0.068   259.763   261.599    49.145   974.350    78.625   202.090
    79.000     2.455     2.442     6.892     8.927   -36.732     0.073   259.764   262.128    49.106   974.279    78.875   202.054
    79.250     2.376     2.428     6.899     8.919   -36.865     0.069   259.767   262.508    49.046   974.179    79.125   202.019
    79.500     2.403     2.445     6.909     8.912   -36.955     0.061   259.772   263.118    48.957   974.172    79.375   202.017
    79.750     2.475     2.435     6.916     8.906   -36.989     0.051   259.774   263.877    48.861   974.273    79.625   202.034
    80.000     2.579     2.445     6.918     8.898   -36.956     0.042   259.772   264.428    48.777   974.471    79.875   202.064
    80.250     2.611     2.444     6.913     8.892   -36.895     0.035   259.764   265.125    48.725   974.696    80.125   202.099
    80.500     2.637     2.441     6.902     8.885   -36.819     0.030   259.751   265.706    48.711   974.940    80.375   202.140
    80.750     2.602     2.443     6.886     8.877   -36.739     0.026   259.740   266.118    48.733   975.155    80.625   202.161
    81.000     2.835     2.462     6.854     8.862   -36.630     0.024   259.713   266.256    48.744   975.473    80.875   202.171
    81.250     2.371     2.444     6.834     8.861   -36.610     0.032   259.704   264.568    48.854   975.328    81.125   202.156
    81.500     2.160     2.396     6.818     8.863   -36.597     0.039   259.712   263.103    48.983   975.029    81.375   202.130
    81.750     2.074     2.402     6.813     8.865   -36.657     0.053   259.730   261.945    49.083   974.657    81.625   202.092
    82.000     2.282     2.415     6.806     8.860   -36.742     0.066   259.741   261.375    49.103   974.414    81.875   202.045
    82.250     2.463     2.432     6.802     8.848   -36.857     0.071   259.740   262.002    49.063   974.350    82.125   202.008
    82.500     2.369     2.419     6.811     8.841   -36.986     0.067   259.743   262.393    49.007   974.247    82.375   201.973
    82.750     2.405     2.436     6.822     8.834   -37.070     0.059   259.749   263.011    48.918   974.246    82.625   201.968
    83.000     2.470     2.427     6.829     8.829   -37.100     0.049   259.750   263.766    48.824   974.347    82.875   201.983
    83.250     2.578     2.437     6.831     8.822   -37.064     0.041   259.748   264.323    48.744   974.547    83.125   202.010
    83.500     2.612     2.437     6.826     8.816   -37.002     0.034   259.738   265.024    48.697   974.768    83.375   202.044
    83.750     2.622     2.434     6.814     8.809   -36.928     0.029   259.725   265.605    48.691   974.999    83.625   202.080
    84.000     2.596     2.436     6.797     8.802   -36.849     0.026   259.713   265.992    48.715   975.208    83.875   202.098
    84.250     2.850     2.450     6.765     8.787   -36.736     0.023   259.684   266.095    48.729   975.523    84.125   202.106
    84.500     2.328     2.437     6.745     8.787   -36.717     0.031   259.679   264.199    48.848   975.353    84.375   202.092
    84.750     2.093     2.392     6.733     8.790   -36.718     0.040   259.690   262.825    48.981   975.012    84.625   202.065
    85.000     2.098     2.394     6.726     8.791   -36.780     0.053   259.708   261.739    49.067   974.672    84.875   202.028
    85.250     2.275     2.445     6.722     8.786   -36.869     0.066   259.720   261.200    49.081   974.416    85.125   201.980
    85.500     2.469     2.422     6.719     8.774   -36.987     0.069   259.716   261.935    49.033   974.376    85.375   201.945
    85.750     2.350     2.418     6.729     8.768   -37.112     0.064   259.721   262.322    48.973   974.271    85.625   201.912
    86.000     2.423     2.427     6.739     8.761   -37.186     0.056   259.726   262.994    48.879   974.303    85.875   201.910
    86.250     2.461     2.420     6.747     8.756   -37.209     0.047   259.727   263.720    48.789   974.405    86.125   201.927
    86.500     2.597     2.429     6.747     8.749   -37.164     0.039   259.722   264.294    48.711   974.620    86.375   201.954
    86.750     2.612     2.430     6.741     8.743   -37.101     0.033   259.711   264.975    48.672   974.841    86.625   201.988
    87.000     2.604     2.427     6.729     8.737   -37.027     0.028   259.698   265.519    48.673   975.061    86.875   202.019
    87.250     2.600     2.465     6.711     8.730   -36.949     0.025   259.686   265.893    48.703   975.263    87.125   202.035
    87.500     2.805     2.450     6.680     8.715   -36.852     0.027   259.654   266.025    48.719   975.519    87.375   202.037
    87.750     2.283     2.373     6.660     8.716   -36.830     0.032   259.649   263.883    48.844   975.332    87.625   202.023
    88.000     2.030     2.370     6.650     8.722   -36.849     0.041   259.668   262.467    48.984   974.943    87.875   201.995
    88.250     2.153     2.377     6.643     8.720   -36.911     0.055   259.685   261.501    49.052   974.653    88.125   201.960
    88.500     2.281     2.433     6.641     8.714   -37.005     0.066   259.697   261.109    49.056   974.422    88.375   201.915
    88.750     2.446     2.412     6.641     8.703   -37.131     0.068   259.694   261.860    48.997   974.383    88.625   201.882
    89.000     2.332     2.411     6.653     8.697   -37.246     0.062   259.701   262.289    48.930   974.294    88.875   201.854
    89.250     2.453     2.418     6.662     8.690   -37.305     0.054   259.704   263.022    48.829   974.370    89.125   201.860
    89.500     2.491     2.428     6.668     8.684   -37.313     0.045   259.704   263.741    48.743   974.501    89.375   201.880
    89.750     2.593     2.422     6.667     8.678   -37.260     0.037   259.697   264.328    48.675   974.714    89.625   201.907
    90.000     2.615     2.424     6.659     8.673   -37.193     0.031   259.684   264.991    48.645   974.938    89.875   201.942
    90.250     2.580     2.421     6.646     8.667   -37.118     0.027   259.672   265.479    48.658   975.142    90.125   201.966
    90.500     2.659     2.444     6.624     8.657   -37.032     0.024   259.656   265.857    48.683   975.383    90.375   201.982
    90.750     2.650     2.331     6.594     8.648   -36.950     0.029   259.631   265.155    48.733   975.533    90.625   201.979
    91.000     2.225     2.335     6.578     8.649   -36.942     0.033   259.629   263.445    48.856   975.270    90.875   201.961
    91.250     1.998     2.370     6.572     8.655   -36.987     0.043   259.652   262.036    48.988   974.869    91.125   201.931
    91.500     2.216     2.391     6.565     8.651   -37.051     0.056   259.665   261.233    49.030   974.610    91.375   201.894
    91.750     2.341     2.421     6.562     8.643   -37.132     0.063   259.674   261.301    49.015   974.462    91.625   201.855
    92.000     2.394     2.406     6.567     8.633   -37.256     0.062   259.674   261.968    48.955   974.396    91.875   201.823
    92.250     2.371     2.413     6.578     8.627   -37.350     0.055   259.680   262.545    48.875   974.376    92.125   201.801
    92.500     2.455     2.407     6.586     8.621   -37.391     0.047   259.681   263.292    48.777   974.473    92.375   201.809
    92.750     2.576     2.416     6.588     8.614   -37.368     0.040   259.676   263.884    48.691   974.666    92.625   201.831
    93.000     2.608     2.414     6.583     8.609   -37.317     0.033   259.664   264.625    48.644   974.869    92.875   201.861
    93.250     2.589     2.409     6.573     8.604   -37.252     0.029   259.651   265.204    48.641   975.062    93.125   201.888
    93.500     2.572     2.412     6.558     8.599   -37.181     0.025   259.638   265.603    48.668   975.249    93.375   201.904
    93.750     2.731     2.430     6.531     8.587   -37.085     0.023   259.616   265.785    48.692   975.505    93.625   201.912
    94.000     2.402     2.372     6.509     8.584   -37.035     0.025   259.601   264.335    48.783   975.419    93.875   201.902
    94.250     2.005     2.372     6.500     8.590   -37.074     0.034   259.620   262.542    48.932   975.023    94.125   201.879
    94.500     2.121     2.407     6.493     8.589   -37.109     0.046   259.638   261.479    49.011   974.718    94.375   201.849
    94.750     2.237     2.398     6.491     8.583   -37.174     0.056   259.652   261.165    49.016   974.504    94.625   201.810
    95.000     2.437     2.405     6.490     8.571   -37.281     0.058   259.651   261.892    48.956   974.474    94.875   201.777
    95.250     2.378     2.412     6.498     8.563   -37.394     0.054   259.655   262.367    48.882   974.439    95.125   201.751
    95.500     2.455     2.403     6.506     8.557   -37.453     0.047   259.656   263.124    48.788   974.517    95.375   201.747
    95.750     2.560     2.410     6.508     8.550   -37.453     0.040   259.650   263.702    48.700   974.682    95.625   201.766
    96.000     2.609     2.404     6.504     8.545   -37.415     0.033   259.637   264.484    48.646   974.872    95.875   201.793
    96.250     2.561     2.399     6.497     8.542   -37.362     0.029   259.624   265.068    48.641   975.032    96.125   201.812
    96.500     2.556     2.402     6.484     8.538   -37.297     0.025   259.612   265.495    48.666   975.194    96.375   201.825
    96.750     2.620     2.429     6.463     8.529   -37.216     0.023   259.598   265.596    48.700   975.387    96.625   201.831
    97.000     2.479     2.367     6.440     8.525   -37.157     0.024   259.578   264.574    48.769   975.362    96.875   201.822
    97.250     2.061     2.379     6.430     8.530   -37.168     0.031   259.593   262.845    48.910   975.032    97.125   201.804
    97.500     2.131     2.398     6.422     8.529   -37.217     0.043   259.608   261.588    48.991   974.741    97.375   201.777
    97.750     2.209     2.387     6.419     8.523   -37.267     0.055   259.623   261.040    49.010   974.500    97.625   201.741
    98.000     2.407     2.405     6.418     8.511   -37.364     0.057   259.624   261.682    48.961   974.454    97.875   201.713
    98.250     2.358     2.400     6.426     8.502   -37.480     0.053   259.629   262.256    48.888   974.423    98.125   201.689
    98.500     2.424     2.402     6.434     8.495   -37.547     0.047   259.632   262.945    48.790   974.503    98.375   201.685
    98.750     2.514     2.410     6.438     8.488   -37.554     0.039   259.630   263.494    48.696   974.662    98.625   201.704
    99.000     2.597     2.401     6.434     8.482   -37.519     0.033   259.618   264.283    48.628   974.868    98.875   201.731
    99.250     2.578     2.394     6.426     8.478   -37.467     0.029   259.605   264.908    48.612   975.049    99.125   201.758
    99.500     2.553     2.395     6.413     8.474   -37.403     0.025   259.592   265.348    48.634   975.213    99.375   201.772
    99.750     2.613     2.423     6.392     8.466   -37.326     0.023   259.578   265.525    48.671   975.405    99.625   201.781
   100.000     2.509     2.360     6.368     8.461   -37.265     0.023   259.556   264.648    48.737   975.409    99.875   201.774
