  1000.000    12.296     6.273    -0.000     0.738    -1.658    -1.660     2.931     0.000     0.000     0.000     0.000     0.000     0.000   318.012     0.000   0.00E+00    -1.344     0.402   285.454
   950.000     8.172     6.069     0.001     0.920     2.667    -1.746    -0.711     0.000    11.660     0.000   -10.825     0.000     0.000   318.028     0.000   0.00E+00    -2.749     0.440   281.313
   900.000     5.101     4.403    -0.354     0.757     1.577    -1.678     0.000     0.000    11.647     0.000    -6.406     0.000     1.462   312.948     0.000   0.40E-01    -0.863     0.465   277.732
   850.000     1.704     3.322     0.101     0.697     1.425    -1.534     0.000     0.000    10.861    -1.449    -6.650     1.611     1.136   310.437     0.001   0.49E-02     0.005     0.497   275.048
   800.000    -1.668     2.352     0.330     0.623     1.413    -1.528     0.000     0.000    10.026    -1.136    -6.317     1.373     0.394   308.603     0.007   0.24E+00     0.649     0.527   272.193
   750.000    -4.690     1.423     0.379     0.540     1.423    -1.539     0.000     0.000     9.692    -0.387    -6.425     1.156     0.068   307.491     0.002   0.18E+00     1.091     0.550   269.146
   700.000    -8.086     0.839     0.300     0.462     1.424    -1.543     0.000     0.000     9.796     0.000    -6.393     1.160     0.071   307.123     0.001   0.15E+00     1.299     0.571   265.735
   650.000   -11.903     0.488     0.168     0.394     1.370    -1.493     0.000     0.000     9.899     0.000    -6.275     1.088     0.067   307.309     0.001   0.11E+00     1.343     0.587   261.888
   600.000   -16.311     0.298    -0.053     0.339     1.262    -1.393     0.000     0.000    10.022     0.000    -5.513     1.080     0.068   308.003     0.002   0.11E+00     1.195     0.599   257.519
   550.000   -21.453     0.209    -0.275     0.307     1.129    -1.272     0.000     0.000    10.222     0.000    -4.444     1.190     0.061   309.013     0.002   0.13E+00     0.912     0.602   252.538
   500.000   -27.388     0.171    -0.325     0.329     1.070    -1.228     0.000     0.000    10.540     0.000    -3.270     1.317     0.061   310.137     0.008   0.99E-01     0.593     0.584   246.852
   450.000   -34.083     0.158    -0.208     0.405     1.139    -1.317     0.000     0.000    10.469     0.000    -1.978     1.363     0.616   311.065     0.050   0.27E+00     0.355     0.544   240.374
   400.000   -41.510     0.115    -0.100     0.486     1.074    -1.272     0.000     0.000    10.204     0.000    -0.919     1.451     1.049   311.679     0.111   0.28E+00     0.195     0.474   233.027
   350.000   -49.791     0.060    -0.081     0.625     0.895    -1.115     0.000     0.000     9.995     0.000    -0.329     1.825     1.499   312.292     0.156   0.19E+00     0.064     0.392   224.725
   300.000   -59.124     0.023    -0.131     0.773     0.631    -0.875     0.000     0.000     7.499     0.000    -0.089     1.653     3.797   312.803     0.173   0.90E-01     0.010     0.311   215.345
   250.000   -69.435     0.007    -0.300     1.138     0.357    -0.620     0.000     0.000     1.281     0.000    -0.002     0.219     6.357   313.325     0.514   0.28E-01    -0.000     0.203   204.655
   200.000   -69.171     0.001    -4.000     0.551     0.001    -0.161     0.000     0.000     0.000     0.000    -0.000     0.000     1.281   318.465     0.071   0.13E-02    -0.000     0.058   191.741
   150.000   -69.340     0.001    -4.000     0.135     0.000    -0.031     0.000     0.000     0.000     0.000    -0.000     0.000     0.000   333.892     0.000   0.45E-07    -0.000     0.000   175.119
   100.000   -68.369     0.001    -4.000     0.065     0.000     0.048     0.000     0.000     0.000     0.000     0.000     0.000     0.000   356.207     0.000   0.00E+00     0.000     0.000   151.787
    80.000   -65.651     0.001    -4.000     0.043     0.000     0.075     0.000     0.000     0.000     0.000     0.000     0.000     0.000   370.640     0.000   0.00E+00     0.000     0.000     0.000
    60.000   -58.059     0.001     0.000     0.017     0.000     0.151     0.000     0.000     0.000     0.000     0.000     0.000     0.000   393.471     0.000   0.00E+00     0.000     0.000     0.000
    40.000   -48.085     0.001     0.000     0.005     0.000     0.251     0.000     0.000     0.000     0.000     0.000     0.000     0.000   426.732     0.000   0.00E+00     0.000     0.000     0.000
    30.000   -40.637     0.001     0.000     0.002     0.000     0.325     0.000     0.000     0.000     0.000     0.000     0.000     0.000   452.124     0.000   0.00E+00     0.000     0.000     0.000
    25.000   -26.503     0.001     0.000     0.001     0.000     0.466     0.000     0.000     0.000     0.000     0.000     0.000     0.000   479.044     0.000   0.00E+00    -0.001     0.000     0.000
