  1000.000     2.967     2.983     0.000     0.623    -1.296    -0.816     2.566     0.000     0.000     0.000     0.000     0.000     0.000   286.298     0.000   0.00E+00    -0.559     0.253   276.073
   950.000    -1.131     2.823     0.001     0.797    -0.130    -1.398     1.067     0.000    20.912     0.000   -16.702     0.000     0.001   286.331     0.000   0.21E-06    -0.873     0.282   272.064
   900.000    -4.918     2.003     0.009     0.725     1.421    -1.426     0.000     0.000    20.909    -0.001   -14.982     0.001     2.070   283.022     0.005   0.96E-01    -0.250     0.317   268.189
   850.000    -8.474     1.337     0.432     0.630     1.501    -1.507     0.000     0.000    19.559    -2.068   -10.390     2.645     2.645   282.401     0.045   0.30E+00     0.222     0.350   265.144
   800.000   -12.129     0.844     0.620     0.519     1.598    -1.605     0.000     0.000    17.905    -2.640    -7.206     3.103     1.900   281.207     0.019   0.24E+00     0.537     0.380   261.796
   750.000   -15.905     0.473     0.591     0.379     1.574    -1.582     0.000     0.000    16.274    -1.894    -5.432     2.362     0.788   281.696     0.005   0.17E+00     0.702     0.400   258.099
   700.000   -19.957     0.242     0.411     0.263     1.470    -1.478     0.000     0.000    15.640    -0.769    -4.231     2.046     0.628   281.191     0.003   0.12E+00     0.670     0.406   254.009
   650.000   -24.408     0.117     0.222     0.195     1.323    -1.333     0.000     0.000    15.209    -0.608    -3.301     1.901     0.515   282.507     0.004   0.95E-01     0.548     0.400   249.480
   600.000   -29.276     0.055     0.025     0.157     1.123    -1.135     0.000     0.000    14.939    -0.496    -2.432     1.781     0.565   283.623     0.006   0.76E-01     0.389     0.385   244.474
   550.000   -34.647     0.025    -0.155     0.119     0.682    -0.694     0.000     0.000    14.802    -0.544    -1.688     2.045     0.054   284.180     0.007   0.53E-01     0.256     0.362   238.951
   500.000   -40.691     0.019    -0.228     0.155     0.515    -0.530     0.000     0.000    15.895    -0.038    -0.941     2.765     0.014   284.036     0.009   0.36E-01     0.141     0.329   232.877
   450.000   -47.356     0.016    -0.250     0.259     0.442    -0.458     0.000     0.000    18.300    -0.002    -0.368     4.051     0.033   284.220     0.018   0.36E-01     0.061     0.290   226.212
   400.000   -54.672     0.014    -0.271     0.467     0.326    -0.345     0.000     0.000    24.513    -0.002    -0.102     8.156     0.424   284.663     0.083   0.29E-01     0.020     0.245   218.893
   350.000   -62.759     0.013    -0.270     0.968     0.315    -0.336    -0.000     0.000     3.637    -0.001    -0.007     0.588    21.181   284.750     0.400   0.39E-02     0.000     0.194   210.823
   300.000   -71.337     0.004    -0.637     1.002     0.023    -0.046     0.000     0.000     0.058     0.000    -0.000     0.000     3.579   284.871     0.473   0.88E-03    -0.000     0.067   201.834
   250.000   -74.974     0.003    -4.000     1.000    -0.001    -0.017     0.000     0.000     0.000     0.000    -0.000     0.000     0.058   291.162     0.260   0.12E-04    -0.000     0.002   191.480
   200.000   -73.604     0.001    -4.000     0.204     0.000    -0.006     0.000     0.000     0.000     0.000     0.000     0.000     0.000   304.961     0.000   0.48E-10    -0.000     0.000   178.864
   150.000   -74.158     0.001    -4.000     0.166     0.000    -0.002     0.000     0.000     0.000     0.000     0.000     0.000     0.000   320.966     0.000   0.00E+00     0.000     0.000   162.616
   100.000   -72.288     0.001    -4.000     0.086     0.000     0.000     0.000     0.000     0.000     0.000     0.000     0.000     0.000   345.220     0.000   0.00E+00     0.000     0.000   139.784
    80.000   -68.812     0.001    -4.000     0.043     0.000     0.004     0.000     0.000     0.000     0.000     0.000     0.000     0.000   360.396     0.000   0.00E+00     0.000     0.000     0.000
    60.000   -61.060     0.001     0.000     0.011     0.000     0.013     0.000     0.000     0.000     0.000     0.000     0.000     0.000   385.933     0.000   0.00E+00     0.000     0.000     0.000
    40.000   -50.767     0.001     0.000     0.002     0.000     0.024     0.000     0.000     0.000     0.000     0.000     0.000     0.000   421.553     0.000   0.00E+00     0.000     0.000     0.000
    30.000   -42.494     0.001     0.000     0.001     0.000     0.033     0.000     0.000     0.000     0.000     0.000     0.000     0.000   447.666     0.000   0.00E+00     0.000     0.000     0.000
    25.000   -26.078     0.001     0.000     0.000     0.000     0.054     0.000     0.000     0.000     0.000     0.000     0.000     0.000   476.214     0.000   0.00E+00    -0.001     0.000     0.000
