  1000.000     6.376     3.870    -0.000     0.647    -1.479    -1.011     2.662     0.000     0.000     0.000     0.000     0.000     0.000   291.852     0.000   0.00E+00    -0.835     0.282   279.509
   950.000     2.284     3.684     0.000     0.816     0.931    -1.318     0.296     0.000    18.180     0.000   -12.272     0.000     0.000   291.837     0.000   0.00E+00    -1.048     0.316   275.452
   900.000    -1.442     2.814    -0.189     0.758     1.389    -1.365     0.000     0.000    18.180     0.000   -15.216     0.000     2.270   289.609     0.004   0.18E-01    -0.414     0.338   271.474
   850.000    -4.913     1.971     0.340     0.695     1.456    -1.441     0.000     0.000    16.839    -2.270   -10.594     2.666     2.226   288.073     0.094   0.50E+00     0.138     0.372   268.619
   800.000    -8.374     1.271     0.550     0.581     1.576    -1.569     0.000     0.000    15.297    -2.181    -7.530     2.565     1.182   287.081     0.034   0.28E+00     0.568     0.405   265.471
   750.000   -11.942     0.745     0.499     0.443     1.549    -1.547     0.000     0.000    14.213    -1.118    -6.123     1.907     0.562   286.694     0.025   0.18E+00     0.778     0.429   261.981
   700.000   -15.807     0.385     0.307     0.337     1.403    -1.409     0.000     0.000    13.821    -0.426    -5.151     1.734     0.414   286.959     0.034   0.14E+00     0.754     0.440   258.093
   650.000   -20.021     0.239     0.108     0.283     1.236    -1.250     0.000     0.000    13.588    -0.298    -4.249     1.592     0.430   287.642     0.046   0.11E+00     0.615     0.440   253.751
   600.000   -24.828     0.142    -0.079     0.263     1.023    -1.049     0.000     0.000    13.368    -0.329    -3.247     1.624     0.415   288.318     0.060   0.96E-01     0.448     0.428   248.899
   550.000   -30.130     0.083    -0.243     0.271     0.798    -0.837     0.000     0.000    13.327    -0.297    -2.233     1.757     0.276   288.963     0.067   0.81E-01     0.303     0.403   243.484
   500.000   -36.136     0.064    -0.368     0.338     0.673    -0.729     0.000     0.000    13.738    -0.172    -1.266     2.104     0.152   289.527     0.082   0.74E-01     0.182     0.367   237.460
   450.000   -42.982     0.089    -0.490     0.535     0.646    -0.723     0.000     0.000    15.117    -0.022    -0.544     2.922     0.213   289.945     0.141   0.11E+00     0.059     0.323   230.787
   400.000   -50.417     0.083    -0.669     0.817     0.464    -0.561     0.000     0.000    14.065    -0.019    -0.157     2.608     2.809   290.321     0.245   0.98E-01     0.017     0.273   223.405
   350.000   -58.618     0.019    -0.922     0.827     0.370    -0.489     0.000     0.000     7.805    -0.012    -0.032     1.879     7.460   290.653     0.195   0.61E-02     0.003     0.195   215.226
   300.000   -67.426     0.008    -1.640     1.002     0.103    -0.240     0.000     0.000     0.401    -0.007    -0.000     0.007     7.398   291.476     0.473   0.17E-02    -0.000     0.102   206.091
   250.000   -73.872     0.004    -4.000     0.998    -0.012    -0.106     0.000     0.000     0.000     0.000    -0.000     0.000     0.401   295.636     0.397   0.78E-04    -0.000     0.016   195.635
   200.000   -72.464     0.001    -4.000     0.211     0.000    -0.002     0.000     0.000     0.000     0.000     0.000     0.000     0.000   307.713     0.000   0.29E-09    -0.000     0.000   182.948
   150.000   -73.743     0.001    -4.000     0.163     0.000    -0.006     0.000     0.000     0.000     0.000     0.000     0.000     0.000   322.685     0.000   0.00E+00     0.000     0.000   166.642
   100.000   -73.198     0.001    -4.000     0.107     0.000    -0.000     0.000     0.000     0.000     0.000     0.000     0.000     0.000   345.536     0.000   0.00E+00     0.000     0.000   143.843
    80.000   -70.799     0.001    -4.000     0.070     0.000     0.024     0.000     0.000     0.000     0.000     0.000     0.000     0.000   359.583     0.000   0.00E+00     0.000     0.000     0.000
    60.000   -64.223     0.001     0.000     0.027     0.000     0.089     0.000     0.000     0.000     0.000     0.000     0.000     0.000   381.143     0.000   0.00E+00     0.000     0.000     0.000
    40.000   -55.376     0.001     0.000     0.008     0.000     0.178     0.000     0.000     0.000     0.000     0.000     0.000     0.000   412.739     0.000   0.00E+00     0.000     0.000     0.000
    30.000   -48.844     0.001     0.000     0.003     0.000     0.243     0.000     0.000     0.000     0.000     0.000     0.000     0.000   436.624     0.000   0.00E+00     0.000     0.000     0.000
    25.000   -37.483     0.001     0.000     0.001     0.000     0.357     0.000     0.000     0.000     0.000     0.000     0.000     0.000   460.583     0.000   0.00E+00    -0.001     0.000     0.000
