  1000.000     2.973     2.986    -0.001     0.676    -1.485    -1.215     2.690     0.000     0.000     0.000     0.000     0.000     0.000   314.242     0.000   0.00E+00    -1.214     0.357   276.079
   950.000    -1.124     2.827     0.006     0.853     1.086    -1.291     0.110     0.000    16.673     0.000   -14.238     0.000     0.000   314.213     0.001   0.39E-05    -2.643     0.391   272.071
   900.000    -4.910     2.010    -0.070     0.755     1.439    -1.488    -0.000     0.000    16.672     0.000   -11.725     0.000     1.743   309.497     0.003   0.91E-01    -1.233     0.421   268.198
   850.000    -8.466     1.344     0.390     0.684     1.456    -1.506     0.000     0.000    15.542    -1.742    -8.976     2.121     1.835   307.362     0.031   0.24E+00    -0.547     0.456   265.154
   800.000   -12.127     0.850     0.601     0.593     1.552    -1.603     0.000     0.000    14.301    -1.829    -6.710     2.252     1.286   305.537     0.014   0.23E+00    -0.004     0.487   261.806
   750.000   -15.918     0.446     0.611     0.483     1.555    -1.607     0.000     0.000    13.209    -1.199    -5.456     1.755     0.570   304.789     0.005   0.17E+00     0.354     0.509   258.111
   700.000   -19.910     0.219     0.492     0.393     1.501    -1.554     0.000     0.000    12.776    -0.455    -4.590     1.545     0.494   303.976     0.004   0.14E+00     0.495     0.520   254.020
   650.000   -24.341     0.117     0.346     0.334     1.413    -1.467     0.000     0.000    12.442    -0.375    -3.880     1.435     0.417   304.170     0.007   0.11E+00     0.510     0.521   249.492
   600.000   -29.240     0.064     0.177     0.297     1.284    -1.340     0.000     0.000    12.235    -0.299    -3.151     1.371     0.438   304.620     0.037   0.11E+00     0.432     0.511   244.485
   550.000   -34.639     0.025     0.024     0.266     1.018    -1.075     0.000     0.000    12.125    -0.330    -2.455     1.546     0.131   305.351     0.041   0.12E+00     0.327     0.494   238.962
   500.000   -40.674     0.019    -0.038     0.287     0.930    -0.989     0.000     0.000    12.736    -0.039    -1.711     1.970     0.083   304.746     0.043   0.11E+00     0.207     0.465   232.888
   450.000   -47.339     0.016    -0.036     0.365     0.933    -0.994     0.000     0.000    14.036     0.000    -1.027     2.727     0.223   304.611     0.059   0.16E+00     0.114     0.426   226.223
   400.000   -54.655     0.014    -0.028     0.508     0.874    -0.937     0.001     0.000    17.023     0.000    -0.571     4.792     0.722   305.315     0.116   0.17E+00     0.032     0.376   218.904
   350.000   -62.741     0.013    -0.189     0.804     0.825    -0.886    -0.003     0.000     5.421    -0.000    -0.309     0.997    12.168   305.004     0.280   0.12E+00     0.088     0.315   210.833
   300.000   -71.326     0.004    -0.631     0.861     0.606    -0.680     0.004     0.000     1.820    -0.001    -0.172     0.283     3.791   305.140     0.367   0.91E-01     0.089     0.211   201.843
   250.000   -74.968     0.003    -4.000     0.886     0.543    -0.566    -0.027     0.000     1.013    -0.000    -0.073     0.161     0.910   309.362     0.307   0.49E-01     0.084     0.136   191.489
   200.000   -73.596     0.001    -4.000     0.319     0.362    -0.434     0.016     0.000     0.563    -0.000    -0.029     0.089     0.505   319.971     0.053   0.31E-01     0.058     0.102   178.872
   150.000   -74.151     0.001    -4.000     0.271     0.196    -0.245     0.009     0.000     0.271     0.000    -0.010     0.045     0.322   333.238     0.051   0.17E-01    -0.001     0.071   162.624
   100.000   -72.283     0.001    -4.000     0.175     0.048    -0.061     0.000     0.000     0.000     0.000    -0.000     0.000     0.271   354.156     0.030   0.44E-02    -0.000     0.038   139.791
    80.000   -68.807     0.001    -4.000     0.038     0.000     0.002     0.000     0.000     0.000     0.000     0.000     0.000     0.000   370.744     0.000   0.97E-10    -0.000     0.000     0.000
    60.000   -61.055     0.001     0.000     0.008     0.000     0.013     0.000     0.000     0.000     0.000     0.000     0.000     0.000   396.339     0.000   0.00E+00     0.000     0.000     0.000
    40.000   -50.763     0.001     0.000     0.002     0.000     0.024     0.000     0.000     0.000     0.000     0.000     0.000     0.000   431.404     0.000   0.00E+00     0.000     0.000     0.000
    30.000   -42.492     0.001     0.000     0.001     0.000     0.034     0.000     0.000     0.000     0.000     0.000     0.000     0.000   456.574     0.000   0.00E+00     0.000     0.000     0.000
    25.000   -26.079     0.001     0.000     0.000     0.000     0.053     0.000     0.000     0.000     0.000     0.000     0.000     0.000   483.587     0.000   0.00E+00    -0.001     0.000     0.000
