     0.250     0.513     4.934    32.629    33.120    -0.752     5.860   266.699   289.555    76.950   906.262     0.125   200.035
     0.500     9.127     5.123    32.226    33.189    -0.371     5.560   266.689   291.037    78.130   903.207     0.375   200.066
     0.750    12.716     5.194    32.024    33.186     0.407     5.148   266.617   294.540    79.092   902.032     0.625   200.051
     1.000    12.863     5.219    31.908    33.153     1.241     4.780   266.538   298.016    79.404   904.787     0.875   200.581
     1.250    11.297     5.169    31.851    33.111     2.015     4.494   266.463   299.457    79.246   908.438     1.125   201.423
     1.500     5.511     5.104    31.893    33.081     2.363     4.673   266.434   298.550    79.327   906.830     1.375   201.269
     1.750     5.893     5.097    31.905    33.055     2.278     4.970   266.424   298.467    79.251   906.765     1.625   201.285
     2.000     5.899     5.096    31.906    33.032     2.199     5.133   266.414   298.760    79.222   906.496     1.875   201.284
     2.250     5.923     5.092    31.893    33.008     2.146     5.155   266.403   300.204    79.204   906.383     2.125   201.316
     2.500     5.893     5.090    31.875    32.985     2.089     5.186   266.395   300.757    79.197   906.293     2.375   201.355
     2.750     5.741     5.088    31.857    32.962     2.038     5.210   266.387   301.084    79.198   905.924     2.625   201.358
     3.000     5.878     5.086    31.832    32.938     1.995     5.218   266.380   300.189    79.199   905.826     2.875   201.397
     3.250     5.858     5.081    31.807    32.914     1.959     5.209   266.372   301.766    79.194   905.678     3.125   201.426
     3.500     5.863     5.077    31.781    32.890     1.923     5.189   266.365   302.175    79.187   905.514     3.375   201.450
     3.750     5.848     5.073    31.760    32.867     1.881     5.159   266.357   302.601    79.163   905.194     3.625   201.464
     4.000     6.085     5.067    31.727    32.843     1.828     5.126   266.351   302.962    79.148   905.663     3.875   201.557
     4.250     5.903     5.061    31.702    32.820     1.762     5.090   266.341   303.424    79.132   905.651     4.125   201.557
     4.500     5.866     5.055    31.678    32.798     1.684     5.061   266.335   302.867    79.135   905.518     4.375   201.489
     4.750     5.937     5.049    31.653    32.776     1.593     5.042   266.326   303.136    79.106   905.543     4.625   201.536
     5.000     5.851     5.046    31.627    32.754     1.523     5.022   266.318   304.089    79.098   905.454     4.875   201.567
     5.250     5.938     5.041    31.600    32.732     1.475     4.974   266.309   304.327    79.084   905.469     5.125   201.594
     5.500     6.074     5.146    31.565    32.707     1.633     4.817   266.296   304.057    79.110   905.034     5.375   201.591
     5.750     6.509     5.156    31.518    32.676     1.890     4.642   266.274   302.991    79.110   905.332     5.625   201.634
     6.000     6.131     5.170    31.507    32.649     1.944     4.551   266.260   303.336    78.965   905.325     5.875   201.562
     6.250     5.991     5.164    31.499    32.628     1.881     4.495   266.254   303.993    78.916   905.586     6.125   201.509
     6.500     5.590     5.166    31.496    32.611     1.758     4.447   266.251   304.329    78.925   905.292     6.375   201.423
     6.750     5.424     5.170    31.487    32.595     1.556     4.481   266.249   304.507    78.989   904.855     6.625   201.358
     7.000     5.444     5.123    31.461    32.574     1.408     4.521   266.243   304.321    79.067   904.490     6.875   201.332
     7.250     5.726     5.179    31.431    32.550     1.273     4.600   266.235   304.239    79.124   904.188     7.125   201.283
     7.500     5.724     5.171    31.400    32.525     1.175     4.603   266.225   304.154    79.142   904.078     7.375   201.236
     7.750     5.821     5.015    31.348    32.499     1.208     4.512   266.221   304.501    79.217   904.696     7.625   201.296
     8.000     5.862     5.010    31.318    32.474     1.126     4.515   266.211   304.599    79.217   904.727     7.875   201.262
     8.250     5.794     5.005    31.288    32.448     1.116     4.456   266.201   303.827    79.221   904.663     8.125   201.247
     8.500     5.921     5.151    31.276    32.422     1.016     4.450   266.187   304.090    79.149   904.081     8.375   201.155
     8.750     5.717     5.090    31.249    32.396     0.945     4.458   266.179   304.100    79.145   904.110     8.625   201.126
     9.000     5.795     5.142    31.220    32.371     0.919     4.427   266.171   303.964    79.161   903.967     8.875   201.074
     9.250     5.671     5.127    31.192    32.345     0.880     4.425   266.162   304.013    79.177   903.815     9.125   201.040
     9.500     5.804     5.104    31.158    32.319     0.905     4.353   266.151   304.325    79.191   903.726     9.375   200.986
     9.750     6.452     5.096    31.105    32.289     1.110     4.194   266.132   303.972    79.211   904.247     9.625   201.037
    10.000     6.366     5.087    31.058    32.258     1.327     4.050   266.114   302.893    79.209   904.804     9.875   201.058
    10.250     6.235     5.081    31.034    32.228     1.466     3.943   266.099   302.821    79.126   905.003    10.125   201.038
    10.500     5.908     5.074    31.008    32.202     1.556     3.863   266.088   302.968    79.139   905.287    10.375   201.025
    10.750     5.748     5.073    30.990    32.178     1.590     3.803   266.080   303.115    79.134   905.279    10.625   200.997
    11.000     5.582     5.072    30.982    32.155     1.561     3.762   266.071   303.242    79.059   904.948    10.875   200.959
    11.250     5.759     5.071    30.960    32.131     1.571     3.722   266.062   303.285    79.056   904.965    11.125   200.955
    11.500     5.645     5.073    30.927    32.108     1.573     3.691   266.056   303.343    79.158   905.120    11.375   200.990
    11.750     5.451     5.077    30.912    32.082     1.500     3.671   266.048   303.371    79.126   904.708    11.625   200.933
    12.000     5.740     5.078    30.874    32.055     1.491     3.652   266.040   303.554    79.174   904.846    11.875   200.950
    12.250     5.449     5.070    30.853    32.028     1.424     3.638   266.033   303.342    79.135   904.615    12.125   200.912
    12.500     5.715     5.066    30.821    32.000     1.403     3.622   266.024   303.338    79.126   904.672    12.375   200.918
    12.750     5.704     5.059    30.791    31.973     1.377     3.606   266.015   303.347    79.103   904.755    12.625   200.916
    13.000     5.954     5.050    30.752    31.944     1.399     3.584   266.003   303.089    79.110   905.011    12.875   200.950
    13.250     5.733     5.048    30.725    31.917     1.369     3.569   265.993   304.096    79.059   905.150    13.125   200.973
    13.500     5.619     5.036    30.705    31.892     1.315     3.555   265.986   303.425    79.010   905.141    13.375   200.970
    13.750     5.528     5.038    30.685    31.869     1.238     3.540   265.980   303.560    79.011   905.061    13.625   200.965
    14.000     5.537     5.049    30.659    31.845     1.163     3.525   265.975   303.628    79.042   904.995    13.875   200.957
    14.250     5.540     5.039    30.636    31.821     1.055     3.515   265.967   303.852    79.021   904.949    14.125   200.941
    14.500     5.299     4.890    30.616    31.798     0.920     3.512   265.962   304.135    79.007   904.935    14.375   200.905
    14.750     5.353     5.047    30.605    31.779     0.722     3.535   265.962   304.291    79.004   904.515    14.625   200.876
    15.000     5.041     5.043    30.588    31.759     0.437     3.701   265.961   304.194    79.059   903.984    14.875   200.824
    15.250     5.163     4.984    30.556    31.735     0.226     3.820   265.955   304.150    79.105   903.696    15.125   200.803
    15.500     5.641     5.040    30.521    31.709     0.054     3.888   265.948   304.141    79.110   903.589    15.375   200.794
    15.750     5.359     5.037    30.487    31.682    -0.243     4.068   265.940   303.904    79.154   903.361    15.625   200.782
    16.000     5.459     5.008    30.440    31.651    -0.449     4.194   265.931   303.456    79.206   903.385    15.875   200.825
    16.250     5.894     5.011    30.392    31.617    -0.456     4.035   265.915   302.841    79.143   903.649    16.125   200.860
    16.500     6.099     4.986    30.337    31.583    -0.375     3.878   265.900   303.329    79.135   904.389    16.375   200.920
    16.750     5.790     4.986    30.314    31.550    -0.356     3.769   265.887   303.144    79.001   904.443    16.625   200.909
    17.000     5.823     4.974    30.283    31.520    -0.313     3.676   265.874   303.084    78.935   904.758    16.875   200.927
    17.250     5.593     4.966    30.261    31.494    -0.312     3.607   265.867   302.320    78.903   904.865    17.125   200.910
    17.500     5.489     4.959    30.241    31.469    -0.330     3.551   265.860   302.276    78.869   904.834    17.375   200.901
    17.750     5.633     4.954    30.214    31.444    -0.332     3.502   265.850   302.363    78.857   904.947    17.625   200.904
    18.000     5.723     4.950    30.182    31.419    -0.312     3.457   265.840   302.243    78.854   905.072    17.875   200.930
    18.250     5.574     4.944    30.156    31.393    -0.324     3.425   265.831   302.354    78.828   905.116    18.125   200.927
    18.500     5.719     4.935    30.116    31.368    -0.303     3.395   265.821   302.377    78.856   905.501    18.375   200.972
    18.750     5.536     4.933    30.098    31.342    -0.345     3.374   265.810   302.372    78.789   905.352    18.625   200.961
    19.000     5.687     4.925    30.058    31.317    -0.333     3.352   265.801   302.425    78.817   905.701    18.875   201.001
    19.250     5.529     4.920    30.032    31.292    -0.363     3.334   265.792   302.479    78.791   905.742    19.125   201.014
    19.500     5.517     4.921    30.012    31.266    -0.413     3.320   265.784   302.513    78.736   905.651    19.375   201.028
    19.750     5.596     4.916    29.983    31.240    -0.430     3.304   265.772   303.402    78.715   905.721    19.625   201.033
    20.000     5.794     4.912    29.943    31.211    -0.403     3.284   265.760   303.333    78.720   905.983    19.875   201.069
    20.250     5.740     4.780    29.892    31.182    -0.351     3.265   265.748   303.150    78.763   906.551    20.125   201.124
    20.500     5.885     4.885    29.858    31.153    -0.342     3.252   265.738   303.117    78.716   906.848    20.375   201.164
    20.750     5.602     4.761    29.823    31.123    -0.332     3.240   265.723   303.265    78.677   907.210    20.625   201.209
    21.000     5.726     4.750    29.796    31.096    -0.353     3.231   265.715   303.391    78.599   907.486    20.875   201.239
    21.250     5.379     4.736    29.788    31.074    -0.459     3.228   265.710   303.712    78.496   907.561    21.125   201.233
    21.500     5.206     4.747    29.780    31.055    -0.594     3.221   265.708   304.180    78.506   907.413    21.375   201.244
    21.750     5.186     4.746    29.767    31.036    -0.730     3.207   265.706   304.384    78.494   907.194    21.625   201.260
    22.000     5.238     4.757    29.749    31.016    -0.867     3.191   265.702   304.499    78.520   907.031    21.875   201.275
    22.250     5.093     4.757    29.731    30.995    -1.030     3.183   265.699   304.635    78.533   906.787    22.125   201.270
    22.500     4.755     4.772    29.724    30.974    -1.391     3.349   265.697   304.419    78.532   905.935    22.375   201.256
    22.750     5.254     4.911    29.684    30.944    -1.584     3.676   265.688   302.910    78.608   905.451    22.625   201.277
    23.000     5.454     4.897    29.642    30.912    -1.635     3.721   265.677   303.330    78.525   905.695    22.875   201.292
    23.250     5.386     4.887    29.610    30.881    -1.672     3.716   265.668   303.390    78.449   905.722    23.125   201.305
    23.500     5.493     4.880    29.571    30.852    -1.678     3.643   265.662   303.639    78.432   906.027    23.375   201.342
    23.750     5.527     4.872    29.528    30.823    -1.630     3.580   265.651   303.367    78.443   906.155    23.625   201.376
    24.000     5.412     4.712    29.488    30.794    -1.598     3.486   265.642   304.092    78.390   906.585    23.875   201.395
    24.250     5.628     4.838    29.463    30.768    -1.614     3.403   265.634   304.105    78.327   906.629    24.125   201.419
    24.500     5.386     4.709    29.430    30.741    -1.614     3.327   265.625   304.034    78.311   906.803    24.375   201.453
    24.750     5.599     4.705    29.398    30.713    -1.629     3.265   265.615   304.002    78.256   907.044    24.625   201.488
    25.000     5.582     4.700    29.362    30.685    -1.607     3.206   265.600   303.785    78.259   907.214    24.875   201.523
    25.250     5.703     4.834    29.337    30.657    -1.603     3.163   265.590   302.570    78.176   907.183    25.125   201.529
    25.500     5.346     4.810    29.322    30.630    -1.661     3.133   265.581   303.710    78.096   907.146    25.375   201.522
    25.750     5.333     4.809    29.301    30.605    -1.701     3.107   265.572   302.731    78.049   907.149    25.625   201.532
    26.000     5.343     4.801    29.276    30.579    -1.744     3.083   265.564   302.825    78.025   907.144    25.875   201.551
    26.250     5.307     4.792    29.250    30.553    -1.785     3.061   265.554   302.817    77.995   907.131    26.125   201.570
    26.500     5.355     4.788    29.222    30.527    -1.830     3.042   265.548   303.839    77.961   907.216    26.375   201.593
    26.750     5.445     4.784    29.187    30.499    -1.837     3.021   265.536   302.774    77.951   907.324    26.625   201.618
    27.000     5.452     4.790    29.157    30.471    -1.886     3.009   265.530   302.779    77.897   907.584    26.875   201.624
    27.250     5.238     4.660    29.115    30.446    -1.894     2.989   265.520   303.790    77.943   907.955    27.125   201.669
    27.500     5.531     4.656    29.075    30.417    -1.897     2.970   265.512   303.668    77.941   908.153    27.375   201.707
    27.750     5.213     4.643    29.056    30.392    -2.006     2.964   265.506   303.897    77.825   908.342    27.625   201.736
    28.000     5.149     4.647    29.040    30.369    -2.133     2.948   265.503   304.096    77.791   908.282    27.875   201.760
    28.250     5.190     4.647    29.016    30.345    -2.269     2.932   265.498   304.151    77.774   908.300    28.125   201.785
    28.500     4.893     4.661    28.992    30.319    -2.430     3.135   265.489   302.822    77.827   907.713    28.375   201.797
    28.750     5.498     4.757    28.961    30.289    -2.500     3.145   265.477   302.434    77.715   907.615    28.625   201.807
    29.000     5.351     4.773    28.925    30.261    -2.523     3.114   265.469   302.573    77.706   907.846    28.875   201.830
    29.250     5.188     4.768    28.906    30.232    -2.605     3.082   265.461   302.745    77.623   907.790    29.125   201.836
    29.500     5.155     4.627    28.858    30.203    -2.610     3.084   265.458   303.635    77.649   908.290    29.375   201.877
    29.750     5.511     4.758    28.826    30.174    -2.631     3.065   265.448   302.621    77.629   908.232    29.625   201.896
    30.000     5.095     4.615    28.794    30.146    -2.682     3.075   265.435   302.612    77.583   908.541    29.875   201.915
    30.250     5.366     4.675    28.767    30.119    -2.742     3.036   265.432   303.698    77.512   908.687    30.125   201.936
    30.500     5.276     4.671    28.736    30.091    -2.788     3.034   265.424   303.479    77.478   908.763    30.375   201.956
    30.750     5.257     4.600    28.703    30.063    -2.801     3.000   265.413   303.485    77.463   908.853    30.625   201.977
    31.000     5.335     4.593    28.673    30.036    -2.849     2.997   265.401   303.311    77.403   908.996    30.875   202.001
    31.250     5.448     4.673    28.647    30.008    -2.913     2.995   265.396   303.407    77.358   909.070    31.125   202.025
    31.500     5.439     4.697    28.617    29.978    -2.910     2.944   265.382   303.180    77.277   909.031    31.375   202.043
    31.750     5.289     4.706    28.596    29.949    -2.922     2.888   265.370   302.023    77.164   909.124    31.625   202.056
    32.000     5.158     4.658    28.567    29.924    -2.969     2.836   265.366   302.334    77.143   909.514    31.875   202.085
    32.250     5.040     4.572    28.537    29.899    -3.022     2.787   265.361   303.263    77.142   909.657    32.125   202.115
    32.500     5.195     4.572    28.504    29.873    -3.079     2.791   265.351   303.068    77.136   909.691    32.375   202.139
    32.750     5.306     4.564    28.466    29.845    -3.156     2.887   265.344   302.946    77.110   909.898    32.625   202.164
    33.000     5.298     4.562    28.432    29.815    -3.215     2.942   265.331   302.933    77.067   910.076    32.875   202.187
    33.250     5.257     4.551    28.400    29.786    -3.249     2.943   265.325   303.104    76.997   910.235    33.125   202.209
    33.500     5.430     4.630    28.370    29.758    -3.245     2.864   265.310   302.805    76.935   910.372    33.375   202.237
    33.750     5.274     4.540    28.341    29.729    -3.264     2.792   265.303   302.958    76.851   910.695    33.625   202.268
    34.000     5.212     4.533    28.312    29.702    -3.289     2.727   265.297   302.896    76.797   911.030    33.875   202.300
    34.250     5.081     4.536    28.291    29.677    -3.349     2.674   265.290   302.910    76.737   911.026    34.125   202.321
    34.500     5.096     4.535    28.264    29.651    -3.416     2.648   265.282   302.851    76.710   911.115    34.375   202.346
    34.750     5.162     4.526    28.228    29.623    -3.482     2.722   265.273   302.718    76.697   911.243    34.625   202.362
    35.000     5.235     4.588    28.196    29.593    -3.553     2.775   265.262   302.471    76.654   911.413    34.875   202.377
    35.250     5.130     4.583    28.163    29.563    -3.616     2.842   265.253   302.368    76.608   911.536    35.125   202.395
    35.500     5.233     4.513    28.129    29.532    -3.654     2.858   265.244   302.569    76.536   911.837    35.375   202.421
    35.750     5.163     4.632    28.118    29.503    -3.735     2.849   265.233   301.290    76.412   911.538    35.625   202.424
    36.000     5.120     4.629    28.088    29.474    -3.775     2.844   265.226   301.287    76.373   911.697    35.875   202.440
    36.250     5.137     4.623    28.057    29.445    -3.813     2.833   265.218   301.310    76.322   911.907    36.125   202.456
    36.500     5.101     4.617    28.028    29.416    -3.856     2.798   265.209   301.428    76.268   912.093    36.375   202.470
    36.750     5.073     4.614    27.999    29.388    -3.910     2.830   265.201   301.319    76.228   912.150    36.625   202.483
    37.000     5.046     4.606    27.971    29.359    -3.967     2.816   265.194   301.258    76.159   912.271    36.875   202.494
    37.250     5.097     4.601    27.940    29.331    -4.013     2.833   265.186   301.326    76.111   912.409    37.125   202.505
    37.500     5.082     4.592    27.911    29.303    -4.048     2.804   265.178   301.212    76.053   912.529    37.375   202.515
    37.750     5.086     4.589    27.881    29.276    -4.093     2.826   265.170   301.160    76.025   912.640    37.625   202.525
    38.000     5.031     4.583    27.853    29.248    -4.143     2.842   265.162   300.893    75.982   912.686    37.875   202.533
    38.250     5.402     4.574    27.813    29.219    -4.114     2.743   265.150   300.622    75.929   913.051    38.125   202.541
    38.500     5.317     4.563    27.787    29.191    -4.096     2.622   265.136   300.269    75.837   913.294    38.375   202.545
    38.750     5.315     4.431    27.740    29.164    -4.016     2.507   265.124   301.407    75.848   914.051    38.625   202.561
    39.000     4.975     4.431    27.728    29.142    -4.070     2.436   265.122   301.669    75.761   914.097    38.875   202.576
    39.250     4.763     4.435    27.718    29.123    -4.162     2.378   265.120   301.725    75.722   913.920    39.125   202.593
    39.500     4.891     4.503    27.700    29.101    -4.286     2.449   265.113   301.941    75.740   913.660    39.375   202.607
    39.750     4.962     4.509    27.662    29.072    -4.402     2.753   265.103   300.470    75.776   913.562    39.625   202.614
    40.000     5.152     4.494    27.619    29.044    -4.427     2.729   265.094   301.489    75.691   914.052    39.875   202.636
    40.250     5.188     4.545    27.600    29.016    -4.498     2.802   265.084   300.497    75.612   913.923    40.125   202.639
    40.500     5.005     4.534    27.583    28.989    -4.521     2.681   265.073   300.509    75.493   913.936    40.375   202.641
    40.750     5.132     4.505    27.548    28.963    -4.525     2.596   265.065   300.690    75.492   914.338    40.625   202.653
    41.000     4.915     4.505    27.520    28.936    -4.603     2.676   265.059   300.717    75.489   914.407    40.875   202.662
    41.250     5.001     4.502    27.484    28.907    -4.625     2.614   265.051   300.639    75.457   914.600    41.125   202.670
    41.500     4.950     4.495    27.458    28.878    -4.725     2.739   265.042   300.549    75.385   914.653    41.375   202.675
    41.750     5.080     4.516    27.425    28.849    -4.711     2.594   265.034   300.435    75.315   914.850    41.625   202.679
    42.000     4.741     4.520    27.404    28.822    -4.794     2.659   265.029   300.303    75.280   914.809    41.875   202.682
    42.250     4.602     4.394    27.370    28.794    -4.776     2.517   265.025   299.914    75.286   914.926    42.125   202.687
    42.500     4.754     4.410    27.334    28.765    -4.849     2.521   265.022   300.596    75.301   915.073    42.375   202.697
    42.750     4.741     4.410    27.290    28.732    -4.929     2.612   265.014   300.343    75.287   915.174    42.625   202.713
    43.000     4.797     4.399    27.245    28.698    -4.996     2.709   265.008   300.197    75.187   915.332    42.875   202.730
    43.250     4.919     4.430    27.203    28.666    -5.035     2.687   265.000   300.091    75.056   915.583    43.125   202.746
    43.500     5.008     4.412    27.166    28.638    -5.059     2.650   264.991   300.168    74.927   915.836    43.375   202.754
    43.750     5.089     4.391    27.133    28.610    -5.086     2.633   264.983   300.349    74.830   916.095    43.625   202.763
    44.000     5.041     4.344    27.100    28.584    -5.116     2.652   264.971   300.294    74.759   916.305    43.875   202.772
    44.250     5.092     4.384    27.071    28.559    -5.172     2.672   264.962   300.322    74.687   916.506    44.125   202.784
    44.500     5.046     4.331    27.039    28.533    -5.201     2.695   264.953   300.426    74.630   916.739    44.375   202.795
    44.750     5.073     4.363    27.011    28.507    -5.255     2.671   264.940   300.288    74.573   916.924    44.625   202.804
    45.000     4.912     4.322    26.985    28.481    -5.277     2.601   264.931   300.240    74.521   917.070    44.875   202.813
    45.250     5.025     4.366    26.957    28.455    -5.317     2.571   264.923   300.191    74.471   917.278    45.125   202.824
    45.500     4.823     4.360    26.932    28.429    -5.367     2.559   264.914   300.023    74.418   917.358    45.375   202.834
    45.750     4.889     4.366    26.905    28.402    -5.419     2.556   264.905   300.060    74.363   917.516    45.625   202.841
    46.000     4.899     4.362    26.876    28.376    -5.447     2.542   264.897   300.087    74.318   917.661    45.875   202.848
    46.250     4.820     4.303    26.847    28.348    -5.486     2.534   264.891   300.029    74.267   917.826    46.125   202.856
    46.500     4.842     4.297    26.819    28.322    -5.527     2.521   264.881   299.918    74.217   917.969    46.375   202.864
    46.750     4.909     4.350    26.792    28.295    -5.588     2.516   264.872   299.833    74.158   918.134    46.625   202.874
    47.000     4.849     4.336    26.762    28.267    -5.626     2.504   264.866   299.763    74.107   918.307    46.875   202.886
    47.250     4.813     4.285    26.732    28.239    -5.655     2.488   264.856   299.614    74.054   918.493    47.125   202.896
    47.500     4.851     4.281    26.702    28.211    -5.693     2.479   264.849   299.543    73.997   918.679    47.375   202.908
    47.750     4.913     4.333    26.675    28.184    -5.750     2.475   264.842   299.549    73.933   918.877    47.625   202.920
    48.000     4.863     4.329    26.645    28.156    -5.785     2.463   264.832   299.437    73.879   919.086    47.875   202.930
    48.250     4.783     4.314    26.617    28.129    -5.840     2.459   264.826   299.422    73.814   919.243    48.125   202.941
    48.500     4.808     4.263    26.588    28.101    -5.875     2.445   264.816   299.393    73.755   919.443    48.375   202.952
    48.750     4.825     4.259    26.558    28.073    -5.914     2.435   264.810   299.367    73.702   919.640    48.625   202.966
    49.000     4.802     4.254    26.529    28.046    -5.958     2.427   264.800   299.427    73.636   919.923    48.875   202.979
    49.250     4.923     4.287    26.501    28.018    -6.011     2.422   264.794   299.458    73.566   920.133    49.125   202.991
    49.500     4.763     4.281    26.473    27.991    -6.054     2.410   264.785   299.379    73.513   920.296    49.375   203.001
    49.750     4.786     4.241    26.445    27.964    -6.089     2.397   264.776   299.383    73.458   920.462    49.625   203.012
    50.000     4.877     4.273    26.416    27.937    -6.135     2.388   264.769   299.373    73.399   920.638    49.875   203.024
