     0.250     1.135     5.825    35.657    35.997     2.295     7.250   267.532   292.308    76.904   899.130     0.125   202.358
     0.500    11.585     6.010    35.166    35.915     2.832     6.837   267.509   294.676    77.992   896.240     0.375   202.459
     0.750    14.308     5.977    34.846    35.784     3.541     6.403   267.435   298.683    78.622   895.408     0.625   202.525
     1.000    13.958     5.913    34.630    35.650     4.171     6.069   267.358   302.399    78.809   896.477     0.875   202.605
     1.250    13.890     5.806    34.477    35.530     4.812     5.715   267.278   306.062    78.777   902.435     1.125   202.725
     1.500    11.800     5.693    34.400    35.435     5.604     5.346   267.202   306.699    78.661   906.128     1.375   202.669
     1.750     6.760     5.751    34.407    35.359     6.018     5.248   267.164   305.853    78.581   905.923     1.625   202.585
     2.000     6.238     5.708    34.402    35.302     6.014     5.449   267.151   305.895    78.368   906.320     1.875   202.517
     2.250     6.193     5.690    34.387    35.254     5.929     5.694   267.138   306.095    78.254   906.586     2.125   202.474
     2.500     6.017     5.680    34.361    35.212     5.846     5.909   267.129   305.958    78.216   906.649     2.375   202.436
     2.750     6.052     5.671    34.330    35.172     5.750     6.088   267.120   305.940    78.208   906.630     2.625   202.364
     3.000     6.036     5.664    34.296    35.135     5.661     6.227   267.112   305.888    78.216   906.596     2.875   202.295
     3.250     5.927     5.585    34.262    35.098     5.581     6.335   267.105   305.753    78.230   906.548     3.125   202.226
     3.500     6.023     5.655    34.229    35.064     5.506     6.439   267.100   305.514    78.249   906.292     3.375   202.169
     3.750     5.796     5.640    34.195    35.030     5.408     6.551   267.091   305.638    78.260   905.980     3.625   202.111
     4.000     6.080     5.630    34.157    34.997     5.319     6.642   267.086   305.406    78.284   905.810     3.875   202.052
     4.250     6.015     5.623    34.119    34.964     5.234     6.732   267.078   305.215    78.306   905.636     4.125   202.008
     4.500     6.126     5.606    34.078    34.931     5.139     6.815   267.069   305.162    78.338   905.577     4.375   201.959
     4.750     5.970     5.568    34.044    34.899     5.027     6.855   267.063   305.015    78.333   905.524     4.625   201.913
     5.000     6.024     5.601    34.010    34.868     4.926     6.898   267.055   304.904    78.331   905.256     4.875   201.862
     5.250     5.924     5.594    33.980    34.840     4.816     6.891   267.051   304.825    78.337   905.139     5.125   201.817
     5.500     5.930     5.508    33.943    34.810     4.780     6.845   267.045   304.660    78.381   905.035     5.375   201.771
     5.750     6.032     5.527    33.908    34.781     4.736     6.824   267.039   304.530    78.404   904.868     5.625   201.721
     6.000     6.117     5.586    33.874    34.752     4.688     6.819   267.032   304.591    78.422   904.700     5.875   201.674
     6.250     6.092     5.510    33.840    34.723     4.621     6.801   267.025   304.606    78.428   904.750     6.125   201.639
     6.500     6.143     5.560    33.809    34.696     4.578     6.779   267.017   304.578    78.442   904.586     6.375   201.600
     6.750     6.116     5.552    33.777    34.669     4.532     6.760   267.009   304.638    78.454   904.518     6.625   201.565
     7.000     6.167     5.513    33.746    34.642     4.483     6.749   267.002   304.527    78.468   904.520     6.875   201.520
     7.250     6.175     5.540    33.716    34.617     4.440     6.737   266.994   304.614    78.483   904.393     7.125   201.472
     7.500     6.171     5.533    33.686    34.591     4.392     6.721   266.986   304.636    78.501   904.335     7.375   201.425
     7.750     6.177     5.528    33.658    34.566     4.350     6.699   266.978   304.636    78.515   904.221     7.625   201.375
     8.000     6.200     5.529    33.629    34.542     4.306     6.672   266.969   304.540    78.533   904.182     7.875   201.337
     8.250     6.120     5.492    33.601    34.517     4.264     6.643   266.961   304.542    78.552   904.108     8.125   201.294
     8.500     6.112     5.456    33.574    34.493     4.222     6.610   266.953   304.590    78.566   904.057     8.375   201.259
     8.750     6.195     5.451    33.547    34.469     4.185     6.572   266.944   304.604    78.584   904.004     8.625   201.219
     9.000     6.234     5.503    33.522    34.446     4.150     6.536   266.935   304.761    78.599   903.879     8.875   201.177
     9.250     6.155     5.498    33.495    34.423     4.117     6.499   266.927   304.694    78.617   903.774     9.125   201.138
     9.500     6.190     5.493    33.468    34.399     4.079     6.467   266.918   304.741    78.636   903.730     9.375   201.094
     9.750     6.161     5.490    33.443    34.376     4.048     6.433   266.909   304.765    78.656   903.614     9.625   201.054
    10.000     6.122     5.430    33.416    34.352     4.012     6.407   266.901   304.753    78.681   903.624     9.875   201.015
    10.250     6.212     5.478    33.391    34.330     3.968     6.394   266.892   304.820    78.697   903.506    10.125   200.978
    10.500     6.016     5.308    33.343    34.306     4.043     6.354   266.886   305.506    78.870   903.874    10.375   200.944
    10.750     6.062     5.303    33.317    34.283     3.977     6.359   266.878   305.556    78.882   903.742    10.625   200.917
    11.000     6.155     5.299    33.290    34.259     3.914     6.340   266.870   305.644    78.898   903.657    10.875   200.884
    11.250     6.171     5.296    33.262    34.235     3.873     6.254   266.862   305.606    78.926   903.657    11.125   200.850
    11.500     6.215     5.382    33.240    34.210     3.877     6.141   266.853   304.690    78.917   903.282    11.375   200.822
    11.750     6.274     5.461    33.227    34.186     3.805     6.079   266.839   304.889    78.819   903.083    11.625   200.784
    12.000     6.120     5.412    33.200    34.161     3.788     6.011   266.829   305.005    78.836   903.137    11.875   200.750
    12.250     6.239     5.449    33.173    34.137     3.769     5.955   266.820   305.019    78.852   903.098    12.125   200.713
    12.500     6.069     5.445    33.148    34.114     3.739     5.910   266.812   305.024    78.866   902.967    12.375   200.674
    12.750     5.963     5.268    33.104    34.092     3.751     5.862   266.807   305.864    79.004   903.358    12.625   200.642
    13.000     6.127     5.263    33.078    34.070     3.682     5.861   266.799   305.842    79.013   903.242    12.875   200.612
    13.250     6.135     5.325    33.052    34.048     3.617     5.893   266.790   305.841    79.042   903.094    13.125   200.586
    13.500     6.165     5.428    33.043    34.024     3.531     5.886   266.777   304.942    78.927   902.513    13.375   200.551
    13.750     6.027     5.427    33.020    34.000     3.492     5.869   266.769   304.857    78.951   902.323    13.625   200.515
    14.000     6.188     5.423    32.993    33.977     3.452     5.854   266.759   304.981    78.982   902.384    13.875   200.480
    14.250     6.036     5.418    32.966    33.954     3.415     5.848   266.751   304.861    79.010   902.305    14.125   200.444
    14.500     6.015     5.416    32.944    33.930     3.359     5.864   266.742   304.825    79.011   902.116    14.375   200.412
    14.750     6.068     5.412    32.917    33.907     3.320     5.834   266.732   304.987    79.035   902.111    14.625   200.383
    15.000     6.178     5.325    32.881    33.882     3.320     5.781   266.723   305.016    79.111   902.387    14.875   200.352
    15.250     6.038     5.341    32.858    33.859     3.261     5.830   266.714   304.960    79.113   902.241    15.125   200.323
    15.500     6.094     5.397    32.838    33.836     3.174     5.796   266.705   304.932    79.072   902.099    15.375   200.294
    15.750     6.126     5.393    32.811    33.811     3.143     5.776   266.696   304.913    79.092   902.087    15.625   200.264
    16.000     6.039     5.388    32.784    33.788     3.101     5.763   266.686   304.989    79.112   902.047    15.875   200.235
    16.250     6.050     5.384    32.758    33.764     3.071     5.726   266.678   305.064    79.131   902.015    16.125   200.204
    16.500     6.053     5.384    32.732    33.740     3.032     5.727   266.669   305.018    79.149   901.956    16.375   200.171
    16.750     6.000     5.378    32.705    33.716     2.999     5.711   266.661   305.014    79.171   901.828    16.625   200.132
    17.000     5.956     5.374    32.680    33.693     2.964     5.672   266.651   305.124    79.195   901.724    16.875   200.104
    17.250     6.126     5.309    32.645    33.668     2.920     5.752   266.643   305.135    79.257   901.959    17.125   200.073
    17.500     5.996     5.364    32.627    33.645     2.851     5.679   266.634   305.194    79.209   901.704    17.375   200.052
    17.750     6.133     5.359    32.597    33.621     2.801     5.677   266.625   305.172    79.235   901.818    17.625   200.027
    18.000     5.923     5.356    32.572    33.597     2.768     5.635   266.616   305.034    79.249   901.662    17.875   199.996
    18.250     5.976     5.328    32.546    33.573     2.717     5.651   266.609   305.123    79.268   901.645    18.125   199.969
    18.500     5.971     5.275    32.506    33.549     2.789     5.532   266.599   305.126    79.402   901.773    18.375   199.950
    18.750     6.096     5.341    32.492    33.525     2.700     5.491   266.590   305.062    79.286   901.603    18.625   199.924
    19.000     5.850     5.176    32.449    33.501     2.767     5.397   266.584   305.987    79.433   901.832    18.875   199.895
    19.250     6.068     5.170    32.421    33.478     2.694     5.416   266.575   306.031    79.442   901.903    19.125   199.870
    19.500     6.034     5.167    32.390    33.454     2.651     5.386   266.566   306.046    79.482   902.039    19.375   199.855
    19.750     5.953     5.163    32.365    33.431     2.585     5.438   266.558   305.113    79.493   901.924    19.625   199.841
    20.000     6.037     5.160    32.335    33.406     2.601     5.342   266.549   306.108    79.522   901.954    19.875   199.827
    20.250     6.074     5.154    32.308    33.382     2.553     5.300   266.539   306.173    79.522   902.044    20.125   199.802
    20.500     5.899     5.152    32.284    33.358     2.501     5.302   266.529   305.306    79.539   901.837    20.375   199.784
    20.750     6.080     5.152    32.259    33.334     2.449     5.293   266.522   306.269    79.540   901.781    20.625   199.770
    21.000     5.930     5.148    32.233    33.310     2.400     5.293   266.513   306.188    79.554   901.689    20.875   199.752
    21.250     5.988     5.146    32.207    33.286     2.354     5.280   266.504   306.226    79.569   901.638    21.125   199.735
    21.500     5.963     5.136    32.179    33.262     2.315     5.230   266.495   306.288    79.578   901.715    21.375   199.720
    21.750     5.976     5.132    32.152    33.238     2.278     5.218   266.486   306.257    79.594   901.685    21.625   199.703
    22.000     5.989     5.129    32.122    33.213     2.235     5.202   266.477   306.227    79.630   901.839    21.875   199.690
    22.250     5.964     5.125    32.094    33.189     2.201     5.178   266.468   306.216    79.648   901.826    22.125   199.667
    22.500     5.809     5.122    32.069    33.165     2.157     5.157   266.458   305.246    79.656   901.652    22.375   199.652
    22.750     6.013     5.118    32.040    33.140     2.105     5.172   266.449   306.151    79.679   901.752    22.625   199.630
    23.000     5.906     5.114    32.013    33.115     2.071     5.129   266.440   305.702    79.694   901.695    22.875   199.605
    23.250     5.917     5.111    31.986    33.091     2.047     5.081   266.432   306.099    79.705   901.623    23.125   199.586
    23.500     5.978     5.109    31.961    33.066     1.996     5.089   266.423   306.147    79.695   901.508    23.375   199.580
    23.750     5.932     5.107    31.935    33.041     1.947     5.069   266.414   306.084    79.706   901.458    23.625   199.572
    24.000     5.989     5.176    31.904    33.016     1.905     5.031   266.404   306.055    79.723   901.638    23.875   199.557
    24.250     5.786     5.092    31.877    32.992     1.865     5.026   266.396   306.061    79.718   901.696    24.125   199.600
    24.500     5.996     5.245    31.866    32.966     1.793     4.997   266.382   305.359    79.627   901.153    24.375   199.570
    24.750     5.824     5.187    31.837    32.940     1.772     4.956   266.374   305.298    79.632   901.355    24.625   199.622
    25.000     5.996     5.235    31.813    32.915     1.691     4.992   266.365   305.391    79.596   901.399    24.875   199.646
    25.250     5.732     5.164    31.778    32.890     1.722     4.930   266.356   305.405    79.652   901.543    25.125   199.720
    25.500     5.891     5.150    31.743    32.865     1.710     4.866   266.351   306.047    79.648   901.902    25.375   199.814
    25.750     5.839     5.066    31.712    32.841     1.680     4.838   266.342   305.936    79.639   902.161    25.625   199.915
    26.000     5.831     5.066    31.683    32.816     1.670     4.816   266.332   305.939    79.648   902.226    25.875   199.986
    26.250     5.952     5.060    31.653    32.790     1.677     4.740   266.324   306.032    79.614   902.420    26.125   200.067
    26.500     5.897     5.214    31.639    32.765     1.659     4.688   266.313   305.284    79.558   901.837    26.375   200.055
    26.750     5.934     5.211    31.615    32.738     1.647     4.638   266.301   305.438    79.507   902.037    26.625   200.099
    27.000     5.844     5.200    31.590    32.712     1.599     4.614   266.293   305.562    79.469   902.195    26.875   200.166
    27.250     5.720     5.042    31.544    32.687     1.639     4.572   266.288   305.428    79.525   903.017    27.125   200.351
    27.500     5.874     5.039    31.515    32.662     1.608     4.547   266.279   306.157    79.512   903.062    27.375   200.414
    27.750     5.856     5.035    31.486    32.637     1.567     4.528   266.270   305.984    79.512   903.197    27.625   200.450
    28.000     5.846     5.032    31.458    32.612     1.530     4.504   266.261   306.043    79.504   903.264    27.875   200.485
    28.250     5.705     5.025    31.434    32.588     1.459     4.492   266.253   306.047    79.473   903.180    28.125   200.495
    28.500     6.153     5.143    31.401    32.562     1.474     4.445   266.241   305.746    79.479   903.068    28.375   200.511
    28.750     6.032     5.150    31.380    32.533     1.528     4.343   266.221   304.651    79.381   902.917    28.625   200.492
    29.000     6.122     5.144    31.348    32.505     1.615     4.237   266.211   304.667    79.369   903.328    28.875   200.523
    29.250     5.832     5.144    31.326    32.479     1.652     4.148   266.200   304.646    79.350   903.347    29.125   200.541
    29.500     5.962     5.137    31.295    32.451     1.711     4.067   266.189   305.409    79.343   903.582    29.375   200.566
    29.750     5.953     5.109    31.251    32.425     1.803     3.996   266.181   305.378    79.402   904.200    29.625   200.671
    30.000     6.026     4.981    31.213    32.397     1.900     3.934   266.164   305.218    79.395   904.579    29.875   200.738
    30.250     6.078     4.977    31.185    32.370     1.947     3.891   266.156   305.249    79.335   904.904    30.125   200.809
    30.500     6.063     5.088    31.159    32.344     1.984     3.854   266.143   305.357    79.297   905.122    30.375   200.882
    30.750     6.031     5.082    31.130    32.318     2.033     3.819   266.131   305.443    79.275   905.327    30.625   200.924
    31.000     5.912     4.957    31.101    32.292     2.065     3.793   266.116   305.554    79.251   905.679    30.875   200.961
    31.250     5.986     5.069    31.082    32.269     2.043     3.774   266.110   305.685    79.213   905.733    31.125   200.950
    31.500     6.015     5.070    31.054    32.244     2.067     3.750   266.097   305.741    79.201   905.871    31.375   201.015
    31.750     5.743     4.944    31.028    32.219     2.056     3.732   266.086   305.843    79.182   906.047    31.625   201.050
    32.000     5.849     4.939    31.006    32.196     2.019     3.716   266.077   306.011    79.160   906.183    31.875   201.076
    32.250     5.776     4.933    30.989    32.174     1.927     3.707   266.071   306.399    79.122   906.387    32.125   201.091
    32.500     5.444     4.937    30.982    32.155     1.785     3.700   266.067   306.539    79.096   906.236    32.375   201.098
    32.750     5.286     4.942    30.980    32.136     1.607     3.693   266.064   306.698    79.077   905.570    32.625   201.055
    33.000     5.526     4.945    30.949    32.116     1.481     3.690   266.062   306.703    79.153   905.708    32.875   201.098
    33.250     5.342     4.953    30.930    32.095     1.299     3.707   266.058   306.714    79.165   905.478    33.125   201.120
    33.500     5.395     4.955    30.904    32.072     1.091     3.764   266.054   306.743    79.191   905.259    33.375   201.132
    33.750     5.478     4.952    30.874    32.048     0.861     3.886   266.048   306.528    79.192   905.163    33.625   201.172
    34.000     5.565     4.948    30.841    32.022     0.663     3.963   266.040   306.464    79.179   905.134    33.875   201.191
    34.250     5.595     4.946    30.807    31.995     0.495     4.092   266.030   305.561    79.186   905.097    34.125   201.213
    34.500     5.646     4.941    30.774    31.968     0.358     4.174   266.023   306.488    79.166   905.109    34.375   201.240
    34.750     5.668     4.933    30.744    31.940     0.290     4.134   266.012   306.522    79.129   905.009    34.625   201.275
    35.000     5.861     4.918    30.700    31.912     0.373     4.000   266.001   306.076    79.106   905.056    34.875   201.300
    35.250     6.178     4.903    30.650    31.881     0.594     3.834   265.981   305.843    79.064   905.456    35.125   201.381
    35.500     6.585     5.003    30.594    31.846     0.865     3.726   265.955   305.596    79.024   906.066    35.375   201.470
    35.750     6.378     4.985    30.546    31.811     1.080     3.676   265.934   305.609    78.948   906.706    35.625   201.548
    36.000     6.158     4.975    30.530    31.780     1.161     3.667   265.918   304.587    78.766   906.870    35.875   201.539
    36.250     6.100     4.833    30.495    31.754     1.245     3.656   265.906   306.036    78.707   907.696    36.125   201.588
    36.500     6.127     4.826    30.480    31.733     1.262     3.669   265.892   306.392    78.640   908.043    36.375   201.642
    36.750     6.102     4.941    30.469    31.713     1.252     3.670   265.875   306.622    78.593   908.171    36.625   201.672
    37.000     5.478     4.833    30.458    31.693     1.199     3.663   265.866   306.823    78.608   908.124    36.875   201.702
    37.250     5.623     4.834    30.441    31.672     1.137     3.648   265.858   306.964    78.611   908.096    37.125   201.722
    37.500     5.749     4.943    30.423    31.651     1.075     3.622   265.852   306.981    78.600   907.983    37.375   201.739
    37.750     5.568     4.833    30.397    31.629     1.030     3.591   265.845   306.902    78.599   908.070    37.625   201.769
    38.000     5.717     4.963    30.391    31.606     0.949     3.560   265.831   306.956    78.519   907.582    37.875   201.757
    38.250     5.516     4.963    30.370    31.582     0.891     3.533   265.824   306.107    78.523   907.564    38.125   201.757
    38.500     5.554     4.955    30.348    31.559     0.834     3.500   265.816   306.210    78.507   907.544    38.375   201.765
    38.750     5.601     4.952    30.328    31.536     0.779     3.453   265.806   306.390    78.462   907.436    38.625   201.782
    39.000     5.651     4.942    30.305    31.514     0.728     3.410   265.797   307.330    78.449   907.471    38.875   201.791
    39.250     5.656     4.945    30.284    31.491     0.659     3.373   265.791   306.684    78.409   907.602    39.125   201.838
    39.500     5.333     4.960    30.271    31.471     0.555     3.342   265.782   306.912    78.415   907.394    39.375   201.848
    39.750     5.226     4.985    30.248    31.446     0.458     3.324   265.779   306.853    78.475   907.177    39.625   201.875
    40.000     5.004     4.988    30.233    31.422     0.289     3.311   265.781   306.906    78.461   906.907    39.875   201.849
    40.250     4.962     4.992    30.212    31.398     0.126     3.287   265.780   306.961    78.495   906.511    40.125   201.862
    40.500     4.707     4.850    30.186    31.373    -0.120     3.272   265.781   306.514    78.537   906.217    40.375   201.866
    40.750     4.856     5.007    30.157    31.345    -0.497     3.292   265.783   306.195    78.579   905.693    40.625   201.882
    41.000     4.725     4.981    30.117    31.313    -0.787     3.343   265.781   305.574    78.624   905.296    40.875   201.913
    41.250     5.337     4.983    30.054    31.275    -0.914     3.373   265.772   304.387    78.646   905.356    41.125   201.961
    41.500     5.535     4.958    29.992    31.236    -0.939     3.343   265.764   304.112    78.597   905.890    41.375   202.024
    41.750     5.696     4.941    29.937    31.197    -0.919     3.300   265.754   303.735    78.538   906.437    41.625   202.078
    42.000     5.319     4.940    29.914    31.163    -0.970     3.267   265.744   303.543    78.375   906.321    41.875   202.078
    42.250     5.522     4.924    29.868    31.130    -0.946     3.229   265.736   303.546    78.356   906.757    42.125   202.134
    42.500     5.576     4.916    29.834    31.097    -0.938     3.200   265.727   303.323    78.267   906.896    42.375   202.155
    42.750     5.557     4.902    29.799    31.066    -0.921     3.175   265.714   304.256    78.193   907.118    42.625   202.175
    43.000     5.687     4.886    29.754    31.036    -0.862     3.150   265.705   303.046    78.178   907.543    42.875   202.214
    43.250     5.565     4.881    29.729    31.006    -0.877     3.135   265.692   304.170    78.078   907.638    43.125   202.238
    43.500     5.653     4.872    29.694    30.977    -0.855     3.119   265.679   304.128    78.030   907.886    43.375   202.270
    43.750     5.612     4.863    29.662    30.948    -0.843     3.105   265.670   303.011    77.979   908.110    43.625   202.286
    44.000     5.602     4.855    29.632    30.920    -0.837     3.094   265.660   303.093    77.929   908.318    43.875   202.308
    44.250     5.918     4.851    29.581    30.890    -0.759     3.079   265.645   302.879    77.955   908.938    44.125   202.349
    44.500     5.508     4.845    29.562    30.861    -0.777     3.071   265.635   302.932    77.863   908.959    44.375   202.359
    44.750     5.563     4.835    29.536    30.833    -0.792     3.066   265.623   304.259    77.802   909.205    44.625   202.392
    45.000     5.609     4.829    29.510    30.807    -0.803     3.058   265.612   304.421    77.748   909.417    44.875   202.416
    45.250     5.467     4.822    29.490    30.782    -0.837     3.051   265.604   303.411    77.694   909.529    45.125   202.412
    45.500     5.571     4.823    29.465    30.757    -0.873     3.043   265.596   303.617    77.668   909.765    45.375   202.440
    45.750     5.056     4.830    29.460    30.737    -0.987     3.037   265.592   303.923    77.625   909.477    45.625   202.438
    46.000     5.119     4.838    29.446    30.715    -1.123     3.029   265.590   304.336    77.627   909.391    45.875   202.456
    46.250     4.933     4.838    29.436    30.695    -1.282     3.019   265.590   304.659    77.601   909.116    46.125   202.442
    46.500     4.637     4.709    29.421    30.676    -1.460     3.010   265.590   304.801    77.634   908.753    46.375   202.449
    46.750     4.883     4.851    29.404    30.656    -1.714     3.074   265.592   304.705    77.684   908.228    46.625   202.429
    47.000     4.779     4.855    29.369    30.630    -2.043     3.455   265.588   304.352    77.736   907.787    46.875   202.448
    47.250     5.167     4.847    29.313    30.601    -2.125     3.676   265.584   304.042    77.795   907.799    47.125   202.481
    47.500     5.287     4.788    29.268    30.569    -2.140     3.593   265.573   304.119    77.756   907.957    47.375   202.502
    47.750     5.423     4.687    29.225    30.540    -2.150     3.473   265.569   305.004    77.669   908.505    47.625   202.545
    48.000     5.293     4.679    29.196    30.512    -2.193     3.396   265.559   304.809    77.623   908.561    47.875   202.568
    48.250     5.409     4.674    29.161    30.483    -2.230     3.354   265.549   303.692    77.584   908.735    48.125   202.594
    48.500     5.379     4.672    29.127    30.455    -2.277     3.368   265.543   304.639    77.535   908.824    48.375   202.630
    48.750     5.428     4.666    29.093    30.426    -2.303     3.346   265.530   304.533    77.475   908.931    48.625   202.667
    49.000     5.789     4.773    29.056    30.396    -2.279     3.220   265.519   304.178    77.424   909.213    48.875   202.695
    49.250     5.535     4.644    29.014    30.366    -2.223     3.103   265.504   303.824    77.384   909.738    49.125   202.725
    49.500     5.958     4.750    28.980    30.336    -2.148     3.000   265.489   303.717    77.299   910.073    49.375   202.745
    49.750     5.279     4.622    28.955    30.309    -2.128     2.926   265.479   303.724    77.226   910.418    49.625   202.765
    50.000     5.679     4.622    28.928    30.281    -2.072     2.858   265.466   303.749    77.158   910.751    49.875   202.786
    50.250     5.415     4.739    28.924    30.257    -2.099     2.813   265.455   302.440    77.020   910.401    50.125   202.781
    50.500     5.794     4.719    28.877    30.230    -1.999     2.760   265.444   303.643    77.057   911.143    50.375   202.818
    50.750     5.425     4.725    28.861    30.206    -1.998     2.728   265.431   302.397    76.977   911.152    50.625   202.824
    51.000     5.059     4.727    28.860    30.185    -2.078     2.708   265.424   302.707    76.907   910.863    50.875   202.827
    51.250     5.269     4.608    28.819    30.161    -2.088     2.685   265.421   304.052    76.949   911.372    51.125   202.871
    51.500     5.069     4.600    28.800    30.140    -2.178     2.669   265.415   304.098    76.914   911.363    51.375   202.893
    51.750     5.004     4.607    28.782    30.118    -2.299     2.657   265.412   304.359    76.902   911.237    51.625   202.916
    52.000     4.849     4.613    28.766    30.096    -2.461     2.665   265.408   304.465    76.875   910.963    51.875   202.941
    52.250     4.905     4.621    28.737    30.072    -2.764     2.841   265.405   304.175    76.904   910.838    52.125   202.967
    52.500     5.014     4.610    28.687    30.041    -2.906     3.176   265.398   303.949    76.936   910.763    52.375   202.995
    52.750     5.187     4.673    28.655    30.009    -2.976     3.284   265.386   302.946    76.869   910.626    52.625   203.011
    53.000     5.386     4.664    28.613    29.979    -3.011     3.283   265.378   303.933    76.769   911.100    52.875   203.041
    53.250     5.389     4.668    28.584    29.949    -3.029     3.222   265.369   302.961    76.725   911.178    53.125   203.064
    53.500     5.217     4.711    28.569    29.920    -3.089     3.126   265.359   303.024    76.593   911.113    53.375   203.070
    53.750     5.147     4.708    28.543    29.892    -3.146     3.078   265.353   302.947    76.549   911.245    53.625   203.089
    54.000     5.124     4.703    28.513    29.863    -3.200     3.066   265.344   303.046    76.506   911.351    53.875   203.107
    54.250     5.176     4.697    28.480    29.833    -3.247     3.074   265.337   302.902    76.463   911.471    54.125   203.122
    54.500     5.176     4.692    28.448    29.804    -3.288     3.082   265.329   302.949    76.417   911.590    54.375   203.136
    54.750     5.210     4.687    28.414    29.775    -3.331     3.087   265.321   303.083    76.388   911.795    54.625   203.153
    55.000     5.244     4.681    28.384    29.747    -3.393     3.097   265.313   303.011    76.326   911.986    54.875   203.166
    55.250     5.173     4.672    28.352    29.718    -3.414     3.063   265.304   302.946    76.284   912.078    55.125   203.176
    55.500     5.192     4.666    28.326    29.690    -3.465     3.048   265.295   302.859    76.217   912.160    55.375   203.185
    55.750     5.180     4.658    28.300    29.663    -3.494     3.005   265.287   302.495    76.165   912.264    55.625   203.195
    56.000     5.258     4.650    28.270    29.636    -3.493     2.917   265.277   302.193    76.112   912.382    55.875   203.204
    56.250     5.795     4.643    28.224    29.605    -3.389     2.782   265.258   301.722    76.074   912.936    56.125   203.218
    56.500     5.467     4.619    28.185    29.578    -3.336     2.681   265.250   303.090    76.047   913.570    56.375   203.239
    56.750     5.389     4.611    28.158    29.551    -3.294     2.599   265.239   301.704    75.984   913.843    56.625   203.252
    57.000     5.115     4.617    28.152    29.526    -3.323     2.541   265.227   301.675    75.839   913.682    56.875   203.256
    57.250     5.738     4.609    28.108    29.498    -3.213     2.471   265.211   301.696    75.831   914.178    57.125   203.269
    57.500     4.950     4.601    28.103    29.476    -3.282     2.438   265.206   301.776    75.706   914.126    57.375   203.274
    57.750     4.854     4.603    28.091    29.456    -3.363     2.408   265.202   301.966    75.701   913.999    57.625   203.286
    58.000     4.838     4.604    28.075    29.436    -3.446     2.379   265.199   301.974    75.698   913.799    57.875   203.293
    58.250     4.851     4.607    28.050    29.415    -3.532     2.357   265.196   302.064    75.722   913.698    58.125   203.306
    58.500     4.752     4.608    28.030    29.392    -3.657     2.354   265.192   301.895    75.712   913.477    58.375   203.311
    58.750     4.826     4.609    27.997    29.367    -3.959     2.580   265.187   301.694    75.737   913.398    58.625   203.323
    59.000     5.128     4.609    27.941    29.335    -4.032     2.970   265.176   301.353    75.763   913.570    58.875   203.335
    59.250     5.104     4.535    27.896    29.305    -4.041     2.972   265.171   302.717    75.665   914.128    59.125   203.353
    59.500     5.114     4.585    27.884    29.277    -4.124     3.000   265.158   301.380    75.530   913.827    59.375   203.361
    59.750     5.029     4.455    27.842    29.250    -4.092     2.856   265.154   302.664    75.516   914.373    59.625   203.377
    60.000     5.092     4.450    27.813    29.224    -4.124     2.822   265.142   301.528    75.489   914.537    59.875   203.391
    60.250     5.134     4.456    27.783    29.196    -4.150     2.739   265.136   302.767    75.445   914.742    60.125   203.408
    60.500     5.004     4.456    27.755    29.168    -4.177     2.672   265.131   302.766    75.412   914.732    60.375   203.420
    60.750     4.921     4.447    27.725    29.141    -4.236     2.610   265.120   302.504    75.359   914.966    60.625   203.437
    61.000     5.026     4.448    27.691    29.112    -4.312     2.671   265.115   302.372    75.327   915.095    60.875   203.447
    61.250     5.032     4.435    27.655    29.082    -4.366     2.721   265.104   301.154    75.284   915.263    61.125   203.457
    61.500     5.137     4.432    27.625    29.052    -4.399     2.691   265.099   302.398    75.201   915.410    61.375   203.474
    61.750     5.146     4.493    27.596    29.024    -4.451     2.658   265.087   302.166    75.117   915.809    61.625   203.493
    62.000     5.027     4.422    27.569    28.996    -4.487     2.652   265.082   302.271    75.058   915.922    61.875   203.505
    62.250     5.036     4.417    27.541    28.968    -4.526     2.606   265.072   302.010    74.986   916.200    62.125   203.518
    62.500     5.169     4.496    27.514    28.940    -4.565     2.588   265.065   301.969    74.932   916.281    62.375   203.531
    62.750     4.909     4.409    27.486    28.913    -4.618     2.617   265.057   301.992    74.883   916.496    62.625   203.541
    63.000     5.138     4.473    27.458    28.886    -4.664     2.599   265.047   302.086    74.812   916.753    62.875   203.554
    63.250     4.956     4.401    27.432    28.859    -4.687     2.531   265.039   301.964    74.751   916.906    63.125   203.565
    63.500     4.814     4.396    27.405    28.832    -4.731     2.538   265.034   301.911    74.731   916.931    63.375   203.580
    63.750     4.773     4.396    27.378    28.804    -4.766     2.470   265.029   301.677    74.680   916.959    63.625   203.591
    64.000     4.709     4.415    27.346    28.775    -4.826     2.490   265.020   300.186    74.696   916.918    63.875   203.593
    64.250     4.809     4.481    27.311    28.741    -4.944     2.620   265.012   299.898    74.667   916.823    64.125   203.598
    64.500     4.814     4.499    27.269    28.706    -5.035     2.688   265.005   299.578    74.562   916.924    64.375   203.596
    64.750     4.884     4.480    27.223    28.672    -5.064     2.671   264.997   299.491    74.450   917.161    64.625   203.593
    65.000     4.937     4.459    27.184    28.642    -5.113     2.775   264.990   299.609    74.337   917.438    64.875   203.591
    65.250     5.023     4.446    27.147    28.614    -5.141     2.802   264.981   299.701    74.246   917.716    65.125   203.589
    65.500     5.094     4.432    27.115    28.588    -5.172     2.818   264.971   299.924    74.163   917.913    65.375   203.585
    65.750     5.042     4.406    27.082    28.562    -5.192     2.794   264.961   299.842    74.117   918.159    65.625   203.581
    66.000     4.987     4.422    27.060    28.537    -5.249     2.715   264.951   299.707    74.046   918.231    65.875   203.577
    66.250     4.901     4.417    27.035    28.512    -5.285     2.671   264.942   299.564    73.996   918.326    66.125   203.579
    66.500     4.891     4.412    27.004    28.487    -5.290     2.636   264.934   299.273    73.966   918.484    66.375   203.581
    66.750     4.847     4.403    26.978    28.462    -5.319     2.615   264.926   299.347    73.939   918.564    66.625   203.577
    67.000     4.853     4.406    26.950    28.436    -5.360     2.616   264.919   299.351    73.901   918.677    66.875   203.571
    67.250     4.794     4.403    26.926    28.411    -5.411     2.614   264.911   299.178    73.865   918.693    67.125   203.563
    67.500     4.787     4.399    26.900    28.385    -5.460     2.612   264.904   298.950    73.828   918.757    67.375   203.555
    67.750     4.804     4.392    26.876    28.359    -5.514     2.665   264.898   298.974    73.776   918.808    67.625   203.548
    68.000     4.804     4.387    26.851    28.333    -5.545     2.633   264.890   299.175    73.727   918.874    67.875   203.542
    68.250     4.891     4.377    26.817    28.308    -5.571     2.681   264.884   299.251    73.721   919.106    68.125   203.535
    68.500     4.887     4.380    26.791    28.282    -5.614     2.648   264.876   299.245    73.675   919.220    68.375   203.528
    68.750     4.809     4.373    26.769    28.257    -5.686     2.656   264.869   299.214    73.615   919.211    68.625   203.523
    69.000     4.983     4.371    26.734    28.231    -5.687     2.629   264.859   299.422    73.601   919.474    68.875   203.517
    69.250     4.838     4.365    26.712    28.205    -5.745     2.603   264.852   299.308    73.541   919.500    69.125   203.512
    69.500     4.887     4.363    26.681    28.180    -5.781     2.579   264.843   299.499    73.510   919.780    69.375   203.506
    69.750     4.892     4.359    26.653    28.153    -5.810     2.508   264.834   299.209    73.472   919.931    69.625   203.502
    70.000     4.844     4.356    26.625    28.127    -5.852     2.476   264.825   299.164    73.429   920.094    69.875   203.501
    70.250     4.822     4.344    26.597    28.100    -5.886     2.458   264.817   299.084    73.387   920.244    70.125   203.497
    70.500     4.746     4.345    26.575    28.074    -5.963     2.465   264.808   299.041    73.322   920.259    70.375   203.494
    70.750     4.822     4.323    26.541    28.047    -5.968     2.441   264.802   298.918    73.306   920.505    70.625   203.487
    71.000     4.767     4.330    26.514    28.021    -6.015     2.440   264.794   298.895    73.261   920.609    70.875   203.478
    71.250     4.743     4.332    26.492    27.994    -6.083     2.443   264.787   298.873    73.204   920.613    71.125   203.471
    71.500     4.740     4.328    26.466    27.968    -6.137     2.444   264.779   298.739    73.162   920.683    71.375   203.461
    71.750     4.814     4.325    26.433    27.942    -6.139     2.416   264.772   298.684    73.149   920.887    71.625   203.448
    72.000     4.747     4.321    26.410    27.916    -6.205     2.419   264.764   298.725    73.098   920.936    71.875   203.437
    72.250     4.760     4.317    26.383    27.890    -6.249     2.414   264.757   298.645    73.061   921.043    72.125   203.424
    72.500     4.707     4.312    26.357    27.864    -6.292     2.403   264.750   298.597    73.026   921.082    72.375   203.414
    72.750     4.826     4.308    26.324    27.838    -6.295     2.373   264.742   298.459    73.011   921.297    72.625   203.402
    73.000     4.719     4.304    26.298    27.812    -6.339     2.368   264.735   298.496    72.973   921.367    72.875   203.390
    73.250     4.737     4.300    26.270    27.786    -6.382     2.361   264.727   298.525    72.940   921.460    73.125   203.378
    73.500     4.766     4.295    26.243    27.760    -6.423     2.350   264.719   298.379    72.900   921.598    73.375   203.367
    73.750     4.761     4.290    26.214    27.734    -6.459     2.337   264.711   298.510    72.865   921.740    73.625   203.357
    74.000     4.713     4.286    26.188    27.708    -6.503     2.330   264.704   298.308    72.826   921.809    73.875   203.346
    74.250     4.755     4.283    26.160    27.682    -6.542     2.317   264.695   298.574    72.792   921.934    74.125   203.335
    74.500     4.732     4.270    26.132    27.656    -6.584     2.306   264.688   298.463    72.758   922.069    74.375   203.326
    74.750     4.743     4.254    26.105    27.629    -6.622     2.294   264.681   298.460    72.720   922.202    74.625   203.316
    75.000     4.730     4.270    26.078    27.603    -6.666     2.282   264.672   298.359    72.681   922.266    74.875   203.306
    75.250     4.709     4.265    26.055    27.577    -6.735     2.284   264.663   298.437    72.623   922.314    75.125   203.296
    75.500     4.788     4.251    26.019    27.551    -6.726     2.250   264.657   298.375    72.612   922.573    75.375   203.282
    75.750     4.690     4.253    25.994    27.526    -6.789     2.248   264.649   298.209    72.566   922.661    75.625   203.270
    76.000     4.730     4.249    25.967    27.500    -6.820     2.228   264.641   298.247    72.536   922.742    75.875   203.257
    76.250     4.662     4.247    25.945    27.474    -6.890     2.231   264.633   298.235    72.484   922.766    76.125   203.245
    76.500     4.707     4.242    25.916    27.448    -6.915     2.210   264.625   298.215    72.462   922.896    76.375   203.230
    76.750     4.700     4.237    25.891    27.423    -6.977     2.212   264.617   298.250    72.416   922.987    76.625   203.215
    77.000     4.684     4.235    25.864    27.397    -7.010     2.193   264.609   298.285    72.393   923.069    76.875   203.199
    77.250     4.654     4.230    25.839    27.371    -7.063     2.187   264.600   298.386    72.354   923.119    77.125   203.183
    77.500     4.666     4.226    25.812    27.346    -7.109     2.178   264.593   298.136    72.321   923.202    77.375   203.167
    77.750     4.681     4.222    25.784    27.320    -7.134     2.160   264.586   298.138    72.301   923.319    77.625   203.150
    78.000     4.624     4.218    25.758    27.294    -7.187     2.157   264.578   298.209    72.265   923.367    77.875   203.133
    78.250     4.755     4.212    25.724    27.268    -7.184     2.125   264.571   298.003    72.256   923.588    78.125   203.114
    78.500     4.589     4.208    25.701    27.242    -7.242     2.121   264.563   298.061    72.220   923.610    78.375   203.096
    78.750     4.661     4.205    25.672    27.216    -7.269     2.102   264.555   297.943    72.202   923.701    78.625   203.078
    79.000     4.640     4.202    25.648    27.190    -7.336     2.106   264.547   298.139    72.155   923.757    78.875   203.060
    79.250     4.611     4.198    25.623    27.165    -7.389     2.101   264.539   298.036    72.121   923.811    79.125   203.041
    79.500     4.629     4.108    25.582    27.139    -7.364     2.061   264.533   298.505    72.137   924.186    79.375   203.016
    79.750     4.611     4.103    25.556    27.113    -7.409     2.049   264.526   298.425    72.106   924.222    79.625   203.000
    80.000     4.652     4.098    25.527    27.087    -7.451     2.036   264.518   298.279    72.073   924.450    79.875   202.978
    80.250     4.643     4.095    25.501    27.061    -7.493     2.020   264.510   298.318    72.038   924.494    80.125   202.964
    80.500     4.692     4.145    25.473    27.036    -7.532     2.004   264.502   298.245    72.016   924.572    80.375   202.944
    80.750     4.567     4.087    25.445    27.009    -7.561     1.989   264.491   298.211    71.986   924.669    80.625   202.926
    81.000     4.628     4.083    25.417    26.983    -7.614     1.982   264.486   298.110    71.956   924.803    80.875   202.907
    81.250     4.554     4.079    25.391    26.957    -7.654     1.973   264.476   298.185    71.926   924.832    81.125   202.891
    81.500     4.632     4.076    25.363    26.931    -7.692     1.959   264.469   298.154    71.901   924.949    81.375   202.873
    81.750     4.620     4.107    25.337    26.905    -7.745     1.954   264.462   298.123    71.862   925.006    81.625   202.856
    82.000     4.584     4.130    25.310    26.879    -7.797     1.948   264.452   298.050    71.835   925.109    81.875   202.838
    82.250     4.541     4.062    25.281    26.852    -7.827     1.930   264.444   298.040    71.807   925.253    82.125   202.816
    82.500     4.561     4.058    25.254    26.825    -7.865     1.922   264.439   297.917    71.777   925.320    82.375   202.800
    82.750     4.588     4.089    25.228    26.799    -7.922     1.919   264.428   298.045    71.740   925.408    82.625   202.786
    83.000     4.628     4.052    25.198    26.772    -7.940     1.895   264.422   298.038    71.708   925.518    82.875   202.770
    83.250     4.514     4.083    25.173    26.746    -7.998     1.893   264.414   298.000    71.678   925.583    83.125   202.753
    83.500     4.553     4.077    25.145    26.720    -8.045     1.886   264.405   297.921    71.642   925.701    83.375   202.739
    83.750     4.565     4.039    25.116    26.693    -8.074     1.872   264.400   297.906    71.614   925.821    83.625   202.725
    84.000     4.561     4.035    25.088    26.666    -8.109     1.855   264.389   297.908    71.583   925.911    83.875   202.708
    84.250     4.500     4.031    25.061    26.640    -8.162     1.852   264.382   297.991    71.552   926.011    84.125   202.691
    84.500     4.650     4.100    25.034    26.613    -8.201     1.839   264.375   297.930    71.517   926.093    84.375   202.681
    84.750     4.501     4.023    25.006    26.586    -8.240     1.829   264.365   297.829    71.476   926.215    84.625   202.668
    85.000     4.481     4.020    24.979    26.560    -8.287     1.820   264.360   297.799    71.449   926.322    84.875   202.653
    85.250     4.585     4.050    24.951    26.533    -8.336     1.813   264.350   297.882    71.413   926.470    85.125   202.636
    85.500     4.535     4.011    24.922    26.506    -8.366     1.799   264.344   297.878    71.348   926.644    85.375   202.704
    85.750     4.479     4.006    24.894    26.479    -8.416     1.793   264.337   297.725    71.284   926.845    85.625   202.775
    86.000     4.587     4.038    24.868    26.453    -8.463     1.781   264.328   297.809    71.214   926.999    85.875   202.847
    86.250     4.496     3.999    24.838    26.426    -8.500     1.768   264.321   297.713    71.135   927.349    86.125   202.948
    86.500     4.503     4.039    24.812    26.399    -8.552     1.762   264.313   297.747    71.082   927.469    86.375   203.009
    86.750     4.440     3.988    24.783    26.372    -8.583     1.748   264.304   297.684    71.027   927.644    86.625   203.072
    87.000     4.206     4.040    24.761    26.345    -8.639     1.743   264.299   297.464    71.003   927.657    86.875   203.159
    87.250     4.140     4.049    24.732    26.316    -8.697     1.735   264.298   297.306    70.958   927.750    87.125   203.251
    87.500     4.239     3.993    24.696    26.285    -8.747     1.780   264.295   297.351    70.895   927.975    87.375   203.345
    87.750     4.410     4.021    24.660    26.254    -8.774     1.795   264.288   297.420    70.803   928.280    87.625   203.437
    88.000     4.486     4.034    24.628    26.224    -8.820     1.802   264.282   297.416    70.716   928.451    87.875   203.500
    88.250     4.428     4.044    24.598    26.195    -8.857     1.795   264.273   297.313    70.622   928.708    88.125   203.573
    88.500     4.482     4.009    24.567    26.166    -8.884     1.758   264.266   297.304    70.546   928.863    88.375   203.623
    88.750     4.474     3.995    24.537    26.138    -8.929     1.773   264.258   297.517    70.476   928.999    88.625   203.674
    89.000     4.504     3.989    24.508    26.111    -8.965     1.740   264.249   297.407    70.405   929.146    88.875   203.723
    89.250     4.463     3.993    24.481    26.084    -9.024     1.763   264.242   297.352    70.358  1012.500    89.125   203.754
    89.500     4.441     3.946    24.451    26.056    -9.053     1.729   264.234   297.295    70.286  1012.500    89.375   203.812
    89.750     4.431     3.943    24.424    26.029    -9.108     1.740   264.228   297.331    70.410   928.796    89.625   203.874
    90.000     4.461     3.980    24.396    26.002    -9.160     1.729   264.219   297.309    70.339   928.963    89.875   203.933
    90.250     4.482     3.968    24.367    25.975    -9.196     1.713   264.209   297.303    70.271   929.175    90.125   203.989
    90.500     4.453     3.965    24.339    25.947    -9.235     1.688   264.202   297.468    70.204   929.317    90.375   204.035
    90.750     4.435     4.007    24.317    25.920    -9.311     1.751   264.194   296.403    70.132   929.316    90.625   204.068
    91.000     4.354     4.003    24.293    25.893    -9.355     1.713   264.186   297.006    70.061   929.439    90.875   204.111
    91.250     4.441     3.999    24.262    25.865    -9.379     1.689   264.180   296.603    69.999   929.658    91.125   204.162
    91.500     4.383     3.994    24.236    25.838    -9.428     1.682   264.172   296.763    69.915   929.903    91.375   204.216
    91.750     4.434     3.990    24.206    25.811    -9.476     1.727   264.164   296.726    69.856   930.069    91.625   204.260
    92.000     4.369     3.986    24.183    25.784    -9.550     1.717   264.156   296.947    69.774   930.152    91.875   204.288
    92.250     4.429     3.981    24.152    25.756    -9.583     1.715   264.148   296.682    69.722   930.334    92.125   204.331
    92.500     4.438     3.976    24.122    25.729    -9.613     1.675   264.140   296.660    69.664   930.513    92.375   204.372
    92.750     4.326     3.973    24.100    25.702    -9.683     1.664   264.132   296.721    69.584   930.571    92.625   204.398
    93.000     4.445     3.968    24.069    25.675    -9.697     1.604   264.124   296.743    69.528   930.756    92.875   204.435
    93.250     4.367     3.965    24.039    25.648    -9.727     1.604   264.117   296.592    69.486   930.919    93.125   204.475
    93.500     4.381     3.961    24.010    25.621    -9.776     1.631   264.108   296.704    69.428   931.054    93.375   204.505
    93.750     4.346     3.957    23.984    25.593    -9.820     1.595   264.100   296.420    69.358   931.161    93.625   204.531
    94.000     4.401     3.952    23.953    25.566    -9.848     1.576   264.093   296.488    69.303   931.347    93.875   204.564
    94.250     4.375     3.948    23.924    25.539    -9.896     1.586   264.085   296.312    69.242   931.483    94.125   204.594
    94.500     4.321     3.945    23.899    25.512    -9.957     1.584   264.077   296.369    69.174   931.674    94.375   204.629
    94.750     4.382     3.897    23.863    25.484    -9.984     1.555   264.070   297.273    69.120   932.003    94.625   204.672
    95.000     4.381     3.928    23.835    25.457   -10.046     1.572   264.061   297.178    69.060   932.129    94.875   204.697
    95.250     4.349     3.897    23.806    25.430   -10.093     1.556   264.053   296.967    68.997   932.275    95.125   204.722
    95.500     4.348     3.910    23.777    25.402   -10.137     1.535   264.044   296.886    68.942   932.428    95.375   204.749
    95.750     4.328     3.888    23.748    25.375   -10.173     1.495   264.036   296.902    68.880   932.576    95.625   204.772
    96.000     4.315     3.843    23.718    25.347   -10.206     1.482   264.028   296.853    68.824   932.737    95.875   204.795
    96.250     4.363     3.873    23.691    25.319   -10.256     1.482   264.021   296.846    68.754   932.939    96.125   204.822
    96.500     4.344     3.869    23.661    25.291   -10.288     1.447   264.011   296.829    68.693   933.109    96.375   204.842
    96.750     4.255     3.909    23.641    25.264   -10.363     1.474   264.003   295.670    68.623   933.032    96.625   204.847
    97.000     4.272     3.905    23.616    25.235   -10.419     1.479   263.996   295.942    68.553   933.149    96.875   204.865
    97.250     4.295     3.900    23.582    25.207   -10.435     1.466   263.989   295.663    68.505   933.404    97.125   204.893
    97.500     4.302     3.896    23.553    25.179   -10.488     1.509   263.981   295.922    68.449   933.534    97.375   204.909
    97.750     4.282     3.892    23.526    25.151   -10.538     1.511   263.973   296.157    68.384   933.654    97.625   204.921
    98.000     4.281     3.887    23.498    25.124   -10.582     1.489   263.965   295.833    68.324   933.772    97.875   204.931
    98.250     4.287     3.883    23.470    25.096   -10.622     1.449   263.957   295.755    68.267   933.908    98.125   204.943
    98.500     4.322     3.873    23.438    25.069   -10.658     1.445   263.950   295.740    68.211   934.170    98.375   204.968
    98.750     4.230     3.875    23.417    25.041   -10.733     1.421   263.941   296.675    68.134   934.164    98.625   204.970
    99.000     4.314     3.866    23.381    25.014   -10.747     1.422   263.934   295.755    68.098   934.444    98.875   204.993
    99.250     4.251     3.866    23.355    24.986   -10.798     1.420   263.926   295.641    68.040   934.496    99.125   204.999
    99.500     4.288     3.857    23.324    24.959   -10.827     1.386   263.918   295.587    67.985   934.693    99.375   205.008
    99.750     4.205     3.858    23.298    24.931   -10.886     1.397   263.910   295.589    67.928   934.765    99.625   205.016
   100.000     4.232     3.854    23.270    24.904   -10.929     1.379   263.902   295.563    67.879   934.904    99.875   205.027
   100.250     4.222     3.851    23.245    24.876   -10.989     1.415   263.894   295.463    67.819   934.944   100.125   205.028
   100.500     4.225     3.847    23.220    24.849   -11.052     1.406   263.887   295.413    67.751   935.024   100.375   205.034
   100.750     4.279     3.801    23.181    24.822   -11.052     1.356   263.880   296.354    67.720   935.374   100.625   205.057
   101.000     4.197     3.762    23.152    24.795   -11.092     1.332   263.871   296.251    67.662   935.523   100.875   205.073
   101.250     4.355     3.827    23.124    24.768   -11.140     1.311   263.861   296.176    67.604   935.651   101.125   205.085
   101.500     4.253     3.815    23.095    24.740   -11.196     1.324   263.853   296.180    67.556   935.787   101.375   205.092
   101.750     4.163     3.753    23.065    24.712   -11.232     1.301   263.845   296.049    67.511   935.912   101.625   205.089
   102.000     4.252     3.791    23.038    24.685   -11.282     1.289   263.837   295.839    67.457   935.998   101.875   205.096
   102.250     4.191     3.780    23.009    24.657   -11.330     1.299   263.831   295.862    67.400   936.216   102.125   205.105
   102.500     4.168     3.768    22.980    24.629   -11.383     1.315   263.822   295.861    67.349   936.346   102.375   205.108
   102.750     4.227     3.799    22.952    24.601   -11.426     1.289   263.814   295.701    67.297   936.437   102.625   205.110
   103.000     4.118     3.736    22.921    24.572   -11.458     1.261   263.806   295.678    67.248   936.581   102.875   205.111
   103.250     4.195     3.764    22.894    24.544   -11.500     1.249   263.798   295.566    67.196   936.688   103.125   205.117
   103.500     4.195     3.761    22.865    24.516   -11.558     1.268   263.791   295.604    67.142   936.805   103.375   205.117
   103.750     4.157     3.798    22.843    24.488   -11.591     1.213   263.783   294.380    67.077   936.731   103.625   205.101
   104.000     4.091     3.795    22.814    24.460   -11.645     1.303   263.776   294.548    67.047   936.829   103.875   205.102
   104.250     4.133     3.790    22.784    24.432   -11.690     1.286   263.769   294.435    66.994   937.002   104.125   205.104
   104.500     4.186     3.786    22.754    24.403   -11.726     1.290   263.762   294.628    66.939   937.147   104.375   205.105
   104.750     4.069     3.784    22.735    24.376   -11.818     1.302   263.754   295.199    66.869   937.139   104.625   205.099
   105.000     4.224     3.777    22.703    24.348   -11.841     1.266   263.746   294.931    66.821   937.334   104.875   205.095
   105.250     4.100     3.775    22.674    24.321   -11.863     1.246   263.739   294.529    66.787   937.412   105.125   205.090
   105.500     4.123     3.767    22.643    24.293   -11.911     1.246   263.732   294.452    66.747   937.574   105.375   205.086
   105.750     4.126     3.765    22.616    24.265   -11.965     1.240   263.725   294.325    66.694   937.646   105.625   205.077
   106.000     4.122     3.763    22.590    24.238   -12.014     1.229   263.717   294.497    66.647   937.701   105.875   205.075
   106.250     4.154     3.750    22.560    24.210   -12.035     1.174   263.709   294.508    66.595   937.859   106.125   205.072
   106.500     4.060     3.756    22.532    24.183   -12.046     1.136   263.702   294.212    66.558   937.921   106.375   205.070
   106.750     4.096     3.752    22.503    24.155   -12.112     1.200   263.695   294.345    66.519   938.028   106.625   205.068
   107.000     4.071     3.748    22.477    24.128   -12.178     1.210   263.687   294.303    66.463   938.085   106.875   205.061
   107.250     4.118     3.745    22.452    24.100   -12.243     1.198   263.679   294.293    66.404   938.173   107.125   205.057
   107.500     4.177     3.720    22.415    24.073   -12.254     1.153   263.670   295.159    66.376   938.475   107.375   205.056
   107.750     4.080     3.717    22.385    24.046   -12.265     1.106   263.664   294.927    66.342   938.548   107.625   205.052
   108.000     4.093     3.732    22.361    24.018   -12.342     1.143   263.657   293.718    66.287   938.528   107.875   205.046
   108.250     4.103     3.729    22.334    23.991   -12.398     1.144   263.648   293.944    66.242   938.625   108.125   205.039
   108.500     4.048     3.726    22.309    23.963   -12.461     1.157   263.640   293.975    66.193   938.715   108.375   205.034
   108.750     4.082     3.715    22.278    23.936   -12.472     1.110   263.634   293.891    66.161   938.851   108.625   205.024
   109.000     4.036     3.717    22.248    23.908   -12.497     1.110   263.627   293.779    66.133   938.935   108.875   205.011
   109.250     4.040     3.715    22.221    23.881   -12.562     1.130   263.619   294.733    66.086   939.014   109.125   205.004
   109.500     4.073     3.711    22.198    23.853   -12.650     1.154   263.611   294.307    66.024   939.046   109.375   204.992
   109.750     4.064     3.707    22.169    23.826   -12.689     1.126   263.603   293.740    65.984   939.160   109.625   204.986
   110.000     4.049     3.697    22.138    23.799   -12.693     1.075   263.595   294.226    65.959   939.285   109.875   204.973
   110.250     3.983     3.702    22.112    23.771   -12.732     1.082   263.590   293.508    65.924   939.294   110.125   204.961
   110.500     3.830     3.706    22.087    23.743   -12.764     1.076   263.583   293.498    65.915   939.282   110.375   204.949
   110.750     3.815     3.698    22.051    23.713   -12.749     1.028   263.581   294.041    65.918   939.369   110.625   204.933
   111.000     3.852     3.692    22.020    23.683   -12.744     0.978   263.578   293.343    65.878   939.427   110.875   204.914
   111.250     3.980     3.695    21.986    23.653   -12.742     0.984   263.572   293.195    65.843   939.536   111.125   204.900
   111.500     3.956     3.690    21.955    23.623   -12.799     1.110   263.565   293.114    65.799   939.597   111.375   204.883
   111.750     3.970     3.685    21.928    23.594   -12.897     1.209   263.560   292.533    65.746   939.701   111.625   204.870
   112.000     3.958     3.680    21.902    23.566   -12.999     1.231   263.553   293.775    65.693   939.759   111.875   204.861
   112.250     3.966     3.673    21.870    23.538   -13.073     1.196   263.545   293.695    65.653   939.958   112.125   204.862
   112.500     4.132     3.657    21.839    23.509   -13.102     1.087   263.539   293.682    65.592   940.124   112.375   204.855
   112.750     4.000     3.658    21.815    23.483   -13.122     0.990   263.530   292.692    65.521   940.161   112.625   204.835
   113.000     3.999     3.658    21.788    23.457   -13.124     0.982   263.523   292.458    65.498   940.190   112.875   204.822
   113.250     3.974     3.656    21.759    23.430   -13.164     1.069   263.515   292.669    65.477   940.257   113.125   204.810
   113.500     3.916     3.655    21.734    23.403   -13.253     1.149   263.509   292.398    65.444   940.299   113.375   204.801
   113.750     3.967     3.614    21.702    23.376   -13.307     1.087   263.502   293.372    65.416   940.529   113.625   204.798
   114.000     4.037     3.635    21.676    23.350   -13.331     0.981   263.494   292.260    65.351   940.593   113.875   204.779
   114.250     4.012     3.639    21.651    23.324   -13.336     0.922   263.484   292.824    65.316   940.630   114.125   204.763
   114.500     3.948     3.600    21.617    23.298   -13.347     0.958   263.477   292.943    65.314   940.757   114.375   204.754
   114.750     3.881     3.569    21.591    23.271   -13.437     1.054   263.472   292.990    65.291   940.815   114.625   204.749
   115.000     4.008     3.627    21.567    23.244   -13.512     1.024   263.464   292.145    65.243   940.826   114.875   204.738
   115.250     3.968     3.620    21.541    23.218   -13.541     0.938   263.457   291.793    65.192   940.945   115.125   204.720
   115.500     4.011     3.622    21.515    23.192   -13.536     0.874   263.449   291.771    65.150   941.031   115.375   204.702
   115.750     3.932     3.620    21.486    23.167   -13.546     0.922   263.442   291.634    65.145   941.115   115.625   204.686
   116.000     3.849     3.583    21.459    23.140   -13.609     1.023   263.434   292.760    65.129   941.157   115.875   204.674
   116.250     3.928     3.617    21.433    23.113   -13.716     1.064   263.429   292.916    65.097   941.205   116.125   204.670
   116.500     3.982     3.604    21.405    23.086   -13.765     0.977   263.421   292.737    65.045   941.344   116.375   204.660
   116.750     3.984     3.597    21.379    23.060   -13.784     0.887   263.413   291.924    64.984   941.446   116.625   204.646
   117.000     3.998     3.592    21.350    23.035   -13.778     0.832   263.404   292.607    64.960   941.590   116.875   204.629
   117.250     3.926     3.563    21.321    23.009   -13.800     0.892   263.396   292.484    64.948   941.637   117.125   204.617
   117.500     3.950     3.599    21.296    22.982   -13.891     0.990   263.388   292.539    64.921   941.631   117.375   204.610
   117.750     3.801     3.562    21.272    22.955   -13.978     0.977   263.382   292.633    64.887   941.714   117.625   204.595
   118.000     3.940     3.555    21.245    22.929   -13.997     0.883   263.375   292.495    64.839   941.847   117.875   204.583
   118.250     3.968     3.583    21.222    22.904   -14.015     0.813   263.367   292.495    64.776   941.891   118.125   204.566
   118.500     3.952     3.584    21.195    22.878   -14.020     0.808   263.360   291.233    64.769   941.948   118.375   204.548
   118.750     3.825     3.585    21.170    22.852   -14.070     0.918   263.351   291.161    64.760   941.916   118.625   204.529
   119.000     3.792     3.575    21.142    22.825   -14.160     1.007   263.345   292.307    64.755   942.001   118.875   204.515
   119.250     3.880     3.571    21.116    22.798   -14.217     0.932   263.339   291.964    64.707   942.067   119.125   204.502
   119.500     3.906     3.564    21.090    22.772   -14.249     0.851   263.332   291.468    64.653   942.168   119.375   204.484
   119.750     3.969     3.564    21.061    22.747   -14.247     0.788   263.323   291.912    64.615   942.295   119.625   204.466
   120.000     3.842     3.566    21.036    22.721   -14.276     0.825   263.315   291.765    64.604   942.262   119.875   204.449
   120.250     3.775     3.497    21.004    22.694   -14.330     0.921   263.308   291.997    64.613   942.362   120.125   204.432
   120.500     3.851     3.549    20.981    22.667   -14.425     0.920   263.303   291.965    64.574   942.403   120.375   204.421
   120.750     3.891     3.549    20.956    22.641   -14.461     0.844   263.296   291.645    64.517   942.455   120.625   204.407
   121.000     3.937     3.540    20.927    22.616   -14.479     0.781   263.288   291.857    64.475   942.635   120.875   204.393
   121.250     3.940     3.544    20.902    22.591   -14.487     0.737   263.280   290.972    64.436   942.686   121.125   204.376
   121.500     3.838     3.546    20.877    22.565   -14.523     0.819   263.269   291.689    64.430   942.685   121.375   204.359
   121.750     3.794     3.546    20.853    22.539   -14.610     0.928   263.265   290.772    64.412   942.686   121.625   204.345
   122.000     3.754     3.535    20.828    22.512   -14.671     0.870   263.257   291.578    64.378   942.744   121.875   204.333
   122.250     3.869     3.529    20.800    22.487   -14.703     0.798   263.252   290.851    64.336   942.882   122.125   204.324
   122.500     3.891     3.521    20.771    22.461   -14.719     0.739   263.244   291.802    64.298   943.071   122.375   204.318
   122.750     3.941     3.518    20.741    22.437   -14.719     0.699   263.235   291.702    64.268   943.199   122.625   204.312
   123.000     3.845     3.520    20.714    22.411   -14.757     0.756   263.226   291.559    64.259   943.215   122.875   204.304
   123.250     3.747     3.513    20.690    22.384   -14.858     0.852   263.219   291.595    64.239   943.199   123.125   204.298
   123.500     3.778     3.517    20.669    22.357   -14.926     0.797   263.212   291.632    64.185   943.227   123.375   204.293
   123.750     3.877     3.510    20.638    22.330   -14.953     0.737   263.207   291.465    64.149   943.417   123.625   204.286
   124.000     3.837     3.496    20.610    22.305   -14.969     0.689   263.199   291.531    64.104   943.567   123.875   204.278
   124.250     3.854     3.471    20.583    22.280   -14.978     0.651   263.191   291.560    64.059   943.713   124.125   204.269
   124.500     3.945     3.498    20.554    22.255   -14.977     0.655   263.181   291.446    64.046   943.802   124.375   204.264
   124.750     3.834     3.499    20.527    22.228   -15.036     0.746   263.172   291.345    64.029   943.820   124.625   204.265
   125.000     3.641     3.498    20.509    22.201   -15.136     0.772   263.168   290.442    63.988   943.843   124.875   204.254
   125.250     3.804     3.486    20.481    22.175   -15.169     0.729   263.160   291.434    63.954   943.977   125.125   204.245
   125.500     3.827     3.469    20.453    22.149   -15.209     0.686   263.153   291.324    63.910   944.097   125.375   204.232
   125.750     3.830     3.488    20.431    22.124   -15.243     0.645   263.145   291.283    63.857   944.131   125.625   204.220
   126.000     3.867     3.490    20.401    22.098   -15.252     0.635   263.135   291.182    63.856   944.226   125.875   204.207
   126.250     3.663     3.447    20.372    22.071   -15.309     0.734   263.129   291.049    63.864   944.243   126.125   204.195
   126.500     3.684     3.475    20.349    22.044   -15.399     0.756   263.124   290.993    63.824   944.278   126.375   204.190
   126.750     3.776     3.450    20.321    22.017   -15.449     0.711   263.116   290.957    63.780   944.398   126.625   204.183
   127.000     3.833     3.470    20.293    21.990   -15.486     0.669   263.110   290.877    63.727   944.511   126.875   204.177
   127.250     3.791     3.465    20.267    21.964   -15.516     0.631   263.101   291.019    63.681   944.627   127.125   204.166
   127.500     3.790     3.461    20.240    21.939   -15.535     0.600   263.093   291.004    63.643   944.738   127.375   204.154
   127.750     3.762     3.464    20.216    21.914   -15.552     0.576   263.086   290.930    63.605   944.792   127.625   204.145
   128.000     3.807     3.428    20.184    21.888   -15.555     0.579   263.078   290.813    63.605   944.954   127.875   204.134
   128.250     3.721     3.451    20.159    21.861   -15.622     0.669   263.068   290.711    63.592   944.972   128.125   204.129
   128.500     3.651     3.429    20.136    21.834   -15.704     0.674   263.064   290.715    63.555   945.031   128.375   204.120
   128.750     3.785     3.443    20.108    21.807   -15.755     0.645   263.057   290.651    63.509   945.148   128.625   204.117
   129.000     3.792     3.437    20.080    21.781   -15.800     0.614   263.048   290.738    63.462   945.277   128.875   204.111
   129.250     3.768     3.415    20.053    21.755   -15.834     0.585   263.040   290.757    63.418   945.385   129.125   204.107
   129.500     3.767     3.430    20.026    21.729   -15.867     0.561   263.033   290.702    63.384   945.509   129.375   204.100
   129.750     3.734     3.418    20.000    21.704   -15.888     0.543   263.025   290.688    63.351   945.619   129.625   204.094
   130.000     3.744     3.432    19.977    21.678   -15.915     0.530   263.017   290.237    63.310   945.657   129.875   204.085
   130.250     3.723     3.430    19.950    21.652   -15.936     0.523   263.010   290.702    63.292   945.764   130.125   204.074
   130.500     3.685     3.436    19.929    21.626   -15.982     0.535   263.002   290.711    63.254   945.782   130.375   204.065
   130.750     3.728     3.423    19.896    21.599   -16.032     0.590   262.995   290.372    63.260   945.908   130.625   204.057
   131.000     3.665     3.419    19.870    21.572   -16.106     0.599   262.987   290.363    63.223   945.977   130.875   204.051
   131.250     3.731     3.420    19.843    21.545   -16.169     0.587   262.981   290.266    63.180   946.073   131.125   204.045
   131.500     3.709     3.419    19.818    21.518   -16.226     0.577   262.974   289.524    63.131   946.126   131.375   204.036
   131.750     3.713     3.407    19.787    21.491   -16.265     0.570   262.966   290.492    63.104   946.279   131.625   204.029
   132.000     3.727     3.403    19.759    21.464   -16.309     0.561   262.959   290.495    63.065   946.387   131.875   204.026
   132.250     3.721     3.405    19.732    21.438   -16.354     0.550   262.952   289.720    63.028   946.457   132.125   204.021
   132.500     3.695     3.406    19.708    21.412   -16.402     0.544   262.944   289.993    62.983   946.527   132.375   204.014
   132.750     3.685     3.395    19.678    21.385   -16.433     0.543   262.937   290.663    62.963   946.661   132.625   204.010
   133.000     3.694     3.372    19.649    21.358   -16.479     0.541   262.930   290.637    62.927   946.759   132.875   204.006
   133.250     3.721     3.397    19.625    21.332   -16.538     0.532   262.921   289.910    62.880   946.782   133.125   204.001
   133.500     3.693     3.389    19.597    21.305   -16.583     0.528   262.912   290.713    62.849   946.933   133.375   203.995
   133.750     3.604     3.389    19.572    21.279   -16.631     0.507   262.907   290.684    62.817   947.101   133.625   203.989
   134.000     3.612     3.387    19.543    21.252   -16.673     0.478   262.902   290.737    62.792   947.287   133.875   203.981
   134.250     3.671     3.380    19.514    21.225   -16.692     0.449   262.896   290.921    62.745   947.502   134.125   203.975
   134.500     3.783     3.382    19.484    21.199   -16.686     0.424   262.883   290.941    62.695   947.647   134.375   203.968
   134.750     3.783     3.381    19.456    21.172   -16.656     0.418   262.874   290.762    62.670   947.764   134.625   203.959
   135.000     3.633     3.384    19.436    21.146   -16.686     0.449   262.868   290.127    62.656   947.810   134.875   203.950
   135.250     3.500     3.388    19.418    21.118   -16.760     0.485   262.863   289.834    62.651   947.790   135.125   203.940
   135.500     3.565     3.390    19.393    21.089   -16.841     0.510   262.855   289.918    62.637   947.773   135.375   203.929
   135.750     3.573     3.389    19.363    21.059   -16.939     0.569   262.848   289.885    62.619   947.792   135.625   203.917
   136.000     3.545     3.378    19.332    21.029   -17.054     0.622   262.842   289.058    62.594   947.866   135.875   203.905
   136.250     3.573     3.370    19.303    20.999   -17.150     0.580   262.835   289.537    62.540   947.980   136.125   203.891
   136.500     3.635     3.361    19.271    20.971   -17.219     0.530   262.828   289.992    62.487   948.145   136.375   203.878
   136.750     3.664     3.353    19.241    20.944   -17.256     0.483   262.822   290.168    62.428   948.404   136.625   203.863
   137.000     3.743     3.356    19.211    20.918   -17.246     0.446   262.815   289.964    62.383   948.478   136.875   203.848
   137.250     3.639     3.357    19.190    20.892   -17.252     0.447   262.805   289.905    62.346   948.523   137.125   203.833
   137.500     3.537     3.323    19.160    20.865   -17.251     0.458   262.800   289.618    62.365   948.614   137.375   203.817
   137.750     3.534     3.337    19.135    20.839   -17.287     0.458   262.795   289.458    62.336   948.646   137.625   203.801
   138.000     3.609     3.321    19.107    20.813   -17.339     0.443   262.788   289.655    62.297   948.758   137.875   203.786
   138.250     3.799     3.341    19.075    20.787   -17.356     0.427   262.778   289.380    62.267   948.836   138.125   203.771
   138.500     3.497     3.343    19.059    20.762   -17.430     0.438   262.772   288.428    62.226   948.787   138.375   203.757
   138.750     3.562     3.335    19.033    20.735   -17.470     0.440   262.764   289.603    62.216   948.853   138.625   203.742
   139.000     3.582     3.319    19.003    20.709   -17.518     0.430   262.759   289.557    62.193   949.008   138.875   203.728
   139.250     3.700     3.322    18.973    20.684   -17.561     0.410   262.750   289.700    62.152   949.110   139.125   203.716
   139.500     3.677     3.302    18.945    20.658   -17.585     0.406   262.740   289.494    62.131   949.198   139.375   203.701
   139.750     3.523     3.293    18.922    20.632   -17.637     0.414   262.732   289.521    62.116   949.207   139.625   203.688
   140.000     3.571     3.317    18.899    20.607   -17.688     0.408   262.726   289.572    62.076   949.253   139.875   203.677
   140.250     3.622     3.310    18.871    20.581   -17.746     0.391   262.718   289.740    62.027   949.435   140.125   203.719
   140.500     3.719     3.315    18.841    20.555   -17.763     0.375   262.709   288.608    61.976   949.564   140.375   203.780
   140.750     3.455     3.254    18.818    20.529   -17.799     0.390   262.700   289.573    61.948   949.675   140.625   203.863
   141.000     3.550     3.308    18.794    20.502   -17.835     0.391   262.697   288.624    61.899   949.756   140.875   203.905
   141.250     3.533     3.304    18.769    20.476   -17.879     0.387   262.690   288.891    61.840   949.852   141.125   203.942
   141.500     3.697     3.299    18.736    20.450   -17.911     0.376   262.680   289.204    61.786   950.059   141.375   204.023
   141.750     3.503     3.284    18.712    20.424   -17.969     0.391   262.671   289.212    61.755   950.110   141.625   204.085
   142.000     3.508     3.280    18.686    20.397   -18.027     0.396   262.666   289.093    61.700   950.224   141.875   204.151
   142.250     3.581     3.275    18.658    20.371   -18.094     0.383   262.659   289.268    61.635   950.398   142.125   204.216
   142.500     3.608     3.269    18.630    20.346   -18.150     0.364   262.651   289.478    61.571   950.594   142.375   204.283
   142.750     3.699     3.286    18.600    20.320   -18.158     0.349   262.640   289.102    61.526   950.696   142.625   204.334
   143.000     3.458     3.288    18.579    20.293   -18.198     0.362   262.632   289.146    61.491   950.726   142.875   204.384
   143.250     3.482     3.276    18.553    20.267   -18.240     0.365   262.627   288.999    61.434   950.869   143.125   204.446
   143.500     3.565     3.270    18.525    20.240   -18.292     0.356   262.620   289.190    61.370   951.047   143.375   204.505
   143.750     3.604     3.253    18.496    20.215   -18.339     0.341   262.612   289.314    61.307   951.227   143.625   204.563
   144.000     3.597     3.277    18.469    20.188   -18.368     0.341   262.600   289.129    61.278   951.297   143.875   204.612
   144.250     3.413     3.247    18.446    20.161   -18.418     0.355   262.595   289.031    61.238   951.353   144.125   204.650
   144.500     3.528     3.262    18.419    20.134   -18.464     0.352   262.588   288.958    61.180   951.487   144.375   204.701
   144.750     3.556     3.247    18.391    20.108   -18.518     0.340   262.581   289.113    61.114   951.652   144.625   204.750
   145.000     3.575     3.231    18.362    20.082   -18.565     0.324   262.573   289.299    61.052   951.833   144.875   204.802
   145.250     3.581     3.203    18.333    20.055   -18.585     0.321   262.563   288.930    61.023   951.919   145.125   204.844
   145.500     3.428     3.263    18.314    20.029   -18.645     0.334   262.555   289.016    60.980   951.894   145.375   204.862
   145.750     3.478     3.249    18.285    20.002   -18.688     0.333   262.550   288.890    60.929   952.076   145.625   204.922
   146.000     3.543     3.243    18.256    19.975   -18.743     0.323   262.541   289.117    60.865   952.233   145.875   204.966
   146.250     3.558     3.229    18.228    19.949   -18.791     0.310   262.534   289.125    60.803   952.400   146.125   205.010
   146.500     3.597     3.252    18.199    19.922   -18.814     0.306   262.522   288.898    60.773   952.472   146.375   205.049
   146.750     3.359     3.220    18.176    19.895   -18.862     0.316   262.518   288.629    60.731   952.513   146.625   205.079
   147.000     3.507     3.235    18.148    19.868   -18.909     0.313   262.510   288.658    60.672   952.654   146.875   205.121
   147.250     3.533     3.230    18.120    19.841   -18.963     0.305   262.502   288.868    60.611   952.813   147.125   205.157
   147.500     3.530     3.225    18.092    19.815   -19.015     0.295   262.494   288.957    60.551   952.956   147.375   205.189
   147.750     3.539     3.211    18.064    19.789   -19.054     0.283   262.486   289.041    60.498   953.093   147.625   205.227
   148.000     3.483     3.208    18.037    19.761   -19.078     0.290   262.475   288.791    60.487   953.128   147.875   205.245
   148.250     3.430     3.233    18.015    19.734   -19.118     0.298   262.471   287.661    60.437   953.150   148.125   205.246
   148.500     3.450     3.230    17.988    19.706   -19.165     0.305   262.462   288.722    60.390   953.253   148.375   205.265
   148.750     3.478     3.222    17.960    19.679   -19.221     0.305   262.455   288.712    60.335   953.386   148.625   205.294
   149.000     3.496     3.201    17.930    19.653   -19.289     0.297   262.447   288.771    60.283   953.546   148.875   205.324
   149.250     3.511     3.207    17.903    19.627   -19.346     0.285   262.439   288.742    60.231   953.666   149.125   205.350
   149.500     3.489     3.196    17.875    19.601   -19.386     0.272   262.431   288.736    60.183   953.784   149.375   205.381
   149.750     3.490     3.214    17.849    19.573   -19.399     0.272   262.420   288.493    60.169   953.786   149.625   205.379
   150.000     3.397     3.206    17.822    19.546   -19.428     0.284   262.413   288.529    60.133   953.894   149.875   205.391
