  1000.000     8.102     4.458     0.000     0.747    -1.784    -1.707     2.944     0.000     0.000     0.000     0.000     0.000     0.000   337.745     0.000   0.00E+00    -1.862     0.505   281.247
   950.000     4.007     4.298     0.001     0.927     2.811    -1.471    -1.017     0.000    11.392     0.000   -11.657     0.000     0.000   337.734     0.000   0.00E+00    -4.241     0.546   277.165
   900.000     0.543     3.207    -0.283     0.784     1.589    -1.705     0.000     0.000    11.392     0.000    -6.734     0.000     1.434   331.652     0.001   0.66E-01    -1.997     0.573   273.222
   850.000    -3.060     2.423     0.208     0.740     1.487    -1.606     0.000     0.000    10.531    -1.434    -7.291     1.586     0.849   328.691     0.011   0.14E+00    -1.061     0.609   270.472
   800.000    -6.501     1.608     0.382     0.672     1.541    -1.662     0.000     0.000     9.784    -0.846    -6.246     1.211     0.416   326.223     0.007   0.23E+00    -0.250     0.642   267.440
   750.000   -10.032     0.923     0.363     0.595     1.546    -1.669     0.000     0.000     9.449    -0.218    -5.832     0.992     0.278   324.652     0.002   0.19E+00     0.287     0.669   264.075
   700.000   -13.767     0.482     0.257     0.530     1.524    -1.650     0.000     0.000     9.337    -0.015    -5.566     0.948     0.272   323.771     0.001   0.16E+00     0.602     0.688   260.318
   650.000   -18.011     0.251     0.113     0.477     1.473    -1.601     0.000     0.000     9.232    -0.016    -5.241     0.899     0.262   323.373     0.000   0.12E+00     0.759     0.699   256.108
   600.000   -22.768     0.131    -0.069     0.431     1.400    -1.532     0.000     0.000     9.170    -0.018    -4.711     0.923     0.243   323.261     0.000   0.10E+00     0.812     0.702   251.378
   550.000   -28.078     0.070    -0.210     0.404     1.329    -1.465     0.000     0.000     9.208    -0.022    -4.010     1.002     0.185   323.423     0.000   0.11E+00     0.757     0.694   246.066
   500.000   -33.971     0.041    -0.267     0.407     1.338    -1.479     0.000     0.000     9.372    -0.016    -3.145     1.100     0.148   323.844     0.001   0.78E-01     0.637     0.674   240.113
   450.000   -40.508     0.027    -0.249     0.448     1.420    -1.567     0.000     0.000     9.280     0.000    -2.184     1.162     0.576   324.292     0.029   0.25E+00     0.534     0.640   233.466
   400.000   -47.801     0.020    -0.226     0.491     1.415    -1.569     0.000     0.000     9.119     0.000    -1.343     1.298     0.889   324.789     0.066   0.25E+00     0.464     0.583   226.066
   350.000   -55.969     0.017    -0.172     0.540     1.363    -1.524     0.000     0.000     8.455     0.000    -0.760     1.577     1.789   325.584     0.082   0.19E+00     0.366     0.520   217.829
   300.000   -65.090     0.011    -0.170     0.598     1.178    -1.346     0.000     0.000     4.955     0.000    -0.381     0.811     4.048   326.570     0.139   0.14E+00     0.289     0.439   208.612
   250.000   -72.696     0.004    -0.556     0.702     0.913    -1.079     0.000     0.000     2.804     0.000    -0.161     0.446     2.444   328.022     0.245   0.93E-01     0.190     0.340   198.084
   200.000   -69.315     0.001    -4.000     0.467     0.616    -0.736     0.000     0.000     1.416     0.000    -0.053     0.214     1.524   334.008     0.123   0.57E-01     0.083     0.254   185.248
   150.000   -69.536     0.001    -4.000     0.404     0.335    -0.413     0.000     0.000     0.543     0.000    -0.013     0.084     0.929   344.483     0.115   0.28E-01    -0.000     0.168   168.637
   100.000   -68.163     0.001    -4.000     0.258     0.050    -0.061     0.000     0.000     0.000     0.000    -0.000     0.000     0.543   364.259     0.059   0.37E-02    -0.000     0.078   145.304
    80.000   -65.211     0.001    -4.000     0.022     0.000     0.027     0.000     0.000     0.000     0.000     0.000     0.000     0.000   380.885     0.000   0.00E+00     0.000     0.000     0.000
    60.000   -58.116     0.001     0.000     0.007     0.000     0.050     0.000     0.000     0.000     0.000     0.000     0.000     0.000   405.354     0.000   0.00E+00     0.000     0.000     0.000
    40.000   -48.598     0.001     0.000     0.002     0.000     0.082     0.000     0.000     0.000     0.000     0.000     0.000     0.000   439.198     0.000   0.00E+00     0.000     0.000     0.000
    30.000   -41.152     0.001     0.000     0.001     0.000     0.107     0.000     0.000     0.000     0.000     0.000     0.000     0.000   464.358     0.000   0.00E+00     0.000     0.000     0.000
    25.000   -26.422     0.001     0.000     0.000     0.000     0.155     0.000     0.000     0.000     0.000     0.000     0.000     0.000   489.465     0.000   0.00E+00    -0.001     0.000     0.000
