  1000.000     2.982     2.987     0.000     0.648    -1.410    -1.026     2.659     0.000     0.000     0.000     0.000     0.000     0.000   293.950     0.000   0.00E+00    -0.786     0.291   276.088
   950.000    -1.115     2.827     0.001     0.823     0.583    -1.474     0.600     0.000    18.724     0.000   -14.907     0.000     0.000   293.952     0.000   0.00E+00    -1.325     0.323   272.079
   900.000    -4.901     2.005    -0.090     0.735     1.455    -1.490     0.000     0.000    18.723     0.000   -13.363     0.000     1.988   290.494     0.003   0.72E-01    -0.427     0.354   268.205
   850.000    -8.458     1.339     0.352     0.650     1.493    -1.529     0.000     0.000    17.472    -1.988    -9.775     2.445     2.245   289.171     0.037   0.25E+00     0.144     0.387   265.162
   800.000   -12.114     0.843     0.550     0.544     1.569    -1.607     0.000     0.000    16.018    -2.245    -7.205     2.679     1.481   287.796     0.015   0.24E+00     0.558     0.418   261.814
   750.000   -15.884     0.463     0.522     0.411     1.547    -1.586     0.000     0.000    14.754    -1.479    -5.790     2.077     0.596   288.535     0.003   0.17E+00     0.787     0.440   258.118
   700.000   -19.916     0.247     0.359     0.304     1.456    -1.495     0.000     0.000    14.305    -0.563    -4.833     1.823     0.495   287.693     0.000   0.12E+00     0.802     0.451   254.028
   650.000   -24.390     0.123     0.186     0.235     1.323    -1.364     0.000     0.000    13.989    -0.455    -4.043     1.693     0.408   288.413     0.000   0.96E-01     0.709     0.451   249.501
   600.000   -29.267     0.058     0.003     0.194     1.146    -1.189     0.000     0.000    13.814    -0.368    -3.210     1.616     0.445   289.568     0.000   0.79E-01     0.557     0.441   244.495
   550.000   -34.635     0.025    -0.156     0.161     0.798    -0.842     0.000     0.000    13.745    -0.409    -2.384     1.830     0.077   289.995     0.000   0.69E-01     0.399     0.422   238.972
   500.000   -40.673     0.019    -0.217     0.191     0.662    -0.709     0.000     0.000    14.565    -0.049    -1.497     2.356     0.024   290.408     0.001   0.46E-01     0.246     0.392   232.899
   450.000   -47.338     0.016    -0.204     0.292     0.631    -0.681     0.000     0.000    16.273     0.000    -0.735     3.311     0.180   290.687     0.020   0.92E-01     0.131     0.352   226.234
   400.000   -54.653     0.014    -0.196     0.473     0.517    -0.570     0.000     0.000    20.151     0.000    -0.289     5.897     0.743   291.066     0.092   0.86E-01     0.067     0.301   218.915
   350.000   -62.741     0.013    -0.173     0.844     0.463    -0.518    -0.000     0.000     5.975     0.000    -0.088     1.205    14.888   291.259     0.299   0.40E-01     0.022     0.242   210.844
   300.000   -71.320     0.004    -0.392     0.937     0.176    -0.234     0.000     0.000     1.451     0.000    -0.026     0.274     4.733   291.339     0.404   0.20E-01     0.006     0.129   201.854
   250.000   -74.967     0.003    -4.000     0.986     0.078    -0.130     0.000     0.000     0.476     0.000    -0.004     0.098     1.050   295.843     0.370   0.73E-02     0.001     0.049   191.500
   200.000   -73.595     0.001    -4.000     0.259     0.018    -0.053     0.000     0.000     0.014     0.000    -0.000     0.000     0.462   308.880     0.040   0.64E-03    -0.000     0.021   178.883
   150.000   -74.150     0.001    -4.000     0.148    -0.001    -0.016     0.000     0.000     0.000     0.000    -0.000     0.000     0.014   324.742     0.000   0.96E-05    -0.000     0.002   162.635
   100.000   -72.282     0.001    -4.000     0.070     0.000     0.001     0.000     0.000     0.000     0.000     0.000     0.000     0.000   349.492     0.000   0.00E+00     0.000     0.000   139.802
    80.000   -68.806     0.001    -4.000     0.036     0.000     0.006     0.000     0.000     0.000     0.000     0.000     0.000     0.000   364.691     0.000   0.00E+00     0.000     0.000     0.000
    60.000   -61.054     0.001     0.000     0.010     0.000     0.017     0.000     0.000     0.000     0.000     0.000     0.000     0.000   389.328     0.000   0.00E+00     0.000     0.000     0.000
    40.000   -50.762     0.001     0.000     0.002     0.000     0.032     0.000     0.000     0.000     0.000     0.000     0.000     0.000   424.683     0.000   0.00E+00     0.000     0.000     0.000
    30.000   -42.491     0.001     0.000     0.001     0.000     0.043     0.000     0.000     0.000     0.000     0.000     0.000     0.000   450.482     0.000   0.00E+00     0.000     0.000     0.000
    25.000   -26.079     0.001     0.000     0.000     0.000     0.068     0.000     0.000     0.000     0.000     0.000     0.000     0.000   478.236     0.000   0.00E+00    -0.001     0.000     0.000
