  1000.000     2.981     2.986     0.000     0.620    -1.269    -0.786     2.552     0.000     0.000     0.000     0.000     0.000     0.000   285.347     0.000   0.00E+00    -0.515     0.248   276.087
   950.000    -1.116     2.827     0.001     0.795    -0.257    -1.394     1.157     0.000    21.249     0.000   -17.155     0.000     0.000   285.388     0.000   0.00E+00    -0.834     0.277   272.079
   900.000    -4.901     2.007     0.036     0.723     1.424    -1.423     0.000     0.000    21.249     0.000   -15.161     0.000     2.039   282.227     0.005   0.11E+00    -0.233     0.312   268.203
   850.000    -8.456     1.341     0.440     0.625     1.505    -1.505     0.000     0.000    19.892    -2.039   -10.243     2.633     2.689   281.656     0.042   0.28E+00     0.230     0.346   265.160
   800.000   -12.109     0.850     0.625     0.515     1.599    -1.600     0.000     0.000    18.215    -2.680    -7.125     3.162     2.020   280.514     0.020   0.24E+00     0.527     0.375   261.812
   750.000   -15.899     0.484     0.599     0.376     1.575    -1.577     0.000     0.000    16.492    -2.010    -5.309     2.420     0.819   281.123     0.007   0.16E+00     0.685     0.394   258.116
   700.000   -19.967     0.234     0.418     0.261     1.476    -1.479     0.000     0.000    15.837    -0.806    -4.082     2.094     0.675   280.516     0.005   0.12E+00     0.649     0.400   254.027
   650.000   -24.379     0.108     0.229     0.193     1.328    -1.333     0.000     0.000    15.360    -0.664    -3.157     1.946     0.526   281.777     0.007   0.93E-01     0.531     0.393   249.500
   600.000   -29.236     0.055     0.024     0.155     1.123    -1.129     0.000     0.000    15.089    -0.517    -2.310     1.815     0.587   283.020     0.008   0.74E-01     0.374     0.377   244.493
   550.000   -34.629     0.025    -0.163     0.116     0.660    -0.668     0.000     0.000    14.943    -0.575    -1.604     2.084     0.035   283.202     0.009   0.50E-01     0.245     0.354   238.970
   500.000   -40.675     0.020    -0.240     0.154     0.493    -0.504     0.000     0.000    16.093    -0.024    -0.886     2.834     0.022   283.386     0.010   0.34E-01     0.133     0.322   232.897
   450.000   -47.340     0.017    -0.266     0.250     0.417    -0.430     0.000     0.000    18.589    -0.004    -0.346     4.159     0.028   283.634     0.013   0.29E-01     0.060     0.283   226.232
   400.000   -54.655     0.014    -0.291     0.453     0.309    -0.323     0.000     0.000    25.214    -0.003    -0.127     8.389     0.189   283.691     0.075   0.20E-01     0.011     0.240   218.913
   350.000   -62.738     0.013    -0.300     0.984     0.299    -0.317    -0.000     0.000     2.912    -0.002    -0.003     0.384    22.445   283.776     0.434   0.25E-02    -0.000     0.192   210.842
   300.000   -71.320     0.004    -0.730     1.000     0.009    -0.029     0.000     0.000     0.007    -0.000    -0.000     0.000     2.905   283.946     0.471   0.61E-03    -0.000     0.060   201.852
   250.000   -74.973     0.003    -4.000     1.000     0.000    -0.015     0.000     0.000     0.000     0.000    -0.000     0.000     0.007   290.515     0.212   0.11E-05    -0.000     0.000   191.498
   200.000   -73.604     0.001    -4.000     0.208     0.000    -0.002     0.000     0.000     0.000     0.000     0.000     0.000     0.000   304.239     0.000   0.00E+00     0.000     0.000   178.881
   150.000   -74.163     0.001    -4.000     0.173     0.000    -0.002     0.000     0.000     0.000     0.000     0.000     0.000     0.000   320.221     0.000   0.00E+00     0.000     0.000   162.634
   100.000   -72.318     0.001    -4.000     0.090     0.000     0.001     0.000     0.000     0.000     0.000     0.000     0.000     0.000   344.852     0.000   0.00E+00     0.000     0.000   139.804
    80.000   -68.844     0.001    -4.000     0.045     0.000     0.005     0.000     0.000     0.000     0.000     0.000     0.000     0.000   360.180     0.000   0.00E+00     0.000     0.000     0.000
    60.000   -61.062     0.001     0.000     0.012     0.000     0.014     0.000     0.000     0.000     0.000     0.000     0.000     0.000   385.212     0.000   0.00E+00     0.000     0.000     0.000
    40.000   -50.762     0.001     0.000     0.002     0.000     0.027     0.000     0.000     0.000     0.000     0.000     0.000     0.000   420.388     0.000   0.00E+00     0.000     0.000     0.000
    30.000   -42.485     0.001     0.000     0.001     0.000     0.037     0.000     0.000     0.000     0.000     0.000     0.000     0.000   447.116     0.000   0.00E+00     0.000     0.000     0.000
    25.000   -26.049     0.001     0.000     0.000     0.000     0.058     0.000     0.000     0.000     0.000     0.000     0.000     0.000   475.776     0.000   0.00E+00    -0.001     0.000     0.000
