     0.250     2.448     7.245    39.704    39.761     6.288     9.590   268.758   295.930    76.110   907.425     0.125   206.596
     0.500    11.687     7.094    39.110    39.452     6.619     9.179   268.744   298.905    76.353   906.124     0.375   207.479
     0.750    12.853     6.883    38.659    39.174     7.032     8.760   268.706   302.125    76.161   906.149     0.625   208.228
     1.000    15.680     6.739    38.280    38.921     7.663     8.281   268.638   306.134    75.985   906.187     0.875   208.868
     1.250    15.238     6.521    38.007    38.706     8.274     7.874   268.560   310.363    75.593   906.936     1.125   209.357
     1.500    12.944     6.322    37.852    38.543     8.899     7.513   268.492   313.175    75.050   908.218     1.375   209.704
     1.750    15.606     6.265    37.677    38.397     9.959     7.044   268.390   316.317    75.119   913.614     1.625   209.955
     2.000    12.290     6.136    37.579    38.283    10.738     6.770   268.314   317.686    75.014   918.830     1.875   210.003
     2.250    10.073     5.939    37.534    38.202    11.188     6.691   268.261   317.689    74.784   921.818     2.125   209.913
     2.500     7.584     5.913    37.541    38.145    11.144     6.921   268.234   317.325    74.693   922.359     2.375   209.766
     2.750     7.163     5.887    37.520    38.098    11.074     7.113   268.212   317.053    74.655   922.785     2.625   209.697
     3.000     7.122     5.878    37.493    38.055    11.001     7.274   268.192   316.911    74.671   923.111     2.875   209.620
     3.250     6.488     5.870    37.480    38.019    10.854     7.446   268.184   316.535    74.672   922.834     3.125   209.483
     3.500     6.558     5.870    37.457    37.983    10.754     7.556   268.174   316.311    74.732   922.622     3.375   209.328
     3.750     6.109     5.878    37.440    37.947    10.611     7.682   268.166   316.021    74.795   922.006     3.625   209.184
     4.000     6.216     5.886    37.405    37.909    10.469     7.809   268.162   315.618    74.919   921.730     3.875   209.057
     4.250     6.090     5.885    37.372    37.871    10.298     7.939   268.158   315.260    74.981   921.365     4.125   208.941
     4.500     6.171     5.881    37.335    37.832    10.144     8.049   268.154   315.030    75.020   921.057     4.375   208.862
     4.750     5.894     5.881    37.307    37.794    10.027     8.129   268.149   314.789    75.042   920.055     4.625   208.709
     5.000     6.315     5.879    37.253    37.753     9.995     8.172   268.143   314.341    75.154   919.830     4.875   208.551
     5.250     6.747     5.871    37.195    37.710     9.979     8.222   268.133   313.866    75.215   919.772     5.125   208.480
     5.500     6.635     5.858    37.151    37.669     9.877     8.312   268.124   313.583    75.231   919.836     5.375   208.403
     5.750     6.370     5.849    37.116    37.633     9.770     8.390   268.117   312.862    75.247   919.461     5.625   208.282
     6.000     6.541     5.843    37.072    37.596     9.700     8.444   268.111   312.612    75.309   919.294     5.875   208.135
     6.250     6.378     5.834    37.037    37.560     9.637     8.499   268.104   313.052    75.299   918.624     6.125   207.977
     6.500     6.620     5.826    36.990    37.525     9.580     8.555   268.095   312.932    75.373   918.582     6.375   207.843
     6.750     6.982     6.040    36.952    37.486     9.610     8.605   268.078   312.238    75.349   917.811     6.625   207.706
     7.000     6.635     6.018    36.918    37.450     9.490     8.763   268.069   312.311    75.324   917.811     6.875   207.571
     7.250     6.752     5.876    36.881    37.416     9.407     8.867   268.060   312.318    75.339   917.912     7.125   207.450
     7.500     6.696     5.780    36.829    37.386     9.401     8.912   268.056   312.818    75.494   918.292     7.375   207.354
     7.750     6.845     5.771    36.793    37.357     9.316     8.971   268.048   312.795    75.517   918.292     7.625   207.284
     8.000     7.067     5.979    36.778    37.328     9.188     9.049   268.033   312.349    75.401   917.653     7.875   207.179
     8.250     6.680     5.759    36.727    37.301     9.180     9.040   268.028   312.862    75.585   918.218     8.125   207.088
     8.500     6.883     5.836    36.713    37.273     9.052     9.095   268.013   312.535    75.474   917.563     8.375   206.997
     8.750     6.779     5.749    36.665    37.248     9.070     9.051   268.006   313.085    75.650   917.946     8.625   206.903
     9.000     6.766     5.821    36.647    37.224     8.957     9.073   267.999   313.194    75.583   917.371     8.875   206.833
     9.250     6.935     5.942    36.628    37.198     8.845     9.105   267.986   312.627    75.526   916.902     9.125   206.731
     9.500     6.837     5.731    36.576    37.173     8.839     9.061   267.979   313.292    75.730   917.731     9.375   206.672
     9.750     6.727     5.731    36.547    37.149     8.827     9.017   267.967   312.703    75.767   917.391     9.625   206.590
    10.000     6.894     5.927    36.540    37.125     8.673     9.060   267.955   312.840    75.620   916.513     9.875   206.528
    10.250     6.719     5.929    36.513    37.100     8.602     9.051   267.945   312.880    75.685   916.455    10.125   206.452
    10.500     6.318     5.928    36.484    37.075     8.552     9.033   267.938   312.555    75.735   915.905    10.375   206.361
    10.750     6.397     5.925    36.453    37.047     8.497     9.004   267.931   312.295    75.785   915.492    10.625   206.271
    11.000     6.471     5.834    36.405    37.019     8.546     8.888   267.921   312.209    75.938   915.415    10.875   206.198
    11.250     6.435     5.877    36.379    36.991     8.469     8.896   267.911   312.184    75.853   914.624    11.125   206.121
    11.500     6.304     5.888    36.360    36.967     8.314     8.937   267.905   311.204    75.811   914.156    11.375   206.030
    11.750     6.603     5.883    36.329    36.941     8.251     8.856   267.897   311.232    75.851   914.125    11.625   205.952
    12.000     6.665     5.881    36.293    36.914     8.231     8.793   267.887   311.164    75.912   914.033    11.875   205.866
    12.250     6.501     5.880    36.265    36.888     8.201     8.725   267.880   310.999    75.938   913.752    12.125   205.795
    12.500     6.735     5.891    36.233    36.862     8.164     8.678   267.870   311.067    75.980   913.742    12.375   205.732
    12.750     6.645     5.886    36.203    36.836     8.130     8.641   267.862   310.817    76.018   913.579    12.625   205.645
    13.000     6.728     5.881    36.173    36.809     8.096     8.605   267.853   310.777    76.060   913.546    12.875   205.550
    13.250     6.588     5.875    36.145    36.785     8.065     8.572   267.842   310.953    76.098   913.379    13.125   205.452
    13.500     6.739     5.789    36.110    36.759     8.064     8.518   267.833   310.748    76.187   913.505    13.375   205.355
    13.750     6.785     5.863    36.090    36.734     7.967     8.534   267.823   310.759    76.153   913.295    13.625   205.258
    14.000     6.674     5.859    36.063    36.710     7.933     8.511   267.813   310.798    76.188   913.155    13.875   205.160
    14.250     6.595     5.845    36.038    36.687     7.902     8.486   267.804   310.706    76.219   912.917    14.125   205.066
    14.500     6.450     5.830    36.014    36.665     7.869     8.465   267.795   310.537    76.226   912.515    14.375   204.987
    14.750     6.657     5.834    35.987    36.642     7.833     8.444   267.786   310.488    76.272   912.399    14.625   204.921
    15.000     6.681     5.782    35.952    36.618     7.832     8.389   267.776   310.683    76.365   912.546    14.875   204.866
    15.250     6.561     5.839    35.934    36.595     7.739     8.400   267.766   310.747    76.333   912.174    15.125   204.804
    15.500     6.649     5.841    35.906    36.571     7.716     8.362   267.757   310.744    76.384   912.026    15.375   204.738
    15.750     6.692     5.776    35.878    36.547     7.658     8.344   267.747   310.678    76.409   912.083    15.625   204.664
    16.000     6.573     5.833    35.853    36.523     7.641     8.303   267.738   310.662    76.449   911.759    15.875   204.586
    16.250     6.792     5.828    35.826    36.499     7.584     8.289   267.729   310.503    76.472   911.793    16.125   204.513
    16.500     6.611     5.825    35.799    36.475     7.565     8.252   267.719   310.503    76.517   911.605    16.375   204.437
    16.750     6.705     5.819    35.774    36.452     7.506     8.238   267.708   310.646    76.529   911.642    16.625   204.388
    17.000     6.622     5.812    35.747    36.428     7.477     8.217   267.699   310.529    76.568   911.515    16.875   204.328
    17.250     6.545     5.736    35.717    36.405     7.456     8.181   267.689   310.561    76.632   911.527    17.125   204.254
    17.500     6.696     5.747    35.693    36.381     7.389     8.180   267.679   310.515    76.636   911.445    17.375   204.200
    17.750     6.578     5.802    35.668    36.358     7.365     8.153   267.671   310.285    76.666   911.113    17.625   204.134
    18.000     6.631     5.790    35.642    36.335     7.306     8.141   267.660   310.445    76.686   911.096    17.875   204.073
    18.250     6.354     5.789    35.619    36.313     7.277     8.121   267.652   310.269    76.705   910.670    18.125   204.006
    18.500     6.439     5.787    35.596    36.291     7.225     8.103   267.644   310.158    76.726   910.414    18.375   203.951
    18.750     6.472     5.797    35.568    36.268     7.207     8.073   267.635   310.131    76.775   910.115    18.625   203.900
    19.000     6.547     5.793    35.541    36.244     7.163     8.050   267.626   309.992    76.802   909.971    18.875   203.845
    19.250     6.480     5.734    35.514    36.220     7.116     8.025   267.616   310.049    76.828   909.938    19.125   203.787
    19.500     6.619     5.784    35.488    36.197     7.077     7.998   267.607   309.897    76.852   909.783    19.375   203.728
    19.750     6.478     5.780    35.463    36.173     7.037     7.972   267.598   309.791    76.875   909.595    19.625   203.672
    20.000     6.514     5.778    35.435    36.150     7.025     7.934   267.588   309.851    76.926   909.433    19.875   203.618
    20.250     6.465     5.775    35.411    36.127     6.982     7.913   267.580   309.565    76.940   909.214    20.125   203.555
    20.500     6.579     5.716    35.382    36.103     6.934     7.897   267.570   309.569    76.974   909.315    20.375   203.495
    20.750     6.495     5.713    35.356    36.079     6.891     7.875   267.561   309.549    76.999   909.171    20.625   203.441
    21.000     6.588     5.761    35.331    36.056     6.850     7.852   267.552   309.470    77.020   909.031    20.875   203.398
    21.250     6.459     5.759    35.304    36.033     6.835     7.819   267.542   309.508    77.058   908.819    21.125   203.342
    21.500     6.526     5.753    35.277    36.010     6.781     7.813   267.532   309.431    77.080   908.815    21.375   203.307
    21.750     6.429     5.698    35.252    35.986     6.733     7.795   267.524   309.327    77.101   908.721    21.625   203.253
    22.000     6.552     5.745    35.226    35.963     6.687     7.779   267.515   309.155    77.128   908.561    21.875   203.199
    22.250     6.327     5.745    35.202    35.940     6.673     7.747   267.507   308.995    77.159   908.221    22.125   203.146
    22.500     6.528     5.741    35.174    35.917     6.623     7.735   267.496   308.975    77.188   908.214    22.375   203.100
    22.750     6.463     5.735    35.147    35.893     6.577     7.718   267.487   308.980    77.216   908.159    22.625   203.052
    23.000     6.430     5.681    35.121    35.870     6.531     7.696   267.478   308.880    77.239   908.118    22.875   203.005
    23.250     6.465     5.634    35.086    35.846     6.553     7.633   267.470   308.734    77.336   908.136    23.125   202.960
    23.500     6.431     5.726    35.069    35.823     6.475     7.642   267.461   308.619    77.297   907.741    23.375   202.915
    23.750     6.527     5.721    35.042    35.800     6.424     7.628   267.451   308.670    77.324   907.780    23.625   202.870
    24.000     6.432     5.717    35.016    35.776     6.379     7.609   267.441   308.688    77.345   907.690    23.875   202.827
    24.250     6.466     5.712    34.990    35.753     6.336     7.587   267.432   308.662    77.368   907.629    24.125   202.783
    24.500     6.466     5.708    34.964    35.730     6.295     7.562   267.423   308.654    77.391   907.574    24.375   202.741
    24.750     6.333     5.707    34.937    35.707     6.281     7.529   267.413   308.631    77.435   907.400    24.625   202.696
    25.000     6.467     5.654    34.910    35.683     6.233     7.515   267.404   308.498    77.457   907.450    24.875   202.661
    25.250     6.432     5.650    34.884    35.660     6.191     7.497   267.395   308.520    77.481   907.400    25.125   202.619
    25.500     6.450     5.695    34.859    35.637     6.154     7.482   267.386   308.526    77.505   907.225    25.375   202.578
    25.750     6.362     5.645    34.831    35.613     6.123     7.449   267.377   308.463    77.537   907.209    25.625   202.539
    26.000     6.479     5.687    34.806    35.590     6.088     7.401   267.368   308.500    77.553   907.093    25.875   202.499
    26.250     6.332     5.636    34.778    35.567     6.038     7.398   267.359   308.412    77.579   907.067    26.125   202.456
    26.500     6.439     5.679    34.752    35.544     6.015     7.370   267.349   308.455    77.606   906.927    26.375   202.422
    26.750     6.380     5.674    34.726    35.521     5.978     7.327   267.341   308.411    77.626   906.879    26.625   202.389
    27.000     6.343     5.624    34.701    35.498     5.932     7.298   267.332   308.311    77.639   906.840    26.875   202.351
    27.250     6.377     5.665    34.674    35.474     5.895     7.322   267.323   308.224    77.671   906.651    27.125   202.320
    27.500     6.290     5.662    34.648    35.452     5.866     7.290   267.314   308.335    77.705   906.538    27.375   202.298
    27.750     6.364     5.570    34.615    35.428     5.854     7.254   267.306   308.171    77.773   906.705    27.625   202.290
    28.000     6.310     5.617    34.597    35.405     5.750     7.281   267.297   308.004    77.724   906.504    27.875   202.298
    28.250     6.351     5.651    34.570    35.382     5.715     7.263   267.287   307.967    77.751   906.374    28.125   202.278
    28.500     6.311     5.648    34.543    35.358     5.678     7.242   267.279   307.827    77.778   906.305    28.375   202.272
    28.750     6.323     5.645    34.518    35.335     5.643     7.210   267.270   307.628    77.798   906.201    28.625   202.262
    29.000     6.294     5.641    34.492    35.311     5.609     7.180   267.262   307.483    77.815   906.142    28.875   202.275
    29.250     6.268     5.576    34.462    35.287     5.586     7.139   267.252   307.617    77.853   906.261    29.125   202.278
    29.500     6.393     5.632    34.440    35.264     5.519     7.136   267.244   307.509    77.838   906.116    29.375   202.259
    29.750     6.227     5.629    34.415    35.241     5.490     7.108   267.235   307.390    77.857   905.919    29.625   202.248
    30.000     6.275     5.628    34.390    35.218     5.472     7.066   267.227   307.200    77.879   905.744    29.875   202.232
    30.250     6.346     5.622    34.364    35.195     5.413     7.056   267.217   307.242    77.892   905.815    30.125   202.211
    30.500     6.223     5.620    34.339    35.172     5.386     7.033   267.208   307.114    77.914   905.628    30.375   202.193
    30.750     6.304     5.616    34.313    35.149     5.337     7.008   267.201   307.015    77.928   905.626    30.625   202.177
    31.000     6.173     5.614    34.288    35.126     5.332     6.949   267.191   307.070    77.964   905.443    30.875   202.154
    31.250     6.350     5.609    34.262    35.103     5.277     6.949   267.184   306.830    77.969   905.455    31.125   202.138
    31.500     6.155     5.546    34.237    35.080     5.239     6.922   267.175   306.775    77.981   905.419    31.375   202.133
    31.750     6.366     5.603    34.212    35.057     5.208     6.889   267.166   306.863    77.998   905.342    31.625   202.117
    32.000     6.210     5.562    34.187    35.035     5.178     6.858   267.158   306.639    78.019   905.295    31.875   202.104
    32.250     6.333     5.597    34.162    35.012     5.150     6.834   267.148   306.772    78.041   905.199    32.125   202.083
    32.500     6.168     5.508    34.135    34.990     5.116     6.816   267.140   306.763    78.071   905.230    32.375   202.069
    32.750     6.223     5.592    34.113    34.968     5.084     6.800   267.131   306.801    78.090   904.987    32.625   202.042
    33.000     6.353     5.588    34.085    34.945     5.045     6.788   267.122   306.823    78.118   905.076    32.875   202.025
    33.250     6.223     5.525    34.059    34.921     5.006     6.775   267.114   306.739    78.137   905.092    33.125   202.004
    33.500     6.303     5.579    34.033    34.899     4.969     6.764   267.105   306.797    78.159   904.997    33.375   201.977
    33.750     6.265     5.575    34.008    34.876     4.931     6.752   267.096   306.840    78.177   904.953    33.625   201.954
    34.000     6.300     5.571    33.981    34.852     4.888     6.741   267.088   306.752    78.197   905.003    33.875   201.949
    34.250     6.168     5.549    33.956    34.830     4.844     6.728   267.080   306.732    78.215   904.944    34.125   201.925
    34.500     6.240     5.528    33.929    34.807     4.801     6.714   267.071   306.766    78.235   904.956    34.375   201.904
    34.750     6.303     5.559    33.904    34.784     4.759     6.696   267.062   306.755    78.253   904.912    34.625   201.882
    35.000     6.186     5.520    33.878    34.761     4.718     6.676   267.053   306.788    78.274   904.900    34.875   201.859
    35.250     6.295     5.562    33.852    34.738     4.679     6.652   267.044   306.767    78.291   904.852    35.125   201.845
    35.500     6.218     5.547    33.827    34.716     4.645     6.627   267.034   306.973    78.311   904.828    35.375   201.825
    35.750     6.180     5.509    33.801    34.693     4.608     6.602   267.026   306.906    78.331   904.826    35.625   201.804
    36.000     6.200     5.485    33.775    34.670     4.576     6.580   267.017   306.897    78.351   904.810    35.875   201.779
    36.250     6.251     5.537    33.750    34.647     4.541     6.558   267.008   306.954    78.371   904.703    36.125   201.757
    36.500     6.216     5.534    33.725    34.625     4.507     6.536   267.000   306.919    78.388   904.654    36.375   201.743
    36.750     6.222     5.531    33.699    34.602     4.471     6.519   266.990   306.968    78.411   904.645    36.625   201.722
    37.000     6.192     5.528    33.673    34.579     4.434     6.503   266.983   306.823    78.430   904.609    36.875   201.703
    37.250     6.118     5.488    33.647    34.556     4.394     6.492   266.974   306.911    78.450   904.581    37.125   201.682
    37.500     6.210     5.522    33.621    34.533     4.358     6.485   266.965   306.976    78.473   904.499    37.375   201.663
    37.750     6.213     5.519    33.595    34.510     4.316     6.482   266.956   306.992    78.493   904.485    37.625   201.644
    38.000     6.153     5.518    33.570    34.487     4.270     6.486   266.947   307.059    78.510   904.403    37.875   201.622
    38.250     6.100     5.510    33.547    34.464     4.197     6.505   266.938   307.122    78.501   904.309    38.125   201.599
    38.500     6.353     5.510    33.517    34.440     4.163     6.480   266.930   307.197    78.545   904.479    38.375   201.576
    38.750     6.297     5.503    33.489    34.417     4.121     6.470   266.921   307.197    78.570   904.538    38.625   201.554
    39.000     6.159     5.497    33.465    34.394     4.055     6.464   266.912   307.385    78.574   904.539    38.875   201.529
    39.250     6.179     5.493    33.438    34.371     4.021     6.441   266.902   307.361    78.604   904.474    39.125   201.504
    39.500     6.154     5.449    33.411    34.348     3.978     6.423   266.893   307.341    78.623   904.475    39.375   201.476
    39.750     5.997     5.485    33.380    34.326     3.990     6.568   266.886   307.228    78.712   904.206    39.625   201.449
    40.000     6.220     5.479    33.359    34.302     3.910     6.458   266.876   307.229    78.655   904.267    39.875   201.423
    40.250     6.073     5.479    33.333    34.278     3.874     6.350   266.868   307.118    78.680   904.154    40.125   201.395
    40.500     5.932     5.436    33.301    34.253     3.936     6.163   266.860   307.077    78.745   904.055    40.375   201.367
    40.750     6.152     5.469    33.276    34.228     3.936     6.056   266.851   307.033    78.715   903.944    40.625   201.340
    41.000     5.925     5.288    33.230    34.204     4.019     5.962   266.846   307.628    78.883   904.310    40.875   201.316
    41.250     5.938     5.288    33.212    34.182     3.977     5.920   266.839   307.572    78.840   903.800    41.125   201.296
    41.500     6.273     5.280    33.178    34.159     3.908     5.906   266.831   306.942    78.876   904.184    41.375   201.285
    41.750     6.064     5.278    33.152    34.136     3.859     5.884   266.822   307.633    78.902   904.132    41.625   201.272
    42.000     6.259     5.272    33.124    34.113     3.790     5.875   266.814   307.611    78.908   904.259    41.875   201.259
    42.250     6.072     5.271    33.102    34.090     3.741     5.862   266.804   307.702    78.921   904.002    42.125   201.242
    42.500     6.215     5.358    33.078    34.067     3.679     5.887   266.796   307.657    78.937   903.890    42.375   201.225
    42.750     6.060     5.435    33.068    34.044     3.579     5.883   266.782   306.939    78.835   903.524    42.625   201.201
    43.000     6.169     5.431    33.043    34.021     3.528     5.892   266.773   306.985    78.855   903.583    42.875   201.171
    43.250     6.025     5.428    33.019    33.998     3.492     5.867   266.765   306.931    78.872   903.474    43.125   201.145
    43.500     6.150     5.361    32.985    33.974     3.484     5.836   266.757   306.901    78.949   903.704    43.375   201.109
    43.750     6.020     5.418    32.969    33.952     3.384     5.867   266.748   306.861    78.888   903.418    43.625   201.077
    44.000     6.086     5.415    32.943    33.928     3.348     5.843   266.739   306.764    78.908   903.385    43.875   201.055
    44.250     5.995     5.412    32.919    33.906     3.317     5.816   266.730   306.681    78.928   903.276    44.125   201.036
    44.500     6.058     5.411    32.892    33.882     3.280     5.819   266.722   306.625    78.948   903.238    44.375   201.019
    44.750     6.065     5.408    32.865    33.859     3.246     5.798   266.713   306.688    78.973   903.224    44.625   200.991
    45.000     6.010     5.319    32.831    33.835     3.244     5.750   266.704   306.655    79.049   903.386    44.875   200.963
    45.250     6.045     5.394    32.814    33.812     3.152     5.763   266.695   306.707    78.991   903.169    45.125   200.945
    45.500     5.984     5.350    32.788    33.789     3.106     5.781   266.687   306.656    79.012   903.171    45.375   200.924
    45.750     6.045     5.390    32.762    33.765     3.071     5.755   266.678   306.599    79.027   903.082    45.625   200.915
    46.000     6.007     5.387    32.736    33.742     3.019     5.784   266.670   306.470    79.044   903.027    45.875   200.891
    46.250     5.972     5.380    32.709    33.718     2.988     5.746   266.660   306.717    79.067   902.981    46.125   200.864
    46.500     6.057     5.316    32.676    33.694     2.985     5.689   266.653   306.565    79.126   903.161    46.375   200.844
    46.750     6.050     5.370    32.657    33.671     2.890     5.705   266.643   306.686    79.079   903.007    46.625   200.825
    47.000     5.968     5.342    32.631    33.647     2.853     5.686   266.635   306.645    79.099   903.004    46.875   200.806
    47.250     5.980     5.365    32.605    33.624     2.825     5.657   266.627   306.578    79.115   902.914    47.125   200.789
    47.500     6.028     5.358    32.577    33.601     2.801     5.621   266.618   306.651    79.135   902.883    47.375   200.766
    47.750     5.937     5.354    32.552    33.578     2.741     5.666   266.609   306.721    79.154   902.854    47.625   200.757
    48.000     6.045     5.353    32.524    33.554     2.706     5.643   266.601   306.574    79.179   902.890    47.875   200.730
    48.250     6.007     5.345    32.500    33.531     2.645     5.609   266.593   306.700    79.167   902.878    48.125   200.700
    48.500     5.999     5.343    32.474    33.507     2.597     5.611   266.584   306.721    79.184   902.872    48.375   200.681
    48.750     5.951     5.335    32.448    33.484     2.572     5.562   266.576   306.694    79.201   902.819    48.625   200.650
    49.000     5.999     5.335    32.422    33.460     2.548     5.515   266.567   306.647    79.220   902.806    48.875   200.626
    49.250     5.908     5.331    32.396    33.437     2.513     5.514   266.559   306.576    79.236   902.690    49.125   200.604
    49.500     5.875     5.328    32.370    33.414     2.478     5.495   266.550   306.738    79.257   902.619    49.375   200.589
    49.750     6.043     5.315    32.341    33.390     2.439     5.502   266.541   306.662    79.282   902.740    49.625   200.591
    50.000     5.958     5.259    32.311    33.366     2.401     5.548   266.532   306.716    79.324   902.789    49.875   200.575
    50.250     6.030     5.313    32.291    33.342     2.339     5.448   266.524   306.657    79.279   902.708    50.125   200.551
    50.500     5.839     5.266    32.265    33.319     2.289     5.451   266.516   306.673    79.280   902.750    50.375   200.588
    50.750     5.980     5.304    32.239    33.295     2.281     5.361   266.506   306.654    79.283   902.681    50.625   200.586
    51.000     5.875     5.241    32.211    33.272     2.261     5.313   266.498   306.579    79.287   902.773    50.875   200.620
    51.250     5.930     5.296    32.187    33.249     2.208     5.356   266.490   306.537    79.279   902.698    51.125   200.674
    51.500     5.962     5.291    32.159    33.225     2.166     5.358   266.480   306.584    79.262   902.843    51.375   200.773
    51.750     5.918     5.287    32.132    33.201     2.123     5.358   266.472   306.663    79.259   902.971    51.625   200.834
    52.000     5.879     5.284    32.107    33.177     2.074     5.356   266.464   306.494    79.244   902.954    51.875   200.874
    52.250     5.873     5.240    32.078    33.153     2.042     5.310   266.455   306.572    79.225   903.210    52.125   200.994
    52.500     5.969     5.235    32.050    33.129     1.999     5.302   266.446   306.575    79.202   903.519    52.375   201.110
    52.750     5.895     5.274    32.025    33.105     1.962     5.291   266.438   306.425    79.195   903.436    52.625   201.123
    53.000     5.886     5.210    31.993    33.081     1.928     5.324   266.429   306.560    79.211   903.664    52.875   201.185
    53.250     5.960     5.262    31.974    33.057     1.869     5.220   266.421   306.414    79.160   903.530    53.125   201.158
    53.500     5.865     5.254    31.947    33.033     1.831     5.200   266.411   306.459    79.152   903.588    53.375   201.205
    53.750     5.869     5.250    31.921    33.010     1.789     5.186   266.403   306.512    79.139   903.641    53.625   201.251
    54.000     5.897     5.246    31.894    32.986     1.753     5.164   266.394   306.546    79.127   903.678    53.875   201.281
    54.250     5.849     5.241    31.867    32.962     1.718     5.135   266.386   306.490    79.122   903.724    54.125   201.308
    54.500     5.857     5.237    31.841    32.938     1.688     5.097   266.377   306.517    79.114   903.756    54.375   201.333
    54.750     5.884     5.236    31.814    32.914     1.675     5.022   266.368   306.424    79.105   903.796    54.625   201.372
    55.000     5.751     5.075    31.767    32.889     1.783     4.906   266.363   307.104    79.171   904.491    54.875   201.533
    55.250     6.056     5.149    31.739    32.865     1.790     4.833   266.355   307.123    79.143   904.690    55.125   201.582
    55.500     5.781     5.067    31.711    32.841     1.819     4.766   266.346   307.081    79.138   904.746    55.375   201.637
    55.750     5.811     5.061    31.684    32.817     1.827     4.717   266.333   306.340    79.145   904.702    55.625   201.689
    56.000     5.921     5.058    31.660    32.793     1.787     4.679   266.327   307.243    79.106   904.807    55.875   201.708
    56.250     5.909     5.159    31.647    32.767     1.746     4.646   266.315   306.589    79.042   904.426    56.125   201.676
    56.500     5.739     5.183    31.624    32.742     1.743     4.613   266.307   306.378    79.031   904.228    56.375   201.659
    56.750     6.051     5.200    31.594    32.717     1.748     4.564   266.297   306.118    79.014   904.393    56.625   201.668
    57.000     5.784     5.189    31.575    32.694     1.667     4.526   266.288   306.297    78.989   904.432    56.875   201.671
    57.250     5.779     5.182    31.550    32.671     1.588     4.525   266.281   306.124    78.992   904.441    57.125   201.700
    57.500     5.899     5.183    31.518    32.647     1.569     4.480   266.271   305.917    78.996   904.561    57.375   201.755
    57.750     5.829     5.176    31.492    32.622     1.519     4.445   266.261   305.953    78.969   904.647    57.625   201.781
    58.000     5.786     5.173    31.461    32.599     1.490     4.434   266.254   305.967    78.980   904.845    57.875   201.835
    58.250     5.767     5.170    31.444    32.575     1.363     4.467   266.244   306.031    78.925   904.731    58.125   201.816
    58.500     5.523     5.102    31.419    32.551     1.266     4.575   266.237   306.062    78.933   904.701    58.375   201.839
    58.750     5.752     5.131    31.392    32.526     1.178     4.662   266.230   306.142    78.925   904.716    58.625   201.883
    59.000     5.797     5.170    31.365    32.502     1.106     4.716   266.221   306.217    78.905   904.751    58.875   201.939
    59.250     5.798     5.166    31.337    32.476     1.040     4.747   266.214   306.116    78.883   904.876    59.125   202.003
    59.500     5.724     5.106    31.303    32.451     0.989     4.799   266.204   306.343    78.887   905.130    59.375   202.079
    59.750     5.944     5.152    31.280    32.426     0.933     4.685   266.194   306.265    78.829   905.177    59.625   202.087
    60.000     5.554     4.998    31.235    32.401     1.042     4.534   266.190   306.832    78.899   905.678    59.875   202.161
    60.250     5.857     4.990    31.211    32.377     0.995     4.475   266.181   306.934    78.848   905.656    60.125   202.194
    60.500     5.870     5.139    31.199    32.353     0.891     4.466   266.168   306.383    78.769   905.299    60.375   202.166
    60.750     5.774     5.080    31.165    32.328     0.889     4.427   266.159   306.446    78.797   905.581    60.625   202.218
    61.000     5.657     5.123    31.148    32.304     0.796     4.435   266.151   306.299    78.749   905.313    60.875   202.198
    61.250     5.767     5.099    31.115    32.279     0.818     4.378   266.141   306.654    78.745   905.344    61.125   202.226
    61.500     6.056     5.100    31.079    32.252     0.947     4.228   266.126   305.646    78.714   905.573    61.375   202.263
    61.750     6.061     5.095    31.046    32.224     1.070     4.096   266.114   305.593    78.686   905.866    61.625   202.287
    62.000     6.070     5.088    31.013    32.197     1.186     3.983   266.102   305.574    78.679   906.254    61.875   202.319
    62.250     5.737     4.943    30.973    32.171     1.299     3.889   266.092   306.336    78.729   906.840    62.125   202.391
    62.500     6.127     4.939    30.935    32.143     1.418     3.808   266.074   306.124    78.720   907.178    62.375   202.441
    62.750     6.149     5.049    30.906    32.115     1.496     3.749   266.066   306.091    78.673   907.440    62.625   202.462
    63.000     6.085     4.933    30.870    32.086     1.604     3.695   266.054   306.121    78.651   907.813    62.875   202.528
    63.250     6.063     5.038    30.841    32.059     1.668     3.657   266.035   306.227    78.611   908.091    63.125   202.565
    63.500     6.046     4.907    30.807    32.031     1.748     3.627   266.025   306.185    78.555   908.577    63.375   202.609
    63.750     6.194     5.028    30.785    32.005     1.766     3.606   266.012   306.470    78.504   908.799    63.625   202.634
    64.000     5.755     5.030    30.778    31.981     1.739     3.589   265.996   306.607    78.411   908.562    63.875   202.606
    64.250     5.859     5.029    30.759    31.956     1.726     3.574   265.986   305.968    78.364   908.722    64.125   202.616
    64.500     5.731     5.038    30.747    31.935     1.637     3.567   265.980   306.577    78.322   908.918    64.375   202.616
    64.750     5.362     5.033    30.744    31.918     1.502     3.559   265.978   306.966    78.298   908.678    64.625   202.573
    65.000     5.221     5.049    30.737    31.901     1.342     3.550   265.977   307.082    78.334   908.303    64.875   202.569
    65.250     5.053     5.058    30.727    31.884     1.157     3.546   265.979   307.031    78.372   907.784    65.125   202.528
    65.500     5.085     5.059    30.710    31.865     0.967     3.558   265.974   307.312    78.410   907.400    65.375   202.534
    65.750     5.160     5.062    30.689    31.844     0.715     3.638   265.974   307.175    78.447   906.989    65.625   202.527
    66.000     5.163     5.071    30.660    31.821     0.438     3.846   265.972   306.853    78.494   906.602    65.875   202.515
    66.250     5.333     5.067    30.626    31.795     0.240     3.915   265.966   306.926    78.499   906.437    66.125   202.531
    66.500     5.426     5.061    30.590    31.768     0.081     3.996   265.958   306.825    78.493   906.320    66.375   202.555
    66.750     5.355     5.053    30.556    31.741    -0.134     4.083   265.951   306.653    78.490   906.173    66.625   202.570
    67.000     5.368     4.990    30.506    31.710    -0.302     4.073   265.943   306.309    78.565   906.284    66.875   202.616
    67.250     5.721     4.977    30.456    31.677    -0.383     4.136   265.936   306.528    78.531   906.609    67.125   202.659
    67.500     5.599     4.879    30.410    31.645    -0.444     4.192   265.927   306.517    78.488   907.087    67.375   202.704
    67.750     5.740     4.952    30.374    31.614    -0.512     4.275   265.914   306.325    78.425   907.265    67.625   202.737
    68.000     5.604     4.967    30.349    31.584    -0.529     4.205   265.909   306.548    78.369   907.111    67.875   202.754
    68.250     5.518     4.997    30.332    31.556    -0.619     4.265   265.895   305.718    78.283   906.934    68.125   202.745
    68.500     5.914     4.965    30.277    31.526    -0.540     4.108   265.881   305.828    78.311   907.559    68.375   202.801
    68.750     5.997     4.835    30.228    31.493    -0.436     3.927   265.867   305.634    78.276   908.164    68.625   202.863
    69.000     5.986     4.825    30.190    31.461    -0.348     3.786   265.853   305.391    78.205   908.645    68.875   202.907
    69.250     5.823     4.949    30.182    31.432    -0.353     3.692   265.839   305.417    78.049   908.467    69.125   202.897
    69.500     5.901     4.937    30.151    31.404    -0.281     3.599   265.826   305.430    78.004   908.785    69.375   202.924
    69.750     6.014     4.928    30.116    31.376    -0.198     3.524   265.812   305.422    77.967   909.214    69.625   202.948
    70.000     5.920     4.917    30.089    31.349    -0.136     3.467   265.797   305.537    77.895   909.524    69.875   202.959
    70.250     6.029     4.911    30.056    31.323    -0.078     3.423   265.787   305.416    77.858   909.996    70.125   202.992
    70.500     5.667     4.913    30.041    31.300    -0.089     3.394   265.774   304.561    77.814   910.120    70.375   202.997
    70.750     5.320     4.915    30.043    31.281    -0.193     3.378   265.770   305.263    77.724   910.028    70.625   202.966
    71.000     5.093     4.781    30.036    31.265    -0.312     3.360   265.767   305.819    77.744   909.918    70.875   202.973
    71.250     5.112     4.929    30.036    31.250    -0.475     3.343   265.768   306.100    77.741   909.428    71.125   202.965
    71.500     4.768     4.939    30.029    31.235    -0.656     3.329   265.771   306.169    77.798   908.792    71.375   202.946
    71.750     4.633     4.949    30.012    31.217    -1.055     3.556   265.770   305.987    77.898   908.133    71.625   202.940
    72.000     4.961     4.815    29.946    31.188    -1.170     3.912   265.766   305.913    78.077   908.164    71.875   202.992
    72.250     5.519     4.867    29.902    31.159    -1.223     3.958   265.761   306.058    77.996   908.288    72.125   203.017
    72.500     5.531     4.858    29.865    31.129    -1.255     3.892   265.753   305.905    77.933   908.459    72.375   203.043
    72.750     5.369     4.783    29.827    31.100    -1.264     3.852   265.743   305.922    77.919   908.491    72.625   203.072
    73.000     5.445     4.774    29.800    31.073    -1.317     3.774   265.739   306.093    77.847   908.619    72.875   203.092
    73.250     5.478     4.871    29.776    31.044    -1.357     3.724   265.726   305.253    77.802   908.380    73.125   203.100
    73.500     5.420     4.853    29.749    31.016    -1.430     3.721   265.717   305.066    77.750   908.450    73.375   203.119
    73.750     5.265     4.759    29.707    30.989    -1.438     3.649   265.713   305.812    77.758   908.730    73.625   203.158
    74.000     5.461     4.754    29.674    30.961    -1.475     3.627   265.705   305.684    77.717   908.860    73.875   203.192
    74.250     5.591     4.851    29.648    30.934    -1.515     3.599   265.698   305.752    77.675   908.739    74.125   203.208
    74.500     5.442     4.890    29.634    30.907    -1.607     3.568   265.685   304.807    77.551   908.627    74.375   203.205
    74.750     5.270     4.869    29.607    30.880    -1.644     3.549   265.678   304.726    77.520   908.575    74.625   203.223
    75.000     5.731     4.847    29.551    30.852    -1.571     3.462   265.664   305.051    77.570   909.144    74.875   203.272
    75.250     5.805     4.853    29.524    30.821    -1.538     3.365   265.651   303.727    77.448   909.242    75.125   203.285
    75.500     5.941     4.830    29.476    30.792    -1.426     3.264   265.639   303.556    77.447   909.936    75.375   203.321
    75.750     5.396     4.832    29.470    30.766    -1.444     3.199   265.626   304.582    77.297   909.762    75.625   203.307
    76.000     5.940     4.815    29.422    30.739    -1.326     3.122   265.613   304.682    77.339   910.536    75.875   203.352
    76.250     5.508     4.821    29.404    30.714    -1.306     3.071   265.602   303.406    77.266   910.570    76.125   203.359
    76.500     5.617     4.816    29.378    30.688    -1.268     3.028   265.590   303.359    77.230   910.785    76.375   203.368
    76.750     5.564     4.685    29.342    30.662    -1.216     2.991   265.580   304.493    77.223   911.194    76.625   203.398
    77.000     5.885     4.788    29.311    30.635    -1.175     2.961   265.563   304.601    77.183   911.415    76.875   203.419
    77.250     5.355     4.668    29.286    30.611    -1.184     2.943   265.551   304.746    77.108   911.692    77.125   203.454
    77.500     5.548     4.789    29.273    30.589    -1.249     2.932   265.550   304.954    77.027   911.777    77.375   203.476
    77.750     5.072     4.669    29.258    30.568    -1.357     2.922   265.546   305.188    77.019   911.833    77.625   203.501
    78.000     5.075     4.668    29.245    30.549    -1.486     2.909   265.543   305.564    77.001   911.668    77.875   203.521
    78.250     4.947     4.678    29.231    30.529    -1.637     2.897   265.542   305.516    77.009   911.382    78.125   203.542
    78.500     4.803     4.686    29.216    30.509    -1.824     2.909   265.540   304.496    77.013   910.952    78.375   203.556
    78.750     4.880     4.710    29.189    30.486    -2.163     3.100   265.539   305.406    77.053   910.650    78.625   203.578
    79.000     5.056     4.686    29.137    30.454    -2.292     3.458   265.528   305.096    77.107   910.529    78.875   203.607
    79.250     5.429     4.745    29.101    30.423    -2.341     3.432   265.520   305.283    77.010   910.599    79.125   203.629
    79.500     5.233     4.662    29.061    30.392    -2.386     3.468   265.512   305.129    76.954   910.871    79.375   203.657
    79.750     5.662     4.797    29.037    30.361    -2.440     3.462   265.499   304.130    76.843   910.801    79.625   203.677
    80.000     5.198     4.727    28.996    30.332    -2.440     3.375   265.494   305.227    76.820   911.300    79.875   203.705
    80.250     5.426     4.719    28.967    30.304    -2.487     3.279   265.486   305.412    76.735   911.620    80.125   203.734
    80.500     5.285     4.726    28.936    30.277    -2.481     3.188   265.474   305.036    76.712   911.541    80.375   203.754
    80.750     5.390     4.627    28.899    30.248    -2.468     3.099   265.466   304.904    76.653   911.897    80.625   203.781
    81.000     5.155     4.620    28.882    30.223    -2.564     3.044   265.460   305.001    76.579   911.958    80.875   203.802
    81.250     5.202     4.745    28.870    30.197    -2.658     3.060   265.452   303.813    76.512   911.462    81.125   203.803
    81.500     5.343     4.759    28.836    30.168    -2.689     3.060   265.442   303.564    76.496   911.570    81.375   203.813
    81.750     5.222     4.713    28.799    30.139    -2.769     3.193   265.434   303.601    76.506   911.850    81.625   203.833
    82.000     5.212     4.748    28.773    30.110    -2.843     3.243   265.426   303.646    76.417   911.799    81.875   203.845
    82.250     5.177     4.735    28.743    30.081    -2.891     3.301   265.417   303.503    76.355   911.811    82.125   203.857
    82.500     5.431     4.726    28.704    30.052    -2.934     3.387   265.408   303.547    76.330   912.183    82.375   203.874
    82.750     5.289     4.718    28.683    30.024    -2.983     3.302   265.396   303.666    76.236   912.276    82.625   203.883
    83.000     5.442     4.709    28.646    29.996    -2.935     3.162   265.387   304.114    76.207   912.460    82.875   203.897
    83.250     5.394     4.699    28.621    29.969    -2.918     3.025   265.376   302.858    76.113   912.656    83.125   203.904
    83.500     5.753     4.572    28.563    29.939    -2.778     2.885   265.362   303.738    76.163   913.519    83.375   203.933
    83.750     5.585     4.692    28.546    29.912    -2.748     2.793   265.347   302.276    76.031   913.477    83.625   203.944
    84.000     5.264     4.682    28.528    29.886    -2.753     2.726   265.341   302.548    75.939   913.697    83.875   203.956
    84.250     5.340     4.661    28.503    29.862    -2.732     2.664   265.332   303.851    75.922   913.890    84.125   203.966
    84.500     5.195     4.545    28.467    29.839    -2.687     2.608   265.321   303.798    75.939   914.224    84.375   203.981
    84.750     5.420     4.541    28.439    29.814    -2.680     2.565   265.314   303.748    75.892   914.489    84.625   203.996
    85.000     5.023     4.541    28.426    29.792    -2.775     2.540   265.309   303.981    75.825   914.533    84.875   204.022
    85.250     4.903     4.547    28.413    29.773    -2.882     2.516   265.306   304.111    75.808   914.319    85.125   204.031
    85.500     4.933     4.550    28.391    29.751    -3.004     2.501   265.302   304.055    75.805   914.227    85.375   204.049
    85.750     4.748     4.614    28.375    29.729    -3.326     2.684   265.297   303.945    75.817   913.754    85.625   204.063
    86.000     5.086     4.674    28.328    29.696    -3.512     3.278   265.286   302.454    75.835   913.557    85.875   204.073
    86.250     5.144     4.662    28.299    29.665    -3.529     3.151   265.277   302.674    75.691   913.658    86.125   204.077
    86.500     5.170     4.653    28.273    29.637    -3.554     3.085   265.266   302.706    75.606   913.810    86.375   204.084
    86.750     5.128     4.520    28.226    29.609    -3.544     3.026   265.263   303.847    75.615   914.462    86.625   204.103
    87.000     5.152     4.521    28.198    29.582    -3.585     2.952   265.258   303.915    75.589   914.583    86.875   204.121
    87.250     5.162     4.586    28.165    29.554    -3.649     2.957   265.248   303.601    75.561   914.721    87.125   204.136
    87.500     5.160     4.592    28.132    29.524    -3.700     2.958   265.240   303.570    75.506   914.912    87.375   204.149
    87.750     5.100     4.586    28.102    29.496    -3.734     2.887   265.233   303.528    75.444   915.045    87.625   204.163
    88.000     5.103     4.503    28.069    29.466    -3.754     2.866   265.225   303.685    75.407   915.086    87.875   204.174
    88.250     5.146     4.499    28.038    29.438    -3.796     2.787   265.218   303.592    75.327   915.425    88.125   204.192
    88.500     5.186     4.574    28.011    29.410    -3.840     2.756   265.208   303.591    75.273   915.454    88.375   204.202
    88.750     5.061     4.564    27.979    29.382    -3.881     2.735   265.200   303.345    75.226   915.681    88.625   204.214
    89.000     5.134     4.485    27.945    29.353    -3.915     2.709   265.193   303.452    75.177   915.912    88.875   204.221
    89.250     5.137     4.478    27.915    29.325    -3.950     2.661   265.183   303.473    75.107   916.118    89.125   204.235
    89.500     5.114     4.470    27.885    29.298    -3.994     2.649   265.174   303.315    75.046   916.343    89.375   204.250
    89.750     5.125     4.464    27.855    29.270    -4.028     2.610   265.166   303.313    74.975   916.525    89.625   204.265
    90.000     5.112     4.460    27.825    29.243    -4.068     2.603   265.159   303.373    74.913   916.700    89.875   204.282
    90.250     5.184     4.523    27.797    29.216    -4.124     2.592   265.149   303.198    74.850   916.917    90.125   204.297
    90.500     5.013     4.456    27.765    29.188    -4.172     2.625   265.141   303.197    74.808   917.017    90.375   204.308
    90.750     5.139     4.449    27.735    29.160    -4.213     2.612   265.132   303.137    74.734   917.246    90.625   204.318
    91.000     5.137     4.507    27.707    29.133    -4.255     2.587   265.123   302.980    74.672   917.429    90.875   204.327
    91.250     5.044     4.441    27.679    29.104    -4.281     2.570   265.115   303.124    74.626   917.451    91.125   204.335
    91.500     5.050     4.434    27.648    29.078    -4.327     2.557   265.106   301.896    74.581   917.712    91.375   204.343
    91.750     5.140     4.554    27.631    29.051    -4.406     2.587   265.095   301.784    74.492   917.557    91.625   204.349
    92.000     5.025     4.548    27.604    29.022    -4.468     2.628   265.086   301.826    74.441   917.650    91.875   204.348
    92.250     5.126     4.545    27.570    28.993    -4.488     2.598   265.078   301.598    74.395   917.949    92.125   204.346
    92.500     5.039     4.536    27.549    28.966    -4.579     2.680   265.069   301.639    74.307   918.051    92.375   204.343
    92.750     5.068     4.503    27.510    28.938    -4.566     2.641   265.060   301.678    74.330   918.356    92.625   204.339
    93.000     4.898     4.528    27.498    28.911    -4.640     2.629   265.052   301.203    74.217   918.170    92.875   204.334
    93.250     4.973     4.479    27.457    28.885    -4.662     2.635   265.045   302.462    74.237   918.669    93.125   204.333
    93.500     4.980     4.392    27.426    28.858    -4.686     2.591   265.041   302.375    74.191   918.821    93.375   204.332
    93.750     4.839     4.466    27.405    28.833    -4.744     2.600   265.033   302.226    74.156   918.738    93.625   204.333
    94.000     4.709     4.390    27.377    28.806    -4.769     2.541   265.029   302.038    74.139   918.768    93.875   204.337
    94.250     4.750     4.391    27.347    28.777    -4.810     2.527   265.019   300.760    74.133   918.737    94.125   204.330
    94.500     4.794     4.531    27.324    28.745    -4.952     2.636   265.014   300.358    74.118   918.379    94.375   204.323
    94.750     4.744     4.494    27.275    28.711    -5.018     2.807   265.007   300.045    74.096   918.540    94.625   204.315
    95.000     4.830     4.482    27.234    28.678    -5.062     2.692   264.999   299.622    73.979   918.633    94.875   204.304
    95.250     4.982     4.464    27.186    28.647    -5.058     2.646   264.991   299.414    73.904   918.973    95.125   204.292
    95.500     4.989     4.452    27.147    28.617    -5.113     2.742   264.983   299.511    73.822   919.235    95.375   204.280
    95.750     4.855     4.438    27.123    28.590    -5.196     2.798   264.975   299.561    73.714   919.255    95.625   204.270
    96.000     5.019     4.430    27.089    28.564    -5.193     2.725   264.965   299.611    73.662   919.516    95.875   204.259
    96.250     4.888     4.422    27.068    28.539    -5.260     2.709   264.956   299.636    73.589   919.542    96.125   204.250
    96.500     4.962     4.418    27.039    28.514    -5.276     2.681   264.948   299.533    73.545   919.785    96.375   204.241
    96.750     4.902     4.414    27.011    28.489    -5.295     2.663   264.940   299.414    73.514   919.863    96.625   204.230
    97.000     4.744     4.407    26.990    28.466    -5.354     2.657   264.932   299.485    73.470   919.785    96.875   204.220
    97.250     4.846     4.403    26.965    28.441    -5.394     2.722   264.925   299.567    73.439   919.865    97.125   204.209
    97.500     4.905     4.399    26.937    28.416    -5.418     2.697   264.919   299.472    73.411   919.988    97.375   204.198
    97.750     4.890     4.394    26.911    28.392    -5.454     2.674   264.912   299.574    73.377   920.092    97.625   204.188
    98.000     4.889     4.390    26.885    28.368    -5.509     2.693   264.904   299.678    73.342   920.188    97.875   204.179
    98.250     4.925     4.388    26.855    28.343    -5.535     2.689   264.895   299.809    73.328   920.327    98.125   204.168
    98.500     4.906     4.385    26.827    28.318    -5.563     2.661   264.887   299.725    73.302   920.441    98.375   204.159
    98.750     4.840     4.379    26.806    28.293    -5.627     2.651   264.879   299.664    73.243   920.447    98.625   204.151
    99.000     4.952     4.376    26.774    28.267    -5.656     2.657   264.870   299.902    73.226   920.649    98.875   204.142
    99.250     4.910     4.371    26.744    28.241    -5.672     2.558   264.861   299.713    73.199   920.784    99.125   204.133
    99.500     4.868     4.369    26.721    28.215    -5.738     2.529   264.852   299.453    73.142   920.872    99.375   204.126
    99.750     4.823     4.363    26.694    28.189    -5.776     2.508   264.844   299.514    73.109   920.988    99.625   204.120
   100.000     4.804     4.360    26.669    28.162    -5.837     2.508   264.835   299.512    73.057   921.110    99.875   204.114
