  1000.000    13.373     6.784     0.000     0.724    -1.599    -1.488     2.833     0.000     0.000     0.000     0.000     0.000     0.000   311.571     0.000   0.00E+00    -1.142     0.363   286.538
   950.000     9.243     6.574     0.001     0.906     2.432    -1.608    -0.597     0.000    12.179     0.000   -10.510     0.000     0.005   311.561     0.000   0.76E-06    -2.216     0.400   282.381
   900.000     6.233     4.823    -0.353     0.745     1.481    -1.520     0.000     0.000    12.144    -0.005    -6.565     0.005     1.669   307.005     0.000   0.34E-01    -0.538     0.424   278.856
   850.000     2.854     3.701     0.157     0.688     1.362    -1.417     0.000     0.000    11.314    -1.639    -6.548     1.826     1.247   304.799     0.004   0.15E-01     0.268     0.454   276.225
   800.000    -0.497     2.683     0.437     0.618     1.396    -1.463     0.000     0.000    10.424    -1.247    -6.057     1.514     0.583   303.270     0.011   0.33E+00     0.768     0.480   273.365
   750.000    -3.461     1.677     0.598     0.538     1.449    -1.517     0.000     0.000     9.912    -0.562    -7.045     1.289     0.074   302.263     0.007   0.19E+00     1.254     0.497   270.395
   700.000    -6.769     1.018     0.456     0.441     1.467    -1.538     0.000     0.000    10.016    -0.002    -6.433     1.252     0.079   301.960     0.008   0.13E+00     1.454     0.517   267.076
   650.000   -10.473     0.607     0.141     0.358     1.393    -1.470     0.000     0.000    10.114     0.000    -5.631     1.065     0.069   302.438     0.015   0.11E+00     1.352     0.536   263.330
   600.000   -14.765     0.377    -0.186     0.306     1.227    -1.317     0.000     0.000    10.256     0.000    -4.945     1.100     0.061   303.423     0.024   0.10E+00     1.081     0.548   259.070
   550.000   -19.826     0.268    -0.416     0.293     1.022    -1.135     0.000     0.000    10.465     0.000    -4.080     1.243     0.087   304.576     0.047   0.10E+00     0.755     0.547   254.198
   500.000   -25.719     0.220    -0.485     0.329     0.870    -1.014     0.000     0.000    10.796     0.000    -3.001     1.385     0.111   305.642     0.065   0.13E+00     0.465     0.525   248.611
   450.000   -32.311     0.131    -0.431     0.440     0.880    -1.059     0.000     0.000    11.241     0.000    -1.781     1.550     0.223   306.501     0.110   0.20E+00     0.255     0.483   242.209
   400.000   -39.739     0.097    -0.422     0.639     0.884    -1.105     0.000     0.000    11.146     0.000    -0.752     1.747     1.114   307.176     0.211   0.28E+00     0.094     0.426   234.902
   350.000   -48.029     0.051    -0.569     0.873     0.726    -0.992     0.000     0.000    10.920     0.000    -0.212     2.291     1.961   307.727     0.277   0.18E+00     0.014     0.344   226.601
   300.000   -57.391     0.023    -0.864     1.090     0.469    -0.781     0.000     0.000     6.755     0.000    -0.042     1.692     5.562   308.262     0.327   0.60E-01     0.001     0.255   217.186
   250.000   -67.958     0.009    -1.574     1.030     0.127    -0.484     0.000     0.000     0.160     0.000    -0.001     0.000     6.595   309.128     0.542   0.50E-02    -0.001     0.130   206.439
   200.000   -68.561     0.001    -4.000     0.260    -0.012    -0.154     0.000     0.000     0.000     0.000    -0.000     0.000     0.160   318.063     0.000   0.54E-04    -0.000     0.013   193.472
   150.000   -71.260     0.001    -4.000     0.125     0.000     0.038     0.000     0.000     0.000     0.000     0.000     0.000     0.000   329.785     0.000   0.00E+00     0.000     0.000   176.929
   100.000   -71.832     0.001    -4.000     0.092     0.000     0.026     0.000     0.000     0.000     0.000     0.000     0.000     0.000   352.026     0.000   0.00E+00     0.000     0.000   153.919
    80.000   -70.307     0.001    -4.000     0.067     0.000     0.057     0.000     0.000     0.000     0.000     0.000     0.000     0.000   365.505     0.000   0.00E+00     0.000     0.000     0.000
    60.000   -64.370     0.001     0.000     0.031     0.000     0.176     0.000     0.000     0.000     0.000     0.000     0.000     0.000   385.746     0.000   0.00E+00     0.000     0.000     0.000
    40.000   -55.559     0.001     0.000     0.011     0.000     0.352     0.000     0.000     0.000     0.000     0.000     0.000     0.000   415.723     0.000   0.00E+00     0.000     0.000     0.000
    30.000   -48.851     0.001     0.000     0.005     0.000     0.486     0.000     0.000     0.000     0.000     0.000     0.000     0.000   438.595     0.000   0.00E+00     0.000     0.000     0.000
    25.000   -37.621     0.001     0.000     0.002     0.000     0.711     0.000     0.000     0.000     0.000     0.000     0.000     0.000   461.577     0.000   0.00E+00    -0.001     0.000     0.000
