     0.250     0.037     1.924    14.651    15.453   -18.670     1.419   263.035   259.683    17.210  1008.276     0.125   267.168
     0.500     0.072     1.947    14.805    15.887   -18.958     1.419   263.090   259.647    20.313  1006.625     0.375   264.754
     0.750     0.504     2.036    15.065    16.285   -19.246     1.419   263.129   259.688    23.299  1004.737     0.625   259.240
     1.000     1.151     2.124    15.303    16.647   -19.535     1.419   263.148   259.903    25.876  1002.927     0.875   255.343
     1.250     1.852     2.222    15.538    16.973   -19.821     1.419   263.146   260.327    28.163  1001.178     1.125   252.153
     1.500     2.265     2.321    15.766    17.261   -20.105     1.419   263.133   260.954    30.232   999.473     1.375   249.207
     1.750     2.487     2.408    15.975    17.515   -20.388     1.420   263.120   261.586    32.149   997.787     1.625   246.337
     2.000     2.631     2.484    16.167    17.741   -20.703     1.435   263.108   262.169    33.925   996.137     1.875   243.666
     2.250     2.776     2.555    16.339    17.941   -20.976     1.455   263.094   262.748    35.540   994.559     2.125   241.282
     2.500     2.813     2.614    16.499    18.121   -21.163     1.469   263.098   263.200    37.256   992.693     2.375   238.468
     2.750     3.506     2.671    16.626    18.281   -21.242     1.460   263.080   264.013    38.846   990.835     2.625   236.230
     3.000     3.475     2.721    16.747    18.422   -21.283     1.504   263.059   264.881    40.314   989.085     2.875   234.071
     3.250     3.479     2.760    16.861    18.549   -21.316     1.573   263.050   265.388    41.634   987.493     3.125   232.195
     3.500     3.602     2.787    16.966    18.664   -21.169     1.524   263.032   266.218    42.982   985.744     3.375   229.787
     3.750     3.661     2.822    17.064    18.769   -20.921     1.416   263.016   266.892    44.131   984.228     3.625   228.230
     4.000     3.718     2.852    17.152    18.863   -20.736     1.344   262.996   267.656    45.283   982.639     3.875   226.421
     4.250     3.779     2.875    17.231    18.948   -20.609     1.291   262.977   268.594    46.375   981.076     4.125   224.546
     4.500     3.670     2.898    17.307    19.026   -20.463     1.230   262.960   269.295    47.313   979.648     4.375   223.200
     4.750     3.682     2.925    17.372    19.096   -20.308     1.160   262.961   269.399    48.203   978.306     4.625   221.958
     5.000     3.776     2.944    17.426    19.158   -20.171     1.088   262.941   270.253    49.095   976.932     4.875   220.429
     5.250     3.749     2.956    17.479    19.215   -20.098     1.028   262.931   270.949    49.840   975.700     5.125   219.252
     5.500     3.416     2.969    17.541    19.270   -20.056     0.980   262.922   271.447    50.532   974.333     5.375   218.204
     5.750     3.529     2.985    17.594    19.321   -19.995     0.933   262.919   271.873    51.178   973.096     5.625   217.250
     6.000     3.698     3.006    17.633    19.366   -19.848     0.878   262.910   272.392    51.777   972.054     5.875   216.436
     6.250     3.766     3.019    17.667    19.405   -19.707     0.821   262.897   273.041    52.348   971.066     6.125   215.559
     6.500     3.780     3.032    17.698    19.439   -19.593     0.764   262.882   273.795    52.894   970.072     6.375   214.614
     6.750     3.720     3.040    17.729    19.470   -19.551     0.718   262.868   274.483    53.298   969.286     6.625   214.082
     7.000     3.540     3.049    17.762    19.499   -19.536     0.678   262.860   274.778    53.706   968.408     6.875   213.505
     7.250     3.491     3.059    17.792    19.525   -19.525     0.644   262.852   275.197    54.090   967.561     7.125   212.981
     7.500     3.482     3.071    17.818    19.549   -19.517     0.614   262.847   275.752    54.464   966.773     7.375   212.460
     7.750     3.461     3.085    17.840    19.569   -19.496     0.583   262.841   276.294    54.818   966.057     7.625   211.985
     8.000     3.462     3.097    17.859    19.586   -19.448     0.552   262.836   276.512    55.147   965.348     7.875   211.522
     8.250     3.557     3.099    17.871    19.599   -19.384     0.521   262.825   276.992    55.434   964.783     8.125   211.158
     8.500     3.625     3.118    17.884    19.609   -19.322     0.492   262.817   276.760    55.692   964.222     8.375   210.805
     8.750     3.690     3.124    17.890    19.617   -19.259     0.467   262.807   277.136    55.938   963.792     8.625   210.462
     9.000     3.649     3.125    17.897    19.623   -19.240     0.448   262.794   278.458    56.171   963.310     8.875   210.077
     9.250     3.608     3.132    17.904    19.627   -19.246     0.430   262.782   278.975    56.410   962.781     9.125   209.639
     9.500     3.589     3.127    17.908    19.629   -19.264     0.410   262.771   279.392    56.648   962.264     9.375   209.173
     9.750     3.575     3.132    17.909    19.630   -19.283     0.388   262.760   279.780    56.886   961.753     9.625   208.670
    10.000     3.546     3.138    17.909    19.628   -19.301     0.366   262.750   280.156    57.035   961.415     9.875   208.466
    10.250     3.533     3.155    17.908    19.625   -19.306     0.346   262.740   280.444    57.171   961.083    10.125   208.289
    10.500     3.505     3.162    17.903    19.619   -19.303     0.329   262.730   280.514    57.294   960.792    10.375   208.129
    10.750     3.443     3.162    17.896    19.611   -19.298     0.319   262.723   280.651    57.412   960.545    10.625   207.980
    11.000     3.447     3.165    17.888    19.602   -19.295     0.311   262.715   280.731    57.513   960.294    10.875   207.835
    11.250     3.465     3.167    17.878    19.592   -19.299     0.304   262.706   280.851    57.598   960.075    11.125   207.706
    11.500     3.453     3.173    17.869    19.581   -19.308     0.298   262.698   280.935    57.681   959.847    11.375   207.574
    11.750     3.441     3.169    17.858    19.569   -19.324     0.294   262.691   281.072    57.755   959.666    11.625   207.457
    12.000     3.480     3.166    17.845    19.555   -19.330     0.291   262.682   280.978    57.841   959.452    11.875   207.351
    12.250     3.339     3.188    17.835    19.539   -19.365     0.308   262.679   279.753    57.926   959.203    12.125   207.252
    12.500     3.359     3.188    17.822    19.522   -19.399     0.320   262.674   279.816    57.975   959.029    12.375   207.151
    12.750     3.379     3.187    17.808    19.505   -19.439     0.327   262.666   280.986    58.009   958.838    12.625   207.057
    13.000     3.411     3.183    17.791    19.488   -19.483     0.331   262.661   281.042    58.041   958.702    12.875   206.975
    13.250     3.420     3.181    17.772    19.472   -19.531     0.326   262.654   280.883    58.078   958.575    13.125   206.889
    13.500     3.423     3.174    17.754    19.455   -19.582     0.317   262.648   281.396    58.113   958.469    13.375   206.808
    13.750     3.423     3.165    17.736    19.438   -19.625     0.305   262.641   281.556    58.141   958.363    13.625   206.738
    14.000     3.429     3.172    17.719    19.421   -19.651     0.293   262.635   281.758    58.170   958.256    13.875   206.671
    14.250     3.405     3.179    17.704    19.404   -19.670     0.283   262.628   281.926    58.190   958.113    14.125   206.606
    14.500     3.448     3.172    17.682    19.386   -19.686     0.276   262.621   282.146    58.210   958.108    14.375   206.579
    14.750     3.502     3.180    17.663    19.367   -19.712     0.270   262.613   282.452    58.210   958.078    14.625   206.554
    15.000     3.484     3.175    17.642    19.348   -19.754     0.264   262.604   282.689    58.205   958.085    14.875   206.541
    15.250     3.470     3.173    17.622    19.329   -19.802     0.256   262.596   282.912    58.203   958.090    15.125   206.525
    15.500     3.440     3.166    17.601    19.309   -19.851     0.247   262.588   283.065    58.208   958.107    15.375   206.504
    15.750     3.435     3.170    17.581    19.289   -19.891     0.237   262.581   283.155    58.205   958.106    15.625   206.490
    16.000     3.425     3.156    17.559    19.268   -19.924     0.228   262.574   283.362    58.202   958.133    15.875   206.476
    16.250     3.439     3.165    17.538    19.247   -19.949     0.219   262.566   283.461    58.196   958.152    16.125   206.463
    16.500     3.442     3.165    17.516    19.226   -19.972     0.211   262.558   283.587    58.187   958.179    16.375   206.452
    16.750     3.437     3.165    17.494    19.204   -19.990     0.204   262.549   283.526    58.181   958.193    16.625   206.437
    17.000     3.429     3.163    17.471    19.181   -20.009     0.200   262.541   283.454    58.171   958.212    16.875   206.423
    17.250     3.398     3.166    17.450    19.159   -20.037     0.198   262.532   283.486    58.170   958.213    17.125   206.398
    17.500     3.356     3.150    17.426    19.134   -20.061     0.212   262.523   283.066    58.210   958.160    17.375   206.366
    17.750     3.286     3.173    17.404    19.109   -20.091     0.232   262.520   282.877    58.211   958.091    17.625   206.329
    18.000     3.401     3.166    17.379    19.084   -20.150     0.248   262.514   282.090    58.190   958.125    17.875   206.301
    18.250     3.341     3.166    17.359    19.061   -20.231     0.257   262.506   283.013    58.170   958.063    18.125   206.263
    18.500     3.433     3.157    17.331    19.037   -20.317     0.255   262.498   283.042    58.146   958.117    18.375   206.255
    18.750     3.392     3.148    17.306    19.014   -20.401     0.244   262.491   283.259    58.125   958.163    18.625   206.247
    19.000     3.002     3.160    17.289    18.989   -20.466     0.232   262.491   282.597    58.198   958.071    18.875   206.230
    19.250     2.996     3.189    17.262    18.960   -20.493     0.225   262.499   281.205    58.227   957.988    19.125   206.199
    19.500     3.368     3.178    17.220    18.930   -20.475     0.229   262.494   281.138    58.201   958.154    19.375   206.183
    19.750     3.262     3.175    17.196    18.902   -20.523     0.250   262.491   281.018    58.154   958.194    19.625   206.167
    20.000     3.259     3.175    17.174    18.875   -20.591     0.269   262.487   281.217    58.132   958.197    19.875   206.150
    20.250     3.225     3.178    17.158    18.849   -20.697     0.287   262.481   282.271    58.097   958.117    20.125   206.131
    20.500     3.289     3.131    17.123    18.821   -20.763     0.292   262.478   282.010    58.090   958.190    20.375   206.130
    20.750     3.309     3.149    17.093    18.795   -20.851     0.312   262.470   281.902    58.059   958.179    20.625   206.122
    21.000     3.198     3.149    17.068    18.768   -20.960     0.306   262.468   281.806    58.050   958.202    20.875   206.094
    21.250     3.203     3.146    17.039    18.742   -21.051     0.282   262.468   281.959    58.029   958.261    21.125   206.083
    21.500     3.266     3.151    17.008    18.717   -21.100     0.255   262.468   282.206    58.002   958.364    21.375   206.071
    21.750     3.415     3.146    16.975    18.692   -21.090     0.229   262.459   281.634    57.968   958.414    21.625   206.035
    22.000     3.362     3.140    16.951    18.669   -21.059     0.216   262.450   280.982    57.919   958.439    21.875   206.027
    22.250     3.359     3.113    16.926    18.646   -21.011     0.225   262.439   281.528    57.918   958.517    22.125   206.011
    22.500     3.256     3.116    16.909    18.624   -21.037     0.247   262.435   281.526    57.905   958.495    22.375   205.996
    22.750     3.233     3.131    16.887    18.601   -21.105     0.246   262.433   281.162    57.899   958.504    22.625   205.982
    23.000     3.333     3.134    16.860    18.577   -21.180     0.236   262.428   281.368    57.880   958.579    22.875   205.970
    23.250     3.404     3.125    16.833    18.555   -21.215     0.228   262.419   280.881    57.828   958.609    23.125   205.955
    23.500     3.387     3.123    16.812    18.533   -21.231     0.239   262.409   281.669    57.804   958.634    23.375   205.936
    23.750     3.272     3.111    16.792    18.511   -21.279     0.246   262.402   281.615    57.805   958.664    23.625   205.924
    24.000     3.198     3.112    16.771    18.489   -21.359     0.239   262.399   281.780    57.813   958.671    23.875   205.902
    24.250     3.231     3.110    16.748    18.467   -21.427     0.226   262.397   281.934    57.798   958.721    24.125   205.893
    24.500     3.410     3.118    16.720    18.444   -21.453     0.211   262.389   280.817    57.770   958.736    24.375   205.864
    24.750     3.392     3.116    16.696    18.422   -21.440     0.207   262.378   280.929    57.736   958.783    24.625   205.856
    25.000     3.242     3.108    16.680    18.400   -21.440     0.229   262.370   281.534    57.727   958.765    24.875   205.840
    25.250     3.187     3.110    16.659    18.378   -21.487     0.235   262.368   281.103    57.741   958.781    25.125   205.828
    25.500     3.284     3.113    16.634    18.355   -21.555     0.229   262.363   280.574    57.723   958.781    25.375   205.804
    25.750     3.382     3.107    16.608    18.332   -21.592     0.231   262.352   281.287    57.682   958.813    25.625   205.790
    26.000     3.292     3.092    16.586    18.310   -21.641     0.237   262.345   281.464    57.666   958.876    25.875   205.783
    26.250     3.184     3.098    16.566    18.288   -21.714     0.231   262.342   281.449    57.673   958.879    26.125   205.762
    26.500     3.186     3.093    16.542    18.266   -21.786     0.219   262.340   281.651    57.670   958.937    26.375   205.743
    26.750     3.361     3.100    16.515    18.243   -21.807     0.205   262.331   281.506    57.638   958.931    26.625   205.713
    27.000     3.362     3.094    16.488    18.221   -21.791     0.202   262.321   281.281    57.610   958.997    26.875   205.711
    27.250     3.231     3.088    16.473    18.199   -21.811     0.225   262.313   281.128    57.586   958.968    27.125   205.702
    27.500     3.173     3.092    16.452    18.177   -21.869     0.229   262.311   281.116    57.601   958.971    27.375   205.683
    27.750     3.191     3.088    16.427    18.154   -21.954     0.220   262.308   281.356    57.591   959.040    27.625   205.678
    28.000     3.327     3.063    16.397    18.131   -21.993     0.207   262.301   281.206    57.555   959.106    27.875   205.673
    28.250     3.416     3.057    16.369    18.108   -21.989     0.201   262.289   281.263    57.510   959.192    28.125   205.667
    28.500     3.286     3.074    16.353    18.087   -22.016     0.215   262.281   280.557    57.478   959.168    28.375   205.659
    28.750     3.171     3.073    16.333    18.065   -22.080     0.216   262.278   281.234    57.485   959.204    28.625   205.652
    29.000     3.161     3.073    16.311    18.042   -22.158     0.206   262.275   281.523    57.479   959.239    28.875   205.641
    29.250     3.307     3.052    16.281    18.019   -22.193     0.192   262.267   281.359    57.455   959.302    29.125   205.623
    29.500     3.356     3.048    16.255    17.997   -22.188     0.186   262.257   281.204    57.413   959.354    29.375   205.618
    29.750     3.252     3.074    16.240    17.975   -22.208     0.204   262.248   281.121    57.385   959.296    29.625   205.600
    30.000     3.184     3.054    16.218    17.953   -22.255     0.209   262.244   280.960    57.398   959.348    29.875   205.589
    30.250     3.134     3.064    16.196    17.930   -22.338     0.204   262.241   281.285    57.394   959.372    30.125   205.581
    30.500     3.247     3.058    16.167    17.907   -22.392     0.193   262.237   281.158    57.373   959.465    30.375   205.573
    30.750     3.346     3.060    16.139    17.884   -22.401     0.184   262.228   280.842    57.325   959.500    30.625   205.561
    31.000     3.281     3.063    16.121    17.862   -22.408     0.196   262.219   279.945    57.294   959.490    30.875   205.543
    31.250     3.156     3.058    16.102    17.840   -22.453     0.206   262.213   280.815    57.297   959.502    31.125   205.537
    31.500     3.110     3.054    16.080    17.818   -22.531     0.201   262.210   280.973    57.299   959.533    31.375   205.524
    31.750     3.246     3.048    16.051    17.794   -22.581     0.190   262.206   281.059    57.281   959.602    31.625   205.511
    32.000     3.332     3.050    16.024    17.772   -22.593     0.183   262.196   280.823    57.224   959.656    31.875   205.516
    32.250     3.290     3.048    16.003    17.750   -22.609     0.193   262.188   279.820    57.191   959.692    32.125   205.510
    32.500     3.122     3.048    15.987    17.728   -22.670     0.197   262.182   280.800    57.195   959.672    32.375   205.491
    32.750     3.112     3.048    15.965    17.706   -22.751     0.190   262.180   280.990    57.195   959.713    32.625   205.483
    33.000     3.247     3.054    15.937    17.682   -22.798     0.178   262.174   280.716    57.175   959.766    32.875   205.469
    33.250     3.268     3.046    15.912    17.660   -22.801     0.172   262.165   280.186    57.127   959.815    33.125   205.456
    33.500     3.259     3.045    15.888    17.638   -22.785     0.187   262.156   280.057    57.113   959.858    33.375   205.448
    33.750     3.104     3.025    15.872    17.616   -22.840     0.205   262.152   280.691    57.106   959.872    33.625   205.445
    34.000     3.070     3.026    15.851    17.594   -22.929     0.199   262.149   280.743    57.110   959.857    33.875   205.425
    34.250     3.228     3.030    15.821    17.570   -22.987     0.185   262.145   280.693    57.089   959.933    34.125   205.418
    34.500     3.304     3.031    15.794    17.548   -22.997     0.177   262.135   280.423    57.030   959.984    34.375   205.421
    34.750     3.267     3.007    15.770    17.526   -23.007     0.185   262.125   280.570    56.997   960.031    34.625   205.421
    35.000     3.126     3.022    15.753    17.505   -23.065     0.187   262.121   280.629    56.997   960.042    34.875   205.407
    35.250     3.101     3.023    15.733    17.482   -23.141     0.180   262.119   280.702    56.992   960.074    35.125   205.396
    35.500     3.215     3.016    15.704    17.460   -23.186     0.168   262.113   280.706    56.973   960.120    35.375   205.380
    35.750     3.301     3.023    15.679    17.438   -23.185     0.161   262.103   279.922    56.930   960.188    35.625   205.375
    36.000     3.207     3.021    15.659    17.416   -23.182     0.176   262.093   280.368    56.908   960.207    35.875   205.368
    36.250     3.113     3.003    15.641    17.395   -23.225     0.191   262.088   280.361    56.904   960.200    36.125   205.359
    36.500     3.073     3.019    15.621    17.372   -23.316     0.188   262.085   280.310    56.907   960.202    36.375   205.345
    36.750     3.169     3.023    15.594    17.349   -23.381     0.176   262.082   280.343    56.895   960.243    36.625   205.327
    37.000     3.239     3.014    15.566    17.327   -23.398     0.168   262.072   280.126    56.844   960.308    36.875   205.325
    37.250     3.248     3.000    15.543    17.305   -23.395     0.174   262.063   280.048    56.813   960.356    37.125   205.327
    37.500     3.096     3.003    15.525    17.284   -23.428     0.177   262.057   280.036    56.810   960.352    37.375   205.313
    37.750     3.066     3.007    15.505    17.261   -23.494     0.175   262.055   280.192    56.809   960.367    37.625   205.299
    38.000     3.183     3.010    15.479    17.239   -23.548     0.167   262.050   280.101    56.789   960.408    37.875   205.281
    38.250     3.231     3.003    15.454    17.217   -23.572     0.164   262.040   280.079    56.735   960.442    38.125   205.276
    38.500     3.219     2.990    15.431    17.196   -23.590     0.173   262.032   280.197    56.720   960.503    38.375   205.273
    38.750     3.050     2.995    15.414    17.175   -23.648     0.175   262.027   280.025    56.726   960.504    38.625   205.260
    39.000     3.039     2.996    15.393    17.153   -23.716     0.170   262.027   280.067    56.728   960.523    38.875   205.247
    39.250     3.186     2.974    15.364    17.130   -23.745     0.161   262.020   280.029    56.697   960.587    39.125   205.240
    39.500     3.280     2.991    15.337    17.108   -23.742     0.159   262.010   279.810    56.648   960.659    39.375   205.244
    39.750     3.159     2.923    15.316    17.086   -23.760     0.171   261.999   279.809    56.625   960.682    39.625   205.240
    40.000     3.071     2.988    15.301    17.065   -23.838     0.172   261.997   279.976    56.627   960.660    39.875   205.226
    40.250     3.029     2.986    15.280    17.043   -23.912     0.165   261.996   280.088    56.628   960.694    40.125   205.212
    40.500     3.197     2.990    15.252    17.020   -23.952     0.155   261.989   280.080    56.601   960.729    40.375   205.194
    40.750     3.189     2.986    15.228    16.999   -23.956     0.151   261.979   279.774    56.565   960.760    40.625   205.174
    41.000     3.164     2.974    15.206    16.978   -23.959     0.165   261.973   279.483    56.551   960.811    40.875   205.173
    41.250     3.001     2.982    15.191    16.956   -24.009     0.175   261.968   279.498    56.557   960.765    41.125   205.156
    41.500     3.008     2.968    15.168    16.934   -24.085     0.171   261.967   279.585    56.561   960.795    41.375   205.142
    41.750     3.181     2.982    15.140    16.911   -24.135     0.162   261.961   279.629    56.531   960.840    41.625   205.130
    42.000     3.213     2.975    15.115    16.889   -24.145     0.159   261.951   279.470    56.479   960.876    41.875   205.125
    42.250     3.146     2.963    15.094    16.869   -24.164     0.170   261.942   279.470    56.461   960.930    42.125   205.123
    42.500     3.025     2.967    15.076    16.847   -24.229     0.170   261.940   279.668    56.468   960.937    42.375   205.113
    42.750     3.012     2.955    15.055    16.826   -24.302     0.163   261.940   279.711    56.464   960.958    42.625   205.097
    43.000     3.179     2.958    15.026    16.804   -24.337     0.151   261.933   279.679    56.437   961.025    42.875   205.091
    43.250     3.219     2.963    15.001    16.783   -24.336     0.144   261.922   279.455    56.386   961.081    43.125   205.094
    43.500     3.123     2.954    14.981    16.763   -24.337     0.154   261.912   279.331    56.369   961.092    43.375   205.094
    43.750     3.037     2.961    14.965    16.741   -24.394     0.160   261.909   279.596    56.378   961.099    43.625   205.078
    44.000     2.986     2.959    14.945    16.719   -24.479     0.155   261.909   279.574    56.381   961.119    43.875   205.060
    44.250     3.179     2.949    14.915    16.697   -24.507     0.146   261.901   279.497    56.349   961.195    44.125   205.055
    44.500     3.191     2.957    14.892    16.675   -24.501     0.144   261.890   279.286    56.299   961.204    44.375   205.053
    44.750     3.108     2.949    14.873    16.655   -24.528     0.159   261.882   279.226    56.288   961.244    44.625   205.047
    45.000     2.976     2.954    14.856    16.633   -24.605     0.160   261.880   279.440    56.303   961.225    44.875   205.028
    45.250     2.976     2.951    14.834    16.611   -24.678     0.153   261.880   279.318    56.304   961.253    45.125   205.012
    45.500     3.170     2.940    14.804    16.589   -24.693     0.144   261.871   279.173    56.265   961.312    45.375   205.007
    45.750     3.173     2.950    14.785    16.568   -24.698     0.149   261.861   278.951    56.209   961.309    45.625   205.005
    46.000     3.099     2.939    14.762    16.547   -24.720     0.157   261.854   279.121    56.214   961.384    45.875   205.000
    46.250     2.959     2.945    14.745    16.526   -24.804     0.155   261.852   279.301    56.224   961.358    46.125   204.981
    46.500     2.993     2.941    14.721    16.504   -24.863     0.147   261.853   279.255    56.223   961.407    46.375   204.968
    46.750     3.161     2.916    14.692    16.482   -24.874     0.138   261.843   279.078    56.180   961.468    46.625   204.964
    47.000     3.159     2.865    14.667    16.461   -24.858     0.138   261.832   278.558    56.147   961.523    46.875   204.956
    47.250     3.090     2.930    14.651    16.441   -24.893     0.154   261.825   278.965    56.132   961.525    47.125   204.956
    47.500     2.950     2.921    14.633    16.420   -24.975     0.153   261.823   279.016    56.145   961.518    47.375   204.939
    47.750     2.979     2.934    14.612    16.398   -25.046     0.146   261.823   279.063    56.139   961.536    47.625   204.924
    48.000     3.070     2.939    14.586    16.376   -25.068     0.136   261.816   278.838    56.123   961.593    47.875   204.920
    48.250     2.828     2.944    14.567    16.350   -25.065     0.138   261.817   278.054    56.136   961.603    48.125   204.910
    48.500     2.928     2.962    14.546    16.324   -25.068     0.155   261.817   277.686    56.126   961.620    48.375   204.896
    48.750     2.878     2.951    14.527    16.299   -25.143     0.174   261.820   277.463    56.111   961.647    48.625   204.892
    49.000     2.994     2.914    14.502    16.272   -25.232     0.201   261.818   276.582    56.092   961.682    48.875   204.883
    49.250     3.022     2.958    14.480    16.247   -25.346     0.229   261.815   276.734    56.058   961.680    49.125   204.870
    49.500     2.955     2.858    14.456    16.223   -25.447     0.224   261.812   277.351    56.023   961.719    49.375   204.861
    49.750     3.097     2.943    14.432    16.200   -25.524     0.238   261.807   276.752    55.981   961.724    49.625   204.849
    50.000     3.089     2.934    14.406    16.178   -25.568     0.221   261.801   276.715    55.947   961.781    49.875   204.840
