  1000.000     7.274     4.163     0.000     0.656    -1.584    -1.052     2.668     0.000     0.000     0.000     0.000     0.000     0.000   296.043     0.000   0.00E+00    -0.990     0.304   280.411
   950.000     3.179     3.973     0.001     0.826     1.180    -1.336     0.102     0.000    16.835     0.000   -12.426     0.000     0.001   296.018     0.000   0.12E-06    -1.333     0.340   276.341
   900.000    -0.509     3.078    -0.275     0.744     1.351    -1.365     0.000     0.000    16.830    -0.001   -13.222     0.001     2.229   293.258     0.000   0.12E-01    -0.446     0.364   272.366
   850.000    -3.969     2.168     0.320     0.685     1.436    -1.452     0.000     0.000    15.667    -2.225   -11.061     2.597     1.995   291.886     0.056   0.33E+00     0.160     0.394   269.565
   800.000    -7.373     1.368     0.580     0.564     1.581    -1.599     0.000     0.000    14.298    -1.995    -8.195     2.372     0.688   290.427     0.016   0.29E+00     0.703     0.429   266.475
   750.000   -10.817     0.784     0.523     0.414     1.588    -1.607     0.000     0.000    13.702    -0.687    -6.918     1.781     0.324   289.884     0.003   0.18E+00     0.981     0.456   263.046
   700.000   -14.603     0.458     0.326     0.296     1.473    -1.494     0.000     0.000    13.552    -0.238    -6.011     1.613     0.257   289.984     0.003   0.14E+00     0.980     0.475   259.221
   650.000   -18.843     0.285     0.111     0.223     1.301    -1.324     0.000     0.000    13.497    -0.174    -5.129     1.492     0.277   290.652     0.004   0.11E+00     0.821     0.483   254.941
   600.000   -23.596     0.173    -0.068     0.184     1.081    -1.107     0.000     0.000    13.496    -0.211    -4.132     1.575     0.268   291.309     0.006   0.94E-01     0.609     0.480   250.144
   550.000   -28.890     0.092    -0.173     0.175     0.851    -0.881     0.000     0.000    13.625    -0.227    -3.035     1.731     0.167   292.181     0.009   0.90E-01     0.414     0.461   244.773
   500.000   -34.877     0.083    -0.193     0.219     0.733    -0.766     0.000     0.000    14.172    -0.136    -1.872     2.043     0.026   292.523     0.017   0.61E-01     0.258     0.428   238.777
   450.000   -41.770     0.118    -0.172     0.387     0.729    -0.767     0.000     0.000    15.345    -0.000    -0.889     2.562     0.155   293.007     0.069   0.14E+00     0.106     0.383   232.112
   400.000   -49.269     0.097    -0.190     0.626     0.620    -0.664     0.000     0.000    14.987    -0.001    -0.290     2.757     2.191   293.548     0.171   0.13E+00     0.033     0.331   224.722
   350.000   -57.459     0.022    -0.231     0.687     0.466    -0.515     0.000     0.000    12.577     0.000    -0.076     3.300     4.946   293.663     0.099   0.29E-01     0.006     0.251   216.518
   300.000   -66.362     0.009    -0.338     0.995     0.249    -0.303     0.000     0.000     1.412     0.000    -0.004     0.209    11.316   293.820     0.434   0.47E-02    -0.000     0.164   207.347
   250.000   -73.409     0.004    -2.722     0.999    -0.014    -0.037     0.000     0.000     0.002     0.000    -0.000     0.000     1.410   296.438     0.294   0.49E-03    -0.000     0.037   196.861
   200.000   -71.633     0.001    -4.000     0.147    -0.000    -0.021     0.000     0.000     0.000     0.000    -0.000     0.000     0.002   310.699     0.000   0.10E-05    -0.000     0.000   184.130
   150.000   -72.853     0.001    -4.000     0.126     0.000     0.001     0.000     0.000     0.000     0.000     0.000     0.000     0.000   325.468     0.000   0.00E+00     0.000     0.000   167.755
   100.000   -72.805     0.001    -4.000     0.087     0.000     0.001     0.000     0.000     0.000     0.000     0.000     0.000     0.000   348.210     0.000   0.00E+00     0.000     0.000   144.885
    80.000   -71.172     0.001    -4.000     0.057     0.000     0.005     0.000     0.000     0.000     0.000     0.000     0.000     0.000   362.250     0.000   0.00E+00     0.000     0.000     0.000
    60.000   -66.087     0.001     0.000     0.022     0.000     0.017     0.000     0.000     0.000     0.000     0.000     0.000     0.000   383.930     0.000   0.00E+00     0.000     0.000     0.000
    40.000   -59.204     0.001     0.000     0.006     0.000     0.035     0.000     0.000     0.000     0.000     0.000     0.000     0.000   414.317     0.000   0.00E+00     0.000     0.000     0.000
    30.000   -54.679     0.001     0.000     0.003     0.000     0.046     0.000     0.000     0.000     0.000     0.000     0.000     0.000   436.474     0.000   0.00E+00     0.000     0.000     0.000
    25.000   -48.188     0.001     0.000     0.001     0.000     0.063     0.000     0.000     0.000     0.000     0.000     0.000     0.000   453.705     0.000   0.00E+00    -0.001     0.000     0.000
