  1000.000     4.360     3.280     0.000     0.703    -1.648    -1.448     2.850     0.000     0.000     0.000     0.000     0.000     0.000   315.740     0.000   0.00E+00    -1.373     0.401   277.483
   950.000     0.276     3.105     0.001     0.878     2.006    -1.537    -0.386     0.000    14.495     0.000   -11.824     0.000     0.000   315.700     0.000   0.00E+00    -2.718     0.439   273.454
   900.000    -3.537     2.286    -0.241     0.766     1.547    -1.631     0.000     0.000    14.495     0.000   -10.064     0.000     1.791   311.175     0.000   0.33E-01    -1.147     0.464   269.474
   850.000    -7.046     1.553     0.239     0.706     1.502    -1.589     0.000     0.000    13.416    -1.791    -8.553     2.043     1.490   308.893     0.030   0.22E+00    -0.368     0.499   266.502
   800.000   -10.621     0.996     0.421     0.616     1.559    -1.647     0.000     0.000    12.311    -1.490    -6.821     1.855     0.780   307.161     0.010   0.24E+00     0.260     0.531   263.228
   750.000   -14.345     0.585     0.384     0.509     1.534    -1.624     0.000     0.000    11.636    -0.676    -6.025     1.452     0.342   306.317     0.002   0.18E+00     0.636     0.557   259.607
   700.000   -18.351     0.297     0.248     0.424     1.464    -1.557     0.000     0.000    11.438    -0.181    -5.484     1.327     0.346   306.000     0.001   0.15E+00     0.778     0.573   255.590
   650.000   -22.698     0.161     0.096     0.363     1.365    -1.460     0.000     0.000    11.249    -0.176    -4.935     1.234     0.309   306.021     0.000   0.11E+00     0.790     0.580   251.127
   600.000   -27.586     0.090    -0.073     0.318     1.235    -1.333     0.000     0.000    11.147    -0.144    -4.213     1.237     0.286   306.365     0.000   0.91E-01     0.727     0.577   246.172
   550.000   -32.937     0.039    -0.187     0.296     1.085    -1.187     0.000     0.000    11.160    -0.142    -3.389     1.340     0.180   306.776     0.000   0.92E-01     0.601     0.563   240.682
   500.000   -38.921     0.026    -0.217     0.314     1.031    -1.137     0.000     0.000    11.449    -0.075    -2.459     1.529     0.085   307.315     0.002   0.63E-01     0.447     0.536   234.620
   450.000   -45.648     0.024    -0.171     0.405     1.077    -1.187     0.000     0.000    11.990     0.000    -1.542     1.943     0.404   307.815     0.036   0.20E+00     0.331     0.497   227.944
   400.000   -53.007     0.019    -0.139     0.533     1.020    -1.136     0.000     0.000    11.765     0.000    -0.804     1.923     1.396   308.287     0.104   0.20E+00     0.249     0.442   220.596
   350.000   -61.098     0.015    -0.130     0.624     0.929    -1.050    -0.000     0.000     8.667     0.000    -0.379     1.807     4.295   308.837     0.108   0.12E+00     0.174     0.373   212.478
   300.000   -69.942     0.005    -0.205     0.749     0.641    -0.767     0.000     0.000     3.439     0.000    -0.167     0.578     5.631   309.452     0.259   0.78E-01     0.113     0.284   203.433
   250.000   -74.167     0.003    -2.108     0.848     0.443    -0.559     0.000     0.000     1.737     0.000    -0.058     0.289     1.903   312.171     0.325   0.44E-01     0.043     0.190   193.029
   200.000   -72.062     0.001    -4.000     0.376     0.249    -0.334     0.000     0.000     0.688     0.000    -0.013     0.106     1.119   321.579     0.093   0.22E-01     0.009     0.131   180.334
   150.000   -72.493     0.001    -4.000     0.291     0.111    -0.164     0.000     0.000     0.114     0.000    -0.000     0.013     0.579   334.590     0.077   0.56E-02    -0.000     0.073   163.956
   100.000   -70.881     0.001    -4.000     0.141     0.001    -0.004     0.000     0.000     0.000     0.000    -0.000     0.000     0.114   357.044     0.016   0.34E-03    -0.000     0.019   140.949
    80.000   -67.656     0.001    -4.000     0.027     0.000     0.014     0.000     0.000     0.000     0.000     0.000     0.000     0.000   373.536     0.000   0.00E+00     0.000     0.000     0.000
    60.000   -60.145     0.001     0.000     0.008     0.000     0.032     0.000     0.000     0.000     0.000     0.000     0.000     0.000   397.934     0.000   0.00E+00     0.000     0.000     0.000
    40.000   -50.143     0.001     0.000     0.002     0.000     0.057     0.000     0.000     0.000     0.000     0.000     0.000     0.000   432.196     0.000   0.00E+00     0.000     0.000     0.000
    30.000   -42.115     0.001     0.000     0.001     0.000     0.078     0.000     0.000     0.000     0.000     0.000     0.000     0.000   457.891     0.000   0.00E+00     0.000     0.000     0.000
    25.000   -26.171     0.001     0.000     0.000     0.000     0.117     0.000     0.000     0.000     0.000     0.000     0.000     0.000   483.956     0.000   0.00E+00    -0.001     0.000     0.000
