  1000.000     4.060     3.201     0.000     0.663    -1.536    -1.188     2.731     0.000     0.000     0.000     0.000     0.000     0.000   297.746     0.000   0.00E+00    -0.967     0.311   277.181
   950.000    -0.023     3.029     0.001     0.835     1.274    -1.501     0.125     0.000    16.934     0.000   -11.845     0.000     0.001   297.733     0.000   0.48E-07    -1.455     0.346   273.157
   900.000    -3.863     2.229    -0.204     0.743     1.442    -1.496     0.000     0.000    16.929    -0.001   -12.342     0.001     2.113   294.521     0.000   0.21E-01    -0.443     0.369   269.180
   850.000    -7.412     1.520     0.306     0.674     1.471    -1.527     0.000     0.000    15.710    -2.109    -9.657     2.445     2.047   292.731     0.042   0.26E+00     0.177     0.401   266.191
   800.000   -11.028     0.958     0.541     0.568     1.559    -1.619     0.000     0.000    14.323    -2.047    -7.429     2.406     1.046   291.725     0.015   0.28E+00     0.657     0.433   262.901
   750.000   -14.745     0.499     0.516     0.433     1.536    -1.598     0.000     0.000    13.404    -1.041    -6.358     1.834     0.327   291.223     0.002   0.19E+00     0.933     0.457   259.263
   700.000   -18.707     0.279     0.345     0.327     1.447    -1.512     0.000     0.000    13.220    -0.275    -5.624     1.650     0.372   291.472     0.001   0.14E+00     0.967     0.471   255.229
   650.000   -23.163     0.123     0.158     0.254     1.297    -1.365     0.000     0.000    13.005    -0.304    -4.864     1.509     0.283   291.727     0.001   0.11E+00     0.873     0.477   250.751
   600.000   -27.958     0.066    -0.053     0.209     1.109    -1.181     0.000     0.000    12.936    -0.216    -3.868     1.494     0.290   292.410     0.001   0.92E-01     0.680     0.473   245.783
   550.000   -33.362     0.029    -0.200     0.191     0.866    -0.944     0.000     0.000    12.972    -0.232    -2.909     1.642     0.149   293.169     0.002   0.92E-01     0.479     0.457   240.286
   500.000   -39.390     0.022    -0.243     0.227     0.735    -0.818     0.000     0.000    13.407    -0.108    -1.893     1.917     0.033   293.947     0.007   0.59E-01     0.293     0.427   234.221
   450.000   -46.027     0.019    -0.214     0.366     0.735    -0.824     0.000     0.000    14.471     0.000    -0.956     2.574     0.237   294.363     0.052   0.13E+00     0.137     0.384   227.548
   400.000   -53.287     0.015    -0.207     0.575     0.602    -0.697     0.000     0.000    14.529     0.000    -0.369     2.646     1.640   294.689     0.151   0.14E+00     0.054     0.329   220.203
   350.000   -61.349     0.013    -0.210     0.762     0.511    -0.613    -0.000     0.000     9.796     0.000    -0.101     2.321     6.306   294.905     0.170   0.55E-01     0.009     0.256   212.092
   300.000   -70.255     0.005    -0.335     0.961     0.230    -0.339     0.000     0.000     2.285     0.000    -0.019     0.479     7.890   295.214     0.385   0.22E-01     0.001     0.161   203.057
   250.000   -74.346     0.003    -3.377     1.014     0.058    -0.153     0.000     0.000     0.097     0.000    -0.000     0.000     2.188   298.431     0.466   0.25E-02    -0.000     0.057   192.664
   200.000   -72.431     0.001    -4.000     0.183    -0.004    -0.050     0.000     0.000     0.000     0.000    -0.000     0.000     0.097   311.636     0.000   0.30E-04    -0.000     0.009   179.988
   150.000   -72.919     0.001    -4.000     0.124     0.000    -0.012     0.000     0.000     0.000     0.000     0.000     0.000     0.000   326.937     0.000   0.19E-09    -0.000     0.000   163.642
   100.000   -71.229     0.001    -4.000     0.066     0.000     0.006     0.000     0.000     0.000     0.000     0.000     0.000     0.000   350.749     0.000   0.00E+00     0.000     0.000   140.678
    80.000   -67.945     0.001    -4.000     0.036     0.000     0.017     0.000     0.000     0.000     0.000     0.000     0.000     0.000   366.357     0.000   0.00E+00     0.000     0.000     0.000
    60.000   -60.390     0.001     0.000     0.011     0.000     0.043     0.000     0.000     0.000     0.000     0.000     0.000     0.000   390.314     0.000   0.00E+00     0.000     0.000     0.000
    40.000   -50.290     0.001     0.000     0.003     0.000     0.076     0.000     0.000     0.000     0.000     0.000     0.000     0.000   424.626     0.000   0.00E+00     0.000     0.000     0.000
    30.000   -42.218     0.001     0.000     0.001     0.000     0.103     0.000     0.000     0.000     0.000     0.000     0.000     0.000   450.638     0.000   0.00E+00     0.000     0.000     0.000
    25.000   -26.146     0.001     0.000     0.000     0.000     0.157     0.000     0.000     0.000     0.000     0.000     0.000     0.000   478.205     0.000   0.00E+00    -0.001     0.000     0.000
