     0.250     0.027     1.631    11.675    12.501   -21.652     1.096   262.862   250.976    14.035  1009.657     0.125   268.040
     0.500     0.050     1.659    11.864    12.978   -21.918     1.096   262.917   251.156    16.923  1008.371     0.375   265.753
     0.750     0.313     1.741    12.160    13.418   -22.183     1.096   262.958   251.399    19.709  1006.872     0.625   260.707
     1.000     0.872     1.821    12.435    13.822   -22.448     1.096   262.969   251.791    22.083  1005.444     0.875   257.724
     1.250     1.445     1.915    12.712    14.189   -22.711     1.096   262.977   252.250    24.250  1004.008     1.125   254.855
     1.500     1.791     2.015    12.985    14.520   -22.973     1.096   262.977   252.848    26.232  1002.579     1.375   252.186
     1.750     2.037     2.109    13.243    14.817   -23.233     1.096   262.965   253.502    28.073  1001.154     1.625   249.551
     2.000     2.218     2.194    13.478    15.083   -23.490     1.096   262.955   254.152    29.779   999.752     1.875   247.104
     2.250     2.279     2.272    13.694    15.323   -23.753     1.097   262.948   254.740    31.398   998.343     2.125   244.555
     2.500     2.404     2.340    13.890    15.537   -24.061     1.108   262.941   255.292    32.905   996.972     2.375   242.244
     2.750     2.437     2.401    14.070    15.732   -24.369     1.122   262.935   255.824    34.322   995.623     2.625   240.134
     3.000     2.535     2.452    14.235    15.907   -24.588     1.132   262.931   256.284    35.613   994.351     2.875   238.349
     3.250     2.619     2.500    14.390    16.070   -24.713     1.134   262.941   256.689    37.004   992.815     3.125   236.125
     3.500     3.392     2.541    14.507    16.215   -24.762     1.123   262.925   257.424    38.292   991.311     3.375   234.345
     3.750     3.118     2.580    14.629    16.348   -24.812     1.124   262.904   258.260    39.571   989.748     3.625   232.246
     4.000     3.154     2.609    14.741    16.469   -24.831     1.167   262.889   258.897    40.725   988.282     3.875   230.623
     4.250     3.124     2.638    14.845    16.581   -24.839     1.208   262.878   259.580    41.868   986.806     4.125   228.632
     4.500     3.159     2.662    14.944    16.684   -24.687     1.154   262.876   260.005    42.880   985.437     4.375   227.082
     4.750     3.311     2.691    15.030    16.779   -24.472     1.066   262.868   260.549    43.773   984.258     4.625   225.936
     5.000     3.276     2.715    15.112    16.865   -24.308     1.004   262.856   261.149    44.703   982.977     4.875   224.420
     5.250     3.352     2.734    15.186    16.944   -24.194     0.960   262.840   261.967    45.569   981.736     5.125   222.919
     5.500     3.230     2.750    15.262    17.018   -24.083     0.914   262.835   262.471    46.320   980.567     5.375   221.810
     5.750     3.180     2.770    15.335    17.088   -23.955     0.861   262.832   262.933    47.078   979.344     5.625   220.573
     6.000     3.282     2.794    15.397    17.151   -23.816     0.805   262.824   263.481    47.825   978.174     5.875   219.299
     6.250     3.438     2.814    15.449    17.208   -23.723     0.757   262.815   264.085    48.480   977.151     6.125   218.170
     6.500     3.418     2.825    15.499    17.259   -23.673     0.716   262.804   264.665    48.978   976.338     6.375   217.546
     6.750     3.321     2.836    15.550    17.308   -23.618     0.678   262.794   265.243    49.449   975.513     6.625   216.949
     7.000     3.229     2.848    15.601    17.354   -23.558     0.641   262.791   265.670    49.910   974.673     6.875   216.344
     7.250     3.238     2.866    15.646    17.396   -23.458     0.600   262.790   266.008    50.367   973.888     7.125   215.765
     7.500     3.248     2.880    15.686    17.434   -23.357     0.557   262.785   266.537    50.810   973.110     7.375   215.160
     7.750     3.283     2.894    15.722    17.469   -23.260     0.517   262.778   267.086    51.238   972.337     7.625   214.540
     8.000     3.353     2.904    15.754    17.500   -23.177     0.480   262.767   267.634    51.657   971.577     7.875   213.872
     8.250     3.371     2.914    15.783    17.528   -23.112     0.448   262.756   268.185    52.081   970.774     8.125   213.078
     8.500     3.431     2.923    15.806    17.553   -23.072     0.423   262.742   268.788    52.395   970.206     8.375   212.631
     8.750     3.297     2.929    15.832    17.576   -23.073     0.404   262.734   269.176    52.664   969.691     8.625   212.289
     9.000     3.225     2.939    15.857    17.596   -23.081     0.388   262.729   269.536    52.919   969.198     8.875   211.974
     9.250     3.415     2.954    15.868    17.612   -23.052     0.369   262.721   270.021    53.160   968.872     9.125   211.708
     9.500     3.525     2.962    15.876    17.625   -22.990     0.348   262.709   270.668    53.368   968.641     9.375   211.444
     9.750     3.385     2.963    15.890    17.636   -22.914     0.326   262.695   271.028    53.591   968.253     9.625   211.129
    10.000     3.269     2.974    15.905    17.645   -22.813     0.304   262.682   271.135    53.825   967.745     9.875   210.795
    10.250     3.244     2.969    15.917    17.652   -22.707     0.293   262.670   271.240    54.028   967.250    10.125   210.487
    10.500     3.231     3.000    15.936    17.657   -22.664     0.314   262.665   270.540    54.193   966.764    10.375   210.223
    10.750     3.114     3.002    15.945    17.661   -22.649     0.329   262.663   271.483    54.371   966.412    10.625   210.021
    11.000     3.241     3.003    15.945    17.662   -22.678     0.328   262.659   272.266    54.502   966.152    10.875   209.859
    11.250     3.330     2.995    15.941    17.663   -22.738     0.310   262.654   272.971    54.592   965.975    11.125   209.721
    11.500     3.294     2.993    15.941    17.666   -22.816     0.284   262.647   273.906    54.685   965.749    11.375   209.575
    11.750     3.271     3.003    15.942    17.667   -22.881     0.255   262.642   274.476    54.797   965.518    11.625   209.423
    12.000     3.492     3.000    15.933    17.666   -22.890     0.224   262.628   275.107    54.906   965.384    11.875   209.239
    12.250     3.299     2.996    15.932    17.664   -22.869     0.197   262.616   275.050    55.055   965.050    12.125   208.941
    12.500     3.158     3.008    15.936    17.662   -22.826     0.178   262.608   275.156    55.196   964.788    12.375   208.732
    12.750     3.096     3.032    15.934    17.656   -22.778     0.167   262.608   275.220    55.344   964.531    12.625   208.520
    13.000     3.269     3.002    15.922    17.648   -22.706     0.161   262.599   274.046    55.457   964.317    12.875   208.258
    13.250     3.273     3.026    15.913    17.640   -22.645     0.173   262.589   274.516    55.572   964.040    13.125   207.973
    13.500     3.168     3.029    15.911    17.633   -22.649     0.206   262.581   274.383    55.694   963.715    13.375   207.683
    13.750     3.231     3.021    15.905    17.623   -22.712     0.229   262.573   274.465    55.812   963.423    13.625   207.382
    14.000     3.147     3.013    15.899    17.613   -22.807     0.228   262.568   274.721    55.931   963.134    13.875   207.071
    14.250     3.113     3.025    15.889    17.603   -22.891     0.216   262.566   275.030    56.002   962.977    14.125   206.941
    14.500     3.151     3.033    15.876    17.591   -22.943     0.201   262.565   275.566    56.046   962.862    14.375   206.860
    14.750     3.293     3.003    15.856    17.579   -22.944     0.185   262.557   274.612    56.069   962.793    14.625   206.779
    15.000     3.252     3.027    15.845    17.569   -22.923     0.182   262.547   274.536    56.097   962.639    14.875   206.699
    15.250     3.063     3.027    15.840    17.558   -22.918     0.189   262.542   274.855    56.152   962.475    15.125   206.628
    15.500     3.043     3.025    15.828    17.546   -22.947     0.190   262.542   275.084    56.211   962.361    15.375   206.564
    15.750     3.121     3.034    15.813    17.532   -22.986     0.185   262.541   275.223    56.239   962.294    15.625   206.503
    16.000     3.238     3.028    15.793    17.519   -22.995     0.178   262.533   275.134    56.241   962.225    15.875   206.446
    16.250     3.232     3.002    15.778    17.506   -22.992     0.179   262.524   275.061    56.259   962.168    16.125   206.385
    16.500     3.178     3.026    15.769    17.494   -23.014     0.198   262.518   274.925    56.286   962.041    16.375   206.327
    16.750     2.999     3.012    15.762    17.481   -23.070     0.204   262.516   274.797    56.333   961.915    16.625   206.269
    17.000     3.025     3.025    15.749    17.466   -23.137     0.199   262.516   275.024    56.370   961.830    16.875   206.218
    17.250     3.139     3.019    15.729    17.451   -23.173     0.190   262.512   275.309    56.383   961.779    17.125   206.173
    17.500     3.258     3.000    15.708    17.436   -23.159     0.183   262.507   274.153    56.376   961.761    17.375   206.126
    17.750     3.160     3.000    15.696    17.423   -23.165     0.194   262.499   275.062    56.386   961.687    17.625   206.078
    18.000     3.031     3.018    15.689    17.409   -23.208     0.200   262.498   275.153    56.417   961.567    17.875   206.034
    18.250     3.028     3.019    15.675    17.395   -23.273     0.193   262.499   275.405    56.446   961.521    18.125   205.992
    18.500     3.170     3.024    15.655    17.379   -23.302     0.181   262.494   275.142    56.448   961.462    18.375   205.950
    18.750     3.197     3.019    15.637    17.365   -23.306     0.172   262.486   275.106    56.435   961.405    18.625   205.909
    19.000     3.169     3.021    15.627    17.351   -23.303     0.180   262.478   274.997    56.431   961.312    18.875   205.867
    19.250     3.086     3.011    15.612    17.337   -23.311     0.192   262.476   275.052    56.472   961.300    19.125   205.833
    19.500     3.020     3.014    15.599    17.323   -23.371     0.190   262.477   275.221    56.499   961.235    19.375   205.797
    19.750     3.138     3.008    15.579    17.307   -23.421     0.181   262.474   275.328    56.504   961.219    19.625   205.764
    20.000     3.221     2.987    15.559    17.293   -23.434     0.171   262.465   275.243    56.485   961.192    19.875   205.730
    20.250     3.226     2.986    15.543    17.279   -23.424     0.171   262.456   275.195    56.484   961.160    20.125   205.700
    20.500     3.106     3.005    15.534    17.265   -23.445     0.182   262.452   274.993    56.496   961.082    20.375   205.673
    20.750     3.003     3.006    15.523    17.251   -23.508     0.181   262.452   275.489    56.525   961.034    20.625   205.643
    21.000     3.095     3.015    15.506    17.235   -23.567     0.173   262.453   275.860    56.532   961.027    20.875   205.618
    21.250     3.211     3.008    15.484    17.220   -23.587     0.162   262.444   275.518    56.515   961.016    21.125   205.587
    21.500     3.206     3.004    15.468    17.206   -23.574     0.156   262.436   275.413    56.498   961.011    21.375   205.574
    21.750     3.171     2.982    15.453    17.191   -23.555     0.165   262.428   275.581    56.500   960.997    21.625   205.562
    22.000     3.082     3.003    15.444    17.177   -23.609     0.179   262.425   276.011    56.506   960.988    21.875   205.561
    22.250     3.014     3.001    15.429    17.161   -23.709     0.174   262.426   276.295    56.522   960.975    22.125   205.539
    22.500     3.153     3.006    15.409    17.144   -23.780     0.162   262.424   276.096    56.518   960.992    22.375   205.517
    22.750     3.210     3.004    15.388    17.128   -23.797     0.147   262.414   276.154    56.490   961.008    22.625   205.506
    23.000     3.154     2.977    15.370    17.113   -23.764     0.138   262.405   275.907    56.483   961.048    22.875   205.492
    23.250     3.161     2.980    15.354    17.096   -23.710     0.144   262.398   275.485    56.483   961.047    23.125   205.489
    23.500     3.073     2.996    15.343    17.080   -23.723     0.169   262.394   275.434    56.478   961.008    23.375   205.479
    23.750     3.002     2.985    15.329    17.063   -23.798     0.173   262.394   275.678    56.488   960.996    23.625   205.457
    24.000     3.128     2.990    15.307    17.045   -23.881     0.165   262.392   275.782    56.477   961.025    23.875   205.444
    24.250     3.251     2.993    15.285    17.029   -23.915     0.155   262.382   276.005    56.429   961.075    24.125   205.444
    24.500     3.217     2.991    15.269    17.013   -23.924     0.151   262.372   275.918    56.397   961.069    24.375   205.442
    24.750     3.058     2.984    15.257    16.998   -23.950     0.151   262.369   276.013    56.412   961.099    24.625   205.430
    25.000     2.996     2.990    15.244    16.982   -24.004     0.147   262.370   276.372    56.427   961.093    24.875   205.417
    25.250     3.133     2.981    15.221    16.965   -24.047     0.139   262.365   276.152    56.414   961.158    25.125   205.394
    25.500     3.166     2.963    15.201    16.949   -24.040     0.130   262.356   275.979    56.393   961.179    25.375   205.384
    25.750     3.214     2.988    15.182    16.932   -24.009     0.132   262.347   275.846    56.381   961.223    25.625   205.380
    26.000     3.044     2.967    15.171    16.916   -24.023     0.155   262.342   275.662    56.375   961.183    25.875   205.372
    26.250     3.039     2.986    15.159    16.899   -24.090     0.165   262.341   275.694    56.377   961.154    26.125   205.359
    26.500     2.990     2.986    15.142    16.881   -24.180     0.159   262.341   275.909    56.387   961.162    26.375   205.341
    26.750     3.148     2.987    15.119    16.863   -24.234     0.147   262.336   275.918    56.364   961.183    26.625   205.328
    27.000     3.181     2.982    15.098    16.847   -24.241     0.138   262.327   275.821    56.332   961.217    26.875   205.320
    27.250     3.141     2.956    15.079    16.830   -24.215     0.142   262.320   275.416    56.320   961.262    27.125   205.318
    27.500     3.028     2.977    15.069    16.814   -24.239     0.154   262.317   275.631    56.316   961.241    27.375   205.313
    27.750     2.979     2.975    15.053    16.797   -24.314     0.153   262.318   275.855    56.327   961.259    27.625   205.299
    28.000     3.101     2.981    15.032    16.779   -24.376     0.144   262.314   275.974    56.311   961.270    27.875   205.284
    28.250     3.187     2.975    15.010    16.763   -24.396     0.134   262.305   275.928    56.279   961.315    28.125   205.276
    28.500     3.116     2.948    14.993    16.747   -24.381     0.131   262.296   275.528    56.266   961.361    28.375   205.263
    28.750     3.057     2.951    14.979    16.731   -24.367     0.146   262.291   275.178    56.262   961.345    28.625   205.260
    29.000     2.994     2.972    14.967    16.714   -24.411     0.156   262.291   275.397    56.272   961.330    28.875   205.246
    29.250     2.990     2.982    14.950    16.696   -24.497     0.152   262.292   275.658    56.272   961.349    29.125   205.230
    29.500     3.163     2.957    14.925    16.679   -24.539     0.142   262.285   275.496    56.240   961.391    29.375   205.221
    29.750     3.194     2.965    14.905    16.662   -24.544     0.136   262.276   275.102    56.205   961.431    29.625   205.219
    30.000     3.084     2.954    14.890    16.647   -24.541     0.143   262.267   275.433    56.190   961.431    29.875   205.223
    30.250     3.003     2.960    14.879    16.631   -24.590     0.149   262.267   275.732    56.206   961.450    30.125   205.212
    30.500     2.949     2.963    14.864    16.614   -24.673     0.143   262.269   275.971    56.214   961.443    30.375   205.193
    30.750     3.121     2.964    14.841    16.597   -24.715     0.132   262.263   275.724    56.192   961.480    30.625   205.184
    31.000     3.141     2.934    14.819    16.580   -24.700     0.122   262.254   275.473    56.165   961.526    30.875   205.180
    31.250     3.119     2.936    14.802    16.564   -24.665     0.125   262.245   275.352    56.152   961.555    31.125   205.182
    31.500     3.033     2.955    14.791    16.547   -24.677     0.147   262.241   275.164    56.143   961.534    31.375   205.178
    31.750     2.948     2.956    14.777    16.530   -24.757     0.150   262.241   275.528    56.158   961.528    31.625   205.161
    32.000     3.015     2.951    14.757    16.512   -24.836     0.142   262.242   275.507    56.153   961.564    31.875   205.151
    32.250     3.150     2.942    14.734    16.495   -24.860     0.132   262.233   275.331    56.112   961.601    32.125   205.145
    32.500     3.177     2.950    14.714    16.479   -24.848     0.128   262.224   275.256    56.083   961.653    32.375   205.146
    32.750     3.038     2.942    14.702    16.464   -24.856     0.139   262.218   275.282    56.071   961.654    32.625   205.144
    33.000     2.927     2.949    14.691    16.448   -24.917     0.140   262.218   275.490    56.089   961.624    32.875   205.129
    33.250     2.984     2.945    14.673    16.431   -24.984     0.133   262.219   275.813    56.092   961.651    33.125   205.113
    33.500     3.131     2.936    14.649    16.414   -25.006     0.123   262.211   275.408    56.060   961.702    33.375   205.105
    33.750     3.123     2.919    14.630    16.398   -24.988     0.118   262.201   275.310    56.035   961.742    33.625   205.105
    34.000     3.053     2.922    14.616    16.382   -24.972     0.132   262.194   275.086    56.025   961.741    33.875   205.102
    34.250     2.979     2.943    14.605    16.365   -25.014     0.142   262.193   275.118    56.034   961.724    34.125   205.092
    34.500     2.850     2.957    14.593    16.346   -25.093     0.140   262.195   274.863    56.064   961.706    34.375   205.078
    34.750     2.796     2.943    14.574    16.324   -25.124     0.139   262.200   274.049    56.069   961.722    34.625   205.069
    35.000     2.892     2.977    14.560    16.303   -25.149     0.152   262.202   273.905    56.031   961.697    34.875   205.062
    35.250     2.954     2.972    14.536    16.282   -25.198     0.165   262.201   273.756    56.030   961.777    35.125   205.056
    35.500     2.985     2.970    14.518    16.261   -25.278     0.201   262.200   273.650    56.011   961.790    35.375   205.040
    35.750     2.989     2.969    14.504    16.241   -25.381     0.227   262.198   273.680    55.976   961.755    35.625   205.024
    36.000     3.028     2.962    14.483    16.222   -25.453     0.210   262.197   273.656    55.955   961.797    35.875   205.013
    36.250     3.028     2.953    14.463    16.204   -25.504     0.219   262.192   273.797    55.925   961.819    36.125   204.996
    36.500     3.041     2.944    14.442    16.187   -25.537     0.201   262.189   273.734    55.897   961.871    36.375   204.985
    36.750     3.020     2.926    14.424    16.171   -25.563     0.184   262.185   273.979    55.871   961.904    36.625   204.971
    37.000     3.033     2.937    14.407    16.156   -25.571     0.161   262.182   273.889    55.851   961.915    36.875   204.957
    37.250     2.998     2.921    14.389    16.142   -25.555     0.145   262.179   273.895    55.844   961.954    37.125   204.940
    37.500     3.012     2.934    14.374    16.127   -25.529     0.136   262.176   274.001    55.831   961.964    37.375   204.928
    37.750     3.014     2.934    14.359    16.113   -25.511     0.133   262.173   273.844    55.819   961.991    37.625   204.917
    38.000     3.039     2.932    14.341    16.099   -25.500     0.137   262.168   273.989    55.812   962.039    37.875   204.910
    38.250     3.001     2.933    14.328    16.085   -25.534     0.143   262.167   273.050    55.801   962.071    38.125   204.900
    38.500     3.036     2.931    14.312    16.070   -25.574     0.147   262.159   273.963    55.795   962.073    38.375   204.885
    38.750     3.032     2.928    14.298    16.056   -25.615     0.151   262.155   273.853    55.784   962.090    38.625   204.872
    39.000     3.015     2.915    14.283    16.042   -25.649     0.158   262.151   273.536    55.777   962.110    38.875   204.860
    39.250     3.049     2.925    14.268    16.028   -25.697     0.165   262.145   273.708    55.762   962.136    39.125   204.854
    39.500     3.011     2.878    14.253    16.013   -25.737     0.163   262.139   273.824    55.754   962.148    39.375   204.841
    39.750     3.022     2.926    14.243    16.000   -25.775     0.163   262.135   273.697    55.737   962.103    39.625   204.828
    40.000     2.997     2.877    14.226    15.985   -25.793     0.165   262.132   272.887    55.738   962.152    39.875   204.816
    40.250     3.035     2.921    14.211    15.971   -25.827     0.165   262.126   273.781    55.726   962.152    40.125   204.804
    40.500     2.998     2.890    14.195    15.957   -25.852     0.157   262.122   273.611    55.722   962.186    40.375   204.791
    40.750     2.993     2.872    14.180    15.942   -25.859     0.152   262.118   273.553    55.715   962.197    40.625   204.779
    41.000     3.014     2.918    14.167    15.928   -25.881     0.154   262.114   273.672    55.704   962.194    40.875   204.766
    41.250     2.988     2.918    14.151    15.914   -25.895     0.153   262.113   272.750    55.696   962.221    41.125   204.754
    41.500     2.986     2.914    14.136    15.900   -25.919     0.159   262.108   273.582    55.690   962.248    41.375   204.743
    41.750     3.011     2.901    14.120    15.885   -25.948     0.154   262.104   273.592    55.679   962.270    41.625   204.731
    42.000     3.003     2.911    14.105    15.871   -25.977     0.152   262.099   273.493    55.669   962.277    41.875   204.718
    42.250     2.997     2.912    14.091    15.857   -25.998     0.148   262.095   273.397    55.659   962.274    42.125   204.706
    42.500     2.976     2.897    14.076    15.843   -26.020     0.149   262.090   273.448    55.656   962.303    42.375   204.692
    42.750     2.990     2.912    14.063    15.829   -26.035     0.152   262.088   273.287    55.644   962.304    42.625   204.682
    43.000     2.988     2.897    14.047    15.814   -26.064     0.154   262.084   273.274    55.637   962.339    42.875   204.670
    43.250     2.997     2.908    14.033    15.800   -26.096     0.159   262.079   273.472    55.623   962.343    43.125   204.660
    43.500     2.999     2.906    14.018    15.786   -26.132     0.153   262.074   273.423    55.612   962.357    43.375   204.647
    43.750     2.982     2.906    14.004    15.772   -26.149     0.152   262.072   273.173    55.605   962.368    43.625   204.634
    44.000     2.965     2.905    13.990    15.759   -26.173     0.155   262.067   273.415    55.597   962.378    43.875   204.622
    44.250     2.967     2.874    13.974    15.745   -26.198     0.155   262.064   273.221    55.592   962.404    44.125   204.609
    44.500     3.008     2.902    13.960    15.730   -26.225     0.154   262.060   273.173    55.580   962.403    44.375   204.597
    44.750     2.959     2.853    13.944    15.717   -26.248     0.152   262.056   273.140    55.571   962.443    44.625   204.587
    45.000     3.010     2.885    13.929    15.702   -26.275     0.148   262.051   273.217    55.560   962.468    44.875   204.576
    45.250     2.977     2.898    13.916    15.689   -26.296     0.143   262.046   273.321    55.546   962.465    45.125   204.565
    45.500     2.971     2.897    13.902    15.675   -26.309     0.140   262.043   273.271    55.536   962.469    45.375   204.554
    45.750     2.949     2.867    13.887    15.661   -26.320     0.145   262.040   273.155    55.538   962.514    45.625   204.540
    46.000     2.962     2.882    13.872    15.647   -26.347     0.147   262.036   273.091    55.531   962.525    45.875   204.529
    46.250     2.986     2.895    13.858    15.633   -26.372     0.147   262.032   273.056    55.518   962.531    46.125   204.517
    46.500     2.945     2.864    13.843    15.619   -26.399     0.151   262.029   273.055    55.515   962.558    46.375   204.502
    46.750     2.975     2.891    13.829    15.606   -26.433     0.153   262.026   272.905    55.506   962.565    46.625   204.492
    47.000     2.963     2.877    13.814    15.592   -26.467     0.153   262.021   272.891    55.498   962.575    46.875   204.476
    47.250     2.937     2.842    13.799    15.578   -26.490     0.153   262.017   272.931    55.489   962.586    47.125   204.467
    47.500     2.997     2.874    13.785    15.564   -26.523     0.151   262.013   272.951    55.477   962.600    47.375   204.452
    47.750     2.960     2.872    13.770    15.551   -26.542     0.146   262.010   272.759    55.469   962.620    47.625   204.441
    48.000     2.954     2.886    13.758    15.537   -26.558     0.142   262.005   272.959    55.457   962.603    47.875   204.426
    48.250     2.934     2.886    13.745    15.524   -26.573     0.144   262.002   272.913    55.446   962.604    48.125   204.415
    48.500     2.953     2.870    13.727    15.510   -26.589     0.146   262.000   272.784    55.451   962.664    48.375   204.406
    48.750     2.961     2.868    13.712    15.496   -26.616     0.149   261.996   272.827    55.440   962.690    48.625   204.396
    49.000     2.966     2.877    13.697    15.483   -26.648     0.144   261.993   272.829    55.427   962.705    48.875   204.386
    49.250     2.959     2.865    13.683    15.469   -26.668     0.141   261.988   272.783    55.420   962.723    49.125   204.373
    49.500     2.941     2.848    13.669    15.456   -26.687     0.141   261.984   272.755    55.414   962.736    49.375   204.361
    49.750     2.947     2.877    13.657    15.443   -26.711     0.141   261.981   272.299    55.399   962.719    49.625   204.349
    50.000     2.949     2.876    13.642    15.430   -26.732     0.139   261.977   272.761    55.396   962.737    49.875   204.334
    50.250     2.927     2.876    13.629    15.416   -26.746     0.141   261.975   272.460    55.394   962.740    50.125   204.320
    50.500     2.915     2.877    13.617    15.403   -26.771     0.149   261.971   272.511    55.380   962.723    50.375   204.309
    50.750     2.954     2.861    13.599    15.390   -26.804     0.148   261.968   272.469    55.383   962.781    50.625   204.297
    51.000     2.953     2.858    13.584    15.377   -26.836     0.145   261.964   272.445    55.373   962.794    50.875   204.286
    51.250     2.936     2.822    13.569    15.363   -26.856     0.140   261.959   272.504    55.363   962.814    51.125   204.276
    51.500     2.949     2.856    13.556    15.351   -26.876     0.142   261.956   272.469    55.358   962.822    51.375   204.262
    51.750     2.938     2.868    13.544    15.338   -26.900     0.141   261.952   272.590    55.345   962.805    51.625   204.251
    52.000     2.935     2.853    13.529    15.325   -26.926     0.136   261.948   272.437    55.343   962.840    51.875   204.235
    52.250     2.926     2.853    13.515    15.312   -26.935     0.133   261.945   272.322    55.339   962.852    52.125   204.222
    52.500     2.922     2.867    13.505    15.299   -26.948     0.137   261.941   272.481    55.319   962.833    52.375   204.214
    52.750     2.953     2.863    13.488    15.285   -26.968     0.137   261.937   272.444    55.321   962.879    52.625   204.204
    53.000     2.920     2.863    13.475    15.272   -26.998     0.141   261.934   272.370    55.314   962.888    52.875   204.189
    53.250     2.923     2.833    13.460    15.259   -27.026     0.138   261.931   272.221    55.305   962.917    53.125   204.176
    53.500     2.942     2.859    13.447    15.247   -27.049     0.137   261.926   272.243    55.296   962.927    53.375   204.165
    53.750     2.908     2.849    13.435    15.234   -27.064     0.140   261.926   271.345    55.291   962.926    53.625   204.151
    54.000     2.929     2.860    13.422    15.221   -27.093     0.146   261.920   272.267    55.280   962.927    53.875   204.141
    54.250     2.932     2.857    13.409    15.208   -27.129     0.142   261.916   272.223    55.270   962.938    54.125   204.127
    54.500     2.922     2.856    13.396    15.195   -27.153     0.137   261.912   272.174    55.257   962.939    54.375   204.116
    54.750     2.934     2.855    13.381    15.182   -27.161     0.137   261.908   272.215    55.254   962.974    54.625   204.106
    55.000     2.923     2.851    13.367    15.170   -27.182     0.135   261.905   272.119    55.248   962.998    54.875   204.093
    55.250     2.912     2.840    13.353    15.157   -27.201     0.132   261.902   272.039    55.244   963.020    55.125   204.080
    55.500     2.918     2.852    13.341    15.144   -27.215     0.132   261.897   272.112    55.230   963.014    55.375   204.073
    55.750     2.907     2.838    13.327    15.132   -27.236     0.133   261.894   272.039    55.229   963.055    55.625   204.059
    56.000     2.905     2.803    13.313    15.119   -27.254     0.135   261.892   272.022    55.220   963.082    55.875   204.050
    56.250     2.940     2.836    13.300    15.106   -27.284     0.135   261.888   272.046    55.209   963.102    56.125   204.039
    56.500     2.909     2.849    13.289    15.094   -27.310     0.134   261.884   271.967    55.190   963.073    56.375   204.030
    56.750     2.932     2.847    13.274    15.081   -27.328     0.135   261.880   271.955    55.192   963.113    56.625   204.019
    57.000     2.906     2.833    13.260    15.068   -27.357     0.132   261.876   271.974    55.185   963.141    56.875   204.006
    57.250     2.910     2.832    13.247    15.056   -27.372     0.130   261.873   271.796    55.178   963.155    57.125   203.996
    57.500     2.902     2.831    13.234    15.043   -27.388     0.133   261.869   271.880    55.171   963.170    57.375   203.986
    57.750     2.908     2.830    13.221    15.031   -27.414     0.132   261.865   271.834    55.165   963.182    57.625   203.973
    58.000     2.915     2.841    13.209    15.018   -27.431     0.132   261.862   271.684    55.156   963.184    57.875   203.963
    58.250     2.894     2.829    13.195    15.006   -27.453     0.139   261.859   271.729    55.148   963.219    58.125   203.955
    58.500     2.926     2.827    13.181    14.993   -27.485     0.135   261.855   271.803    55.135   963.251    58.375   203.948
    58.750     2.908     2.836    13.169    14.981   -27.510     0.132   261.851   271.803    55.125   963.263    58.625   203.938
    59.000     2.903     2.836    13.157    14.969   -27.528     0.130   261.847   271.817    55.119   963.258    58.875   203.924
    59.250     2.897     2.834    13.143    14.956   -27.547     0.128   261.844   271.715    55.114   963.286    59.125   203.914
    59.500     2.888     2.825    13.130    14.944   -27.555     0.130   261.840   271.690    55.108   963.298    59.375   203.902
    59.750     2.888     2.836    13.119    14.932   -27.579     0.131   261.837   271.650    55.098   963.289    59.625   203.891
    60.000     2.892     2.833    13.105    14.919   -27.601     0.134   261.834   271.585    55.091   963.328    59.875   203.880
    60.250     2.902     2.833    13.092    14.907   -27.628     0.133   261.831   271.558    55.081   963.334    60.125   203.870
    60.500     2.896     2.833    13.080    14.895   -27.655     0.130   261.827   271.586    55.066   963.337    60.375   203.858
    60.750     2.896     2.829    13.066    14.883   -27.671     0.126   261.824   271.368    55.067   963.377    60.625   203.847
    61.000     2.884     2.818    13.054    14.870   -27.682     0.128   261.820   271.489    55.058   963.389    60.875   203.836
    61.250     2.895     2.829    13.041    14.858   -27.702     0.129   261.816   271.527    55.047   963.395    61.125   203.829
    61.500     2.884     2.827    13.028    14.846   -27.728     0.131   261.813   271.385    55.040   963.424    61.375   203.818
    61.750     2.885     2.815    13.015    14.834   -27.753     0.130   261.810   271.341    55.033   963.442    61.625   203.806
    62.000     2.888     2.824    13.003    14.822   -27.773     0.129   261.807   270.959    55.024   963.451    61.875   203.795
    62.250     2.878     2.797    12.990    14.810   -27.791     0.130   261.803   271.283    55.017   963.468    62.125   203.785
    62.500     2.886     2.796    12.978    14.798   -27.815     0.129   261.800   270.910    55.008   963.479    62.375   203.774
    62.750     2.888     2.811    12.965    14.786   -27.832     0.131   261.796   271.331    55.002   963.497    62.625   203.763
    63.000     2.883     2.822    12.953    14.774   -27.859     0.131   261.793   271.326    54.993   963.494    62.875   203.752
    63.250     2.873     2.822    12.942    14.763   -27.885     0.126   261.789   271.238    54.984   963.494    63.125   203.738
    63.500     2.879     2.820    12.929    14.751   -27.893     0.124   261.786   271.231    54.982   963.517    63.375   203.726
    63.750     2.856     2.822    12.917    14.739   -27.899     0.129   261.784   271.153    54.979   963.524    63.625   203.713
    64.000     2.870     2.821    12.905    14.727   -27.925     0.133   261.780   271.112    54.971   963.535    63.875   203.704
    64.250     2.865     2.806    12.891    14.715   -27.955     0.134   261.777   271.055    54.964   963.563    64.125   203.691
    64.500     2.892     2.817    12.879    14.703   -27.984     0.133   261.774   271.141    54.950   963.563    64.375   203.681
    64.750     2.878     2.802    12.866    14.692   -28.007     0.129   261.770   271.081    54.944   963.596    64.625   203.670
    65.000     2.892     2.801    12.853    14.680   -28.018     0.126   261.767   271.066    54.933   963.626    64.875   203.665
    65.250     2.874     2.800    12.841    14.669   -28.038     0.124   261.763   271.128    54.926   963.639    65.125   203.655
    65.500     2.879     2.809    12.829    14.657   -28.052     0.121   261.760   271.108    54.917   963.655    65.375   203.647
    65.750     2.865     2.812    12.818    14.646   -28.065     0.120   261.757   271.016    54.911   963.652    65.625   203.635
    66.000     2.856     2.812    12.807    14.634   -28.079     0.119   261.754   271.013    54.901   963.658    65.875   203.626
    66.250     2.874     2.811    12.794    14.623   -28.090     0.118   261.750   271.029    54.899   963.685    66.125   203.616
    66.500     2.845     2.799    12.782    14.611   -28.106     0.124   261.747   271.018    54.896   963.712    66.375   203.603
    66.750     2.860     2.798    12.770    14.599   -28.137     0.128   261.744   270.899    54.888   963.726    66.625   203.594
    67.000     2.884     2.796    12.757    14.588   -28.165     0.129   261.741   270.873    54.876   963.754    66.875   203.588
    67.250     2.871     2.794    12.745    14.576   -28.198     0.129   261.736   270.923    54.866   963.766    67.125   203.579
    67.500     2.881     2.792    12.732    14.565   -28.222     0.128   261.733   270.875    54.856   963.785    67.375   203.571
    67.750     2.858     2.775    12.721    14.553   -28.244     0.124   261.729   270.459    54.847   963.793    67.625   203.562
    68.000     2.861     2.790    12.709    14.542   -28.259     0.120   261.726   270.858    54.841   963.813    67.875   203.552
    68.250     2.857     2.790    12.698    14.531   -28.267     0.118   261.723   270.838    54.833   963.821    68.125   203.543
    68.500     2.848     2.804    12.687    14.519   -28.276     0.118   261.719   270.907    54.827   963.821    68.375   203.532
    68.750     2.837     2.799    12.673    14.508   -28.291     0.119   261.717   270.783    54.824   963.853    68.625   203.524
    69.000     2.862     2.803    12.663    14.496   -28.314     0.119   261.713   270.806    54.810   963.853    68.875   203.514
    69.250     2.849     2.788    12.650    14.485   -28.328     0.119   261.711   270.640    54.805   963.888    69.125   203.505
    69.500     2.858     2.801    12.638    14.473   -28.352     0.123   261.707   270.741    54.796   963.898    69.375   203.497
    69.750     2.847     2.786    12.625    14.462   -28.379     0.124   261.704   270.673    54.791   963.932    69.625   203.486
    70.000     2.863     2.799    12.614    14.450   -28.401     0.127   261.700   270.703    54.778   963.931    69.875   203.480
    70.250     2.853     2.784    12.601    14.439   -28.430     0.126   261.697   270.630    54.770   963.969    70.125   203.471
    70.500     2.857     2.792    12.589    14.428   -28.452     0.124   261.694   270.525    54.762   963.980    70.375   203.462
    70.750     2.838     2.745    12.577    14.417   -28.465     0.121   261.690   270.655    54.753   964.003    70.625   203.456
    71.000     2.868     2.794    12.567    14.406   -28.487     0.120   261.686   270.726    54.741   963.992    70.875   203.448
    71.250     2.839     2.779    12.554    14.395   -28.505     0.116   261.684   270.621    54.739   964.031    71.125   203.436
    71.500     2.847     2.793    12.544    14.383   -28.512     0.113   261.680   270.706    54.729   964.033    71.375   203.429
    71.750     2.835     2.779    12.531    14.372   -28.521     0.112   261.677   270.662    54.725   964.070    71.625   203.420
    72.000     2.833     2.778    12.519    14.361   -28.534     0.112   261.676   270.448    54.720   964.091    71.875   203.410
    72.250     2.825     2.793    12.509    14.350   -28.547     0.116   261.672   270.549    54.708   964.080    72.125   203.402
    72.500     2.840     2.777    12.495    14.338   -28.573     0.120   261.669   270.462    54.705   964.124    72.375   203.394
    72.750     2.850     2.787    12.484    14.326   -28.605     0.123   261.666   270.022    54.692   964.133    72.625   203.386
    73.000     2.838     2.775    12.472    14.315   -28.631     0.124   261.662   270.399    54.684   964.151    72.875   203.376
    73.250     2.832     2.737    12.460    14.304   -28.654     0.124   261.659   270.315    54.674   964.178    73.125   203.369
    73.500     2.866     2.786    12.450    14.293   -28.683     0.122   261.655   270.404    54.659   964.169    73.375   203.361
    73.750     2.833     2.754    12.437    14.282   -28.702     0.117   261.652   269.918    54.655   964.201    73.625   203.350
    74.000     2.840     2.781    12.426    14.271   -28.708     0.115   261.649   270.236    54.649   964.211    73.875   203.343
    74.250     2.810     2.771    12.415    14.261   -28.712     0.116   261.649   269.403    54.643   964.232    74.125   203.334
    74.500     2.826     2.784    12.404    14.250   -28.728     0.121   261.643   270.356    54.634   964.240    74.375   203.330
    74.750     2.838     2.777    12.391    14.239   -28.759     0.118   261.641   270.324    54.627   964.280    74.625   203.320
    75.000     2.833     2.781    12.381    14.228   -28.784     0.114   261.637   269.945    54.613   964.276    74.875   203.309
    75.250     2.822     2.766    12.368    14.217   -28.791     0.111   261.634   270.259    54.613   964.313    75.125   203.299
    75.500     2.826     2.781    12.359    14.206   -28.798     0.111   261.631   270.201    54.601   964.304    75.375   203.293
    75.750     2.809     2.767    12.347    14.195   -28.810     0.115   261.628   270.277    54.601   964.324    75.625   203.283
    76.000     2.827     2.766    12.335    14.184   -28.835     0.119   261.625   270.176    54.593   964.346    75.875   203.274
    76.250     2.827     2.764    12.323    14.173   -28.864     0.119   261.623   269.956    54.586   964.372    76.125   203.265
    76.500     2.834     2.763    12.311    14.162   -28.888     0.120   261.619   270.070    54.575   964.390    76.375   203.257
    76.750     2.827     2.776    12.301    14.152   -28.912     0.119   261.616   269.671    54.561   964.383    76.625   203.250
    77.000     2.831     2.771    12.289    14.141   -28.926     0.119   261.613   269.929    54.555   964.412    76.875   203.244
    77.250     2.822     2.758    12.277    14.130   -28.951     0.117   261.609   270.030    54.550   964.438    77.125   203.233
    77.500     2.829     2.772    12.267    14.120   -28.962     0.115   261.605   270.130    54.539   964.435    77.375   203.226
    77.750     2.824     2.768    12.256    14.110   -28.974     0.114   261.602   270.114    54.534   964.454    77.625   203.218
    78.000     2.811     2.757    12.244    14.099   -28.987     0.114   261.601   269.892    54.529   964.479    77.875   203.210
    78.250     2.818     2.771    12.234    14.089   -29.005     0.116   261.596   270.100    54.521   964.483    78.125   203.202
    78.500     2.812     2.771    12.223    14.078   -29.029     0.115   261.593   270.093    54.512   964.485    78.375   203.192
    78.750     2.800     2.738    12.211    14.067   -29.046     0.115   261.590   270.048    54.512   964.519    78.625   203.182
    79.000     2.815     2.771    12.203    14.057   -29.067     0.121   261.587   269.976    54.494   964.499    78.875   203.174
    79.250     2.822     2.753    12.189    14.046   -29.089     0.119   261.585   269.912    54.495   964.550    79.125   203.165
    79.500     2.820     2.767    12.179    14.036   -29.111     0.117   261.581   269.635    54.484   964.540    79.375   203.157
    79.750     2.817     2.766    12.168    14.025   -29.128     0.115   261.577   269.944    54.478   964.553    79.625   203.147
    80.000     2.800     2.734    12.156    14.015   -29.138     0.117   261.575   269.891    54.477   964.589    79.875   203.138
    80.250     2.807     2.766    12.147    14.004   -29.160     0.120   261.571   269.935    54.463   964.568    80.125   203.131
    80.500     2.812     2.731    12.134    13.994   -29.186     0.117   261.569   269.489    54.461   964.606    80.375   203.120
    80.750     2.822     2.763    12.123    13.984   -29.204     0.118   261.565   269.609    54.451   964.607    80.625   203.112
    81.000     2.803     2.761    12.113    13.973   -29.224     0.116   261.562   269.883    54.444   964.614    80.875   203.102
    81.250     2.812     2.761    12.102    13.963   -29.236     0.113   261.559   269.863    54.439   964.630    81.125   203.092
    81.500     2.787     2.761    12.091    13.953   -29.245     0.112   261.556   269.467    54.434   964.635    81.375   203.082
    81.750     2.790     2.761    12.081    13.943   -29.255     0.115   261.554   269.724    54.431   964.643    81.625   203.072
    82.000     2.793     2.761    12.070    13.932   -29.277     0.118   261.551   269.681    54.425   964.657    81.875   203.062
    82.250     2.809     2.759    12.059    13.922   -29.303     0.120   261.548   269.724    54.416   964.670    82.125   203.053
    82.500     2.815     2.757    12.048    13.911   -29.336     0.121   261.544   269.609    54.403   964.680    82.375   203.045
    82.750     2.835     2.754    12.036    13.901   -29.357     0.119   261.541   269.818    54.398   964.714    82.625   203.036
    83.000     2.814     2.753    12.025    13.891   -29.376     0.115   261.536   269.966    54.390   964.725    82.875   203.028
    83.250     2.828     2.751    12.014    13.881   -29.391     0.111   261.533   270.030    54.384   964.754    83.125   203.020
    83.500     2.808     2.752    12.004    13.871   -29.404     0.106   261.530   270.173    54.377   964.768    83.375   203.013
    83.750     2.795     2.753    11.993    13.861   -29.411     0.102   261.527   270.208    54.374   964.787    83.625   203.004
    84.000     2.781     2.751    11.983    13.851   -29.413     0.100   261.525   270.158    54.373   964.809    83.875   202.996
    84.250     2.770     2.753    11.973    13.840   -29.420     0.099   261.523   270.076    54.368   964.821    84.125   202.987
    84.500     2.794     2.754    11.960    13.829   -29.425     0.099   261.521   270.141    54.370   964.865    84.375   202.978
    84.750     2.769     2.755    11.950    13.818   -29.440     0.100   261.518   270.052    54.359   964.862    84.625   202.969
    85.000     2.788     2.755    11.939    13.807   -29.455     0.103   261.515   269.852    54.350   964.878    84.875   202.961
    85.250     2.792     2.755    11.927    13.795   -29.473     0.108   261.514   268.973    54.344   964.899    85.125   202.951
    85.500     2.774     2.740    11.915    13.784   -29.506     0.124   261.511   269.432    54.336   964.920    85.375   202.942
    85.750     2.806     2.735    11.903    13.774   -29.547     0.123   261.508   269.430    54.323   964.938    85.625   202.935
    86.000     2.824     2.731    11.891    13.763   -29.584     0.119   261.503   269.628    54.308   964.957    85.875   202.927
    86.250     2.831     2.728    11.881    13.753   -29.610     0.113   261.498   269.775    54.294   964.970    86.125   202.920
    86.500     2.819     2.726    11.870    13.744   -29.625     0.106   261.494   269.857    54.287   964.983    86.375   202.912
    86.750     2.797     2.726    11.861    13.734   -29.629     0.099   261.490   269.924    54.281   964.993    86.625   202.905
    87.000     2.783     2.727    11.850    13.724   -29.626     0.095   261.488   270.042    54.280   965.006    86.875   202.897
    87.250     2.772     2.728    11.840    13.714   -29.623     0.092   261.486   270.062    54.279   965.018    87.125   202.889
    87.500     2.772     2.729    11.829    13.704   -29.623     0.090   261.484   270.007    54.275   965.037    87.375   202.881
    87.750     2.771     2.730    11.818    13.693   -29.627     0.090   261.481   269.909    54.271   965.054    87.625   202.873
    88.000     2.781     2.731    11.807    13.682   -29.638     0.092   261.478   269.890    54.266   965.074    87.875   202.865
    88.250     2.774     2.732    11.796    13.671   -29.659     0.101   261.476   269.613    54.259   965.092    88.125   202.857
    88.500     2.761     2.692    11.784    13.660   -29.697     0.109   261.473   269.508    54.251   965.104    88.375   202.849
    88.750     2.811     2.728    11.773    13.649   -29.744     0.115   261.468   269.525    54.239   965.119    88.625   202.841
    89.000     2.817     2.737    11.762    13.639   -29.787     0.117   261.463   269.534    54.224   965.125    88.875   202.833
    89.250     2.805     2.734    11.752    13.629   -29.826     0.110   261.458   269.630    54.210   965.126    89.125   202.824
    89.500     2.791     2.720    11.740    13.619   -29.837     0.104   261.455   269.583    54.208   965.154    89.375   202.815
    89.750     2.771     2.720    11.731    13.610   -29.831     0.100   261.453   269.522    54.206   965.155    89.625   202.807
    90.000     2.759     2.720    11.720    13.600   -29.829     0.098   261.450   269.627    54.202   965.163    89.875   202.799
    90.250     2.758     2.703    11.709    13.589   -29.833     0.096   261.449   269.624    54.197   965.183    90.125   202.791
    90.500     2.772     2.720    11.698    13.579   -29.842     0.095   261.446   269.614    54.190   965.200    90.375   202.783
    90.750     2.505     2.752    11.700    13.562   -29.878     0.121   261.452   269.088    54.248   965.178    90.625   202.771
    91.000     2.215     2.767    11.705    13.533   -30.010     0.186   261.481   267.898    54.257   965.151    90.875   202.757
    91.250     2.450     2.814    11.688    13.501   -30.123     0.160   261.504   267.764    54.184   965.228    91.125   202.744
    91.500     2.667     2.803    11.660    13.474   -30.170     0.127   261.516   268.354    54.085   965.413    91.375   202.733
    91.750     2.722     2.776    11.635    13.454   -30.169     0.102   261.524   268.756    53.992   965.571    91.625   202.724
    92.000     2.705     2.764    11.617    13.439   -30.159     0.084   261.532   269.251    53.930   965.677    91.875   202.717
    92.250     2.820     2.776    11.596    13.425   -30.127     0.069   261.533   269.889    53.901   965.839    92.125   202.708
    92.500     2.878     2.760    11.574    13.409   -30.066     0.056   261.513   269.912    53.880   966.002    92.375   202.698
    92.750     2.753     2.739    11.556    13.395   -29.967     0.051   261.510   269.024    53.876   966.066    92.625   202.687
    93.000     2.663     2.647    11.543    13.382   -29.877     0.072   261.512   267.630    53.872   966.073    92.875   202.675
    93.250     2.613     2.760    11.539    13.369   -29.914     0.110   261.517   266.971    53.872   965.995    93.125   202.666
    93.500     2.710     2.631    11.522    13.353   -30.016     0.138   261.513   267.208    53.852   966.001    93.375   202.657
    93.750     2.842     2.735    11.508    13.341   -30.152     0.140   261.512   267.166    53.805   966.002    93.625   202.648
    94.000     2.912     2.726    11.491    13.333   -30.248     0.118   261.508   267.991    53.754   966.064    93.875   202.642
    94.250     2.841     2.713    11.485    13.331   -30.312     0.098   261.516   268.750    53.723   966.056    94.125   202.638
    94.500     2.754     2.714    11.484    13.330   -30.333     0.080   261.516   269.221    53.726   966.015    94.375   202.634
    94.750     2.783     2.742    11.480    13.327   -30.317     0.066   261.517   269.783    53.751   966.046    94.625   202.628
    95.000     2.959     2.747    11.464    13.315   -30.250     0.053   261.493   270.429    53.772   966.230    94.875   202.619
    95.250     2.766     2.751    11.453    13.303   -30.147     0.046   261.487   269.566    53.793   966.293    95.125   202.609
    95.500     2.602     2.742    11.448    13.292   -30.039     0.050   261.492   267.648    53.800   966.240    95.375   202.599
    95.750     2.615     2.815    11.447    13.280   -30.007     0.091   261.499   265.702    53.784   966.163    95.625   202.588
    96.000     2.507     2.825    11.447    13.267   -30.087     0.129   261.505   266.186    53.783   966.042    95.875   202.579
    96.250     2.848     2.788    11.422    13.249   -30.198     0.139   261.498   266.774    53.753   966.160    96.125   202.625
    96.500     2.837     2.737    11.404    13.239   -30.341     0.129   261.497   267.052    53.710   966.172    96.375   202.577
    96.750     2.912     2.710    11.388    13.234   -30.442     0.106   261.502   268.276    53.664   966.204    96.625   202.554
    97.000     2.809     2.702    11.385    13.234   -30.481     0.087   261.500   268.580    53.642   966.160    96.875   202.551
    97.250     2.731     2.707    11.386    13.235   -30.489     0.071   261.500   269.231    53.654   966.112    97.125   202.547
    97.500     2.822     2.735    11.380    13.231   -30.455     0.058   261.498   269.780    53.687   966.178    97.375   202.541
    97.750     2.966     2.743    11.364    13.220   -30.376     0.047   261.474   270.388    53.686   966.426    97.625   202.628
    98.000     2.796     2.748    11.352    13.208   -30.267     0.041   261.466   269.502    53.679   966.578    97.875   202.725
    98.250     2.558     2.738    11.349    13.198   -30.163     0.047   261.472   267.465    53.682   966.514    98.125   202.730
    98.500     2.565     2.644    11.341    13.185   -30.116     0.086   261.478   266.476    53.684   966.495    98.375   202.756
    98.750     2.543     2.652    11.337    13.171   -30.206     0.129   261.487   266.073    53.674   966.421    98.625   202.791
    99.000     2.852     2.791    11.324    13.154   -30.350     0.152   261.478   266.113    53.617   966.388    98.875   202.766
    99.250     2.876     2.727    11.301    13.143   -30.482     0.133   261.471   266.500    53.592   966.389    99.125   202.691
    99.500     2.774     2.699    11.293    13.140   -30.594     0.114   261.482   267.317    53.572   966.281    99.375   202.610
    99.750     2.776     2.695    11.290    13.141   -30.654     0.095   261.483   267.885    53.569   966.198    99.625   202.547
   100.000     2.716     2.696    11.291    13.143   -30.673     0.079   261.485   268.407    53.584   966.115    99.875   202.492
   100.250     2.698     2.707    11.292    13.143   -30.661     0.065   261.487   268.996    53.606   966.100   100.125   202.484
   100.500     2.919     2.734    11.281    13.136   -30.599     0.053   261.480   269.600    53.608   966.329   100.375   202.594
   100.750     2.988     2.742    11.262    13.123   -30.507     0.044   261.455   270.214    53.580   966.676   100.625   202.759
   101.000     2.834     2.747    11.248    13.109   -30.393     0.038   261.447   269.371    53.566   966.887   100.875   202.860
   101.250     2.569     2.736    11.244    13.098   -30.290     0.044   261.451   267.260    53.567   966.839   101.125   202.853
   101.500     2.520     2.642    11.237    13.086   -30.242     0.085   261.457   266.115    53.572   966.787   101.375   202.870
   101.750     2.520     2.650    11.235    13.071   -30.340     0.134   261.468   265.148    53.558   966.704   101.625   202.905
   102.000     2.848     2.782    11.216    13.053   -30.483     0.154   261.464   265.541    53.514   966.705   101.875   202.918
   102.250     2.896     2.721    11.195    13.041   -30.632     0.138   261.450   266.006    53.466   966.661   102.125   202.818
   102.500     2.733     2.691    11.189    13.040   -30.759     0.118   261.462   266.850    53.450   966.496   102.375   202.721
   102.750     2.725     2.686    11.189    13.042   -30.838     0.099   261.465   267.361    53.451   966.362   102.625   202.648
   103.000     2.700     2.685    11.192    13.046   -30.859     0.081   261.467   267.923    53.468   966.250   102.875   202.579
   103.250     2.689     2.695    11.194    13.048   -30.846     0.066   261.470   268.551    53.492   966.218   103.125   202.557
   103.500     2.834     2.725    11.187    13.044   -30.790     0.054   261.467   269.121    53.505   966.383   103.375   202.633
   103.750     3.004     2.736    11.169    13.033   -30.696     0.044   261.441   269.792    53.480   966.747   103.625   202.799
   104.000     2.927     2.735    11.153    13.019   -30.589     0.038   261.429   269.614    53.456   967.060   103.875   202.936
   104.250     2.742     2.723    11.143    13.006   -30.473     0.037   261.427   267.913    53.446   967.176   104.125   202.976
   104.500     2.593     2.743    11.135    12.993   -30.376     0.057   261.428   266.272    53.451   967.134   104.375   202.972
   104.750     2.378     2.646    11.136    12.982   -30.422     0.114   261.441   265.353    53.458   966.976   104.625   202.970
   105.000     2.589     2.646    11.129    12.964   -30.563     0.152   261.451   265.161    53.430   966.915   104.875   203.001
   105.250     2.953     2.733    11.103    12.947   -30.720     0.155   261.440   265.126    53.379   966.937   105.125   202.970
   105.500     2.788     2.691    11.090    12.942   -30.874     0.135   261.432   265.890    53.339   966.783   105.375   202.864
   105.750     2.722     2.677    11.088    12.943   -30.990     0.113   261.444   266.779    53.328   966.614   105.625   202.788
   106.000     2.716     2.675    11.090    12.947   -31.038     0.092   261.447   267.174    53.334   966.489   105.875   202.718
   106.250     2.680     2.679    11.094    12.952   -31.038     0.074   261.450   267.889    53.355   966.401   106.125   202.666
   106.500     2.685     2.691    11.096    12.954   -31.006     0.060   261.452   268.447    53.382   966.406   106.375   202.666
   106.750     2.920     2.721    11.085    12.948   -30.923     0.049   261.445   269.027    53.385   966.671   106.625   202.784
   107.000     3.013     2.731    11.065    12.935   -30.818     0.041   261.417   269.660    53.352   967.080   106.875   202.972
   107.250     2.914     2.735    11.049    12.920   -30.705     0.036   261.407   269.145    53.331   967.392   107.125   203.091
   107.500     2.704     2.721    11.040    12.907   -30.593     0.037   261.405   267.370    53.323   967.470   107.375   203.100
   107.750     2.556     2.744    11.034    12.895   -30.512     0.065   261.404   265.766    53.335   967.387   107.625   203.074
   108.000     2.435     2.841    11.042    12.882   -30.574     0.110   261.422   263.965    53.322   967.157   107.875   203.015
   108.250     2.725     2.770    11.021    12.862   -30.684     0.132   261.426   264.582    53.307   967.212   108.125   203.073
   108.500     2.931     2.695    10.996    12.848   -30.853     0.127   261.406   265.494    53.244   967.197   108.375   203.011
   108.750     2.677     2.671    10.992    12.848   -31.015     0.114   261.418   265.993    53.225   966.940   108.625   202.903
   109.000     2.677     2.671    10.994    12.852   -31.130     0.098   261.422   266.864    53.225   966.763   108.875   202.836
   109.250     2.687     2.664    10.998    12.858   -31.172     0.081   261.425   267.262    53.232   966.626   109.125   202.755
   109.500     2.665     2.673    11.002    12.864   -31.170     0.066   261.428   267.921    53.260   966.541   109.375   202.712
   109.750     2.726     2.706    11.002    12.865   -31.128     0.054   261.430   268.443    53.290   966.602   109.625   202.743
   110.000     2.984     2.718    10.987    12.857   -31.035     0.045   261.404   269.134    53.281   966.939   109.875   202.890
   110.250     3.013     2.729    10.968    12.843   -30.928     0.038   261.388   269.663    53.247   967.362   110.125   203.079
   110.500     2.894     2.734    10.952    12.827   -30.811     0.033   261.380   269.047    53.231   967.647   110.375   203.175
   110.750     2.624     2.722    10.946    12.815   -30.709     0.039   261.380   266.873    53.230   967.654   110.625   203.153
   111.000     2.493     2.811    10.946    12.803   -30.667     0.078   261.384   264.570    53.235   967.463   110.875   203.081
   111.250     2.463     2.834    10.947    12.788   -30.737     0.112   261.400   263.659    53.227   967.322   111.125   203.064
   111.500     2.813     2.743    10.921    12.768   -30.862     0.131   261.398   264.391    53.202   967.404   111.375   203.106
   111.750     2.843     2.691    10.902    12.759   -31.038     0.123   261.382   265.315    53.146   967.301   111.625   203.030
   112.000     2.612     2.662    10.902    12.760   -31.197     0.109   261.397   266.070    53.133   967.021   111.875   202.932
   112.250     2.701     2.661    10.903    12.765   -31.289     0.092   261.401   266.639    53.130   966.887   112.125   202.873
   112.500     2.669     2.658    10.908    12.772   -31.323     0.076   261.404   267.207    53.140   966.755   112.375   202.800
   112.750     2.665     2.670    10.912    12.777   -31.310     0.062   261.407   267.840    53.171   966.699   112.625   202.774
   113.000     2.789     2.702    10.908    12.777   -31.253     0.051   261.406   268.370    53.195   966.834   112.875   202.837
   113.250     2.989     2.715    10.892    12.767   -31.155     0.042   261.378   269.043    53.178   967.199   113.125   202.996
   113.500     3.012     2.727    10.873    12.752   -31.046     0.036   261.362   269.546    53.144   967.629   113.375   203.179
   113.750     2.870     2.733    10.858    12.736   -30.928     0.032   261.355   268.713    53.129   967.881   113.625   203.246
   114.000     2.574     2.722    10.853    12.725   -30.829     0.042   261.356   266.464    53.135   967.853   113.875   203.210
   114.250     2.422     2.820    10.858    12.714   -30.814     0.078   261.365   264.132    53.136   967.609   114.125   203.117
   114.500     2.473     2.824    10.856    12.698   -30.897     0.115   261.380   263.395    53.133   967.479   114.375   203.109
   114.750     2.815     2.738    10.829    12.679   -31.035     0.128   261.376   264.318    53.106   967.536   114.625   203.131
   115.000     2.801     2.688    10.812    12.671   -31.213     0.121   261.363   265.062    53.060   967.396   114.875   203.028
   115.250     2.616     2.661    10.812    12.673   -31.361     0.106   261.379   265.803    53.047   967.140   115.125   202.943
   115.500     2.728     2.653    10.813    12.679   -31.434     0.088   261.381   266.501    53.042   967.029   115.375   202.887
   115.750     2.670     2.652    10.818    12.687   -31.453     0.073   261.384   267.085    53.059   966.898   115.625   202.821
   116.000     2.673     2.665    10.822    12.692   -31.434     0.059   261.386   267.727    53.090   966.862   115.875   202.808
   116.250     2.839     2.697    10.816    12.691   -31.369     0.048   261.381   268.317    53.109   967.045   116.125   202.891
   116.500     2.994     2.711    10.800    12.681   -31.269     0.040   261.353   268.997    53.088   967.423   116.375   203.056
   116.750     2.987     2.711    10.782    12.666   -31.160     0.034   261.338   269.470    53.059   967.824   116.625   203.213
   117.000     2.820     2.699    10.770    12.650   -31.044     0.031   261.332   267.949    53.047   968.026   116.875   203.254
   117.250     2.574     2.721    10.763    12.638   -30.945     0.045   261.333   266.073    53.058   968.001   117.125   203.224
   117.500     2.377     2.812    10.770    12.627   -30.956     0.081   261.344   263.768    53.059   967.724   117.375   203.124
   117.750     2.474     2.811    10.766    12.613   -31.055     0.118   261.359   263.179    53.058   967.570   117.625   203.109
   118.000     2.915     2.730    10.734    12.594   -31.196     0.127   261.346   264.419    53.026   967.676   117.875   203.129
   118.250     2.717     2.659    10.724    12.589   -31.374     0.117   261.340   265.055    52.977   967.479   118.125   203.037
   118.500     2.588     2.651    10.728    12.593   -31.519     0.102   261.358   265.793    52.968   967.227   118.375   202.968
   118.750     2.712     2.645    10.729    12.599   -31.582     0.084   261.361   266.274    52.962   967.123   118.625   202.912
   119.000     2.656     2.649    10.735    12.608   -31.595     0.069   261.363   267.045    52.981   967.006   118.875   202.858
   119.250     2.669     2.663    10.739    12.613   -31.570     0.056   261.365   267.656    53.012   967.000   119.125   202.862
   119.500     2.889     2.695    10.730    12.609   -31.492     0.046   261.344   268.323    53.022   967.250   119.375   202.973
   119.750     2.996     2.710    10.712    12.597   -31.389     0.038   261.329   268.924    52.994   967.659   119.625   203.152
   120.000     2.962     2.711    10.695    12.582   -31.278     0.033   261.316   269.079    52.966   968.051   119.875   203.293
   120.250     2.771     2.736    10.685    12.566   -31.170     0.031   261.311   267.478    52.956   968.198   120.125   203.307
   120.500     2.580     2.721    10.675    12.552   -31.072     0.046   261.312   265.753    52.966   968.210   120.375   203.293
   120.750     2.336     2.803    10.682    12.542   -31.090     0.084   261.326   263.424    52.969   967.898   120.625   203.177
   121.000     2.468     2.800    10.678    12.529   -31.193     0.118   261.340   262.986    52.972   967.723   120.875   203.145
   121.250     2.830     2.742    10.653    12.511   -31.348     0.127   261.331   264.203    52.941   967.745   121.125   203.137
   121.500     2.747     2.667    10.638    12.505   -31.521     0.116   261.324   264.771    52.901   967.615   121.375   203.054
   121.750     2.606     2.656    10.641    12.510   -31.657     0.100   261.342   265.529    52.886   967.365   121.625   202.981
   122.000     2.726     2.639    10.642    12.517   -31.713     0.082   261.342   266.235    52.879   967.262   121.875   202.928
   122.250     2.666     2.642    10.648    12.525   -31.720     0.067   261.344   266.815    52.898   967.154   122.125   202.881
   122.500     2.672     2.656    10.653    12.531   -31.691     0.055   261.346   267.446    52.929   967.149   122.375   202.888
   122.750     2.881     2.689    10.645    12.528   -31.615     0.045   261.324   268.122    52.939   967.393   122.625   202.996
   123.000     2.993     2.704    10.628    12.517   -31.514     0.037   261.309   268.735    52.913   967.798   122.875   203.171
   123.250     2.965     2.705    10.611    12.502   -31.405     0.032   261.296   268.941    52.885   968.192   123.125   203.310
   123.500     2.787     2.684    10.598    12.486   -31.290     0.030   261.290   267.776    52.880   968.386   123.375   203.341
   123.750     2.583     2.716    10.591    12.472   -31.199     0.045   261.290   265.689    52.885   968.367   123.625   203.305
   124.000     2.316     2.792    10.599    12.464   -31.218     0.079   261.303   263.313    52.895   968.025   123.875   203.178
   124.250     2.546     2.759    10.586    12.451   -31.312     0.115   261.318   262.649    52.915   967.944   124.125   203.192
   124.500     2.787     2.741    10.571    12.434   -31.476     0.127   261.302   264.040    52.868   967.829   124.375   203.118
   124.750     2.667     2.652    10.558    12.430   -31.650     0.116   261.301   264.516    52.838   967.687   124.625   203.059
   125.000     2.579     2.640    10.562    12.434   -31.789     0.101   261.321   265.259    52.823   967.449   124.875   202.995
   125.250     2.698     2.634    10.564    12.441   -31.850     0.083   261.323   265.903    52.813   967.341   125.125   202.938
   125.500     2.657     2.637    10.570    12.450   -31.854     0.068   261.326   266.513    52.829   967.238   125.375   202.890
   125.750     2.667     2.651    10.574    12.456   -31.824     0.055   261.327   267.164    52.859   967.236   125.625   202.896
   126.000     2.880     2.683    10.567    12.453   -31.747     0.045   261.306   267.858    52.871   967.481   125.875   203.000
   126.250     2.992     2.699    10.550    12.442   -31.644     0.038   261.290   268.486    52.845   967.886   126.125   203.170
   126.500     2.986     2.699    10.532    12.426   -31.534     0.032   261.276   268.957    52.813   968.305   126.375   203.319
   126.750     2.801     2.724    10.521    12.411   -31.429     0.030   261.268   267.546    52.801   968.486   126.625   203.336
   127.000     2.562     2.711    10.513    12.397   -31.335     0.041   261.271   265.690    52.814   968.497   126.875   203.319
   127.250     2.382     2.778    10.515    12.387   -31.339     0.075   261.280   263.784    52.821   968.215   127.125   203.205
   127.500     2.440     2.782    10.512    12.377   -31.439     0.110   261.295   262.506    52.835   967.991   127.375   203.155
   127.750     2.736     2.719    10.489    12.362   -31.580     0.126   261.290   263.624    52.832   967.981   127.625   203.159
   128.000     2.727     2.653    10.478    12.353   -31.752     0.118   261.282   264.279    52.778   967.848   127.875   203.083
   128.250     2.582     2.638    10.481    12.357   -31.892     0.101   261.301   265.000    52.752   967.612   128.125   203.021
   128.500     2.704     2.629    10.483    12.363   -31.958     0.083   261.303   265.665    52.737   967.506   128.375   202.971
   128.750     2.659     2.630    10.489    12.372   -31.967     0.068   261.305   266.211    52.746   967.398   128.625   202.922
   129.000     2.663     2.643    10.494    12.379   -31.937     0.055   261.306   266.834    52.776   967.379   128.875   202.923
   129.250     2.838     2.676    10.489    12.378   -31.866     0.046   261.287   267.552    52.793   967.583   129.125   203.013
   129.500     2.984     2.690    10.473    12.368   -31.769     0.038   261.271   268.224    52.772   967.968   129.375   203.170
   129.750     2.996     2.702    10.455    12.353   -31.666     0.032   261.257   268.747    52.738   968.390   129.625   203.323
   130.000     2.845     2.652    10.440    12.337   -31.549     0.029   261.246   268.015    52.730   968.655   129.875   203.369
   130.250     2.573     2.702    10.435    12.325   -31.460     0.039   261.247   265.818    52.736   968.626   130.125   203.322
   130.500     2.397     2.705    10.432    12.316   -31.456     0.072   261.253   263.828    52.764   968.394   130.375   203.235
   130.750     2.429     2.592    10.427    12.307   -31.570     0.108   261.267   263.540    52.783   968.197   130.625   203.219
   131.000     2.685     2.733    10.419    12.293   -31.725     0.141   261.265   263.297    52.762   968.012   130.875   203.164
   131.250     2.673     2.659    10.405    12.284   -31.876     0.130   261.260   263.740    52.725   967.932   131.125   203.126
   131.500     2.593     2.640    10.405    12.285   -32.016     0.112   261.279   264.565    52.687   967.754   131.375   203.084
   131.750     2.695     2.627    10.406    12.290   -32.093     0.091   261.282   265.245    52.659   967.664   131.625   203.036
   132.000     2.657     2.625    10.411    12.298   -32.105     0.074   261.284   265.832    52.662   967.558   131.875   202.989
   132.250     2.655     2.637    10.417    12.306   -32.078     0.059   261.286   266.469    52.688   967.525   132.125   202.985
   132.500     2.795     2.670    10.414    12.306   -32.009     0.048   261.268   267.091    52.707   967.691   132.375   203.060
   132.750     2.969     2.684    10.399    12.297   -31.908     0.040   261.252   267.740    52.689   968.058   132.625   203.204
   133.000     2.987     2.695    10.381    12.282   -31.804     0.034   261.238   268.353    52.655   968.480   132.875   203.359
   133.250     2.892     2.702    10.366    12.266   -31.692     0.031   261.228   267.923    52.642   968.772   133.125   203.409
   133.500     2.579     2.691    10.360    12.254   -31.600     0.036   261.226   265.958    52.648   968.770   133.375   203.360
   133.750     2.462     2.698    10.358    12.244   -31.578     0.065   261.231   264.215    52.661   968.568   133.625   203.267
   134.000     2.384     2.757    10.359    12.239   -31.670     0.100   261.244   262.381    52.696   968.253   133.875   203.196
   134.250     2.785     2.693    10.336    12.224   -31.789     0.122   261.237   263.206    52.704   968.270   134.125   203.206
   134.500     2.568     2.657    10.332    12.217   -31.961     0.118   261.236   263.816    52.673   968.042   134.375   203.128
   134.750     2.557     2.637    10.334    12.217   -32.105     0.104   261.257   264.547    52.633   967.860   134.625   203.097
   135.000     2.645     2.625    10.337    12.222   -32.188     0.086   261.263   265.136    52.603   967.754   134.875   203.053
   135.250     2.641     2.622    10.342    12.230   -32.207     0.070   261.266   265.688    52.600   967.654   135.125   203.009
   135.500     2.645     2.633    10.347    12.237   -32.182     0.057   261.268   266.299    52.622   967.629   135.375   203.008
   135.750     2.804     2.666    10.343    12.237   -32.113     0.047   261.250   266.934    52.638   967.810   135.625   203.087
   136.000     2.964     2.680    10.327    12.228   -32.014     0.039   261.234   267.539    52.618   968.178   135.875   203.229
   136.250     2.984     2.691    10.310    12.214   -31.911     0.034   261.220   268.066    52.582   968.601   136.125   203.383
   136.500     2.902     2.698    10.294    12.197   -31.801     0.031   261.208   267.753    52.569   968.901   136.375   203.430
   136.750     2.588     2.683    10.288    12.185   -31.712     0.036   261.206   265.816    52.572   968.903   136.625   203.379
   137.000     2.458     2.679    10.282    12.177   -31.688     0.066   261.209   264.203    52.604   968.709   136.875   203.297
   137.250     2.371     2.749    10.288    12.172   -31.787     0.099   261.223   262.199    52.633   968.343   137.125   203.207
   137.500     2.725     2.686    10.266    12.159   -31.913     0.123   261.216   263.189    52.652   968.332   137.375   203.215
   137.750     2.578     2.654    10.262    12.151   -32.078     0.118   261.218   263.556    52.615   968.132   137.625   203.150
   138.000     2.560     2.634    10.264    12.151   -32.214     0.104   261.239   264.356    52.570   967.973   137.875   203.121
   138.250     2.655     2.622    10.266    12.155   -32.293     0.086   261.244   264.975    52.535   967.888   138.125   203.080
   138.500     2.640     2.619    10.271    12.164   -32.310     0.070   261.247   265.541    52.532   967.795   138.375   203.041
   138.750     2.645     2.630    10.276    12.170   -32.285     0.057   261.249   266.168    52.551   967.781   138.625   203.045
   139.000     2.811     2.663    10.271    12.169   -32.215     0.047   261.229   266.804    52.562   967.976   138.875   203.128
   139.250     2.962     2.676    10.256    12.160   -32.117     0.039   261.213   267.423    52.541   968.346   139.125   203.268
   139.500     2.975     2.688    10.238    12.145   -32.013     0.033   261.200   267.973    52.508   968.759   139.375   203.409
   139.750     2.889     2.695    10.223    12.129   -31.900     0.030   261.189   267.555    52.496   969.048   139.625   203.445
   140.000     2.553     2.676    10.218    12.118   -31.811     0.037   261.187   265.579    52.505   969.023   139.875   203.385
   140.250     2.421     2.683    10.217    12.111   -31.805     0.066   261.191   263.642    52.530   968.758   140.125   203.276
   140.500     2.407     2.563    10.208    12.106   -31.899     0.103   261.204   262.646    52.587   968.562   140.375   203.272
   140.750     2.679     2.682    10.196    12.095   -32.041     0.132   261.200   262.925    52.595   968.412   140.625   203.231
   141.000     2.578     2.654    10.191    12.086   -32.200     0.125   261.201   263.295    52.558   968.229   140.875   203.181
   141.250     2.580     2.631    10.193    12.084   -32.329     0.108   261.221   264.107    52.504   968.113   141.125   203.163
   141.500     2.657     2.617    10.195    12.088   -32.410     0.089   261.225   264.913    52.462   968.041   141.375   203.126
   141.750     2.634     2.614    10.201    12.097   -32.425     0.072   261.229   265.268    52.455   967.952   141.625   203.090
   142.000     2.638     2.626    10.206    12.104   -32.397     0.058   261.230   265.883    52.472   967.937   141.875   203.096
   142.250     2.803     2.658    10.201    12.102   -32.326     0.048   261.211   266.506    52.482   968.129   142.125   203.179
   142.500     2.951     2.671    10.186    12.093   -32.228     0.040   261.195   267.113    52.460   968.491   142.375   203.315
   142.750     2.961     2.683    10.170    12.079   -32.126     0.035   261.182   267.622    52.428   968.894   142.625   203.448
   143.000     2.889     2.690    10.154    12.063   -32.014     0.031   261.171   267.349    52.416   969.184   142.875   203.482
   143.250     2.557     2.667    10.149    12.053   -31.927     0.037   261.169   265.486    52.426   969.155   143.125   203.417
   143.500     2.449     2.555    10.142    12.046   -31.904     0.067   261.173   263.787    52.463   968.957   143.375   203.333
   143.750     2.385     2.556    10.139    12.043   -32.007     0.102   261.184   262.949    52.520   968.666   143.625   203.280
   144.000     2.692     2.687    10.129    12.032   -32.144     0.131   261.179   262.809    52.525   968.498   143.875   203.232
   144.250     2.540     2.649    10.125    12.025   -32.300     0.124   261.182   263.118    52.503   968.323   144.125   203.189
   144.500     2.575     2.628    10.128    12.022   -32.428     0.107   261.202   263.951    52.448   968.218   144.375   203.174
   144.750     2.649     2.614    10.130    12.026   -32.506     0.088   261.207   264.762    52.403   968.153   144.625   203.139
   145.000     2.630     2.611    10.135    12.035   -32.522     0.071   261.211   265.122    52.393   968.070   144.875   203.106
   145.250     2.637     2.622    10.141    12.041   -32.493     0.058   261.212   265.744    52.408   968.061   145.125   203.115
   145.500     2.795     2.655    10.135    12.040   -32.422     0.047   261.194   266.366    52.418   968.251   145.375   203.196
   145.750     2.947     2.668    10.121    12.030   -32.323     0.040   261.177   266.977    52.396   968.610   145.625   203.328
   146.000     2.957     2.679    10.104    12.016   -32.221     0.034   261.165   267.489    52.364   969.008   145.875   203.454
   146.250     2.885     2.686    10.089    12.000   -32.110     0.031   261.153   267.216    52.352   969.295   146.125   203.483
   146.500     2.543     2.661    10.083    11.991   -32.023     0.037   261.152   265.346    52.366   969.252   146.375   203.415
   146.750     2.445     2.661    10.081    11.985   -32.011     0.065   261.153   263.492    52.402   968.998   146.625   203.312
   147.000     2.394     2.715    10.079    11.983   -32.096     0.097   261.170   261.824    52.464   968.714   146.875   203.268
   147.250     2.671     2.647    10.064    11.971   -32.231     0.117   261.165   262.818    52.478   968.611   147.125   203.236
   147.500     2.536     2.642    10.062    11.965   -32.391     0.111   261.166   263.251    52.447   968.413   147.375   203.188
   147.750     2.551     2.622    10.066    11.964   -32.522     0.097   261.187   264.022    52.391   968.286   147.625   203.168
   148.000     2.635     2.611    10.069    11.968   -32.592     0.080   261.192   264.617    52.350   968.220   147.875   203.137
   148.250     2.625     2.609    10.074    11.976   -32.603     0.065   261.195   265.143    52.339   968.154   148.125   203.112
   148.500     2.636     2.621    10.079    11.982   -32.570     0.054   261.197   265.734    52.353   968.168   148.375   203.129
   148.750     2.826     2.653    10.072    11.979   -32.495     0.044   261.176   266.358    52.356   968.398   148.625   203.221
   149.000     2.951     2.667    10.056    11.969   -32.396     0.037   261.160   266.948    52.330   968.775   148.875   203.356
   149.250     2.957     2.678    10.040    11.954   -32.295     0.033   261.148   267.485    52.299   969.171   149.125   203.468
   149.500     2.850     2.645    10.024    11.938   -32.185     0.030   261.135   267.086    52.289   969.435   149.375   203.484
   149.750     2.547     2.655    10.018    11.930   -32.101     0.039   261.134   265.087    52.311   969.361   149.625   203.411
   150.000     2.413     2.653    10.014    11.927   -32.114     0.070   261.139   263.060    52.367   969.063   149.875   203.312
