     0.250     0.030     1.721    12.650    13.477   -20.670     1.195   262.419   258.537    14.999  1009.266     0.125   267.867
     0.500     0.055     1.750    12.823    13.930   -20.956     1.195   262.475   258.608    17.974  1007.861     0.375   265.540
     0.750     0.379     1.834    13.093    14.346   -21.241     1.195   262.514   258.738    20.804  1006.255     0.625   260.353
     1.000     0.995     1.915    13.346    14.727   -21.525     1.195   262.524   259.077    23.230  1004.721     0.875   257.138
     1.250     1.592     2.005    13.595    15.072   -21.807     1.195   262.528   259.524    25.422  1003.201     1.125   254.176
     1.500     2.013     2.101    13.839    15.380   -22.087     1.195   262.523   260.125    27.405  1001.709     1.375   251.439
     1.750     2.275     2.194    14.069    15.655   -22.363     1.195   262.508   260.781    29.246  1000.229     1.625   248.832
     2.000     2.406     2.278    14.280    15.900   -22.638     1.196   262.493   261.411    30.980   998.747     1.875   246.108
     2.250     2.588     2.350    14.469    16.116   -22.940     1.202   262.479   261.980    32.556   997.331     2.125   243.745
     2.500     2.557     2.414    14.644    16.310   -23.267     1.218   262.465   262.577    34.069   995.902     2.375   241.345
     2.750     2.682     2.469    14.801    16.485   -23.522     1.230   262.469   262.999    35.417   994.583     2.625   239.465
     3.000     2.632     2.516    14.949    16.644   -23.699     1.237   262.466   263.435    36.841   993.043     2.875   237.170
     3.250     3.209     2.565    15.065    16.785   -23.762     1.225   262.456   264.109    38.169   991.503     3.125   235.329
     3.500     3.228     2.606    15.175    16.913   -23.828     1.229   262.437   264.923    39.478   989.917     3.375   233.275
     3.750     3.303     2.638    15.275    17.027   -23.850     1.270   262.422   265.546    40.643   988.464     3.625   231.699
     4.000     3.270     2.668    15.372    17.131   -23.889     1.323   262.413   266.048    41.784   987.032     3.875   229.829
     4.250     3.323     2.693    15.461    17.225   -23.743     1.265   262.400   266.687    42.865   985.612     4.125   228.039
     4.500     3.423     2.726    15.541    17.311   -23.530     1.170   262.390   267.207    43.779   984.425     4.375   226.865
     4.750     3.472     2.749    15.611    17.387   -23.362     1.099   262.374   267.885    44.683   983.230     4.625   225.488
     5.000     3.517     2.768    15.675    17.456   -23.251     1.051   262.356   268.689    45.597   981.953     4.875   223.764
     5.250     3.400     2.783    15.740    17.520   -23.151     1.001   262.345   269.215    46.336   980.833     5.125   222.698
     5.500     3.322     2.800    15.802    17.579   -23.034     0.945   262.338   269.676    47.076   979.668     5.375   221.539
     5.750     3.387     2.823    15.855    17.632   -22.921     0.884   262.335   269.951    47.809   978.540     5.625   220.346
     6.000     3.513     2.841    15.899    17.679   -22.827     0.829   262.320   270.749    48.533   977.400     5.875   218.968
     6.250     3.526     2.850    15.939    17.721   -22.788     0.786   262.306   271.429    49.078   976.507     6.125   218.156
     6.500     3.395     2.860    15.982    17.761   -22.758     0.747   262.297   271.887    49.581   975.608     6.375   217.444
     6.750     3.375     2.873    16.021    17.797   -22.719     0.710   262.291   272.276    50.047   974.773     6.625   216.823
     7.000     3.436     2.888    16.053    17.830   -22.633     0.667   262.283   272.801    50.486   974.030     6.875   216.293
     7.250     3.436     2.901    16.080    17.859   -22.524     0.619   262.272   273.360    50.908   973.314     7.125   215.757
     7.500     3.438     2.911    16.105    17.884   -22.429     0.573   262.261   273.930    51.318   972.593     7.375   215.174
     7.750     3.470     2.921    16.126    17.905   -22.353     0.531   262.248   274.529    51.719   971.872     7.625   214.536
     8.000     3.479     2.928    16.145    17.924   -22.303     0.496   262.234   275.131    52.126   971.102     7.875   213.780
     8.250     3.530     2.936    16.159    17.940   -22.264     0.466   262.219   275.543    52.485   970.439     8.125   213.145
     8.500     3.429     2.942    16.174    17.953   -22.276     0.445   262.206   276.127    52.758   969.926     8.375   212.768
     8.750     3.330     2.949    16.188    17.964   -22.302     0.428   262.198   276.395    53.019   969.419     8.625   212.408
     9.000     3.247     2.959    16.200    17.973   -22.323     0.412   262.193   276.697    53.273   968.940     8.875   212.072
     9.250     3.285     2.972    16.206    17.978   -22.312     0.393   262.190   277.049    53.517   968.541     9.125   211.765
     9.500     3.393     2.977    16.207    17.981   -22.240     0.371   262.174   277.262    53.748   968.043     9.375   211.411
     9.750     3.353     2.972    16.210    17.982   -22.145     0.355   262.159   277.360    53.964   967.505     9.625   211.065
    10.000     3.287     2.950    16.218    17.982   -22.107     0.371   262.149   277.324    54.159   967.036     9.875   210.791
    10.250     3.280     2.994    16.222    17.978   -22.121     0.395   262.141   277.579    54.350   966.598    10.125   210.541
    10.500     3.218     3.012    16.221    17.972   -22.156     0.418   262.138   277.802    54.517   966.219    10.375   210.309
    10.750     3.312     3.009    16.209    17.964   -22.198     0.414   262.132   278.238    54.649   965.964    10.625   210.115
    11.000     3.325     2.973    16.199    17.956   -22.247     0.393   262.127   278.634    54.760   965.714    10.875   209.917
    11.250     3.433     3.001    16.187    17.949   -22.294     0.359   262.116   279.356    54.861   965.490    11.125   209.730
    11.500     3.409     3.003    16.177    17.941   -22.344     0.321   262.106   280.000    54.972   965.258    11.375   209.524
    11.750     3.347     3.002    16.168    17.932   -22.381     0.287   262.096   280.486    55.087   965.033    11.625   209.325
    12.000     3.316     3.007    16.158    17.922   -22.392     0.258   262.088   280.918    55.211   964.789    11.875   209.102
    12.250     3.373     3.018    16.144    17.911   -22.382     0.232   262.078   280.921    55.336   964.563    12.125   208.870
    12.500     3.385     2.993    16.128    17.898   -22.344     0.215   262.063   280.738    55.447   964.305    12.375   208.611
    12.750     3.327     3.009    16.118    17.886   -22.305     0.221   262.048   280.463    55.566   963.999    12.625   208.351
    13.000     3.188     3.019    16.109    17.870   -22.306     0.232   262.043   280.457    55.699   963.741    12.875   208.113
    13.250     3.188     3.025    16.095    17.853   -22.344     0.237   262.037   280.552    55.817   963.474    13.125   207.839
    13.500     3.309     3.028    16.075    17.835   -22.396     0.244   262.030   280.629    55.917   963.233    13.375   207.528
    13.750     3.302     2.991    16.054    17.817   -22.446     0.253   262.018   280.762    56.015   962.993    13.625   207.207
    14.000     3.266     3.016    16.039    17.800   -22.517     0.277   262.007   280.826    56.072   962.826    13.875   207.082
    14.250     3.157     3.022    16.023    17.780   -22.588     0.269   262.002   280.758    56.136   962.669    14.125   206.997
    14.500     3.168     3.022    16.002    17.760   -22.645     0.253   261.998   280.854    56.179   962.563    14.375   206.916
    14.750     3.207     3.007    15.977    17.739   -22.681     0.235   261.993   281.105    56.211   962.495    14.625   206.838
    15.000     3.347     3.025    15.954    17.719   -22.684     0.230   261.982   280.889    56.211   962.373    14.875   206.758
    15.250     3.162     3.023    15.938    17.699   -22.714     0.233   261.974   280.779    56.246   962.254    15.125   206.682
    15.500     3.115     3.026    15.918    17.677   -22.747     0.230   261.969   280.873    56.295   962.143    15.375   206.611
    15.750     3.138     3.023    15.893    17.655   -22.777     0.227   261.965   280.793    56.326   962.077    15.625   206.543
    16.000     3.227     3.022    15.866    17.633   -22.809     0.221   261.962   279.767    56.339   962.039    15.875   206.479
    16.250     3.275     2.995    15.841    17.611   -22.842     0.228   261.952   280.815    56.333   962.009    16.125   206.415
    16.500     3.220     3.019    15.825    17.590   -22.892     0.240   261.939   280.878    56.338   961.859    16.375   206.352
    16.750     3.109     3.013    15.804    17.568   -22.956     0.243   261.935   280.625    56.387   961.784    16.625   206.294
    17.000     3.078     3.013    15.781    17.545   -23.010     0.236   261.933   280.733    56.421   961.721    16.875   206.238
    17.250     3.168     3.020    15.754    17.521   -23.046     0.226   261.929   280.528    56.429   961.663    17.125   206.181
    17.500     3.266     2.945    15.725    17.498   -23.055     0.224   261.920   279.749    56.411   961.669    17.375   206.129
    17.750     3.214     3.003    15.707    17.477   -23.100     0.231   261.910   280.600    56.411   961.576    17.625   206.078
    18.000     3.086     2.993    15.686    17.454   -23.158     0.227   261.906   280.538    56.445   961.512    17.875   206.028
    18.250     3.106     2.991    15.662    17.431   -23.203     0.217   261.903   280.754    56.458   961.469    18.125   205.984
    18.500     3.278     3.004    15.633    17.408   -23.225     0.208   261.896   279.851    56.444   961.441    18.375   205.938
    18.750     3.275     2.999    15.608    17.386   -23.244     0.217   261.887   279.658    56.430   961.433    18.625   205.896
    19.000     3.141     2.994    15.590    17.364   -23.296     0.225   261.877   280.947    56.440   961.345    18.875   205.854
    19.250     3.088     2.996    15.569    17.341   -23.369     0.219   261.872   280.930    56.467   961.289    19.125   205.813
    19.500     3.102     2.992    15.544    17.318   -23.422     0.207   261.870   280.714    56.474   961.273    19.375   205.774
    19.750     3.215     2.971    15.514    17.294   -23.445     0.195   261.862   280.746    56.462   961.281    19.625   205.739
    20.000     3.274     2.987    15.489    17.272   -23.444     0.201   261.852   280.753    56.441   961.264    19.875   205.703
    20.250     3.179     2.984    15.472    17.250   -23.481     0.211   261.843   280.987    56.443   961.204    20.125   205.666
    20.500     3.070     2.987    15.451    17.227   -23.554     0.207   261.838   280.905    56.470   961.146    20.375   205.631
    20.750     3.091     2.986    15.426    17.204   -23.611     0.197   261.835   280.768    56.473   961.126    20.625   205.599
    21.000     3.244     2.983    15.395    17.180   -23.636     0.187   261.827   280.746    56.454   961.150    20.875   205.571
    21.250     3.270     2.978    15.370    17.157   -23.645     0.194   261.818   280.810    56.426   961.155    21.125   205.545
    21.500     3.128     2.962    15.350    17.135   -23.692     0.204   261.807   280.968    56.435   961.119    21.375   205.514
    21.750     3.075     2.975    15.329    17.111   -23.767     0.198   261.803   281.031    56.454   961.079    21.625   205.486
    22.000     3.088     2.972    15.304    17.087   -23.826     0.187   261.799   281.387    56.452   961.080    21.875   205.457
    22.250     3.219     2.975    15.276    17.063   -23.853     0.177   261.791   281.094    56.423   961.061    22.125   205.428
    22.500     3.314     2.970    15.246    17.040   -23.844     0.180   261.781   280.022    56.401   961.135    22.375   205.410
    22.750     3.132     2.962    15.228    17.017   -23.896     0.193   261.771   281.465    56.389   961.128    22.625   205.405
    23.000     3.053     2.968    15.208    16.993   -23.980     0.188   261.766   281.404    56.404   961.080    22.875   205.379
    23.250     3.067     2.953    15.181    16.969   -24.048     0.177   261.763   281.424    56.405   961.108    23.125   205.358
    23.500     3.231     2.967    15.152    16.944   -24.074     0.166   261.755   280.869    56.368   961.123    23.375   205.341
    23.750     3.253     2.892    15.120    16.919   -24.056     0.166   261.741   280.961    56.344   961.221    23.625   205.331
    24.000     3.165     2.953    15.102    16.896   -24.100     0.182   261.732   281.435    56.328   961.204    23.875   205.326
    24.250     3.040     2.946    15.080    16.872   -24.179     0.178   261.727   281.527    56.340   961.196    24.125   205.309
    24.500     3.085     2.955    15.054    16.847   -24.247     0.169   261.725   281.562    56.332   961.236    24.375   205.294
    24.750     3.240     2.932    15.022    16.821   -24.266     0.159   261.713   281.319    56.290   961.287    24.625   205.288
    25.000     3.244     2.952    14.996    16.797   -24.279     0.166   261.701   281.299    56.255   961.329    24.875   205.284
    25.250     3.086     2.946    14.975    16.773   -24.343     0.170   261.693   281.536    56.262   961.337    25.125   205.266
    25.500     3.009     2.937    14.952    16.748   -24.416     0.164   261.691   281.376    56.269   961.327    25.375   205.248
    25.750     3.113     2.929    14.922    16.722   -24.453     0.155   261.685   281.354    56.257   961.380    25.625   205.234
    26.000     3.265     2.945    14.891    16.696   -24.451     0.154   261.673   280.777    56.209   961.432    25.875   205.226
    26.250     3.088     2.879    14.868    16.672   -24.489     0.169   261.663   281.261    56.191   961.445    26.125   205.216
    26.500     3.069     2.940    14.847    16.647   -24.570     0.172   261.658   281.243    56.197   961.445    26.375   205.203
    26.750     2.992     2.928    14.822    16.621   -24.647     0.164   261.655   281.214    56.198   961.441    26.625   205.182
    27.000     3.116     2.945    14.793    16.594   -24.688     0.154   261.650   281.248    56.177   961.467    26.875   205.163
    27.250     3.171     2.865    14.759    16.569   -24.683     0.153   261.638   281.066    56.135   961.566    27.125   205.154
    27.500     3.171     2.937    14.739    16.545   -24.719     0.168   261.629   281.078    56.103   961.529    27.375   205.145
    27.750     3.017     2.931    14.716    16.520   -24.792     0.169   261.624   281.037    56.113   961.543    27.625   205.132
    28.000     2.992     2.917    14.690    16.494   -24.869     0.161   261.620   281.091    56.117   961.568    27.875   205.112
    28.250     3.104     2.933    14.661    16.468   -24.910     0.151   261.615   281.132    56.095   961.591    28.125   205.096
    28.500     3.203     2.900    14.628    16.443   -24.907     0.148   261.603   280.891    56.051   961.691    28.375   205.090
    28.750     3.111     2.915    14.607    16.419   -24.938     0.161   261.593   281.043    56.026   961.681    28.625   205.082
    29.000     2.988     2.921    14.585    16.394   -25.014     0.161   261.589   280.853    56.038   961.671    28.875   205.064
    29.250     2.980     2.920    14.561    16.368   -25.083     0.154   261.586   280.880    56.037   961.681    29.125   205.043
    29.500     2.911     2.914    14.534    16.340   -25.109     0.146   261.586   280.416    56.054   961.735    29.375   205.031
    29.750     2.908     2.917    14.507    16.310   -25.112     0.158   261.587   279.561    56.037   961.769    29.625   205.021
    30.000     2.947     2.946    14.482    16.281   -25.166     0.175   261.587   279.690    56.018   961.780    29.875   205.014
    30.250     2.984     2.951    14.459    16.250   -25.273     0.237   261.570   278.785    55.987   961.776    30.125   204.999
    30.500     2.911     2.952    14.439    16.221   -25.408     0.261   261.568   279.569    55.962   961.753    30.375   204.982
    30.750     2.978     2.946    14.411    16.192   -25.526     0.280   261.576   279.586    55.941   961.769    30.625   204.960
    31.000     3.088     2.933    14.375    16.163   -25.619     0.259   261.572   278.641    55.916   961.849    30.875   204.939
    31.250     3.041     2.926    14.348    16.136   -25.688     0.255   261.566   278.527    55.868   961.855    31.125   204.917
    31.500     3.075     2.916    14.317    16.111   -25.715     0.227   261.558   279.288    55.831   961.913    31.375   204.897
    31.750     3.077     2.907    14.287    16.086   -25.730     0.208   261.550   279.243    55.804   961.988    31.625   204.876
    32.000     3.045     2.904    14.260    16.063   -25.735     0.198   261.544   279.114    55.778   962.006    31.875   204.856
    32.250     3.040     2.899    14.234    16.040   -25.746     0.195   261.539   279.163    55.757   962.063    32.125   204.835
    32.500     3.038     2.884    14.208    16.017   -25.766     0.194   261.531   279.221    55.740   962.111    32.375   204.813
    32.750     3.072     2.893    14.183    15.994   -25.789     0.191   261.526   278.346    55.720   962.153    32.625   204.794
    33.000     3.032     2.892    14.161    15.972   -25.831     0.198   261.518   279.261    55.700   962.173    32.875   204.775
    33.250     3.019     2.848    14.137    15.950   -25.868     0.195   261.511   279.150    55.693   962.219    33.125   204.755
    33.500     3.063     2.890    14.115    15.928   -25.915     0.197   261.505   278.310    55.677   962.220    33.375   204.736
    33.750     2.995     2.846    14.092    15.906   -25.963     0.208   261.498   278.931    55.669   962.258    33.625   204.716
    34.000     3.049     2.884    14.069    15.883   -26.018     0.221   261.489   278.926    55.653   962.273    33.875   204.702
    34.250     3.035     2.885    14.047    15.861   -26.082     0.222   261.484   278.284    55.632   962.265    34.125   204.682
    34.500     3.034     2.881    14.022    15.838   -26.129     0.218   261.476   278.912    55.624   962.321    34.375   204.664
    34.750     3.016     2.881    14.000    15.816   -26.169     0.205   261.468   278.988    55.608   962.314    34.625   204.641
    35.000     3.006     2.867    13.975    15.793   -26.190     0.202   261.461   278.732    55.601   962.356    34.875   204.618
    35.250     2.974     2.835    13.952    15.770   -26.222     0.206   261.457   278.721    55.589   962.378    35.125   204.599
    35.500     3.012     2.876    13.931    15.748   -26.264     0.205   261.451   278.646    55.561   962.365    35.375   204.584
    35.750     3.016     2.872    13.905    15.725   -26.296     0.198   261.443   278.795    55.551   962.429    35.625   204.564
    36.000     2.999     2.871    13.882    15.702   -26.325     0.196   261.439   277.856    55.536   962.449    35.875   204.545
    36.250     2.991     2.868    13.858    15.680   -26.368     0.199   261.431   278.618    55.522   962.485    36.125   204.523
    36.500     3.002     2.867    13.835    15.657   -26.398     0.202   261.424   278.665    55.508   962.501    36.375   204.502
    36.750     2.970     2.822    13.810    15.635   -26.441     0.209   261.420   278.484    55.498   962.547    36.625   204.481
    37.000     3.029     2.861    13.787    15.613   -26.494     0.217   261.415   277.834    55.479   962.571    36.875   204.463
    37.250     2.967     2.860    13.766    15.591   -26.554     0.211   261.408   277.823    55.462   962.572    37.125   204.442
    37.500     2.992     2.846    13.741    15.569   -26.583     0.192   261.400   278.496    55.453   962.614    37.375   204.423
    37.750     2.985     2.857    13.721    15.547   -26.604     0.192   261.393   278.580    55.427   962.604    37.625   204.405
    38.000     2.990     2.843    13.696    15.525   -26.632     0.184   261.386   278.553    55.424   962.652    37.875   204.384
    38.250     2.984     2.852    13.673    15.503   -26.659     0.180   261.380   278.484    55.410   962.677    38.125   204.365
    38.500     2.963     2.851    13.650    15.481   -26.691     0.186   261.374   278.380    55.400   962.699    38.375   204.343
    38.750     2.943     2.851    13.629    15.458   -26.733     0.196   261.368   278.321    55.380   962.699    38.625   204.326
    39.000     2.984     2.848    13.603    15.436   -26.776     0.190   261.363   278.192    55.369   962.747    38.875   204.308
    39.250     2.955     2.846    13.580    15.414   -26.825     0.197   261.358   277.274    55.358   962.774    39.125   204.287
    39.500     2.974     2.844    13.556    15.393   -26.866     0.201   261.350   278.197    55.343   962.791    39.375   204.270
    39.750     2.971     2.829    13.532    15.371   -26.913     0.191   261.345   277.971    55.334   962.841    39.625   204.250
    40.000     2.958     2.840    13.512    15.349   -26.949     0.186   261.338   277.997    55.309   962.823    39.875   204.233
    40.250     2.970     2.836    13.487    15.328   -26.972     0.186   261.333   277.930    55.304   962.875    40.125   204.215
    40.500     2.951     2.835    13.465    15.306   -27.012     0.185   261.325   278.101    55.286   962.888    40.375   204.195
    40.750     2.936     2.791    13.440    15.284   -27.043     0.180   261.319   278.058    55.280   962.939    40.625   204.177
    41.000     2.966     2.832    13.419    15.263   -27.079     0.179   261.313   278.016    55.263   962.939    40.875   204.156
    41.250     2.929     2.830    13.396    15.241   -27.112     0.179   261.307   277.921    55.253   962.956    41.125   204.136
    41.500     2.938     2.829    13.373    15.220   -27.144     0.179   261.301   277.775    55.242   962.974    41.375   204.116
    41.750     2.936     2.800    13.348    15.198   -27.182     0.179   261.295   277.742    55.234   963.031    41.625   204.096
    42.000     2.955     2.824    13.327    15.176   -27.219     0.193   261.289   277.771    55.215   963.035    41.875   204.080
    42.250     2.938     2.822    13.304    15.155   -27.275     0.185   261.284   277.280    55.198   963.052    42.125   204.059
    42.500     2.950     2.818    13.280    15.134   -27.306     0.183   261.277   277.716    55.190   963.110    42.375   204.040
    42.750     2.910     2.776    13.258    15.112   -27.342     0.178   261.270   277.663    55.178   963.131    42.625   204.020
    43.000     2.953     2.815    13.237    15.091   -27.372     0.181   261.265   277.567    55.162   963.142    42.875   204.003
    43.250     2.911     2.772    13.214    15.070   -27.407     0.176   261.259   277.557    55.151   963.184    43.125   203.982
    43.500     2.940     2.813    13.193    15.049   -27.440     0.173   261.252   277.495    55.137   963.179    43.375   203.962
    43.750     2.920     2.800    13.170    15.028   -27.476     0.177   261.246   277.453    55.127   963.220    43.625   203.944
    44.000     2.929     2.810    13.149    15.007   -27.512     0.175   261.240   277.493    55.109   963.225    43.875   203.926
    44.250     2.923     2.808    13.128    14.986   -27.551     0.173   261.234   277.485    55.091   963.241    44.125   203.908
    44.500     2.936     2.794    13.103    14.965   -27.577     0.168   261.228   277.296    55.085   963.310    44.375   203.892
    44.750     2.905     2.805    13.083    14.944   -27.617     0.173   261.224   276.441    55.068   963.311    44.625   203.873
    45.000     2.925     2.801    13.060    14.923   -27.654     0.171   261.216   277.227    55.059   963.357    44.875   203.854
    45.250     2.913     2.790    13.037    14.902   -27.683     0.171   261.209   277.175    55.045   963.383    45.125   203.838
    45.500     2.931     2.788    13.015    14.881   -27.722     0.188   261.203   277.292    55.029   963.429    45.375   203.822
    45.750     2.906     2.796    12.995    14.860   -27.781     0.185   261.200   276.443    55.013   963.426    45.625   203.802
    46.000     2.880     2.753    12.973    14.839   -27.815     0.177   261.194   276.503    54.999   963.464    45.875   203.784
    46.250     2.930     2.782    12.951    14.819   -27.842     0.167   261.186   277.274    54.987   963.486    46.125   203.766
    46.500     2.893     2.790    12.929    14.798   -27.869     0.161   261.179   277.202    54.977   963.512    46.375   203.746
    46.750     2.888     2.765    12.908    14.777   -27.890     0.159   261.173   277.133    54.966   963.527    46.625   203.726
    47.000     2.896     2.777    12.885    14.757   -27.921     0.167   261.168   276.985    54.953   963.562    46.875   203.711
    47.250     2.896     2.789    12.866    14.736   -27.965     0.181   261.164   276.151    54.927   963.566    47.125   203.695
    47.500     2.906     2.786    12.843    14.715   -28.006     0.167   261.156   277.091    54.919   963.608    47.375   203.677
    47.750     2.909     2.782    12.821    14.695   -28.044     0.157   261.148   277.017    54.906   963.646    47.625   203.657
    48.000     2.875     2.783    12.800    14.674   -28.060     0.156   261.143   276.951    54.898   963.660    47.875   203.637
    48.250     2.859     2.770    12.778    14.654   -28.098     0.165   261.138   276.764    54.889   963.698    48.125   203.620
    48.500     2.881     2.781    12.758    14.633   -28.135     0.170   261.132   276.803    54.869   963.705    48.375   203.603
    48.750     2.878     2.779    12.737    14.612   -28.181     0.167   261.127   276.615    54.852   963.717    48.625   203.585
    49.000     2.894     2.764    12.713    14.592   -28.217     0.165   261.120   276.651    54.846   963.785    48.875   203.567
    49.250     2.877     2.775    12.694    14.571   -28.256     0.164   261.114   276.531    54.820   963.775    49.125   203.554
    49.500     2.893     2.770    12.670    14.551   -28.285     0.166   261.107   276.542    54.815   963.842    49.375   203.537
    49.750     2.866     2.758    12.649    14.531   -28.324     0.162   261.102   276.555    54.802   963.869    49.625   203.517
    50.000     2.865     2.757    12.628    14.511   -28.353     0.161   261.096   276.562    54.789   963.891    49.875   203.501
