     0.250     0.052     1.223     6.671     7.566   -26.635     0.701   261.488   244.153    10.642  1010.833     0.125   267.357
     0.500     0.040     1.262     6.912     8.100   -26.883     0.701   261.547   244.561    13.221  1009.929     0.375   265.356
     0.750     0.210     1.336     7.235     8.594   -27.130     0.701   261.570   245.091    15.764  1008.838     0.625   260.689
     1.000     0.611     1.416     7.538     9.048   -27.377     0.701   261.573   245.662    17.861  1007.794     0.875   258.268
     1.250     1.032     1.515     7.854     9.459   -27.622     0.701   261.566   246.339    19.793  1006.737     1.125   256.177
     1.500     1.280     1.616     8.172     9.832   -27.866     0.701   261.576   246.942    21.602  1005.646     1.375   253.832
     1.750     1.552     1.700     8.470    10.173   -28.109     0.701   261.573   247.629    23.248  1004.573     1.625   251.688
     2.000     1.767     1.776     8.743    10.484   -28.351     0.701   261.569   248.318    24.767  1003.519     1.875   249.706
     2.250     1.749     1.849     9.006    10.769   -28.591     0.701   261.564   248.949    26.271  1002.406     2.125   247.261
     2.500     1.958     1.919     9.242    11.030   -28.830     0.701   261.559   249.597    27.641  1001.342     2.375   245.283
     2.750     1.930     1.984     9.463    11.267   -29.067     0.701   261.561   250.146    28.986  1000.244     2.625   243.124
     3.000     2.100     2.045     9.661    11.483   -29.324     0.703   261.560   250.675    30.237   999.180     2.875   241.248
     3.250     2.151     2.101     9.845    11.680   -29.646     0.713   261.559   251.190    31.419   998.137     3.125   239.659
     3.500     2.118     2.153    10.018    11.860   -30.009     0.724   261.561   251.651    32.568   997.082     3.375   237.902
     3.750     2.235     2.195    10.175    12.025   -30.354     0.726   261.565   252.094    33.594   996.113     3.625   236.570
     4.000     2.166     2.240    10.324    12.177   -30.584     0.724   261.572   252.486    34.594   995.140     3.875   235.126
     4.250     2.271     2.275    10.459    12.316   -30.730     0.725   261.577   252.877    35.538   994.196     4.125   233.813
     4.500     2.774     2.316    10.565    12.440   -30.755     0.716   261.568   253.489    36.482   993.147     4.375   232.530
     4.750     2.760     2.344    10.670    12.554   -30.803     0.707   261.551   254.120    37.389   992.091     4.625   231.230
     5.000     2.826     2.368    10.767    12.659   -30.876     0.700   261.539   254.601    38.295   990.998     4.875   229.696
     5.250     2.653     2.388    10.868    12.757   -30.936     0.693   261.525   255.133    39.183   989.880     5.125   227.993
     5.500     2.696     2.405    10.961    12.848   -30.980     0.727   261.518   255.709    40.030   988.774     5.375   226.320
     5.750     2.696     2.437    11.049    12.935   -31.016     0.772   261.534   256.059    40.875   987.635     5.625   224.527
     6.000     2.900     2.453    11.123    13.013   -30.899     0.737   261.523   256.730    41.512   986.770     5.875   223.650
     6.250     2.828     2.468    11.195    13.086   -30.774     0.696   261.507   257.101    42.128   985.936     6.125   222.638
     6.500     2.903     2.481    11.261    13.153   -30.618     0.637   261.502   257.519    42.767   985.032     6.375   221.464
     6.750     2.885     2.503    11.326    13.217   -30.510     0.600   261.509   257.936    43.432   984.112     6.625   220.129
     7.000     2.972     2.518    11.383    13.275   -30.445     0.574   261.495   258.701    43.982   983.354     6.875   219.191
     7.250     2.888     2.527    11.439    13.329   -30.370     0.542   261.472   259.261    44.437   982.682     7.125   218.606
     7.500     2.898     2.549    11.490    13.380   -30.274     0.504   261.466   259.718    44.882   982.028     7.375   218.000
     7.750     3.069     2.546    11.532    13.425   -30.139     0.458   261.451   260.310    45.299   981.457     7.625   217.396
     8.000     2.916     2.565    11.578    13.467   -30.057     0.423   261.444   260.666    45.721   980.843     7.875   216.799
     8.250     2.891     2.535    11.622    13.506   -30.007     0.397   261.450   261.058    46.150   980.172     8.125   216.060
     8.500     3.309     2.543    11.651    13.556   -29.935     0.377   261.418   261.906    46.600   979.255     8.375   215.003
     8.750     3.112     2.542    11.691    13.601   -29.907     0.363   261.393   262.650    46.982   978.730     8.625   214.329
     9.000     3.015     2.558    11.729    13.643   -29.875     0.347   261.378   263.090    47.298   978.230     8.875   214.007
     9.250     2.976     2.570    11.763    13.680   -29.819     0.327   261.365   263.561    47.592   977.789     9.125   213.711
     9.500     2.980     2.589    11.794    13.711   -29.744     0.304   261.356   263.958    47.867   977.425     9.375   213.459
     9.750     3.018     2.604    11.819    13.737   -29.661     0.276   261.344   264.487    48.122   977.128     9.625   213.237
    10.000     3.030     2.618    11.841    13.758   -29.572     0.247   261.329   265.161    48.354   976.859     9.875   213.025
    10.250     3.015     2.627    11.860    13.776   -29.483     0.220   261.314   265.739    48.572   976.592    10.125   212.800
    10.500     2.999     2.637    11.877    13.790   -29.387     0.196   261.300   266.216    48.788   976.302    10.375   212.526
    10.750     2.887     2.632    11.894    13.803   -29.313     0.180   261.286   266.577    49.016   975.909    10.625   212.186
    11.000     2.903     2.637    11.908    13.814   -29.264     0.179   261.271   266.701    49.217   975.537    10.875   211.921
    11.250     2.909     2.663    11.923    13.823   -29.272     0.210   261.255   267.074    49.398   975.175    11.125   211.680
    11.500     2.862     2.663    11.935    13.830   -29.310     0.205   261.245   267.336    49.577   974.870    11.375   211.462
    11.750     2.870     2.663    11.944    13.836   -29.352     0.194   261.240   267.517    49.747   974.555    11.625   211.215
    12.000     2.843     2.667    11.951    13.842   -29.386     0.184   261.230   267.989    49.917   974.198    11.875   210.917
    12.250     2.778     2.656    11.959    13.847   -29.399     0.170   261.224   268.163    50.082   973.852    12.125   210.631
    12.500     2.778     2.671    11.964    13.852   -29.401     0.156   261.220   268.639    50.257   973.527    12.375   210.338
    12.750     2.842     2.674    11.963    13.854   -29.381     0.145   261.213   268.848    50.427   973.239    12.625   210.013
    13.000     2.840     2.678    11.961    13.854   -29.352     0.137   261.207   269.011    50.600   972.954    12.875   209.655
    13.250     2.815     2.683    11.960    13.852   -29.316     0.132   261.199   269.212    50.785   972.638    13.125   209.242
    13.500     2.802     2.690    11.958    13.850   -29.296     0.134   261.192   269.118    50.970   972.300    13.375   208.788
    13.750     2.775     2.697    11.955    13.846   -29.304     0.157   261.187   268.912    51.084   972.075    13.625   208.625
    14.000     2.721     2.706    11.956    13.841   -29.359     0.181   261.181   268.955    51.186   971.814    13.875   208.465
    14.250     2.749     2.707    11.951    13.835   -29.403     0.174   261.178   268.968    51.280   971.617    14.125   208.317
    14.500     2.758     2.696    11.942    13.828   -29.451     0.182   261.177   268.839    51.364   971.440    14.375   208.173
    14.750     2.743     2.661    11.934    13.822   -29.480     0.175   261.173   268.711    51.441   971.241    14.625   208.026
    15.000     2.785     2.692    11.927    13.815   -29.489     0.167   261.168   268.942    51.517   971.055    14.875   207.884
    15.250     2.731     2.660    11.920    13.809   -29.489     0.168   261.165   268.932    51.598   970.865    15.125   207.742
    15.500     2.767     2.699    11.913    13.802   -29.495     0.173   261.163   269.035    51.673   970.680    15.375   207.606
    15.750     2.742     2.699    11.906    13.796   -29.508     0.176   261.161   269.064    51.744   970.504    15.625   207.478
    16.000     2.762     2.692    11.898    13.789   -29.524     0.167   261.158   269.175    51.814   970.348    15.875   207.353
    16.250     2.772     2.690    11.890    13.782   -29.533     0.159   261.155   269.285    51.883   970.192    16.125   207.228
    16.500     2.751     2.690    11.883    13.775   -29.535     0.155   261.152   269.375    51.950   970.016    16.375   207.103
    16.750     2.774     2.700    11.876    13.768   -29.542     0.156   261.150   269.168    52.010   969.850    16.625   206.986
    17.000     2.780     2.692    11.867    13.761   -29.547     0.159   261.147   269.606    52.072   969.733    16.875   206.885
    17.250     2.774     2.608    11.857    13.753   -29.574     0.169   261.143   269.826    52.112   969.638    17.125   206.818
    17.500     2.891     2.697    11.848    13.745   -29.622     0.148   261.137   269.942    52.145   969.547    17.375   206.765
    17.750     2.807     2.685    11.841    13.737   -29.638     0.131   261.131   270.723    52.165   969.488    17.625   206.736
    18.000     2.827     2.696    11.831    13.729   -29.673     0.115   261.129   271.738    52.193   969.495    17.875   206.734
    18.250     2.800     2.698    11.821    13.720   -29.683     0.098   261.125   271.844    52.244   969.426    18.125   206.649
    18.500     2.729     2.699    11.811    13.709   -29.650     0.084   261.120   271.688    52.310   969.326    18.375   206.567
    18.750     2.715     2.690    11.799    13.697   -29.577     0.077   261.116   271.108    52.373   969.241    18.625   206.501
    19.000     2.729     2.735    11.791    13.684   -29.523     0.090   261.112   270.118    52.406   969.125    18.875   206.431
    19.250     2.620     2.638    11.778    13.669   -29.520     0.116   261.118   269.960    52.454   969.101    19.125   206.404
    19.500     2.805     2.735    11.763    13.653   -29.595     0.147   261.111   270.330    52.474   969.013    19.375   206.335
    19.750     2.744     2.731    11.755    13.639   -29.699     0.148   261.107   270.512    52.472   968.909    19.625   206.266
    20.000     2.874     2.716    11.733    13.625   -29.788     0.164   261.102   270.678    52.481   968.900    19.875   206.226
    20.250     2.894     2.704    11.715    13.613   -29.860     0.142   261.092   270.819    52.485   968.874    20.125   206.185
    20.500     2.854     2.684    11.701    13.603   -29.897     0.120   261.082   271.048    52.495   968.843    20.375   206.146
    20.750     2.710     2.684    11.694    13.594   -29.926     0.104   261.084   271.840    52.504   968.808    20.625   206.149
    21.000     2.837     2.695    11.679    13.582   -29.924     0.089   261.081   272.411    52.528   968.859    20.875   206.138
    21.250     2.750     2.694    11.665    13.570   -29.900     0.075   261.078   272.205    52.571   968.809    21.125   206.051
    21.500     2.377     2.766    11.667    13.542   -29.855     0.068   261.088   270.726    52.666   968.796    21.375   206.011
    21.750     2.209     2.856    11.666    13.510   -29.813     0.098   261.101   268.333    52.665   968.654    21.625   205.933
    22.000     2.278     2.877    11.654    13.475   -29.850     0.146   261.130   267.447    52.635   968.616    21.875   205.900
    22.250     2.615     2.838    11.617    13.439   -29.927     0.170   261.139   268.722    52.581   968.743    22.125   205.871
    22.500     2.738     2.780    11.582    13.411   -30.051     0.154   261.142   268.938    52.494   968.810    22.375   205.805
    22.750     2.931     2.728    11.544    13.392   -30.145     0.130   261.152   269.593    52.418   968.974    22.625   205.799
    23.000     2.905     2.705    11.522    13.382   -30.226     0.108   261.145   270.708    52.357   969.022    22.875   205.791
    23.250     2.826     2.698    11.510    13.375   -30.257     0.090   261.142   271.071    52.343   969.021    23.125   205.793
    23.500     2.776     2.704    11.500    13.367   -30.257     0.074   261.140   271.706    52.351   969.043    23.375   205.809
    23.750     2.995     2.724    11.478    13.353   -30.201     0.060   261.115   272.404    52.369   969.238    23.625   205.826
    24.000     2.818     2.726    11.461    13.337   -30.108     0.051   261.106   271.799    52.415   969.276    23.875   205.745
    24.250     2.589     2.719    11.452    13.323   -30.002     0.054   261.109   269.923    52.469   969.152    24.125   205.635
    24.500     2.582     2.790    11.446    13.306   -29.943     0.090   261.113   267.943    52.504   968.984    24.375   205.529
    24.750     2.519     2.810    11.442    13.289   -30.000     0.143   261.123   267.181    52.517   968.845    24.625   205.486
    25.000     2.819     2.776    11.414    13.266   -30.092     0.156   261.116   268.205    52.526   968.906    24.875   205.455
    25.250     2.829     2.710    11.389    13.249   -30.241     0.142   261.108   268.723    52.505   968.880    25.125   205.391
    25.500     2.810     2.692    11.372    13.239   -30.362     0.123   261.105   269.264    52.488   968.757    25.375   205.310
    25.750     2.822     2.682    11.362    13.234   -30.447     0.106   261.113   270.218    52.466   968.700    25.625   205.299
    26.000     2.792     2.678    11.356    13.230   -30.490     0.089   261.111   270.822    52.460   968.658    25.875   205.295
    26.250     2.746     2.683    11.351    13.226   -30.500     0.075   261.110   271.274    52.473   968.643    26.125   205.306
    26.500     2.797     2.712    11.342    13.218   -30.477     0.062   261.108   271.821    52.494   968.729    26.375   205.345
    26.750     3.010     2.718    11.319    13.202   -30.403     0.051   261.080   272.500    52.503   968.991    26.625   205.383
    27.000     2.852     2.723    11.300    13.185   -30.301     0.044   261.071   271.848    52.541   969.099    26.875   205.320
    27.250     2.614     2.715    11.291    13.170   -30.196     0.049   261.071   269.845    52.585   969.018    27.125   205.215
    27.500     2.501     2.629    11.279    13.153   -30.129     0.086   261.073   268.245    52.639   968.876    27.375   205.113
    27.750     2.474     2.641    11.273    13.134   -30.227     0.140   261.088   267.880    52.655   968.726    27.625   205.078
    28.000     2.721     2.764    11.255    13.112   -30.373     0.171   261.086   267.792    52.647   968.635    27.875   205.028
    28.250     2.856     2.697    11.229    13.092   -30.529     0.165   261.079   267.805    52.606   968.601    28.125   204.947
    28.500     2.815     2.684    11.210    13.082   -30.657     0.141   261.071   268.482    52.577   968.497    28.375   204.882
    28.750     2.779     2.673    11.202    13.078   -30.748     0.119   261.081   269.483    52.555   968.402    28.625   204.859
    29.000     2.779     2.664    11.196    13.075   -30.796     0.098   261.079   270.154    52.546   968.354    28.875   204.845
    29.250     2.732     2.668    11.192    13.073   -30.802     0.080   261.079   270.696    52.555   968.322    29.125   204.843
    29.500     2.727     2.679    11.188    13.068   -30.782     0.065   261.078   271.298    52.576   968.356    29.375   204.863
    29.750     2.971     2.706    11.169    13.056   -30.710     0.053   261.054   271.989    52.583   968.616    29.625   204.942
    30.000     2.979     2.704    11.146    13.038   -30.612     0.044   261.038   272.297    52.591   968.885    29.875   204.959
    30.250     2.831     2.695    11.128    13.019   -30.491     0.040   261.032   271.332    52.622   969.013    30.125   204.903
    30.500     2.594     2.715    11.117    13.003   -30.387     0.053   261.031   269.232    52.659   968.931    30.375   204.802
    30.750     2.428     2.803    11.117    12.986   -30.389     0.104   261.039   266.981    52.684   968.651    30.625   204.671
    31.000     2.473     2.814    11.111    12.966   -30.481     0.147   261.053   266.266    52.704   968.480    30.875   204.601
    31.250     2.797     2.757    11.082    12.943   -30.623     0.155   261.048   267.441    52.691   968.491    31.125   204.562
    31.500     2.857     2.691    11.056    12.927   -30.802     0.141   261.034   268.012    52.655   968.415    31.375   204.477
    31.750     2.765     2.662    11.042    12.921   -30.933     0.122   261.045   268.638    52.628   968.276    31.625   204.427
    32.000     2.730     2.654    11.038    12.920   -31.031     0.103   261.044   269.582    52.613   968.142    31.875   204.394
    32.250     2.733     2.650    11.035    12.920   -31.059     0.085   261.044   270.021    52.616   968.068    32.125   204.371
    32.500     2.714     2.658    11.033    12.919   -31.055     0.070   261.043   270.725    52.635   968.046    32.375   204.373
    32.750     2.730     2.689    11.028    12.915   -31.021     0.057   261.042   271.275    52.656   968.115    32.625   204.404
    33.000     3.026     2.699    11.005    12.900   -30.931     0.047   261.014   271.982    52.653   968.457    32.875   204.511
    33.250     2.988     2.700    10.982    12.882   -30.827     0.040   260.999   272.174    52.659   968.764    33.125   204.548
    33.500     2.807     2.724    10.966    12.863   -30.718     0.037   260.992   270.604    52.676   968.867    33.375   204.494
    33.750     2.608     2.711    10.952    12.844   -30.616     0.050   260.991   268.986    52.713   968.844    33.625   204.421
    34.000     2.370     2.803    10.954    12.828   -30.631     0.101   261.002   266.673    52.730   968.543    33.875   204.286
    34.250     2.456     2.809    10.946    12.807   -30.725     0.135   261.016   265.984    52.744   968.368    34.125   204.213
    34.500     2.810     2.745    10.915    12.783   -30.854     0.145   261.014   266.019    52.728   968.392    34.375   204.176
    34.750     2.875     2.676    10.889    12.769   -31.039     0.133   260.993   267.904    52.676   968.314    34.625   204.092
    35.000     2.678     2.640    10.881    12.765   -31.182     0.115   261.003   268.945    52.655   968.095    34.875   204.025
    35.250     2.759     2.639    10.876    12.764   -31.274     0.097   261.006   269.306    52.642   968.005    35.125   203.999
    35.500     2.722     2.636    10.874    12.766   -31.306     0.079   261.005   269.938    52.646   967.915    35.375   203.968
    35.750     2.711     2.646    10.873    12.767   -31.299     0.065   261.004   270.629    52.668   967.897    35.625   203.971
    36.000     2.776     2.678    10.866    12.762   -31.255     0.053   261.001   271.159    52.692   968.010    35.875   204.021
    36.250     3.023     2.690    10.844    12.747   -31.163     0.044   260.970   271.883    52.683   968.368    36.125   204.142
    36.500     2.973     2.692    10.821    12.729   -31.057     0.037   260.955   271.988    52.683   968.684    36.375   204.192
    36.750     2.773     2.675    10.805    12.710   -30.948     0.035   260.950   270.795    52.703   968.814    36.625   204.160
    37.000     2.621     2.704    10.792    12.690   -30.855     0.050   260.946   268.824    52.725   968.790    36.875   204.091
    37.250     2.315     2.798    10.795    12.674   -30.880     0.099   260.959   266.421    52.742   968.459    37.125   203.955
    37.500     2.469     2.798    10.786    12.653   -30.981     0.131   260.973   265.734    52.748   968.310    37.375   203.890
    37.750     2.793     2.714    10.754    12.629   -31.126     0.142   260.969   266.904    52.726   968.336    37.625   203.852
    38.000     2.796     2.655    10.731    12.616   -31.306     0.130   260.954   267.599    52.680   968.218    37.875   203.768
    38.250     2.653     2.637    10.725    12.614   -31.451     0.113   260.968   268.313    52.656   967.989    38.125   203.705
    38.500     2.746     2.628    10.720    12.614   -31.536     0.094   260.968   269.001    52.643   967.901    38.375   203.674
    38.750     2.711     2.626    10.718    12.616   -31.559     0.077   260.967   269.649    52.644   967.821    38.625   203.641
    39.000     2.706     2.636    10.717    12.617   -31.547     0.062   260.966   270.351    52.668   967.809    38.875   203.646
    39.250     2.796     2.668    10.709    12.612   -31.496     0.051   260.962   270.928    52.690   967.954    39.125   203.709
    39.500     3.020     2.681    10.686    12.597   -31.402     0.042   260.929   271.660    52.676   968.329    39.375   203.841
    39.750     2.977     2.683    10.664    12.578   -31.297     0.036   260.915   271.831    52.670   968.670    39.625   203.910
    40.000     2.768     2.711    10.650    12.559   -31.196     0.034   260.908   270.321    52.679   968.782    39.875   203.873
    40.250     2.583     2.697    10.636    12.539   -31.102     0.046   260.907   268.584    52.707   968.790    40.125   203.830
    40.500     2.355     2.787    10.635    12.522   -31.117     0.092   260.917   266.782    52.715   968.510    40.375   203.705
    40.750     2.438     2.785    10.627    12.502   -31.215     0.125   260.932   265.511    52.717   968.328    40.625   203.629
    41.000     2.715     2.709    10.599    12.480   -31.363     0.139   260.932   266.662    52.698   968.324    40.875   203.597
    41.250     2.820     2.635    10.574    12.466   -31.541     0.127   260.915   267.382    52.647   968.226    41.125   203.513
    41.500     2.650     2.625    10.568    12.464   -31.690     0.109   260.929   268.117    52.618   968.002    41.375   203.460
    41.750     2.733     2.616    10.564    12.465   -31.770     0.090   260.929   268.755    52.604   967.906    41.625   203.429
    42.000     2.700     2.614    10.564    12.468   -31.794     0.074   260.927   269.322    52.608   967.817    41.875   203.396
    42.250     2.697     2.625    10.563    12.470   -31.775     0.060   260.926   270.028    52.631   967.809    42.125   203.404
    42.500     2.780     2.658    10.556    12.465   -31.725     0.050   260.908   270.677    52.653   967.953    42.375   203.470
    42.750     3.011     2.670    10.534    12.451   -31.637     0.041   260.889   271.363    52.637   968.332    42.625   203.608
    43.000     2.995     2.673    10.511    12.432   -31.538     0.035   260.874   271.858    52.620   968.713    42.875   203.707
    43.250     2.802     2.639    10.493    12.412   -31.431     0.033   260.865   270.748    52.627   968.907    43.125   203.703
    43.500     2.602     2.686    10.481    12.393   -31.344     0.044   260.862   268.706    52.643   968.897    43.375   203.649
    43.750     2.316     2.713    10.480    12.377   -31.354     0.084   260.873   266.267    52.658   968.611    43.625   203.529
    44.000     2.417     2.763    10.473    12.359   -31.461     0.118   260.887   265.317    52.675   968.381    43.875   203.446
    44.250     2.809     2.706    10.441    12.335   -31.590     0.134   260.881   266.203    52.659   968.422    44.125   203.416
    44.500     2.675     2.628    10.423    12.323   -31.763     0.125   260.871   266.970    52.608   968.254    44.375   203.328
    44.750     2.594     2.617    10.419    12.320   -31.920     0.109   260.888   267.783    52.578   968.037    44.625   203.283
    45.000     2.675     2.607    10.416    12.322   -32.014     0.091   260.891   268.373    52.557   967.923    44.875   203.245
    45.250     2.679     2.604    10.416    12.326   -32.040     0.074   260.891   268.954    52.557   967.833    45.125   203.209
    45.500     2.678     2.615    10.415    12.327   -32.021     0.060   260.889   269.595    52.580   967.817    45.375   203.212
    45.750     2.760     2.648    10.409    12.324   -31.967     0.050   260.872   270.172    52.602   967.955    45.625   203.275
    46.000     3.000     2.661    10.387    12.310   -31.872     0.042   260.853   270.811    52.585   968.335    45.875   203.412
    46.250     3.012     2.673    10.363    12.290   -31.772     0.036   260.837   271.374    52.559   968.750    46.125   203.535
    46.500     2.881     2.649    10.343    12.269   -31.666     0.033   260.823   270.863    52.553   969.006    46.375   203.547
    46.750     2.585     2.673    10.331    12.252   -31.577     0.043   260.820   268.729    52.567   968.999    46.625   203.490
    47.000     2.321     2.692    10.332    12.238   -31.592     0.076   260.827   266.754    52.586   968.697    46.875   203.368
    47.250     2.432     2.740    10.324    12.222   -31.702     0.110   260.842   265.228    52.616   968.464    47.125   203.295
    47.500     2.634     2.697    10.301    12.203   -31.849     0.136   260.841   266.134    52.620   968.391    47.375   203.265
    47.750     2.666     2.633    10.283    12.187   -32.010     0.126   260.835   266.568    52.570   968.267    47.625   203.190
    48.000     2.611     2.614    10.276    12.183   -32.143     0.108   260.852   267.421    52.522   968.106    47.875   203.158
    48.250     2.691     2.601    10.271    12.183   -32.230     0.089   260.852   268.258    52.490   968.027    48.125   203.127
    48.500     2.685     2.597    10.270    12.186   -32.254     0.073   260.852   268.656    52.481   967.962    48.375   203.098
    48.750     2.679     2.607    10.269    12.187   -32.234     0.059   260.850   269.305    52.497   967.959    48.625   203.106
    49.000     2.765     2.639    10.261    12.183   -32.180     0.049   260.832   269.893    52.515   968.112    48.875   203.176
    49.250     2.992     2.651    10.239    12.169   -32.088     0.041   260.812   270.557    52.496   968.489    49.125   203.314
    49.500     2.997     2.663    10.216    12.150   -31.991     0.035   260.797   271.079    52.470   968.896    49.375   203.431
    49.750     2.854     2.641    10.197    12.130   -31.888     0.032   260.783   270.337    52.463   969.137    49.625   203.441
    50.000     2.576     2.664    10.185    12.112   -31.800     0.043   260.780   268.451    52.476   969.138    49.875   203.389
    50.250     2.314     2.554    10.179    12.100   -31.818     0.079   260.789   266.569    52.513   968.872    50.125   203.289
    50.500     2.409     2.553    10.169    12.086   -31.945     0.113   260.798   266.059    52.547   968.658    50.375   203.244
    50.750     2.625     2.530    10.151    12.068   -32.097     0.144   260.796   265.795    52.538   968.522    50.625   203.190
    51.000     2.622     2.630    10.138    12.053   -32.261     0.140   260.795   266.109    52.495   968.365    50.875   203.129
    51.250     2.630     2.608    10.131    12.046   -32.400     0.120   260.812   266.981    52.437   968.280    51.125   203.117
    51.500     2.688     2.593    10.126    12.045   -32.486     0.098   260.812   267.813    52.394   968.228    51.375   203.088
    51.750     2.670     2.588    10.125    12.048   -32.506     0.078   260.813   268.206    52.379   968.168    51.625   203.062
    52.000     2.665     2.598    10.124    12.049   -32.479     0.063   260.811   268.854    52.392   968.169    51.875   203.074
    52.250     2.726     2.632    10.117    12.045   -32.420     0.051   260.794   269.415    52.406   968.309    52.125   203.143
    52.500     2.972     2.643    10.096    12.031   -32.322     0.043   260.775   270.064    52.385   968.687    52.375   203.280
    52.750     2.970     2.655    10.074    12.012   -32.221     0.037   260.761   270.569    52.357   969.084    52.625   203.388
    53.000     2.870     2.666    10.054    11.991   -32.116     0.033   260.746   270.233    52.346   969.337    52.875   203.398
    53.250     2.556     2.648    10.042    11.974   -32.027     0.042   260.744   268.224    52.360   969.343    53.125   203.346
    53.500     2.334     2.658    10.040    11.964   -32.039     0.073   260.750   265.809    52.386   969.029    53.375   203.220
    53.750     2.396     2.707    10.033    11.953   -32.145     0.106   260.763   264.742    52.435   968.740    53.625   203.143
    54.000     2.579     2.636    10.012    11.937   -32.294     0.131   260.766   265.526    52.459   968.634    53.875   203.113
    54.250     2.585     2.621    10.000    11.923   -32.467     0.123   260.761   266.138    52.422   968.479    54.125   203.055
    54.500     2.604     2.598     9.994    11.916   -32.604     0.105   260.779   266.918    52.353   968.377    54.375   203.034
    54.750     2.668     2.585     9.990    11.916   -32.682     0.086   260.780   267.735    52.307   968.323    54.625   203.007
    55.000     2.668     2.581     9.989    11.918   -32.691     0.070   260.780   268.122    52.290   968.283    54.875   202.989
    55.250     2.667     2.592     9.988    11.920   -32.661     0.056   260.777   268.748    52.300   968.307    55.125   203.010
    55.500     2.752     2.625     9.980    11.915   -32.599     0.047   260.758   269.317    52.309   968.488    55.375   203.090
    55.750     2.975     2.637     9.959    11.900   -32.502     0.039   260.739   269.939    52.284   968.881    55.625   203.229
    56.000     2.971     2.649     9.936    11.881   -32.403     0.034   260.724   270.420    52.255   969.288    55.875   203.334
    56.250     2.825     2.624     9.917    11.860   -32.302     0.031   260.709   269.891    52.244   969.528    56.125   203.336
    56.500     2.580     2.634     9.903    11.844   -32.215     0.043   260.705   267.998    52.260   969.521    56.375   203.283
    56.750     2.333     2.632     9.896    11.836   -32.256     0.075   260.712   265.932    52.315   969.193    56.625   203.175
    57.000     2.399     2.631     9.887    11.826   -32.379     0.108   260.721   265.843    52.369   968.937    56.875   203.124
    57.250     2.549     2.607     9.872    11.811   -32.533     0.141   260.720   265.218    52.378   968.710    57.125   203.047
    57.500     2.545     2.620     9.862    11.798   -32.701     0.132   260.722   266.097    52.353   968.595    57.375   203.019
    57.750     2.615     2.588     9.858    11.790   -32.829     0.112   260.740   266.669    52.264   968.549    57.625   202.998
    58.000     2.695     2.575     9.853    11.789   -32.900     0.090   260.740   267.527    52.205   968.534    57.875   202.975
    58.250     2.661     2.573     9.853    11.791   -32.903     0.071   260.740   267.905    52.185   968.502    58.125   202.965
    58.500     2.664     2.585     9.852    11.792   -32.867     0.057   260.723   268.557    52.194   968.539    58.375   202.998
    58.750     2.731     2.619     9.844    11.786   -32.802     0.047   260.718   269.045    52.200   968.718    58.625   203.082
    59.000     2.960     2.631     9.823    11.770   -32.703     0.039   260.699   269.659    52.170   969.115    58.875   203.221
    59.250     2.930     2.636     9.802    11.751   -32.602     0.034   260.685   270.109    52.143   969.497    59.125   203.304
    59.500     2.771     2.613     9.784    11.731   -32.502     0.032   260.673   269.284    52.133   969.699    59.375   203.293
    59.750     2.579     2.620     9.768    11.717   -32.414     0.045   260.668   267.694    52.159   969.681    59.625   203.240
    60.000     2.287     2.515     9.760    11.711   -32.461     0.077   260.678   265.521    52.222   969.327    59.875   203.133
    60.250     2.406     2.548     9.752    11.702   -32.592     0.108   260.684   264.983    52.279   969.063    60.125   203.083
    60.500     2.563     2.606     9.739    11.688   -32.753     0.137   260.685   264.962    52.289   968.831    60.375   203.005
    60.750     2.510     2.609     9.731    11.675   -32.917     0.127   260.699   265.807    52.269   968.715    60.625   202.985
    61.000     2.575     2.579     9.729    11.668   -33.042     0.107   260.707   266.417    52.173   968.657    60.875   202.957
    61.250     2.679     2.569     9.725    11.667   -33.106     0.086   260.708   267.269    52.112   968.654    61.125   202.939
    61.500     2.655     2.568     9.725    11.669   -33.101     0.069   260.707   267.647    52.091   968.639    61.375   202.936
    61.750     2.664     2.581     9.724    11.669   -33.060     0.055   260.690   268.318    52.095   968.702    61.625   202.976
    62.000     2.747     2.615     9.715    11.662   -32.989     0.045   260.684   268.816    52.095   968.916    61.875   203.068
    62.250     2.959     2.626     9.693    11.646   -32.888     0.038   260.665   269.420    52.060   969.328    62.125   203.206
    62.500     2.923     2.632     9.671    11.625   -32.786     0.033   260.651   269.856    52.031   969.714    62.375   203.281
    62.750     2.767     2.600     9.652    11.607   -32.686     0.031   260.638   269.105    52.023   969.905    62.625   203.265
    63.000     2.579     2.603     9.635    11.594   -32.605     0.045   260.633   267.385    52.058   969.873    62.875   203.213
    63.250     2.281     2.659     9.635    11.590   -32.669     0.074   260.640   264.941    52.117   969.434    63.125   203.083
    63.500     2.414     2.655     9.627    11.581   -32.780     0.105   260.649   264.637    52.183   969.167    63.375   203.025
    63.750     2.497     2.599     9.613    11.570   -32.927     0.121   260.651   265.018    52.209   968.969    63.625   202.958
    64.000     2.473     2.603     9.605    11.558   -33.093     0.110   260.667   265.945    52.207   968.813    63.875   202.922
    64.250     2.549     2.572     9.605    11.552   -33.213     0.093   260.677   266.398    52.095   968.733    64.125   202.882
    64.500     2.662     2.563     9.603    11.551   -33.264     0.075   260.679   267.064    52.031   968.731    64.375   202.867
    64.750     2.659     2.563     9.602    11.553   -33.258     0.060   260.677   267.650    52.010   968.739    64.625   202.871
    65.000     2.667     2.576     9.600    11.552   -33.218     0.049   260.659   268.319    52.009   968.831    64.875   202.918
    65.250     2.782     2.609     9.590    11.544   -33.145     0.040   260.650   268.844    52.003   969.090    65.125   203.019
    65.500     2.966     2.623     9.568    11.526   -33.046     0.034   260.632   269.437    51.963   969.522    65.375   203.158
    65.750     2.922     2.621     9.545    11.506   -32.945     0.030   260.617   269.685    51.936   969.905    65.625   203.222
    66.000     2.741     2.590     9.526    11.490   -32.848     0.029   260.603   268.912    51.940   970.058    65.875   203.199
    66.250     2.553     2.486     9.507    11.478   -32.785     0.046   260.595   267.094    51.984   970.010    66.125   203.152
    66.500     2.262     2.649     9.510    11.476   -32.869     0.074   260.605   264.633    52.055   969.514    66.375   203.026
    66.750     2.395     2.645     9.501    11.468   -32.984     0.104   260.617   263.983    52.126   969.242    66.625   202.973
    67.000     2.468     2.586     9.488    11.456   -33.142     0.119   260.618   264.765    52.151   969.035    66.875   202.904
    67.250     2.481     2.593     9.481    11.444   -33.296     0.108   260.636   265.533    52.128   968.922    67.125   202.887
    67.500     2.535     2.565     9.482    11.437   -33.413     0.091   260.645   266.246    52.010   968.863    67.375   202.852
    67.750     2.671     2.557     9.480    11.436   -33.456     0.073   260.646   266.914    51.939   968.892    67.625   202.843
    68.000     2.654     2.559     9.480    11.437   -33.440     0.058   260.644   267.488    51.912   968.924    67.875   202.856
    68.250     2.665     2.571     9.477    11.435   -33.395     0.047   260.625   268.145    51.906   969.042    68.125   202.911
    68.500     2.803     2.605     9.465    11.425   -33.317     0.039   260.615   268.684    51.893   969.333    68.375   203.018
    68.750     2.956     2.614     9.443    11.407   -33.216     0.033   260.597   269.267    51.850   969.769    68.625   203.150
    69.000     2.907     2.609     9.419    11.387   -33.112     0.029   260.582   269.391    51.832   970.121    68.875   203.193
    69.250     2.687     2.581     9.402    11.374   -33.024     0.029   260.570   268.600    51.851   970.217    69.125   203.166
    69.500     2.511     2.587     9.389    11.364   -32.983     0.045   260.563   266.736    51.892   970.096    69.375   203.104
    69.750     2.253     2.622     9.385    11.361   -33.056     0.075   260.574   264.318    51.976   969.654    69.625   203.000
    70.000     2.417     2.628     9.375    11.353   -33.173     0.105   260.584   263.592    52.044   969.386    69.875   202.944
    70.250     2.444     2.577     9.364    11.343   -33.323     0.113   260.586   264.629    52.070   969.173    70.125   202.877
    70.500     2.451     2.578     9.359    11.332   -33.483     0.103   260.606   265.341    52.048   969.039    70.375   202.853
    70.750     2.515     2.557     9.362    11.326   -33.600     0.086   260.616   266.067    51.923   968.971    70.625   202.813
    71.000     2.658     2.551     9.361    11.324   -33.637     0.069   260.617   266.736    51.848   969.007    70.875   202.806
    71.250     2.652     2.553     9.362    11.325   -33.619     0.055   260.614   267.311    51.818   969.057    71.125   202.825
    71.500     2.663     2.566     9.359    11.322   -33.570     0.045   260.595   267.967    51.810   969.195    71.375   202.885
    71.750     2.807     2.601     9.346    11.311   -33.488     0.037   260.584   268.511    51.793   969.510    71.625   202.996
    72.000     2.954     2.603     9.324    11.293   -33.386     0.032   260.567   269.095    51.748   969.951    71.875   203.124
    72.250     2.907     2.598     9.299    11.276   -33.282     0.028   260.550   269.231    51.739   970.293    72.125   203.166
    72.500     2.686     2.571     9.281    11.263   -33.193     0.028   260.538   268.487    51.766   970.382    72.375   203.141
    72.750     2.503     2.578     9.268    11.254   -33.158     0.043   260.530   266.560    51.812   970.258    72.625   203.081
    73.000     2.250     2.610     9.264    11.252   -33.234     0.072   260.540   264.572    51.900   969.822    72.875   202.985
    73.250     2.374     2.607     9.255    11.244   -33.353     0.103   260.552   263.340    51.971   969.517    73.125   202.922
    73.500     2.430     2.567     9.244    11.235   -33.511     0.113   260.554   264.348    51.995   969.299    73.375   202.854
    73.750     2.432     2.572     9.241    11.224   -33.672     0.103   260.575   265.002    51.970   969.161    73.625   202.826
    74.000     2.506     2.553     9.244    11.217   -33.786     0.087   260.585   265.743    51.846   969.120    73.875   202.800
    74.250     2.655     2.545     9.244    11.214   -33.822     0.070   260.586   266.400    51.758   969.174    74.125   202.795
    74.500     2.647     2.548     9.245    11.214   -33.800     0.056   260.584   266.973    51.720   969.237    74.375   202.816
    74.750     2.660     2.560     9.242    11.211   -33.748     0.046   260.565   267.632    51.706   969.387    74.625   202.879
    75.000     2.786     2.593     9.230    11.200   -33.666     0.038   260.555   268.166    51.686   969.696    74.875   202.985
    75.250     2.946     2.590     9.207    11.184   -33.563     0.032   260.537   268.749    51.645   970.121    75.125   203.108
    75.500     2.904     2.586     9.183    11.167   -33.460     0.028   260.520   268.949    51.641   970.455    75.375   203.151
    75.750     2.691     2.560     9.164    11.156   -33.374     0.028   260.507   268.255    51.674   970.544    75.625   203.128
    76.000     2.526     2.459     9.145    11.146   -33.321     0.044   260.498   266.420    51.732   970.488    75.875   203.089
    76.250     2.218     2.463     9.142    11.145   -33.397     0.072   260.509   263.959    51.820   970.038    76.125   202.987
    76.500     2.316     2.473     9.134    11.140   -33.525     0.102   260.519   263.683    51.898   969.688    76.375   202.927
    76.750     2.472     2.560     9.128    11.130   -33.670     0.112   260.520   264.214    51.913   969.463    76.625   202.853
    77.000     2.463     2.570     9.125    11.119   -33.823     0.103   260.542   264.772    51.884   969.365    76.875   202.816
    77.250     2.563     2.560     9.126    11.110   -33.928     0.087   260.549   265.610    51.756   969.387    77.125   202.801
    77.500     2.647     2.541     9.127    11.106   -33.965     0.070   260.548   266.280    51.659   969.451    77.375   202.801
    77.750     2.641     2.544     9.128    11.105   -33.948     0.056   260.532   266.902    51.614   969.520    77.625   202.827
    78.000     2.651     2.553     9.124    11.101   -33.900     0.046   260.526   267.497    51.594   969.667    77.875   202.891
    78.250     2.753     2.579     9.113    11.092   -33.824     0.038   260.517   268.011    51.578   969.934    78.125   202.987
    78.500     2.922     2.576     9.091    11.077   -33.724     0.032   260.501   268.571    51.551   970.318    78.375   203.091
    78.750     2.878     2.574     9.067    11.063   -33.620     0.028   260.483   268.651    51.563   970.610    78.625   203.120
    79.000     2.627     2.552     9.050    11.053   -33.535     0.029   260.471   267.787    51.608   970.653    78.875   203.092
    79.250     2.481     2.550     9.035    11.046   -33.505     0.047   260.466   265.271    51.670   970.512    79.125   203.037
    79.500     2.186     2.586     9.036    11.046   -33.596     0.074   260.477   263.541    51.758   970.013    79.375   202.934
    79.750     2.350     2.545     9.025    11.039   -33.699     0.102   260.485   263.602    51.837   969.742    79.625   202.881
    80.000     2.432     2.553     9.017    11.029   -33.846     0.105   260.490   264.225    51.858   969.542    79.875   202.820
    80.250     2.469     2.559     9.015    11.019   -33.995     0.094   260.513   264.839    51.802   969.458    80.125   202.784
    80.500     2.568     2.550     9.017    11.012   -34.088     0.078   260.519   265.675    51.673   969.484    80.375   202.770
    80.750     2.641     2.539     9.019    11.008   -34.112     0.063   260.518   266.333    51.582   969.563    80.625   202.781
    81.000     2.637     2.540     9.019    11.005   -34.089     0.051   260.501   266.924    51.535   969.664    80.875   202.817
    81.250     2.648     2.546     9.014    11.001   -34.039     0.042   260.496   267.494    51.516   969.827    81.125   202.883
    81.500     2.824     2.570     8.999    10.991   -33.956     0.035   260.485   268.042    51.500   970.142    81.375   202.989
    81.750     2.910     2.569     8.976    10.977   -33.857     0.030   260.466   268.577    51.486   970.507    81.625   203.077
    82.000     2.869     2.567     8.952    10.962   -33.749     0.027   260.447   268.707    51.504   970.782    81.875   203.094
    82.250     2.534     2.547     8.938    10.954   -33.676     0.030   260.438   267.166    51.559   970.760    82.125   203.061
    82.500     2.407     2.447     8.922    10.948   -33.677     0.052   260.438   265.275    51.628   970.569    82.375   203.003
    82.750     2.195     2.592     8.925    10.948   -33.784     0.079   260.448   263.057    51.712   970.044    82.625   202.900
    83.000     2.337     2.537     8.913    10.941   -33.888     0.105   260.457   263.520    51.783   969.774    82.875   202.843
    83.250     2.446     2.545     8.907    10.930   -34.040     0.106   260.458   264.167    51.793   969.622    83.125   202.795
    83.500     2.462     2.543     8.908    10.920   -34.184     0.094   260.484   264.646    51.703   969.563    83.375   202.764
    83.750     2.571     2.538     8.912    10.914   -34.271     0.078   260.490   265.483    51.578   969.605    83.625   202.754
    84.000     2.625     2.530     8.914    10.911   -34.289     0.063   260.489   266.105    51.496   969.682    83.875   202.768
    84.250     2.631     2.532     8.913    10.909   -34.258     0.050   260.471   266.674    51.457   969.790    84.125   202.810
    84.500     2.642     2.538     8.909    10.905   -34.200     0.041   260.466   267.225    51.443   969.963    84.375   202.880
    84.750     2.829     2.563     8.892    10.894   -34.109     0.035   260.456   267.764    51.429   970.291    84.625   202.985
    85.000     2.899     2.561     8.869    10.880   -34.008     0.030   260.436   268.294    51.418   970.649    84.875   203.063
    85.250     2.860     2.557     8.844    10.866   -33.898     0.027   260.416   268.447    51.439   970.922    85.125   203.077
    85.500     2.503     2.539     8.830    10.858   -33.830     0.031   260.408   266.791    51.497   970.876    85.375   203.041
    85.750     2.369     2.439     8.815    10.853   -33.838     0.054   260.407   264.809    51.568   970.664    85.625   202.981
    86.000     2.199     2.443     8.812    10.852   -33.935     0.082   260.421   263.083    51.659   970.190    85.875   202.894
    86.250     2.344     2.524     8.806    10.845   -34.060     0.105   260.428   263.345    51.714   969.881    86.125   202.830
    86.500     2.440     2.535     8.801    10.834   -34.210     0.105   260.429   263.885    51.717   969.741    86.375   202.782
    86.750     2.452     2.533     8.806    10.826   -34.347     0.094   260.455   264.393    51.610   969.683    86.625   202.747
    87.000     2.561     2.530     8.810    10.820   -34.432     0.078   260.460   265.219    51.497   969.731    86.875   202.744
    87.250     2.612     2.522     8.812    10.817   -34.449     0.063   260.460   265.827    51.419   969.811    87.125   202.759
    87.500     2.623     2.523     8.810    10.815   -34.418     0.051   260.441   266.399    51.382   969.922    87.375   202.801
    87.750     2.634     2.530     8.806    10.811   -34.357     0.042   260.438   266.941    51.371   970.095    87.625   202.870
    88.000     2.819     2.555     8.790    10.801   -34.265     0.035   260.428   267.489    51.358   970.419    87.875   202.970
    88.250     2.887     2.553     8.767    10.788   -34.161     0.030   260.407   268.021    51.352   970.770    88.125   203.043
    88.500     2.849     2.551     8.742    10.774   -34.051     0.027   260.387   268.187    51.373   971.040    88.375   203.054
    88.750     2.464     2.533     8.730    10.766   -33.991     0.031   260.382   266.605    51.437   970.970    88.625   203.020
    89.000     2.392     2.528     8.715    10.761   -33.988     0.050   260.378   264.733    51.504   970.782    88.875   202.963
    89.250     2.202     2.517     8.711    10.758   -34.078     0.078   260.391   262.989    51.585   970.329    89.125   202.876
    89.500     2.315     2.532     8.704    10.753   -34.193     0.105   260.399   263.098    51.642   970.006    89.375   202.805
    89.750     2.424     2.527     8.699    10.743   -34.356     0.106   260.401   263.637    51.650   969.859    89.625   202.756
    90.000     2.421     2.526     8.704    10.735   -34.501     0.095   260.429   264.029    51.552   969.777    89.875   202.719
    90.250     2.532     2.523     8.710    10.730   -34.590     0.079   260.436   264.851    51.437   969.808    90.125   202.711
    90.500     2.605     2.514     8.713    10.727   -34.609     0.064   260.421   265.544    51.357   969.892    90.375   202.724
    90.750     2.614     2.515     8.712    10.725   -34.577     0.051   260.417   266.088    51.317   970.002    90.625   202.763
    91.000     2.624     2.522     8.709    10.722   -34.514     0.042   260.415   266.655    51.306   970.171    90.875   202.829
    91.250     2.795     2.547     8.694    10.713   -34.420     0.035   260.405   267.213    51.297   970.485    91.125   202.924
    91.500     2.884     2.545     8.671    10.700   -34.314     0.030   260.384   267.773    51.289   970.845    91.375   203.001
    91.750     2.844     2.542     8.646    10.686   -34.204     0.027   260.363   267.992    51.313   971.120    91.625   203.017
    92.000     2.465     2.526     8.634    10.680   -34.156     0.031   260.360   266.542    51.377   971.048    91.875   202.983
    92.250     2.490     2.519     8.616    10.671   -34.125     0.045   260.351   264.938    51.436   970.958    92.125   202.944
    92.500     2.163     2.525     8.615    10.670   -34.207     0.070   260.363   263.079    51.507   970.494    92.375   202.849
    92.750     2.269     2.508     8.605    10.666   -34.301     0.098   260.374   262.645    51.582   970.141    92.625   202.785
    93.000     2.446     2.520     8.601    10.656   -34.461     0.106   260.374   263.250    51.581   969.989    92.875   202.732
    93.250     2.394     2.523     8.606    10.648   -34.618     0.098   260.400   263.629    51.518   969.884    93.125   202.699
    93.500     2.493     2.518     8.614    10.643   -34.725     0.083   260.410   264.405    51.394   969.892    93.375   202.684
    93.750     2.599     2.507     8.617    10.640   -34.763     0.067   260.409   265.258    51.306   969.977    93.625   202.695
    94.000     2.603     2.506     8.617    10.639   -34.738     0.054   260.392   265.856    51.259   970.074    93.875   202.729
    94.250     2.619     2.512     8.615    10.637   -34.676     0.044   260.390   266.272    51.246   970.228    94.125   202.789
    94.500     2.705     2.539     8.605    10.631   -34.590     0.037   260.385   266.773    51.243   970.485    94.375   202.874
    94.750     2.885     2.538     8.583    10.618   -34.482     0.031   260.363   267.375    51.230   970.856    94.625   202.963
    95.000     2.842     2.533     8.558    10.605   -34.374     0.028   260.343   267.550    51.247   971.153    94.875   202.989
    95.250     2.570     2.551     8.545    10.597   -34.308     0.028   260.330   266.848    51.294   971.154    95.125   202.956
    95.500     2.344     2.811     8.560    10.516   -34.277     0.039   260.349   264.687    51.008   971.737    95.375   202.985
    95.750     2.104     2.741     8.550    10.465   -34.340     0.065   260.381   261.996    50.811   971.794    95.625   202.918
    96.000     2.196     2.771     8.534    10.421   -34.435     0.093   260.413   260.813    50.658   971.791    95.875   202.849
    96.250     2.565     2.689     8.511    10.374   -34.566     0.101   260.414   262.200    50.429   972.055    96.125   202.786
    96.500     2.552     2.655     8.503    10.339   -34.714     0.092   260.440   262.756    50.206   972.256    96.375   202.729
    96.750     2.566     2.632     8.502    10.314   -34.818     0.078   260.452   263.531    49.984   972.453    96.625   202.741
    97.000     2.601     2.369     8.483    10.330   -34.858     0.064   260.456   264.124    49.972   972.301    96.875   202.731
    97.250     2.572     2.365     8.472    10.390   -34.843     0.052   260.445   264.827    50.180   971.779    97.125   202.687
    97.500     2.568     2.404     8.474    10.436   -34.793     0.042   260.420   265.593    50.422   971.479    97.375   202.728
    97.750     2.792     2.459     8.472    10.462   -34.703     0.035   260.405   266.269    50.612   971.474    97.625   202.824
    98.000     2.889     2.478     8.461    10.474   -34.599     0.030   260.378   266.935    50.743   971.613    97.875   202.922
    98.250     2.904     2.775     8.476    10.411   -34.484     0.027   260.365   267.136    50.523   972.474    98.125   203.036
    98.500     2.612     2.658     8.464    10.358   -34.434     0.035   260.359   265.784    50.323   972.913    98.375   203.025
    98.750     2.473     2.704     8.443    10.319   -34.398     0.047   260.363   263.149    50.218   973.059    98.625   202.988
    99.000     2.111     2.621     8.432    10.301   -34.441     0.073   260.389   261.863    50.226   972.831    98.875   202.923
    99.250     2.335     2.642     8.418    10.279   -34.544     0.099   260.403   261.591    50.167   972.675    99.125   202.838
    99.500     2.559     2.619     8.405    10.255   -34.699     0.105   260.406   262.122    50.055   972.702    99.375   202.768
    99.750     2.510     2.609     8.405    10.238   -34.843     0.097   260.429   262.555    49.938   972.717    99.625   202.721
   100.000     2.569     2.599     8.410    10.224   -34.938     0.082   260.438   263.324    49.788   972.816    99.875   202.733
