  1000.000     9.642     5.001     0.000     0.697    -1.609    -1.323     2.758     0.000     0.000     0.000     0.000     0.000     0.000   305.163     0.000   0.00E+00    -1.096     0.337   282.794
   950.000     5.531     4.832     0.001     0.874     1.982    -1.538    -0.339     0.000    13.753     0.000   -11.129     0.000     0.003   305.124     0.000   0.66E-06    -1.851     0.374   278.690
   900.000     2.059     3.686    -0.340     0.734     1.429    -1.481     0.000     0.000    13.734    -0.003    -8.178     0.003     2.025   301.216     0.001   0.25E-01    -0.427     0.398   274.795
   850.000    -1.612     2.881     0.225     0.677     1.398    -1.460     0.000     0.000    12.790    -2.010    -8.361     2.272     1.580   299.271     0.014   0.82E-01     0.251     0.425   272.043
   800.000    -4.967     1.844     0.535     0.590     1.489    -1.557     0.000     0.000    11.708    -1.580    -7.869     1.907     0.320   297.802     0.010   0.30E+00     0.834     0.454   269.113
   750.000    -8.239     1.031     0.518     0.468     1.517    -1.589     0.000     0.000    11.498    -0.313    -7.501     1.480     0.071   296.964     0.004   0.18E+00     1.230     0.480   265.857
   700.000   -11.861     0.553     0.280     0.358     1.453    -1.530     0.000     0.000    11.614    -0.006    -6.581     1.335     0.079   297.003     0.006   0.13E+00     1.271     0.506   262.218
   650.000   -15.842     0.288     0.006     0.282     1.295    -1.378     0.000     0.000    11.736    -0.012    -5.935     1.236     0.078   297.633     0.010   0.12E+00     1.107     0.526   258.125
   600.000   -20.295     0.151    -0.228     0.241     1.088    -1.179     0.000     0.000    11.927    -0.017    -5.092     1.354     0.070   298.582     0.015   0.11E+00     0.839     0.535   253.505
   550.000   -25.368     0.090    -0.346     0.240     0.895    -0.997     0.000     0.000    12.231    -0.014    -4.025     1.505     0.077   299.577     0.027   0.16E+00     0.566     0.526   248.282
   500.000   -31.232     0.087    -0.329     0.295     0.820    -0.937     0.000     0.000    12.738    -0.008    -2.722     1.685     0.076   300.389     0.040   0.73E-01     0.347     0.497   242.389
   450.000   -38.048     0.159    -0.255     0.437     0.855    -0.992     0.000     0.000    13.226     0.000    -1.403     1.923     0.450   301.023     0.101   0.22E+00     0.174     0.453   235.769
   400.000   -45.673     0.150    -0.250     0.644     0.814    -0.974     0.000     0.000    13.365    -0.000    -0.525     2.273     1.317   301.509     0.189   0.21E+00     0.054     0.392   228.365
   350.000   -54.122     0.043    -0.343     0.813     0.584    -0.768     0.000     0.000    12.433     0.000    -0.139     3.056     3.414   301.859     0.240   0.11E+00     0.009     0.314   220.099
   300.000   -63.265     0.014    -0.508     1.039     0.403    -0.608     0.000     0.000     4.279     0.000    -0.018     0.975     8.898   302.193     0.371   0.24E-01    -0.000     0.213   210.828
   250.000   -71.876     0.005    -1.400     1.009     0.042    -0.250     0.000     0.000     0.041     0.000    -0.000     0.000     4.238   303.244     0.459   0.24E-02    -0.000     0.084   200.253
   200.000   -69.609     0.001    -4.000     0.173    -0.004    -0.080     0.000     0.000     0.000     0.000    -0.000     0.000     0.041   315.305     0.000   0.17E-04    -0.000     0.003   187.408
   150.000   -71.215     0.001    -4.000     0.119     0.000     0.019     0.000     0.000     0.000     0.000     0.000     0.000     0.000   328.382     0.000   0.00E+00     0.000     0.000   170.888
   100.000   -71.126     0.001    -4.000     0.085     0.000     0.020     0.000     0.000     0.000     0.000     0.000     0.000     0.000   350.933     0.000   0.00E+00     0.000     0.000   147.829
    80.000   -68.923     0.001    -4.000     0.057     0.000     0.042     0.000     0.000     0.000     0.000     0.000     0.000     0.000   365.066     0.000   0.00E+00     0.000     0.000     0.000
    60.000   -62.536     0.001     0.000     0.023     0.000     0.106     0.000     0.000     0.000     0.000     0.000     0.000     0.000   386.764     0.000   0.00E+00     0.000     0.000     0.000
    40.000   -54.060     0.001     0.000     0.007     0.000     0.191     0.000     0.000     0.000     0.000     0.000     0.000     0.000   418.293     0.000   0.00E+00     0.000     0.000     0.000
    30.000   -48.032     0.001     0.000     0.003     0.000     0.251     0.000     0.000     0.000     0.000     0.000     0.000     0.000   441.920     0.000   0.00E+00     0.000     0.000     0.000
    25.000   -37.697     0.001     0.000     0.001     0.000     0.354     0.000     0.000     0.000     0.000     0.000     0.000     0.000   464.740     0.000   0.00E+00    -0.001     0.000     0.000
