  1000.000    13.236     6.673    -0.000     0.710    -1.595    -1.290     2.733     0.000     0.000     0.000     0.000     0.000     0.000   308.191     0.000   0.00E+00    -1.103     0.342   286.400
   950.000     9.106     6.470     0.001     0.889     2.149    -1.414    -0.494     0.000    12.601     0.000   -10.842     0.000     0.000   308.191     0.000   0.00E+00    -2.045     0.379   282.245
   900.000     6.059     4.761    -0.364     0.741     1.370    -1.353     0.000     0.000    12.564     0.000    -7.103     0.000     1.908   304.000     0.002   0.34E-01    -0.513     0.403   278.664
   850.000     2.644     3.637     0.189     0.684     1.298    -1.298     0.000     0.000    11.683    -1.870    -6.991     2.078     1.428   301.909     0.009   0.28E-01     0.240     0.432   276.025
   800.000    -0.756     2.612     0.493     0.607     1.371    -1.383     0.000     0.000    10.712    -1.428    -6.755     1.707     0.329   300.385     0.014   0.33E+00     0.764     0.458   273.155
   750.000    -3.764     1.584     0.638     0.519     1.452    -1.465     0.000     0.000    10.452    -0.324    -7.654     1.383     0.101   299.442     0.010   0.16E+00     1.278     0.477   270.184
   700.000    -7.094     0.916     0.410     0.412     1.475    -1.492     0.000     0.000    10.529    -0.007    -6.200     1.261     0.096   299.330     0.018   0.12E+00     1.381     0.502   266.851
   650.000   -10.794     0.507     0.101     0.336     1.373    -1.397     0.000     0.000    10.606    -0.003    -5.577     1.079     0.083   299.935     0.027   0.10E+00     1.242     0.520   263.089
   600.000   -15.049     0.284    -0.205     0.294     1.187    -1.223     0.000     0.000    10.743     0.000    -4.833     1.135     0.071   300.964     0.042   0.93E-01     0.959     0.531   258.811
   550.000   -20.040     0.178    -0.414     0.293     0.978    -1.035     0.000     0.000    10.926     0.000    -3.926     1.259     0.119   302.081     0.068   0.11E+00     0.651     0.527   253.920
   500.000   -25.866     0.134    -0.494     0.338     0.829    -0.915     0.000     0.000    11.252     0.000    -2.831     1.403     0.134   303.080     0.097   0.13E+00     0.399     0.503   248.313
   450.000   -32.531     0.120    -0.496     0.458     0.854    -0.978     0.000     0.000    11.738    -0.002    -1.635     1.607     0.228   303.876     0.130   0.20E+00     0.214     0.462   241.894
   400.000   -40.021     0.109    -0.578     0.665     0.825    -0.992     0.000     0.000    11.814    -0.005    -0.690     1.909     1.063   304.513     0.224   0.25E+00     0.067     0.407   234.578
   350.000   -48.324     0.055    -0.800     0.938     0.631    -0.842     0.000     0.000    11.234     0.000    -0.187     2.484     2.516   305.088     0.297   0.15E+00     0.011     0.331   226.276
   300.000   -57.697     0.020    -1.192     1.019     0.430    -0.689     0.000     0.000     6.412     0.000    -0.035     1.663     6.198   305.648     0.356   0.28E-01     0.000     0.232   216.866
   250.000   -68.320     0.008    -2.172     1.003     0.069    -0.374     0.000     0.000     0.063     0.000    -0.001     0.000     6.348   306.786     0.494   0.25E-02    -0.000     0.106   206.132
   200.000   -67.968     0.001    -4.000     0.213    -0.005    -0.090     0.000     0.000     0.000     0.000    -0.000     0.000     0.063   317.027     0.000   0.25E-04    -0.000     0.004   193.147
   150.000   -70.715     0.001    -4.000     0.120     0.000     0.049     0.000     0.000     0.000     0.000     0.000     0.000     0.000   329.319     0.000   0.00E+00     0.000     0.000   176.558
   100.000   -71.897     0.001    -4.000     0.092     0.000     0.025     0.000     0.000     0.000     0.000     0.000     0.000     0.000   351.294     0.000   0.00E+00     0.000     0.000   153.526
    80.000   -71.353     0.001    -4.000     0.072     0.000     0.036     0.000     0.000     0.000     0.000     0.000     0.000     0.000   364.215     0.000   0.00E+00     0.000     0.000     0.000
    60.000   -67.610     0.001     0.000     0.038     0.000     0.111     0.000     0.000     0.000     0.000     0.000     0.000     0.000   383.161     0.000   0.00E+00     0.000     0.000     0.000
    40.000   -62.264     0.001     0.000     0.015     0.000     0.218     0.000     0.000     0.000     0.000     0.000     0.000     0.000   410.678     0.000   0.00E+00     0.000     0.000     0.000
    30.000   -59.519     0.001     0.000     0.008     0.000     0.273     0.000     0.000     0.000     0.000     0.000     0.000     0.000   430.294     0.000   0.00E+00     0.000     0.000     0.000
    25.000   -57.807     0.001     0.000     0.005     0.000     0.307     0.000     0.000     0.000     0.000     0.000     0.000     0.000   444.303     0.000   0.00E+00    -0.001     0.000     0.000
