  1000.000     3.725     3.192     0.000     0.684    -1.584    -1.329     2.802     0.000     0.000     0.000     0.000     0.000     0.000   306.329     0.000   0.00E+00    -1.161     0.354   276.836
   950.000    -0.374     3.033     0.001     0.857     1.630    -1.555    -0.100     0.000    15.774     0.000   -11.873     0.000     0.000   306.300     0.000   0.00E+00    -2.075     0.391   272.816
   900.000    -4.102     2.192    -0.217     0.754     1.511    -1.582     0.000     0.000    15.774     0.000   -11.184     0.000     1.921   302.434     0.000   0.32E-01    -0.778     0.414   268.971
   850.000    -7.633     1.478     0.258     0.687     1.492    -1.565     0.000     0.000    14.615    -1.921    -9.013     2.211     1.787   300.373     0.034   0.22E+00    -0.073     0.448   265.971
   800.000   -11.238     0.934     0.453     0.589     1.550    -1.625     0.000     0.000    13.362    -1.787    -7.058     2.139     0.936   299.003     0.012   0.24E+00     0.483     0.480   262.668
   750.000   -14.983     0.531     0.414     0.468     1.517    -1.595     0.000     0.000    12.543    -0.892    -6.111     1.657     0.330   298.353     0.002   0.17E+00     0.802     0.505   259.017
   700.000   -18.999     0.267     0.265     0.375     1.440    -1.520     0.000     0.000    12.352    -0.231    -5.474     1.502     0.383   298.359     0.001   0.14E+00     0.879     0.520   254.971
   650.000   -23.410     0.135     0.109     0.309     1.319    -1.401     0.000     0.000    12.127    -0.271    -4.859     1.392     0.285   298.455     0.000   0.10E+00     0.838     0.526   250.482
   600.000   -28.271     0.064    -0.059     0.266     1.171    -1.257     0.000     0.000    12.049    -0.180    -4.073     1.380     0.296   298.876     0.000   0.83E-01     0.722     0.522   245.506
   550.000   -33.631     0.031    -0.175     0.244     0.973    -1.062     0.000     0.000    12.060    -0.205    -3.215     1.498     0.140   299.514     0.000   0.82E-01     0.566     0.507   240.004
   500.000   -39.657     0.022    -0.200     0.270     0.889    -0.982     0.000     0.000    12.435    -0.082    -2.254     1.720     0.042   300.304     0.002   0.54E-01     0.399     0.480   233.937
   450.000   -46.319     0.019    -0.172     0.376     0.928    -1.026     0.000     0.000    13.127     0.000    -1.229     2.216     0.381   300.764     0.037   0.17E+00     0.247     0.442   227.266
   400.000   -53.604     0.015    -0.150     0.529     0.842    -0.944     0.000     0.000    13.252     0.000    -0.565     2.416     1.408   301.247     0.114   0.16E+00     0.157     0.384   219.928
   350.000   -61.668     0.014    -0.158     0.669     0.711    -0.819    -0.000     0.000     8.817     0.000    -0.236     1.922     5.667   301.630     0.139   0.89E-01     0.096     0.311   211.826
   300.000   -70.483     0.005    -0.244     0.820     0.410    -0.522     0.000     0.000     2.979     0.000    -0.087     0.536     6.223   302.133     0.308   0.51E-01     0.043     0.219   202.802
   250.000   -74.446     0.003    -2.820     0.919     0.244    -0.345     0.000     0.000     1.303     0.000    -0.023     0.240     1.850   305.093     0.374   0.24E-01     0.007     0.126   192.416
   200.000   -72.560     0.001    -4.000     0.359     0.114    -0.185     0.000     0.000     0.285     0.000    -0.002     0.047     1.048   315.931     0.096   0.91E-02    -0.000     0.074   179.747
   150.000   -73.047     0.001    -4.000     0.214     0.008    -0.047     0.000     0.000     0.001     0.000    -0.000     0.000     0.284   329.955     0.026   0.47E-03    -0.000     0.024   163.412
   100.000   -71.341     0.001    -4.000     0.055    -0.001     0.006     0.000     0.000     0.000     0.000    -0.000     0.000     0.001   354.193     0.000   0.15E-05     0.000     0.000   140.462
    80.000   -68.054     0.001    -4.000     0.030     0.000     0.013     0.000     0.000     0.000     0.000     0.000     0.000     0.000   370.225     0.000   0.00E+00     0.000     0.000     0.000
    60.000   -60.485     0.001     0.000     0.009     0.000     0.032     0.000     0.000     0.000     0.000     0.000     0.000     0.000   394.435     0.000   0.00E+00     0.000     0.000     0.000
    40.000   -50.361     0.001     0.000     0.002     0.000     0.057     0.000     0.000     0.000     0.000     0.000     0.000     0.000   428.707     0.000   0.00E+00     0.000     0.000     0.000
    30.000   -42.263     0.001     0.000     0.001     0.000     0.077     0.000     0.000     0.000     0.000     0.000     0.000     0.000   454.566     0.000   0.00E+00     0.000     0.000     0.000
    25.000   -26.135     0.001     0.000     0.000     0.000     0.118     0.000     0.000     0.000     0.000     0.000     0.000     0.000   481.195     0.000   0.00E+00    -0.001     0.000     0.000
