  1000.000     7.157     4.133     0.000     0.657    -1.554    -1.057     2.682     0.000     0.000     0.000     0.000     0.000     0.000   295.049     0.000   0.00E+00    -1.011     0.293   280.295
   950.000     3.064     3.942     0.001     0.828     1.226    -1.357     0.102     0.000    16.802     0.000   -11.861     0.000     0.004   295.032     0.000   0.11E-05    -1.293     0.329   276.227
   900.000    -0.594     3.050    -0.281     0.741     1.361    -1.359     0.000     0.000    16.780    -0.004   -11.932     0.004     2.459   292.407     0.003   0.17E-01    -0.405     0.352   272.261
   850.000    -4.009     2.133     0.356     0.707     1.426    -1.432     0.000     0.000    15.519    -2.440   -11.715     2.806     2.008   290.901     0.083   0.46E+00     0.134     0.378   269.453
   800.000    -7.408     1.381     0.567     0.588     1.554    -1.567     0.000     0.000    14.064    -1.964    -7.585     2.306     0.744   289.727     0.026   0.28E+00     0.636     0.413   266.355
   750.000   -10.910     0.833     0.491     0.448     1.533    -1.551     0.000     0.000    13.305    -0.700    -6.343     1.662     0.393   289.269     0.019   0.18E+00     0.871     0.439   262.918
   700.000   -14.730     0.503     0.292     0.344     1.408    -1.433     0.000     0.000    13.097    -0.192    -5.505     1.536     0.336   289.535     0.024   0.14E+00     0.856     0.454   259.086
   650.000   -18.992     0.313     0.089     0.287     1.248    -1.282     0.000     0.000    12.961    -0.159    -4.631     1.429     0.352   290.157     0.035   0.12E+00     0.709     0.458   254.798
   600.000   -23.751     0.184    -0.094     0.264     1.061    -1.106     0.000     0.000    12.846    -0.197    -3.621     1.491     0.378   290.928     0.049   0.10E+00     0.521     0.450   249.994
   550.000   -29.037     0.100    -0.239     0.269     0.849    -0.908     0.000     0.000    12.874    -0.223    -2.566     1.656     0.270   291.637     0.060   0.95E-01     0.352     0.427   244.617
   500.000   -35.082     0.096    -0.338     0.329     0.725    -0.800     0.000     0.000    13.272    -0.154    -1.516     1.952     0.128   292.210     0.075   0.79E-01     0.214     0.391   238.618
   450.000   -41.965     0.108    -0.427     0.518     0.682    -0.779     0.000     0.000    14.185    -0.014    -0.694     2.368     0.299   292.684     0.135   0.14E+00     0.074     0.346   231.954
   400.000   -49.421     0.078    -0.573     0.784     0.543    -0.661     0.000     0.000    13.697    -0.014    -0.210     2.718     2.334   293.073     0.250   0.13E+00     0.024     0.294   224.566
   350.000   -57.638     0.023    -0.781     0.879     0.401    -0.539     0.000     0.000    10.676    -0.007    -0.049     2.916     5.273   293.397     0.226   0.22E-01     0.005     0.216   216.367
   300.000   -66.492     0.009    -1.273     1.018     0.163    -0.320     0.000     0.000     0.439     0.000    -0.000     0.000    10.237   293.993     0.487   0.30E-02    -0.000     0.131   207.200
   250.000   -73.552     0.004    -4.000     0.998    -0.017    -0.127     0.000     0.000     0.000     0.000    -0.000     0.000     0.439   297.268     0.401   0.11E-03    -0.000     0.019   196.720
   200.000   -71.706     0.001    -4.000     0.187     0.000    -0.025     0.000     0.000     0.000     0.000     0.000     0.000     0.000   309.893     0.000   0.44E-09    -0.000     0.000   183.996
   150.000   -73.067     0.001    -4.000     0.149     0.000     0.001     0.000     0.000     0.000     0.000     0.000     0.000     0.000   324.178     0.000   0.00E+00     0.000     0.000   167.634
   100.000   -72.661     0.001    -4.000     0.101     0.000     0.005     0.000     0.000     0.000     0.000     0.000     0.000     0.000   346.920     0.000   0.00E+00     0.000     0.000   144.766
    80.000   -70.307     0.001    -4.000     0.066     0.000     0.028     0.000     0.000     0.000     0.000     0.000     0.000     0.000   360.972     0.000   0.00E+00     0.000     0.000     0.000
    60.000   -63.780     0.001     0.000     0.026     0.000     0.094     0.000     0.000     0.000     0.000     0.000     0.000     0.000   382.582     0.000   0.00E+00     0.000     0.000     0.000
    40.000   -55.039     0.001     0.000     0.008     0.000     0.181     0.000     0.000     0.000     0.000     0.000     0.000     0.000   414.108     0.000   0.00E+00     0.000     0.000     0.000
    30.000   -48.640     0.001     0.000     0.003     0.000     0.245     0.000     0.000     0.000     0.000     0.000     0.000     0.000   438.080     0.000   0.00E+00     0.000     0.000     0.000
    25.000   -37.539     0.001     0.000     0.001     0.000     0.356     0.000     0.000     0.000     0.000     0.000     0.000     0.000   461.660     0.000   0.00E+00    -0.001     0.000     0.000
