     0.250     0.047     1.153     5.671     6.579   -27.630     0.639   261.286   242.124    10.157  1010.976     0.125   266.956
     0.500     0.053     1.194     5.919     7.126   -27.874     0.639   261.341   242.603    12.676  1010.126     0.375   265.033
     0.750     0.185     1.266     6.248     7.632   -28.117     0.639   261.363   243.166    15.178  1009.097     0.625   260.440
     1.000     0.575     1.343     6.552     8.096   -28.359     0.639   261.368   243.774    17.216  1008.110     0.875   258.151
     1.250     0.925     1.440     6.873     8.519   -28.600     0.639   261.361   244.479    19.127  1007.098     1.125   256.022
     1.500     1.159     1.546     7.192     8.901   -28.841     0.639   261.360   245.105    20.909  1006.056     1.375   253.831
     1.750     1.494     1.634     7.492     9.247   -29.080     0.639   261.358   245.817    22.506  1005.048     1.625   251.990
     2.000     1.565     1.720     7.776     9.563   -29.318     0.639   261.352   246.512    24.024  1004.018     1.875   249.750
     2.250     1.797     1.775     8.042     9.851   -29.555     0.639   261.364   247.091    25.433  1003.010     2.125   247.835
     2.500     1.860     1.837     8.298    10.123   -29.791     0.639   261.358   247.746    26.829  1001.949     2.375   245.342
     2.750     1.998     1.899     8.530    10.373   -30.026     0.639   261.355   248.353    28.117  1000.928     2.625   243.513
     3.000     1.928     1.964     8.747    10.603   -30.263     0.640   261.357   248.918    29.389   999.871     2.875   241.467
     3.250     2.039     2.023     8.944    10.812   -30.546     0.645   261.359   249.418    30.582   998.843     3.125   239.696
     3.500     2.144     2.074     9.122    11.002   -30.901     0.658   261.358   249.929    31.699   997.846     3.375   238.282
     3.750     2.137     2.124     9.289    11.176   -31.290     0.665   261.360   250.424    32.765   996.860     3.625   236.772
     4.000     2.160     2.164     9.445    11.335   -31.597     0.665   261.366   250.773    33.743   995.929     3.875   235.477
     4.250     2.133     2.205     9.591    11.482   -31.796     0.662   261.373   251.158    34.690   995.003     4.125   234.120
     4.500     2.251     2.249     9.723    11.617   -31.893     0.659   261.378   251.577    35.583   994.107     4.375   232.870
     4.750     2.768     2.279     9.825    11.738   -31.908     0.650   261.370   252.161    36.474   993.105     4.625   231.667
     5.000     2.684     2.306     9.929    11.849   -31.963     0.642   261.351   252.778    37.346   992.086     4.875   230.357
     5.250     2.723     2.322    10.027    11.951   -32.040     0.636   261.339   253.318    38.221   991.024     5.125   228.792
     5.500     2.579     2.348    10.126    12.048   -32.099     0.630   261.327   253.836    39.068   989.954     5.375   227.139
     5.750     2.639     2.362    10.218    12.138   -32.144     0.666   261.320   254.399    39.874   988.899     5.625   225.499
     6.000     2.683     2.392    10.304    12.223   -32.176     0.711   261.337   254.690    40.630   987.883     5.875   223.950
     6.250     2.840     2.410    10.379    12.299   -32.076     0.683   261.325   255.422    41.245   987.050     6.125   223.040
     6.500     2.770     2.425    10.452    12.372   -31.950     0.643   261.303   255.926    41.829   986.262     6.375   222.063
     6.750     2.824     2.437    10.517    12.439   -31.802     0.588   261.301   256.252    42.426   985.415     6.625   220.969
     7.000     2.813     2.456    10.581    12.502   -31.690     0.549   261.311   256.598    43.056   984.476     6.875   219.630
     7.250     2.898     2.473    10.639    12.560   -31.624     0.525   261.297   257.346    43.608   983.722     7.125   218.556
     7.500     2.839     2.483    10.695    12.613   -31.556     0.495   261.288   257.848    44.040   983.008     7.375   218.021
     7.750     2.769     2.492    10.748    12.664   -31.475     0.462   261.267   258.387    44.446   982.484     7.625   217.489
     8.000     2.802     2.505    10.797    12.711   -31.370     0.423   261.262   258.848    44.854   981.877     7.875   216.914
     8.250     2.973     2.520    10.836    12.752   -31.251     0.385   261.247   259.446    45.236   981.375     8.125   216.392
     8.500     2.847     2.531    10.876    12.790   -31.183     0.359   261.239   259.830    45.625   980.803     8.375   215.785
     8.750     2.871     2.544    10.912    12.825   -31.139     0.340   261.228   260.257    46.012   980.224     8.625   215.091
     9.000     2.890     2.554    10.946    12.858   -31.104     0.326   261.230   260.684    46.401   979.617     8.875   214.283
     9.250     2.932     2.558    10.976    12.887   -31.079     0.314   261.215   261.281    46.742   979.111     9.125   213.575
     9.500     2.790     2.566    11.009    12.915   -31.053     0.301   261.208   261.747    46.982   978.719     9.375   213.294
     9.750     2.750     2.576    11.037    12.940   -31.015     0.284   261.193   262.083    47.207   978.365     9.625   213.051
    10.000     3.030     2.598    11.050    12.958   -30.938     0.260   261.184   262.487    47.404   978.211     9.875   212.866
    10.250     3.047     2.603    11.062    12.974   -30.843     0.232   261.170   263.266    47.585   978.068    10.125   212.667
    10.500     2.885     2.597    11.080    12.989   -30.745     0.203   261.161   263.732    47.774   977.814    10.375   212.418
    10.750     2.931     2.599    11.093    13.001   -30.638     0.177   261.148   264.312    47.966   977.588    10.625   212.179
    11.000     2.782     2.606    11.109    13.014   -30.562     0.162   261.137   264.552    48.171   977.190    10.875   211.859
    11.250     2.748     2.648    11.130    13.026   -30.527     0.168   261.122   264.488    48.360   976.734    11.125   211.570
    11.500     2.815     2.628    11.137    13.034   -30.518     0.188   261.111   264.839    48.516   976.539    11.375   211.460
    11.750     2.798     2.624    11.147    13.042   -30.554     0.193   261.107   265.158    48.657   976.285    11.625   211.288
    12.000     2.862     2.622    11.154    13.050   -30.595     0.177   261.099   265.727    48.776   976.064    11.875   211.135
    12.250     2.817     2.621    11.163    13.059   -30.619     0.155   261.089   266.544    48.896   975.819    12.125   210.984
    12.500     2.768     2.625    11.173    13.067   -30.631     0.137   261.085   266.849    49.030   975.557    12.375   210.831
    12.750     2.723     2.633    11.183    13.074   -30.620     0.123   261.081   267.164    49.170   975.304    12.625   210.669
    13.000     2.717     2.658    11.189    13.077   -30.594     0.112   261.079   267.409    49.311   975.081    12.875   210.506
    13.250     2.956     2.659    11.181    13.075   -30.533     0.104   261.065   267.657    49.433   975.008    13.125   210.343
    13.500     2.738     2.647    11.180    13.073   -30.478     0.106   261.060   267.104    49.601   974.718    13.375   210.016
    13.750     2.616     2.676    11.186    13.071   -30.473     0.126   261.055   266.907    49.748   974.414    13.625   209.773
    14.000     2.636     2.613    11.184    13.066   -30.497     0.142   261.054   266.861    49.878   974.197    13.875   209.540
    14.250     2.717     2.670    11.181    13.061   -30.547     0.147   261.053   267.088    49.997   973.936    14.125   209.241
    14.500     2.796     2.654    11.173    13.057   -30.588     0.149   261.049   267.038    50.115   973.709    14.375   208.932
    14.750     2.691     2.661    11.171    13.055   -30.636     0.137   261.046   267.297    50.257   973.395    14.625   208.585
    15.000     2.734     2.658    11.167    13.051   -30.639     0.124   261.043   267.649    50.400   973.132    14.875   208.211
    15.250     2.697     2.658    11.165    13.047   -30.645     0.113   261.042   267.903    50.537   972.865    15.125   207.846
    15.500     2.686     2.664    11.162    13.044   -30.635     0.105   261.042   268.083    50.620   972.692    15.375   207.708
    15.750     2.753     2.669    11.155    13.038   -30.613     0.099   261.038   268.330    50.702   972.571    15.625   207.583
    16.000     2.786     2.679    11.146    13.031   -30.581     0.096   261.032   267.887    50.772   972.454    15.875   207.458
    16.250     2.667     2.707    11.144    13.024   -30.565     0.108   261.030   267.292    50.837   972.218    16.125   207.321
    16.500     2.665     2.682    11.132    13.015   -30.587     0.147   261.027   267.083    50.935   972.093    16.375   207.211
    16.750     2.615     2.679    11.127    13.006   -30.652     0.157   261.030   266.973    50.999   971.922    16.625   207.094
    17.000     2.667     2.674    11.119    12.997   -30.728     0.155   261.029   267.155    51.043   971.754    16.875   206.975
    17.250     2.724     2.666    11.110    12.991   -30.801     0.139   261.040   267.555    51.088   971.649    17.125   206.863
    17.500     2.684     2.660    11.105    12.986   -30.850     0.124   261.030   267.908    51.134   971.539    17.375   206.754
    17.750     2.705     2.671    11.097    12.981   -30.860     0.111   261.033   268.363    51.191   971.475    17.625   206.662
    18.000     2.805     2.677    11.084    12.972   -30.797     0.098   261.027   268.327    51.249   971.407    17.875   206.561
    18.250     2.662     2.665    11.077    12.964   -30.708     0.092   261.024   267.588    51.312   971.221    18.125   206.451
    18.500     2.635     2.677    11.071    12.955   -30.643     0.110   261.023   266.322    51.380   971.031    18.375   206.350
    18.750     2.570     2.694    11.067    12.945   -30.665     0.143   261.027   266.748    51.446   970.859    18.625   206.264
    19.000     2.682     2.693    11.058    12.934   -30.737     0.174   261.022   266.960    51.472   970.734    18.875   206.166
    19.250     2.760     2.664    11.043    12.926   -30.818     0.159   261.023   267.381    51.487   970.658    19.125   206.080
    19.500     2.827     2.652    11.032    12.921   -30.915     0.135   261.017   268.537    51.470   970.605    19.375   206.074
    19.750     2.835     2.649    11.026    12.918   -30.995     0.111   261.025   269.283    51.469   970.573    19.625   206.076
    20.000     2.770     2.652    11.024    12.916   -31.030     0.091   261.022   269.673    51.487   970.533    19.875   206.084
    20.250     2.720     2.662    11.020    12.912   -31.026     0.074   261.007   270.394    51.516   970.533    20.125   206.101
    20.500     2.836     2.688    11.008    12.901   -30.979     0.060   261.001   270.970    51.546   970.662    20.375   206.121
    20.750     2.853     2.690    10.991    12.886   -30.886     0.049   260.990   270.705    51.589   970.784    20.625   206.071
    21.000     2.728     2.684    10.976    12.869   -30.762     0.045   260.987   269.542    51.637   970.820    20.875   205.995
    21.250     2.557     2.705    10.965    12.853   -30.653     0.061   260.987   268.145    51.694   970.729    21.125   205.906
    21.500     2.336     2.791    10.969    12.838   -30.666     0.115   261.001   265.933    51.724   970.415    21.375   205.794
    21.750     2.486     2.621    10.953    12.817   -30.742     0.158   261.017   265.182    51.762   970.359    21.625   205.754
    22.000     2.761     2.580    10.927    12.795   -30.898     0.163   261.012   266.445    51.744   970.322    21.875   205.685
    22.250     2.813     2.676    10.907    12.784   -31.062     0.142   260.999   267.123    51.714   970.167    22.125   205.604
    22.500     2.782     2.646    10.894    12.779   -31.178     0.120   261.008   268.118    51.679   970.082    22.375   205.602
    22.750     2.739     2.640    10.890    12.778   -31.259     0.100   261.009   268.701    51.668   969.982    22.625   205.600
    23.000     2.726     2.639    10.888    12.779   -31.282     0.081   261.007   269.325    51.671   969.934    22.875   205.607
    23.250     2.706     2.647    10.885    12.778   -31.270     0.067   261.006   270.002    51.696   969.931    23.125   205.626
    23.500     2.786     2.679    10.877    12.772   -31.222     0.055   261.003   270.532    51.726   970.051    23.375   205.664
    23.750     2.998     2.689    10.855    12.757   -31.128     0.045   260.973   271.232    51.738   970.355    23.625   205.711
    24.000     2.905     2.695    10.835    12.739   -31.016     0.039   260.963   270.752    51.769   970.575    23.875   205.678
    24.250     2.662     2.661    10.822    12.721   -30.923     0.042   260.961   269.594    51.815   970.602    24.125   205.608
    24.500     2.627     2.707    10.807    12.700   -30.836     0.057   260.958   267.802    51.849   970.566    24.375   205.531
    24.750     2.279     2.802    10.810    12.686   -30.861     0.108   260.973   265.594    51.876   970.206    24.625   205.404
    25.000     2.466     2.790    10.801    12.665   -30.965     0.141   260.986   264.840    51.888   970.033    24.875   205.321
    25.250     2.812     2.706    10.768    12.643   -31.099     0.150   260.979   266.078    51.885   970.054    25.125   205.259
    25.500     2.796     2.640    10.747    12.632   -31.274     0.137   260.967   266.787    51.847   969.895    25.375   205.169
    25.750     2.683     2.632    10.741    12.631   -31.412     0.118   260.979   267.636    51.827   969.686    25.625   205.141
    26.000     2.764     2.623    10.737    12.632   -31.498     0.098   260.978   268.490    51.814   969.603    25.875   205.138
    26.250     2.718     2.622    10.737    12.636   -31.525     0.081   260.977   268.967    51.820   969.520    26.125   205.136
    26.500     2.705     2.633    10.737    12.638   -31.514     0.066   260.975   269.694    51.847   969.501    26.375   205.154
    26.750     2.782     2.665    10.732    12.634   -31.469     0.054   260.972   270.281    51.881   969.613    26.625   205.201
    27.000     3.010     2.678    10.710    12.620   -31.378     0.045   260.940   271.020    51.886   969.938    26.875   205.276
    27.250     2.962     2.681    10.690    12.602   -31.272     0.038   260.927   271.180    51.904   970.229    27.125   205.281
    27.500     2.751     2.711    10.678    12.584   -31.182     0.045   260.919   269.692    51.930   970.304    27.375   205.211
    27.750     2.551     2.699    10.665    12.565   -31.095     0.047   260.922   268.153    51.982   970.274    27.625   205.144
    28.000     2.408     2.597    10.655    12.546   -31.065     0.085   260.930   266.438    52.005   970.107    27.875   205.042
    28.250     2.385     2.603    10.646    12.527   -31.173     0.137   260.942   266.006    52.026   969.904    28.125   204.960
    28.500     2.598     2.588    10.630    12.506   -31.307     0.163   260.949   264.817    52.010   969.758    28.375   204.878
    28.750     2.873     2.641    10.603    12.490   -31.473     0.158   260.935   266.121    51.974   969.684    28.625   204.789
    29.000     2.738     2.621    10.590    12.486   -31.628     0.134   260.928   267.229    51.934   969.514    28.875   204.748
    29.250     2.687     2.619    10.588    12.488   -31.735     0.110   260.942   267.856    51.922   969.347    29.125   204.733
    29.500     2.735     2.610    10.588    12.492   -31.774     0.088   260.940   268.543    51.923   969.265    29.375   204.726
    29.750     2.694     2.617    10.589    12.495   -31.766     0.071   260.938   269.059    51.945   969.209    29.625   204.731
    30.000     2.694     2.632    10.588    12.495   -31.727     0.059   260.937   269.620    51.975   969.240    29.875   204.760
    30.250     2.930     2.663    10.572    12.485   -31.643     0.048   260.911   270.306    51.993   969.503    30.125   204.834
    30.500     3.009     2.675    10.550    12.469   -31.544     0.041   260.893   270.975    51.990   969.856    30.375   204.901
    30.750     2.913     2.682    10.530    12.450   -31.435     0.036   260.883   270.438    52.010   970.103    30.625   204.876
    31.000     2.637     2.679    10.519    12.432   -31.353     0.037   260.879   268.933    52.040   970.106    30.875   204.805
    31.250     2.556     2.696    10.506    12.412   -31.280     0.063   260.879   267.209    52.067   970.046    31.125   204.722
    31.500     2.277     2.774    10.509    12.397   -31.341     0.105   260.893   265.202    52.089   969.686    31.375   204.592
    31.750     2.508     2.737    10.493    12.378   -31.451     0.135   260.906   264.667    52.115   969.552    31.625   204.514
    32.000     2.764     2.673    10.468    12.358   -31.616     0.140   260.896   265.994    52.089   969.487    31.875   204.431
    32.250     2.710     2.619    10.451    12.350   -31.780     0.125   260.889   266.729    52.044   969.322    32.125   204.367
    32.500     2.628     2.608    10.449    12.350   -31.909     0.106   260.905   267.564    52.021   969.120    32.375   204.345
    32.750     2.743     2.603    10.446    12.353   -31.970     0.087   260.903   268.245    52.006   969.054    32.625   204.337
    33.000     2.690     2.606    10.446    12.357   -31.976     0.071   260.902   268.786    52.018   968.985    32.875   204.335
    33.250     2.690     2.619    10.446    12.359   -31.946     0.058   260.900   269.380    52.046   969.000    33.125   204.360
    33.500     2.859     2.651    10.434    12.352   -31.877     0.048   260.877   270.002    52.067   969.208    33.375   204.430
    33.750     3.006     2.662    10.412    12.336   -31.781     0.041   260.857   270.611    52.058   969.569    33.625   204.523
    34.000     2.952     2.669    10.392    12.318   -31.679     0.035   260.845   270.657    52.067   969.870    33.875   204.533
    34.250     2.743     2.658    10.377    12.299   -31.582     0.035   260.836   269.405    52.085   969.969    34.125   204.475
    34.500     2.540     2.690    10.369    12.281   -31.514     0.058   260.832   267.667    52.101   969.884    34.375   204.384
    34.750     2.296     2.753    10.368    12.267   -31.556     0.091   260.848   265.324    52.143   969.546    34.625   204.266
    35.000     2.526     2.721    10.351    12.250   -31.671     0.125   260.857   265.391    52.180   969.417    34.875   204.201
    35.250     2.649     2.653    10.332    12.231   -31.838     0.136   260.854   265.778    52.163   969.287    35.125   204.116
    35.500     2.642     2.621    10.317    12.220   -31.998     0.123   260.850   266.388    52.120   969.118    35.375   204.051
    35.750     2.621     2.605    10.313    12.218   -32.123     0.105   260.866   267.270    52.084   968.959    35.625   204.031
    36.000     2.719     2.597    10.309    12.220   -32.183     0.086   260.866   267.954    52.059   968.902    35.875   204.019
    36.250     2.681     2.599    10.308    12.224   -32.194     0.070   260.865   268.522    52.064   968.841    36.125   204.012
    36.500     2.684     2.611    10.308    12.225   -32.165     0.057   260.863   269.165    52.087   968.861    36.375   204.036
    36.750     2.847     2.643    10.295    12.218   -32.097     0.047   260.840   269.804    52.104   969.076    36.625   204.110
    37.000     3.001     2.656    10.273    12.203   -32.001     0.040   260.821   270.432    52.091   969.446    36.875   204.214
    37.250     2.951     2.661    10.252    12.184   -31.899     0.035   260.807   270.585    52.091   969.766    37.125   204.239
    37.500     2.761     2.648    10.236    12.165   -31.799     0.033   260.797   269.404    52.104   969.897    37.375   204.193
    37.750     2.568     2.673    10.226    12.146   -31.725     0.054   260.793   267.628    52.116   969.853    37.625   204.115
    38.000     2.259     2.736    10.227    12.135   -31.769     0.086   260.808   265.267    52.160   969.474    37.875   203.988
    38.250     2.506     2.711    10.213    12.119   -31.887     0.119   260.820   264.441    52.198   969.301    38.125   203.919
    38.500     2.716     2.642    10.187    12.100   -32.030     0.126   260.809   265.822    52.188   969.244    38.375   203.857
    38.750     2.563     2.613    10.178    12.090   -32.197     0.116   260.810   266.334    52.146   969.030    38.625   203.788
    39.000     2.602     2.597    10.175    12.088   -32.325     0.100   260.827   267.180    52.104   968.885    38.875   203.769
    39.250     2.688     2.590    10.172    12.090   -32.388     0.082   260.828   267.832    52.076   968.827    39.125   203.755
    39.500     2.664     2.591    10.172    12.093   -32.399     0.067   260.827   268.380    52.077   968.774    39.375   203.748
    39.750     2.673     2.605    10.171    12.094   -32.369     0.055   260.826   268.984    52.097   968.806    39.625   203.776
    40.000     2.854     2.636    10.157    12.086   -32.298     0.045   260.801   269.622    52.108   969.045    39.875   203.859
    40.250     2.992     2.650    10.135    12.071   -32.202     0.038   260.783   270.233    52.088   969.427    40.125   203.970
    40.500     2.940     2.655    10.114    12.051   -32.100     0.034   260.769   270.334    52.086   969.753    40.375   203.999
    40.750     2.735     2.643    10.099    12.032   -32.004     0.033   260.759   269.214    52.094   969.880    40.625   203.955
    41.000     2.566     2.655    10.086    12.014   -31.927     0.054   260.756   267.431    52.113   969.852    40.875   203.887
    41.250     2.237     2.547    10.079    12.005   -31.983     0.088   260.768   265.489    52.175   969.505    41.125   203.775
    41.500     2.474     2.658    10.070    11.992   -32.136     0.120   260.777   265.682    52.210   969.268    41.375   203.717
    41.750     2.635     2.618    10.052    11.974   -32.296     0.147   260.775   265.223    52.198   969.109    41.625   203.638
    42.000     2.578     2.618    10.042    11.962   -32.458     0.133   260.774   266.148    52.150   968.980    41.875   203.609
    42.250     2.616     2.591    10.038    11.958   -32.581     0.112   260.792   266.718    52.091   968.887    42.125   203.589
    42.500     2.690     2.582    10.034    11.959   -32.646     0.090   260.792   267.561    52.053   968.847    42.375   203.568
    42.750     2.659     2.584    10.034    11.962   -32.642     0.072   260.792   267.935    52.049   968.803    42.625   203.560
    43.000     2.666     2.597    10.033    11.963   -32.603     0.058   260.790   268.548    52.067   968.837    42.875   203.588
    43.250     2.806     2.629    10.022    11.956   -32.528     0.048   260.768   269.162    52.077   969.058    43.125   203.669
    43.500     2.973     2.642    10.000    11.940   -32.427     0.040   260.750   269.779    52.056   969.440    43.375   203.781
    43.750     2.937     2.647     9.979    11.920   -32.323     0.035   260.736   270.063    52.046   969.784    43.625   203.820
    44.000     2.755     2.636     9.962    11.901   -32.226     0.033   260.726   269.242    52.050   969.940    43.875   203.788
    44.250     2.582     2.640     9.947    11.883   -32.140     0.047   260.722   267.430    52.070   969.934    44.125   203.728
    44.500     2.273     2.649     9.946    11.875   -32.189     0.078   260.730   265.562    52.111   969.539    44.375   203.592
    44.750     2.436     2.694     9.937    11.864   -32.302     0.111   260.744   264.157    52.164   969.276    44.625   203.516
    45.000     2.586     2.624     9.919    11.849   -32.458     0.128   260.742   265.184    52.180   969.140    44.875   203.449
    45.250     2.540     2.607     9.909    11.838   -32.621     0.120   260.742   265.660    52.152   968.963    45.125   203.397
    45.500     2.591     2.587     9.906    11.833   -32.749     0.103   260.760   266.515    52.082   968.847    45.375   203.371
    45.750     2.668     2.577     9.903    11.834   -32.817     0.084   260.761   267.160    52.041   968.797    45.625   203.353
    46.000     2.668     2.575     9.903    11.837   -32.825     0.068   260.759   267.755    52.030   968.766    45.875   203.346
    46.250     2.667     2.587     9.903    11.839   -32.792     0.055   260.757   268.388    52.042   968.803    46.125   203.373
    46.500     2.761     2.620     9.894    11.833   -32.725     0.045   260.737   268.945    52.053   968.998    46.375   203.449
    46.750     2.972     2.633     9.873    11.818   -32.626     0.038   260.717   269.568    52.032   969.387    46.625   203.567
    47.000     2.960     2.638     9.851    11.798   -32.525     0.033   260.703   270.051    52.011   969.779    46.875   203.641
    47.250     2.812     2.593     9.831    11.778   -32.420     0.031   260.689   269.471    52.009   970.013    47.125   203.629
    47.500     2.577     2.627     9.817    11.762   -32.341     0.042   260.685   267.652    52.032   969.984    47.375   203.565
    47.750     2.294     2.520     9.809    11.755   -32.371     0.072   260.691   265.725    52.090   969.661    47.625   203.456
    48.000     2.380     2.521     9.800    11.746   -32.495     0.104   260.704   264.646    52.154   969.371    47.875   203.392
    48.250     2.585     2.614     9.787    11.732   -32.654     0.137   260.700   264.857    52.165   969.150    48.125   203.313
    48.500     2.514     2.618     9.778    11.720   -32.824     0.129   260.701   265.655    52.155   968.980    48.375   203.262
    48.750     2.584     2.584     9.775    11.712   -32.953     0.110   260.722   266.193    52.065   968.916    48.625   203.243
    49.000     2.662     2.572     9.772    11.711   -33.028     0.089   260.723   267.038    52.005   968.889    48.875   203.224
    49.250     2.663     2.568     9.772    11.713   -33.033     0.071   260.722   267.409    51.980   968.868    49.125   203.218
    49.500     2.663     2.579     9.772    11.714   -32.997     0.057   260.719   268.047    51.987   968.904    49.375   203.247
    49.750     2.701     2.614     9.765    11.709   -32.935     0.047   260.701   268.599    51.996   969.064    49.625   203.317
    50.000     2.961     2.625     9.744    11.694   -32.834     0.039   260.682   269.209    51.972   969.455    49.875   203.440
    50.250     2.945     2.637     9.722    11.675   -32.733     0.034   260.668   269.679    51.946   969.848    50.125   203.519
    50.500     2.844     2.642     9.703    11.654   -32.633     0.031   260.653   269.388    51.934   970.083    50.375   203.504
    50.750     2.552     2.613     9.688    11.641   -32.548     0.040   260.650   267.602    51.968   970.066    50.625   203.449
    51.000     2.332     2.649     9.685    11.635   -32.575     0.066   260.655   265.146    52.017   969.714    50.875   203.327
    51.250     2.338     2.673     9.680    11.627   -32.678     0.097   260.668   264.002    52.090   969.368    51.125   203.246
    51.500     2.565     2.618     9.661    11.614   -32.812     0.120   260.667   264.884    52.126   969.222    51.375   203.188
    51.750     2.490     2.595     9.651    11.602   -32.982     0.113   260.668   265.351    52.130   969.033    51.625   203.124
    52.000     2.532     2.579     9.650    11.595   -33.117     0.096   260.690   266.110    52.033   968.919    51.875   203.089
    52.250     2.632     2.567     9.649    11.594   -33.188     0.079   260.693   266.753    51.968   968.884    52.125   203.072
    52.500     2.662     2.563     9.649    11.596   -33.194     0.063   260.691   267.372    51.941   968.879    52.375   203.070
    52.750     2.663     2.573     9.649    11.597   -33.162     0.051   260.688   268.020    51.942   968.935    52.625   203.102
    53.000     2.717     2.608     9.641    11.592   -33.100     0.043   260.669   268.580    51.946   969.127    52.875   203.179
    53.250     2.963     2.620     9.620    11.576   -33.001     0.036   260.650   269.202    51.918   969.534    53.125   203.304
    53.500     2.951     2.631     9.598    11.556   -32.902     0.031   260.634   269.678    51.887   969.945    53.375   203.389
    53.750     2.837     2.591     9.576    11.536   -32.798     0.029   260.619   269.329    51.881   970.192    53.625   203.381
    54.000     2.568     2.597     9.560    11.525   -32.715     0.039   260.612   267.512    51.919   970.156    53.875   203.325
    54.250     2.310     2.605     9.557    11.520   -32.770     0.066   260.615   265.450    51.979   969.767    54.125   203.209
    54.500     2.366     2.639     9.548    11.513   -32.872     0.098   260.630   263.826    52.065   969.458    54.375   203.147
    54.750     2.456     2.594     9.537    11.502   -33.029     0.124   260.633   264.457    52.100   969.206    54.625   203.074
    55.000     2.482     2.594     9.528    11.490   -33.195     0.116   260.644   265.454    52.102   969.048    54.875   203.031
    55.250     2.533     2.574     9.527    11.481   -33.328     0.099   260.656   265.893    51.990   968.985    55.125   203.005
    55.500     2.631     2.561     9.526    11.479   -33.397     0.080   260.659   266.718    51.911   968.980    55.375   202.989
    55.750     2.656     2.558     9.526    11.480   -33.392     0.064   260.658   267.128    51.878   968.988    55.625   202.991
    56.000     2.661     2.569     9.525    11.480   -33.352     0.052   260.641   267.821    51.872   969.067    55.875   203.031
    56.250     2.716     2.604     9.517    11.474   -33.285     0.043   260.635   268.310    51.870   969.275    56.125   203.112
    56.500     2.958     2.616     9.496    11.457   -33.184     0.036   260.616   268.926    51.836   969.693    56.375   203.240
    56.750     2.940     2.618     9.473    11.437   -33.083     0.031   260.600   269.385    51.806   970.094    56.625   203.315
    57.000     2.818     2.579     9.451    11.420   -32.979     0.029   260.585   269.017    51.808   970.315    56.875   203.302
    57.250     2.564     2.585     9.435    11.409   -32.902     0.040   260.577   267.298    51.853   970.270    57.125   203.248
    57.500     2.289     2.620     9.433    11.406   -32.959     0.066   260.583   264.723    51.918   969.850    57.375   203.130
    57.750     2.342     2.640     9.428    11.400   -33.064     0.096   260.598   263.599    52.003   969.515    57.625   203.063
    58.000     2.450     2.583     9.414    11.389   -33.220     0.115   260.599   264.429    52.043   969.296    57.875   202.999
    58.250     2.474     2.589     9.407    11.378   -33.378     0.108   260.615   265.146    52.036   969.141    58.125   202.953
    58.500     2.538     2.567     9.406    11.368   -33.502     0.092   260.624   265.858    51.924   969.105    58.375   202.938
    58.750     2.649     2.555     9.405    11.366   -33.558     0.075   260.626   266.501    51.837   969.129    58.625   202.927
    59.000     2.654     2.554     9.405    11.366   -33.549     0.060   260.624   267.092    51.795   969.166    58.875   202.938
    59.250     2.661     2.565     9.403    11.364   -33.507     0.049   260.605   267.768    51.786   969.271    59.125   202.987
    59.500     2.736     2.600     9.394    11.356   -33.438     0.040   260.599   268.266    51.777   969.509    59.375   203.076
    59.750     2.955     2.608     9.372    11.338   -33.339     0.034   260.580   268.868    51.736   969.936    59.625   203.202
    60.000     2.910     2.600     9.349    11.321   -33.238     0.030   260.564   269.145    51.721   970.284    59.875   203.246
    60.250     2.742     2.571     9.329    11.306   -33.143     0.028   260.549   268.609    51.739   970.425    60.125   203.221
    60.500     2.571     2.567     9.311    11.297   -33.081     0.044   260.542   266.752    51.793   970.368    60.375   203.174
    60.750     2.227     2.611     9.312    11.296   -33.162     0.071   260.550   264.276    51.869   969.883    60.625   203.055
    61.000     2.377     2.621     9.304    11.288   -33.270     0.101   260.559   263.697    51.950   969.577    60.875   202.994
    61.250     2.416     2.571     9.294    11.279   -33.424     0.113   260.566   264.336    51.982   969.351    61.125   202.924
    61.500     2.457     2.577     9.289    11.268   -33.574     0.104   260.584   265.046    51.962   969.224    61.375   202.892
    61.750     2.534     2.570     9.290    11.259   -33.690     0.087   260.593   265.819    51.843   969.202    61.625   202.875
    62.000     2.661     2.549     9.288    11.256   -33.731     0.070   260.594   266.490    51.753   969.258    61.875   202.871
    62.250     2.650     2.550     9.289    11.256   -33.716     0.056   260.591   267.069    51.716   969.310    62.125   202.892
    62.500     2.659     2.563     9.285    11.253   -33.671     0.046   260.572   267.732    51.702   969.447    62.375   202.951
    62.750     2.780     2.597     9.274    11.242   -33.594     0.038   260.563   268.263    51.683   969.740    62.625   203.053
    63.000     2.939     2.594     9.251    11.225   -33.494     0.032   260.546   268.834    51.643   970.156    62.875   203.165
    63.250     2.892     2.589     9.227    11.208   -33.390     0.028   260.529   268.936    51.642   970.474    63.125   203.197
    63.500     2.655     2.565     9.210    11.196   -33.306     0.028   260.517   268.135    51.677   970.539    63.375   203.167
    63.750     2.493     2.462     9.191    11.187   -33.257     0.045   260.510   266.265    51.738   970.459    63.625   203.122
    64.000     2.253     2.467     9.186    11.185   -33.339     0.075   260.522   264.463    51.823   970.024    63.875   203.025
    64.250     2.341     2.558     9.179    11.180   -33.472     0.106   260.529   263.768    51.898   969.668    64.125   202.960
    64.500     2.467     2.562     9.172    11.169   -33.611     0.115   260.531   264.227    51.910   969.465    64.375   202.888
    64.750     2.483     2.572     9.169    11.158   -33.761     0.104   260.552   264.833    51.876   969.385    64.625   202.854
    65.000     2.573     2.560     9.169    11.149   -33.863     0.087   260.559   265.668    51.750   969.409    64.875   202.840
    65.250     2.649     2.542     9.170    11.146   -33.900     0.070   260.559   266.348    51.659   969.461    65.125   202.837
    65.500     2.644     2.546     9.170    11.145   -33.881     0.056   260.542   266.979    51.623   969.520    65.375   202.864
    65.750     2.653     2.557     9.167    11.141   -33.833     0.045   260.537   267.576    51.606   969.665    65.625   202.926
    66.000     2.769     2.583     9.155    11.131   -33.756     0.037   260.527   268.103    51.588   969.943    65.875   203.022
    66.250     2.920     2.580     9.132    11.115   -33.655     0.032   260.511   268.664    51.561   970.325    66.125   203.119
    66.500     2.874     2.579     9.109    11.100   -33.548     0.028   260.494   268.671    51.571   970.617    66.375   203.140
    66.750     2.610     2.556     9.092    11.090   -33.463     0.029   260.483   267.678    51.617   970.645    66.625   203.109
    67.000     2.485     2.552     9.076    11.083   -33.439     0.049   260.478   265.716    51.684   970.500    66.875   203.055
    67.250     2.170     2.461     9.072    11.083   -33.526     0.078   260.492   264.137    51.782   970.035    67.125   202.963
    67.500     2.364     2.547     9.066    11.077   -33.666     0.105   260.497   263.770    51.843   969.701    67.375   202.900
    67.750     2.450     2.553     9.058    11.067   -33.821     0.110   260.499   264.232    51.858   969.523    67.625   202.844
    68.000     2.467     2.558     9.057    11.056   -33.965     0.099   260.524   264.733    51.802   969.455    67.875   202.825
    68.250     2.575     2.552     9.059    11.049   -34.055     0.082   260.530   265.576    51.672   969.486    68.125   202.808
    68.500     2.637     2.541     9.061    11.045   -34.076     0.066   260.530   266.220    51.587   969.559    68.375   202.815
    68.750     2.637     2.544     9.061    11.042   -34.046     0.053   260.513   266.816    51.545   969.657    68.625   202.850
    69.000     2.647     2.550     9.056    11.038   -33.991     0.043   260.508   267.387    51.528   969.820    68.875   202.914
    69.250     2.823     2.574     9.040    11.027   -33.902     0.036   260.497   267.940    51.513   970.133    69.125   203.014
    69.500     2.910     2.572     9.017    11.013   -33.800     0.031   260.479   268.484    51.496   970.500    69.375   203.098
    69.750     2.870     2.571     8.992    10.998   -33.690     0.027   260.460   268.632    51.514   970.774    69.625   203.110
    70.000     2.524     2.550     8.979    10.990   -33.623     0.030   260.453   267.114    51.572   970.732    69.875   203.074
    70.250     2.416     2.546     8.964    10.984   -33.610     0.051   260.449   265.234    51.641   970.545    70.125   203.014
    70.500     2.199     2.599     8.966    10.983   -33.708     0.078   260.463   263.052    51.719   970.042    70.375   202.909
    70.750     2.346     2.551     8.954    10.976   -33.825     0.104   260.471   263.500    51.790   969.774    70.625   202.852
    71.000     2.453     2.547     8.947    10.966   -33.991     0.106   260.472   264.179    51.804   969.617    70.875   202.800
    71.250     2.475     2.547     8.947    10.956   -34.130     0.094   260.497   264.651    51.723   969.557    71.125   202.770
    71.500     2.590     2.541     8.949    10.949   -34.211     0.077   260.501   265.511    51.596   969.602    71.375   202.759
    71.750     2.634     2.533     8.952    10.946   -34.223     0.062   260.500   266.142    51.515   969.675    71.625   202.771
    72.000     2.637     2.535     8.951    10.944   -34.190     0.050   260.482   266.716    51.479   969.779    71.875   202.812
    72.250     2.644     2.542     8.947    10.940   -34.132     0.041   260.476   267.267    51.465   969.946    72.125   202.877
    72.500     2.847     2.565     8.930    10.929   -34.040     0.034   260.466   267.821    51.448   970.279    72.375   202.981
    72.750     2.901     2.564     8.907    10.915   -33.940     0.030   260.446   268.351    51.441   970.629    72.625   203.052
    73.000     2.840     2.507     8.882    10.901   -33.830     0.027   260.426   268.423    51.462   970.890    72.875   203.061
    73.250     2.514     2.542     8.869    10.893   -33.759     0.032   260.419   266.742    51.523   970.830    73.125   203.024
    73.500     2.369     2.530     8.857    10.889   -33.786     0.056   260.421   264.622    51.596   970.568    73.375   202.953
    73.750     2.163     2.446     8.852    10.888   -33.887     0.086   260.433   263.073    51.693   970.119    73.625   202.873
    74.000     2.404     2.542     8.845    10.880   -34.012     0.108   260.437   263.362    51.737   969.815    73.875   202.808
    74.250     2.418     2.536     8.842    10.870   -34.160     0.108   260.439   263.879    51.740   969.670    74.125   202.763
    74.500     2.449     2.536     8.846    10.861   -34.304     0.096   260.466   264.350    51.629   969.615    74.375   202.736
    74.750     2.557     2.533     8.851    10.855   -34.392     0.080   260.472   265.172    51.519   969.662    74.625   202.733
    75.000     2.611     2.525     8.853    10.853   -34.411     0.064   260.473   265.778    51.442   969.740    74.875   202.747
    75.250     2.623     2.527     8.851    10.850   -34.375     0.052   260.454   266.352    51.407   969.852    75.125   202.789
    75.500     2.635     2.534     8.846    10.847   -34.311     0.042   260.450   266.898    51.397   970.027    75.375   202.858
    75.750     2.821     2.558     8.830    10.836   -34.216     0.035   260.440   267.443    51.385   970.354    75.625   202.958
    76.000     2.893     2.557     8.806    10.822   -34.111     0.031   260.420   267.982    51.375   970.717    75.875   203.036
    76.250     2.855     2.554     8.781    10.808   -34.000     0.027   260.400   268.164    51.396   970.993    76.125   203.050
    76.500     2.473     2.537     8.769    10.801   -33.942     0.030   260.395   266.735    51.459   970.927    76.375   203.014
    76.750     2.464     2.530     8.751    10.792   -33.923     0.048   260.390   264.884    51.520   970.800    76.625   202.966
    77.000     2.125     2.566     8.754    10.792   -34.011     0.073   260.405   262.675    51.597   970.281    76.875   202.858
    77.250     2.316     2.524     8.744    10.786   -34.111     0.098   260.418   262.872    51.666   970.005    77.125   202.798
    77.500     2.464     2.531     8.736    10.776   -34.278     0.098   260.415   263.779    51.674   969.854    77.375   202.743
    77.750     2.442     2.529     8.738    10.767   -34.417     0.087   260.441   264.260    51.597   969.767    77.625   202.701
    78.000     2.558     2.525     8.743    10.762   -34.498     0.072   260.446   265.111    51.471   969.798    77.875   202.688
    78.250     2.619     2.516     8.746    10.759   -34.511     0.058   260.430   265.812    51.390   969.881    78.125   202.702
    78.500     2.624     2.518     8.746    10.757   -34.481     0.048   260.425   266.337    51.349   969.996    78.375   202.743
    78.750     2.630     2.525     8.742    10.754   -34.425     0.039   260.423   266.887    51.338   970.163    78.625   202.807
    79.000     2.840     2.548     8.726    10.744   -34.335     0.033   260.410   267.465    51.324   970.495    78.875   202.906
    79.250     2.886     2.547     8.703    10.730   -34.235     0.029   260.389   267.997    51.320   970.839    79.125   202.972
    79.500     2.824     2.486     8.678    10.717   -34.126     0.026   260.367   268.050    51.348   971.094    79.375   202.982
    79.750     2.493     2.525     8.664    10.710   -34.061     0.032   260.361   266.333    51.412   971.024    79.625   202.946
    80.000     2.340     2.517     8.655    10.707   -34.091     0.053   260.361   264.295    51.479   970.738    79.875   202.874
    80.250     2.159     2.498     8.650    10.706   -34.181     0.081   260.375   262.691    51.582   970.271    80.125   202.798
    80.500     2.345     2.525     8.643    10.699   -34.311     0.104   260.381   262.965    51.630   969.984    80.375   202.734
    80.750     2.398     2.518     8.641    10.689   -34.475     0.104   260.386   263.398    51.625   969.844    80.625   202.690
    81.000     2.429     2.520     8.648    10.681   -34.613     0.093   260.413   263.931    51.507   969.789    80.875   202.663
    81.250     2.533     2.518     8.654    10.676   -34.694     0.077   260.419   264.753    51.400   969.834    81.125   202.661
    81.500     2.595     2.509     8.656    10.674   -34.707     0.062   260.405   265.423    51.323   969.923    81.375   202.679
    81.750     2.609     2.512     8.655    10.672   -34.668     0.050   260.401   265.949    51.288   970.043    81.625   202.722
    82.000     2.621     2.519     8.650    10.669   -34.601     0.041   260.400   266.494    51.279   970.225    81.875   202.791
    82.250     2.819     2.543     8.634    10.658   -34.501     0.035   260.387   267.068    51.269   970.562    82.125   202.890
    82.500     2.876     2.540     8.610    10.645   -34.394     0.030   260.366   267.604    51.264   970.918    82.375   202.960
    82.750     2.839     2.538     8.584    10.632   -34.282     0.027   260.345   267.727    51.291   971.188    82.625   202.972
    83.000     2.414     2.524     8.574    10.626   -34.245     0.033   260.341   266.300    51.360   971.079    82.875   202.934
    83.250     2.363     2.835     8.577    10.595   -34.237     0.046   260.344   263.874    51.323   971.139    83.125   202.915
    83.500     2.013     2.860     8.588    10.533   -34.320     0.072   260.386   261.917    51.079   971.235    83.375   202.857
    83.750     2.273     2.716     8.570    10.476   -34.407     0.105   260.411   261.599    50.856   971.397    83.625   202.805
    84.000     2.594     2.707     8.550    10.420   -34.552     0.110   260.418   262.095    50.573   971.760    83.875   202.743
    84.250     2.565     2.667     8.544    10.379   -34.689     0.097   260.445   262.893    50.296   972.065    84.125   202.699
    84.500     2.529     2.389     8.514    10.426   -34.796     0.080   260.443   263.782    50.420   971.494    84.375   202.634
    84.750     2.547     2.402     8.514    10.469   -34.837     0.065   260.441   264.471    50.549   970.970    84.625   202.591
    85.000     2.582     2.428     8.521    10.503   -34.818     0.052   260.417   265.163    50.699   970.790    84.875   202.622
    85.250     2.619     2.459     8.528    10.524   -34.760     0.043   260.411   265.805    50.825   970.818    85.125   202.695
    85.500     2.829     2.492     8.521    10.533   -34.662     0.036   260.394   266.459    50.919   970.981    85.375   202.793
    85.750     2.903     2.502     8.506    10.534   -34.555     0.031   260.368   267.092    50.986   971.234    85.625   202.892
    86.000     2.849     2.846     8.500    10.516   -34.448     0.027   260.342   267.431    51.003   971.612    85.875   202.956
    86.250     2.491     2.630     8.511    10.439   -34.412     0.040   260.358   265.813    50.690   972.312    86.125   202.979
    86.500     2.535     2.732     8.489    10.381   -34.388     0.052   260.359   264.159    50.473   972.649    86.375   202.951
    86.750     2.158     2.640     8.472    10.352   -34.415     0.073   260.385   262.302    50.408   972.541    86.625   202.881
    87.000     2.280     2.678     8.458    10.325   -34.496     0.101   260.401   261.476    50.326   972.390    86.875   202.796
    87.250     2.548     2.641     8.442    10.294   -34.644     0.110   260.405   262.127    50.186   972.489    87.125   202.727
    87.500     2.520     2.615     8.439    10.272   -34.791     0.101   260.430   262.535    50.044   972.555    87.375   202.671
    87.750     2.569     2.610     8.441    10.254   -34.890     0.084   260.440   263.308    49.874   972.684    87.625   202.680
    88.000     2.592     2.616     8.445    10.244   -34.931     0.068   260.448   264.061    49.735   972.819    87.875   202.700
    88.250     2.730     2.603     8.443    10.233   -34.890     0.054   260.446   264.529    49.616   973.060    88.125   202.742
    88.500     2.732     2.602     8.436    10.225   -34.818     0.043   260.423   265.297    49.546   973.313    88.375   202.806
    88.750     2.755     2.606     8.426    10.214   -34.730     0.036   260.418   265.856    49.498   973.615    88.625   202.887
    89.000     2.747     2.605     8.413    10.203   -34.638     0.030   260.413   266.285    49.474   973.911    88.875   202.952
    89.250     2.929     2.626     8.390    10.186   -34.526     0.027   260.399   266.516    49.451   974.274    89.125   202.976
    89.500     2.777     2.574     8.364    10.178   -34.426     0.028   260.379   265.658    49.497   974.375    89.375   202.950
    89.750     2.440     2.584     8.350    10.183   -34.425     0.045   260.373   262.931    49.612   974.063    89.625   202.879
    90.000     2.138     2.650     8.349    10.196   -34.501     0.071   260.389   261.287    49.794   973.465    89.875   202.802
    90.250     2.260     2.571     8.343    10.196   -34.596     0.095   260.403   261.424    49.905   973.083    90.125   202.739
    90.500     2.547     2.592     8.338    10.184   -34.727     0.100   260.401   261.916    49.885   972.976    90.375   202.677
    90.750     2.530     2.584     8.344    10.175   -34.866     0.090   260.423   262.544    49.807   972.940    90.625   202.627
    91.000     2.576     2.576     8.353    10.168   -34.963     0.076   260.430   263.377    49.685   972.970    90.875   202.639
    91.250     2.614     2.588     8.361    10.164   -34.998     0.062   260.435   263.954    49.583   973.060    91.125   202.665
    91.500     2.731     2.581     8.362    10.160   -34.963     0.049   260.414   264.678    49.499   973.250    91.375   202.713
    91.750     2.738     2.586     8.359    10.155   -34.895     0.040   260.405   265.363    49.453   973.474    91.625   202.782
    92.000     2.756     2.593     8.351    10.148   -34.812     0.033   260.400   265.895    49.425   973.751    91.875   202.865
    92.250     2.750     2.594     8.340    10.139   -34.723     0.029   260.393   266.304    49.414   974.032    92.125   202.930
    92.500     2.972     2.614     8.315    10.122   -34.607     0.025   260.374   266.430    49.400   974.399    92.375   202.952
    92.750     2.737     2.567     8.290    10.116   -34.506     0.029   260.355   265.340    49.461   974.460    92.625   202.925
    93.000     2.364     2.392     8.275    10.124   -34.532     0.050   260.352   263.230    49.603   974.099    92.875   202.860
    93.250     2.131     2.496     8.275    10.136   -34.617     0.077   260.368   261.339    49.781   973.489    93.125   202.785
    93.500     2.253     2.515     8.274    10.134   -34.726     0.099   260.382   261.548    49.874   973.112    93.375   202.722
    93.750     2.574     2.579     8.271    10.120   -34.836     0.101   260.381   261.851    49.826   973.074    93.625   202.659
    94.000     2.549     2.586     8.276    10.111   -34.968     0.091   260.403   262.437    49.733   973.048    93.875   202.616
    94.250     2.570     2.565     8.285    10.107   -35.063     0.077   260.409   263.261    49.622   973.074    94.125   202.627
    94.500     2.655     2.576     8.291    10.104   -35.094     0.062   260.411   263.875    49.529   973.181    94.375   202.657
    94.750     2.731     2.572     8.290    10.100   -35.061     0.049   260.388   264.592    49.459   973.357    94.625   202.708
    95.000     2.724     2.578     8.287    10.095   -34.994     0.040   260.378   265.266    49.421   973.566    94.875   202.776
    95.250     2.732     2.587     8.281    10.088   -34.910     0.033   260.375   265.781    49.396   973.830    95.125   202.854
    95.500     2.708     2.588     8.271    10.079   -34.822     0.029   260.370   266.154    49.392   974.083    95.375   202.903
    95.750     2.914     2.610     8.247    10.064   -34.709     0.026   260.354   266.256    49.381   974.424    95.625   202.919
    96.000     2.719     2.563     8.223    10.057   -34.614     0.029   260.336   265.206    49.438   974.484    95.875   202.892
    96.250     2.365     2.387     8.207    10.065   -34.630     0.049   260.331   263.011    49.575   974.150    96.125   202.832
    96.500     2.115     2.525     8.208    10.076   -34.711     0.077   260.351   260.914    49.750   973.535    96.375   202.755
    96.750     2.268     2.576     8.206    10.075   -34.820     0.096   260.363   261.592    49.841   973.166    96.625   202.696
    97.000     2.557     2.584     8.203    10.061   -34.926     0.097   260.364   261.761    49.794   973.118    96.875   202.634
    97.250     2.553     2.580     8.208    10.052   -35.061     0.087   260.385   262.368    49.699   973.103    97.125   202.592
    97.500     2.593     2.558     8.217    10.047   -35.151     0.073   260.388   263.259    49.581   973.153    97.375   202.605
    97.750     2.652     2.568     8.223    10.044   -35.179     0.059   260.374   263.929    49.487   973.262    97.625   202.636
    98.000     2.723     2.565     8.223    10.041   -35.145     0.047   260.366   264.600    49.420   973.434    97.875   202.687
    98.250     2.717     2.573     8.220    10.037   -35.078     0.039   260.360   265.243    49.385   973.641    98.125   202.754
    98.500     2.727     2.581     8.214    10.029   -34.995     0.032   260.355   265.750    49.363   973.901    98.375   202.831
    98.750     2.698     2.579     8.203    10.021   -34.908     0.028   260.349   266.105    49.364   974.147    98.625   202.875
    99.000     2.934     2.603     8.178    10.005   -34.793     0.025   260.331   266.367    49.352   974.495    98.875   202.887
    99.250     2.684     2.551     8.155    10.000   -34.700     0.030   260.313   264.927    49.418   974.526    99.125   202.859
    99.500     2.303     2.556     8.144    10.010   -34.746     0.049   260.314   262.112    49.559   974.079    99.375   202.787
    99.750     2.071     2.543     8.143    10.021   -34.809     0.075   260.333   260.986    49.746   973.473    99.625   202.722
   100.000     2.310     2.571     8.141    10.017   -34.928     0.095   260.345   261.379    49.814   973.175    99.875   202.666
