  1000.000     6.825     4.039    -0.000     0.658    -1.454    -1.074     2.689     0.000     0.000     0.000     0.000     0.000     0.000   292.883     0.000   0.00E+00    -0.869     0.279   279.962
   950.000     2.735     3.851     0.000     0.830     1.188    -1.372     0.172     0.000    17.234     0.000   -11.401     0.000     0.010   292.868     0.001   0.28E-04    -1.116     0.312   275.898
   900.000    -0.931     2.963    -0.234     0.750     1.416    -1.378     0.000     0.000    17.224    -0.010   -12.784     0.010     2.379   290.422     0.008   0.27E-01    -0.361     0.334   271.954
   850.000    -4.368     2.085     0.341     0.711     1.436    -1.415     0.000     0.000    15.877    -2.379   -10.309     2.763     2.117   289.060     0.109   0.53E+00     0.155     0.362   269.128
   800.000    -7.794     1.359     0.524     0.608     1.541    -1.534     0.000     0.000    14.363    -2.016    -6.933     2.383     1.183   288.133     0.047   0.28E+00     0.566     0.394   266.011
   750.000   -11.318     0.816     0.459     0.486     1.490    -1.494     0.000     0.000    13.193    -1.063    -5.681     1.710     0.483   287.785     0.046   0.18E+00     0.766     0.416   262.553
   700.000   -15.151     0.491     0.237     0.398     1.356    -1.375     0.000     0.000    12.923    -0.238    -4.796     1.596     0.502   288.100     0.063   0.15E+00     0.718     0.425   258.699
   650.000   -19.438     0.287     0.031     0.360     1.196    -1.232     0.000     0.000    12.624    -0.286    -4.012     1.452     0.423   288.733     0.088   0.12E+00     0.583     0.424   254.390
   600.000   -24.148     0.171    -0.191     0.358     1.008    -1.066     0.000     0.000    12.433    -0.234    -3.058     1.544     0.491   289.481     0.114   0.11E+00     0.411     0.411   249.566
   550.000   -29.445     0.104    -0.405     0.382     0.779    -0.864     0.000     0.000    12.391    -0.265    -2.129     1.700     0.298   290.162     0.132   0.10E+00     0.270     0.386   244.174
   500.000   -35.496     0.094    -0.604     0.475     0.657    -0.776     0.000     0.000    12.907    -0.109    -1.212     2.156     0.302   290.788     0.159   0.11E+00     0.160     0.349   238.164
   450.000   -42.381     0.113    -0.823     0.682     0.604    -0.765     0.000     0.000    14.275    -0.038    -0.511     2.959     0.411   291.309     0.216   0.13E+00     0.049     0.304   231.496
   400.000   -49.840     0.088    -1.124     0.985     0.407    -0.610     0.000     0.000    13.655    -0.035    -0.151     2.902     2.809   291.790     0.330   0.11E+00     0.012     0.253   224.111
   350.000   -58.030     0.022    -1.579     1.006     0.316    -0.561     0.000     0.000     5.466    -0.024    -0.023     1.388     9.127   292.309     0.373   0.12E-01     0.001     0.177   215.920
   300.000   -66.803     0.009    -2.867     1.014     0.059    -0.339     0.000     0.000     0.202    -0.007    -0.000     0.007     5.257   293.689     0.501   0.18E-02    -0.000     0.073   206.765
   250.000   -73.106     0.004    -4.000     0.997    -0.004    -0.237     0.000     0.000     0.000     0.000    -0.000     0.000     0.202   298.264     0.478   0.41E-04    -0.000     0.008   196.275
   200.000   -72.179     0.001    -4.000     0.241     0.000    -0.019     0.000     0.000     0.000     0.000     0.000     0.000     0.000   308.597     0.000   0.67E-09    -0.000     0.000   183.557
   150.000   -73.721     0.001    -4.000     0.159     0.000    -0.011     0.000     0.000     0.000     0.000     0.000     0.000     0.000   323.350     0.000   0.00E+00     0.000     0.000   167.241
   100.000   -73.320     0.001    -4.000     0.105     0.000    -0.003     0.000     0.000     0.000     0.000     0.000     0.000     0.000   346.185     0.000   0.00E+00     0.000     0.000   144.448
    80.000   -71.279     0.001    -4.000     0.073     0.000     0.037     0.000     0.000     0.000     0.000     0.000     0.000     0.000   359.809     0.000   0.00E+00     0.000     0.000     0.000
    60.000   -64.422     0.001     0.000     0.032     0.000     0.175     0.000     0.000     0.000     0.000     0.000     0.000     0.000   380.401     0.000   0.00E+00     0.000     0.000     0.000
    40.000   -53.709     0.001     0.000     0.010     0.000     0.389     0.000     0.000     0.000     0.000     0.000     0.000     0.000   411.272     0.000   0.00E+00     0.000     0.000     0.000
    30.000   -44.310     0.001     0.000     0.004     0.000     0.577     0.000     0.000     0.000     0.000     0.000     0.000     0.000   435.907     0.000   0.00E+00     0.000     0.000     0.000
    25.000   -26.050     0.001     0.000     0.001     0.000     0.942     0.000     0.000     0.000     0.000     0.000     0.000     0.000   464.777     0.000   0.00E+00    -0.001     0.000     0.000
