  1000.000     3.026     3.000     0.000     0.673    -1.514    -1.201     2.734     0.000     0.000     0.000     0.000     0.000     0.000   306.285     0.000   0.00E+00    -1.091     0.353   276.133
   950.000    -1.070     2.841     0.001     0.848     1.154    -1.452     0.171     0.000    16.961     0.000   -14.069     0.000     0.000   306.289     0.000   0.00E+00    -2.154     0.388   272.124
   900.000    -4.851     2.019    -0.128     0.751     1.496    -1.550     0.000     0.000    16.961     0.000   -11.975     0.000     1.858   302.286     0.002   0.67E-01    -0.908     0.417   268.253
   850.000    -8.407     1.351     0.323     0.676     1.503    -1.559     0.000     0.000    15.777    -1.858    -9.181     2.231     1.854   300.408     0.033   0.24E+00    -0.239     0.452   265.212
   800.000   -12.067     0.849     0.504     0.580     1.578    -1.635     0.000     0.000    14.515    -1.853    -6.926     2.300     1.259   298.564     0.013   0.24E+00     0.277     0.483   261.867
   750.000   -15.839     0.444     0.476     0.463     1.559    -1.617     0.000     0.000    13.448    -1.183    -5.734     1.808     0.545   299.064     0.002   0.18E+00     0.586     0.507   258.174
   700.000   -19.821     0.232     0.326     0.367     1.482    -1.541     0.000     0.000    13.048    -0.438    -4.912     1.596     0.472   297.808     0.001   0.14E+00     0.681     0.519   254.087
   650.000   -24.289     0.128     0.159     0.304     1.369    -1.430     0.000     0.000    12.744    -0.361    -4.212     1.483     0.396   298.365     0.000   0.11E+00     0.661     0.521   249.561
   600.000   -29.199     0.064    -0.022     0.262     1.220    -1.283     0.000     0.000    12.566    -0.289    -3.450     1.427     0.415   299.181     0.000   0.86E-01     0.575     0.512   244.556
   550.000   -34.574     0.025    -0.167     0.231     0.946    -1.011     0.000     0.000    12.487    -0.321    -2.692     1.597     0.123   299.553     0.000   0.76E-01     0.459     0.495   239.035
   500.000   -40.607     0.019    -0.216     0.253     0.848    -0.915     0.000     0.000    13.086    -0.050    -1.878     1.994     0.061   299.821     0.001   0.53E-01     0.330     0.467   232.962
   450.000   -47.273     0.016    -0.203     0.339     0.852    -0.922     0.000     0.000    14.322     0.000    -1.103     2.724     0.251   299.908     0.022   0.13E+00     0.230     0.428   226.296
   400.000   -54.590     0.014    -0.192     0.485     0.765    -0.838     0.000     0.000    16.937     0.000    -0.589     4.525     0.826   300.427     0.086   0.13E+00     0.182     0.378   218.976
   350.000   -62.680     0.013    -0.166     0.764     0.739    -0.815    -0.000     0.000     6.348     0.000    -0.276     1.256    11.314   300.832     0.234   0.81E-01     0.126     0.318   210.903
   300.000   -71.267     0.004    -0.349     0.835     0.447    -0.526     0.000     0.000     2.088     0.000    -0.130     0.338     4.492   301.007     0.334   0.53E-01     0.099     0.213   201.911
   250.000   -74.949     0.003    -4.000     0.890     0.343    -0.415     0.000     0.000     1.102     0.000    -0.049     0.174     1.103   305.214     0.348   0.33E-01     0.051     0.131   191.555
   200.000   -73.571     0.001    -4.000     0.297     0.202    -0.257     0.000     0.000     0.532     0.000    -0.015     0.084     0.623   316.612     0.052   0.19E-01     0.020     0.095   178.937
   150.000   -74.126     0.001    -4.000     0.252     0.112    -0.149     0.000     0.000     0.178     0.000    -0.003     0.028     0.372   330.424     0.043   0.71E-02    -0.000     0.060   162.687
   100.000   -72.261     0.001    -4.000     0.140     0.009    -0.017     0.000     0.000     0.000     0.000    -0.000     0.000     0.178   353.387     0.020   0.66E-03    -0.000     0.025   139.851
    80.000   -68.787     0.001    -4.000     0.031     0.000     0.006     0.000     0.000     0.000     0.000     0.000     0.000     0.000   369.422     0.000   0.00E+00     0.000     0.000     0.000
    60.000   -61.038     0.001     0.000     0.009     0.000     0.017     0.000     0.000     0.000     0.000     0.000     0.000     0.000   394.282     0.000   0.00E+00     0.000     0.000     0.000
    40.000   -50.749     0.001     0.000     0.002     0.000     0.032     0.000     0.000     0.000     0.000     0.000     0.000     0.000   429.307     0.000   0.00E+00     0.000     0.000     0.000
    30.000   -42.482     0.001     0.000     0.001     0.000     0.044     0.000     0.000     0.000     0.000     0.000     0.000     0.000   454.824     0.000   0.00E+00     0.000     0.000     0.000
    25.000   -26.081     0.001     0.000     0.000     0.000     0.068     0.000     0.000     0.000     0.000     0.000     0.000     0.000   481.753     0.000   0.00E+00    -0.001     0.000     0.000
