     0.250     0.067     3.798    27.603    28.250    -5.734     4.040   265.454   283.398    55.759   966.174     0.125   223.745
     0.500     6.501     3.892    27.390    28.464    -5.256     3.787   265.451   284.601    58.608   961.147     0.375   221.220
     0.750     8.885     3.998    27.372    28.608    -4.476     3.480   265.388   286.311    61.055   957.683     0.625   218.707
     1.000     4.913     4.123    27.421    28.735    -4.269     3.653   265.372   286.053    63.323   952.335     0.875   216.156
     1.250     5.354     4.131    27.463    28.838    -4.205     3.621   265.351   287.682    65.226   947.771     1.125   213.947
     1.500     5.221     4.158    27.510    28.918    -4.159     3.630   265.339   287.264    66.874   943.602     1.375   211.925
     1.750     5.235     4.207    27.555    28.979    -4.137     3.599   265.322   288.776    68.064   940.366     1.625   210.785
     2.000     5.311     4.250    27.598    29.026    -4.122     3.564   265.314   289.523    68.992   937.840     1.875   209.970
     2.250     5.448     4.282    27.629    29.060    -4.107     3.505   265.303   290.064    69.732   935.823     2.125   209.294
     2.500     5.399     4.307    27.652    29.085    -4.128     3.491   265.291   290.640    70.323   934.206     2.375   208.739
     2.750     5.300     4.326    27.670    29.103    -4.151     3.456   265.282   291.143    70.840   932.622     2.625   208.217
     3.000     5.319     4.340    27.681    29.115    -4.163     3.428   265.272   291.666    71.249   931.383     2.875   207.789
     3.250     5.367     4.351    27.684    29.123    -4.170     3.419   265.262   292.139    71.627   930.173     3.125   207.377
     3.500     5.325     4.356    27.684    29.128    -4.186     3.417   265.252   292.705    71.897   929.394     3.375   207.055
     3.750     5.290     4.364    27.689    29.130    -4.205     3.368   265.243   293.139    72.152   928.490     3.625   206.733
     4.000     5.242     4.403    27.690    29.130    -4.220     3.349   265.230   293.693    72.219  1012.500     3.875   206.419
     4.250     5.223     4.374    27.684    29.128    -4.240     3.376   265.226   294.028    72.355   927.978     4.125   206.229
     4.500     5.327     4.377    27.680    29.124    -4.268     3.323   265.216   294.554    72.526   927.392     4.375   205.986
     4.750     5.184     4.380    27.675    29.118    -4.283     3.294   265.207   295.048    72.723   926.599     4.625   205.734
     5.000     5.231     4.382    27.665    29.111    -4.294     3.242   265.198   295.592    72.895   925.885     4.875   205.494
     5.250     5.497     4.470    27.652    29.102    -4.301     3.162   265.188   296.090    73.043   925.449     5.125   205.269
     5.500     5.315     4.385    27.637    29.091    -4.302     3.103   265.177   296.614    73.170   925.130     5.375   205.068
     5.750     5.215     4.385    27.624    29.079    -4.330     3.094   265.168   297.014    73.327   924.545     5.625   204.820
     6.000     5.240     4.421    27.610    29.066    -4.374     3.113   265.156   297.477    73.458   924.073     5.875   204.593
     6.250     5.215     4.387    27.590    29.051    -4.416     3.211   265.147   297.669    73.567   923.699     6.125   204.434
     6.500     5.314     4.422    27.568    29.034    -4.474     3.329   265.134   297.958    73.631   923.495     6.375   204.356
     6.750     5.247     4.384    27.544    29.015    -4.486     3.256   265.121   298.193    73.680   923.340     6.625   204.285
     7.000     5.155     4.382    27.526    28.996    -4.489     3.083   265.111   298.346    73.721   923.113     6.875   204.204
     7.250     5.051     4.380    27.507    28.976    -4.519     2.995   265.101   298.435    73.764   922.857     7.125   204.124
     7.500     5.066     4.379    27.485    28.956    -4.528     2.934   265.093   298.471    73.806   922.654     7.375   204.062
     7.750     5.080     4.446    27.466    28.935    -4.562     2.894   265.086   298.364    73.827   922.270     7.625   203.987
     8.000     4.930     4.468    27.457    28.914    -4.654     2.879   265.074   297.446    73.826   921.815     7.875   203.910
     8.250     4.854     4.469    27.434    28.892    -4.684     2.857   265.067   297.386    73.882   921.554     8.125   203.843
     8.500     4.953     4.466    27.403    28.869    -4.682     2.828   265.060   297.344    73.937   921.449     8.375   203.777
     8.750     4.718     4.370    27.371    28.846    -4.689     2.810   265.053   297.176    73.988   921.383     8.625   203.720
     9.000     4.907     4.404    27.348    28.823    -4.753     2.815   265.047   297.874    73.994   921.178     8.875   203.665
     9.250     4.865     4.364    27.321    28.798    -4.774     2.802   265.039   297.837    74.016   921.055     9.125   203.615
     9.500     4.898     4.361    27.297    28.774    -4.827     2.798   265.034   297.663    74.016   920.922     9.375   203.573
     9.750     4.947     4.359    27.271    28.749    -4.867     2.789   265.025   297.738    74.013   920.830     9.625   203.534
    10.000     5.031     4.405    27.244    28.724    -4.904     2.772   265.019   297.674    74.011   920.818     9.875   203.498
    10.250     4.905     4.389    27.218    28.699    -4.950     2.762   265.011   297.750    74.000   920.793    10.125   203.464
    10.500     4.918     4.347    27.190    28.673    -4.982     2.746   265.001   297.682    73.987   920.799    10.375   203.432
    10.750     4.986     4.383    27.164    28.648    -5.029     2.735   264.994   297.642    73.970   920.776    10.625   203.401
    11.000     4.933     4.341    27.135    28.622    -5.064     2.719   264.986   297.628    73.945   920.839    10.875   203.386
    11.250     4.949     4.337    27.108    28.596    -5.103     2.707   264.978   297.718    73.919   920.883    11.125   203.373
    11.500     4.955     4.368    27.082    28.571    -5.150     2.696   264.967   297.737    73.888   920.914    11.375   203.360
    11.750     4.926     4.329    27.053    28.544    -5.179     2.681   264.962   297.812    73.862   920.978    11.625   203.350
    12.000     4.936     4.324    27.026    28.518    -5.214     2.666   264.953   297.717    73.832   921.010    11.875   203.338
    12.250     4.976     4.388    27.000    28.492    -5.267     2.658   264.945   297.826    73.799   921.035    12.125   203.328
    12.500     4.834     4.314    26.972    28.466    -5.304     2.641   264.935   297.900    73.767   921.113    12.375   203.320
    12.750     4.935     4.310    26.943    28.440    -5.346     2.626   264.926   297.851    73.735   921.201    12.625   203.312
    13.000     4.958     4.345    26.917    28.414    -5.390     2.613   264.920   297.793    73.698   921.230    12.875   203.303
    13.250     4.857     4.302    26.889    28.388    -5.427     2.598   264.910   297.887    73.666   921.316    13.125   203.297
    13.500     4.996     4.300    26.859    28.361    -5.454     2.575   264.903   297.874    73.634   921.425    13.375   203.292
    13.750     4.892     4.295    26.832    28.335    -5.498     2.562   264.895   297.933    73.598   921.499    13.625   203.286
    14.000     4.871     4.291    26.805    28.308    -5.542     2.548   264.887   298.007    73.559   921.544    13.875   203.279
    14.250     4.934     4.322    26.777    28.282    -5.593     2.538   264.876   298.099    73.517   921.660    14.125   203.275
    14.500     4.905     4.282    26.748    28.256    -5.626     2.521   264.870   298.079    73.480   921.770    14.375   203.274
    14.750     4.898     4.316    26.722    28.229    -5.672     2.508   264.861   298.044    73.440   921.801    14.625   203.271
    15.000     4.924     4.311    26.694    28.203    -5.716     2.496   264.853   298.091    73.397   921.944    14.875   203.271
    15.250     4.844     4.316    26.666    28.176    -5.758     2.478   264.844   297.959    73.364   922.020    15.125   203.267
    15.500     4.844     4.266    26.638    28.149    -5.790     2.459   264.834   298.137    73.321   922.104    15.375   203.266
    15.750     4.950     4.327    26.609    28.122    -5.832     2.446   264.824   297.692    73.284   922.230    15.625   203.262
    16.000     4.787     4.258    26.580    28.095    -5.870     2.430   264.819   297.971    73.244   922.340    15.875   203.260
    16.250     4.829     4.253    26.553    28.068    -5.918     2.421   264.808   298.110    73.201   922.425    16.125   203.259
    16.500     4.834     4.248    26.524    28.042    -5.962     2.409   264.802   298.039    73.160   922.540    16.375   203.259
    16.750     4.889     4.280    26.496    28.014    -6.010     2.400   264.790   297.991    73.114   922.650    16.625   203.255
    17.000     4.881     4.278    26.467    27.987    -6.049     2.385   264.785   297.971    73.071   922.780    16.875   203.256
    17.250     4.774     4.237    26.438    27.960    -6.079     2.367   264.775   297.945    73.032   922.852    17.125   203.255
    17.500     4.887     4.233    26.407    27.932    -6.109     2.350   264.766   298.055    72.993   923.011    17.375   203.252
    17.750     4.788     4.281    26.382    27.906    -6.176     2.349   264.758   297.896    72.945   923.067    17.625   203.250
    18.000     4.817     4.223    26.352    27.878    -6.211     2.332   264.751   298.005    72.898   923.224    17.875   203.252
    18.250     4.861     4.296    26.324    27.851    -6.261     2.323   264.741   298.054    72.859   923.307    18.125   203.251
    18.500     4.724     4.213    26.293    27.823    -6.295     2.307   264.734   297.945    72.825   923.456    18.375   203.242
    18.750     4.865     4.210    26.262    27.795    -6.316     2.288   264.722   297.648    72.787   923.584    18.625   203.239
    19.000     4.703     4.204    26.237    27.768    -6.386     2.288   264.715   297.847    72.744   923.652    18.875   203.227
    19.250     4.786     4.236    26.209    27.741    -6.438     2.279   264.707   297.584    72.701   923.718    19.125   203.223
    19.500     4.801     4.242    26.181    27.714    -6.482     2.269   264.700   297.780    72.663   923.813    19.375   203.216
    19.750     4.724     4.191    26.150    27.686    -6.509     2.250   264.692   297.857    72.634   923.945    19.625   203.204
    20.000     4.779     4.186    26.121    27.659    -6.556     2.237   264.684   297.753    72.590   924.057    19.875   203.198
    20.250     4.747     4.182    26.092    27.631    -6.596     2.225   264.674   297.780    72.559   924.153    20.125   203.186
    20.500     4.752     4.179    26.063    27.604    -6.639     2.213   264.668   297.662    72.519   924.222    20.375   203.178
    20.750     4.757     4.211    26.036    27.577    -6.691     2.207   264.659   297.565    72.479   924.284    20.625   203.167
    21.000     4.708     4.170    26.007    27.549    -6.726     2.195   264.649   297.682    72.438   924.499    20.875   203.161
    21.250     4.777     4.230    25.979    27.522    -6.777     2.187   264.643   297.598    72.401   924.562    21.125   203.152
    21.500     4.686     4.197    25.951    27.494    -6.826     2.179   264.633   297.590    72.361   924.695    21.375   203.143
    21.750     4.682     4.157    25.920    27.467    -6.845     2.157   264.626   297.454    72.339   924.757    21.625   203.124
    22.000     4.805     4.199    25.892    27.439    -6.890     2.148   264.617   297.521    72.301   924.827    21.875   203.114
    22.250     4.612     4.148    25.864    27.412    -6.937     2.137   264.609   297.493    72.275   924.927    22.125   203.093
    22.500     4.717     4.144    25.834    27.385    -6.971     2.125   264.602   297.372    72.240   925.022    22.375   203.084
    22.750     4.688     4.140    25.805    27.357    -7.005     2.110   264.592   297.237    72.210   925.084    22.625   203.067
    23.000     4.672     4.171    25.780    27.330    -7.081     2.114   264.584   297.369    72.166   925.166    22.875   203.055
    23.250     4.725     4.176    25.751    27.303    -7.126     2.104   264.578   297.270    72.135   925.258    23.125   203.037
    23.500     4.609     4.127    25.721    27.275    -7.155     2.087   264.570   297.197    72.104   925.363    23.375   203.042
    23.750     4.654     4.123    25.693    27.248    -7.201     2.079   264.560   297.122    72.051   925.454    23.625   203.075
    24.000     4.707     4.119    25.664    27.221    -7.237     2.066   264.552   297.101    72.013   925.590    23.875   203.092
    24.250     4.593     4.114    25.637    27.194    -7.285     2.056   264.544   297.041    71.974   925.653    24.125   203.098
    24.500     4.807     4.165    25.606    27.166    -7.309     2.038   264.537   297.111    71.936   925.777    24.375   203.121
    24.750     4.507     4.105    25.578    27.139    -7.357     2.031   264.528   297.032    71.901   925.858    24.625   203.117
    25.000     4.612     4.101    25.551    27.112    -7.413     2.025   264.522   297.050    71.859   925.948    24.875   203.130
    25.250     4.643     4.097    25.522    27.085    -7.449     2.012   264.514   296.938    71.815   926.062    25.125   203.155
    25.500     4.713     4.138    25.494    27.058    -7.494     2.003   264.504   296.998    71.773   926.165    25.375   203.169
    25.750     4.621     4.125    25.467    27.031    -7.544     1.997   264.498   296.878    71.723   926.249    25.625   203.177
    26.000     4.566     4.121    25.440    27.004    -7.585     1.986   264.491   296.927    71.683   926.328    25.875   203.197
    26.250     4.614     4.081    25.410    26.976    -7.623     1.971   264.481   296.917    71.648   926.493    26.125   203.212
    26.500     4.696     4.149    25.382    26.949    -7.669     1.965   264.471   296.868    71.608   926.560    26.375   203.210
    26.750     4.487     4.071    25.354    26.922    -7.705     1.951   264.465   296.873    71.569   926.665    26.625   203.231
    27.000     4.607     4.069    25.326    26.895    -7.754     1.944   264.459   296.812    71.523   926.777    26.875   203.252
    27.250     4.668     4.109    25.297    26.868    -7.795     1.934   264.450   296.819    71.481   926.900    27.125   203.278
    27.500     4.519     4.095    25.270    26.841    -7.845     1.925   264.441   296.854    71.425   927.071    27.375   203.303
    27.750     4.637     4.108    25.242    26.814    -7.890     1.916   264.434   296.886    71.381   927.161    27.625   203.319
    28.000     4.546     4.088    25.214    26.787    -7.930     1.903   264.427   296.741    71.345   927.254    27.875   203.327
    28.250     4.548     4.047    25.185    26.760    -7.967     1.891   264.417   296.879    71.301   927.378    28.125   203.348
    28.500     4.593     4.042    25.156    26.733    -8.011     1.879   264.410   296.781    71.253   927.516    28.375   203.369
    28.750     4.563     4.040    25.128    26.705    -8.051     1.867   264.403   296.782    71.214   927.611    28.625   203.390
    29.000     4.534     4.034    25.100    26.679    -8.098     1.859   264.395   296.754    71.169   927.702    28.875   203.404
    29.250     4.609     4.074    25.072    26.652    -8.142     1.849   264.385   296.819    71.127   927.796    29.125   203.422
    29.500     4.554     4.069    25.044    26.624    -8.183     1.839   264.377   296.818    71.090   927.899    29.375   203.425
    29.750     4.544     4.058    25.016    26.597    -8.229     1.829   264.368   296.787    71.024   928.106    29.625   203.473
    30.000     4.553     4.062    24.989    26.570    -8.271     1.820   264.361   296.781    70.982   928.182    29.875   203.486
    30.250     4.528     4.058    24.960    26.543    -8.316     1.811   264.355   296.681    70.940   928.273    30.125   203.501
    30.500     4.507     4.010    24.932    26.516    -8.354     1.798   264.345   296.727    70.900   928.374    30.375   203.507
    30.750     4.644     4.079    24.904    26.488    -8.395     1.787   264.336   296.690    70.846   928.542    30.625   203.535
    31.000     4.407     4.003    24.875    26.461    -8.440     1.776   264.331   296.616    70.810   928.638    30.875   203.552
    31.250     4.518     4.034    24.847    26.434    -8.487     1.769   264.320   296.613    70.772   928.687    31.125   203.562
    31.500     4.473     3.996    24.819    26.407    -8.528     1.755   264.313   296.628    70.726   928.760    31.375   203.582
    31.750     4.521     3.992    24.790    26.379    -8.570     1.748   264.307   296.515    70.684   928.859    31.625   203.606
    32.000     4.138     4.029    24.768    26.352    -8.640     1.748   264.303   296.320    70.666   928.832    31.875   203.658
    32.250     4.240     4.051    24.735    26.321    -8.673     1.732   264.298   296.238    70.648   928.882    32.125   203.710
    32.500     4.242     4.068    24.704    26.291    -8.751     1.786   264.295   296.306    70.590   928.947    32.375   203.746
    32.750     4.362     4.022    24.666    26.259    -8.765     1.773   264.290   296.315    70.530   929.084    32.625   203.778
    33.000     4.385     3.980    24.632    26.228    -8.797     1.782   264.283   296.376    70.481  1012.500    32.875   203.782
    33.250     4.498     4.015    24.600    26.199    -8.850     1.799   264.275   296.237    70.396  1012.500    33.125   203.830
    33.500     4.519     4.000    24.568    26.170    -8.881     1.775   264.269   296.331    70.505   928.784    33.375   203.868
    33.750     4.488     3.995    24.540    26.141    -8.918     1.767   264.258   296.414    70.433   928.908    33.625   203.899
    34.000     4.518     4.016    24.510    26.114    -8.959     1.747   264.251   296.350    70.362   929.119    33.875   203.943
    34.250     4.476     3.992    24.483    26.086    -9.008     1.742   264.243   296.402    70.299   929.246    34.125   203.968
    34.500     4.490     4.006    24.454    26.059    -9.041     1.702   264.235   296.318    70.236   929.427    34.375   204.009
    34.750     4.437     4.003    24.426    26.031    -9.091     1.714   264.227   296.285    70.180   929.549    34.625   204.040
    35.000     4.440     3.937    24.396    26.004    -9.120     1.691   264.219   296.267    70.109   929.822    34.875   204.082
    35.250     4.477     3.995    24.370    25.976    -9.183     1.692   264.211   296.330    70.051   929.925    35.125   204.115
    35.500     4.420     3.930    24.339    25.948    -9.231     1.719   264.203   296.298    69.996   930.063    35.375   204.145
    35.750     4.474     3.988    24.313    25.921    -9.287     1.693   264.194   296.318    69.934   930.185    35.625   204.176
    36.000     4.420     3.956    24.283    25.893    -9.319     1.657   264.186   296.292    69.881   930.302    35.875   204.196
    36.250     4.359     3.918    24.254    25.865    -9.369     1.668   264.180   296.269    69.823   930.448    36.125   204.234
    36.500     4.442     3.947    24.226    25.838    -9.411     1.646   264.171   296.313    69.764   930.567    36.375   204.259
    36.750     4.486     3.972    24.198    25.810    -9.465     1.642   264.162   296.299    69.703   930.698    36.625   204.285
    37.000     4.425     3.977    24.169    25.782    -9.518     1.650   264.155   296.251    69.646   930.827    36.875   204.312
    37.250     4.379     3.964    24.140    25.754    -9.565     1.639   264.146   296.181    69.590   930.943    37.125   204.335
    37.500     4.397     3.960    24.111    25.726    -9.611     1.637   264.138   296.182    69.533   931.068    37.375   204.360
    37.750     4.418     3.964    24.082    25.698    -9.655     1.620   264.130   296.181    69.473   931.197    37.625   204.385
    38.000     4.388     3.924    24.052    25.669    -9.683     1.578   264.122   296.198    69.413   931.337    37.875   204.407
    38.250     4.366     3.920    24.022    25.641    -9.733     1.580   264.115   296.168    69.347   931.578    38.125   204.442
    38.500     4.375     3.959    24.001    25.613    -9.799     1.605   264.106   295.321    69.285   931.442    38.375   204.436
    38.750     4.388     3.949    23.970    25.585    -9.842     1.615   264.098   295.600    69.219   931.750    38.625   204.473
    39.000     4.320     3.951    23.945    25.557    -9.889     1.595   264.090   295.509    69.155   931.801    38.875   204.489
    39.250     4.389     3.946    23.914    25.529    -9.930     1.598   264.082   295.552    69.094   931.974    39.125   204.510
    39.500     4.333     3.942    23.888    25.501    -9.985     1.616   264.074   295.535    69.035   932.076    39.375   204.528
    39.750     4.408     3.937    23.856    25.473   -10.009     1.555   264.066   295.403    68.977   932.271    39.625   204.549
    40.000     4.361     3.932    23.827    25.446   -10.054     1.550   264.059   295.456    68.921   932.407    39.875   204.566
    40.250     4.320     3.929    23.801    25.418   -10.100     1.547   264.051   295.397    68.863   932.500    40.125   204.584
    40.500     4.348     3.925    23.771    25.390   -10.142     1.537   264.043   295.309    68.810   932.658    40.375   204.602
    40.750     4.329     3.921    23.743    25.363   -10.198     1.555   264.034   295.451    68.754   932.761    40.625   204.615
    41.000     4.334     3.917    23.715    25.335   -10.244     1.553   264.026   295.465    68.686   932.987    40.875   204.640
    41.250     4.317     3.913    23.687    25.308   -10.291     1.553   264.017   295.887    68.629   933.114    41.125   204.656
    41.500     4.310     3.908    23.662    25.280   -10.348     1.496   264.009   296.139    68.558   933.207    41.375   204.664
    41.750     4.309     3.905    23.630    25.252   -10.374     1.516   264.002   295.224    68.518   933.348    41.625   204.682
    42.000     4.276     3.901    23.607    25.225   -10.438     1.486   263.994   295.345    68.446   933.426    41.875   204.692
    42.250     4.390     3.896    23.571    25.197   -10.459     1.493   263.985   295.408    68.405   933.662    42.125   204.712
    42.500     4.300     3.887    23.541    25.169   -10.494     1.457   263.978   295.208    68.356   933.859    42.375   204.728
    42.750     4.289     3.887    23.512    25.141   -10.534     1.437   263.970   295.118    68.297   933.959    42.625   204.737
    43.000     4.271     3.883    23.486    25.114   -10.596     1.453   263.961   295.683    68.240   934.037    42.875   204.741
    43.250     4.258     3.880    23.462    25.086   -10.675     1.474   263.954   295.094    68.173   934.091    43.125   204.749
    43.500     4.317     3.871    23.426    25.058   -10.687     1.443   263.946   295.013    68.141   934.360    43.375   204.770
    43.750     4.226     3.872    23.401    25.030   -10.744     1.434   263.938   295.043    68.079   934.376    43.625   204.772
    44.000     4.272     3.869    23.376    25.002   -10.813     1.448   263.930   295.042    68.016   934.465    43.875   204.776
    44.250     4.297     3.864    23.342    24.974   -10.834     1.427   263.921   295.446    67.973   934.664    44.125   204.796
    44.500     4.295     3.858    23.312    24.946   -10.866     1.394   263.913   295.821    67.918   934.830    44.375   204.803
    44.750     4.262     3.848    23.283    24.919   -10.900     1.370   263.906   294.771    67.868   934.990    44.625   204.809
    45.000     4.227     3.851    23.256    24.891   -10.961     1.415   263.898   295.045    67.819   935.040    44.875   204.815
    45.250     4.223     3.848    23.228    24.863   -10.999     1.374   263.891   294.875    67.767   935.152    45.125   204.824
    45.500     4.249     3.842    23.198    24.836   -11.046     1.378   263.882   294.899    67.712   935.323    45.375   204.833
    45.750     4.251     3.839    23.174    24.808   -11.115     1.380   263.873   295.416    67.647   935.354    45.625   204.824
    46.000     4.313     3.827    23.137    24.780   -11.125     1.345   263.866   295.707    67.611   935.640    45.875   204.841
    46.250     4.233     3.824    23.110    24.753   -11.168     1.336   263.857   294.845    67.561   935.719    46.125   204.841
    46.500     4.174     3.824    23.085    24.725   -11.220     1.330   263.849   294.777    67.504   935.776    46.375   204.848
    46.750     4.197     3.822    23.063    24.698   -11.291     1.340   263.840   294.983    67.441   935.781    46.625   204.843
    47.000     4.285     3.818    23.028    24.670   -11.300     1.304   263.833   294.622    67.404   935.998    46.875   204.848
    47.250     4.204     3.812    22.997    24.642   -11.330     1.281   263.824   295.608    67.358   936.252    47.125   204.862
    47.500     4.088     3.814    22.974    24.615   -11.395     1.284   263.817   294.473    67.309   936.203    47.375   204.853
    47.750     4.224     3.810    22.943    24.586   -11.435     1.305   263.809   295.410    67.270   936.350    47.625   204.851
    48.000     4.162     3.806    22.915    24.558   -11.479     1.288   263.803   294.296    67.218   936.444    47.875   204.852
    48.250     4.150     3.801    22.892    24.530   -11.556     1.283   263.793   295.336    67.150   936.493    48.125   204.851
    48.500     4.220     3.789    22.857    24.502   -11.568     1.265   263.786   295.351    67.112   936.707    48.375   204.856
    48.750     4.086     3.796    22.833    24.474   -11.620     1.261   263.779   294.153    67.063   936.696    48.625   204.855
    49.000     4.143     3.792    22.804    24.445   -11.688     1.307   263.771   294.727    67.017   936.801    48.875   204.854
    49.250     4.234     3.786    22.769    24.417   -11.713     1.283   263.764   295.072    66.978   936.999    49.125   204.855
    49.500     4.113     3.783    22.742    24.389   -11.760     1.255   263.756   294.147    66.926   937.113    49.375   204.860
    49.750     4.186     3.779    22.714    24.361   -11.801     1.233   263.749   294.145    66.878   937.246    49.625   204.862
    50.000     4.099     3.769    22.685    24.333   -11.821     1.182   263.741   294.210    66.832   937.306    49.875   204.853
    50.250     4.103     3.773    22.657    24.305   -11.872     1.208   263.734   294.025    66.794   937.392    50.125   204.856
    50.500     4.112     3.769    22.631    24.276   -11.956     1.243   263.726   294.214    66.734   937.442    50.375   204.843
    50.750     4.143     3.758    22.595    24.249   -11.976     1.199   263.717   294.786    66.701   937.718    50.625   204.857
    51.000     4.174     3.760    22.570    24.220   -12.028     1.198   263.711   293.778    66.646   937.736    50.875   204.846
    51.250     4.075     3.750    22.542    24.193   -12.057     1.163   263.703   293.851    66.599   937.797    51.125   204.841
    51.500     4.113     3.750    22.510    24.164   -12.089     1.168   263.697   293.506    66.571   937.968    51.375   204.841
    51.750     4.050     3.750    22.485    24.136   -12.163     1.210   263.690   293.570    66.515   937.970    51.625   204.839
    52.000     4.165     3.744    22.453    24.108   -12.200     1.180   263.682   293.708    66.465   938.198    51.875   204.844
    52.250     4.126     3.732    22.426    24.081   -12.251     1.173   263.673   293.755    66.407   938.281    52.125   204.839
    52.500     4.101     3.725    22.396    24.053   -12.265     1.124   263.665   293.605    66.380   938.388    52.375   204.826
    52.750     4.063     3.723    22.366    24.025   -12.325     1.145   263.658   294.555    66.348   938.528    52.625   204.831
    53.000     4.170     3.724    22.334    23.997   -12.382     1.157   263.650   294.579    66.300   938.680    52.875   204.827
    53.250     4.056     3.725    22.313    23.970   -12.459     1.155   263.641   293.341    66.243   938.603    53.125   204.808
    53.500     4.070     3.714    22.286    23.942   -12.470     1.086   263.633   293.969    66.204   938.681    53.375   204.796
    53.750     4.018     3.713    22.258    23.915   -12.480     1.052   263.627   293.324    66.175   938.723    53.625   204.784
    54.000     4.009     3.717    22.233    23.887   -12.561     1.131   263.620   293.103    66.135   938.735    53.875   204.775
    54.250     4.144     3.711    22.198    23.858   -12.596     1.122   263.612   294.253    66.101   938.941    54.125   204.770
    54.500     4.054     3.709    22.175    23.831   -12.673     1.135   263.604   293.219    66.043   938.978    54.375   204.762
    54.750     4.046     3.697    22.145    23.804   -12.685     1.080   263.596   293.138    66.005   939.106    54.625   204.761
    55.000     4.012     3.694    22.116    23.776   -12.705     1.043   263.589   293.392    65.971   939.175    54.875   204.753
    55.250     3.930     3.650    22.082    23.748   -12.685     0.991   263.584   293.848    65.966   939.367    55.125   204.748
    55.500     3.882     3.694    22.050    23.718   -12.712     1.039   263.578   293.414    65.981   939.384    55.375   204.739
    55.750     3.798     3.686    22.018    23.687   -12.797     1.133   263.575   293.244    65.962   939.397    55.625   204.726
    56.000     3.890     3.658    21.986    23.656   -12.819     1.050   263.571   293.017    65.903   939.473    55.875   204.714
    56.250     4.092     3.686    21.956    23.626   -12.819     0.980   263.564   292.993    65.828   939.595    56.125   204.704
    56.500     3.910     3.683    21.929    23.597   -12.848     0.991   263.558   291.779    65.784   939.613    56.375   204.687
    56.750     3.957     3.680    21.901    23.568   -12.911     1.103   263.550   291.811    65.750   939.657    56.625   204.671
    57.000     3.961     3.677    21.872    23.539   -12.982     1.136   263.544   291.987    65.711   939.760    56.875   204.664
    57.250     3.990     3.672    21.844    23.510   -13.079     1.178   263.537   293.145    65.666   939.859    57.125   204.653
    57.500     3.959     3.668    21.817    23.482   -13.167     1.206   263.531   292.032    65.622   939.923    57.375   204.640
    57.750     4.010     3.652    21.786    23.454   -13.199     1.078   263.524   292.197    65.571   940.069    57.625   204.625
    58.000     4.043     3.651    21.758    23.428   -13.202     0.977   263.517   291.781    65.511   940.187    57.875   204.613
    58.250     4.034     3.649    21.730    23.401   -13.206     0.967   263.505   292.447    65.488   940.231    58.125   204.598
    58.500     3.980     3.647    21.699    23.374   -13.246     1.053   263.500   291.661    65.480   940.341    58.375   204.583
    58.750     3.856     3.648    21.678    23.347   -13.351     1.143   263.495   291.777    65.441   940.288    58.625   204.570
    59.000     3.928     3.636    21.648    23.320   -13.426     1.119   263.487   293.216    65.421   940.433    58.875   204.566
    59.250     3.994     3.630    21.619    23.293   -13.446     1.010   263.481   291.897    65.372   940.509    59.125   204.550
    59.500     4.029     3.629    21.592    23.268   -13.443     0.923   263.473   292.745    65.314   940.623    59.375   204.539
    59.750     4.002     3.628    21.566    23.243   -13.447     0.913   263.465   291.533    65.292   940.643    59.625   204.526
    60.000     3.922     3.628    21.537    23.217   -13.488     0.974   263.455   291.593    65.286   940.704    59.875   204.517
    60.250     3.910     3.590    21.508    23.190   -13.555     1.026   263.450   292.568    65.271   940.828    60.125   204.510
    60.500     3.963     3.613    21.482    23.162   -13.638     1.019   263.442   292.493    65.226   940.888    60.375   204.503
    60.750     4.024     3.605    21.455    23.136   -13.664     0.923   263.435   291.569    65.169   941.020    60.625   204.488
    61.000     4.038     3.608    21.429    23.111   -13.665     0.850   263.426   292.438    65.116   941.111    60.875   204.478
    61.250     3.911     3.609    21.405    23.085   -13.692     0.876   263.417   292.410    65.102   941.098    61.125   204.462
    61.500     3.834     3.611    21.380    23.059   -13.747     0.958   263.410   291.162    65.094   941.071    61.375   204.448
    61.750     3.819     3.566    21.349    23.031   -13.822     1.012   263.404   292.269    65.090   941.208    61.625   204.437
    62.000     3.940     3.568    21.321    23.003   -13.873     0.955   263.397   292.114    65.042   941.319    61.875   204.425
    62.250     4.001     3.585    21.293    22.977   -13.897     0.882   263.390   292.135    64.983   941.465    62.125   204.414
    62.500     4.023     3.552    21.263    22.951   -13.892     0.823   263.382   292.121    64.939   941.621    62.375   204.405
    62.750     3.936     3.551    21.236    22.925   -13.932     0.868   263.373   292.053    64.920   941.646    62.625   204.398
    63.000     3.905     3.587    21.213    22.899   -14.038     0.982   263.365   290.956    64.895   941.623    62.875   204.386
    63.250     3.821     3.579    21.190    22.872   -14.128     0.978   263.357   291.337    64.865   941.621    63.125   204.371
    63.500     3.907     3.565    21.161    22.845   -14.155     0.880   263.352   292.015    64.834   941.794    63.375   204.356
    63.750     3.934     3.548    21.132    22.820   -14.158     0.809   263.345   292.005    64.786   941.948    63.625   204.345
    64.000     3.967     3.532    21.103    22.794   -14.141     0.759   263.335   291.894    64.750   942.081    63.875   204.338
    64.250     3.892     3.533    21.076    22.768   -14.168     0.796   263.327   291.780    64.742   942.101    64.125   204.327
    64.500     3.900     3.563    21.049    22.741   -14.254     0.909   263.318   291.723    64.731   942.111    64.375   204.316
    64.750     3.805     3.542    21.025    22.714   -14.337     0.883   263.313   291.713    64.694   942.170    64.625   204.302
    65.000     3.893     3.551    20.999    22.687   -14.371     0.811   263.304   291.644    64.645   942.264    64.875   204.290
    65.250     3.911     3.545    20.973    22.662   -14.389     0.754   263.297   291.673    64.597   942.394    65.125   204.274
    65.500     3.964     3.544    20.943    22.636   -14.381     0.737   263.288   291.545    64.580   942.497    65.375   204.262
    65.750     3.823     3.515    20.915    22.609   -14.425     0.814   263.280   291.495    64.572   942.503    65.625   204.247
    66.000     3.790     3.507    20.890    22.582   -14.532     0.911   263.275   291.511    64.551   942.512    65.875   204.239
    66.250     3.821     3.513    20.867    22.555   -14.612     0.860   263.269   290.530    64.506   942.582    66.125   204.226
    66.500     3.901     3.534    20.840    22.528   -14.638     0.783   263.259   291.253    64.457   942.681    66.375   204.214
    66.750     3.883     3.527    20.813    22.502   -14.651     0.724   263.253   291.222    64.411   942.792    66.625   204.197
    67.000     3.911     3.496    20.781    22.477   -14.639     0.698   263.243   291.356    64.402   942.929    66.875   204.181
    67.250     3.838     3.526    20.755    22.450   -14.685     0.788   263.234   291.273    64.398   942.909    67.125   204.166
    67.500     3.769     3.526    20.732    22.422   -14.784     0.858   263.229   291.123    64.363   942.895    67.375   204.157
    67.750     3.757     3.521    20.709    22.396   -14.846     0.806   263.223   291.180    64.319   942.958    67.625   204.146
    68.000     3.852     3.513    20.679    22.369   -14.879     0.749   263.217   291.266    64.281   943.131    67.875   204.135
    68.250     3.871     3.507    20.652    22.344   -14.893     0.699   263.210   290.307    64.234   943.233    68.125   204.126
    68.500     3.910     3.512    20.623    22.319   -14.898     0.669   263.202   290.055    64.209   943.333    68.375   204.113
    68.750     3.771     3.515    20.600    22.292   -14.952     0.760   263.191   290.912    64.196   943.265    68.625   204.101
    69.000     3.711     3.506    20.571    22.265   -15.036     0.837   263.184   290.965    64.188   943.349    68.875   204.090
    69.250     3.755     3.476    20.545    22.237   -15.102     0.791   263.180   291.004    64.147   943.442    69.125   204.083
    69.500     3.865     3.496    20.518    22.211   -15.142     0.734   263.173   290.123    64.092   943.552    69.375   204.078
    69.750     3.864     3.489    20.490    22.185   -15.170     0.683   263.164   290.949    64.043   943.700    69.625   204.070
    70.000     3.828     3.484    20.464    22.160   -15.188     0.640   263.158   290.057    64.001   943.801    69.875   204.059
    70.250     3.868     3.454    20.434    22.135   -15.183     0.614   263.148   291.001    63.985   943.952    70.125   204.051
    70.500     3.794     3.455    20.406    22.108   -15.220     0.683   263.139   290.833    63.980   943.971    70.375   204.048
    70.750     3.681     3.447    20.384    22.081   -15.309     0.727   263.134   290.774    63.944   944.003    70.625   204.042
    71.000     3.789     3.471    20.358    22.054   -15.367     0.692   263.126   290.747    63.906   944.109    70.875   204.032
    71.250     3.816     3.474    20.333    22.028   -15.408     0.652   263.118   290.696    63.851   944.170    71.125   204.022
    71.500     3.803     3.460    20.303    22.002   -15.435     0.617   263.111   290.700    63.818   944.348    71.375   204.011
    71.750     3.801     3.465    20.279    21.977   -15.453     0.589   263.102   290.718    63.775   944.402    71.625   204.000
    72.000     3.818     3.435    20.248    21.950   -15.460     0.590   263.094   290.632    63.771   944.545    71.875   203.988
    72.250     3.759     3.428    20.220    21.923   -15.513     0.676   263.086   290.508    63.757   944.587    72.125   203.986
    72.500     3.678     3.463    20.199    21.896   -15.606     0.702   263.081   289.530    63.713   944.605    72.375   203.977
    72.750     3.711     3.451    20.172    21.869   -15.660     0.674   263.075   290.563    63.680   944.709    72.625   203.966
    73.000     3.784     3.453    20.145    21.842   -15.708     0.645   263.067   289.847    63.630   944.794    72.875   203.954
    73.250     3.778     3.440    20.116    21.816   -15.743     0.612   263.059   290.611    63.596   944.937    73.125   203.946
    73.500     3.772     3.418    20.088    21.790   -15.767     0.583   263.051   290.566    63.556   945.051    73.375   203.942
    73.750     3.797     3.440    20.063    21.765   -15.795     0.558   263.042   290.584    63.517   945.121    73.625   203.933
    74.000     3.746     3.438    20.038    21.739   -15.820     0.540   263.034   290.572    63.489   945.201    73.875   203.920
    74.250     3.739     3.409    20.010    21.713   -15.842     0.532   263.026   290.380    63.469   945.325    74.125   203.907
    74.500     3.773     3.438    19.983    21.687   -15.878     0.563   263.019   290.292    63.460   945.361    74.375   203.902
    74.750     3.590     3.439    19.962    21.659   -15.966     0.617   263.012   289.400    63.426   945.337    74.625   203.890
    75.000     3.680     3.397    19.932    21.631   -16.019     0.614   263.006   290.129    63.404   945.488    74.875   203.880
    75.250     3.758     3.429    19.905    21.604   -16.075     0.604   262.998   290.263    63.353   945.546    75.125   203.872
    75.500     3.714     3.398    19.876    21.577   -16.126     0.592   262.990   290.320    63.318   945.694    75.375   203.862
    75.750     3.746     3.393    19.847    21.551   -16.171     0.569   262.983   290.197    63.276   945.807    75.625   203.858
    76.000     3.747     3.414    19.821    21.525   -16.217     0.545   262.975   290.275    63.234   945.875    75.875   203.849
    76.250     3.693     3.413    19.795    21.499   -16.248     0.526   262.967   290.224    63.209   945.952    76.125   203.839
    76.500     3.681     3.411    19.769    21.472   -16.275     0.517   262.960   290.222    63.174   946.025    76.375   203.830
    76.750     3.699     3.401    19.740    21.446   -16.302     0.514   262.954   290.140    63.150   946.180    76.625   203.824
    77.000     3.695     3.399    19.712    21.419   -16.339     0.512   262.945   290.163    63.121   946.271    76.875   203.818
    77.250     3.668     3.396    19.685    21.393   -16.381     0.512   262.939   290.094    63.091   946.349    77.125   203.814
    77.500     3.713     3.393    19.658    21.366   -16.430     0.511   262.932   290.006    63.051   946.447    77.375   203.811
    77.750     3.672     3.360    19.630    21.339   -16.477     0.511   262.924   290.027    63.019   946.543    77.625   203.807
    78.000     3.671     3.394    19.607    21.312   -16.530     0.503   262.917   289.749    62.967   946.700    77.875   203.801
    78.250     3.612     3.393    19.580    21.285   -16.576     0.480   262.911   290.258    62.939   946.853    78.125   203.793
    78.500     3.635     3.388    19.553    21.259   -16.592     0.458   262.906   290.191    62.896   946.985    78.375   203.786
    78.750     3.845     3.389    19.519    21.232   -16.574     0.443   262.893   289.341    62.861   947.181    78.625   203.780
    79.000     3.637     3.378    19.494    21.205   -16.606     0.466   262.887   290.249    62.834   947.298    78.875   203.773
    79.250     3.671     3.380    19.471    21.178   -16.661     0.484   262.879   290.200    62.811   947.347    79.125   203.766
    79.500     3.586     3.350    19.445    21.150   -16.730     0.497   262.871   290.239    62.801   947.380    79.375   203.757
    79.750     3.572     3.390    19.422    21.121   -16.827     0.538   262.865   289.178    62.773   947.302    79.625   203.748
    80.000     3.523     3.392    19.396    21.091   -16.933     0.594   262.859   289.111    62.756   947.291    79.875   203.738
    80.250     3.562     3.380    19.364    21.061   -17.026     0.613   262.851   289.246    62.726   947.416    80.125   203.727
    80.500     3.649     3.371    19.332    21.031   -17.101     0.571   262.849   289.572    62.678   947.617    80.375   203.716
    80.750     3.665     3.362    19.301    21.004   -17.158     0.524   262.842   289.870    62.615   947.797    80.625   203.704
    81.000     3.750     3.361    19.270    20.977   -17.181     0.479   262.831   289.830    62.560   947.969    80.875   203.693
    81.250     3.724     3.359    19.241    20.951   -17.167     0.448   262.824   289.088    62.523   948.130    81.125   203.679
    81.500     3.630     3.360    19.218    20.925   -17.170     0.456   262.815   289.729    62.502   948.170    81.375   203.666
    81.750     3.511     3.353    19.195    20.898   -17.204     0.466   262.809   289.765    62.490   948.220    81.625   203.652
    82.000     3.585     3.337    19.167    20.871   -17.260     0.454   262.802   289.737    62.455   948.331    81.875   203.637
    82.250     3.681     3.348    19.139    20.845   -17.312     0.432   262.795   289.566    62.409   948.448    82.125   203.623
    82.500     3.770     3.337    19.105    20.819   -17.310     0.415   262.786   289.423    62.393   948.584    82.375   203.607
    82.750     3.552     3.345    19.086    20.793   -17.348     0.428   262.778   289.328    62.366   948.526    82.625   203.592
    83.000     3.484     3.332    19.062    20.767   -17.398     0.447   262.773   289.166    62.364   948.546    82.875   203.577
    83.250     3.529     3.335    19.038    20.740   -17.455     0.445   262.766   288.814    62.322   948.577    83.125   203.563
    83.500     3.650     3.335    19.010    20.714   -17.508     0.428   262.759   289.366    62.278   948.708    83.375   203.550
    83.750     3.691     3.332    18.984    20.688   -17.557     0.425   262.750   288.487    62.235   948.752    83.625   203.536
    84.000     3.597     3.317    18.954    20.662   -17.587     0.427   262.743   289.192    62.244   948.875    83.875   203.520
    84.250     3.526     3.321    18.931    20.636   -17.635     0.423   262.735   289.323    62.204   948.878    84.125   203.505
    84.500     3.597     3.315    18.903    20.610   -17.690     0.409   262.729   288.878    62.171   949.000    84.375   203.491
    84.750     3.680     3.318    18.875    20.585   -17.729     0.390   262.720   288.390    62.130   949.072    84.625   203.479
    85.000     3.640     3.312    18.846    20.559   -17.751     0.396   262.712   289.292    62.132   949.183    84.875   203.462
    85.250     3.435     3.313    18.827    20.533   -17.802     0.403   262.706   288.369    62.105   949.157    85.125   203.448
    85.500     3.550     3.307    18.799    20.506   -17.838     0.396   262.699   288.775    62.069   949.263    85.375   203.451
    85.750     3.676     3.308    18.770    20.481   -17.889     0.380   262.690   288.898    62.003   949.428    85.625   203.516
    86.000     3.625     3.308    18.743    20.455   -17.924     0.383   262.678   289.101    61.961   949.537    85.875   203.586
    86.250     3.456     3.302    18.720    20.428   -17.972     0.395   262.674   288.953    61.926   949.594    86.125   203.654
    86.500     3.563     3.297    18.692    20.402   -18.028     0.388   262.667   288.544    61.867   949.766    86.375   203.727
    86.750     3.583     3.291    18.665    20.376   -18.090     0.373   262.659   288.690    61.801   949.937    86.625   203.791
    87.000     3.639     3.294    18.637    20.351   -18.130     0.355   262.652   288.177    61.736   950.070    86.875   203.847
    87.250     3.573     3.231    18.606    20.324   -18.136     0.357   262.643   288.812    61.711   950.267    87.125   203.940
    87.500     3.467     3.260    18.584    20.297   -18.175     0.366   262.635   288.970    61.670   950.314    87.375   203.981
    87.750     3.506     3.275    18.558    20.271   -18.218     0.368   262.629   288.919    61.613   950.430    87.625   204.031
    88.000     3.603     3.268    18.529    20.244   -18.270     0.359   262.622   288.984    61.545   950.615    87.875   204.093
    88.250     3.675     3.282    18.505    20.218   -18.327     0.355   262.610   288.096    61.483   950.662    88.125   204.117
    88.500     3.462     3.275    18.478    20.192   -18.371     0.360   262.605   288.135    61.461   950.795    88.375   204.187
    88.750     3.474     3.255    18.452    20.166   -18.419     0.356   262.598   288.855    61.409   950.927    88.625   204.238
    89.000     3.569     3.258    18.423    20.139   -18.477     0.344   262.590   289.090    61.349   951.090    88.875   204.291
    89.250     3.649     3.270    18.394    20.113   -18.507     0.328   262.581   288.027    61.295   951.196    89.125   204.337
    89.500     3.432     3.240    18.370    20.086   -18.546     0.338   262.573   288.742    61.270   951.274    89.375   204.381
    89.750     3.476     3.254    18.344    20.060   -18.585     0.339   262.567   288.680    61.219   951.370    89.625   204.427
    90.000     3.547     3.249    18.316    20.033   -18.637     0.330   262.559   288.839    61.156   951.537    89.875   204.478
    90.250     3.569     3.260    18.290    20.007   -18.695     0.317   262.551   289.118    61.093   951.656    90.125   204.509
    90.500     3.584     3.265    18.265    19.980   -18.740     0.315   262.538   288.879    61.048   951.691    90.375   204.539
    90.750     3.432     3.254    18.237    19.953   -18.755     0.321   262.533   288.707    61.024   951.791    90.625   204.580
    91.000     3.472     3.247    18.209    19.926   -18.801     0.324   262.527   288.518    60.975   951.927    90.875   204.623
    91.250     3.507     3.244    18.183    19.900   -18.863     0.318   262.519   288.224    60.912   952.037    91.125   204.652
    91.500     3.533     3.222    18.153    19.873   -18.919     0.307   262.511   288.745    60.857   952.242    91.375   204.707
    91.750     3.586     3.221    18.123    19.847   -18.944     0.296   262.501   288.713    60.814   952.340    91.625   204.741
    92.000     3.405     3.233    18.098    19.819   -18.978     0.307   262.495   288.329    60.793   952.389    91.875   204.777
    92.250     3.461     3.229    18.072    19.792   -19.023     0.313   262.487   288.471    60.740   952.468    92.125   204.797
    92.500     3.478     3.233    18.047    19.765   -19.085     0.311   262.480   287.959    60.680   952.562    92.375   204.824
    92.750     3.513     3.226    18.018    19.738   -19.144     0.303   262.472   288.551    60.623   952.720    92.625   204.861
    93.000     3.498     3.215    17.989    19.712   -19.197     0.292   262.464   288.589    60.571   952.877    92.875   204.898
    93.250     3.505     3.203    17.961    19.686   -19.236     0.280   262.456   288.656    60.521   953.018    93.125   204.933
    93.500     3.516     3.234    17.937    19.659   -19.262     0.279   262.446   288.317    60.496   953.014    93.375   204.950
    93.750     3.409     3.214    17.907    19.631   -19.283     0.291   262.439   288.382    60.467   953.139    93.625   204.968
    94.000     3.413     3.217    17.884    19.604   -19.335     0.300   262.433   288.153    60.415   953.160    93.875   204.971
    94.250     3.472     3.196    17.854    19.577   -19.394     0.299   262.426   288.137    60.363   953.322    94.125   205.009
    94.500     3.498     3.200    17.825    19.550   -19.458     0.290   262.417   288.375    60.303   953.449    94.375   205.039
    94.750     3.497     3.196    17.798    19.524   -19.515     0.279   262.409   288.443    60.252   953.568    94.625   205.062
    95.000     3.471     3.185    17.771    19.497   -19.564     0.267   262.400   288.659    60.205   953.668    94.875   205.078
    95.250     3.475     3.192    17.745    19.471   -19.606     0.257   262.392   288.341    60.159   953.779    95.125   205.106
    95.500     3.441     3.198    17.719    19.445   -19.638     0.248   262.384   288.256    60.117   953.862    95.375   205.125
    95.750     3.438     3.191    17.691    19.418   -19.660     0.243   262.376   288.329    60.081   953.988    95.625   205.147
    96.000     3.407     3.205    17.668    19.391   -19.686     0.244   262.368   288.162    60.034   954.027    95.875   205.158
    96.250     3.436     3.205    17.640    19.363   -19.704     0.255   262.361   287.255    60.000   954.120    96.125   205.175
    96.500     3.377     3.186    17.610    19.335   -19.743     0.279   262.354   287.985    59.960   954.227    96.375   205.200
    96.750     3.452     3.187    17.584    19.308   -19.823     0.289   262.346   287.516    59.902   954.279    96.625   205.209
    97.000     3.462     3.182    17.555    19.280   -19.910     0.286   262.337   287.941    59.854   954.398    96.875   205.228
    97.250     3.423     3.182    17.528    19.253   -19.985     0.278   262.328   287.690    59.804   954.464    97.125   205.238
    97.500     3.414     3.176    17.499    19.226   -20.042     0.270   262.322   287.631    59.766   954.569    97.375   205.253
    97.750     3.402     3.174    17.471    19.198   -20.086     0.263   262.315   286.832    59.724   954.661    97.625   205.263
    98.000     3.365     3.166    17.442    19.171   -20.127     0.260   262.307   287.853    59.678   954.776    97.875   205.286
    98.250     3.397     3.154    17.413    19.144   -20.170     0.254   262.300   287.740    59.634   954.873    98.125   205.294
    98.500     3.401     3.161    17.384    19.117   -20.218     0.247   262.292   287.842    59.585   954.971    98.375   205.314
    98.750     3.397     3.167    17.358    19.089   -20.258     0.241   262.284   287.783    59.544   955.032    98.625   205.311
    99.000     3.386     3.162    17.329    19.062   -20.296     0.237   262.277   287.745    59.499   955.141    98.875   205.327
    99.250     3.363     3.163    17.303    19.034   -20.336     0.235   262.270   287.161    59.453   955.202    99.125   205.333
    99.500     3.070     3.180    17.280    19.006   -20.380     0.237   262.270   286.460    59.482   955.248    99.375   205.362
    99.750     3.022     3.165    17.247    18.973   -20.407     0.248   262.274   286.684    59.491   955.312    99.625   205.375
   100.000     3.227     3.184    17.218    18.940   -20.479     0.281   262.271   286.492    59.405   955.315    99.875   205.353
