  1000.000     3.271     3.063     0.000     0.653    -1.473    -1.091     2.687     0.000     0.000     0.000     0.000     0.000     0.000   294.673     0.000   0.00E+00    -0.858     0.296   276.379
   950.000    -0.827     2.905     0.001     0.825     0.899    -1.475     0.376     0.000    17.969     0.000   -13.259     0.000     0.001   294.671     0.000   0.36E-07    -1.304     0.330   272.366
   900.000    -4.584     2.075    -0.147     0.739     1.438    -1.480     0.000     0.000    17.965    -0.001   -13.105     0.001     2.102   291.655     0.002   0.45E-01    -0.394     0.356   268.500
   850.000    -8.120     1.382     0.337     0.661     1.481    -1.525     0.000     0.000    16.707    -2.099    -9.836     2.488     2.145   289.934     0.042   0.27E+00     0.190     0.388   265.473
   800.000   -11.749     0.877     0.559     0.554     1.569    -1.615     0.000     0.000    15.285    -2.145    -7.389     2.559     1.278   289.121     0.015   0.27E+00     0.626     0.419   262.142
   750.000   -15.549     0.507     0.536     0.418     1.547    -1.596     0.000     0.000    14.180    -1.274    -6.133     1.974     0.464   288.792     0.003   0.18E+00     0.873     0.443   258.463
   700.000   -19.603     0.241     0.364     0.309     1.454    -1.505     0.000     0.000    13.854    -0.425    -5.261     1.747     0.431   289.012     0.001   0.13E+00     0.893     0.455   254.391
   650.000   -23.989     0.112     0.175     0.237     1.309    -1.362     0.000     0.000    13.587    -0.380    -4.449     1.608     0.348   289.323     0.001   0.11E+00     0.792     0.458   249.878
   600.000   -28.843     0.061    -0.033     0.193     1.123    -1.179     0.000     0.000    13.456    -0.298    -3.486     1.558     0.371   289.879     0.001   0.88E-01     0.608     0.451   244.882
   550.000   -34.229     0.026    -0.192     0.168     0.820    -0.880     0.000     0.000    13.425    -0.328    -2.588     1.742     0.116   290.646     0.002   0.81E-01     0.423     0.433   239.366
   500.000   -40.264     0.020    -0.243     0.202     0.674    -0.738     0.000     0.000    14.018    -0.086    -1.654     2.123     0.025   291.291     0.006   0.53E-01     0.255     0.402   233.295
   450.000   -46.935     0.017    -0.224     0.329     0.655    -0.724     0.000     0.000    15.365     0.000    -0.806     2.893     0.178   291.663     0.039   0.10E+00     0.119     0.360   226.626
   400.000   -54.258     0.015    -0.220     0.534     0.524    -0.598     0.000     0.000    17.016     0.000    -0.302     4.005     1.232   292.109     0.132   0.11E+00     0.046     0.308   219.300
   350.000   -62.360     0.014    -0.216     0.819     0.463    -0.542    -0.000     0.000     8.358     0.000    -0.076     2.033     9.873   292.286     0.238   0.42E-01     0.007     0.241   211.217
   300.000   -70.974     0.005    -0.386     0.971     0.175    -0.258     0.000     0.000     1.714     0.000    -0.014     0.360     6.929   292.592     0.404   0.16E-01     0.001     0.138   202.214
   250.000   -74.772     0.003    -4.000     1.010     0.044    -0.115     0.000     0.000     0.073     0.000    -0.000     0.000     1.641   296.624     0.475   0.19E-02    -0.000     0.043   191.847
   200.000   -73.162     0.001    -4.000     0.184    -0.003    -0.039     0.000     0.000     0.000     0.000    -0.000     0.000     0.073   310.086     0.000   0.22E-04    -0.000     0.007   179.209
   150.000   -73.680     0.001    -4.000     0.131     0.000    -0.011     0.000     0.000     0.000     0.000     0.000     0.000     0.000   325.520     0.000   0.14E-09    -0.000     0.000   162.925
   100.000   -71.886     0.001    -4.000     0.069     0.000     0.003     0.000     0.000     0.000     0.000     0.000     0.000     0.000   349.608     0.000   0.00E+00     0.000     0.000   140.042
    80.000   -68.497     0.001    -4.000     0.037     0.000     0.011     0.000     0.000     0.000     0.000     0.000     0.000     0.000   365.393     0.000   0.00E+00     0.000     0.000     0.000
    60.000   -60.844     0.001     0.000     0.011     0.000     0.031     0.000     0.000     0.000     0.000     0.000     0.000     0.000   389.271     0.000   0.00E+00     0.000     0.000     0.000
    40.000   -50.623     0.001     0.000     0.002     0.000     0.056     0.000     0.000     0.000     0.000     0.000     0.000     0.000   423.853     0.000   0.00E+00     0.000     0.000     0.000
    30.000   -42.410     0.001     0.000     0.001     0.000     0.077     0.000     0.000     0.000     0.000     0.000     0.000     0.000   449.980     0.000   0.00E+00     0.000     0.000     0.000
    25.000   -26.099     0.001     0.000     0.000     0.000     0.118     0.000     0.000     0.000     0.000     0.000     0.000     0.000   477.783     0.000   0.00E+00    -0.001     0.000     0.000
