  1000.000     3.001     2.994    -0.000     0.624    -1.311    -0.839     2.578     0.000     0.000     0.000     0.000     0.000     0.000   286.072     0.000   0.00E+00    -0.577     0.255   276.107
   950.000    -1.096     2.834     0.001     0.796    -0.027    -1.389     0.993     0.000    20.796     0.000   -15.951     0.000     0.000   286.136     0.000   0.00E+00    -0.857     0.285   272.098
   900.000    -4.879     2.017     0.004     0.732     1.422    -1.422     0.000     0.000    20.796     0.000   -15.408     0.000     2.121   283.839     0.005   0.87E-01    -0.264     0.316   268.227
   850.000    -8.433     1.349     0.423     0.636     1.504    -1.506     0.000     0.000    19.383    -2.121   -10.221     2.648     2.561   282.639     0.049   0.31E+00     0.218     0.350   265.185
   800.000   -12.092     0.855     0.609     0.526     1.600    -1.605     0.000     0.000    17.754    -2.547    -7.185     3.048     1.938   282.283     0.022   0.25E+00     0.532     0.380   261.838
   750.000   -15.885     0.455     0.582     0.387     1.570    -1.577     0.000     0.000    16.090    -1.918    -5.447     2.355     0.751   281.677     0.010   0.17E+00     0.701     0.400   258.144
   700.000   -19.889     0.215     0.396     0.274     1.466    -1.475     0.000     0.000    15.491    -0.724    -4.237     2.040     0.657   282.260     0.010   0.12E+00     0.664     0.406   254.056
   650.000   -24.300     0.113     0.207     0.207     1.313    -1.325     0.000     0.000    15.012    -0.634    -3.312     1.883     0.499   282.889     0.013   0.96E-01     0.548     0.400   249.528
   600.000   -29.194     0.062     0.002     0.173     1.120    -1.135     0.000     0.000    14.742    -0.478    -2.426     1.766     0.577   283.366     0.016   0.78E-01     0.388     0.385   244.522
   550.000   -34.595     0.025    -0.187     0.139     0.690    -0.709     0.000     0.000    14.551    -0.550    -1.683     2.000     0.083   283.799     0.018   0.55E-01     0.256     0.361   239.000
   500.000   -40.633     0.019    -0.279     0.177     0.514    -0.537     0.000     0.000    15.481    -0.057    -0.955     2.636     0.042   284.125     0.020   0.39E-01     0.142     0.328   232.926
   450.000   -47.300     0.016    -0.322     0.286     0.448    -0.476     0.000     0.000    17.693    -0.007    -0.370     3.871     0.051   284.566     0.030   0.33E-01     0.061     0.288   226.261
   400.000   -54.617     0.014    -0.372     0.505     0.317    -0.349     0.000     0.000    22.534    -0.005    -0.107     6.850     0.572   284.736     0.108   0.33E-01     0.018     0.243   218.941
   350.000   -62.705     0.013    -0.415     0.958     0.310    -0.348    -0.000     0.000     4.272    -0.004    -0.007     0.892    18.628   284.904     0.390   0.30E-02     0.000     0.191   210.868
   300.000   -71.293     0.004    -0.856     1.000     0.016    -0.057     0.000     0.000     0.043    -0.000    -0.000     0.000     4.229   285.207     0.464   0.92E-03    -0.000     0.067   201.878
   250.000   -74.957     0.003    -4.000     1.000    -0.000    -0.030     0.000     0.000     0.000     0.000    -0.000     0.000     0.043   291.987     0.393   0.71E-05    -0.000     0.002   191.522
   200.000   -73.581     0.001    -4.000     0.201     0.000    -0.001     0.000     0.000     0.000     0.000     0.000     0.000     0.000   305.155     0.000   0.00E+00     0.000     0.000   178.905
   150.000   -74.136     0.001    -4.000     0.169     0.000    -0.003     0.000     0.000     0.000     0.000     0.000     0.000     0.000   320.715     0.000   0.00E+00     0.000     0.000   162.656
   100.000   -72.269     0.001    -4.000     0.091     0.000     0.002     0.000     0.000     0.000     0.000     0.000     0.000     0.000   344.939     0.000   0.00E+00     0.000     0.000   139.821
    80.000   -68.794     0.001    -4.000     0.047     0.000     0.010     0.000     0.000     0.000     0.000     0.000     0.000     0.000   360.805     0.000   0.00E+00     0.000     0.000     0.000
    60.000   -61.043     0.001     0.000     0.013     0.000     0.030     0.000     0.000     0.000     0.000     0.000     0.000     0.000   384.773     0.000   0.00E+00     0.000     0.000     0.000
    40.000   -50.753     0.001     0.000     0.003     0.000     0.055     0.000     0.000     0.000     0.000     0.000     0.000     0.000   419.313     0.000   0.00E+00     0.000     0.000     0.000
    30.000   -42.482     0.001     0.000     0.001     0.000     0.076     0.000     0.000     0.000     0.000     0.000     0.000     0.000   446.380     0.000   0.00E+00     0.000     0.000     0.000
    25.000   -26.065     0.001     0.000     0.000     0.000     0.117     0.000     0.000     0.000     0.000     0.000     0.000     0.000   475.282     0.000   0.00E+00    -0.001     0.000     0.000
