  1000.000     5.275     3.531     0.000     0.632    -1.449    -0.937     2.638     0.000     0.000     0.000     0.000     0.000     0.000   289.289     0.000   0.00E+00    -0.760     0.274   278.403
   950.000     1.189     3.352     0.001     0.799     0.584    -1.319     0.531     0.000    19.611     0.000   -12.491     0.000     0.000   289.298     0.000   0.00E+00    -0.925     0.307   274.361
   900.000    -2.560     2.516    -0.090     0.754     1.389    -1.373     0.000     0.000    19.611     0.000   -16.345     0.000     2.239   287.087     0.003   0.13E-01    -0.363     0.328   270.373
   850.000    -6.033     1.725     0.378     0.671     1.494    -1.482     0.000     0.000    18.148    -2.239   -10.368     2.656     2.497   285.747     0.069   0.39E+00     0.174     0.365   267.453
   800.000    -9.584     1.125     0.585     0.554     1.614    -1.606     0.000     0.000    16.483    -2.463    -7.520     2.879     1.534   284.882     0.027   0.27E+00     0.561     0.398   264.234
   750.000   -13.298     0.677     0.541     0.408     1.583    -1.579     0.000     0.000    15.137    -1.492    -5.966     2.180     0.585   284.426     0.016   0.17E+00     0.759     0.420   260.671
   700.000   -17.268     0.341     0.346     0.296     1.442    -1.442     0.000     0.000    14.711    -0.531    -4.890     1.947     0.534   284.734     0.021   0.13E+00     0.721     0.429   256.710
   650.000   -21.552     0.173     0.157     0.234     1.258    -1.262     0.000     0.000    14.328    -0.488    -3.965     1.768     0.436   285.479     0.026   0.10E+00     0.594     0.426   252.300
   600.000   -26.394     0.093    -0.031     0.206     1.029    -1.040     0.000     0.000    14.083    -0.392    -2.966     1.719     0.426   286.055     0.032   0.83E-01     0.430     0.412   247.388
   550.000   -31.780     0.047    -0.185     0.202     0.765    -0.783     0.000     0.000    13.970    -0.371    -2.033     1.816     0.248   286.604     0.035   0.65E-01     0.292     0.387   241.930
   500.000   -37.859     0.034    -0.288     0.250     0.613    -0.640     0.000     0.000    14.347    -0.198    -1.172     2.147     0.086   287.167     0.041   0.48E-01     0.169     0.352   235.886
   450.000   -44.587     0.028    -0.371     0.416     0.592    -0.628     0.000     0.000    15.953    -0.015    -0.483     3.194     0.113   287.458     0.081   0.82E-01     0.058     0.310   229.213
   400.000   -51.883     0.018    -0.491     0.726     0.423    -0.469     0.000     0.000    15.513    -0.011    -0.129     2.799     2.256   287.688     0.206   0.70E-01     0.017     0.263   221.850
   350.000   -59.965     0.013    -0.632     0.808     0.362    -0.418    -0.000     0.000     7.612    -0.007    -0.024     1.742     8.831   288.079     0.174   0.32E-02     0.002     0.193   213.704
   300.000   -68.935     0.006    -1.150     0.999     0.074    -0.139     0.000     0.000     0.370    -0.002    -0.000     0.002     7.241   288.691     0.447   0.16E-02    -0.000     0.095   204.621
   250.000   -74.109     0.003    -4.000     0.998    -0.007    -0.043     0.000     0.000     0.000     0.000    -0.000     0.000     0.370   293.377     0.270   0.61E-04    -0.000     0.013   194.197
   200.000   -72.877     0.001    -4.000     0.187     0.000     0.001     0.000     0.000     0.000     0.000     0.000     0.000     0.000   306.451     0.000   0.00E+00     0.000     0.000   181.531
   150.000   -73.942     0.001    -4.000     0.169     0.000    -0.004     0.000     0.000     0.000     0.000     0.000     0.000     0.000   321.603     0.000   0.00E+00     0.000     0.000   165.249
   100.000   -73.057     0.001    -4.000     0.105     0.000     0.001     0.000     0.000     0.000     0.000     0.000     0.000     0.000   344.852     0.000   0.00E+00     0.000     0.000   142.451
    80.000   -70.478     0.001    -4.000     0.063     0.000     0.013     0.000     0.000     0.000     0.000     0.000     0.000     0.000   359.544     0.000   0.00E+00     0.000     0.000     0.000
    60.000   -64.013     0.001     0.000     0.022     0.000     0.046     0.000     0.000     0.000     0.000     0.000     0.000     0.000   381.781     0.000   0.00E+00     0.000     0.000     0.000
    40.000   -55.356     0.001     0.000     0.006     0.000     0.089     0.000     0.000     0.000     0.000     0.000     0.000     0.000   414.235     0.000   0.00E+00     0.000     0.000     0.000
    30.000   -48.897     0.001     0.000     0.002     0.000     0.122     0.000     0.000     0.000     0.000     0.000     0.000     0.000   438.333     0.000   0.00E+00     0.000     0.000     0.000
    25.000   -37.476     0.001     0.000     0.001     0.000     0.178     0.000     0.000     0.000     0.000     0.000     0.000     0.000   462.199     0.000   0.00E+00    -0.001     0.000     0.000
