  1000.000     2.965     2.983    -0.000     0.636    -1.352    -0.921     2.610     0.000     0.000     0.000     0.000     0.000     0.000   290.025     0.000   0.00E+00    -0.663     0.271   276.071
   950.000    -1.132     2.823     0.001     0.811     0.223    -1.440     0.837     0.000    19.784     0.000   -15.847     0.000     0.000   290.026     0.000   0.00E+00    -1.082     0.302   272.062
   900.000    -4.919     2.001    -0.042     0.729     1.435    -1.456     0.000     0.000    19.783     0.000   -14.056     0.000     2.018   286.515     0.004   0.84E-01    -0.316     0.334   268.187
   850.000    -8.478     1.337     0.392     0.638     1.494    -1.517     0.000     0.000    18.493    -2.017   -10.034     2.535     2.454   285.575     0.039   0.27E+00     0.205     0.367   265.143
   800.000   -12.134     0.842     0.593     0.530     1.582    -1.605     0.000     0.000    16.940    -2.454    -7.229     2.893     1.681   284.264     0.016   0.25E+00     0.566     0.397   261.794
   750.000   -15.905     0.465     0.568     0.393     1.561    -1.586     0.000     0.000    15.504    -1.680    -5.655     2.217     0.674   284.862     0.003   0.17E+00     0.765     0.418   258.098
   700.000   -19.944     0.249     0.399     0.281     1.467    -1.492     0.000     0.000    14.983    -0.656    -4.600     1.936     0.550   284.263     0.000   0.13E+00     0.759     0.427   254.007
   650.000   -24.418     0.122     0.217     0.211     1.328    -1.354     0.000     0.000    14.616    -0.527    -3.766     1.799     0.455   285.240     0.000   0.10E+00     0.655     0.425   249.479
   600.000   -29.289     0.057     0.012     0.169     1.136    -1.164     0.000     0.000    14.408    -0.431    -2.855     1.697     0.491   286.437     0.000   0.81E-01     0.489     0.413   244.472
   550.000   -34.657     0.025    -0.164     0.132     0.735    -0.765     0.000     0.000    14.322    -0.470    -2.069     1.942     0.053   287.126     0.000   0.65E-01     0.335     0.393   238.949
   500.000   -40.695     0.019    -0.223     0.165     0.581    -0.613     0.000     0.000    15.292    -0.038    -1.252     2.564     0.011   287.083     0.002   0.42E-01     0.195     0.362   232.876
   450.000   -47.358     0.016    -0.218     0.268     0.527    -0.561     0.000     0.000    17.341     0.000    -0.570     3.660     0.098   287.266     0.017   0.63E-01     0.093     0.322   226.211
   400.000   -54.671     0.014    -0.212     0.462     0.419    -0.455     0.000     0.000    22.342     0.000    -0.198     6.960     0.552   287.810     0.084   0.59E-01     0.037     0.275   218.892
   350.000   -62.755     0.013    -0.191     0.906     0.384    -0.422     0.000     0.000     4.920     0.000    -0.042     0.919    17.968   287.940     0.353   0.23E-01     0.006     0.219   210.821
   300.000   -71.339     0.004    -0.467     0.977     0.095    -0.134     0.000     0.000     0.901     0.000    -0.009     0.190     4.174   288.054     0.438   0.97E-02     0.001     0.098   201.832
   250.000   -74.972     0.003    -4.000     1.010     0.029    -0.064     0.000     0.000     0.045     0.000    -0.000     0.003     0.856   293.360     0.311   0.20E-02    -0.000     0.024   191.478
   200.000   -73.602     0.001    -4.000     0.214    -0.000    -0.022     0.000     0.000     0.000     0.000    -0.000     0.000     0.045   306.968     0.001   0.33E-04    -0.000     0.004   178.862
   150.000   -74.157     0.001    -4.000     0.152     0.000    -0.008     0.000     0.000     0.000     0.000     0.000     0.000     0.000   323.089     0.000   0.82E-10    -0.000     0.000   162.615
   100.000   -72.288     0.001    -4.000     0.077     0.000     0.000     0.000     0.000     0.000     0.000     0.000     0.000     0.000   347.023     0.000   0.00E+00     0.000     0.000   139.782
    80.000   -68.812     0.001    -4.000     0.039     0.000     0.004     0.000     0.000     0.000     0.000     0.000     0.000     0.000   362.408     0.000   0.00E+00     0.000     0.000     0.000
    60.000   -61.059     0.001     0.000     0.010     0.000     0.013     0.000     0.000     0.000     0.000     0.000     0.000     0.000   387.832     0.000   0.00E+00     0.000     0.000     0.000
    40.000   -50.767     0.001     0.000     0.002     0.000     0.024     0.000     0.000     0.000     0.000     0.000     0.000     0.000   423.505     0.000   0.00E+00     0.000     0.000     0.000
    30.000   -42.494     0.001     0.000     0.001     0.000     0.033     0.000     0.000     0.000     0.000     0.000     0.000     0.000   449.126     0.000   0.00E+00     0.000     0.000     0.000
    25.000   -26.078     0.001     0.000     0.000     0.000     0.054     0.000     0.000     0.000     0.000     0.000     0.000     0.000   477.268     0.000   0.00E+00    -0.001     0.000     0.000
