     0.250     0.058     1.296     7.670     8.552   -25.640     0.768   261.688   246.175    11.183  1010.666     0.125   267.656
     0.500     0.075     1.334     7.896     9.073   -25.892     0.768   261.746   246.523    13.812  1009.704     0.375   265.617
     0.750     0.231     1.409     8.218     9.556   -26.144     0.768   261.771   246.990    16.405  1008.543     0.625   260.843
     1.000     0.656     1.490     8.518     9.999   -26.395     0.768   261.791   247.474    18.550  1007.442     0.875   258.318
     1.250     1.114     1.589     8.825    10.401   -26.645     0.768   261.777   248.124    20.525  1006.325     1.125   256.185
     1.500     1.391     1.688     9.128    10.765   -26.894     0.768   261.785   248.740    22.345  1005.194     1.375   253.885
     1.750     1.532     1.771     9.418    11.096   -27.141     0.768   261.785   249.394    24.054  1004.043     1.625   251.403
     2.000     1.896     1.849     9.683    11.398   -27.386     0.768   261.773   250.104    25.590  1002.945     1.875   249.448
     2.250     1.819     1.924     9.933    11.673   -27.630     0.768   261.768   250.741    27.109  1001.789     2.125   247.003
     2.500     2.023     1.995    10.159    11.923   -27.872     0.768   261.766   251.319    28.502  1000.678     2.375   245.015
     2.750     2.050     2.062    10.368    12.150   -28.117     0.768   261.761   251.897    29.872   999.529     2.625   242.765
     3.000     2.150     2.123    10.558    12.357   -28.407     0.774   261.760   252.431    31.132   998.429     2.875   241.007
     3.250     2.175     2.175    10.736    12.544   -28.750     0.785   261.761   252.906    32.333   997.340     3.125   239.252
     3.500     2.243     2.225    10.898    12.715   -29.108     0.791   261.765   253.355    33.448   996.292     3.375   237.645
     3.750     2.208     2.268    11.051    12.872   -29.365     0.792   261.770   253.726    34.513   995.262     3.625   236.097
     4.000     2.344     2.310    11.188    13.015   -29.535     0.793   261.773   254.149    35.500   994.280     3.875   234.772
     4.250     2.675     2.354    11.303    13.145   -29.597     0.788   261.768   254.718    36.518   993.157     4.125   233.318
     4.500     2.839     2.383    11.408    13.262   -29.638     0.778   261.750   255.360    37.471   992.051     4.375   231.997
     4.750     2.924     2.388    11.506    13.369   -29.706     0.770   261.740   255.880    38.418   990.909     4.625   230.458
     5.000     3.083     2.393    11.604    13.477   -29.754     0.769   261.723   256.609    39.352   989.728     4.875   228.597
     5.250     2.849     2.412    11.711    13.581   -29.796     0.811   261.711   257.153    40.261   988.562     5.125   226.822
     5.500     2.984     2.444    11.798    13.675   -29.783     0.837   261.697   257.887    41.199   987.269     5.375   224.946
     5.750     3.080     2.461    11.874    13.761   -29.631     0.789   261.686   258.285    41.891   986.349     5.625   223.989
     6.000     3.126     2.479    11.948    13.841   -29.447     0.723   261.674   258.773    42.570   985.495     5.875   222.995
     6.250     3.106     2.500    12.020    13.914   -29.304     0.676   261.659   259.348    43.277   984.565     6.125   221.786
     6.500     2.893     2.517    12.094    13.982   -29.243     0.652   261.646   260.069    44.009   983.483     6.375   220.286
     6.750     2.984     2.537    12.156    14.044   -29.178     0.622   261.636   260.630    44.539   982.714     6.625   219.636
     7.000     3.022     2.550    12.213    14.101   -29.079     0.583   261.625   261.160    45.040   981.979     6.875   218.967
     7.250     3.059     2.563    12.266    14.154   -28.951     0.536   261.614   261.693    45.525   981.273     7.125   218.289
     7.500     3.105     2.581    12.314    14.202   -28.840     0.492   261.602   262.120    45.992   980.623     7.375   217.666
     7.750     3.070     2.594    12.359    14.245   -28.773     0.458   261.587   262.626    46.460   979.933     7.625   216.925
     8.000     3.025     2.597    12.401    14.285   -28.725     0.434   261.573   263.148    46.950   979.073     7.875   215.981
     8.250     2.866     2.614    12.447    14.323   -28.719     0.418   261.562   263.822    47.384   978.348     8.125   215.124
     8.500     2.878     2.631    12.485    14.358   -28.713     0.404   261.555   264.323    47.699   977.784     8.375   214.758
     8.750     2.996     2.638    12.512    14.388   -28.667     0.384   261.548   264.711    47.989   977.343     8.625   214.433
     9.000     2.970     2.649    12.539    14.415   -28.609     0.361   261.543   265.005    48.263   976.932     8.875   214.133
     9.250     3.032     2.663    12.561    14.438   -28.528     0.333   261.537   265.431    48.522   976.607     9.125   213.879
     9.500     3.044     2.673    12.580    14.458   -28.439     0.302   261.526   266.032    48.764   976.304     9.375   213.632
     9.750     3.043     2.681    12.598    14.474   -28.350     0.272   261.513   266.696    48.995   975.994     9.625   213.363
    10.000     3.048     2.689    12.613    14.489   -28.260     0.245   261.501   267.144    49.228   975.661     9.875   213.046
    10.250     2.924     2.682    12.630    14.502   -28.184     0.226   261.489   267.526    49.467   975.220    10.125   212.679
    10.500     3.025     2.704    12.642    14.513   -28.137     0.221   261.473   267.745    49.673   974.864    10.375   212.411
    10.750     2.970     2.709    12.656    14.523   -28.140     0.242   261.461   268.054    49.879   974.472    10.625   212.121
    11.000     2.945     2.707    12.667    14.531   -28.166     0.236   261.451   268.289    50.076   974.124    10.875   211.840
    11.250     2.951     2.710    12.677    14.538   -28.197     0.223   261.443   268.567    50.277   973.739    11.125   211.497
    11.500     2.904     2.714    12.686    14.544   -28.216     0.209   261.433   268.983    50.483   973.328    11.375   211.111
    11.750     2.930     2.717    12.689    14.548   -28.219     0.206   261.426   269.086    50.689   972.942    11.625   210.704
    12.000     2.894     2.719    12.692    14.551   -28.217     0.199   261.417   269.401    50.903   972.532    11.875   210.235
    12.250     2.891     2.723    12.694    14.554   -28.209     0.190   261.410   269.564    51.127   972.109    12.125   209.705
    12.500     2.852     2.725    12.695    14.554   -28.198     0.188   261.404   269.666    51.279   971.814    12.375   209.468
    12.750     2.831     2.735    12.693    14.553   -28.199     0.197   261.398   269.778    51.408   971.548    12.625   209.283
    13.000     2.825     2.738    12.692    14.551   -28.215     0.195   261.394   269.896    51.524   971.298    12.875   209.106
    13.250     2.808     2.742    12.689    14.548   -28.225     0.185   261.390   269.753    51.642   971.048    13.125   208.925
    13.500     2.805     2.746    12.686    14.544   -28.225     0.183   261.386   270.006    51.751   970.809    13.375   208.756
    13.750     2.810     2.742    12.681    14.539   -28.227     0.191   261.385   269.856    51.858   970.594    13.625   208.597
    14.000     2.819     2.752    12.677    14.533   -28.244     0.198   261.381   269.980    51.956   970.379    13.875   208.442
    14.250     2.800     2.747    12.671    14.526   -28.269     0.204   261.379   270.019    52.050   970.177    14.125   208.293
    14.500     2.805     2.756    12.667    14.519   -28.289     0.216   261.377   270.118    52.134   969.943    14.375   208.136
    14.750     2.803     2.756    12.659    14.512   -28.306     0.203   261.380   269.170    52.219   969.745    14.625   207.991
    15.000     2.850     2.747    12.650    14.505   -28.321     0.206   261.375   270.212    52.297   969.581    14.875   207.852
    15.250     2.811     2.756    12.645    14.498   -28.345     0.201   261.371   270.532    52.368   969.354    15.125   207.710
    15.500     2.875     2.755    12.635    14.490   -28.349     0.195   261.370   269.716    52.434   969.205    15.375   207.591
    15.750     2.871     2.758    12.629    14.483   -28.385     0.196   261.362   271.108    52.476   969.052    15.625   207.516
    16.000     2.950     2.751    12.615    14.475   -28.404     0.168   261.355   271.419    52.521   968.997    15.875   207.464
    16.250     2.921     2.749    12.605    14.467   -28.411     0.150   261.347   271.740    52.563   968.913    16.125   207.405
    16.500     2.897     2.739    12.594    14.458   -28.406     0.137   261.341   272.035    52.608   968.841    16.375   207.346
    16.750     2.871     2.741    12.584    14.449   -28.394     0.127   261.335   272.219    52.656   968.761    16.625   207.288
    17.000     2.847     2.744    12.574    14.440   -28.381     0.120   261.331   272.268    52.709   968.681    16.875   207.222
    17.250     2.854     2.758    12.563    14.429   -28.368     0.118   261.326   272.205    52.752   968.607    17.125   207.164
    17.500     2.849     2.762    12.552    14.417   -28.374     0.121   261.320   272.233    52.793   968.523    17.375   207.102
    17.750     2.844     2.718    12.538    14.405   -28.390     0.130   261.313   272.096    52.841   968.480    17.625   207.049
    18.000     2.866     2.753    12.526    14.392   -28.435     0.157   261.309   271.808    52.879   968.405    17.875   206.982
    18.250     2.850     2.753    12.514    14.379   -28.508     0.172   261.304   271.830    52.912   968.320    18.125   206.917
    18.500     2.854     2.718    12.501    14.366   -28.580     0.173   261.300   271.840    52.941   968.240    18.375   206.852
    18.750     2.882     2.748    12.488    14.353   -28.641     0.174   261.292   271.947    52.962   968.166    18.625   206.803
    19.000     2.879     2.759    12.476    14.340   -28.668     0.153   261.284   272.159    52.987   968.071    18.875   206.729
    19.250     2.839     2.759    12.463    14.327   -28.673     0.141   261.279   271.881    53.015   967.993    19.125   206.668
    19.500     2.836     2.745    12.447    14.313   -28.665     0.136   261.274   272.234    53.048   967.959    19.375   206.615
    19.750     2.822     2.745    12.431    14.299   -28.663     0.132   261.272   272.138    53.073   967.924    19.625   206.564
    20.000     2.813     2.758    12.418    14.286   -28.676     0.130   261.267   272.269    53.102   967.838    19.875   206.487
    20.250     2.835     2.758    12.403    14.272   -28.692     0.128   261.263   272.316    53.125   967.802    20.125   206.432
    20.500     2.818     2.758    12.388    14.257   -28.709     0.131   261.259   272.219    53.151   967.753    20.375   206.370
    20.750     2.812     2.711    12.371    14.243   -28.728     0.135   261.255   272.018    53.177   967.738    20.625   206.328
    21.000     2.827     2.753    12.357    14.229   -28.770     0.145   261.252   271.955    53.197   967.678    20.875   206.270
    21.250     2.839     2.743    12.342    14.214   -28.809     0.148   261.248   271.840    53.218   967.632    21.125   206.205
    21.500     2.833     2.726    12.327    14.200   -28.848     0.149   261.243   271.853    53.235   967.587    21.375   206.149
    21.750     2.854     2.752    12.313    14.186   -28.890     0.148   261.235   272.112    53.250   967.512    21.625   206.080
    22.000     2.845     2.750    12.298    14.172   -28.924     0.140   261.229   272.141    53.267   967.468    21.875   206.025
    22.250     2.816     2.750    12.283    14.158   -28.935     0.137   261.227   271.204    53.292   967.422    22.125   205.967
    22.500     2.792     2.750    12.269    14.143   -28.949     0.141   261.222   271.597    53.314   967.361    22.375   205.905
    22.750     2.787     2.736    12.252    14.129   -28.962     0.143   261.219   271.846    53.334   967.351    22.625   205.861
    23.000     2.815     2.719    12.236    14.114   -28.985     0.141   261.216   271.936    53.347   967.326    22.875   205.808
    23.250     2.836     2.717    12.220    14.100   -29.013     0.135   261.212   271.981    53.357   967.302    23.125   205.755
    23.500     2.835     2.743    12.206    14.085   -29.032     0.131   261.208   271.373    53.373   967.242    23.375   205.687
    23.750     2.810     2.715    12.190    14.071   -29.055     0.130   261.202   272.073    53.388   967.231    23.625   205.646
    24.000     2.832     2.740    12.176    14.057   -29.074     0.128   261.196   272.230    53.402   967.178    23.875   205.583
    24.250     2.813     2.742    12.161    14.043   -29.102     0.125   261.191   271.879    53.415   967.133    24.125   205.529
    24.500     2.792     2.714    12.145    14.028   -29.113     0.128   261.189   271.880    53.434   967.130    24.375   205.487
    24.750     2.810     2.742    12.130    14.013   -29.135     0.133   261.185   271.936    53.448   967.083    24.625   205.430
    25.000     2.793     2.728    12.114    13.998   -29.169     0.136   261.181   271.911    53.461   967.064    24.875   205.382
    25.250     2.800     2.692    12.098    13.983   -29.205     0.136   261.176   271.819    53.469   967.040    25.125   205.333
    25.500     2.831     2.737    12.084    13.969   -29.243     0.134   261.170   271.722    53.479   966.979    25.375   205.267
    25.750     2.785     2.738    12.072    13.955   -29.272     0.143   261.165   271.925    53.489   966.910    25.625   205.200
    26.000     2.833     2.733    12.054    13.940   -29.298     0.135   261.161   271.624    53.502   966.927    25.875   205.167
    26.250     2.807     2.732    12.038    13.926   -29.318     0.131   261.156   271.966    53.512   966.903    26.125   205.119
    26.500     2.802     2.730    12.023    13.911   -29.337     0.128   261.152   271.709    53.524   966.874    26.375   205.067
    26.750     2.786     2.731    12.008    13.897   -29.355     0.126   261.148   271.693    53.535   966.834    26.625   205.009
    27.000     2.789     2.719    11.992    13.882   -29.366     0.125   261.146   271.038    53.546   966.823    26.875   204.966
    27.250     2.786     2.727    11.977    13.868   -29.386     0.132   261.141   271.762    53.556   966.804    27.125   204.922
    27.500     2.786     2.682    11.961    13.853   -29.413     0.128   261.137   271.812    53.562   966.796    27.375   204.878
    27.750     2.827     2.715    11.945    13.838   -29.443     0.126   261.133   271.773    53.565   966.781    27.625   204.835
    28.000     2.805     2.713    11.930    13.824   -29.468     0.123   261.128   271.795    53.569   966.764    27.875   204.793
    28.250     2.813     2.724    11.916    13.809   -29.496     0.121   261.122   271.771    53.575   966.729    28.125   204.740
    28.500     2.798     2.724    11.900    13.795   -29.517     0.119   261.116   272.001    53.584   966.709    28.375   204.697
    28.750     2.755     2.712    11.886    13.781   -29.533     0.128   261.114   271.733    53.598   966.691    28.625   204.651
    29.000     2.786     2.711    11.870    13.766   -29.561     0.127   261.110   271.714    53.603   966.676    28.875   204.613
    29.250     2.796     2.709    11.854    13.751   -29.594     0.124   261.105   271.822    53.606   966.665    29.125   204.570
    29.500     2.792     2.721    11.840    13.737   -29.618     0.124   261.099   271.909    53.612   966.619    29.375   204.514
    29.750     2.790     2.720    11.825    13.722   -29.648     0.123   261.095   271.900    53.617   966.600    29.625   204.470
    30.000     2.780     2.719    11.809    13.707   -29.668     0.121   261.091   271.522    53.628   966.582    29.875   204.422
    30.250     2.764     2.707    11.793    13.693   -29.683     0.129   261.088   271.696    53.636   966.579    30.125   204.383
    30.500     2.776     2.714    11.778    13.678   -29.715     0.128   261.085   271.628    53.639   966.561    30.375   204.343
    30.750     2.785     2.716    11.764    13.663   -29.749     0.124   261.079   271.451    53.640   966.515    30.625   204.287
    31.000     2.791     2.714    11.748    13.649   -29.765     0.123   261.076   270.858    53.644   966.520    30.875   204.254
    31.250     2.759     2.701    11.732    13.635   -29.789     0.131   261.071   271.585    53.649   966.522    31.125   204.224
    31.500     2.792     2.699    11.716    13.620   -29.820     0.124   261.067   271.641    53.647   966.522    31.375   204.193
    31.750     2.803     2.709    11.702    13.606   -29.845     0.117   261.061   271.585    53.647   966.500    31.625   204.147
    32.000     2.781     2.708    11.687    13.592   -29.862     0.112   261.056   271.881    53.648   966.492    31.875   204.117
    32.250     2.765     2.709    11.672    13.577   -29.872     0.110   261.051   271.873    53.653   966.473    32.125   204.079
    32.500     2.755     2.698    11.656    13.563   -29.876     0.112   261.048   271.778    53.655   966.480    32.375   204.055
    32.750     2.321     2.813    11.666    13.538   -29.944     0.179   261.065   270.359    53.697   966.418    32.625   204.084
    33.000     2.248     2.790    11.657    13.504   -30.048     0.178   261.093   270.349    53.682   966.483    32.875   204.127
    33.250     2.559     2.782    11.628    13.470   -30.117     0.148   261.109   270.407    53.596   966.619    33.125   204.115
    33.500     2.738     2.771    11.595    13.441   -30.160     0.123   261.116   271.145    53.501   966.779    33.375   204.094
    33.750     2.794     2.746    11.566    13.418   -30.178     0.101   261.119   271.608    53.416   966.954    33.625   204.107
    34.000     2.774     2.735    11.542    13.399   -30.185     0.084   261.120   272.050    53.356   967.086    33.875   204.126
    34.250     2.802     2.749    11.521    13.381   -30.169     0.069   261.121   272.653    53.322   967.235    34.125   204.154
    34.500     2.836     2.738    11.495    13.361   -30.105     0.058   261.098   272.285    53.318   967.330    34.375   204.109
    34.750     2.670     2.721    11.476    13.344   -30.011     0.059   261.099   270.562    53.334   967.279    34.625   204.026
    35.000     2.622     2.793    11.470    13.326   -29.987     0.097   261.104   268.701    53.325   967.151    34.875   203.962
    35.250     2.577     2.790    11.457    13.307   -30.053     0.131   261.108   268.621    53.334   967.109    35.125   203.966
    35.500     2.799     2.767    11.431    13.285   -30.166     0.153   261.104   268.427    53.314   967.160    35.375   203.948
    35.750     2.798     2.725    11.408    13.269   -30.281     0.135   261.098   269.905    53.281   967.155    35.625   203.876
    36.000     2.916     2.696    11.387    13.258   -30.367     0.115   261.104   270.717    53.238   967.221    35.875   203.851
    36.250     2.863     2.686    11.375    13.251   -30.431     0.095   261.098   271.541    53.216   967.221    36.125   203.828
    36.500     2.782     2.689    11.368    13.244   -30.449     0.078   261.095   272.026    53.217   967.217    36.375   203.829
    36.750     2.778     2.716    11.358    13.235   -30.440     0.064   261.080   272.644    53.223   967.288    36.625   203.875
    37.000     2.920     2.711    11.338    13.219   -30.374     0.053   261.068   272.697    53.231   967.469    36.875   203.906
    37.250     2.744     2.700    11.322    13.202   -30.269     0.047   261.063   271.421    53.255   967.499    37.125   203.863
    37.500     2.533     2.722    11.313    13.187   -30.171     0.059   261.066   269.839    53.292   967.361    37.375   203.784
    37.750     2.525     2.633    11.302    13.169   -30.183     0.108   261.071   269.433    53.299   967.318    37.625   203.791
    38.000     2.608     2.795    11.297    13.148   -30.298     0.146   261.080   268.405    53.277   967.180    37.875   203.758
    38.250     2.831     2.764    11.271    13.126   -30.435     0.158   261.071   268.840    53.242   967.214    38.125   203.715
    38.500     2.831     2.701    11.244    13.112   -30.557     0.136   261.065   269.281    53.221   967.212    38.375   203.638
    38.750     2.841     2.675    11.228    13.103   -30.665     0.115   261.073   270.285    53.183   967.182    38.625   203.600
    39.000     2.815     2.673    11.219    13.098   -30.717     0.095   261.070   270.839    53.170   967.147    38.875   203.570
    39.250     2.752     2.674    11.213    13.094   -30.731     0.079   261.069   271.359    53.174   967.119    39.125   203.556
    39.500     2.729     2.685    11.207    13.088   -30.719     0.065   261.068   271.944    53.187   967.151    39.375   203.578
    39.750     2.920     2.711    11.189    13.074   -30.662     0.053   261.046   272.581    53.182   967.400    39.625   203.684
    40.000     2.919     2.709    11.167    13.056   -30.573     0.044   261.033   272.486    53.180   967.631    39.875   203.719
    40.250     2.755     2.700    11.151    13.039   -30.462     0.042   261.029   270.976    53.193   967.707    40.125   203.690
    40.500     2.587     2.719    11.139    13.022   -30.364     0.060   261.029   269.381    53.220   967.635    40.375   203.631
    40.750     2.389     2.816    11.143    13.006   -30.404     0.117   261.043   267.400    53.223   967.373    40.625   203.542
    41.000     2.613     2.771    11.121    12.983   -30.491     0.154   261.049   267.861    53.231   967.417    40.875   203.586
    41.250     2.868     2.717    11.094    12.961   -30.665     0.149   261.038   268.450    53.179   967.429    41.125   203.529
    41.500     2.823     2.679    11.073    12.948   -30.827     0.129   261.028   269.055    53.138   967.291    41.375   203.415
    41.750     2.756     2.660    11.063    12.943   -30.943     0.109   261.039   269.855    53.115   967.183    41.625   203.371
    42.000     2.747     2.657    11.057    12.941   -31.000     0.091   261.039   270.454    53.109   967.099    41.875   203.329
    42.250     2.719     2.660    11.054    12.939   -31.012     0.075   261.039   270.975    53.115   967.055    42.125   203.303
    42.500     2.715     2.671    11.049    12.935   -30.993     0.061   261.039   271.564    53.133   967.086    42.375   203.318
    42.750     2.899     2.699    11.033    12.924   -30.930     0.050   261.017   272.192    53.135   967.329    42.625   203.419
    43.000     3.023     2.708    11.008    12.905   -30.835     0.042   261.000   272.765    53.112   967.704    42.875   203.544
    43.250     2.883     2.714    10.987    12.886   -30.720     0.037   260.992   271.955    53.116   967.925    43.125   203.571
    43.500     2.586     2.706    10.977    12.869   -30.622     0.045   260.990   269.789    53.133   967.877    43.375   203.507
    43.750     2.445     2.796    10.975    12.853   -30.604     0.091   260.996   267.477    53.143   967.639    43.625   203.401
    44.000     2.468     2.812    10.969    12.832   -30.684     0.131   261.011   266.637    53.149   967.505    43.875   203.367
    44.250     2.790     2.752    10.939    12.808   -30.814     0.142   261.009   266.621    53.126   967.556    44.125   203.370
    44.500     2.894     2.667    10.910    12.791   -30.986     0.130   260.989   268.412    53.065   967.533    44.375   203.312
    44.750     2.647     2.647    10.904    12.786   -31.149     0.114   261.001   269.293    53.041   967.288    44.625   203.224
    45.000     2.721     2.646    10.898    12.784   -31.246     0.096   261.005   269.704    53.028   967.187    44.875   203.181
    45.250     2.708     2.641    10.895    12.784   -31.284     0.080   261.005   270.302    53.024   967.105    45.125   203.130
    45.500     2.700     2.651    10.892    12.783   -31.279     0.065   261.004   270.969    53.043   967.084    45.375   203.120
    45.750     2.773     2.682    10.884    12.778   -31.236     0.053   261.002   271.485    53.062   967.206    45.625   203.176
    46.000     3.021     2.693    10.861    12.763   -31.145     0.044   260.971   272.195    53.043   967.588    45.875   203.330
    46.250     2.984     2.694    10.837    12.744   -31.043     0.037   260.957   272.407    53.024   967.950    46.125   203.441
    46.500     2.806     2.684    10.820    12.724   -30.931     0.035   260.950   271.284    53.025   968.124    46.375   203.453
    46.750     2.608     2.705    10.806    12.705   -30.836     0.051   260.946   269.422    53.038   968.116    46.625   203.413
    47.000     2.325     2.801    10.810    12.689   -30.857     0.096   260.960   266.833    53.048   967.809    46.875   203.297
    47.250     2.457     2.802    10.801    12.667   -30.959     0.130   260.974   266.115    53.045   967.665    47.125   203.258
    47.500     2.849     2.709    10.765    12.644   -31.109     0.137   260.964   267.416    53.015   967.737    47.375   203.245
    47.750     2.828     2.641    10.742    12.630   -31.285     0.126   260.951   268.073    52.954   967.627    47.625   203.167
    48.000     2.624     2.637    10.739    12.628   -31.436     0.109   260.967   268.861    52.935   967.391    47.875   203.099
    48.250     2.726     2.629    10.734    12.628   -31.520     0.091   260.967   269.545    52.922   967.298    48.125   203.054
    48.500     2.695     2.629    10.733    12.630   -31.545     0.074   260.967   270.147    52.929   967.210    48.375   203.009
    48.750     2.701     2.641    10.731    12.630   -31.530     0.060   260.966   270.803    52.950   967.216    48.625   203.015
    49.000     2.834     2.673    10.720    12.623   -31.471     0.049   260.946   271.440    52.965   967.411    48.875   203.103
    49.250     3.022     2.686    10.696    12.607   -31.373     0.041   260.928   272.077    52.938   967.824    49.125   203.273
    49.500     2.956     2.689    10.674    12.587   -31.265     0.035   260.915   271.976    52.921   968.179    49.375   203.371
    49.750     2.743     2.682    10.658    12.568   -31.161     0.034   260.909   270.758    52.923   968.314    49.625   203.375
    50.000     2.616     2.701    10.643    12.547   -31.068     0.052   260.906   268.686    52.930   968.337    49.875   203.349
