  1000.000    21.502    12.538     0.000     0.789    -1.925    -1.972     3.061     0.000     0.000     0.000     0.000     0.000     0.000   366.986     0.000   0.00E+00    -2.506     0.653   294.696
   950.000    17.301    12.297     0.001     0.972     3.516    -1.297    -1.648     0.000     9.227     0.000   -11.943     0.000     0.000   367.080     0.000   0.00E+00    -6.319     0.697   290.427
   900.000    15.293     9.479    -0.225     0.826     1.688    -1.821     0.000     0.000     9.227     0.000    -5.265     0.000     1.013   359.184     0.002   0.11E+00    -3.361     0.726   287.871
   850.000    12.565     7.770     0.218     0.795     1.541    -1.675     0.000     0.000     8.420    -1.013    -5.991     1.074     0.226   355.084     0.003   0.16E+00    -2.235     0.768   285.642
   800.000     9.903     6.140     0.303     0.749     1.599    -1.732     0.000     0.000     7.966    -0.221    -5.158     0.655     0.399   351.913     0.004   0.19E+00    -1.232     0.803   283.236
   750.000     7.183     4.825     0.273     0.711     1.611    -1.742     0.000     0.000     7.657    -0.003    -4.828     0.598     0.458   349.702     0.004   0.19E+00    -0.537     0.829   280.622
   700.000     4.045     3.859     0.202     0.679     1.619    -1.750     0.000     0.000     7.352     0.000    -4.563     0.573     0.440   348.039     0.001   0.16E+00    -0.032     0.846   277.761
   650.000     0.490     3.090     0.093     0.646     1.632    -1.765     0.000     0.000     7.054     0.000    -4.311     0.547     0.420   346.799     0.001   0.13E+00     0.323     0.852   274.602
   600.000    -3.552     2.342    -0.036     0.609     1.642    -1.778     0.000     0.000     6.796     0.000    -4.254     0.566     0.378   345.782     0.000   0.96E-01     0.631     0.849   271.226
   550.000    -7.491     1.662    -0.155     0.573     1.677    -1.812     0.000     0.000     6.628     0.000    -3.921     0.569     0.289   345.232     0.000   0.82E-01     0.787     0.838   267.445
   500.000   -12.160     1.215    -0.259     0.543     1.765    -1.903     0.000     0.000     6.493     0.000    -3.434     0.566     0.261   345.140     0.001   0.82E-01     0.812     0.822   263.042
   450.000   -17.740     0.804    -0.330     0.510     1.887    -2.029     0.000     0.000     6.030     0.000    -2.768     0.526     0.598   345.354     0.010   0.28E+00     0.817     0.795   257.831
   400.000   -24.197     0.339    -0.371     0.454     1.946    -2.096     0.000     0.000     5.736     0.000    -2.003     0.505     0.443   345.918     0.009   0.29E+00     0.806     0.748   251.571
   350.000   -31.926     0.164    -0.296     0.422     2.013    -2.174     0.000     0.000     5.178     0.000    -1.296     0.484     0.735   347.125     0.015   0.27E+00     0.698     0.701   243.986
   300.000   -41.176     0.104    -0.283     0.369     1.901    -2.077     0.000     0.000     4.949     0.000    -0.706     0.549     0.491   348.708     0.016   0.23E+00     0.572     0.626   234.807
   250.000   -52.107     0.057    -0.281     0.419     1.646    -1.839     0.000     0.000     4.772     0.000    -0.318     0.734     0.649   350.601     0.038   0.18E+00     0.380     0.552   223.793
   200.000   -65.052     0.017    -0.143     0.621     1.226    -1.438     0.000     0.000     2.829     0.000    -0.106     0.428     2.215   352.649     0.203   0.11E+00     0.166     0.473   210.630
   150.000   -69.149     0.001    -1.742     0.737     0.671    -0.823     0.000     0.000     1.086     0.000    -0.026     0.167     1.855   356.312     0.230   0.55E-01    -0.000     0.336   193.956
   100.000   -65.510     0.001    -4.000     0.481     0.099    -0.104     0.000     0.000     0.000     0.000    -0.000     0.000     1.086   370.409     0.117   0.73E-02    -0.000     0.155   170.398
    80.000   -61.311     0.001    -4.000     0.025     0.000     0.079     0.000     0.000     0.000     0.000     0.000     0.000     0.000   387.274     0.000   0.00E+00     0.000     0.000     0.000
    60.000   -54.195     0.001     0.000     0.009     0.000     0.126     0.000     0.000     0.000     0.000     0.000     0.000     0.000   411.799     0.000   0.00E+00     0.000     0.000     0.000
    40.000   -45.295     0.001     0.000     0.003     0.000     0.186     0.000     0.000     0.000     0.000     0.000     0.000     0.000   445.032     0.000   0.00E+00     0.000     0.000     0.000
    30.000   -38.880     0.001     0.000     0.001     0.000     0.229     0.000     0.000     0.000     0.000     0.000     0.000     0.000   469.680     0.000   0.00E+00     0.000     0.000     0.000
    25.000   -26.988     0.001     0.000     0.000     0.000     0.308     0.000     0.000     0.000     0.000     0.000     0.000     0.000   494.226     0.000   0.00E+00    -0.001     0.000     0.000
