  1000.000     6.817     4.046     0.000     0.675    -1.595    -1.203     2.724     0.000     0.000     0.000     0.000     0.000     0.000   300.275     0.000   0.00E+00    -1.050     0.320   279.954
   950.000     2.724     3.865     0.001     0.848     1.555    -1.465    -0.090     0.000    15.493     0.000   -11.787     0.000     0.001   300.239     0.000   0.19E-06    -1.580     0.356   275.890
   900.000    -0.994     3.039    -0.302     0.739     1.403    -1.449     0.000     0.000    15.484    -0.001   -10.826     0.001     2.145   296.855     0.000   0.17E-01    -0.438     0.380   271.965
   850.000    -4.526     2.179     0.281     0.683     1.430    -1.480     0.000     0.000    14.410    -2.137    -9.958     2.457     1.799   295.103     0.041   0.24E+00     0.206     0.409   269.141
   800.000    -8.021     1.320     0.551     0.576     1.540    -1.594     0.000     0.000    13.163    -1.799    -7.849     2.144     0.579   293.721     0.013   0.29E+00     0.757     0.441   266.027
   750.000   -11.426     0.640     0.515     0.440     1.548    -1.605     0.000     0.000    12.670    -0.574    -6.956     1.629     0.228   293.135     0.002   0.19E+00     1.070     0.467   262.572
   700.000   -15.210     0.298     0.328     0.329     1.454    -1.514     0.000     0.000    12.617    -0.144    -6.255     1.491     0.190   293.208     0.002   0.14E+00     1.111     0.488   258.721
   650.000   -19.413     0.143     0.090     0.253     1.299    -1.363     0.000     0.000    12.622    -0.105    -5.406     1.374     0.202   293.812     0.004   0.11E+00     0.961     0.500   254.414
   600.000   -24.110     0.085    -0.118     0.211     1.095    -1.164     0.000     0.000    12.684    -0.125    -4.480     1.452     0.200   294.711     0.006   0.10E+00     0.729     0.501   249.592
   550.000   -29.415     0.048    -0.238     0.202     0.882    -0.958     0.000     0.000    12.873    -0.140    -3.415     1.616     0.138   295.520     0.012   0.11E+00     0.500     0.487   244.200
   500.000   -35.357     0.032    -0.249     0.246     0.773    -0.858     0.000     0.000    13.375    -0.093    -2.223     1.872     0.040   296.183     0.019   0.63E-01     0.310     0.457   238.190
   450.000   -42.048     0.061    -0.201     0.402     0.782    -0.876     0.000     0.000    14.236     0.000    -1.123     2.258     0.273   296.724     0.077   0.17E+00     0.144     0.412   231.515
   400.000   -49.510     0.076    -0.196     0.619     0.695    -0.799     0.000     0.000    14.075     0.000    -0.412     2.529     1.813   297.097     0.174   0.17E+00     0.048     0.357   224.120
   350.000   -57.755     0.020    -0.239     0.727     0.528    -0.642     0.000     0.000    12.293     0.000    -0.110     3.119     4.213   297.381     0.150   0.64E-01     0.008     0.277   215.918
   300.000   -66.765     0.009    -0.346     1.002     0.307    -0.432     0.000     0.000     2.786     0.000    -0.013     0.584     9.960   297.638     0.393   0.17E-01     0.000     0.187   206.758
   250.000   -73.471     0.004    -2.127     1.007     0.023    -0.140     0.000     0.000     0.040     0.000    -0.000     0.000     2.746   299.572     0.385   0.16E-02    -0.000     0.061   196.279
   200.000   -71.287     0.001    -4.000     0.157    -0.003    -0.052     0.000     0.000     0.000     0.000    -0.000     0.000     0.040   312.927     0.000   0.14E-04    -0.000     0.003   183.537
   150.000   -72.229     0.001    -4.000     0.117     0.000     0.005     0.000     0.000     0.000     0.000     0.000     0.000     0.000   327.125     0.000   0.00E+00     0.000     0.000   167.120
   100.000   -71.598     0.001    -4.000     0.078     0.000     0.008     0.000     0.000     0.000     0.000     0.000     0.000     0.000   350.164     0.000   0.00E+00     0.000     0.000   144.142
    80.000   -69.251     0.001    -4.000     0.049     0.000     0.019     0.000     0.000     0.000     0.000     0.000     0.000     0.000   364.734     0.000   0.00E+00     0.000     0.000     0.000
    60.000   -63.028     0.001     0.000     0.018     0.000     0.051     0.000     0.000     0.000     0.000     0.000     0.000     0.000   387.289     0.000   0.00E+00     0.000     0.000     0.000
    40.000   -54.664     0.001     0.000     0.005     0.000     0.093     0.000     0.000     0.000     0.000     0.000     0.000     0.000   419.513     0.000   0.00E+00     0.000     0.000     0.000
    30.000   -48.482     0.001     0.000     0.002     0.000     0.123     0.000     0.000     0.000     0.000     0.000     0.000     0.000   443.360     0.000   0.00E+00     0.000     0.000     0.000
    25.000   -37.616     0.001     0.000     0.001     0.000     0.178     0.000     0.000     0.000     0.000     0.000     0.000     0.000   465.743     0.000   0.00E+00    -0.001     0.000     0.000
