  1000.000     2.968     2.983    -0.000     0.634    -1.353    -0.914     2.606     0.000     0.000     0.000     0.000     0.000     0.000   289.531     0.000   0.00E+00    -0.656     0.269   276.074
   950.000    -1.130     2.823     0.001     0.809     0.219    -1.434     0.837     0.000    19.832     0.000   -15.737     0.000     0.000   289.531     0.000   0.47E-07    -1.042     0.300   272.065
   900.000    -4.917     2.003    -0.044     0.728     1.431    -1.451     0.000     0.000    19.830    -0.000   -14.175     0.000     2.046   286.130     0.003   0.82E-01    -0.297     0.332   268.190
   850.000    -8.473     1.337     0.395     0.638     1.494    -1.515     0.000     0.000    18.532    -2.045   -10.091     2.563     2.450   285.168     0.040   0.27E+00     0.219     0.365   265.145
   800.000   -12.127     0.844     0.598     0.529     1.586    -1.608     0.000     0.000    16.979    -2.450    -7.277     2.902     1.681   283.787     0.017   0.25E+00     0.576     0.395   261.797
   750.000   -15.903     0.473     0.574     0.391     1.566    -1.590     0.000     0.000    15.546    -1.679    -5.701     2.229     0.675   284.730     0.003   0.17E+00     0.773     0.416   258.100
   700.000   -19.956     0.242     0.400     0.278     1.469    -1.493     0.000     0.000    15.022    -0.657    -4.630     1.941     0.553   283.816     0.001   0.13E+00     0.764     0.424   254.010
   650.000   -24.407     0.117     0.207     0.207     1.324    -1.350     0.000     0.000    14.657    -0.529    -3.731     1.800     0.448   284.927     0.000   0.98E-01     0.649     0.423   249.482
   600.000   -29.276     0.055     0.004     0.165     1.129    -1.156     0.000     0.000    14.453    -0.424    -2.844     1.706     0.492   286.189     0.001   0.80E-01     0.478     0.411   244.475
   550.000   -34.647     0.025    -0.168     0.130     0.728    -0.757     0.000     0.000    14.368    -0.472    -2.052     1.950     0.059   286.580     0.001   0.65E-01     0.322     0.390   238.952
   500.000   -40.690     0.019    -0.225     0.164     0.571    -0.602     0.000     0.000    15.332    -0.044    -1.230     2.570     0.012   286.899     0.003   0.40E-01     0.186     0.359   232.879
   450.000   -47.355     0.016    -0.222     0.272     0.516    -0.550     0.000     0.000    17.403     0.000    -0.547     3.680     0.086   287.076     0.020   0.59E-01     0.086     0.318   226.214
   400.000   -54.670     0.014    -0.221     0.473     0.404    -0.440     0.000     0.000    22.397     0.000    -0.182     7.005     0.608   287.301     0.092   0.57E-01     0.030     0.271   218.895
   350.000   -62.758     0.013    -0.205     0.912     0.374    -0.412    -0.000     0.000     5.130     0.000    -0.034     1.001    17.862   287.397     0.350   0.20E-01     0.003     0.215   210.824
   300.000   -71.336     0.004    -0.484     0.992     0.085    -0.126     0.000     0.000     0.782     0.000    -0.005     0.165     4.486   287.537     0.445   0.73E-02     0.000     0.095   201.835
   250.000   -74.973     0.003    -4.000     1.004     0.016    -0.051     0.000     0.000     0.027     0.000    -0.000     0.000     0.754   292.659     0.325   0.70E-03    -0.000     0.019   191.481
   200.000   -73.603     0.001    -4.000     0.192    -0.001    -0.020     0.000     0.000     0.000     0.000    -0.000     0.000     0.027   306.777     0.000   0.85E-05    -0.000     0.002   178.865
   150.000   -74.158     0.001    -4.000     0.152     0.000    -0.005     0.000     0.000     0.000     0.000     0.000     0.000     0.000   322.649     0.000   0.63E-10    -0.000     0.000   162.617
   100.000   -72.288     0.001    -4.000     0.078     0.000     0.000     0.000     0.000     0.000     0.000     0.000     0.000     0.000   347.120     0.000   0.00E+00     0.000     0.000   139.785
    80.000   -68.812     0.001    -4.000     0.039     0.000     0.005     0.000     0.000     0.000     0.000     0.000     0.000     0.000   362.368     0.000   0.00E+00     0.000     0.000     0.000
    60.000   -61.059     0.001     0.000     0.011     0.000     0.014     0.000     0.000     0.000     0.000     0.000     0.000     0.000   387.396     0.000   0.00E+00     0.000     0.000     0.000
    40.000   -50.766     0.001     0.000     0.002     0.000     0.027     0.000     0.000     0.000     0.000     0.000     0.000     0.000   422.968     0.000   0.00E+00     0.000     0.000     0.000
    30.000   -42.494     0.001     0.000     0.001     0.000     0.038     0.000     0.000     0.000     0.000     0.000     0.000     0.000   448.858     0.000   0.00E+00     0.000     0.000     0.000
    25.000   -26.078     0.001     0.000     0.000     0.000     0.060     0.000     0.000     0.000     0.000     0.000     0.000     0.000   477.054     0.000   0.00E+00    -0.001     0.000     0.000
