  1000.000     4.868     3.438    -0.000     0.646    -1.488    -1.054     2.678     0.000     0.000     0.000     0.000     0.000     0.000   292.026     0.000   0.00E+00    -0.868     0.283   277.994
   950.000     0.783     3.263     0.001     0.815     0.942    -1.397     0.314     0.000    18.300     0.000   -12.054     0.000     0.003   292.030     0.000   0.12E-05    -1.092     0.318   273.958
   900.000    -3.022     2.447    -0.176     0.749     1.404    -1.419     0.000     0.000    18.284    -0.003   -14.198     0.003     2.385   289.599     0.003   0.15E-01    -0.377     0.339   270.007
   850.000    -6.574     1.701     0.362     0.688     1.472    -1.493     0.000     0.000    16.901    -2.371   -10.790     2.757     2.288   288.187     0.079   0.45E+00     0.160     0.371   267.066
   800.000   -10.175     1.078     0.567     0.572     1.582    -1.609     0.000     0.000    15.321    -2.257    -7.468     2.631     1.188   287.185     0.025   0.27E+00     0.589     0.405   263.827
   750.000   -13.839     0.537     0.510     0.430     1.542    -1.574     0.000     0.000    14.217    -1.157    -6.087     1.944     0.498   286.737     0.014   0.18E+00     0.799     0.428   260.242
   700.000   -17.678     0.246     0.317     0.323     1.406    -1.443     0.000     0.000    13.855    -0.383    -5.120     1.733     0.446   287.024     0.017   0.14E+00     0.772     0.439   256.259
   650.000   -22.036     0.114     0.129     0.262     1.238    -1.280     0.000     0.000    13.563    -0.325    -4.217     1.583     0.412   287.736     0.024   0.11E+00     0.638     0.439   251.827
   600.000   -26.834     0.064    -0.048     0.234     1.029    -1.080     0.000     0.000    13.342    -0.296    -3.211     1.575     0.385   288.370     0.034   0.92E-01     0.468     0.427   246.897
   550.000   -32.241     0.028    -0.190     0.235     0.805    -0.865     0.000     0.000    13.295    -0.265    -2.220     1.710     0.265   288.983     0.041   0.78E-01     0.316     0.403   241.425
   500.000   -38.248     0.020    -0.286     0.288     0.669    -0.740     0.000     0.000    13.649    -0.172    -1.284     2.017     0.085   289.540     0.052   0.63E-01     0.184     0.367   235.372
   450.000   -44.871     0.019    -0.367     0.474     0.641    -0.724     0.000     0.000    14.843    -0.009    -0.552     2.732     0.196   289.915     0.108   0.11E+00     0.060     0.322   228.695
   400.000   -52.155     0.016    -0.494     0.760     0.473    -0.570     0.000     0.000    14.108    -0.010    -0.157     2.622     2.419   290.232     0.230   0.96E-01     0.019     0.272   221.332
   350.000   -60.317     0.017    -0.642     0.875     0.377    -0.487    -0.000     0.000     8.339    -0.004    -0.034     2.062     7.082   290.498     0.195   0.13E-01     0.002     0.197   213.192
   300.000   -69.299     0.006    -1.080     1.012     0.098    -0.221     0.000     0.000     0.345     0.000    -0.000     0.000     7.994   291.039     0.473   0.25E-02    -0.000     0.104   204.121
   250.000   -74.174     0.003    -4.000     0.999    -0.008    -0.092     0.000     0.000     0.000     0.000    -0.000     0.000     0.345   295.235     0.413   0.70E-04    -0.000     0.014   193.706
   200.000   -72.427     0.001    -4.000     0.186     0.000    -0.021     0.000     0.000     0.000     0.000     0.000     0.000     0.000   308.510     0.000   0.29E-09    -0.000     0.000   181.025
   150.000   -73.159     0.001    -4.000     0.149     0.000    -0.000     0.000     0.000     0.000     0.000     0.000     0.000     0.000   323.309     0.000   0.00E+00     0.000     0.000   164.690
   100.000   -71.639     0.001    -4.000     0.090     0.000     0.010     0.000     0.000     0.000     0.000     0.000     0.000     0.000   346.831     0.000   0.00E+00     0.000     0.000   141.764
    80.000   -68.299     0.001    -4.000     0.053     0.000     0.032     0.000     0.000     0.000     0.000     0.000     0.000     0.000   361.886     0.000   0.00E+00     0.000     0.000     0.000
    60.000   -60.511     0.001     0.000     0.018     0.000     0.084     0.000     0.000     0.000     0.000     0.000     0.000     0.000   385.293     0.000   0.00E+00     0.000     0.000     0.000
    40.000   -50.259     0.001     0.000     0.005     0.000     0.153     0.000     0.000     0.000     0.000     0.000     0.000     0.000   419.154     0.000   0.00E+00     0.000     0.000     0.000
    30.000   -42.147     0.001     0.000     0.002     0.000     0.207     0.000     0.000     0.000     0.000     0.000     0.000     0.000   445.282     0.000   0.00E+00     0.000     0.000     0.000
    25.000   -26.131     0.001     0.000     0.000     0.000     0.313     0.000     0.000     0.000     0.000     0.000     0.000     0.000   474.029     0.000   0.00E+00    -0.001     0.000     0.000
