  1000.000     4.126     3.214    -0.000     0.634    -1.433    -0.988     2.656     0.000     0.000     0.000     0.000     0.000     0.000   289.308     0.000   0.00E+00    -0.764     0.272   277.248
   950.000     0.044     3.041     0.001     0.802     0.648    -1.378     0.517     0.000    19.463     0.000   -12.129     0.000     0.000   289.319     0.000   0.00E+00    -0.935     0.304   273.223
   900.000    -3.771     2.234    -0.093     0.750     1.414    -1.414     0.000     0.000    19.463     0.000   -15.568     0.000     2.293   287.040     0.003   0.22E-01    -0.341     0.326   269.237
   850.000    -7.290     1.517     0.379     0.672     1.493    -1.499     0.000     0.000    17.992    -2.293   -10.190     2.704     2.493   285.768     0.074   0.42E+00     0.180     0.360   266.251
   800.000   -10.902     0.982     0.578     0.561     1.602    -1.614     0.000     0.000    16.327    -2.461    -7.266     2.871     1.619   284.930     0.029   0.27E+00     0.552     0.392   262.964
   750.000   -14.674     0.571     0.535     0.418     1.555    -1.572     0.000     0.000    14.879    -1.574    -5.750     2.155     0.545   284.591     0.018   0.17E+00     0.748     0.413   259.329
   700.000   -18.679     0.277     0.333     0.311     1.429    -1.452     0.000     0.000    14.490    -0.472    -4.682     1.915     0.595   284.877     0.024   0.13E+00     0.706     0.421   255.298
   650.000   -23.042     0.143     0.146     0.251     1.257    -1.287     0.000     0.000    14.046    -0.524    -3.789     1.737     0.441   285.605     0.032   0.10E+00     0.587     0.418   250.823
   600.000   -27.904     0.067    -0.053     0.225     1.050    -1.088     0.000     0.000    13.799    -0.375    -2.815     1.689     0.470   286.148     0.041   0.87E-01     0.423     0.403   245.858
   550.000   -33.254     0.033    -0.226     0.218     0.758    -0.805     0.000     0.000    13.663    -0.388    -1.942     1.830     0.238   286.779     0.046   0.69E-01     0.283     0.378   240.361
   500.000   -39.301     0.024    -0.346     0.267     0.591    -0.649     0.000     0.000    14.116    -0.165    -1.124     2.212     0.106   287.179     0.054   0.55E-01     0.163     0.343   234.297
   450.000   -45.994     0.021    -0.439     0.427     0.556    -0.627     0.000     0.000    15.862    -0.015    -0.457     3.359     0.133   287.599     0.091   0.75E-01     0.058     0.300   227.624
   400.000   -53.283     0.016    -0.569     0.705     0.378    -0.462     0.000     0.000    16.031    -0.013    -0.134     3.121     1.955   287.919     0.201   0.70E-01     0.015     0.252   220.280
   350.000   -61.338     0.013    -0.729     0.873     0.334    -0.431    -0.000     0.000     7.130    -0.008    -0.021     1.778     9.920   288.149     0.244   0.48E-02     0.001     0.185   212.169
   300.000   -70.234     0.005    -1.297     1.002     0.044    -0.153     0.000     0.000     0.179    -0.003    -0.000     0.003     6.948   288.840     0.459   0.15E-02    -0.000     0.081   203.134
   250.000   -74.484     0.003    -4.000     0.999    -0.003    -0.080     0.000     0.000     0.000     0.000    -0.000     0.000     0.179   293.928     0.456   0.31E-04    -0.000     0.007   192.744
   200.000   -73.003     0.001    -4.000     0.209     0.000    -0.005     0.000     0.000     0.000     0.000     0.000     0.000     0.000   306.596     0.000   0.20E-09    -0.000     0.000   180.093
   150.000   -73.726     0.001    -4.000     0.164     0.000    -0.004     0.000     0.000     0.000     0.000     0.000     0.000     0.000   321.973     0.000   0.00E+00     0.000     0.000   163.805
   100.000   -72.111     0.001    -4.000     0.097     0.000     0.007     0.000     0.000     0.000     0.000     0.000     0.000     0.000   345.551     0.000   0.00E+00     0.000     0.000   140.938
    80.000   -68.712     0.001    -4.000     0.056     0.000     0.030     0.000     0.000     0.000     0.000     0.000     0.000     0.000   360.603     0.000   0.00E+00     0.000     0.000     0.000
    60.000   -60.862     0.001     0.000     0.019     0.000     0.082     0.000     0.000     0.000     0.000     0.000     0.000     0.000   383.934     0.000   0.00E+00     0.000     0.000     0.000
    40.000   -50.537     0.001     0.000     0.005     0.000     0.151     0.000     0.000     0.000     0.000     0.000     0.000     0.000   417.855     0.000   0.00E+00     0.000     0.000     0.000
    30.000   -42.315     0.001     0.000     0.002     0.000     0.206     0.000     0.000     0.000     0.000     0.000     0.000     0.000   444.044     0.000   0.00E+00     0.000     0.000     0.000
    25.000   -26.083     0.001     0.000     0.000     0.000     0.313     0.000     0.000     0.000     0.000     0.000     0.000     0.000   472.984     0.000   0.00E+00    -0.001     0.000     0.000
