     0.250     0.033     1.819    13.646    14.463   -19.674     1.303   262.611   260.430    16.051  1008.811     0.125   267.530
     0.500     0.056     1.847    13.808    14.904   -19.965     1.303   262.666   260.440    19.094  1007.287     0.375   265.198
     0.750     0.428     1.933    14.070    15.310   -20.256     1.303   262.706   260.525    22.002  1005.545     0.625   259.879
     1.000     1.098     2.016    14.312    15.680   -20.545     1.303   262.713   260.830    24.507  1003.877     0.875   256.300
     1.250     1.725     2.110    14.550    16.012   -20.833     1.303   262.727   261.185    26.740  1002.253     1.125   253.224
     1.500     2.145     2.209    14.784    16.308   -21.119     1.303   262.711   261.827    28.773  1000.650     1.375   250.356
     1.750     2.410     2.297    15.001    16.570   -21.401     1.303   262.694   262.465    30.634   999.087     1.625   247.628
     2.000     2.575     2.377    15.198    16.803   -21.693     1.307   262.680   263.088    32.366   997.545     1.875   244.965
     2.250     2.615     2.447    15.379    17.010   -22.021     1.324   262.668   263.628    34.003   996.011     2.125   242.424
     2.500     2.752     2.509    15.542    17.195   -22.285     1.338   262.666   264.135    35.456   994.592     2.375   240.404
     2.750     2.739     2.563    15.693    17.361   -22.469     1.348   262.662   264.591    37.001   992.919     2.625   237.916
     3.000     3.268     2.615    15.814    17.509   -22.543     1.337   262.650   265.281    38.444   991.239     2.875   235.877
     3.250     3.372     2.660    15.926    17.641   -22.600     1.354   262.629   266.133    39.823   989.569     3.125   233.797
     3.500     3.422     2.694    16.030    17.759   -22.629     1.411   262.614   266.801    41.016   988.136     3.375   232.198
     3.750     3.429     2.727    16.127    17.866   -22.600     1.425   262.603   267.465    42.249   986.571     3.625   230.158
     4.000     3.370     2.755    16.221    17.962   -22.419     1.348   262.592   268.010    43.377   985.072     3.875   228.348
     4.250     3.463     2.791    16.301    18.049   -22.211     1.253   262.580   268.649    44.397   983.734     4.125   226.923
     4.500     3.660     2.815    16.370    18.125   -22.067     1.194   262.561   269.414    45.360   982.440     4.375   225.386
     4.750     3.641     2.832    16.436    18.195   -21.955     1.141   262.544   270.142    46.249   981.176     4.625   223.895
     5.000     3.461     2.850    16.502    18.259   -21.836     1.083   262.535   270.612    47.051   979.944     4.875   222.710
     5.250     3.450     2.873    16.560    18.317   -21.711     1.018   262.533   270.857    47.851   978.717     5.125   221.468
     5.500     3.559     2.894    16.609    18.369   -21.591     0.954   262.519   271.557    48.653   977.466     5.375   220.030
     5.750     3.661     2.906    16.651    18.415   -21.513     0.900   262.505   272.273    49.334   976.383     5.625   218.888
     6.000     3.496     2.915    16.697    18.458   -21.470     0.856   262.491   272.974    49.906   975.368     5.875   218.079
     6.250     3.448     2.929    16.741    18.499   -21.424     0.814   262.490   273.256    50.452   974.379     6.125   217.310
     6.500     3.506     2.946    16.779    18.535   -21.314     0.765   262.483   273.771    50.969   973.467     6.375   216.598
     6.750     3.652     2.962    16.807    18.566   -21.168     0.712   262.470   274.345    51.439   972.688     6.625   215.993
     7.000     3.696     2.971    16.831    18.593   -21.054     0.660   262.455   274.931    51.892   971.918     6.875   215.315
     7.250     3.644     2.978    16.855    18.617   -20.983     0.613   262.440   275.546    52.354   971.050     7.125   214.468
     7.500     3.677     2.986    16.875    18.638   -20.942     0.573   262.423   276.222    52.749   970.297     7.375   213.783
     7.750     3.484     2.992    16.898    18.657   -20.952     0.543   262.411   276.577    53.077   969.584     7.625   213.312
     8.000     3.359     3.001    16.921    18.674   -20.964     0.518   262.403   276.923    53.399   968.848     7.875   212.857
     8.250     3.340     3.010    16.938    18.689   -20.976     0.500   262.398   277.357    53.708   968.196     8.125   212.432
     8.500     3.360     3.016    16.950    18.700   -20.996     0.482   262.393   277.747    53.996   967.652     8.375   212.056
     8.750     3.410     3.033    16.956    18.708   -20.968     0.459   262.386   277.951    54.277   967.085     8.625   211.676
     9.000     3.469     3.027    16.960    18.713   -20.896     0.438   262.371   278.258    54.525   966.479     8.875   211.280
     9.250     3.521     3.022    16.966    18.717   -20.848     0.464   262.358   278.394    54.745   965.999     9.125   210.979
     9.500     3.478     3.059    16.973    18.717   -20.868     0.515   262.352   278.542    54.942   965.594     9.375   210.750
     9.750     3.347     3.067    16.975    18.714   -20.909     0.514   262.347   278.941    55.137   965.208     9.625   210.517
    10.000     3.350     3.072    16.972    18.709   -20.960     0.496   262.342   278.378    55.306   964.826     9.875   210.251
    10.250     3.411     3.071    16.964    18.703   -20.996     0.447   262.331   280.121    55.456   964.490    10.125   209.992
    10.500     3.472     3.068    16.953    18.697   -21.033     0.398   262.323   280.513    55.594   964.215    10.375   209.740
    10.750     3.453     3.070    16.944    18.689   -21.057     0.356   262.313   281.031    55.739   963.924    10.625   209.465
    11.000     3.432     3.072    16.934    18.681   -21.057     0.320   262.305   281.415    55.889   963.649    10.875   209.185
    11.250     3.543     3.058    16.920    18.671   -21.017     0.294   262.290   281.371    56.046   963.313    11.125   208.821
    11.500     3.453     3.074    16.913    18.660   -20.980     0.295   262.279   280.615    56.204   962.942    11.375   208.446
    11.750     3.266     3.086    16.907    18.648   -20.984     0.297   262.272   281.353    56.379   962.548    11.625   208.078
    12.000     3.284     3.076    16.894    18.634   -21.010     0.290   262.265   281.541    56.507   962.286    11.875   207.812
    12.250     3.432     3.031    16.873    18.619   -21.027     0.288   262.254   281.570    56.569   962.117    12.125   207.688
    12.500     3.458     3.093    16.862    18.603   -21.078     0.297   262.244   281.697    56.624   961.903    12.375   207.565
    12.750     3.286     3.079    16.848    18.587   -21.119     0.296   262.236   281.707    56.701   961.716    12.625   207.456
    13.000     3.268     3.090    16.831    18.569   -21.160     0.289   262.230   281.658    56.770   961.548    12.875   207.356
    13.250     3.291     3.094    16.810    18.549   -21.199     0.281   262.224   281.856    56.816   961.413    13.125   207.261
    13.500     3.339     3.098    16.788    18.530   -21.237     0.271   262.217   280.928    56.850   961.273    13.375   207.163
    13.750     3.355     3.030    16.765    18.510   -21.252     0.278   262.208   280.485    56.881   961.196    13.625   207.074
    14.000     3.300     3.077    16.750    18.490   -21.299     0.286   262.198   281.857    56.926   961.048    13.875   206.986
    14.250     3.180     3.070    16.732    18.469   -21.343     0.280   262.196   280.736    56.983   960.895    14.125   206.906
    14.500     3.224     3.095    16.711    18.448   -21.383     0.274   262.190   281.480    57.016   960.776    14.375   206.833
    14.750     3.334     3.097    16.684    18.425   -21.413     0.271   262.182   281.687    57.033   960.709    14.625   206.756
    15.000     3.329     3.028    16.659    18.403   -21.446     0.281   262.177   281.723    57.040   960.682    14.875   206.691
    15.250     3.232     3.085    16.642    18.382   -21.495     0.280   262.169   281.855    57.073   960.543    15.125   206.623
    15.500     3.221     3.098    16.622    18.360   -21.541     0.272   262.165   281.742    57.096   960.406    15.375   206.557
    15.750     3.375     3.087    16.593    18.337   -21.580     0.278   262.156   281.806    57.105   960.384    15.625   206.497
    16.000     3.318     3.076    16.572    18.315   -21.628     0.282   262.148   281.094    57.106   960.285    15.875   206.437
    16.250     3.188     3.069    16.551    18.293   -21.686     0.279   262.142   281.635    57.139   960.191    16.125   206.378
    16.500     3.208     3.077    16.527    18.270   -21.734     0.268   262.138   281.856    57.159   960.131    16.375   206.323
    16.750     3.270     3.074    16.499    18.247   -21.770     0.255   262.135   282.039    57.166   960.115    16.625   206.271
    17.000     3.405     3.076    16.473    18.224   -21.785     0.251   262.123   281.957    57.143   960.043    16.875   206.218
    17.250     3.387     3.073    16.450    18.202   -21.807     0.260   262.114   281.234    57.144   960.006    17.125   206.170
    17.500     3.172     3.057    16.433    18.181   -21.869     0.261   262.108   282.223    57.168   959.939    17.375   206.129
    17.750     3.206     3.070    16.411    18.158   -21.925     0.250   262.104   281.856    57.186   959.862    17.625   206.084
    18.000     3.274     3.050    16.382    18.135   -21.965     0.237   262.099   282.422    57.192   959.881    17.875   206.046
    18.250     3.456     3.062    16.353    18.111   -21.972     0.235   262.086   282.532    57.152   959.901    18.125   206.026
    18.500     3.334     3.055    16.334    18.090   -22.019     0.245   262.078   282.713    57.122   959.877    18.375   206.017
    18.750     3.277     3.056    16.312    18.067   -22.098     0.240   262.069   283.130    57.141   959.885    18.625   205.993
    19.000     3.222     3.056    16.288    18.043   -22.176     0.226   262.065   283.054    57.145   959.900    18.875   205.976
    19.250     3.300     3.053    16.258    18.018   -22.212     0.208   262.059   283.242    57.138   959.946    19.125   205.960
    19.500     3.430     3.058    16.229    17.994   -22.202     0.197   262.046   282.424    57.098   959.988    19.375   205.948
    19.750     3.327     3.053    16.206    17.970   -22.198     0.210   262.032   283.164    57.082   960.007    19.625   205.927
    20.000     3.243     3.037    16.186    17.946   -22.243     0.225   262.025   283.075    57.086   959.984    19.875   205.905
    20.250     3.183     3.054    16.164    17.921   -22.326     0.221   262.020   282.918    57.091   959.954    20.125   205.885
    20.500     3.259     3.059    16.135    17.895   -22.391     0.209   262.016   282.764    57.083   959.991    20.375   205.864
    20.750     3.371     3.025    16.103    17.869   -22.413     0.204   262.002   283.029    57.041   960.078    20.625   205.858
    21.000     3.293     2.991    16.078    17.845   -22.448     0.217   261.992   283.047    57.010   960.096    20.875   205.852
    21.250     3.204     3.044    16.059    17.820   -22.527     0.219   261.985   282.886    57.012   960.061    21.125   205.833
    21.500     3.139     3.046    16.034    17.794   -22.605     0.209   261.982   282.964    57.015   960.077    21.375   205.818
    21.750     3.234     3.023    16.002    17.767   -22.637     0.196   261.976   282.969    57.000   960.149    21.625   205.807
    22.000     3.394     3.037    15.970    17.741   -22.631     0.192   261.964   282.873    56.954   960.220    21.875   205.799
    22.250     3.249     3.036    15.948    17.716   -22.673     0.209   261.954   282.859    56.925   960.221    22.125   205.790
    22.500     3.186     3.035    15.926    17.690   -22.733     0.211   261.947   282.575    56.925   960.207    22.375   205.770
    22.750     3.126     3.031    15.900    17.664   -22.814     0.204   261.944   282.726    56.925   960.244    22.625   205.757
    23.000     3.224     3.038    15.871    17.637   -22.865     0.193   261.939   281.894    56.900   960.252    22.875   205.735
    23.250     3.347     3.030    15.839    17.610   -22.871     0.195   261.926   282.708    56.857   960.351    23.125   205.727
    23.500     3.186     2.994    15.815    17.585   -22.907     0.210   261.919   282.520    56.835   960.373    23.375   205.725
    23.750     3.169     3.021    15.793    17.559   -22.984     0.210   261.912   282.619    56.837   960.372    23.625   205.705
    24.000     3.116     3.020    15.765    17.533   -23.065     0.200   261.910   282.642    56.834   960.400    23.875   205.690
    24.250     3.239     3.012    15.733    17.506   -23.095     0.187   261.902   282.576    56.800   960.451    24.125   205.684
    24.500     3.370     3.017    15.702    17.479   -23.092     0.189   261.892   281.420    56.756   960.526    24.375   205.670
    24.750     3.161     3.011    15.682    17.454   -23.141     0.200   261.883   282.798    56.735   960.522    24.625   205.659
    25.000     3.101     3.014    15.659    17.428   -23.215     0.193   261.878   282.703    56.742   960.517    24.875   205.643
    25.250     3.123     2.996    15.629    17.402   -23.278     0.182   261.875   282.746    56.736   960.584    25.125   205.630
    25.500     3.329     3.007    15.595    17.375   -23.294     0.173   261.864   282.511    56.687   960.647    25.375   205.626
    25.750     3.282     3.003    15.568    17.350   -23.308     0.184   261.852   282.487    56.645   960.695    25.625   205.623
    26.000     3.164     3.000    15.547    17.325   -23.376     0.190   261.844   282.584    56.639   960.699    25.875   205.607
    26.250     3.067     2.999    15.524    17.299   -23.466     0.184   261.841   282.661    56.652   960.696    26.125   205.580
    26.500     3.163     2.981    15.492    17.271   -23.507     0.173   261.836   282.427    56.641   960.761    26.375   205.569
    26.750     3.316     2.995    15.459    17.245   -23.502     0.169   261.825   282.210    56.590   960.830    26.625   205.566
    27.000     3.179     2.997    15.438    17.220   -23.537     0.185   261.815   281.782    56.554   960.813    26.875   205.558
    27.250     3.113     2.991    15.415    17.194   -23.606     0.190   261.809   282.273    56.559   960.821    27.125   205.541
    27.500     3.061     2.991    15.389    17.168   -23.690     0.183   261.806   282.145    56.562   960.834    27.375   205.521
    27.750     3.174     2.968    15.357    17.141   -23.732     0.173   261.800   282.111    56.538   960.906    27.625   205.512
    28.000     3.274     2.987    15.331    17.115   -23.749     0.177   261.788   281.980    56.471   960.911    27.875   205.504
    28.250     3.222     2.961    15.301    17.090   -23.770     0.187   261.778   282.062    56.460   960.995    28.125   205.500
    28.500     3.074     2.976    15.279    17.064   -23.846     0.185   261.773   282.138    56.467   960.992    28.375   205.485
    28.750     3.070     2.975    15.253    17.038   -23.914     0.176   261.770   282.133    56.461   961.015    28.625   205.466
    29.000     3.176     2.967    15.221    17.012   -23.952     0.166   261.764   282.146    56.432   961.073    28.875   205.458
    29.250     3.295     2.969    15.190    16.986   -23.956     0.165   261.751   282.078    56.385   961.138    29.125   205.452
    29.500     3.172     2.962    15.168    16.961   -24.001     0.176   261.740   282.041    56.364   961.137    29.375   205.440
    29.750     3.034     2.955    15.146    16.936   -24.075     0.175   261.736   282.045    56.377   961.145    29.625   205.426
    30.000     3.048     2.968    15.121    16.910   -24.133     0.168   261.734   281.895    56.371   961.162    29.875   205.413
    30.250     3.184     2.968    15.088    16.883   -24.163     0.160   261.727   281.041    56.341   961.217    30.125   205.399
    30.500     3.183     2.893    15.058    16.858   -24.169     0.169   261.716   281.624    56.301   961.284    30.375   205.390
    30.750     3.185     2.952    15.035    16.833   -24.227     0.185   261.706   281.719    56.279   961.299    30.625   205.392
    31.000     3.017     2.959    15.014    16.807   -24.317     0.183   261.701   281.685    56.288   961.276    30.875   205.373
    31.250     3.017     2.955    14.987    16.781   -24.384     0.173   261.700   281.544    56.283   961.318    31.125   205.359
    31.500     3.134     2.933    14.954    16.754   -24.413     0.162   261.694   281.495    56.252   961.391    31.375   205.352
    31.750     3.226     2.926    14.924    16.728   -24.414     0.163   261.681   281.560    56.203   961.456    31.625   205.342
    32.000     3.159     2.928    14.900    16.704   -24.446     0.176   261.671   281.541    56.182   961.474    31.875   205.335
    32.250     3.020     2.932    14.878    16.678   -24.527     0.175   261.667   281.600    56.193   961.467    32.125   205.317
    32.500     3.005     2.931    14.853    16.653   -24.595     0.167   261.665   281.387    56.188   961.481    32.375   205.301
    32.750     3.114     2.921    14.822    16.626   -24.629     0.157   261.660   281.327    56.164   961.538    32.625   205.288
    33.000     3.240     2.936    14.791    16.601   -24.629     0.156   261.647   281.259    56.117   961.593    32.875   205.279
    33.250     3.101     2.930    14.772    16.577   -24.664     0.169   261.637   281.236    56.091   961.563    33.125   205.263
    33.500     3.020     2.936    14.749    16.552   -24.738     0.169   261.632   281.282    56.109   961.575    33.375   205.247
    33.750     2.978     2.921    14.723    16.526   -24.802     0.162   261.631   281.068    56.109   961.597    33.625   205.230
    34.000     3.103     2.924    14.692    16.500   -24.836     0.155   261.626   281.014    56.082   961.656    33.875   205.219
    34.250     3.221     2.927    14.663    16.476   -24.842     0.156   261.616   279.962    56.032   961.711    34.125   205.209
    34.500     3.099     2.920    14.640    16.451   -24.889     0.166   261.604   281.146    56.015   961.716    34.375   205.200
    34.750     2.990     2.924    14.619    16.427   -24.966     0.164   261.599   281.171    56.028   961.707    34.625   205.183
    35.000     2.982     2.909    14.593    16.401   -25.023     0.156   261.598   281.022    56.023   961.743    34.875   205.166
    35.250     3.106     2.936    14.564    16.376   -25.056     0.148   261.592   280.332    55.990   961.760    35.125   205.150
    35.500     2.833     2.917    14.542    16.347   -25.064     0.161   261.593   280.350    56.020   961.803    35.375   205.138
    35.750     2.905     2.949    14.519    16.318   -25.109     0.179   261.593   280.306    56.007   961.801    35.625   205.127
    36.000     2.964     2.950    14.493    16.288   -25.200     0.228   261.589   279.916    55.985   961.806    35.875   205.103
    36.250     2.978     2.935    14.465    16.258   -25.313     0.241   261.576   279.787    55.973   961.870    36.125   205.086
    36.500     2.951     2.900    14.440    16.229   -25.432     0.236   261.588   279.603    55.950   961.870    36.375   205.070
    36.750     3.057     2.940    14.414    16.200   -25.522     0.252   261.579   279.806    55.904   961.867    36.625   205.050
    37.000     3.055     2.931    14.384    16.173   -25.592     0.252   261.573   279.712    55.863   961.900    36.875   205.028
    37.250     3.095     2.920    14.352    16.147   -25.627     0.239   261.568   279.536    55.831   961.982    37.125   205.007
    37.500     3.034     2.915    14.327    16.122   -25.672     0.229   261.560   279.731    55.789   961.988    37.375   204.988
    37.750     3.068     2.909    14.298    16.098   -25.689     0.206   261.554   279.722    55.764   962.049    37.625   204.968
    38.000     3.070     2.902    14.270    16.075   -25.702     0.192   261.547   279.607    55.744   962.123    37.875   204.948
    38.250     3.050     2.899    14.246    16.052   -25.711     0.187   261.540   279.652    55.723   962.147    38.125   204.929
    38.500     3.041     2.898    14.221    16.030   -25.731     0.187   261.535   279.469    55.707   962.184    38.375   204.908
    38.750     3.038     2.897    14.198    16.007   -25.765     0.187   261.526   279.569    55.693   962.204    38.625   204.887
    39.000     3.023     2.882    14.173    15.985   -25.802     0.192   261.520   279.388    55.683   962.256    38.875   204.868
    39.250     3.048     2.893    14.150    15.962   -25.844     0.206   261.514   279.202    55.668   962.280    39.125   204.851
    39.500     3.026     2.850    14.127    15.940   -25.901     0.209   261.506   278.837    55.654   962.310    39.375   204.830
    39.750     3.027     2.848    14.104    15.918   -25.960     0.211   261.499   279.221    55.642   962.328    39.625   204.809
    40.000     3.054     2.877    14.081    15.895   -26.007     0.210   261.494   279.121    55.629   962.350    39.875   204.791
    40.250     3.030     2.886    14.059    15.872   -26.060     0.226   261.486   279.271    55.612   962.346    40.125   204.771
    40.500     3.025     2.884    14.035    15.850   -26.125     0.229   261.479   279.281    55.596   962.365    40.375   204.751
    40.750     3.020     2.881    14.012    15.827   -26.154     0.207   261.474   278.386    55.579   962.386    40.625   204.732
    41.000     2.992     2.878    13.988    15.805   -26.180     0.213   261.467   279.081    55.567   962.422    40.875   204.712
    41.250     3.010     2.865    13.965    15.783   -26.209     0.203   261.460   279.197    55.554   962.455    41.125   204.692
    41.500     3.012     2.863    13.941    15.760   -26.238     0.197   261.454   279.084    55.539   962.481    41.375   204.675
    41.750     3.010     2.846    13.917    15.738   -26.272     0.192   261.447   279.167    55.523   962.514    41.625   204.655
    42.000     2.996     2.828    13.893    15.716   -26.297     0.185   261.441   278.931    55.509   962.547    41.875   204.636
    42.250     2.990     2.871    13.874    15.694   -26.333     0.205   261.435   278.902    55.484   962.520    42.125   204.617
    42.500     3.006     2.868    13.849    15.671   -26.373     0.198   261.430   278.072    55.476   962.578    42.375   204.598
    42.750     3.002     2.867    13.827    15.649   -26.421     0.192   261.422   278.520    55.458   962.588    42.625   204.575
    43.000     2.980     2.853    13.802    15.627   -26.447     0.202   261.416   278.732    55.457   962.642    42.875   204.555
    43.250     2.977     2.820    13.779    15.605   -26.497     0.205   261.411   278.608    55.442   962.669    43.125   204.535
    43.500     3.006     2.861    13.757    15.583   -26.547     0.198   261.403   278.321    55.420   962.657    43.375   204.515
    43.750     2.975     2.816    13.732    15.560   -26.580     0.209   261.398   278.544    55.415   962.716    43.625   204.493
    44.000     2.977     2.830    13.710    15.538   -26.635     0.203   261.392   278.668    55.401   962.737    43.875   204.476
    44.250     2.986     2.812    13.686    15.516   -26.665     0.187   261.385   278.558    55.384   962.764    44.125   204.457
    44.500     2.996     2.840    13.663    15.494   -26.688     0.184   261.379   278.561    55.367   962.797    44.375   204.440
    44.750     2.980     2.838    13.640    15.472   -26.720     0.181   261.371   278.627    55.354   962.823    44.625   204.420
    45.000     2.956     2.837    13.617    15.451   -26.746     0.179   261.365   278.649    55.344   962.837    44.875   204.402
    45.250     2.967     2.836    13.594    15.429   -26.778     0.186   261.361   278.265    55.328   962.869    45.125   204.382
    45.500     2.948     2.847    13.573    15.407   -26.824     0.186   261.354   277.949    55.312   962.863    45.375   204.362
    45.750     2.966     2.843    13.548    15.385   -26.859     0.188   261.350   277.455    55.304   962.901    45.625   204.342
    46.000     2.947     2.842    13.527    15.363   -26.912     0.208   261.343   278.174    55.283   962.905    45.875   204.324
    46.250     2.969     2.827    13.501    15.341   -26.962     0.199   261.338   278.127    55.279   962.970    46.125   204.304
    46.500     2.969     2.825    13.477    15.320   -27.004     0.187   261.330   278.138    55.266   962.990    46.375   204.283
    46.750     2.948     2.823    13.455    15.298   -27.031     0.187   261.324   277.961    55.255   963.003    46.625   204.262
    47.000     2.940     2.834    13.434    15.277   -27.066     0.188   261.318   278.025    55.236   962.997    46.875   204.245
    47.250     2.944     2.831    13.411    15.255   -27.097     0.185   261.314   277.274    55.228   963.028    47.125   204.223
    47.500     2.916     2.831    13.390    15.234   -27.135     0.198   261.307   278.050    55.209   963.024    47.375   204.201
    47.750     2.947     2.815    13.364    15.213   -27.173     0.187   261.301   277.955    55.206   963.087    47.625   204.184
    48.000     2.960     2.825    13.343    15.192   -27.215     0.178   261.294   277.600    55.184   963.081    47.875   204.164
    48.250     2.952     2.822    13.319    15.170   -27.238     0.175   261.287   277.971    55.173   963.115    48.125   204.146
    48.500     2.918     2.779    13.296    15.149   -27.266     0.173   261.282   277.785    55.166   963.168    48.375   204.127
    48.750     2.935     2.821    13.277    15.128   -27.300     0.176   261.277   277.806    55.144   963.155    48.625   204.109
    49.000     2.938     2.818    13.253    15.107   -27.333     0.176   261.269   277.831    55.137   963.191    48.875   204.089
    49.250     2.936     2.817    13.231    15.086   -27.371     0.186   261.264   277.802    55.125   963.220    49.125   204.070
    49.500     2.938     2.813    13.208    15.065   -27.417     0.179   261.258   277.657    55.115   963.265    49.375   204.050
    49.750     2.931     2.813    13.187    15.044   -27.453     0.175   261.251   277.717    55.099   963.267    49.625   204.031
    50.000     2.914     2.769    13.163    15.023   -27.484     0.173   261.244   277.667    55.092   963.315    49.875   204.012
