  1000.000     3.518     3.133     0.000     0.645    -1.473    -1.049     2.670     0.000     0.000     0.000     0.000     0.000     0.000   292.505     0.000   0.00E+00    -0.835     0.286   276.628
   950.000    -0.579     2.976     0.001     0.815     0.831    -1.438     0.406     0.000    18.409     0.000   -12.702     0.000     0.001   292.521     0.000   0.16E-06    -1.144     0.319   272.612
   900.000    -4.316     2.137    -0.144     0.739     1.417    -1.449     0.000     0.000    18.401    -0.001   -13.704     0.001     2.267   289.696     0.002   0.34E-01    -0.343     0.343   268.758
   850.000    -7.847     1.428     0.358     0.664     1.483    -1.517     0.000     0.000    17.062    -2.260   -10.174     2.647     2.293   288.257     0.049   0.30E+00     0.203     0.376   265.746
   800.000   -11.469     0.898     0.582     0.553     1.585    -1.623     0.000     0.000    15.539    -2.293    -7.600     2.694     1.257   287.343     0.017   0.28E+00     0.631     0.407   262.430
   750.000   -15.235     0.487     0.537     0.410     1.554    -1.595     0.000     0.000    14.430    -1.256    -6.206     2.023     0.449   287.052     0.004   0.17E+00     0.859     0.431   258.767
   700.000   -19.208     0.253     0.339     0.299     1.443    -1.486     0.000     0.000    14.113    -0.398    -5.180     1.775     0.465   287.406     0.004   0.13E+00     0.836     0.443   254.708
   650.000   -23.645     0.138     0.142     0.229     1.277    -1.324     0.000     0.000    13.799    -0.402    -4.293     1.629     0.359   287.767     0.005   0.11E+00     0.704     0.445   250.207
   600.000   -28.536     0.071    -0.045     0.193     1.078    -1.129     0.000     0.000    13.654    -0.296    -3.328     1.603     0.380   288.373     0.008   0.90E-01     0.516     0.436   245.222
   550.000   -33.898     0.028    -0.181     0.177     0.792    -0.848     0.000     0.000    13.598    -0.325    -2.393     1.767     0.166   289.026     0.012   0.90E-01     0.346     0.414   239.713
   500.000   -39.923     0.020    -0.233     0.219     0.649    -0.711     0.000     0.000    14.094    -0.117    -1.450     2.098     0.036   289.682     0.018   0.49E-01     0.201     0.380   233.644
   450.000   -46.600     0.018    -0.245     0.365     0.628    -0.695     0.000     0.000    15.336    -0.001    -0.637     2.839     0.208   289.991     0.061   0.10E+00     0.081     0.337   226.974
   400.000   -53.930     0.015    -0.292     0.595     0.480    -0.554     0.000     0.000    16.162    -0.001    -0.207     3.391     1.467   290.397     0.161   0.92E-01     0.023     0.285   219.641
   350.000   -62.045     0.015    -0.334     0.848     0.397    -0.478    -0.000     0.000     8.784     0.000    -0.040     2.266     8.783   290.574     0.226   0.25E-01     0.003     0.218   211.550
   300.000   -70.684     0.005    -0.537     1.017     0.131    -0.218     0.000     0.000     0.645     0.000    -0.001     0.077     8.180   290.894     0.452   0.42E-02    -0.000     0.114   202.536
   250.000   -74.610     0.003    -4.000     1.001    -0.004    -0.068     0.000     0.000     0.000     0.000    -0.000     0.000     0.645   294.921     0.438   0.32E-03    -0.000     0.019   192.159
   200.000   -72.923     0.001    -4.000     0.167     0.000    -0.033     0.000     0.000     0.000     0.000     0.000     0.000     0.000   309.184     0.000   0.30E-09    -0.000     0.000   179.508
   150.000   -73.445     0.001    -4.000     0.133     0.000    -0.001     0.000     0.000     0.000     0.000     0.000     0.000     0.000   324.127     0.000   0.00E+00     0.000     0.000   163.204
   100.000   -71.690     0.001    -4.000     0.076     0.000     0.005     0.000     0.000     0.000     0.000     0.000     0.000     0.000   348.146     0.000   0.00E+00     0.000     0.000   140.296
    80.000   -68.306     0.001    -4.000     0.041     0.000     0.016     0.000     0.000     0.000     0.000     0.000     0.000     0.000   363.799     0.000   0.00E+00     0.000     0.000     0.000
    60.000   -60.665     0.001     0.000     0.013     0.000     0.041     0.000     0.000     0.000     0.000     0.000     0.000     0.000   387.756     0.000   0.00E+00     0.000     0.000     0.000
    40.000   -50.515     0.001     0.000     0.003     0.000     0.075     0.000     0.000     0.000     0.000     0.000     0.000     0.000   422.239     0.000   0.00E+00     0.000     0.000     0.000
    30.000   -42.345     0.001     0.000     0.001     0.000     0.103     0.000     0.000     0.000     0.000     0.000     0.000     0.000   448.465     0.000   0.00E+00     0.000     0.000     0.000
    25.000   -26.115     0.001     0.000     0.000     0.000     0.157     0.000     0.000     0.000     0.000     0.000     0.000     0.000   476.696     0.000   0.00E+00    -0.001     0.000     0.000
