  1000.000     4.627     3.341     0.000     0.628    -1.471    -0.924     2.637     0.000     0.000     0.000     0.000     0.000     0.000   289.241     0.000   0.00E+00    -0.798     0.275   277.750
   950.000     0.539     3.167     0.001     0.794     0.527    -1.337     0.567     0.000    19.799     0.000   -12.484     0.000     0.001   289.247     0.000   0.80E-06    -0.956     0.309   273.718
   900.000    -3.309     2.357    -0.092     0.744     1.381    -1.383     0.000     0.000    19.795    -0.001   -15.828     0.001     2.283   286.928     0.001   0.91E-02    -0.349     0.331   269.723
   850.000    -6.870     1.631     0.398     0.663     1.497    -1.501     0.000     0.000    18.327    -2.280   -10.763     2.697     2.537   285.204     0.059   0.37E+00     0.183     0.366   266.765
   800.000   -10.469     1.029     0.611     0.544     1.634    -1.640     0.000     0.000    16.651    -2.528    -7.582     2.944     1.601   284.287     0.019   0.26E+00     0.579     0.398   263.508
   750.000   -14.128     0.519     0.568     0.387     1.598    -1.605     0.000     0.000    15.221    -1.591    -5.987     2.207     0.448   284.645     0.005   0.17E+00     0.795     0.421   259.905
   700.000   -18.009     0.286     0.364     0.271     1.482    -1.490     0.000     0.000    14.934    -0.416    -4.876     1.972     0.562   284.356     0.005   0.13E+00     0.753     0.431   255.903
   650.000   -22.433     0.126     0.182     0.202     1.309    -1.318     0.000     0.000    14.515    -0.534    -3.950     1.781     0.400   285.122     0.007   0.99E-01     0.632     0.428   251.455
   600.000   -27.192     0.076    -0.006     0.167     1.100    -1.111     0.000     0.000    14.314    -0.370    -2.942     1.711     0.450   286.224     0.009   0.80E-01     0.459     0.415   246.511
   550.000   -32.567     0.041    -0.156     0.146     0.777    -0.791     0.000     0.000    14.184    -0.419    -2.055     1.858     0.195   286.587     0.010   0.60E-01     0.310     0.391   241.028
   500.000   -38.545     0.020    -0.234     0.176     0.588    -0.604     0.000     0.000    14.657    -0.175    -1.220     2.215     0.021   287.015     0.013   0.44E-01     0.180     0.356   234.969
   450.000   -45.199     0.021    -0.266     0.313     0.566    -0.585     0.000     0.000    16.409    -0.003    -0.505     3.327     0.051   287.301     0.039   0.63E-01     0.070     0.314   228.289
   400.000   -52.585     0.024    -0.319     0.553     0.405    -0.428     0.000     0.000    17.131    -0.003    -0.159     3.285     1.445   287.364     0.140   0.66E-01     0.019     0.266   220.932
   350.000   -60.808     0.017    -0.351     0.780     0.363    -0.390    -0.000     0.000     9.906    -0.001    -0.031     2.678     8.995   287.429     0.162   0.43E-02     0.002     0.202   212.805
   300.000   -69.709     0.006    -0.536     1.001     0.073    -0.103     0.000     0.000     0.240    -0.000    -0.000     0.000     9.666   287.748     0.440   0.19E-02    -0.000     0.101   203.751
   250.000   -74.277     0.003    -4.000     0.999    -0.006    -0.018     0.000     0.000     0.000     0.000    -0.000     0.000     0.240   293.559     0.171   0.45E-04    -0.000     0.009   193.346
   200.000   -73.077     0.001    -4.000     0.187     0.000    -0.005     0.000     0.000     0.000     0.000     0.000     0.000     0.000   306.696     0.000   0.64E-10    -0.000     0.000   180.692
   150.000   -74.113     0.001    -4.000     0.162     0.000    -0.002     0.000     0.000     0.000     0.000     0.000     0.000     0.000   322.193     0.000   0.00E+00     0.000     0.000   164.424
   100.000   -73.167     0.001    -4.000     0.097     0.000    -0.000     0.000     0.000     0.000     0.000     0.000     0.000     0.000   345.220     0.000   0.00E+00     0.000     0.000   141.642
    80.000   -70.577     0.001    -4.000     0.054     0.000     0.004     0.000     0.000     0.000     0.000     0.000     0.000     0.000   360.128     0.000   0.00E+00     0.000     0.000     0.000
    60.000   -64.130     0.001     0.000     0.017     0.000     0.015     0.000     0.000     0.000     0.000     0.000     0.000     0.000   384.340     0.000   0.00E+00     0.000     0.000     0.000
    40.000   -55.478     0.001     0.000     0.004     0.000     0.029     0.000     0.000     0.000     0.000     0.000     0.000     0.000   416.350     0.000   0.00E+00     0.000     0.000     0.000
    30.000   -48.989     0.001     0.000     0.001     0.000     0.040     0.000     0.000     0.000     0.000     0.000     0.000     0.000   440.172     0.000   0.00E+00     0.000     0.000     0.000
    25.000   -37.491     0.001     0.000     0.000     0.000     0.060     0.000     0.000     0.000     0.000     0.000     0.000     0.000   463.864     0.000   0.00E+00    -0.001     0.000     0.000
