  1000.000     5.185     3.519    -0.000     0.665    -1.544    -1.187     2.721     0.000     0.000     0.000     0.000     0.000     0.000   297.252     0.000   0.00E+00    -0.959     0.307   278.314
   950.000     1.101     3.339     0.001     0.837     1.346    -1.483     0.066     0.000    16.611     0.000   -11.825     0.000     0.000   297.240     0.000   0.00E+00    -1.391     0.343   274.273
   900.000    -2.630     2.493    -0.238     0.744     1.427    -1.476     0.000     0.000    16.601     0.000   -12.176     0.000     2.224   294.155     0.000   0.16E-01    -0.406     0.366   270.304
   850.000    -6.078     1.699     0.305     0.680     1.461    -1.514     0.000     0.000    15.406    -2.214    -9.868     2.554     2.010   292.568     0.048   0.29E+00     0.195     0.396   267.379
   800.000    -9.594     1.105     0.554     0.573     1.558    -1.615     0.000     0.000    14.031    -2.010    -7.725     2.370     0.830   291.376     0.015   0.29E+00     0.688     0.428   264.156
   750.000   -13.280     0.679     0.517     0.437     1.539    -1.600     0.000     0.000    13.302    -0.827    -6.751     1.785     0.330   290.834     0.003   0.18E+00     0.973     0.453   260.587
   700.000   -17.283     0.401     0.314     0.327     1.429    -1.494     0.000     0.000    13.108    -0.255    -5.783     1.581     0.301   290.998     0.004   0.14E+00     0.976     0.471   256.620
   650.000   -21.679     0.211     0.099     0.256     1.268    -1.338     0.000     0.000    12.974    -0.203    -4.953     1.450     0.292   291.593     0.005   0.11E+00     0.834     0.478   252.205
   600.000   -26.481     0.106    -0.089     0.217     1.062    -1.138     0.000     0.000    12.918    -0.194    -3.992     1.501     0.256   292.387     0.008   0.98E-01     0.626     0.475   247.290
   550.000   -31.852     0.058    -0.205     0.211     0.852    -0.935     0.000     0.000    13.018    -0.172    -2.950     1.647     0.183   293.081     0.014   0.11E+00     0.425     0.456   241.829
   500.000   -37.941     0.044    -0.231     0.259     0.742    -0.834     0.000     0.000    13.452    -0.115    -1.858     1.913     0.055   293.710     0.023   0.62E-01     0.253     0.423   235.783
   450.000   -44.679     0.036    -0.217     0.423     0.737    -0.839     0.000     0.000    14.388     0.000    -0.892     2.451     0.299   294.187     0.083   0.15E+00     0.106     0.378   229.110
   400.000   -52.003     0.023    -0.248     0.662     0.610    -0.721     0.000     0.000    13.974    -0.000    -0.305     2.501     2.017   294.517     0.189   0.14E+00     0.033     0.322   221.749
   350.000   -60.073     0.016    -0.304     0.793     0.475    -0.596     0.000     0.000    10.434     0.000    -0.068     2.588     5.416   294.778     0.161   0.48E-01     0.005     0.245   213.606
   300.000   -68.886     0.006    -0.478     1.030     0.227    -0.357     0.000     0.000     1.784     0.000    -0.007     0.340     8.904   295.084     0.425   0.11E-01    -0.000     0.152   204.522
   250.000   -73.960     0.004    -3.101     1.005     0.005    -0.119     0.000     0.000     0.011     0.000    -0.000     0.000     1.773   297.815     0.413   0.10E-02    -0.000     0.041   194.093
   200.000   -71.778     0.001    -4.000     0.156     0.000    -0.053     0.000     0.000     0.000     0.000    -0.000     0.000     0.011   311.819     0.000   0.48E-05    -0.000     0.001   181.382
   150.000   -72.316     0.001    -4.000     0.120     0.000     0.004     0.000     0.000     0.000     0.000     0.000     0.000     0.000   326.134     0.000   0.00E+00     0.000     0.000   164.986
   100.000   -70.803     0.001    -4.000     0.074     0.000     0.012     0.000     0.000     0.000     0.000     0.000     0.000     0.000   349.810     0.000   0.00E+00     0.000     0.000   141.964
    80.000   -67.556     0.001    -4.000     0.042     0.000     0.028     0.000     0.000     0.000     0.000     0.000     0.000     0.000   365.208     0.000   0.00E+00     0.000     0.000     0.000
    60.000   -59.992     0.001     0.000     0.014     0.000     0.066     0.000     0.000     0.000     0.000     0.000     0.000     0.000   388.958     0.000   0.00E+00     0.000     0.000     0.000
    40.000   -49.957     0.001     0.000     0.004     0.000     0.116     0.000     0.000     0.000     0.000     0.000     0.000     0.000   423.009     0.000   0.00E+00     0.000     0.000     0.000
    30.000   -41.983     0.001     0.000     0.001     0.000     0.156     0.000     0.000     0.000     0.000     0.000     0.000     0.000   449.021     0.000   0.00E+00     0.000     0.000     0.000
    25.000   -26.204     0.001     0.000     0.000     0.000     0.235     0.000     0.000     0.000     0.000     0.000     0.000     0.000   476.936     0.000   0.00E+00    -0.001     0.000     0.000
