  1000.000     3.161     3.034     0.000     0.686    -1.578    -1.300     2.775     0.000     0.000     0.000     0.000     0.000     0.000   312.613     0.000   0.00E+00    -1.261     0.384   276.268
   950.000    -0.937     2.875     0.001     0.861     1.495    -1.433    -0.089     0.000    15.915     0.000   -13.275     0.000     0.000   312.624     0.000   0.00E+00    -2.569     0.421   272.257
   900.000    -4.704     2.051    -0.158     0.760     1.503    -1.569     0.000     0.000    15.915     0.000   -11.221     0.000     1.812   308.480     0.002   0.65E-01    -1.150     0.448   268.387
   850.000    -8.244     1.368     0.309     0.692     1.498    -1.566     0.000     0.000    14.770    -1.812    -8.880     2.127     1.679   306.216     0.031   0.24E+00    -0.428     0.484   265.354
   800.000   -11.885     0.869     0.494     0.600     1.576    -1.646     0.000     0.000    13.588    -1.678    -6.828     2.104     1.095   304.269     0.012   0.24E+00     0.150     0.516   262.017
   750.000   -15.690     0.491     0.469     0.489     1.561    -1.632     0.000     0.000    12.654    -0.996    -5.779     1.652     0.467   304.366     0.003   0.18E+00     0.512     0.540   258.332
   700.000   -19.734     0.231     0.325     0.399     1.495    -1.568     0.000     0.000    12.330    -0.329    -5.050     1.471     0.447   303.186     0.001   0.14E+00     0.653     0.553   254.252
   650.000   -24.120     0.109     0.162     0.336     1.391    -1.465     0.000     0.000    12.042    -0.305    -4.410     1.363     0.364   303.488     0.000   0.11E+00     0.673     0.556   249.734
   600.000   -28.980     0.062    -0.023     0.294     1.258    -1.334     0.000     0.000    11.881    -0.228    -3.675     1.323     0.385   303.959     0.000   0.89E-01     0.618     0.550   244.734
   550.000   -34.379     0.026    -0.177     0.264     1.029    -1.108     0.000     0.000    11.805    -0.262    -2.920     1.465     0.149   304.397     0.000   0.80E-01     0.520     0.535   239.215
   500.000   -40.415     0.020    -0.242     0.281     0.944    -1.026     0.000     0.000    12.251    -0.057    -2.103     1.770     0.078   304.658     0.001   0.58E-01     0.398     0.508   233.143
   450.000   -47.083     0.017    -0.242     0.362     0.960    -1.045     0.000     0.000    13.180     0.000    -1.305     2.362     0.296   304.699     0.024   0.15E+00     0.300     0.470   226.475
   400.000   -54.402     0.014    -0.243     0.495     0.884    -0.972     0.000     0.000    14.712     0.000    -0.734     3.428     0.934   305.402     0.089   0.15E+00     0.241     0.418   219.151
   350.000   -62.496     0.013    -0.209     0.713     0.852    -0.943    -0.000     0.000     7.170     0.000    -0.387     1.480     8.406   305.863     0.186   0.97E-01     0.184     0.358   211.073
   300.000   -71.104     0.005    -0.324     0.799     0.607    -0.701     0.000     0.000     2.543     0.000    -0.190     0.406     4.900   306.167     0.299   0.69E-01     0.144     0.259   202.075
   250.000   -74.852     0.003    -3.360     0.851     0.455    -0.542     0.000     0.000     1.402     0.000    -0.080     0.223     1.287   309.897     0.352   0.47E-01     0.095     0.173   191.713
   200.000   -73.316     0.001    -4.000     0.317     0.308    -0.375     0.000     0.000     0.708     0.000    -0.027     0.107     0.762   320.554     0.061   0.29E-01     0.041     0.127   179.082
   150.000   -73.833     0.001    -4.000     0.269     0.168    -0.214     0.000     0.000     0.272     0.000    -0.006     0.042     0.464   333.752     0.058   0.14E-01    -0.000     0.084   162.810
   100.000   -72.038     0.001    -4.000     0.164     0.025    -0.037     0.000     0.000     0.000     0.000    -0.000     0.000     0.272   355.922     0.029   0.18E-02    -0.000     0.039   139.945
    80.000   -68.631     0.001    -4.000     0.028     0.000     0.008     0.000     0.000     0.000     0.000     0.000     0.000     0.000   372.234     0.000   0.00E+00     0.000     0.000     0.000
    60.000   -60.925     0.001     0.000     0.008     0.000     0.020     0.000     0.000     0.000     0.000     0.000     0.000     0.000   396.657     0.000   0.00E+00     0.000     0.000     0.000
    40.000   -50.681     0.001     0.000     0.002     0.000     0.037     0.000     0.000     0.000     0.000     0.000     0.000     0.000   431.305     0.000   0.00E+00     0.000     0.000     0.000
    30.000   -42.442     0.001     0.000     0.001     0.000     0.051     0.000     0.000     0.000     0.000     0.000     0.000     0.000   456.932     0.000   0.00E+00     0.000     0.000     0.000
    25.000   -26.091     0.001     0.000     0.000     0.000     0.079     0.000     0.000     0.000     0.000     0.000     0.000     0.000   483.407     0.000   0.00E+00    -0.001     0.000     0.000
