     0.250     0.027     1.627    11.653    12.490   -21.666     1.096   262.227   256.615    14.056  1009.648     0.125   268.023
     0.500     0.052     1.658    11.833    12.956   -21.946     1.096   262.283   256.742    16.957  1008.354     0.375   265.746
     0.750     0.346     1.740    12.117    13.385   -22.225     1.096   262.323   256.948    19.732  1006.858     0.625   260.673
     1.000     0.935     1.819    12.374    13.776   -22.503     1.096   262.332   257.304    22.094  1005.434     0.875   257.699
     1.250     1.501     1.909    12.631    14.132   -22.780     1.096   262.336   257.772    24.242  1004.013     1.125   254.859
     1.500     1.850     2.005    12.886    14.451   -23.054     1.096   262.324   258.410    26.195  1002.603     1.375   252.223
     1.750     2.076     2.096    13.129    14.737   -23.326     1.096   262.314   259.097    28.009  1001.200     1.625   249.584
     2.000     2.267     2.179    13.351    14.992   -23.595     1.096   262.306   259.680    29.688   999.823     1.875   247.140
     2.250     2.331     2.255    13.555    15.221   -23.870     1.097   262.297   260.249    31.267   998.453     2.125   244.667
     2.500     2.456     2.323    13.738    15.425   -24.192     1.108   262.288   260.794    32.733   997.126     2.375   242.460
     2.750     2.490     2.383    13.906    15.608   -24.518     1.120   262.282   261.305    34.119   995.811     2.625   240.346
     3.000     2.560     2.436    14.059    15.773   -24.758     1.129   262.272   261.776    35.375   994.581     2.875   238.634
     3.250     2.536     2.484    14.203    15.922   -24.922     1.134   262.284   262.119    36.696   993.157     3.125   236.534
     3.500     3.261     2.526    14.312    16.057   -24.970     1.121   262.274   262.739    37.923   991.740     3.375   234.874
     3.750     3.423     2.554    14.417    16.179   -25.045     1.111   262.249   263.514    39.148   990.256     3.625   232.880
     4.000     3.293     2.586    14.518    16.290   -25.066     1.136   262.222   264.377    40.260   988.870     3.875   231.254
     4.250     3.164     2.612    14.613    16.390   -25.114     1.193   262.208   264.957    41.327   987.547     4.125   229.480
     4.500     3.207     2.635    14.698    16.481   -25.029     1.165   262.197   265.527    42.395   986.107     4.375   227.554
     4.750     3.200     2.659    14.778    16.566   -24.851     1.086   262.193   265.976    43.237   984.992     4.625   226.439
     5.000     3.354     2.682    14.846    16.643   -24.677     1.012   262.177   266.587    44.065   983.907     4.875   225.288
     5.250     3.324     2.702    14.909    16.712   -24.562     0.967   262.163   267.234    44.935   982.686     5.125   223.716
     5.500     3.343     2.716    14.969    16.776   -24.478     0.926   262.150   267.922    45.674   981.606     5.375   222.512
     5.750     3.212     2.730    15.031    16.835   -24.385     0.880   262.144   268.375    46.360   980.525     5.625   221.475
     6.000     3.242     2.750    15.088    16.890   -24.264     0.826   262.141   268.797    47.030   979.467     5.875   220.410
     6.250     3.313     2.768    15.137    16.940   -24.156     0.772   262.134   269.192    47.693   978.438     6.125   219.290
     6.500     3.404     2.785    15.178    16.984   -24.089     0.726   262.122   269.867    48.331   977.428     6.375   218.081
     6.750     3.385     2.794    15.218    17.023   -24.065     0.689   262.109   270.425    48.794   976.654     6.625   217.465
     7.000     3.380     2.805    15.254    17.060   -24.032     0.654   262.097   270.924    49.221   975.927     6.875   216.919
     7.250     3.272     2.816    15.291    17.093   -23.994     0.620   262.090   271.335    49.633   975.192     7.125   216.385
     7.500     3.291     2.831    15.323    17.124   -23.923     0.582   262.084   271.752    50.030   974.521     7.375   215.890
     7.750     3.288     2.844    15.350    17.150   -23.831     0.540   262.076   272.271    50.415   973.877     7.625   215.395
     8.000     3.300     2.855    15.374    17.172   -23.745     0.500   262.066   272.802    50.787   973.236     7.875   214.876
     8.250     3.324     2.865    15.395    17.192   -23.670     0.463   262.055   273.325    51.151   972.596     8.125   214.320
     8.500     3.386     2.873    15.411    17.209   -23.612     0.431   262.041   273.856    51.503   971.972     8.375   213.730
     8.750     3.380     2.879    15.426    17.223   -23.573     0.404   262.026   274.328    51.861   971.304     8.625   213.053
     9.000     3.428     2.887    15.436    17.234   -23.544     0.383   262.010   274.842    52.182   970.722     8.875   212.460
     9.250     3.351     2.892    15.445    17.243   -23.555     0.368   261.997   275.267    52.415   970.310     9.125   212.147
     9.500     3.249     2.897    15.454    17.249   -23.583     0.355   261.989   275.572    52.634   969.909     9.375   211.850
     9.750     3.158     2.906    15.463    17.254   -23.608     0.343   261.984   275.837    52.849   969.525     9.625   211.573
    10.000     3.383     2.913    15.459    17.255   -23.577     0.327   261.972   276.161    53.047   969.249     9.875   211.306
    10.250     3.316     2.920    15.458    17.254   -23.503     0.309   261.957   276.375    53.245   968.842    10.125   211.007
    10.500     3.227     2.935    15.463    17.253   -23.419     0.300   261.943   275.895    53.435   968.337    10.375   210.708
    10.750     3.092     2.950    15.476    17.249   -23.414     0.325   261.936   275.655    53.614   967.836    10.625   210.418
    11.000     2.981     2.953    15.476    17.243   -23.411     0.342   261.935   275.671    53.813   967.422    10.875   210.171
    11.250     3.058     2.957    15.467    17.235   -23.440     0.357   261.930   276.541    53.965   967.082    11.125   209.946
    11.500     3.249     2.938    15.449    17.225   -23.480     0.358   261.930   276.800    54.058   966.921    11.375   209.809
    11.750     3.391     2.929    15.433    17.215   -23.534     0.348   261.918   277.636    54.126   966.757    11.625   209.665
    12.000     3.305     2.926    15.424    17.208   -23.596     0.313   261.908   278.088    54.211   966.539    11.875   209.506
    12.250     3.316     2.925    15.414    17.199   -23.648     0.278   261.897   278.884    54.299   966.365    12.125   209.371
    12.500     3.275     2.937    15.404    17.190   -23.695     0.247   261.888   279.606    54.393   966.174    12.375   209.221
    12.750     3.232     2.940    15.393    17.181   -23.719     0.218   261.880   280.230    54.485   966.015    12.625   209.084
    13.000     3.205     2.943    15.381    17.169   -23.733     0.192   261.873   280.843    54.572   965.878    12.875   208.964
    13.250     3.309     2.941    15.362    17.156   -23.711     0.169   261.859   280.632    54.679   965.692    13.125   208.766
    13.500     3.298     2.956    15.348    17.142   -23.652     0.156   261.845   279.133    54.774   965.460    13.375   208.560
    13.750     3.170     2.938    15.335    17.127   -23.584     0.174   261.832   279.478    54.892   965.270    13.625   208.370
    14.000     3.031     2.937    15.329    17.111   -23.603     0.209   261.828   279.322    54.997   965.002    13.875   208.193
    14.250     3.046     2.953    15.312    17.091   -23.649     0.221   261.824   279.195    55.089   964.794    14.125   208.029
    14.500     3.224     2.955    15.287    17.071   -23.734     0.227   261.814   279.364    55.148   964.646    14.375   207.851
    14.750     3.308     2.960    15.267    17.052   -23.835     0.286   261.799   279.647    55.192   964.448    14.625   207.610
    15.000     3.068     2.956    15.252    17.034   -23.929     0.262   261.794   279.606    55.281   964.236    14.875   207.400
    15.250     3.063     2.944    15.231    17.014   -23.989     0.235   261.790   279.588    55.366   964.084    15.125   207.224
    15.500     3.103     2.952    15.208    16.993   -24.026     0.215   261.786   279.770    55.431   963.945    15.375   207.027
    15.750     3.097     2.939    15.185    16.973   -24.055     0.196   261.782   280.150    55.493   963.824    15.625   206.818
    16.000     3.245     2.930    15.157    16.952   -24.048     0.180   261.771   280.079    55.554   963.703    15.875   206.581
    16.250     3.192     2.928    15.136    16.932   -24.027     0.184   261.759   279.732    55.606   963.531    16.125   206.359
    16.500     3.080     2.936    15.121    16.912   -24.052     0.199   261.754   279.789    55.647   963.420    16.375   206.294
    16.750     3.021     2.939    15.102    16.890   -24.104     0.198   261.750   279.725    55.689   963.317    16.625   206.234
    17.000     3.064     2.950    15.080    16.868   -24.157     0.193   261.746   279.788    55.701   963.238    16.875   206.174
    17.250     3.272     2.948    15.050    16.846   -24.194     0.188   261.735   279.919    55.693   963.230    17.125   206.116
    17.500     3.236     2.936    15.026    16.825   -24.236     0.203   261.724   279.441    55.693   963.213    17.375   206.060
    17.750     3.023     2.944    15.011    16.804   -24.308     0.208   261.717   280.114    55.724   963.086    17.625   206.004
    18.000     3.045     2.944    14.988    16.782   -24.369     0.200   261.713   280.123    55.759   963.044    17.875   205.954
    18.250     3.062     2.944    14.964    16.758   -24.409     0.190   261.710   280.159    55.770   963.008    18.125   205.905
    18.500     3.080     2.942    14.937    16.735   -24.439     0.179   261.705   280.336    55.780   963.003    18.375   205.858
    18.750     3.217     2.943    14.907    16.712   -24.445     0.173   261.695   279.882    55.771   963.009    18.625   205.814
    19.000     3.143     2.941    14.886    16.689   -24.454     0.189   261.685   279.673    55.760   962.927    18.875   205.767
    19.250     2.964     2.940    14.871    16.667   -24.505     0.207   261.678   279.539    55.785   962.806    19.125   205.721
    19.500     2.967     2.942    14.848    16.644   -24.570     0.207   261.675   279.416    55.817   962.737    19.375   205.680
    19.750     2.999     2.938    14.823    16.620   -24.631     0.201   261.673   279.269    55.821   962.706    19.625   205.639
    20.000     3.148     2.935    14.793    16.595   -24.669     0.193   261.665   278.501    55.803   962.690    19.875   205.596
    20.250     3.147     2.931    14.770    16.573   -24.695     0.207   261.654   279.185    55.781   962.651    20.125   205.556
    20.500     3.034     2.923    14.748    16.551   -24.746     0.219   261.648   279.235    55.802   962.618    20.375   205.520
    20.750     2.975     2.928    14.728    16.527   -24.818     0.210   261.645   279.168    55.823   962.557    20.625   205.481
    21.000     3.000     2.910    14.702    16.504   -24.872     0.198   261.643   279.241    55.823   962.559    20.875   205.446
    21.250     3.053     2.916    14.676    16.481   -24.915     0.184   261.640   279.563    55.815   962.576    21.125   205.410
    21.500     3.161     2.919    14.648    16.458   -24.926     0.170   261.632   279.429    55.791   962.558    21.375   205.380
    21.750     3.158     2.917    14.627    16.437   -24.925     0.172   261.619   279.167    55.760   962.514    21.625   205.346
    22.000     3.032     2.899    14.604    16.415   -24.936     0.178   261.613   279.187    55.795   962.542    21.875   205.320
    22.250     2.975     2.900    14.583    16.392   -24.986     0.176   261.609   279.268    55.812   962.494    22.125   205.288
    22.500     3.029     2.908    14.560    16.369   -25.041     0.171   261.606   279.392    55.808   962.489    22.375   205.257
    22.750     3.010     2.903    14.535    16.345   -25.078     0.165   261.600   279.105    55.819   962.508    22.625   205.233
    23.000     2.864     2.920    14.515    16.319   -25.100     0.178   261.601   278.742    55.832   962.468    22.875   205.204
    23.250     2.927     2.890    14.490    16.292   -25.158     0.202   261.597   278.539    55.833   962.453    23.125   205.181
    23.500     3.024     2.940    14.469    16.264   -25.264     0.251   261.582   278.518    55.817   962.414    23.375   205.154
    23.750     2.857     2.848    14.447    16.237   -25.385     0.271   261.592   278.313    55.828   962.403    23.625   205.126
    24.000     3.036     2.924    14.424    16.210   -25.494     0.269   261.590   278.112    55.811   962.362    23.875   205.102
    24.250     3.021     2.931    14.399    16.183   -25.580     0.280   261.587   278.075    55.776   962.308    24.125   205.077
    24.500     3.054     2.922    14.371    16.158   -25.640     0.269   261.579   278.263    55.747   962.322    24.375   205.045
    24.750     3.042     2.915    14.344    16.134   -25.674     0.259   261.574   278.278    55.720   962.327    24.625   205.014
    25.000     3.059     2.894    14.314    16.111   -25.687     0.233   261.568   278.275    55.709   962.383    24.875   204.982
    25.250     3.071     2.901    14.289    16.089   -25.697     0.218   261.562   278.225    55.686   962.382    25.125   204.954
    25.500     3.054     2.895    14.264    16.067   -25.711     0.207   261.554   277.946    55.671   962.404    25.375   204.924
    25.750     3.038     2.882    14.240    16.046   -25.720     0.205   261.549   278.322    55.663   962.430    25.625   204.896
    26.000     3.048     2.879    14.217    16.025   -25.746     0.198   261.541   278.490    55.656   962.435    25.875   204.867
    26.250     3.027     2.891    14.198    16.004   -25.774     0.199   261.535   278.322    55.639   962.396    26.125   204.841
    26.500     3.035     2.888    14.173    15.983   -25.805     0.203   261.527   278.320    55.643   962.437    26.375   204.815
    26.750     3.035     2.846    14.151    15.962   -25.839     0.207   261.521   278.319    55.639   962.450    26.625   204.789
    27.000     3.056     2.886    14.130    15.941   -25.891     0.211   261.515   278.174    55.631   962.447    26.875   204.764
    27.250     3.024     2.873    14.107    15.920   -25.940     0.210   261.506   278.264    55.629   962.449    27.125   204.736
    27.500     3.017     2.842    14.086    15.898   -25.984     0.213   261.500   278.222    55.622   962.452    27.375   204.713
    27.750     3.034     2.871    14.064    15.876   -26.034     0.232   261.493   278.233    55.611   962.447    27.625   204.689
    28.000     3.018     2.882    14.045    15.855   -26.098     0.242   261.487   278.387    55.592   962.409    27.875   204.664
    28.250     3.027     2.879    14.022    15.833   -26.140     0.226   261.480   278.330    55.582   962.414    28.125   204.639
    28.500     3.021     2.877    13.998    15.812   -26.167     0.211   261.475   277.391    55.578   962.438    28.375   204.614
    28.750     3.014     2.875    13.975    15.790   -26.188     0.202   261.469   277.480    55.570   962.454    28.625   204.591
    29.000     2.989     2.861    13.952    15.769   -26.214     0.201   261.461   278.242    55.566   962.473    28.875   204.567
    29.250     3.027     2.870    13.929    15.747   -26.248     0.197   261.454   277.857    55.555   962.481    29.125   204.542
    29.500     2.998     2.858    13.905    15.725   -26.274     0.198   261.449   278.182    55.547   962.508    29.375   204.520
    29.750     2.994     2.856    13.883    15.703   -26.317     0.204   261.443   278.138    55.535   962.521    29.625   204.498
    30.000     3.003     2.866    13.861    15.682   -26.361     0.194   261.435   278.202    55.518   962.510    29.875   204.477
    30.250     2.998     2.865    13.839    15.660   -26.393     0.204   261.430   277.309    55.503   962.526    30.125   204.456
    30.500     2.979     2.851    13.814    15.638   -26.429     0.201   261.423   278.086    55.503   962.573    30.375   204.435
    30.750     3.003     2.849    13.791    15.616   -26.476     0.200   261.415   278.031    55.490   962.593    30.625   204.414
    31.000     2.978     2.832    13.768    15.594   -26.514     0.199   261.409   277.990    55.477   962.613    30.875   204.396
    31.250     3.001     2.858    13.748    15.572   -26.563     0.221   261.402   278.150    55.454   962.598    31.125   204.375
    31.500     2.990     2.856    13.724    15.550   -26.604     0.205   261.396   278.145    55.449   962.638    31.375   204.355
    31.750     2.983     2.842    13.699    15.529   -26.639     0.195   261.389   277.963    55.437   962.674    31.625   204.333
    32.000     2.971     2.852    13.679    15.507   -26.679     0.199   261.383   278.016    55.416   962.651    31.875   204.312
    32.250     2.974     2.850    13.657    15.485   -26.711     0.189   261.376   277.997    55.403   962.671    32.125   204.292
    32.500     2.981     2.848    13.632    15.463   -26.733     0.186   261.371   277.816    55.397   962.713    32.375   204.271
    32.750     2.956     2.847    13.610    15.441   -26.761     0.189   261.367   277.033    55.388   962.731    32.625   204.248
    33.000     2.937     2.803    13.585    15.419   -26.795     0.206   261.361   277.749    55.384   962.770    32.875   204.227
    33.250     2.971     2.844    13.563    15.397   -26.858     0.202   261.357   277.065    55.367   962.767    33.125   204.209
    33.500     2.948     2.842    13.541    15.376   -26.901     0.202   261.349   277.905    55.352   962.781    33.375   204.186
    33.750     2.979     2.838    13.516    15.354   -26.937     0.186   261.342   277.871    55.340   962.809    33.625   204.164
    34.000     2.968     2.835    13.493    15.333   -26.963     0.179   261.335   277.866    55.329   962.831    33.875   204.144
    34.250     2.938     2.822    13.469    15.311   -26.985     0.177   261.330   277.689    55.322   962.863    34.125   204.125
    34.500     2.965     2.821    13.447    15.290   -27.012     0.179   261.325   276.910    55.305   962.886    34.375   204.109
    34.750     2.960     2.829    13.423    15.268   -27.054     0.185   261.317   277.719    55.293   962.922    34.625   204.091
    35.000     2.936     2.829    13.403    15.247   -27.103     0.183   261.313   276.817    55.270   962.906    34.875   204.072
    35.250     2.949     2.827    13.380    15.226   -27.139     0.183   261.305   277.512    55.259   962.926    35.125   204.052
    35.500     2.939     2.783    13.355    15.204   -27.169     0.183   261.299   277.509    55.258   962.990    35.375   204.033
    35.750     2.957     2.797    13.332    15.183   -27.215     0.179   261.291   277.582    55.245   963.011    35.625   204.014
    36.000     2.942     2.822    13.312    15.162   -27.254     0.177   261.286   277.402    55.222   962.997    35.875   203.997
    36.250     2.951     2.818    13.287    15.140   -27.283     0.177   261.279   277.377    55.219   963.058    36.125   203.978
    36.500     2.925     2.816    13.265    15.119   -27.321     0.175   261.272   277.429    55.208   963.082    36.375   203.958
    36.750     2.931     2.805    13.242    15.097   -27.351     0.177   261.268   277.214    55.195   963.107    36.625   203.940
    37.000     2.940     2.814    13.220    15.076   -27.390     0.174   261.260   277.297    55.182   963.110    36.875   203.919
    37.250     2.900     2.802    13.198    15.055   -27.427     0.186   261.256   277.178    55.172   963.145    37.125   203.899
    37.500     2.944     2.800    13.175    15.034   -27.475     0.183   261.249   277.250    55.157   963.178    37.375   203.881
    37.750     2.935     2.810    13.155    15.012   -27.516     0.178   261.242   277.218    55.136   963.171    37.625   203.864
    38.000     2.935     2.796    13.131    14.991   -27.546     0.175   261.237   277.045    55.127   963.225    37.875   203.847
    38.250     2.933     2.804    13.109    14.970   -27.582     0.182   261.231   277.038    55.111   963.244    38.125   203.830
    38.500     2.920     2.802    13.088    14.949   -27.628     0.181   261.224   277.280    55.095   963.271    38.375   203.813
    38.750     2.901     2.802    13.068    14.929   -27.662     0.169   261.218   277.083    55.075   963.274    38.625   203.794
    39.000     2.915     2.799    13.044    14.908   -27.676     0.164   261.213   276.949    55.072   963.317    38.875   203.775
    39.250     2.882     2.801    13.025    14.887   -27.705     0.175   261.208   276.030    55.053   963.318    39.125   203.757
    39.500     2.904     2.799    13.002    14.866   -27.744     0.173   261.202   276.107    55.039   963.346    39.375   203.740
    39.750     2.924     2.796    12.978    14.845   -27.777     0.170   261.196   276.089    55.031   963.395    39.625   203.722
    40.000     2.910     2.794    12.957    14.824   -27.822     0.168   261.188   276.560    55.015   963.421    39.875   203.702
    40.250     2.884     2.750    12.934    14.803   -27.846     0.174   261.182   276.870    55.008   963.467    40.125   203.682
    40.500     2.903     2.779    12.913    14.782   -27.903     0.181   261.176   276.863    54.994   963.484    40.375   203.664
    40.750     2.903     2.745    12.891    14.761   -27.938     0.168   261.171   276.698    54.978   963.516    40.625   203.647
    41.000     2.912     2.776    12.870    14.741   -27.967     0.166   261.165   276.006    54.963   963.538    40.875   203.628
    41.250     2.883     2.774    12.849    14.720   -27.994     0.165   261.157   276.806    54.953   963.543    41.125   203.611
    41.500     2.893     2.784    12.828    14.700   -28.030     0.160   261.151   276.341    54.937   963.554    41.375   203.591
    41.750     2.869     2.739    12.805    14.679   -28.053     0.160   261.145   276.688    54.930   963.600    41.625   203.572
    42.000     2.879     2.738    12.784    14.659   -28.089     0.167   261.142   275.711    54.917   963.628    41.875   203.554
    42.250     2.899     2.768    12.762    14.638   -28.125     0.171   261.136   275.837    54.901   963.659    42.125   203.538
    42.500     2.870     2.775    12.741    14.618   -28.174     0.182   261.129   276.656    54.888   963.685    42.375   203.519
    42.750     2.910     2.762    12.718    14.597   -28.223     0.164   261.122   276.631    54.871   963.727    42.625   203.504
    43.000     2.889     2.760    12.697    14.577   -28.249     0.156   261.115   276.547    54.857   963.749    42.875   203.487
    43.250     2.900     2.769    12.676    14.557   -28.268     0.152   261.110   276.414    54.842   963.771    43.125   203.473
    43.500     2.860     2.768    12.655    14.537   -28.297     0.150   261.103   276.457    54.833   963.803    43.375   203.453
    43.750     2.850     2.757    12.634    14.516   -28.317     0.154   261.098   276.448    54.824   963.829    43.625   203.437
    44.000     2.872     2.766    12.613    14.496   -28.356     0.155   261.092   276.333    54.809   963.854    43.875   203.419
    44.250     2.864     2.755    12.591    14.475   -28.390     0.156   261.086   276.356    54.798   963.868    44.125   203.400
    44.500     2.857     2.738    12.570    14.455   -28.433     0.164   261.080   276.285    54.785   963.908    44.375   203.382
    44.750     2.888     2.761    12.549    14.435   -28.477     0.163   261.076   276.123    54.766   963.932    44.625   203.369
    45.000     2.850     2.749    12.527    14.415   -28.516     0.165   261.069   276.147    54.754   963.968    44.875   203.352
    45.250     2.871     2.747    12.506    14.394   -28.558     0.159   261.061   276.210    54.739   964.000    45.125   203.337
    45.500     2.870     2.755    12.486    14.374   -28.581     0.158   261.057   276.092    54.721   964.020    45.375   203.323
    45.750     2.859     2.743    12.464    14.354   -28.619     0.154   261.050   276.163    54.709   964.059    45.625   203.307
    46.000     2.838     2.710    12.442    14.334   -28.644     0.153   261.044   276.150    54.695   964.087    45.875   203.291
    46.250     2.875     2.749    12.421    14.314   -28.678     0.151   261.038   276.097    54.680   964.117    46.125   203.277
    46.500     2.840     2.739    12.400    14.294   -28.701     0.151   261.034   276.002    54.669   964.142    46.375   203.259
    46.750     2.852     2.746    12.380    14.274   -28.736     0.151   261.028   275.963    54.653   964.163    46.625   203.244
    47.000     2.847     2.745    12.359    14.254   -28.770     0.150   261.023   275.942    54.639   964.195    46.875   203.228
    47.250     2.838     2.719    12.337    14.234   -28.802     0.147   261.015   276.048    54.625   964.230    47.125   203.212
    47.500     2.858     2.742    12.317    14.214   -28.830     0.150   261.012   275.008    54.611   964.261    47.375   203.196
    47.750     2.828     2.732    12.296    14.194   -28.876     0.166   261.004   275.986    54.600   964.297    47.625   203.181
    48.000     2.842     2.742    12.277    14.174   -28.924     0.158   260.999   275.647    54.579   964.302    47.875   203.165
    48.250     2.845     2.740    12.256    14.154   -28.961     0.148   260.992   275.739    54.567   964.331    48.125   203.147
    48.500     2.827     2.726    12.234    14.135   -28.980     0.144   260.985   275.941    54.562   964.370    48.375   203.129
    48.750     2.824     2.734    12.213    14.115   -29.005     0.144   260.980   275.812    54.551   964.394    48.625   203.112
    49.000     2.817     2.733    12.192    14.095   -29.028     0.147   260.975   275.687    54.539   964.418    48.875   203.096
    49.250     2.819     2.722    12.171    14.075   -29.065     0.147   260.970   275.605    54.526   964.448    49.125   203.079
    49.500     2.810     2.688    12.150    14.055   -29.099     0.144   260.964   275.472    54.512   964.477    49.375   203.063
    49.750     2.834     2.728    12.129    14.035   -29.135     0.155   260.959   275.518    54.498   964.499    49.625   203.049
    50.000     2.844     2.726    12.109    14.015   -29.178     0.154   260.954   275.469    54.479   964.527    49.875   203.035
    50.250     2.819     2.728    12.089    13.996   -29.230     0.166   260.949   274.876    54.459   964.542    50.125   203.021
    50.500     2.846     2.726    12.069    13.977   -29.273     0.151   260.940   275.415    54.445   964.576    50.375   203.003
    50.750     2.816     2.724    12.049    13.958   -29.297     0.145   260.933   275.441    54.435   964.591    50.625   202.986
    51.000     2.818     2.709    12.027    13.938   -29.311     0.148   260.927   275.524    54.427   964.628    50.875   202.971
    51.250     2.808     2.723    12.009    13.919   -29.352     0.158   260.922   275.588    54.404   964.623    51.125   202.957
    51.500     2.808     2.706    11.987    13.900   -29.378     0.147   260.917   275.554    54.401   964.683    51.375   202.940
    51.750     2.807     2.671    11.966    13.880   -29.406     0.143   260.912   275.462    54.386   964.714    51.625   202.927
    52.000     2.817     2.704    11.947    13.862   -29.449     0.136   260.907   275.859    54.366   964.749    51.875   202.914
    52.250     2.804     2.710    11.928    13.843   -29.514     0.120   260.905   276.732    54.362   964.832    52.125   202.898
    52.500     2.779     2.702    11.906    13.824   -29.528     0.102   260.902   276.256    54.358   964.859    52.375   202.882
    52.750     2.798     2.688    11.884    13.803   -29.483     0.089   260.895   275.949    54.350   964.904    52.625   202.867
    53.000     2.770     2.694    11.863    13.783   -29.426     0.093   260.890   275.465    54.349   964.938    52.875   202.852
    53.250     2.663     2.736    11.852    13.762   -29.437     0.114   260.887   274.927    54.327   964.848    53.125   202.838
    53.500     2.829     2.728    11.823    13.738   -29.499     0.153   260.883   274.386    54.328   964.945    53.375   202.819
    53.750     2.778     2.712    11.802    13.717   -29.600     0.160   260.882   274.125    54.302   964.988    53.625   202.803
    54.000     2.800     2.667    11.780    13.696   -29.715     0.155   260.874   275.003    54.274   965.001    53.875   202.788
    54.250     2.907     2.703    11.758    13.676   -29.787     0.139   260.862   275.377    54.236   965.020    54.125   202.773
    54.500     2.815     2.686    11.737    13.659   -29.825     0.120   260.856   275.660    54.215   965.059    54.375   202.758
    54.750     2.726     2.685    11.722    13.642   -29.863     0.104   260.857   276.291    54.208   965.091    54.625   202.744
    55.000     2.843     2.694    11.698    13.622   -29.862     0.088   260.852   276.560    54.208   965.178    54.875   202.728
    55.250     2.756     2.705    11.676    13.603   -29.826     0.074   260.846   276.376    54.209   965.204    55.125   202.711
    55.500     2.605     2.752    11.662    13.577   -29.756     0.071   260.844   275.040    54.256   965.262    55.375   202.690
    55.750     2.115     2.685    11.661    13.539   -29.757     0.108   260.861   274.066    54.288   965.231    55.625   202.668
    56.000     2.284     2.694    11.641    13.497   -29.841     0.147   260.886   273.244    54.244   965.256    55.875   202.648
    56.250     2.563     2.657    11.600    13.455   -29.963     0.178   260.895   272.847    54.153   965.391    56.125   202.628
    56.500     2.805     2.748    11.559    13.419   -30.109     0.173   260.900   272.845    54.025   965.549    56.375   202.611
    56.750     2.949     2.721    11.518    13.393   -30.196     0.145   260.906   273.498    53.906   965.731    56.625   202.595
    57.000     2.933     2.697    11.490    13.375   -30.262     0.120   260.898   274.692    53.822   965.847    56.875   202.583
    57.250     2.854     2.688    11.471    13.361   -30.297     0.098   260.894   275.100    53.786   965.901    57.125   202.571
    57.500     2.802     2.692    11.455    13.348   -30.302     0.080   260.889   275.797    53.783   965.954    57.375   202.558
    57.750     2.836     2.714    11.435    13.331   -30.278     0.065   260.872   276.401    53.797   966.086    57.625   202.543
    58.000     2.901     2.711    11.409    13.309   -30.199     0.053   260.859   275.911    53.808   966.253    57.875   202.526
    58.250     2.695     2.701    11.391    13.288   -30.094     0.051   260.857   274.383    53.812   966.282    58.125   202.510
    58.500     2.557     2.621    11.371    13.266   -29.997     0.074   260.855   272.927    53.835   966.246    58.375   202.492
    58.750     2.495     2.635    11.360    13.243   -30.069     0.128   260.864   272.547    53.834   966.160    58.625   202.496
    59.000     2.681     2.782    11.344    13.216   -30.204     0.164   260.868   272.014    53.783   966.104    58.875   202.530
    59.250     2.879     2.705    11.307    13.190   -30.311     0.160   260.861   272.140    53.724   966.258    59.125   202.558
    59.500     2.912     2.671    11.277    13.170   -30.448     0.138   260.847   272.848    53.664   966.265    59.375   202.492
    59.750     2.787     2.665    11.263    13.159   -30.562     0.118   260.855   273.779    53.631   966.164    59.625   202.414
    60.000     2.824     2.662    11.250    13.149   -30.630     0.099   260.852   274.339    53.607   966.164    59.875   202.402
    60.250     2.782     2.662    11.239    13.141   -30.654     0.082   260.848   274.871    53.600   966.173    60.125   202.391
    60.500     2.762     2.672    11.227    13.130   -30.649     0.067   260.845   275.474    53.609   966.233    60.375   202.405
    60.750     2.917     2.696    11.205    13.113   -30.600     0.055   260.822   276.101    53.590   966.514    60.625   202.558
    61.000     2.941     2.696    11.179    13.091   -30.514     0.046   260.808   275.847    53.557   966.824    60.875   202.711
    61.250     2.751     2.689    11.159    13.069   -30.405     0.044   260.803   274.264    53.539   966.960    61.125   202.785
    61.500     2.551     2.606    11.142    13.048   -30.310     0.067   260.800   272.676    53.540   966.962    61.375   202.828
    61.750     2.397     2.623    11.134    13.026   -30.369     0.123   260.814   271.705    53.541   966.824    61.625   202.849
    62.000     2.562     2.624    11.116    13.000   -30.526     0.161   260.821   271.559    53.507   966.800    61.875   202.909
    62.250     2.763     2.587    11.087    12.973   -30.688     0.180   260.813   271.347    53.444   966.790    62.125   202.893
    62.500     2.905     2.677    11.058    12.953   -30.839     0.160   260.802   271.668    53.377   966.787    62.375   202.851
    62.750     2.837     2.651    11.038    12.941   -30.961     0.132   260.807   272.835    53.326   966.740    62.625   202.805
    63.000     2.786     2.645    11.026    12.933   -31.041     0.108   260.804   273.565    53.303   966.685    62.875   202.766
    63.250     2.773     2.643    11.016    12.926   -31.053     0.087   260.801   273.999    53.294   966.678    63.125   202.749
    63.500     2.745     2.650    11.007    12.918   -31.039     0.070   260.798   274.664    53.294   966.730    63.375   202.774
    63.750     2.782     2.680    10.994    12.906   -30.998     0.057   260.794   275.180    53.292   966.898    63.625   202.866
    64.000     3.045     2.687    10.964    12.885   -30.906     0.047   260.762   275.872    53.254   967.331    63.875   203.067
    64.250     2.909     2.692    10.939    12.861   -30.797     0.041   260.752   275.293    53.232   967.628    64.125   203.173
    64.500     2.657     2.685    10.922    12.840   -30.695     0.044   260.747   273.286    53.228   967.692    64.375   203.190
    64.750     2.445     2.718    10.914    12.819   -30.656     0.082   260.751   270.976    53.222   967.531    64.625   203.131
    65.000     2.446     2.794    10.904    12.794   -30.716     0.129   260.763   269.874    53.222   967.393    64.875   203.119
    65.250     2.563     2.738    10.878    12.768   -30.834     0.153   260.774   270.205    53.213   967.385    65.125   203.147
    65.500     2.855     2.679    10.846    12.743   -31.024     0.148   260.756   270.934    53.145   967.382    65.375   203.095
    65.750     2.826     2.641    10.821    12.728   -31.192     0.129   260.747   271.629    53.088   967.277    65.625   203.012
    66.000     2.691     2.634    10.812    12.722   -31.317     0.109   260.759   272.573    53.058   967.122    65.875   202.958
    66.250     2.794     2.620    10.801    12.716   -31.376     0.089   260.755   273.093    53.034   967.101    66.125   202.928
    66.500     2.741     2.623    10.794    12.712   -31.388     0.073   260.751   273.869    53.031   967.091    66.375   202.917
    66.750     2.740     2.635    10.785    12.705   -31.367     0.059   260.747   274.490    53.040   967.168    66.625   202.963
    67.000     2.917     2.664    10.765    12.691   -31.301     0.048   260.722   275.143    53.031   967.474    66.875   203.115
    67.250     3.043     2.675    10.736    12.669   -31.203     0.040   260.702   275.703    52.995   967.916    67.125   203.297
    67.500     2.859     2.628    10.711    12.645   -31.086     0.036   260.692   274.772    52.983   968.200    67.375   203.377
    67.750     2.610     2.679    10.696    12.623   -31.005     0.043   260.689   272.678    52.988   968.214    67.625   203.376
    68.000     2.385     2.589    10.684    12.601   -30.979     0.084   260.697   270.900    52.995   968.090    67.875   203.334
    68.250     2.378     2.599    10.671    12.577   -31.069     0.128   260.710   269.546    52.996   967.932    68.125   203.310
    68.500     2.589     2.653    10.650    12.550   -31.243     0.156   260.713   270.027    52.959   967.824    68.375   203.272
    68.750     2.802     2.652    10.621    12.527   -31.427     0.166   260.704   270.027    52.896   967.770    68.625   203.205
    69.000     2.746     2.622    10.599    12.515   -31.594     0.142   260.694   271.183    52.840   967.648    68.875   203.151
    69.250     2.692     2.616    10.591    12.509   -31.708     0.117   260.708   271.734    52.809   967.520    69.125   203.113
    69.500     2.775     2.603    10.582    12.506   -31.758     0.094   260.704   272.474    52.786   967.497    69.375   203.088
    69.750     2.731     2.606    10.575    12.503   -31.757     0.075   260.701   273.114    52.786   967.485    69.625   203.082
    70.000     2.732     2.618    10.568    12.498   -31.728     0.061   260.696   273.782    52.795   967.566    69.875   203.130
    70.250     2.899     2.649    10.549    12.484   -31.659     0.050   260.671   274.468    52.788   967.867    70.125   203.273
    70.500     3.035     2.660    10.521    12.463   -31.561     0.041   260.651   275.100    52.752   968.314    70.375   203.453
    70.750     2.923     2.668    10.495    12.439   -31.446     0.036   260.638   274.591    52.737   968.644    70.625   203.533
    71.000     2.582     2.667    10.482    12.416   -31.382     0.041   260.637   272.704    52.744   968.669    70.875   203.524
    71.250     2.537     2.689    10.466    12.391   -31.328     0.067   260.637   271.027    52.732   968.641    71.125   203.486
    71.500     2.255     2.769    10.461    12.370   -31.381     0.112   260.651   268.904    52.741   968.340    71.375   203.392
    71.750     2.483     2.752    10.444    12.345   -31.504     0.141   260.662   268.296    52.721   968.220    71.625   203.340
    72.000     2.770     2.650    10.409    12.320   -31.670     0.146   260.657   269.520    52.679   968.244    71.875   203.301
    72.250     2.791     2.604    10.383    12.306   -31.840     0.129   260.641   270.359    52.618   968.149    72.125   203.231
    72.500     2.647     2.592    10.375    12.301   -31.978     0.109   260.654   271.195    52.583   967.962    72.375   203.189
    72.750     2.742     2.586    10.367    12.299   -32.045     0.089   260.651   271.884    52.561   967.904    72.625   203.169
    73.000     2.725     2.587    10.362    12.298   -32.058     0.072   260.647   272.488    52.559   967.871    72.875   203.159
    73.250     2.719     2.598    10.357    12.295   -32.034     0.059   260.642   273.138    52.571   967.919    73.125   203.194
    73.500     2.804     2.631    10.343    12.285   -31.977     0.049   260.621   273.734    52.577   968.131    73.375   203.297
    73.750     3.036     2.640    10.316    12.266   -31.884     0.041   260.598   274.456    52.545   968.567    73.625   203.471
    74.000     2.958     2.648    10.290    12.243   -31.785     0.035   260.584   274.328    52.529   968.919    73.875   203.552
    74.250     2.726     2.643    10.271    12.220   -31.693     0.035   260.574   272.979    52.527   969.054    74.125   203.555
    74.500     2.528     2.671    10.259    12.197   -31.637     0.062   260.574   271.113    52.524   969.014    74.375   203.509
    74.750     2.233     2.736    10.256    12.179   -31.701     0.095   260.586   268.829    52.550   968.670    74.625   203.408
    75.000     2.494     2.719    10.237    12.156   -31.835     0.129   260.594   268.858    52.551   968.542    74.875   203.361
    75.250     2.622     2.645    10.210    12.133   -32.006     0.140   260.592   269.258    52.527   968.489    75.125   203.318
    75.500     2.696     2.600    10.188    12.116   -32.167     0.125   260.586   269.866    52.459   968.383    75.375   203.262
    75.750     2.653     2.584    10.177    12.110   -32.288     0.106   260.600   270.761    52.410   968.267    75.625   203.241
    76.000     2.726     2.576    10.168    12.107   -32.356     0.087   260.598   271.440    52.375   968.235    75.875   203.227
    76.250     2.709     2.576    10.162    12.105   -32.366     0.070   260.593   272.034    52.363   968.224    76.125   203.225
    76.500     2.706     2.587    10.156    12.102   -32.340     0.057   260.588   272.672    52.372   968.285    76.375   203.267
    76.750     2.816     2.619    10.140    12.091   -32.280     0.047   260.565   273.282    52.372   968.524    76.625   203.376
    77.000     3.015     2.629    10.113    12.071   -32.187     0.040   260.544   273.928    52.340   968.952    76.875   203.534
    77.250     2.947     2.638    10.087    12.048   -32.085     0.034   260.529   273.804    52.325   969.302    77.125   203.600
    77.500     2.690     2.630    10.069    12.025   -31.997     0.035   260.519   272.486    52.325   969.422    77.375   203.591
    77.750     2.489     2.651    10.058    12.003   -31.949     0.061   260.517   270.626    52.320   969.354    77.625   203.531
    78.000     2.276     2.709    10.050    11.987   -32.026     0.094   260.530   268.417    52.355   969.017    77.875   203.433
    78.250     2.500     2.674    10.028    11.966   -32.150     0.126   260.540   267.701    52.379   968.901    78.125   203.396
    78.500     2.541     2.638    10.009    11.945   -32.320     0.141   260.542   267.667    52.359   968.741    78.375   203.323
    78.750     2.612     2.596     9.990    11.929   -32.485     0.125   260.534   269.735    52.295   968.642    78.625   203.283
    79.000     2.645     2.571     9.980    11.922   -32.609     0.105   260.550   270.291    52.232   968.554    78.875   203.263
    79.250     2.719     2.563     9.971    11.919   -32.670     0.085   260.547   270.973    52.190   968.539    79.125   203.252
    79.500     2.699     2.563     9.966    11.918   -32.674     0.068   260.543   271.560    52.177   968.540    79.375   203.258
    79.750     2.697     2.575     9.960    11.915   -32.641     0.056   260.537   272.187    52.184   968.616    79.625   203.306
    80.000     2.797     2.608     9.944    11.904   -32.576     0.046   260.514   272.779    52.184   968.862    79.875   203.414
    80.250     2.997     2.618     9.918    11.884   -32.481     0.039   260.494   273.408    52.150   969.291    80.125   203.564
    80.500     2.941     2.628     9.892    11.860   -32.378     0.034   260.478   273.355    52.134   969.651    80.375   203.624
    80.750     2.673     2.620     9.874    11.837   -32.299     0.034   260.468   272.126    52.132   969.768    80.625   203.611
    81.000     2.515     2.513     9.854    11.815   -32.233     0.059   260.467   270.340    52.140   969.769    80.875   203.570
    81.250     2.240     2.521     9.845    11.802   -32.314     0.092   260.478   268.683    52.189   969.405    81.125   203.468
    81.500     2.465     2.618     9.829    11.785   -32.479     0.126   260.481   268.706    52.216   969.213    81.375   203.425
    81.750     2.571     2.603     9.810    11.765   -32.634     0.148   260.481   268.194    52.194   969.031    81.625   203.341
    82.000     2.554     2.589     9.793    11.748   -32.784     0.136   260.481   268.989    52.150   968.932    81.875   203.299
    82.250     2.648     2.561     9.784    11.739   -32.905     0.114   260.496   269.663    52.068   968.895    82.125   203.288
    82.500     2.722     2.551     9.775    11.735   -32.972     0.092   260.492   270.559    52.012   968.904    82.375   203.282
    82.750     2.693     2.550     9.771    11.734   -32.981     0.073   260.488   271.157    51.990   968.910    82.625   203.293
    83.000     2.691     2.562     9.765    11.730   -32.947     0.059   260.468   271.638    51.991   968.987    82.875   203.346
    83.250     2.698     2.578     9.754    11.721   -32.889     0.049   260.461   272.136    51.993   969.164    83.125   203.434
    83.500     2.965     2.605     9.729    11.702   -32.794     0.041   260.442   272.720    51.963   969.577    83.375   203.579
    83.750     2.923     2.614     9.703    11.678   -32.693     0.035   260.428   272.887    51.943   969.943    83.625   203.638
    84.000     2.716     2.601     9.683    11.655   -32.610     0.034   260.417   272.046    51.936   970.101    83.875   203.626
    84.250     2.551     2.493     9.661    11.634   -32.530     0.051   260.411   270.358    51.950   970.134    84.125   203.592
    84.500     2.264     2.641     9.658    11.624   -32.599     0.083   260.420   268.039    51.990   969.726    84.375   203.467
    84.750     2.406     2.639     9.641    11.608   -32.714     0.114   260.431   267.076    52.044   969.508    84.625   203.414
    85.000     2.464     2.592     9.624    11.592   -32.887     0.136   260.434   267.847    52.060   969.308    84.875   203.346
    85.250     2.511     2.575     9.609    11.575   -33.064     0.125   260.445   268.575    52.028   969.156    85.125   203.282
    85.500     2.605     2.554     9.600    11.565   -33.191     0.106   260.450   269.245    51.926   969.099    85.375   203.263
    85.750     2.671     2.543     9.594    11.561   -33.260     0.086   260.448   270.099    51.866   969.093    85.625   203.259
    86.000     2.688     2.541     9.589    11.560   -33.263     0.069   260.444   270.708    51.836   969.121    85.875   203.274
    86.250     2.682     2.552     9.584    11.556   -33.224     0.056   260.438   271.162    51.833   969.211    86.125   203.325
    86.500     2.693     2.568     9.573    11.547   -33.162     0.046   260.416   271.729    51.830   969.411    86.375   203.412
    86.750     2.953     2.599     9.548    11.528   -33.065     0.039   260.398   272.305    51.800   969.833    86.625   203.554
    87.000     2.935     2.605     9.522    11.504   -32.964     0.034   260.382   272.603    51.772   970.234    86.875   203.621
    87.250     2.746     2.619     9.501    11.481   -32.884     0.032   260.368   271.981    51.761   970.396    87.125   203.601
    87.500     2.566     2.586     9.478    11.462   -32.807     0.044   260.363   270.334    51.792   970.427    87.375   203.575
    87.750     2.277     2.484     9.465    11.451   -32.850     0.074   260.371   268.326    51.844   970.124    87.625   203.483
    88.000     2.325     2.486     9.453    11.439   -32.985     0.105   260.380   267.650    51.904   969.816    87.875   203.418
    88.250     2.512     2.578     9.437    11.423   -33.140     0.126   260.379   267.549    51.912   969.610    88.125   203.350
    88.500     2.465     2.566     9.423    11.407   -33.289     0.123   260.380   268.111    51.914   969.450    88.375   203.286
    88.750     2.584     2.550     9.415    11.394   -33.413     0.107   260.400   268.724    51.801   969.412    88.625   203.246
    89.000     2.698     2.535     9.407    11.388   -33.490     0.088   260.397   269.654    51.718   969.447    88.875   203.244
    89.250     2.698     2.529     9.403    11.385   -33.510     0.070   260.391   270.312    51.674   969.483    89.125   203.258
    89.500     2.687     2.538     9.397    11.382   -33.481     0.057   260.369   270.895    51.662   969.570    89.375   203.308
    89.750     2.686     2.553     9.388    11.373   -33.429     0.046   260.362   271.450    51.656   969.744    89.625   203.388
    90.000     2.856     2.585     9.368    11.356   -33.346     0.039   260.347   272.014    51.632   970.098    89.875   203.508
    90.250     2.915     2.589     9.343    11.332   -33.246     0.033   260.332   272.368    51.606   970.485    90.125   203.568
    90.500     2.756     2.531     9.318    11.311   -33.148     0.031   260.318   271.776    51.607   970.690    90.375   203.558
    90.750     2.553     2.567     9.298    11.295   -33.080     0.042   260.311   270.210    51.642   970.663    90.625   203.520
    91.000     2.290     2.576     9.290    11.286   -33.131     0.068   260.315   267.809    51.690   970.329    90.875   203.425
    91.250     2.292     2.624     9.281    11.276   -33.242     0.099   260.326   266.591    51.759   969.967    91.125   203.350
    91.500     2.441     2.528     9.260    11.260   -33.387     0.119   260.330   267.192    51.796   969.810    91.375   203.300
    91.750     2.448     2.553     9.247    11.245   -33.546     0.117   260.342   267.911    51.798   969.638    91.625   203.245
    92.000     2.518     2.543     9.240    11.231   -33.686     0.102   260.354   268.375    51.686   969.585    91.875   203.210
    92.250     2.645     2.529     9.235    11.224   -33.769     0.084   260.354   269.258    51.586   969.614    92.125   203.205
    92.500     2.688     2.521     9.231    11.221   -33.782     0.067   260.348   269.917    51.532   969.671    92.375   203.223
    92.750     2.679     2.530     9.225    11.217   -33.751     0.054   260.326   270.501    51.512   969.778    92.625   203.275
    93.000     2.681     2.545     9.216    11.208   -33.694     0.045   260.318   271.053    51.502   969.975    92.875   203.356
    93.250     2.844     2.578     9.196    11.190   -33.609     0.037   260.304   271.585    51.476   970.339    93.125   203.473
    93.500     2.924     2.571     9.169    11.168   -33.509     0.032   260.288   272.067    51.445   970.747    93.375   203.541
    93.750     2.783     2.579     9.146    11.148   -33.418     0.029   260.269   271.863    51.445   970.933    93.625   203.523
    94.000     2.510     2.554     9.124    11.133   -33.353     0.036   260.266   270.089    51.502   970.920    93.875   203.502
    94.250     2.340     2.562     9.113    11.122   -33.371     0.058   260.268   267.685    51.546   970.662    94.125   203.420
    94.500     2.244     2.610     9.104    11.113   -33.476     0.089   260.279   266.268    51.619   970.259    94.375   203.338
    94.750     2.382     2.518     9.085    11.100   -33.604     0.111   260.285   266.754    51.670   970.071    94.625   203.288
    95.000     2.467     2.541     9.070    11.085   -33.763     0.112   260.286   267.102    51.678   969.891    94.875   203.229
    95.250     2.464     2.545     9.064    11.072   -33.914     0.101   260.308   267.791    51.609   969.794    95.125   203.195
    95.500     2.592     2.525     9.061    11.064   -34.015     0.085   260.312   268.607    51.475   969.803    95.375   203.170
    95.750     2.690     2.512     9.057    11.060   -34.043     0.069   260.306   269.298    51.404   969.878    95.625   203.184
    96.000     2.675     2.518     9.054    11.056   -34.020     0.055   260.283   269.928    51.375   969.980    95.875   203.228
    96.250     2.674     2.533     9.046    11.048   -33.966     0.046   260.275   270.515    51.361   970.169    96.125   203.302
    96.500     2.775     2.563     9.030    11.033   -33.887     0.038   260.264   271.025    51.339   970.489    96.375   203.406
    96.750     2.925     2.559     9.003    11.013   -33.786     0.033   260.247   271.563    51.312   970.888    96.625   203.483
    97.000     2.888     2.556     8.973    10.993   -33.676     0.029   260.226   271.696    51.319   971.192    96.875   203.496
    97.250     2.454     2.540     8.958    10.981   -33.633     0.032   260.222   270.180    51.376   971.111    97.125   203.458
    97.500     2.456     2.438     8.935    10.967   -33.600     0.051   260.215   268.529    51.432   971.035    97.375   203.422
    97.750     2.213     2.538     8.928    10.961   -33.694     0.077   260.228   266.290    51.503   970.602    97.625   203.331
    98.000     2.314     2.506     8.916    10.949   -33.815     0.104   260.236   266.242    51.557   970.316    97.875   203.265
    98.250     2.426     2.535     8.903    10.936   -33.963     0.111   260.238   266.734    51.577   970.105    98.125   203.196
    98.500     2.465     2.524     8.893    10.921   -34.113     0.101   260.258   267.312    51.531   970.007    98.375   203.138
    98.750     2.530     2.512     8.890    10.910   -34.223     0.085   260.265   268.098    51.405   970.006    98.625   203.122
    99.000     2.670     2.506     8.888    10.904   -34.265     0.069   260.262   268.782    51.296   970.093    98.875   203.122
    99.250     2.671     2.508     8.884    10.899   -34.256     0.056   260.238   269.646    51.246   970.202    99.125   203.158
    99.500     2.669     2.517     8.878    10.891   -34.210     0.046   260.230   270.101    51.223   970.376    99.375   203.224
    99.750     2.711     2.543     8.865    10.880   -34.142     0.038   260.225   270.584    51.209   970.631    99.625   203.309
   100.000     2.923     2.541     8.840    10.863   -34.044     0.033   260.204   271.185    51.191   971.014    99.875   203.394
   100.250     2.875     2.539     8.811    10.845   -33.940     0.029   260.183   271.233    51.204   971.313   100.125   203.412
   100.500     2.511     2.523     8.795    10.833   -33.886     0.029   260.173   270.269    51.256   971.277   100.375   203.381
   100.750     2.500     2.517     8.771    10.819   -33.839     0.045   260.164   268.568    51.321   971.234   100.625   203.356
   101.000     2.204     2.522     8.765    10.812   -33.932     0.070   260.176   266.623    51.383   970.819   100.875   203.269
   101.250     2.235     2.512     8.753    10.804   -34.041     0.100   260.187   265.785    51.455   970.460   101.125   203.201
   101.500     2.401     2.522     8.741    10.790   -34.181     0.109   260.190   266.376    51.483   970.257   101.375   203.143
   101.750     2.448     2.514     8.732    10.775   -34.336     0.101   260.210   266.891    51.438   970.172   101.625   203.087
   102.000     2.497     2.503     8.729    10.764   -34.454     0.087   260.218   267.644    51.322   970.175   101.875   203.075
   102.250     2.636     2.500     8.728    10.756   -34.512     0.071   260.217   268.521    51.193   970.268   102.125   203.069
   102.500     2.658     2.496     8.724    10.750   -34.507     0.058   260.195   269.196    51.130   970.384   102.375   203.102
   102.750     2.660     2.500     8.717    10.744   -34.465     0.047   260.185   269.686    51.105   970.548   102.625   203.162
   103.000     2.665     2.529     8.708    10.735   -34.400     0.039   260.182   270.185    51.098   970.763   102.875   203.238
   103.250     2.912     2.528     8.682    10.718   -34.299     0.033   260.161   270.788    51.083   971.152   103.125   203.329
   103.500     2.860     2.525     8.654    10.700   -34.195     0.029   260.139   270.941    51.097   971.459   103.375   203.353
   103.750     2.556     2.543     8.638    10.688   -34.153     0.038   260.127   270.032    51.141   971.454   103.625   203.323
   104.000     2.487     2.511     8.613    10.674   -34.097     0.044   260.123   268.505    51.218   971.430   103.875   203.311
   104.250     2.190     2.520     8.607    10.668   -34.163     0.064   260.130   266.134    51.271   971.048   104.125   203.225
   104.500     2.201     2.530     8.598    10.660   -34.249     0.091   260.144   264.981    51.341   970.657   104.375   203.154
   104.750     2.418     2.515     8.582    10.647   -34.376     0.101   260.148   266.131    51.364   970.489   104.625   203.096
   105.000     2.445     2.502     8.572    10.632   -34.525     0.093   260.163   266.754    51.341   970.393   104.875   203.039
   105.250     2.490     2.494     8.570    10.621   -34.640     0.080   260.171   267.482    51.229   970.381   105.125   203.010
   105.500     2.620     2.487     8.568    10.613   -34.699     0.066   260.155   268.410    51.102   970.469   105.375   203.009
   105.750     2.653     2.483     8.565    10.608   -34.699     0.054   260.147   269.027    51.035   970.587   105.625   203.042
   106.000     2.648     2.486     8.559    10.602   -34.668     0.044   260.141   269.489    51.007   970.743   105.875   203.102
   106.250     2.647     2.496     8.550    10.594   -34.610     0.037   260.135   269.997    51.002   970.945   106.125   203.174
   106.500     2.890     2.514     8.526    10.578   -34.516     0.032   260.113   270.583    50.996   971.305   106.375   203.255
   106.750     2.843     2.510     8.498    10.562   -34.415     0.028   260.091   270.686    51.013   971.600   106.625   203.276
   107.000     2.312     2.659     8.517    10.483   -34.397     0.040   260.107   269.100    50.738   972.203   106.875   203.302
   107.250     2.516     2.734     8.487    10.411   -34.361     0.055   260.117   267.090    50.474   972.684   107.125   203.288
   107.500     2.162     2.641     8.464    10.367   -34.422     0.079   260.140   265.262    50.339   972.676   107.375   203.225
   107.750     2.281     2.648     8.442    10.330   -34.518     0.108   260.156   264.687    50.212   972.604   107.625   203.147
   108.000     2.552     2.630     8.419    10.291   -34.667     0.117   260.160   265.265    50.042   972.752   107.875   203.082
   108.250     2.531     2.606     8.409    10.260   -34.820     0.106   260.183   265.594    49.879   972.880   108.125   203.032
   108.500     2.557     2.600     8.405    10.236   -34.927     0.089   260.194   266.327    49.697   973.040   108.375   203.043
   108.750     2.577     2.581     8.402    10.219   -34.976     0.072   260.200   267.086    49.544   973.186   108.625   203.067
   109.000     2.730     2.588     8.395    10.202   -34.943     0.057   260.198   267.696    49.411   973.469   108.875   203.115
   109.250     2.737     2.584     8.382    10.187   -34.871     0.045   260.174   268.298    49.323   973.760   109.125   203.178
   109.500     2.762     2.586     8.366    10.171   -34.784     0.037   260.167   268.872    49.269   974.084   109.375   203.254
   109.750     2.728     2.583     8.348    10.157   -34.694     0.032   260.163   269.270    49.249   974.370   109.625   203.296
   110.000     2.929     2.603     8.318    10.136   -34.581     0.028   260.146   269.403    49.227   974.735   109.875   203.311
   110.250     2.608     2.572     8.294    10.129   -34.531     0.033   260.133   268.182    49.301   974.689   110.125   203.278
   110.500     2.516     2.382     8.268    10.122   -34.486     0.048   260.126   266.445    49.392   974.585   110.375   203.245
   110.750     2.154     2.402     8.259    10.127   -34.571     0.073   260.138   264.807    49.542   974.080   110.625   203.179
   111.000     2.248     2.482     8.250    10.125   -34.690     0.101   260.146   264.129    49.634   973.634   110.875   203.105
   111.250     2.516     2.562     8.241    10.112   -34.826     0.113   260.151   264.400    49.627   973.485   111.125   203.043
   111.500     2.550     2.554     8.239    10.098   -34.976     0.105   260.149   265.084    49.563   973.451   111.375   202.987
   111.750     2.532     2.558     8.246    10.088   -35.090     0.089   260.172   265.704    49.459   973.456   111.625   202.984
   112.000     2.574     2.545     8.251    10.081   -35.148     0.073   260.175   266.550    49.352   973.501   111.875   203.003
   112.250     2.695     2.558     8.251    10.072   -35.130     0.058   260.173   267.159    49.258   973.683   112.125   203.044
   112.500     2.735     2.558     8.244    10.063   -35.068     0.046   260.148   267.806    49.198   973.915   112.375   203.102
   112.750     2.753     2.566     8.233    10.053   -34.983     0.038   260.140   268.407    49.162   974.191   112.625   203.172
   113.000     2.739     2.563     8.218    10.041   -34.893     0.032   260.133   268.870    49.149   974.469   112.875   203.225
   113.250     2.878     2.587     8.194    10.024   -34.789     0.029   260.118   269.140    49.143   974.797   113.125   203.246
   113.500     2.724     2.501     8.168    10.014   -34.709     0.028   260.095   268.638    49.193   974.862   113.375   203.220
   113.750     2.537     2.366     8.141    10.008   -34.649     0.041   260.084   266.753    49.299   974.785   113.625   203.197
   114.000     2.130     2.583     8.138    10.016   -34.739     0.063   260.101   264.285    49.449   974.206   113.875   203.121
   114.250     2.174     2.548     8.129    10.016   -34.833     0.090   260.115   263.669    49.576   973.759   114.125   203.062
   114.500     2.468     2.534     8.119    10.004   -34.967     0.104   260.120   264.086    49.576   973.589   114.375   203.000
   114.750     2.584     2.536     8.114     9.988   -35.113     0.098   260.115   264.808    49.503   973.579   114.625   202.943
   115.000     2.498     2.549     8.122     9.980   -35.240     0.085   260.138   265.381    49.408   973.543   114.875   202.922
   115.250     2.568     2.535     8.128     9.972   -35.306     0.070   260.142   266.198    49.298   973.576   115.125   202.935
   115.500     2.649     2.548     8.131     9.965   -35.300     0.056   260.142   266.742    49.207   973.730   115.375   202.969
   115.750     2.726     2.546     8.125     9.956   -35.248     0.045   260.116   267.584    49.138   973.966   115.625   203.023
   116.000     2.736     2.553     8.115     9.947   -35.165     0.038   260.110   268.093    49.103   974.232   115.875   203.087
   116.250     2.744     2.551     8.101     9.936   -35.075     0.032   260.101   268.588    49.090   974.517   116.125   203.147
   116.500     2.853     2.576     8.077     9.920   -34.974     0.028   260.087   269.018    49.090   974.841   116.375   203.172
   116.750     2.810     2.590     8.050     9.908   -34.885     0.027   260.061   268.646    49.123   974.978   116.625   203.153
   117.000     2.562     2.522     8.023     9.901   -34.821     0.038   260.052   266.802    49.226   974.924   116.875   203.136
   117.250     2.074     2.574     8.019     9.911   -34.898     0.057   260.065   264.236    49.385   974.342   117.125   203.063
   117.500     2.152     2.504     8.009     9.911   -34.987     0.085   260.083   263.302    49.513   973.892   117.375   203.007
   117.750     2.414     2.534     8.001     9.900   -35.113     0.101   260.087   263.812    49.529   973.681   117.625   202.944
   118.000     2.592     2.532     7.995     9.884   -35.255     0.097   260.082   264.590    49.456   973.678   117.875   202.887
   118.250     2.525     2.539     8.001     9.874   -35.379     0.084   260.102   265.165    49.362   973.665   118.125   202.854
   118.500     2.578     2.522     8.007     9.867   -35.450     0.069   260.104   265.994    49.251   973.711   118.375   202.867
   118.750     2.652     2.533     8.009     9.861   -35.453     0.056   260.087   266.655    49.161   973.856   118.625   202.901
   119.000     2.717     2.530     8.004     9.854   -35.408     0.045   260.076   267.447    49.099   974.059   118.875   202.952
   119.250     2.720     2.539     7.996     9.846   -35.332     0.037   260.071   267.889    49.068   974.297   119.125   203.012
   119.500     2.713     2.539     7.984     9.836   -35.247     0.032   260.063   268.375    49.060   974.555   119.375   203.065
   119.750     2.786     2.566     7.963     9.822   -35.152     0.028   260.051   268.775    49.065   974.846   119.625   203.089
   120.000     2.815     2.578     7.936     9.809   -35.059     0.026   260.024   268.577    49.092   975.011   119.875   203.072
   120.250     2.547     2.513     7.909     9.802   -34.997     0.036   260.015   266.684    49.191   974.959   120.125   203.056
   120.500     2.109     2.544     7.902     9.810   -35.072     0.056   260.026   264.103    49.340   974.420   120.375   202.990
   120.750     2.107     2.536     7.895     9.812   -35.154     0.082   260.039   264.145    49.477   973.924   120.625   202.936
   121.000     2.383     2.536     7.888     9.800   -35.290     0.098   260.053   263.746    49.489   973.742   120.875   202.879
   121.250     2.558     2.525     7.883     9.784   -35.425     0.093   260.049   264.321    49.411   973.721   121.125   202.822
   121.500     2.532     2.530     7.887     9.774   -35.539     0.081   260.069   264.934    49.308   973.736   121.375   202.799
   121.750     2.573     2.512     7.893     9.767   -35.609     0.067   260.056   265.849    49.198   973.793   121.625   202.813
   122.000     2.647     2.524     7.893     9.760   -35.612     0.055   260.053   266.446    49.110   973.946   121.875   202.847
   122.250     2.704     2.521     7.889     9.753   -35.567     0.044   260.042   267.227    49.049   974.149   122.125   202.895
   122.500     2.707     2.530     7.881     9.745   -35.493     0.037   260.038   267.661    49.019   974.385   122.375   202.952
   122.750     2.693     2.529     7.869     9.736   -35.408     0.031   260.029   268.135    49.016   974.632   122.625   202.998
   123.000     2.772     2.556     7.848     9.722   -35.313     0.028   260.017   268.500    49.023   974.916   122.875   203.019
   123.250     2.775     2.422     7.819     9.709   -35.212     0.026   259.994   267.934    49.057   975.102   123.125   203.008
   123.500     2.553     2.504     7.795     9.702   -35.161     0.036   259.982   266.361    49.150   975.014   123.375   202.986
   123.750     2.086     2.537     7.789     9.711   -35.234     0.055   259.994   263.806    49.300   974.466   123.625   202.922
   124.000     2.105     2.525     7.782     9.713   -35.314     0.080   260.012   263.397    49.432   973.987   123.875   202.871
   124.250     2.392     2.511     7.775     9.700   -35.448     0.093   260.022   263.562    49.435   973.827   124.125   202.815
   124.500     2.548     2.514     7.772     9.686   -35.587     0.089   260.017   264.188    49.353   973.798   124.375   202.762
   124.750     2.515     2.519     7.776     9.675   -35.702     0.078   260.023   264.845    49.252   973.810   124.625   202.743
   125.000     2.561     2.503     7.781     9.668   -35.768     0.064   260.024   265.692    49.143   973.875   124.875   202.758
   125.250     2.638     2.514     7.782     9.661   -35.766     0.052   260.021   266.281    49.055   974.033   125.125   202.791
   125.500     2.690     2.512     7.779     9.655   -35.720     0.043   260.013   267.033    48.995   974.237   125.375   202.837
   125.750     2.698     2.521     7.771     9.647   -35.645     0.036   260.007   267.466    48.968   974.478   125.625   202.892
   126.000     2.682     2.520     7.758     9.638   -35.559     0.030   259.997   267.928    48.969   974.721   125.875   202.934
   126.250     2.794     2.545     7.736     9.624   -35.460     0.027   259.982   268.295    48.974   975.020   126.125   202.954
   126.500     2.730     2.415     7.707     9.613   -35.377     0.031   259.961   267.481    49.022   975.161   126.375   202.942
   126.750     2.530     2.494     7.682     9.607   -35.339     0.039   259.949   265.958    49.117   975.056   126.625   202.920
   127.000     2.082     2.441     7.674     9.615   -35.402     0.058   259.960   264.185    49.272   974.529   126.875   202.864
   127.250     2.120     2.491     7.670     9.616   -35.486     0.082   259.980   263.065    49.382   974.078   127.125   202.810
   127.500     2.409     2.496     7.665     9.604   -35.605     0.094   259.989   263.362    49.375   973.933   127.375   202.754
   127.750     2.542     2.498     7.662     9.590   -35.745     0.090   259.982   264.023    49.301   973.898   127.625   202.704
   128.000     2.451     2.499     7.668     9.582   -35.867     0.078   259.990   264.569    49.216   973.846   127.875   202.684
   128.250     2.556     2.496     7.673     9.574   -35.931     0.065   259.991   265.382    49.110   973.928   128.125   202.701
   128.500     2.594     2.509     7.675     9.567   -35.933     0.053   259.990   265.925    49.024   974.065   128.375   202.732
   128.750     2.676     2.505     7.672     9.560   -35.882     0.043   259.984   266.681    48.957   974.281   128.625   202.775
   129.000     2.683     2.513     7.664     9.552   -35.810     0.036   259.978   267.102    48.926   974.522   128.875   202.826
   129.250     2.677     2.511     7.652     9.543   -35.720     0.031   259.968   267.583    48.922   974.773   129.125   202.868
   129.500     2.775     2.536     7.630     9.529   -35.622     0.027   259.954   267.972    48.928   975.067   129.375   202.888
   129.750     2.775     2.544     7.602     9.517   -35.544     0.034   259.927   267.682    48.961   975.212   129.625   202.874
   130.000     2.469     2.487     7.577     9.512   -35.505     0.039   259.921   265.767    49.070   975.120   129.875   202.859
   130.250     2.102     2.432     7.566     9.520   -35.551     0.055   259.931   264.009    49.218   974.624   130.125   202.806
   130.500     2.109     2.507     7.564     9.521   -35.630     0.077   259.951   262.893    49.329   974.166   130.375   202.753
   130.750     2.393     2.484     7.557     9.510   -35.748     0.089   259.960   263.109    49.326   974.016   130.625   202.699
   131.000     2.539     2.488     7.555     9.497   -35.888     0.086   259.955   263.824    49.252   973.983   130.875   202.650
   131.250     2.443     2.504     7.562     9.490   -36.011     0.076   259.960   264.347    49.171   973.920   131.125   202.627
   131.500     2.550     2.487     7.567     9.482   -36.074     0.063   259.961   265.163    49.065   974.010   131.375   202.644
   131.750     2.593     2.500     7.570     9.475   -36.074     0.052   259.960   265.709    48.979   974.151   131.625   202.673
   132.000     2.668     2.496     7.567     9.468   -36.024     0.042   259.954   266.458    48.915   974.360   131.875   202.713
   132.250     2.677     2.503     7.559     9.461   -35.953     0.035   259.946   267.068    48.885   974.598   132.125   202.762
   132.500     2.663     2.502     7.547     9.452   -35.865     0.030   259.937   267.375    48.885   974.839   132.375   202.799
   132.750     2.763     2.527     7.525     9.439   -35.766     0.027   259.923   267.760    48.895   975.123   132.625   202.817
   133.000     2.734     2.392     7.495     9.428   -35.683     0.032   259.899   267.120    48.939   975.285   132.875   202.808
   133.250     2.484     2.478     7.472     9.423   -35.656     0.039   259.890   265.563    49.038   975.162   133.125   202.788
   133.500     2.116     2.430     7.461     9.429   -35.701     0.055   259.901   263.871    49.180   974.703   133.375   202.742
   133.750     2.099     2.424     7.459     9.431   -35.779     0.076   259.919   262.816    49.282   974.270   133.625   202.689
   134.000     2.391     2.506     7.454     9.421   -35.895     0.087   259.930   263.021    49.279   974.086   133.875   202.636
   134.250     2.514     2.479     7.453     9.408   -36.036     0.083   259.925   263.697    49.212   974.047   134.125   202.591
   134.500     2.432     2.496     7.460     9.400   -36.153     0.073   259.929   264.235    49.134   973.989   134.375   202.565
   134.750     2.537     2.480     7.465     9.392   -36.211     0.061   259.930   265.045    49.027   974.083   134.625   202.582
   135.000     2.586     2.492     7.468     9.386   -36.207     0.050   259.929   265.594    48.940   974.233   134.875   202.611
   135.250     2.653     2.488     7.465     9.379   -36.155     0.041   259.925   266.332    48.875   974.442   135.125   202.649
   135.500     2.671     2.495     7.457     9.371   -36.084     0.034   259.917   266.780    48.845   974.682   135.375   202.697
   135.750     2.650     2.493     7.444     9.363   -35.997     0.029   259.907   267.239    48.850   974.914   135.625   202.729
   136.000     2.781     2.516     7.420     9.349   -35.897     0.026   259.890   267.514    48.860   975.205   135.875   202.745
   136.250     2.650     2.396     7.394     9.341   -35.832     0.032   259.869   266.699    48.917   975.284   136.125   202.732
   136.500     2.481     2.426     7.369     9.336   -35.803     0.039   259.857   265.166    49.014   975.163   136.375   202.712
   136.750     2.052     2.436     7.361     9.343   -35.847     0.055   259.874   263.517    49.169   974.673   136.625   202.669
   137.000     2.139     2.471     7.359     9.343   -35.932     0.076   259.892   262.559    49.250   974.280   136.875   202.618
   137.250     2.412     2.492     7.354     9.332   -36.062     0.085   259.899   263.041    49.231   974.146   137.125   202.571
   137.500     2.455     2.472     7.356     9.321   -36.204     0.082   259.899   263.450    49.165   974.083   137.375   202.528
   137.750     2.461     2.483     7.362     9.312   -36.308     0.072   259.903   264.104    49.073   974.086   137.625   202.512
   138.000     2.521     2.470     7.368     9.305   -36.358     0.060   259.903   264.910    48.971   974.172   137.875   202.528
   138.250     2.622     2.481     7.368     9.298   -36.340     0.049   259.901   265.488    48.884   974.352   138.125   202.559
   138.500     2.644     2.479     7.365     9.292   -36.283     0.040   259.896   266.210    48.829   974.552   138.375   202.595
   138.750     2.671     2.484     7.356     9.284   -36.208     0.033   259.885   266.662    48.807   974.790   138.625   202.642
   139.000     2.627     2.485     7.343     9.277   -36.121     0.029   259.876   267.078    48.821   975.003   138.875   202.665
   139.250     2.797     2.506     7.317     9.263   -36.016     0.026   259.856   267.478    48.833   975.295   139.125   202.676
   139.500     2.534     2.464     7.295     9.258   -35.973     0.032   259.841   266.222    48.911   975.260   139.375   202.658
   139.750     2.437     2.423     7.270     9.253   -35.953     0.040   259.830   264.611    49.010   975.114   139.625   202.637
   140.000     2.038     2.427     7.264     9.260   -36.001     0.057   259.851   263.164    49.154   974.648   139.875   202.596
   140.250     2.164     2.456     7.262     9.258   -36.099     0.075   259.869   262.358    49.216   974.279   140.125   202.545
   140.500     2.448     2.476     7.258     9.246   -36.223     0.081   259.872   262.950    49.181   974.193   140.375   202.502
   140.750     2.440     2.468     7.262     9.235   -36.354     0.077   259.873   263.446    49.110   974.143   140.625   202.464
   141.000     2.480     2.471     7.268     9.227   -36.442     0.067   259.875   264.183    49.010   974.183   140.875   202.455
   141.250     2.523     2.481     7.274     9.221   -36.479     0.055   259.876   264.945    48.914   974.279   141.125   202.473
   141.500     2.649     2.469     7.273     9.214   -36.444     0.045   259.873   265.553    48.831   974.480   141.375   202.504
   141.750     2.650     2.471     7.268     9.208   -36.386     0.037   259.864   266.250    48.790   974.679   141.625   202.542
   142.000     2.647     2.470     7.258     9.202   -36.310     0.032   259.853   266.647    48.785   974.898   141.875   202.580
   142.250     2.626     2.473     7.243     9.194   -36.225     0.028   259.842   267.030    48.805   975.105   142.125   202.597
   142.500     2.856     2.491     7.213     9.177   -36.113     0.025   259.817   267.309    48.814   975.416   142.375   202.602
   142.750     2.437     2.468     7.192     9.174   -36.066     0.030   259.807   265.630    48.911   975.316   142.625   202.586
   143.000     2.190     2.400     7.176     9.178   -36.083     0.043   259.809   263.883    49.043   974.953   142.875   202.553
   143.250     2.062     2.422     7.172     9.181   -36.158     0.061   259.831   262.653    49.160   974.529   143.125   202.513
   143.500     2.255     2.450     7.169     9.175   -36.263     0.076   259.846   262.257    49.185   974.264   143.375   202.465
   143.750     2.480     2.465     7.167     9.161   -36.396     0.078   259.846   262.942    49.125   974.224   143.625   202.427
   144.000     2.413     2.455     7.174     9.153   -36.516     0.072   259.849   263.524    49.046   974.179   143.875   202.394
   144.250     2.516     2.458     7.179     9.144   -36.584     0.061   259.849   264.316    48.938   974.270   144.125   202.401
   144.500     2.569     2.466     7.182     9.138   -36.596     0.050   259.849   265.074    48.845   974.414   144.375   202.425
   144.750     2.636     2.461     7.180     9.132   -36.548     0.041   259.844   265.644    48.779   974.603   144.625   202.456
   145.000     2.656     2.466     7.173     9.126   -36.483     0.034   259.832   266.297    48.750   974.816   144.875   202.497
   145.250     2.617     2.465     7.162     9.120   -36.408     0.030   259.821   266.785    48.761   975.018   145.125   202.523
   145.500     2.671     2.492     7.143     9.110   -36.320     0.026   259.810   267.133    48.781   975.253   145.375   202.538
   145.750     2.719     2.499     7.116     9.098   -36.243     0.033   259.782   266.717    48.813   975.396   145.625   202.528
   146.000     2.392     2.408     7.093     9.094   -36.199     0.036   259.776   264.825    48.920   975.282   145.875   202.515
   146.250     2.073     2.407     7.083     9.100   -36.230     0.050   259.792   263.314    49.058   974.868   146.125   202.481
   146.500     2.109     2.439     7.081     9.100   -36.318     0.066   259.811   262.214    49.138   974.473   146.375   202.436
   146.750     2.359     2.471     7.076     9.091   -36.430     0.076   259.821   262.366    49.132   974.304   146.625   202.392
   147.000     2.451     2.451     7.077     9.080   -36.566     0.075   259.820   262.934    49.067   974.253   146.875   202.354
   147.250     2.409     2.464     7.086     9.072   -36.672     0.067   259.825   263.512    48.982   974.224   147.125   202.333
   147.500     2.508     2.449     7.092     9.065   -36.723     0.056   259.824   264.342    48.876   974.324   147.375   202.348
   147.750     2.577     2.458     7.095     9.058   -36.712     0.046   259.825   264.893    48.787   974.493   147.625   202.374
   148.000     2.625     2.456     7.092     9.053   -36.658     0.038   259.818   265.638    48.730   974.692   147.875   202.406
   148.250     2.651     2.459     7.083     9.046   -36.588     0.032   259.806   266.266    48.708   974.923   148.125   202.447
   148.500     2.608     2.460     7.070     9.039   -36.506     0.028   259.796   266.544    48.727   975.129   148.375   202.469
   148.750     2.764     2.481     7.045     9.026   -36.406     0.025   259.776   266.962    48.740   975.413   148.625   202.480
   149.000     2.517     2.409     7.022     9.021   -36.362     0.034   259.755   265.962    48.816   975.395   148.875   202.466
   149.250     2.338     2.366     7.001     9.019   -36.334     0.039   259.754   264.105    48.926   975.205   149.125   202.448
   149.500     2.042     2.406     6.995     9.024   -36.380     0.053   259.775   262.779    49.057   974.788   149.375   202.414
   149.750     2.197     2.431     6.990     9.021   -36.469     0.069   259.790   262.012    49.104   974.478   149.625   202.369
   150.000     2.428     2.454     6.986     9.010   -36.587     0.076   259.793   262.452    49.072   974.380   149.875   202.331
