  1000.000     3.706     3.188    -0.000     0.655    -1.512    -1.126     2.703     0.000     0.000     0.000     0.000     0.000     0.000   295.197     0.000   0.00E+00    -0.906     0.299   276.815
   950.000    -0.394     3.029     0.001     0.825     1.084    -1.472     0.243     0.000    17.622     0.000   -12.042     0.000     0.001   295.194     0.000   0.29E-06    -1.293     0.333   272.796
   900.000    -4.128     2.189    -0.178     0.741     1.428    -1.472     0.000     0.000    17.616    -0.001   -12.986     0.001     2.192   292.144     0.000   0.24E-01    -0.382     0.356   268.952
   850.000    -7.665     1.480     0.332     0.669     1.476    -1.523     0.000     0.000    16.336    -2.187    -9.889     2.543     2.171   290.552     0.045   0.28E+00     0.205     0.388   265.951
   800.000   -11.272     0.932     0.567     0.561     1.574    -1.624     0.000     0.000    14.879    -2.171    -7.513     2.546     1.155   289.613     0.016   0.28E+00     0.658     0.420   262.647
   750.000   -15.005     0.500     0.536     0.422     1.548    -1.601     0.000     0.000    13.865    -1.150    -6.336     1.929     0.361   289.168     0.003   0.18E+00     0.916     0.444   258.996
   700.000   -18.969     0.269     0.354     0.312     1.449    -1.505     0.000     0.000    13.644    -0.312    -5.486     1.718     0.419   289.510     0.002   0.13E+00     0.929     0.457   254.948
   650.000   -23.432     0.140     0.146     0.238     1.290    -1.349     0.000     0.000    13.374    -0.357    -4.582     1.562     0.309   289.797     0.002   0.11E+00     0.804     0.462   250.458
   600.000   -28.276     0.062    -0.056     0.198     1.095    -1.159     0.000     0.000    13.280    -0.246    -3.633     1.551     0.332   290.463     0.003   0.91E-01     0.606     0.456   245.481
   550.000   -33.609     0.034    -0.196     0.181     0.830    -0.898     0.000     0.000    13.273    -0.276    -2.686     1.704     0.156   291.139     0.006   0.90E-01     0.415     0.437   239.977
   500.000   -39.649     0.022    -0.240     0.219     0.688    -0.762     0.000     0.000    13.724    -0.114    -1.703     1.995     0.033   291.941     0.012   0.53E-01     0.247     0.404   233.909
   450.000   -46.320     0.019    -0.227     0.362     0.677    -0.757     0.000     0.000    14.867     0.000    -0.817     2.680     0.205   292.283     0.056   0.11E+00     0.109     0.361   227.237
   400.000   -53.628     0.016    -0.242     0.583     0.541    -0.628     0.000     0.000    15.264     0.000    -0.295     2.978     1.560   292.655     0.157   0.12E+00     0.035     0.308   219.898
   350.000   -61.722     0.015    -0.262     0.802     0.455    -0.548    -0.000     0.000     9.492     0.000    -0.067     2.311     7.302   292.839     0.194   0.41E-01     0.004     0.237   211.798
   300.000   -70.503     0.005    -0.412     1.003     0.183    -0.282     0.000     0.000     1.669     0.000    -0.009     0.343     8.091   293.120     0.414   0.13E-01     0.000     0.138   202.775
   250.000   -74.475     0.003    -3.892     1.007     0.019    -0.104     0.000     0.000     0.034     0.000    -0.000     0.000     1.636   296.670     0.451   0.12E-02    -0.000     0.038   192.390
   200.000   -72.641     0.001    -4.000     0.159    -0.001    -0.044     0.000     0.000     0.000     0.000    -0.000     0.000     0.034   310.773     0.000   0.12E-04    -0.000     0.003   179.725
   150.000   -73.143     0.001    -4.000     0.133     0.000    -0.003     0.000     0.000     0.000     0.000     0.000     0.000     0.000   325.510     0.000   0.13E-09    -0.000     0.000   163.398
   100.000   -71.458     0.001    -4.000     0.071     0.000     0.005     0.000     0.000     0.000     0.000     0.000     0.000     0.000   349.448     0.000   0.00E+00     0.000     0.000   140.460
    80.000   -68.139     0.001    -4.000     0.039     0.000     0.017     0.000     0.000     0.000     0.000     0.000     0.000     0.000   365.132     0.000   0.00E+00     0.000     0.000     0.000
    60.000   -60.523     0.001     0.000     0.012     0.000     0.042     0.000     0.000     0.000     0.000     0.000     0.000     0.000   389.145     0.000   0.00E+00     0.000     0.000     0.000
    40.000   -50.391     0.001     0.000     0.003     0.000     0.076     0.000     0.000     0.000     0.000     0.000     0.000     0.000   423.496     0.000   0.00E+00     0.000     0.000     0.000
    30.000   -42.277     0.001     0.000     0.001     0.000     0.103     0.000     0.000     0.000     0.000     0.000     0.000     0.000   449.502     0.000   0.00E+00     0.000     0.000     0.000
    25.000   -26.131     0.001     0.000     0.000     0.000     0.157     0.000     0.000     0.000     0.000     0.000     0.000     0.000   477.507     0.000   0.00E+00    -0.001     0.000     0.000
