  1000.000     5.400     3.589     0.000     0.652    -1.536    -1.078     2.683     0.000     0.000     0.000     0.000     0.000     0.000   294.997     0.000   0.00E+00    -0.916     0.299   278.530
   950.000     1.315     3.412     0.001     0.822     1.067    -1.399     0.216     0.000    17.586     0.000   -12.263     0.000     0.001   294.983     0.000   0.96E-07    -1.262     0.334   274.486
   900.000    -2.433     2.594    -0.201     0.746     1.395    -1.422     0.000     0.000    17.581    -0.001   -13.799     0.001     2.189   292.042     0.000   0.12E-01    -0.411     0.357   270.532
   850.000    -5.932     1.789     0.327     0.674     1.466    -1.495     0.000     0.000    16.328    -2.186   -10.315     2.553     2.144   290.308     0.054   0.33E+00     0.188     0.390   267.621
   800.000    -9.512     1.144     0.571     0.559     1.585    -1.616     0.000     0.000    14.880    -2.144    -7.827     2.523     1.001   289.427     0.015   0.28E+00     0.668     0.423   264.414
   750.000   -13.198     0.606     0.532     0.414     1.576    -1.609     0.000     0.000    14.021    -0.998    -6.594     1.919     0.413   289.145     0.002   0.18E+00     0.927     0.448   260.862
   700.000   -17.056     0.281     0.348     0.298     1.452    -1.486     0.000     0.000    13.758    -0.370    -5.699     1.723     0.314   289.328     0.002   0.13E+00     0.935     0.464   256.913
   650.000   -21.393     0.132     0.138     0.226     1.284    -1.321     0.000     0.000    13.605    -0.268    -4.786     1.572     0.322   289.654     0.002   0.11E+00     0.792     0.469   252.513
   600.000   -26.255     0.067    -0.046     0.186     1.064    -1.104     0.000     0.000    13.501    -0.274    -3.809     1.580     0.287   290.575     0.003   0.90E-01     0.594     0.463   247.611
   550.000   -31.705     0.040    -0.167     0.175     0.831    -0.875     0.000     0.000    13.551    -0.247    -2.778     1.711     0.179   291.264     0.006   0.86E-01     0.407     0.444   242.162
   500.000   -37.739     0.028    -0.202     0.216     0.704    -0.752     0.000     0.000    13.966    -0.152    -1.729     1.975     0.020   291.678     0.010   0.51E-01     0.247     0.411   236.125
   450.000   -44.341     0.021    -0.192     0.379     0.705    -0.758     0.000     0.000    15.150     0.000    -0.821     2.648     0.138   292.179     0.062   0.12E+00     0.102     0.368   229.453
   400.000   -51.579     0.015    -0.215     0.641     0.578    -0.635     0.000     0.000    14.617     0.000    -0.274     2.555     2.133   292.351     0.172   0.12E+00     0.034     0.316   222.085
   350.000   -59.662     0.012    -0.246     0.734     0.461    -0.523     0.000     0.000    10.558     0.000    -0.070     2.569     5.822   292.622     0.118   0.33E-01     0.005     0.239   213.930
   300.000   -68.614     0.007    -0.384     1.001     0.202    -0.269     0.000     0.000     1.630     0.000    -0.007     0.292     9.155   292.881     0.417   0.93E-02     0.000     0.148   204.836
   250.000   -74.067     0.004    -3.520     1.003     0.007    -0.067     0.000     0.000     0.020     0.000    -0.000     0.000     1.610   296.406     0.277   0.84E-03    -0.000     0.039   194.405
   200.000   -72.645     0.001    -4.000     0.163    -0.002    -0.029     0.000     0.000     0.000     0.000    -0.000     0.000     0.020   309.953     0.000   0.68E-05    -0.000     0.002   181.729
   150.000   -73.643     0.001    -4.000     0.132     0.000    -0.001     0.000     0.000     0.000     0.000     0.000     0.000     0.000   324.797     0.000   0.00E+00     0.000     0.000   165.425
   100.000   -72.783     0.001    -4.000     0.083     0.000     0.001     0.000     0.000     0.000     0.000     0.000     0.000     0.000   348.006     0.000   0.00E+00     0.000     0.000   142.595
    80.000   -70.252     0.001    -4.000     0.048     0.000     0.007     0.000     0.000     0.000     0.000     0.000     0.000     0.000   363.452     0.000   0.00E+00     0.000     0.000     0.000
    60.000   -63.847     0.001     0.000     0.016     0.000     0.023     0.000     0.000     0.000     0.000     0.000     0.000     0.000   386.122     0.000   0.00E+00     0.000     0.000     0.000
    40.000   -55.258     0.001     0.000     0.004     0.000     0.045     0.000     0.000     0.000     0.000     0.000     0.000     0.000   418.568     0.000   0.00E+00     0.000     0.000     0.000
    30.000   -48.849     0.001     0.000     0.002     0.000     0.061     0.000     0.000     0.000     0.000     0.000     0.000     0.000   442.754     0.000   0.00E+00     0.000     0.000     0.000
    25.000   -37.526     0.001     0.000     0.000     0.000     0.090     0.000     0.000     0.000     0.000     0.000     0.000     0.000   465.718     0.000   0.00E+00    -0.001     0.000     0.000
