  1000.000    23.088    13.957    -0.000     0.786    -1.799    -2.030     3.155     0.000     0.000     0.000     0.000     0.000     0.000   347.772     0.000   0.00E+00    -2.074     0.564   296.283
   950.000    18.874    13.711     0.001     0.971     3.546    -1.783    -1.329     0.000     9.687     0.000   -11.065     0.000     0.000   347.752     0.000   0.00E+00    -4.911     0.605   291.993
   900.000    17.001    10.717    -0.312     0.809     1.837    -1.961     0.000     0.000     9.686     0.000    -5.226     0.000     1.125   340.699     0.000   0.69E-01    -2.246     0.631   289.569
   850.000    14.364     8.913     0.035     0.765     1.586    -1.711     0.000     0.000     8.826    -1.124    -5.884     1.188     0.423   337.230     0.000   0.15E-02    -1.163     0.671   287.407
   800.000    11.796     7.200     0.053     0.709     1.516    -1.637     0.000     0.000     8.230    -0.423    -5.197     0.740     0.271   334.673     0.002   0.12E+00    -0.301     0.704   285.079
   750.000     9.150     5.828    -0.040     0.664     1.463    -1.578     0.000     0.000     7.955     0.000    -4.909     0.677     0.411   333.156     0.002   0.16E+00     0.184     0.731   282.554
   700.000     6.069     4.798    -0.098     0.632     1.434    -1.548     0.000     0.000     7.673     0.000    -4.692     0.677     0.409   332.213     0.002   0.15E+00     0.460     0.747   279.797
   650.000     2.577     3.946    -0.165     0.599     1.443    -1.559     0.000     0.000     7.387     0.000    -4.410     0.684     0.410   331.572     0.001   0.95E-01     0.617     0.752   276.762
   600.000    -1.418     3.091    -0.200     0.563     1.465    -1.588     0.000     0.000     7.206     0.000    -4.343     0.711     0.308   331.116     0.001   0.53E-01     0.772     0.742   273.386
   550.000    -5.194     2.252    -0.084     0.541     1.507    -1.627     0.000     0.000     7.129     0.000    -4.490     0.710     0.205   331.034     0.001   0.37E-01     0.873     0.725   269.818
   500.000    -9.642     1.674    -0.040     0.523     1.616    -1.738     0.000     0.000     7.101     0.000    -3.701     0.650     0.156   331.502     0.002   0.55E-01     0.862     0.709   265.667
   450.000   -14.934     1.043    -0.070     0.511     1.829    -1.961     0.000     0.000     6.433     0.000    -2.334     0.583     0.815   332.531     0.018   0.35E+00     0.717     0.692   260.756
   400.000   -21.134     0.532    -0.055     0.449     1.893    -2.042     0.000     0.000     5.764     0.000    -1.405     0.545     0.835   333.454     0.022   0.31E+00     0.608     0.632   254.835
   350.000   -28.590     0.239    -0.131     0.352     1.643    -1.820     0.000     0.000     5.479     0.000    -0.797     0.570     0.500   334.621     0.020   0.26E+00     0.471     0.558   247.586
   300.000   -37.627     0.140    -0.157     0.362     1.267    -1.484     0.000     0.000     5.620     0.000    -0.371     0.713     0.229   336.279     0.036   0.20E+00     0.224     0.490   238.662
   250.000   -48.437     0.068    -0.029     0.630     1.053    -1.321     0.000     0.000     5.514     0.000    -0.115     0.970     0.799   337.687     0.113   0.14E+00     0.027     0.430   227.742
   200.000   -61.579     0.027    -0.100     1.117     0.683    -1.010     0.000     0.000     1.358     0.000    -0.002     0.169     4.239   338.731     0.539   0.59E-01    -0.001     0.351   214.504
   150.000   -71.356     0.003    -2.829     0.798     0.028    -0.289     0.000     0.000     0.000     0.000    -0.000     0.000     1.358   342.098     0.130   0.22E-02    -0.000     0.124   197.940
   100.000   -68.942     0.001    -4.000     0.071     0.000     0.084     0.000     0.000     0.000     0.000     0.000     0.000     0.000   362.753     0.000   0.00E+00     0.000     0.000   174.727
    80.000   -66.422     0.001    -4.000     0.050     0.000     0.135     0.000     0.000     0.000     0.000     0.000     0.000     0.000   376.769     0.000   0.00E+00     0.000     0.000     0.000
    60.000   -59.612     0.001     0.000     0.023     0.000     0.271     0.000     0.000     0.000     0.000     0.000     0.000     0.000   397.809     0.000   0.00E+00     0.000     0.000     0.000
    40.000   -49.472     0.001     0.000     0.008     0.000     0.474     0.000     0.000     0.000     0.000     0.000     0.000     0.000   428.913     0.000   0.00E+00     0.000     0.000     0.000
    30.000   -41.421     0.001     0.000     0.004     0.000     0.635     0.000     0.000     0.000     0.000     0.000     0.000     0.000   453.030     0.000   0.00E+00     0.000     0.000     0.000
    25.000   -26.708     0.001     0.000     0.001     0.000     0.929     0.000     0.000     0.000     0.000     0.000     0.000     0.000   479.340     0.000   0.00E+00    -0.001     0.000     0.000
