  1000.000    27.819    18.827     0.000     0.791    -1.955    -2.022     3.110     0.000     0.000     0.000     0.000     0.000     0.000   368.771     0.000   0.00E+00    -2.518     0.679   301.009
   950.000    23.565    18.530     0.001     0.973     3.684    -1.391    -1.719     0.000     9.347     0.000   -12.027     0.000     0.000   368.749     0.000   0.00E+00    -6.343     0.724   296.655
   900.000    21.934    15.096    -0.234     0.831     1.796    -1.941     0.000     0.000     9.347     0.000    -5.228     0.000     1.081   360.770     0.000   0.76E-01    -3.312     0.753   294.462
   850.000    19.372    13.049     0.211     0.802     1.629    -1.773     0.000     0.000     8.464    -1.081    -5.924     1.141     0.000   356.581     0.006   0.26E+00    -2.167     0.796   292.477
   800.000    17.008    11.313     0.248     0.765     1.694    -1.830     0.000     0.000     8.060    -0.000    -4.995     0.552     0.581   353.668     0.002   0.34E+00    -1.241     0.830   290.351
   750.000    14.424     9.825     0.227     0.734     1.685    -1.814     0.000     0.000     7.636     0.000    -4.704     0.515     0.568   351.552     0.001   0.27E+00    -0.596     0.854   288.061
   700.000    11.661     8.431     0.136     0.703     1.679    -1.800     0.000     0.000     7.211     0.000    -4.396     0.473     0.542   349.883     0.001   0.22E+00    -0.119     0.869   285.578
   650.000     8.969     6.664    -0.021     0.664     1.683    -1.791     0.000     0.000     6.808     0.000    -4.086     0.468     0.514   348.506     0.000   0.19E+00     0.239     0.873   282.862
   600.000     5.890     5.119    -0.219     0.618     1.694    -1.791     0.000     0.000     6.482     0.000    -3.749     0.499     0.438   347.376     0.000   0.15E+00     0.514     0.867   279.864
   550.000     2.132     3.944    -0.348     0.578     1.730    -1.823     0.000     0.000     6.266     0.000    -3.439     0.526     0.331   346.719     0.000   0.12E+00     0.645     0.851   276.520
   500.000    -2.254     2.861    -0.358     0.541     1.785    -1.879     0.000     0.000     6.098     0.000    -3.397     0.525     0.282   346.385     0.001   0.10E+00     0.740     0.827   272.798
   450.000    -6.480     1.895    -0.253     0.510     1.860    -1.942     0.000     0.000     6.005     0.000    -3.180     0.502     0.209   346.428     0.003   0.21E+00     0.901     0.796   268.709
   400.000   -11.857     1.380    -0.192     0.501     2.096    -2.179     0.000     0.000     5.568     0.000    -2.063     0.469     0.569   347.496     0.010   0.34E+00     0.837     0.776   263.812
   350.000   -19.207     1.324    -0.123     0.460     2.279    -2.388     0.000     0.000     4.719     0.000    -1.194     0.431     0.990   348.683     0.019   0.30E+00     0.735     0.727   257.792
   300.000   -26.897     0.320    -0.234     0.312     1.920    -2.042     0.000     0.000     4.533     0.000    -0.663     0.490     0.387   350.285     0.007   0.25E+00     0.611     0.634   250.119
   250.000   -37.260     0.208    -0.036     0.358     1.708    -1.871     0.000     0.000     4.447     0.000    -0.287     0.553     0.382   352.713     0.030   0.20E+00     0.252     0.562   240.151
   200.000   -50.124     0.103     0.074     0.521     1.245    -1.462     0.000     0.000     4.057     0.000    -0.084     0.695     0.877   354.962     0.067   0.13E+00     0.038     0.503   227.178
   150.000   -66.292     0.018     0.014     1.068     0.621    -0.901     0.000     0.000     0.535     0.000    -0.001     0.049     3.538   356.692     0.503   0.35E-01    -0.000     0.410   210.522
   100.000   -72.263     0.001    -4.000     0.647    -0.017    -0.012     0.000     0.000     0.000     0.000    -0.000     0.000     0.535   365.917     0.073   0.14E-02    -0.000     0.095   187.488
    80.000   -66.287     0.001    -4.000     0.049     0.000     0.137     0.000     0.000     0.000     0.000     0.000     0.000     0.000   381.907     0.000   0.00E+00     0.000     0.000     0.000
    60.000   -58.311     0.001     0.000     0.021     0.000     0.297     0.000     0.000     0.000     0.000     0.000     0.000     0.000   403.851     0.000   0.00E+00     0.000     0.000     0.000
    40.000   -48.560     0.001     0.000     0.008     0.000     0.492     0.000     0.000     0.000     0.000     0.000     0.000     0.000   434.774     0.000   0.00E+00     0.000     0.000     0.000
    30.000   -40.875     0.001     0.000     0.004     0.000     0.646     0.000     0.000     0.000     0.000     0.000     0.000     0.000   458.698     0.000   0.00E+00     0.000     0.000     0.000
    25.000   -26.830     0.001     0.000     0.001     0.000     0.926     0.000     0.000     0.000     0.000     0.000     0.000     0.000   484.549     0.000   0.00E+00    -0.001     0.000     0.000
