  1000.000     4.625     3.350     0.000     0.623    -1.450    -0.894     2.629     0.000     0.000     0.000     0.000     0.000     0.000   288.130     0.000   0.00E+00    -0.758     0.270   277.748
   950.000     0.538     3.177     0.001     0.788     0.395    -1.333     0.659     0.000    20.332     0.000   -12.495     0.000     0.000   288.138     0.000   0.00E+00    -0.896     0.304   273.716
   900.000    -3.289     2.368    -0.054     0.743     1.384    -1.382     0.000     0.000    20.332     0.000   -16.273     0.000     2.258   285.993     0.001   0.11E-01    -0.329     0.325   269.736
   850.000    -6.836     1.627     0.409     0.656     1.506    -1.506     0.000     0.000    18.817    -2.258   -10.548     2.680     2.638   284.205     0.055   0.34E+00     0.193     0.362   266.779
   800.000   -10.442     1.024     0.620     0.538     1.643    -1.644     0.000     0.000    17.094    -2.629    -7.496     3.056     1.797   283.244     0.020   0.26E+00     0.565     0.393   263.523
   750.000   -14.126     0.514     0.583     0.380     1.602    -1.603     0.000     0.000    15.495    -1.786    -5.841     2.294     0.431   283.736     0.005   0.17E+00     0.777     0.415   259.920
   700.000   -17.996     0.259     0.373     0.265     1.498    -1.500     0.000     0.000    15.233    -0.415    -4.679     2.045     0.644   283.261     0.006   0.13E+00     0.727     0.423   255.919
   650.000   -22.414     0.126     0.194     0.194     1.323    -1.327     0.000     0.000    14.726    -0.631    -3.760     1.841     0.402   284.175     0.007   0.97E-01     0.616     0.420   251.471
   600.000   -27.255     0.059    -0.005     0.159     1.117    -1.123     0.000     0.000    14.522    -0.389    -2.760     1.747     0.481   285.363     0.009   0.78E-01     0.444     0.405   246.529
   550.000   -32.635     0.027    -0.167     0.134     0.762    -0.770     0.000     0.000    14.350    -0.464    -1.932     1.901     0.183   285.626     0.010   0.57E-01     0.298     0.381   241.049
   500.000   -38.668     0.020    -0.252     0.160     0.554    -0.564     0.000     0.000    14.853    -0.169    -1.156     2.282     0.022   286.136     0.012   0.40E-01     0.171     0.346   234.993
   450.000   -45.307     0.017    -0.284     0.282     0.529    -0.541     0.000     0.000    16.753    -0.004    -0.465     3.514     0.030   286.378     0.028   0.48E-01     0.070     0.304   228.318
   400.000   -52.579     0.013    -0.334     0.509     0.366    -0.381     0.000     0.000    18.041    -0.003    -0.151     3.557     1.095   286.406     0.123   0.54E-01     0.018     0.257   220.963
   350.000   -60.673     0.011    -0.359     0.790     0.347    -0.365    -0.000     0.000     9.742    -0.002    -0.026     2.687    10.050   286.496     0.185   0.28E-02     0.001     0.199   212.833
   300.000   -69.697     0.006    -0.550     0.999     0.051    -0.072     0.000     0.000     0.149    -0.000    -0.000     0.000     9.592   286.694     0.432   0.16E-02    -0.000     0.093   203.776
   250.000   -74.290     0.003    -4.000     0.999    -0.003    -0.013     0.000     0.000     0.000     0.000    -0.000     0.000     0.149   292.915     0.133   0.25E-04    -0.000     0.005   193.372
   200.000   -73.108     0.001    -4.000     0.190     0.000    -0.000     0.000     0.000     0.000     0.000     0.000     0.000     0.000   306.155     0.000   0.00E+00     0.000     0.000   180.719
   150.000   -74.139     0.001    -4.000     0.168     0.000    -0.002     0.000     0.000     0.000     0.000     0.000     0.000     0.000   321.819     0.000   0.00E+00     0.000     0.000   164.453
   100.000   -73.186     0.001    -4.000     0.100     0.000    -0.001     0.000     0.000     0.000     0.000     0.000     0.000     0.000   344.610     0.000   0.00E+00     0.000     0.000   141.674
    80.000   -70.592     0.001    -4.000     0.056     0.000     0.003     0.000     0.000     0.000     0.000     0.000     0.000     0.000   359.634     0.000   0.00E+00     0.000     0.000     0.000
    60.000   -64.142     0.001     0.000     0.017     0.000     0.012     0.000     0.000     0.000     0.000     0.000     0.000     0.000   383.388     0.000   0.00E+00     0.000     0.000     0.000
    40.000   -55.485     0.001     0.000     0.004     0.000     0.025     0.000     0.000     0.000     0.000     0.000     0.000     0.000   415.617     0.000   0.00E+00     0.000     0.000     0.000
    30.000   -48.994     0.001     0.000     0.001     0.000     0.034     0.000     0.000     0.000     0.000     0.000     0.000     0.000   439.638     0.000   0.00E+00     0.000     0.000     0.000
    25.000   -37.488     0.001     0.000     0.000     0.000     0.051     0.000     0.000     0.000     0.000     0.000     0.000     0.000   463.746     0.000   0.00E+00    -0.001     0.000     0.000
