  1000.000     4.617     3.341    -0.000     0.625    -1.462    -0.908     2.633     0.000     0.000     0.000     0.000     0.000     0.000   288.717     0.000   0.00E+00    -0.782     0.273   277.740
   950.000     0.529     3.167     0.001     0.791     0.461    -1.336     0.613     0.000    20.050     0.000   -12.485     0.000     0.001   288.725     0.000   0.21E-05    -0.929     0.306   273.707
   900.000    -3.320     2.359    -0.076     0.742     1.382    -1.383     0.000     0.000    20.049    -0.001   -15.992     0.001     2.274   286.463     0.001   0.10E-01    -0.338     0.328   269.717
   850.000    -6.883     1.632     0.404     0.659     1.502    -1.504     0.000     0.000    18.559    -2.274   -10.689     2.692     2.584   284.676     0.057   0.35E+00     0.188     0.364   266.759
   800.000   -10.489     1.027     0.616     0.540     1.638    -1.642     0.000     0.000    16.860    -2.577    -7.545     2.997     1.682   283.625     0.019   0.26E+00     0.573     0.396   263.502
   750.000   -14.149     0.511     0.575     0.383     1.599    -1.603     0.000     0.000    15.359    -1.674    -5.920     2.246     0.438   284.207     0.005   0.17E+00     0.786     0.418   259.898
   700.000   -18.013     0.272     0.369     0.268     1.489    -1.495     0.000     0.000    15.083    -0.414    -4.784     2.004     0.607   283.681     0.005   0.13E+00     0.740     0.427   255.897
   650.000   -22.451     0.126     0.190     0.197     1.314    -1.321     0.000     0.000    14.614    -0.585    -3.860     1.807     0.399   284.642     0.006   0.98E-01     0.624     0.424   251.448
   600.000   -27.234     0.063    -0.003     0.162     1.105    -1.114     0.000     0.000    14.414    -0.377    -2.854     1.726     0.460   285.856     0.008   0.79E-01     0.452     0.410   246.504
   550.000   -32.568     0.033    -0.157     0.140     0.770    -0.781     0.000     0.000    14.264    -0.438    -1.995     1.874     0.190   286.141     0.009   0.58E-01     0.304     0.386   241.022
   500.000   -38.564     0.019    -0.238     0.167     0.573    -0.586     0.000     0.000    14.737    -0.175    -1.187     2.234     0.021   286.544     0.012   0.42E-01     0.175     0.351   234.963
   450.000   -45.211     0.019    -0.270     0.298     0.549    -0.565     0.000     0.000    16.521    -0.003    -0.486     3.374     0.039   286.801     0.033   0.56E-01     0.070     0.309   228.284
   400.000   -52.569     0.020    -0.321     0.532     0.387    -0.405     0.000     0.000    17.495    -0.002    -0.155     3.418     1.296   286.845     0.132   0.60E-01     0.019     0.262   220.926
   350.000   -60.779     0.017    -0.347     0.781     0.357    -0.378    -0.000     0.000     9.752    -0.001    -0.028     2.639     9.456   286.898     0.168   0.31E-02     0.001     0.200   212.798
   300.000   -69.714     0.006    -0.530     1.000     0.063    -0.087     0.000     0.000     0.205    -0.001    -0.000     0.001     9.547   287.213     0.435   0.18E-02    -0.000     0.097   203.744
   250.000   -74.287     0.003    -4.000     1.000    -0.005    -0.014     0.000     0.000     0.000     0.000    -0.000     0.000     0.205   293.282     0.152   0.37E-04    -0.000     0.008   193.339
   200.000   -73.100     0.001    -4.000     0.190     0.000    -0.003     0.000     0.000     0.000     0.000     0.000     0.000     0.000   306.370     0.000   0.48E-10    -0.000     0.000   180.686
   150.000   -74.133     0.001    -4.000     0.165     0.000    -0.002     0.000     0.000     0.000     0.000     0.000     0.000     0.000   322.007     0.000   0.00E+00     0.000     0.000   164.420
   100.000   -73.182     0.001    -4.000     0.098     0.000    -0.000     0.000     0.000     0.000     0.000     0.000     0.000     0.000   344.900     0.000   0.00E+00     0.000     0.000   141.640
    80.000   -70.589     0.001    -4.000     0.055     0.000     0.003     0.000     0.000     0.000     0.000     0.000     0.000     0.000   360.018     0.000   0.00E+00     0.000     0.000     0.000
    60.000   -64.139     0.001     0.000     0.017     0.000     0.012     0.000     0.000     0.000     0.000     0.000     0.000     0.000   384.046     0.000   0.00E+00     0.000     0.000     0.000
    40.000   -55.484     0.001     0.000     0.004     0.000     0.025     0.000     0.000     0.000     0.000     0.000     0.000     0.000   416.096     0.000   0.00E+00     0.000     0.000     0.000
    30.000   -48.993     0.001     0.000     0.001     0.000     0.034     0.000     0.000     0.000     0.000     0.000     0.000     0.000   439.993     0.000   0.00E+00     0.000     0.000     0.000
    25.000   -37.490     0.001     0.000     0.000     0.000     0.052     0.000     0.000     0.000     0.000     0.000     0.000     0.000   463.858     0.000   0.00E+00    -0.001     0.000     0.000
