  1000.000     3.247     3.059     0.000     0.694    -1.617    -1.344     2.785     0.000     0.000     0.000     0.000     0.000     0.000   318.479     0.000   0.00E+00    -1.401     0.409   276.355
   950.000    -0.849     2.900     0.001     0.869     1.644    -1.360    -0.247     0.000    15.271     0.000   -13.037     0.000     0.000   318.479     0.000   0.00E+00    -2.982     0.446   272.343
   900.000    -4.608     2.070    -0.156     0.766     1.481    -1.553     0.000     0.000    15.271     0.000   -10.770     0.000     1.741   314.034     0.002   0.79E-01    -1.431     0.474   268.479
   850.000    -8.148     1.379     0.317     0.703     1.477    -1.550     0.000     0.000    14.171    -1.741    -8.696     2.034     1.564   311.544     0.030   0.23E+00    -0.667     0.510   265.450
   800.000   -11.785     0.867     0.508     0.614     1.567    -1.641     0.000     0.000    13.060    -1.562    -6.748     1.985     1.007   309.498     0.013   0.24E+00    -0.027     0.542   262.118
   750.000   -15.568     0.469     0.491     0.507     1.563    -1.639     0.000     0.000    12.206    -0.900    -5.763     1.565     0.442   309.168     0.004   0.18E+00     0.395     0.567   258.439
   700.000   -19.555     0.242     0.355     0.421     1.508    -1.585     0.000     0.000    11.906    -0.296    -5.073     1.397     0.423   307.854     0.002   0.14E+00     0.591     0.581   254.364
   650.000   -24.001     0.132     0.193     0.361     1.414    -1.493     0.000     0.000    11.637    -0.274    -4.453     1.295     0.350   308.078     0.002   0.11E+00     0.652     0.586   249.849
   600.000   -28.903     0.068     0.008     0.320     1.293    -1.374     0.000     0.000    11.484    -0.206    -3.735     1.262     0.361   308.483     0.000   0.92E-01     0.616     0.582   244.853
   550.000   -34.278     0.027    -0.146     0.292     1.095    -1.178     0.000     0.000    11.383    -0.231    -2.991     1.397     0.197   308.879     0.000   0.87E-01     0.523     0.568   239.337
   500.000   -40.307     0.020    -0.222     0.305     1.017    -1.103     0.000     0.000    11.775    -0.057    -2.187     1.667     0.086   309.006     0.001   0.65E-01     0.454     0.540   233.265
   450.000   -46.976     0.017    -0.230     0.382     1.037    -1.127     0.000     0.000    12.585     0.000    -1.405     2.188     0.300   309.005     0.025   0.15E+00     0.373     0.503   226.598
   400.000   -54.294     0.015    -0.221     0.512     0.984    -1.076     0.000     0.000    13.729     0.000    -0.821     3.068     1.017   309.774     0.088   0.17E+00     0.277     0.452   219.272
   350.000   -62.390     0.014    -0.204     0.695     0.959    -1.055    -0.000     0.000     7.245     0.000    -0.470     1.514     7.341   309.992     0.167   0.12E+00     0.284     0.387   211.191
   300.000   -71.001     0.005    -0.333     0.773     0.707    -0.806     0.000     0.000     2.716     0.000    -0.275     0.426     4.810   310.378     0.277   0.91E-01     0.279     0.293   202.189
   250.000   -74.792     0.003    -3.081     0.831     0.605    -0.696     0.000     0.000     1.525    -0.000    -0.119     0.239     1.343   314.024     0.329   0.68E-01     0.196     0.207   191.823
   200.000   -73.194     0.001    -4.000     0.312     0.404    -0.476     0.000     0.000     0.870     0.000    -0.051     0.145     0.743   324.153     0.061   0.49E-01     0.136     0.157   179.187
   150.000   -73.710     0.001    -4.000     0.277     0.284    -0.335     0.000     0.000     0.456     0.000    -0.018     0.078     0.467   336.869     0.059   0.30E-01     0.000     0.110   162.904
   100.000   -71.915     0.001    -4.000     0.211     0.084    -0.101     0.000     0.000     0.000     0.000    -0.000     0.000     0.456   358.027     0.051   0.11E-01     0.000     0.063   140.025
    80.000   -68.527     0.001    -4.000     0.033     0.000     0.006     0.000     0.000     0.000     0.000     0.000     0.000     0.000   374.191     0.000   0.13E-09    -0.000     0.000     0.000
    60.000   -60.861     0.001     0.000     0.008     0.000     0.020     0.000     0.000     0.000     0.000     0.000     0.000     0.000   398.833     0.000   0.00E+00     0.000     0.000     0.000
    40.000   -50.640     0.001     0.000     0.002     0.000     0.037     0.000     0.000     0.000     0.000     0.000     0.000     0.000   433.304     0.000   0.00E+00     0.000     0.000     0.000
    30.000   -42.418     0.001     0.000     0.001     0.000     0.051     0.000     0.000     0.000     0.000     0.000     0.000     0.000   458.732     0.000   0.00E+00     0.000     0.000     0.000
    25.000   -26.097     0.001     0.000     0.000     0.000     0.078     0.000     0.000     0.000     0.000     0.000     0.000     0.000   485.129     0.000   0.00E+00    -0.001     0.000     0.000
