  1000.000     3.210     3.048     0.000     0.671    -1.519    -1.219     2.750     0.000     0.000     0.000     0.000     0.000     0.000   302.154     0.000   0.00E+00    -1.028     0.333   276.318
   950.000    -0.887     2.890     0.001     0.845     1.242    -1.524     0.158     0.000    16.840     0.000   -13.177     0.000     0.000   302.152     0.000   0.00E+00    -1.830     0.368   272.306
   900.000    -4.651     2.060    -0.168     0.748     1.495    -1.553     0.000     0.000    16.840     0.000   -12.014     0.000     1.944   298.600     0.001   0.51E-01    -0.671     0.395   268.440
   850.000    -8.197     1.374     0.292     0.674     1.495    -1.555     0.000     0.000    15.645    -1.944    -9.284     2.292     1.907   296.690     0.036   0.23E+00    -0.011     0.429   265.410
   800.000   -11.837     0.863     0.484     0.573     1.559    -1.620     0.000     0.000    14.344    -1.907    -7.100     2.311     1.147   295.385     0.013   0.24E+00     0.492     0.460   262.075
   750.000   -15.610     0.467     0.450     0.449     1.531    -1.594     0.000     0.000    13.355    -1.112    -5.977     1.806     0.445   295.294     0.002   0.17E+00     0.779     0.484   258.393
   700.000   -19.602     0.246     0.296     0.351     1.447    -1.512     0.000     0.000    13.047    -0.366    -5.208     1.610     0.427   294.892     0.001   0.13E+00     0.837     0.497   254.316
   650.000   -24.062     0.136     0.133     0.284     1.324    -1.391     0.000     0.000    12.785    -0.337    -4.522     1.496     0.339   295.130     0.000   0.10E+00     0.779     0.501   249.800
   600.000   -28.966     0.066    -0.041     0.242     1.169    -1.239     0.000     0.000    12.659    -0.255    -3.724     1.455     0.360   295.712     0.000   0.82E-01     0.655     0.494   244.802
   550.000   -34.325     0.026    -0.172     0.214     0.913    -0.985     0.000     0.000    12.628    -0.287    -2.895     1.611     0.114   296.341     0.000   0.76E-01     0.503     0.478   239.285
   500.000   -40.353     0.020    -0.208     0.242     0.809    -0.884     0.000     0.000    13.158    -0.068    -1.987     1.939     0.033   297.007     0.001   0.50E-01     0.347     0.450   233.214
   450.000   -47.020     0.017    -0.187     0.345     0.825    -0.904     0.000     0.000    14.186     0.000    -1.053     2.577     0.305   297.223     0.030   0.14E+00     0.211     0.411   226.546
   400.000   -54.339     0.014    -0.170     0.505     0.732    -0.815     0.000     0.000    15.679     0.000    -0.471     3.655     1.127   297.927     0.105   0.13E+00     0.130     0.356   219.221
   350.000   -62.434     0.014    -0.170     0.735     0.632    -0.719    -0.000     0.000     7.730     0.000    -0.189     1.709     8.949   298.277     0.202   0.72E-01     0.077     0.288   211.141
   300.000   -71.044     0.005    -0.306     0.856     0.330    -0.420     0.000     0.000     2.384     0.000    -0.069     0.429     5.654   298.337     0.340   0.41E-01     0.035     0.189   202.141
   250.000   -74.810     0.003    -3.663     0.935     0.196    -0.277     0.000     0.000     1.043     0.000    -0.018     0.192     1.480   302.046     0.400   0.19E-01     0.005     0.101   191.776
   200.000   -73.232     0.001    -4.000     0.326     0.091    -0.150     0.000     0.000     0.228     0.000    -0.001     0.038     0.839   313.839     0.077   0.73E-02    -0.000     0.059   179.142
   150.000   -73.749     0.001    -4.000     0.202     0.006    -0.039     0.000     0.000     0.001     0.000    -0.000     0.000     0.227   328.314     0.021   0.37E-03    -0.000     0.019   162.863
   100.000   -71.955     0.001    -4.000     0.060    -0.001     0.003     0.000     0.000     0.000     0.000    -0.000     0.000     0.001   352.592     0.000   0.12E-05     0.000     0.000   139.988
    80.000   -68.566     0.001    -4.000     0.031     0.000     0.009     0.000     0.000     0.000     0.000     0.000     0.000     0.000   368.608     0.000   0.00E+00     0.000     0.000     0.000
    60.000   -60.883     0.001     0.000     0.009     0.000     0.024     0.000     0.000     0.000     0.000     0.000     0.000     0.000   392.708     0.000   0.00E+00     0.000     0.000     0.000
    40.000   -50.657     0.001     0.000     0.002     0.000     0.045     0.000     0.000     0.000     0.000     0.000     0.000     0.000   427.272     0.000   0.00E+00     0.000     0.000     0.000
    30.000   -42.427     0.001     0.000     0.001     0.000     0.061     0.000     0.000     0.000     0.000     0.000     0.000     0.000   453.254     0.000   0.00E+00     0.000     0.000     0.000
    25.000   -26.094     0.001     0.000     0.000     0.000     0.094     0.000     0.000     0.000     0.000     0.000     0.000     0.000   480.259     0.000   0.00E+00    -0.001     0.000     0.000
