  1000.000    32.762    25.244    -0.004     0.803    -1.635    -2.099     2.583     0.000     0.000     0.000     0.000     0.000     0.000   431.420     0.000   0.00E+00    -3.934     0.545   305.961
   950.000    28.472    24.935     0.042     0.980     2.981     0.274    -2.349     0.000     6.580     0.000   -10.115     0.000     0.000   431.365     0.006   0.31E-04   -10.275     0.583   301.542
   900.000    27.047    20.980     0.295     0.848     0.988    -1.082     0.000     0.000     6.572     0.000    -4.311     0.000     0.432   419.009     0.002   0.21E+00    -5.923     0.608   299.467
   850.000    24.572    18.592     1.028     0.849     0.958    -1.051     0.000     0.000     6.175    -0.424    -5.217     0.450     0.034   412.619     0.003   0.15E+00    -4.593     0.645   297.633
   800.000    22.293    16.506     1.673     0.848     1.224    -1.314     0.000     0.000     5.924    -0.000    -4.336     0.245     0.353   406.613     0.010   0.14E+00    -3.396     0.674   295.679
   750.000    19.908    14.657     2.214     0.845     1.452    -1.539     0.000     0.000     5.610     0.000    -3.466     0.227     0.392   401.122     0.013   0.18E+00    -2.248     0.695   293.587
   700.000    17.400    12.935     2.603     0.845     1.676    -1.758     0.000     0.000     5.260     0.000    -2.722     0.208     0.413   396.726     0.023   0.19E+00    -1.376     0.705   291.334
   650.000    14.695    11.304     2.831     0.851     1.905    -1.982     0.000     0.000     4.897     0.000    -2.177     0.185     0.417   393.420     0.129   0.22E+00    -0.690     0.704   288.890
   600.000    11.700     9.773     2.920     0.859     2.088    -2.161     0.000     0.000     4.522     0.000    -1.934     0.172     0.423   390.835     0.431   0.54E+00    -0.725     0.693   286.218
   550.000     8.354     8.276     2.867     0.854     2.276    -2.346     0.000     0.000     4.141     0.000    -1.778     0.182     0.430   388.386     0.458   0.70E+00    -0.718     0.672   283.270
   500.000     4.566     6.812     2.787     0.846     2.452    -2.518     0.000     0.000     3.762     0.000    -1.597     0.206     0.434   385.863     0.459   0.73E+00    -0.746     0.640   279.976
   450.000     0.584     4.864     2.720     0.842     2.656    -2.716     0.000     0.000     3.394     0.000    -1.384     0.227     0.431   382.849     0.460   0.75E+00    -0.789     0.595   276.238
   400.000    -4.485     3.435     2.352     0.850     2.841    -2.909     0.006     0.000     2.829     0.000    -1.253     0.244     0.672   378.458     0.470   0.76E+00    -0.857     0.535   272.079
   350.000    -9.954     2.259    -1.767     0.812     2.775    -2.834     0.003     0.000     2.531    -0.019    -1.048     0.228     0.381   372.037     0.422   0.58E+00    -0.007     0.456   267.277
   300.000   -16.603     1.184    -4.000     0.737     3.302    -2.994    -0.252     0.000     2.158    -0.018    -0.674     0.223     0.448   369.227     0.301   0.35E+00     0.432     0.415   261.246
   250.000   -24.691     0.381    -4.000     0.588     2.798    -2.733    -0.081     0.000     1.778    -0.003    -0.313     0.229     0.481   367.588     0.084   0.18E+00     0.460     0.376   253.267
   200.000   -36.607     0.243    -4.000     0.629     1.881    -2.328     0.269     0.000     1.814    -0.000    -0.154     0.284     0.117   368.338     0.130   0.14E+00     0.375     0.317   242.144
   150.000   -52.507     0.167    -4.000     0.668     1.218    -1.391     0.064     0.000     1.585     0.000    -0.061     0.270     0.416   370.496     0.147   0.10E+00    -0.004     0.280   226.164
   100.000   -69.681     0.017     2.351     0.557     0.280    -0.352     0.000     0.000     0.000     0.000    -0.000     0.000     1.585   381.101     0.178   0.29E-01    -0.000     0.220   203.145
    80.000   -59.290     0.001    -4.000     0.054     0.000     0.064     0.000     0.000     0.000     0.000     0.000     0.000     0.000   395.602     0.000   0.75E-09    -0.001     0.000     0.000
    60.000   -50.284     0.001     0.000     0.009     0.000     0.152     0.000     0.000     0.000     0.000     0.000     0.000     0.000   419.604     0.000   0.00E+00     0.000     0.000     0.000
    40.000   -42.741     0.001     0.000     0.003     0.000     0.203     0.000     0.000     0.000     0.000     0.000     0.000     0.000   452.386     0.000   0.00E+00     0.000     0.000     0.000
    30.000   -37.436     0.001     0.000     0.001     0.000     0.238     0.000     0.000     0.000     0.000     0.000     0.000     0.000   476.959     0.000   0.00E+00     0.000     0.000     0.000
    25.000   -27.357     0.001     0.000     0.000     0.000     0.305     0.000     0.000     0.000     0.000     0.000     0.000     0.000   501.197     0.000   0.00E+00    -0.001     0.000     0.000
