  1000.000     2.983     2.987     0.000     0.623    -1.298    -0.818     2.567     0.000     0.000     0.000     0.000     0.000     0.000   286.242     0.000   0.00E+00    -0.561     0.253   276.089
   950.000    -1.115     2.827     0.001     0.797    -0.118    -1.397     1.058     0.000    20.897     0.000   -16.630     0.000     0.001   286.280     0.000   0.52E-06    -0.869     0.283   272.080
   900.000    -4.900     2.007     0.007     0.726     1.422    -1.425     0.000     0.000    20.894    -0.001   -15.044     0.001     2.081   283.089     0.005   0.95E-01    -0.252     0.316   268.205
   850.000    -8.454     1.341     0.431     0.631     1.502    -1.507     0.000     0.000    19.539    -2.079   -10.370     2.648     2.628   282.393     0.046   0.31E+00     0.222     0.350   265.161
   800.000   -12.108     0.851     0.619     0.520     1.599    -1.605     0.000     0.000    17.881    -2.621    -7.204     3.094     1.904   281.173     0.019   0.25E+00     0.537     0.380   261.813
   750.000   -15.899     0.485     0.590     0.379     1.573    -1.580     0.000     0.000    16.252    -1.897    -5.435     2.364     0.784   281.901     0.006   0.17E+00     0.701     0.400   258.118
   700.000   -19.968     0.232     0.410     0.265     1.468    -1.476     0.000     0.000    15.622    -0.764    -4.233     2.046     0.633   281.157     0.004   0.12E+00     0.668     0.406   254.028
   650.000   -24.375     0.107     0.221     0.197     1.319    -1.329     0.000     0.000    15.175    -0.612    -3.302     1.898     0.516   282.544     0.005   0.95E-01     0.547     0.400   249.501
   600.000   -29.231     0.056     0.024     0.159     1.113    -1.124     0.000     0.000    14.904    -0.496    -2.433     1.777     0.558   283.687     0.007   0.76E-01     0.388     0.384   244.495
   550.000   -34.628     0.025    -0.154     0.123     0.679    -0.692     0.000     0.000    14.770    -0.535    -1.687     2.035     0.057   283.987     0.008   0.52E-01     0.256     0.361   238.972
   500.000   -40.674     0.020    -0.228     0.160     0.517    -0.532     0.000     0.000    15.813    -0.041    -0.939     2.719     0.018   284.151     0.010   0.37E-01     0.141     0.329   232.899
   450.000   -47.338     0.017    -0.254     0.267     0.447    -0.465     0.000     0.000    18.127    -0.002    -0.374     3.952     0.031   284.359     0.020   0.38E-01     0.060     0.289   226.234
   400.000   -54.653     0.014    -0.282     0.479     0.332    -0.352     0.000     0.000    23.819    -0.002    -0.131     7.674     0.466   284.500     0.089   0.29E-01     0.012     0.245   218.914
   350.000   -62.736     0.013    -0.289     0.963     0.313    -0.336    -0.000     0.000     3.642    -0.001    -0.007     0.593    20.453   284.605     0.397   0.33E-02     0.000     0.193   210.843
   300.000   -71.318     0.004    -0.666     1.001     0.022    -0.046     0.000     0.000     0.058    -0.000    -0.000     0.000     3.584   284.751     0.471   0.87E-03    -0.000     0.067   201.854
   250.000   -74.970     0.003    -4.000     1.000    -0.001    -0.018     0.000     0.000     0.000     0.000    -0.000     0.000     0.058   290.889     0.309   0.11E-04    -0.000     0.002   191.499
   200.000   -73.598     0.001    -4.000     0.204     0.000    -0.005     0.000     0.000     0.000     0.000     0.000     0.000     0.000   304.751     0.000   0.48E-10    -0.000     0.000   178.882
   150.000   -74.152     0.001    -4.000     0.167     0.000    -0.002     0.000     0.000     0.000     0.000     0.000     0.000     0.000   320.770     0.000   0.00E+00     0.000     0.000   162.635
   100.000   -72.283     0.001    -4.000     0.087     0.000     0.000     0.000     0.000     0.000     0.000     0.000     0.000     0.000   345.471     0.000   0.00E+00     0.000     0.000   139.801
    80.000   -68.807     0.001    -4.000     0.043     0.000     0.005     0.000     0.000     0.000     0.000     0.000     0.000     0.000   360.553     0.000   0.00E+00     0.000     0.000     0.000
    60.000   -61.055     0.001     0.000     0.012     0.000     0.014     0.000     0.000     0.000     0.000     0.000     0.000     0.000   385.671     0.000   0.00E+00     0.000     0.000     0.000
    40.000   -50.763     0.001     0.000     0.002     0.000     0.027     0.000     0.000     0.000     0.000     0.000     0.000     0.000   421.188     0.000   0.00E+00     0.000     0.000     0.000
    30.000   -42.491     0.001     0.000     0.001     0.000     0.037     0.000     0.000     0.000     0.000     0.000     0.000     0.000   447.533     0.000   0.00E+00     0.000     0.000     0.000
    25.000   -26.079     0.001     0.000     0.000     0.000     0.060     0.000     0.000     0.000     0.000     0.000     0.000     0.000   476.103     0.000   0.00E+00    -0.001     0.000     0.000
