  1000.000     4.610     3.337     0.000     0.629    -1.476    -0.930     2.639     0.000     0.000     0.000     0.000     0.000     0.000   289.610     0.000   0.00E+00    -0.805     0.277   277.733
   950.000     0.522     3.163     0.001     0.795     0.545    -1.349     0.559     0.000    19.683     0.000   -12.427     0.000     0.000   289.610     0.000   0.13E-06    -0.981     0.310   273.700
   900.000    -3.329     2.354    -0.094     0.740     1.382    -1.389     0.000     0.000    19.681    -0.000   -15.504     0.000     2.275   287.289     0.000   0.10E-01    -0.338     0.332   269.707
   850.000    -6.893     1.629     0.394     0.659     1.497    -1.506     0.000     0.000    18.227    -2.273   -10.655     2.681     2.528   285.434     0.053   0.33E+00     0.194     0.367   266.749
   800.000   -10.496     1.026     0.616     0.541     1.633    -1.643     0.000     0.000    16.563    -2.526    -7.664     2.938     1.571   284.110     0.018   0.26E+00     0.599     0.399   263.491
   750.000   -14.153     0.513     0.566     0.383     1.598    -1.608     0.000     0.000    15.171    -1.568    -6.027     2.199     0.401   285.007     0.003   0.17E+00     0.816     0.423   259.886
   700.000   -18.026     0.280     0.359     0.268     1.489    -1.500     0.000     0.000    14.930    -0.378    -4.937     1.959     0.572   284.258     0.002   0.13E+00     0.773     0.433   255.884
   650.000   -22.460     0.125     0.177     0.196     1.313    -1.326     0.000     0.000    14.503    -0.547    -4.020     1.774     0.373   285.248     0.003   0.10E+00     0.651     0.432   251.434
   600.000   -27.225     0.071    -0.013     0.160     1.107    -1.120     0.000     0.000    14.338    -0.349    -3.015     1.707     0.436   286.698     0.005   0.82E-01     0.472     0.419   246.490
   550.000   -32.584     0.038    -0.158     0.138     0.777    -0.793     0.000     0.000    14.220    -0.414    -2.132     1.860     0.179   286.956     0.006   0.69E-01     0.317     0.396   241.007
   500.000   -38.568     0.020    -0.225     0.166     0.589    -0.607     0.000     0.000    14.717    -0.162    -1.281     2.215     0.014   287.213     0.009   0.41E-01     0.184     0.361   234.947
   450.000   -45.216     0.020    -0.242     0.297     0.569    -0.589     0.000     0.000    16.426    -0.001    -0.534     3.292     0.066   287.470     0.033   0.67E-01     0.075     0.319   228.268
   400.000   -52.592     0.023    -0.282     0.527     0.415    -0.437    -0.000     0.000    17.415    -0.001    -0.170     3.392     1.266   287.552     0.130   0.68E-01     0.020     0.270   220.911
   350.000   -60.811     0.017    -0.297     0.778     0.366    -0.391     0.000     0.000    10.367     0.000    -0.034     2.848     8.986   287.637     0.165   0.83E-02     0.002     0.208   212.784
   300.000   -69.717     0.006    -0.427     1.004     0.083    -0.110     0.000     0.000     0.247     0.000    -0.000     0.000    10.120   288.016     0.448   0.22E-02    -0.000     0.106   203.730
   250.000   -74.291     0.003    -4.000     1.000    -0.005    -0.018     0.000     0.000     0.000     0.000    -0.000     0.000     0.247   293.984     0.158   0.47E-04    -0.000     0.010   193.325
   200.000   -73.106     0.001    -4.000     0.183     0.000    -0.009     0.000     0.000     0.000     0.000     0.000     0.000     0.000   306.868     0.000   0.80E-10    -0.000     0.000   180.672
   150.000   -74.138     0.001    -4.000     0.158     0.000    -0.001     0.000     0.000     0.000     0.000     0.000     0.000     0.000   322.497     0.000   0.00E+00     0.000     0.000   164.407
   100.000   -73.186     0.001    -4.000     0.094     0.000    -0.000     0.000     0.000     0.000     0.000     0.000     0.000     0.000   345.062     0.000   0.00E+00     0.000     0.000   141.628
    80.000   -70.592     0.001    -4.000     0.053     0.000     0.003     0.000     0.000     0.000     0.000     0.000     0.000     0.000   361.124     0.000   0.00E+00     0.000     0.000     0.000
    60.000   -64.142     0.001     0.000     0.016     0.000     0.011     0.000     0.000     0.000     0.000     0.000     0.000     0.000   384.365     0.000   0.00E+00     0.000     0.000     0.000
    40.000   -55.486     0.001     0.000     0.004     0.000     0.022     0.000     0.000     0.000     0.000     0.000     0.000     0.000   416.621     0.000   0.00E+00     0.000     0.000     0.000
    30.000   -48.995     0.001     0.000     0.001     0.000     0.029     0.000     0.000     0.000     0.000     0.000     0.000     0.000   440.651     0.000   0.00E+00     0.000     0.000     0.000
    25.000   -37.490     0.001     0.000     0.000     0.000     0.046     0.000     0.000     0.000     0.000     0.000     0.000     0.000   464.408     0.000   0.00E+00    -0.001     0.000     0.000
