  1000.000     2.996     2.992     0.000     0.653    -1.419    -1.052     2.672     0.000     0.000     0.000     0.000     0.000     0.000   297.216     0.000   0.00E+00    -0.848     0.308   276.102
   950.000    -1.101     2.833     0.001     0.829     0.640    -1.468     0.554     0.000    18.508     0.000   -15.198     0.000     0.000   297.206     0.000   0.00E+00    -1.561     0.340   272.093
   900.000    -4.884     2.013    -0.081     0.739     1.476    -1.513     0.000     0.000    18.508     0.000   -13.089     0.000     1.928   293.406     0.003   0.79E-01    -0.572     0.372   268.222
   850.000    -8.439     1.346     0.352     0.654     1.503    -1.542     0.000     0.000    17.280    -1.928    -9.611     2.386     2.138   292.130     0.035   0.25E+00     0.020     0.405   265.179
   800.000   -12.101     0.848     0.535     0.551     1.577    -1.616     0.000     0.000    15.883    -2.138    -7.066     2.606     1.507   290.598     0.015   0.24E+00     0.447     0.436   261.833
   750.000   -15.882     0.440     0.508     0.425     1.557    -1.596     0.000     0.000    14.611    -1.470    -5.660     2.039     0.648   290.927     0.003   0.17E+00     0.689     0.458   258.138
   700.000   -19.862     0.225     0.350     0.321     1.468    -1.509     0.000     0.000    14.111    -0.587    -4.698     1.782     0.518   290.241     0.000   0.13E+00     0.724     0.468   254.049
   650.000   -24.317     0.123     0.178     0.254     1.342    -1.384     0.000     0.000    13.773    -0.451    -3.920     1.661     0.439   291.012     0.000   0.10E+00     0.652     0.468   249.521
   600.000   -29.224     0.067    -0.006     0.212     1.170    -1.213     0.000     0.000    13.574    -0.373    -3.124     1.581     0.461   291.942     0.000   0.82E-01     0.528     0.457   244.515
   550.000   -34.621     0.026    -0.161     0.177     0.828    -0.873     0.000     0.000    13.497    -0.404    -2.363     1.793     0.078   292.693     0.000   0.67E-01     0.394     0.438   238.993
   500.000   -40.655     0.020    -0.210     0.205     0.706    -0.753     0.000     0.000    14.329    -0.037    -1.552     2.324     0.031   292.565     0.001   0.44E-01     0.265     0.408   232.920
   450.000   -47.320     0.017    -0.197     0.297     0.681    -0.730     0.000     0.000    16.032     0.000    -0.839     3.263     0.171   292.693     0.017   0.97E-01     0.168     0.370   226.255
   400.000   -54.636     0.014    -0.194     0.466     0.586    -0.637     0.000     0.000    20.147     0.000    -0.393     6.002     0.615   293.528     0.080   0.91E-01     0.105     0.322   218.936
   350.000   -62.721     0.013    -0.167     0.836     0.552    -0.605    -0.000     0.000     5.309     0.000    -0.142     0.975    15.398   293.799     0.302   0.50E-01     0.061     0.264   210.864
   300.000   -71.302     0.004    -0.404     0.898     0.252    -0.307     0.000     0.000     1.458     0.000    -0.060     0.249     4.029   293.862     0.384   0.30E-01     0.038     0.150   201.874
   250.000   -74.967     0.003    -4.000     0.941     0.162    -0.213     0.000     0.000     0.714     0.000    -0.020     0.122     0.830   298.841     0.300   0.16E-01     0.012     0.074   191.519
   200.000   -73.592     0.001    -4.000     0.274     0.090    -0.127     0.000     0.000     0.262     0.000    -0.004     0.043     0.481   311.247     0.040   0.72E-02     0.001     0.049   178.902
   150.000   -74.146     0.001    -4.000     0.207     0.024    -0.048     0.000     0.000     0.017     0.000    -0.000     0.001     0.245   326.233     0.025   0.12E-02    -0.000     0.025   162.654
   100.000   -72.277     0.001    -4.000     0.094    -0.002     0.001     0.000     0.000     0.000     0.000    -0.000     0.000     0.017   349.435     0.001   0.33E-04    -0.000     0.003   139.820
    80.000   -68.802     0.001    -4.000     0.035     0.000     0.004     0.000     0.000     0.000     0.000     0.000     0.000     0.000   365.364     0.000   0.00E+00     0.000     0.000     0.000
    60.000   -61.050     0.001     0.000     0.009     0.000     0.013     0.000     0.000     0.000     0.000     0.000     0.000     0.000   390.930     0.000   0.00E+00     0.000     0.000     0.000
    40.000   -50.759     0.001     0.000     0.002     0.000     0.024     0.000     0.000     0.000     0.000     0.000     0.000     0.000   426.469     0.000   0.00E+00     0.000     0.000     0.000
    30.000   -42.488     0.001     0.000     0.001     0.000     0.033     0.000     0.000     0.000     0.000     0.000     0.000     0.000   451.815     0.000   0.00E+00     0.000     0.000     0.000
    25.000   -26.079     0.001     0.000     0.000     0.000     0.053     0.000     0.000     0.000     0.000     0.000     0.000     0.000   479.353     0.000   0.00E+00    -0.001     0.000     0.000
