  1000.000     6.833     4.041     0.000     0.732    -1.730    -1.631     2.925     0.000     0.000     0.000     0.000     0.000     0.000   327.367     0.000   0.00E+00    -1.633     0.457   279.970
   950.000     2.744     3.852     0.001     0.911     2.580    -1.571    -0.778     0.000    12.359     0.000   -11.619     0.000     0.000   327.316     0.000   0.00E+00    -3.501     0.496   275.906
   900.000    -0.904     2.969    -0.299     0.774     1.598    -1.705     0.000     0.000    12.359     0.000    -7.690     0.000     1.588   321.861     0.000   0.42E-01    -1.523     0.522   271.961
   850.000    -4.309     2.074     0.188     0.725     1.501    -1.610     0.000     0.000    11.434    -1.588    -7.788     1.774     1.059   319.333     0.019   0.17E+00    -0.645     0.557   269.134
   800.000    -7.729     1.361     0.357     0.647     1.539    -1.651     0.000     0.000    10.563    -1.059    -6.521     1.409     0.467   317.126     0.007   0.25E+00     0.087     0.590   266.017
   750.000   -11.279     0.839     0.321     0.558     1.524    -1.638     0.000     0.000    10.176    -0.314    -6.021     1.136     0.270   315.871     0.001   0.19E+00     0.538     0.616   262.559
   700.000   -15.139     0.508     0.205     0.486     1.476    -1.593     0.000     0.000    10.062    -0.049    -5.701     1.070     0.264   315.317     0.001   0.16E+00     0.757     0.635   258.705
   650.000   -19.415     0.295     0.062     0.429     1.402    -1.521     0.000     0.000     9.966    -0.040    -5.309     1.015     0.259   315.202     0.000   0.12E+00     0.828     0.646   254.396
   600.000   -24.127     0.177    -0.094     0.385     1.308    -1.431     0.000     0.000     9.927    -0.043    -4.699     1.047     0.231   315.362     0.000   0.10E+00     0.804     0.647   249.573
   550.000   -29.468     0.111    -0.203     0.362     1.219    -1.346     0.000     0.000     9.988    -0.046    -3.920     1.141     0.178   315.706     0.000   0.11E+00     0.697     0.637   244.181
   500.000   -35.563     0.096    -0.221     0.374     1.212    -1.346     0.000     0.000    10.226    -0.030    -2.978     1.270     0.119   316.203     0.002   0.74E-01     0.547     0.614   238.173
   450.000   -42.387     0.093    -0.164     0.440     1.282    -1.422     0.000     0.000    10.276     0.000    -1.966     1.390     0.560   316.718     0.038   0.24E+00     0.429     0.577   231.506
   400.000   -49.818     0.062    -0.115     0.508     1.239    -1.386     0.000     0.000    10.025     0.000    -1.112     1.526     1.150   317.326     0.083   0.25E+00     0.356     0.519   224.122
   350.000   -58.063     0.023    -0.055     0.568     1.190    -1.345     0.000     0.000     8.836     0.000    -0.528     1.733     2.428   318.123     0.085   0.17E+00     0.238     0.452   215.931
   300.000   -66.828     0.009    -0.095     0.649     0.918    -1.078     0.000     0.000     4.558     0.000    -0.245     0.766     4.810   318.837     0.185   0.11E+00     0.173     0.366   206.777
   250.000   -73.230     0.004    -0.831     0.765     0.643    -0.797     0.000     0.000     2.414     0.000    -0.089     0.400     2.416   320.491     0.282   0.65E-01     0.079     0.266   196.291
   200.000   -70.073     0.001    -4.000     0.441     0.384    -0.494     0.000     0.000     1.067     0.000    -0.023     0.168     1.459   327.731     0.117   0.33E-01     0.019     0.190   183.497
   150.000   -70.345     0.001    -4.000     0.365     0.186    -0.253     0.000     0.000     0.225     0.000    -0.001     0.030     0.858   339.231     0.105   0.10E-01    -0.000     0.114   166.951
   100.000   -68.959     0.001    -4.000     0.189     0.007    -0.007     0.000     0.000     0.000     0.000    -0.000     0.000     0.225   360.701     0.027   0.68E-03    -0.000     0.035   143.710
    80.000   -65.947     0.001    -4.000     0.024     0.000     0.024     0.000     0.000     0.000     0.000     0.000     0.000     0.000   377.393     0.000   0.00E+00     0.000     0.000     0.000
    60.000   -58.762     0.001     0.000     0.008     0.000     0.048     0.000     0.000     0.000     0.000     0.000     0.000     0.000   401.673     0.000   0.00E+00     0.000     0.000     0.000
    40.000   -49.109     0.001     0.000     0.002     0.000     0.080     0.000     0.000     0.000     0.000     0.000     0.000     0.000   435.584     0.000   0.00E+00     0.000     0.000     0.000
    30.000   -41.477     0.001     0.000     0.001     0.000     0.106     0.000     0.000     0.000     0.000     0.000     0.000     0.000   461.072     0.000   0.00E+00     0.000     0.000     0.000
    25.000   -26.342     0.001     0.000     0.000     0.000     0.155     0.000     0.000     0.000     0.000     0.000     0.000     0.000   486.676     0.000   0.00E+00    -0.001     0.000     0.000
