  1000.000     2.986     2.988    -0.001     0.685    -1.487    -1.282     2.682     0.000     0.000     0.000     0.000     0.000     0.000   321.990     0.000   0.00E+00    -1.434     0.359   276.093
   950.000    -1.111     2.829     0.008     0.861     1.225    -1.188    -0.061     0.000    15.983     0.000   -13.823     0.000     0.000   321.936     0.001   0.52E-05    -3.159     0.393   272.084
   900.000    -4.896     2.006    -0.040     0.761     1.406    -1.457     0.000     0.000    15.982     0.000   -11.245     0.000     1.668   316.783     0.002   0.94E-01    -1.531     0.422   268.210
   850.000    -8.453     1.340     0.449     0.694     1.414    -1.467     0.000     0.000    14.900    -1.667    -8.731     2.020     1.710   314.279     0.030   0.23E+00    -0.790     0.457   265.167
   800.000   -12.109     0.844     0.708     0.609     1.518    -1.571     0.000     0.000    13.724    -1.705    -6.577     2.113     1.217   312.370     0.013   0.23E+00    -0.208     0.487   261.819
   750.000   -15.879     0.465     0.772     0.506     1.536    -1.590     0.000     0.000    12.688    -1.117    -5.347     1.654     0.551   310.988     0.004   0.18E+00     0.202     0.510   258.124
   700.000   -19.912     0.248     0.706     0.421     1.501    -1.556     0.000     0.000    12.266    -0.421    -4.480     1.456     0.480   310.211     0.004   0.15E+00     0.387     0.520   254.034
   650.000   -24.386     0.123     0.602     0.367     1.437    -1.494     0.000     0.000    11.940    -0.342    -3.772     1.355     0.414   309.920     0.022   0.12E+00     0.450     0.521   249.507
   600.000   -29.261     0.058     0.463     0.334     1.333    -1.391     0.000     0.000    11.729    -0.276    -3.075     1.298     0.433   310.075     0.072   0.16E+00     0.347     0.511   244.501
   550.000   -34.628     0.025     0.332     0.305     1.103    -1.163     0.000     0.000    11.605    -0.307    -2.412     1.461     0.149   310.736     0.076   0.18E+00     0.235     0.493   238.979
   500.000   -40.667     0.019     0.280     0.325     1.037    -1.099     0.000     0.000    12.152    -0.037    -1.700     1.857     0.105   309.889     0.077   0.16E+00     0.120     0.463   232.906
   450.000   -47.331     0.016     0.278     0.400     1.055    -1.118     0.000     0.000    13.342     0.000    -1.024     2.577     0.250   309.455     0.093   0.22E+00     0.031     0.423   226.241
   400.000   -54.647     0.014     0.223     0.535     1.006    -1.073     0.001     0.000    16.116     0.000    -0.576     4.505     0.716   309.834     0.149   0.22E+00    -0.034     0.372   218.921
   350.000   -62.735     0.013    -0.432     0.806     0.971    -1.039     0.001     0.000     5.361    -0.003    -0.320     0.989    11.320   309.000     0.295   0.15E+00     0.059     0.310   210.850
   300.000   -71.314     0.004    -2.532     0.852     0.809    -0.818    -0.042     0.000     1.829    -0.003    -0.175     0.287     3.722   308.672     0.355   0.91E-01     0.112     0.210   201.860
   250.000   -74.966     0.003    -4.000     0.870     0.630    -0.674    -0.014     0.000     1.013    -0.001    -0.073     0.162     0.920   312.440     0.298   0.47E-01     0.090     0.138   191.506
   200.000   -73.593     0.001    -4.000     0.344     0.402    -0.518     0.045     0.000     0.572    -0.000    -0.030     0.091     0.496   322.381     0.060   0.31E-01     0.064     0.103   178.888
   150.000   -74.148     0.001    -4.000     0.293     0.227    -0.281     0.011     0.000     0.279     0.000    -0.010     0.045     0.324   335.003     0.052   0.18E-01    -0.001     0.073   162.641
   100.000   -72.280     0.001    -4.000     0.167     0.043    -0.058     0.000     0.000     0.000     0.000    -0.000     0.000     0.279   355.682     0.030   0.48E-02    -0.000     0.040   139.807
    80.000   -68.804     0.001    -4.000     0.034     0.000    -0.000     0.000     0.000     0.000     0.000     0.000     0.000     0.000   372.608     0.000   0.13E-09    -0.000     0.000     0.000
    60.000   -61.053     0.001     0.000     0.008     0.000     0.013     0.000     0.000     0.000     0.000     0.000     0.000     0.000   397.958     0.000   0.00E+00     0.000     0.000     0.000
    40.000   -50.761     0.001     0.000     0.002     0.000     0.025     0.000     0.000     0.000     0.000     0.000     0.000     0.000   432.981     0.000   0.00E+00     0.000     0.000     0.000
    30.000   -42.490     0.001     0.000     0.001     0.000     0.034     0.000     0.000     0.000     0.000     0.000     0.000     0.000   458.202     0.000   0.00E+00     0.000     0.000     0.000
    25.000   -26.079     0.001     0.000     0.000     0.000     0.053     0.000     0.000     0.000     0.000     0.000     0.000     0.000   484.937     0.000   0.00E+00    -0.001     0.000     0.000
