  1000.000     9.426     4.914    -0.000     0.672    -1.650    -1.079     2.667     0.000     0.000     0.000     0.000     0.000     0.000   300.765     0.000   0.00E+00    -1.137     0.319   282.575
   950.000     5.323     4.743     0.001     0.843     1.496    -1.317    -0.130     0.000    15.050     0.000   -12.083     0.000     0.000   300.683     0.000   0.00E+00    -1.636     0.356   278.474
   900.000     1.936     3.525    -0.344     0.735     1.304    -1.314     0.000     0.000    15.044     0.000   -10.227     0.000     2.185   297.425     0.000   0.16E-01    -0.460     0.382   274.555
   850.000    -1.619     2.677     0.299     0.686     1.371    -1.385     0.000     0.000    14.041    -2.179   -10.937     2.508     1.731   295.670     0.038   0.23E+00     0.168     0.408   271.802
   800.000    -4.936     1.791     0.609     0.574     1.535    -1.551     0.000     0.000    12.837    -1.731    -8.525     2.081     0.296   293.925     0.011   0.28E+00     0.813     0.441   268.854
   750.000    -8.362     1.067     0.539     0.424     1.584    -1.602     0.000     0.000    12.627    -0.295    -7.313     1.580     0.132   293.196     0.002   0.17E+00     1.159     0.471   265.579
   700.000   -11.978     0.597     0.324     0.306     1.511    -1.531     0.000     0.000    12.700    -0.036    -6.525     1.446     0.149   293.308     0.003   0.13E+00     1.183     0.496   261.919
   650.000   -16.104     0.340     0.074     0.228     1.346    -1.368     0.000     0.000    12.768    -0.060    -5.722     1.334     0.149   294.314     0.005   0.11E+00     1.013     0.512   257.805
   600.000   -20.812     0.197    -0.140     0.185     1.133    -1.159     0.000     0.000    12.893    -0.073    -4.778     1.415     0.170   294.899     0.007   0.10E+00     0.758     0.516   253.167
   550.000   -26.193     0.120    -0.258     0.175     0.907    -0.937     0.000     0.000    13.152    -0.095    -3.696     1.596     0.133   295.699     0.011   0.10E+00     0.513     0.504   247.935
   500.000   -32.252     0.077    -0.260     0.210     0.779    -0.814     0.000     0.000    13.703    -0.077    -2.451     1.854     0.044   296.544     0.016   0.48E-01     0.328     0.474   242.044
   450.000   -38.895     0.046    -0.202     0.341     0.761    -0.803     0.000     0.000    14.804    -0.000    -1.253     2.313     0.124   297.075     0.057   0.17E+00     0.160     0.430   235.433
   400.000   -46.189     0.027    -0.176     0.593     0.729    -0.777     0.000     0.000    15.117    -0.001    -0.437     2.693     1.492   297.420     0.163   0.17E+00     0.046     0.378   228.039
   350.000   -54.388     0.019    -0.206     0.688     0.505    -0.560     0.000     0.000    15.237     0.000    -0.123     4.160     3.366   297.717     0.187   0.64E-01     0.011     0.302   219.779
   300.000   -63.617     0.013    -0.253     0.971     0.362    -0.425     0.000     0.000     2.688     0.000    -0.011     0.523    12.935   297.885     0.417   0.69E-02     0.000     0.211   210.518
   250.000   -72.192     0.005    -1.502     1.000     0.005    -0.069     0.000     0.000     0.015     0.000    -0.000     0.000     2.673   299.440     0.373   0.96E-03    -0.000     0.062   199.958
   200.000   -69.607     0.001    -4.000     0.121    -0.000    -0.021     0.000     0.000     0.000     0.000    -0.000     0.000     0.015   313.627     0.000   0.71E-05    -0.000     0.001   187.120
   150.000   -70.832     0.001    -4.000     0.100     0.000     0.008     0.000     0.000     0.000     0.000     0.000     0.000     0.000   328.374     0.000   0.00E+00     0.000     0.000   170.582
   100.000   -71.524     0.001    -4.000     0.076     0.000     0.005     0.000     0.000     0.000     0.000     0.000     0.000     0.000   350.382     0.000   0.00E+00     0.000     0.000   147.529
    80.000   -70.844     0.001    -4.000     0.056     0.000     0.008     0.000     0.000     0.000     0.000     0.000     0.000     0.000   364.060     0.000   0.00E+00     0.000     0.000     0.000
    60.000   -67.310     0.001     0.000     0.026     0.000     0.019     0.000     0.000     0.000     0.000     0.000     0.000     0.000   383.771     0.000   0.00E+00     0.000     0.000     0.000
    40.000   -62.544     0.001     0.000     0.009     0.000     0.035     0.000     0.000     0.000     0.000     0.000     0.000     0.000   412.247     0.000   0.00E+00     0.000     0.000     0.000
    30.000   -60.314     0.001     0.000     0.005     0.000     0.043     0.000     0.000     0.000     0.000     0.000     0.000     0.000   431.662     0.000   0.00E+00     0.000     0.000     0.000
    25.000   -59.264     0.001     0.000     0.004     0.000     0.047     0.000     0.000     0.000     0.000     0.000     0.000     0.000   443.855     0.000   0.00E+00    -0.001     0.000     0.000
