  1000.000     4.659     3.357    -0.000     0.634    -1.490    -0.964     2.648     0.000     0.000     0.000     0.000     0.000     0.000   290.739     0.000   0.00E+00    -0.829     0.281   277.783
   950.000     0.572     3.183     0.001     0.801     0.672    -1.357     0.473     0.000    19.176     0.000   -12.407     0.000     0.000   290.740     0.000   0.90E-07    -1.035     0.315   273.750
   900.000    -3.267     2.373    -0.123     0.743     1.384    -1.395     0.000     0.000    19.173    -0.000   -15.176     0.000     2.268   288.278     0.000   0.94E-02    -0.353     0.338   269.765
   850.000    -6.831     1.644     0.378     0.664     1.491    -1.503     0.000     0.000    17.769    -2.265   -10.634     2.670     2.436   286.491     0.055   0.34E+00     0.191     0.372   266.810
   800.000   -10.445     1.038     0.605     0.546     1.625    -1.639     0.000     0.000    16.157    -2.433    -7.787     2.843     1.411   285.370     0.017   0.27E+00     0.620     0.404   263.556
   750.000   -14.120     0.510     0.549     0.390     1.596    -1.611     0.000     0.000    14.913    -1.408    -6.170     2.129     0.413   285.873     0.003   0.17E+00     0.841     0.429   259.955
   700.000   -17.958     0.242     0.345     0.274     1.476    -1.492     0.000     0.000    14.657    -0.384    -5.137     1.898     0.491   285.548     0.003   0.13E+00     0.804     0.440   255.957
   650.000   -22.344     0.135     0.157     0.204     1.301    -1.319     0.000     0.000    14.320    -0.460    -4.225     1.729     0.368   286.212     0.003   0.10E+00     0.672     0.441   251.510
   600.000   -27.214     0.064    -0.026     0.167     1.087    -1.107     0.000     0.000    14.167    -0.337    -3.220     1.687     0.395   287.474     0.005   0.86E-01     0.490     0.429   246.569
   550.000   -32.553     0.026    -0.159     0.150     0.787    -0.809     0.000     0.000    14.104    -0.368    -2.287     1.834     0.185   287.838     0.008   0.78E-01     0.329     0.407   241.090
   500.000   -38.548     0.018    -0.216     0.183     0.617    -0.642     0.000     0.000    14.590    -0.164    -1.374     2.171     0.017   288.166     0.011   0.43E-01     0.193     0.373   235.032
   450.000   -45.183     0.017    -0.229     0.326     0.605    -0.633     0.000     0.000    16.213    -0.001    -0.584     3.194     0.106   288.506     0.045   0.84E-01     0.077     0.330   228.355
   400.000   -52.495     0.016    -0.271     0.565     0.455    -0.487     0.000     0.000    16.749    -0.001    -0.184     3.146     1.532   288.603     0.143   0.79E-01     0.021     0.280   220.997
   350.000   -60.673     0.017    -0.296     0.764     0.379    -0.414    -0.000     0.000    10.446     0.000    -0.041     2.801     8.229   288.738     0.147   0.12E-01     0.002     0.214   212.866
   300.000   -69.655     0.006    -0.436     1.008     0.109    -0.147     0.000     0.000     0.362     0.000    -0.000     0.014    10.085   289.221     0.459   0.25E-02    -0.000     0.114   203.809
   250.000   -74.261     0.003    -4.000     1.000    -0.006    -0.026     0.000     0.000     0.000     0.000    -0.000     0.000     0.362   294.383     0.209   0.94E-04    -0.000     0.014   193.402
   200.000   -73.050     0.001    -4.000     0.176     0.000    -0.013     0.000     0.000     0.000     0.000     0.000     0.000     0.000   307.547     0.000   0.12E-09    -0.000     0.000   180.746
   150.000   -74.087     0.001    -4.000     0.152     0.000    -0.002     0.000     0.000     0.000     0.000     0.000     0.000     0.000   322.942     0.000   0.00E+00     0.000     0.000   164.477
   100.000   -73.148     0.001    -4.000     0.092     0.000    -0.000     0.000     0.000     0.000     0.000     0.000     0.000     0.000   345.890     0.000   0.00E+00     0.000     0.000   141.692
    80.000   -70.563     0.001    -4.000     0.052     0.000     0.004     0.000     0.000     0.000     0.000     0.000     0.000     0.000   361.237     0.000   0.00E+00     0.000     0.000     0.000
    60.000   -64.119     0.001     0.000     0.016     0.000     0.015     0.000     0.000     0.000     0.000     0.000     0.000     0.000   384.971     0.000   0.00E+00     0.000     0.000     0.000
    40.000   -55.469     0.001     0.000     0.004     0.000     0.029     0.000     0.000     0.000     0.000     0.000     0.000     0.000   417.158     0.000   0.00E+00     0.000     0.000     0.000
    30.000   -48.984     0.001     0.000     0.001     0.000     0.040     0.000     0.000     0.000     0.000     0.000     0.000     0.000   441.092     0.000   0.00E+00     0.000     0.000     0.000
    25.000   -37.493     0.001     0.000     0.000     0.000     0.060     0.000     0.000     0.000     0.000     0.000     0.000     0.000   464.585     0.000   0.00E+00    -0.001     0.000     0.000
