  1000.000     5.963     3.769     0.000     0.716    -1.674    -1.539     2.890     0.000     0.000     0.000     0.000     0.000     0.000   318.072     0.000   0.00E+00    -1.428     0.412   279.098
   950.000     1.880     3.587     0.001     0.894     2.290    -1.611    -0.540     0.000    13.411     0.000   -11.625     0.000     0.000   318.003     0.000   0.00E+00    -2.854     0.450   275.046
   900.000    -1.771     2.725    -0.294     0.766     1.574    -1.670     0.000     0.000    13.411     0.000    -8.857     0.000     1.723   313.262     0.000   0.35E-01    -1.147     0.475   271.105
   850.000    -5.172     1.868     0.191     0.711     1.493    -1.593     0.000     0.000    12.424    -1.723    -8.263     1.944     1.304   310.963     0.026   0.17E+00    -0.332     0.509   268.226
   800.000    -8.658     1.231     0.373     0.624     1.528    -1.630     0.000     0.000    11.424    -1.304    -6.802     1.639     0.546   309.006     0.009   0.25E+00     0.332     0.542   265.053
   750.000   -12.323     0.773     0.334     0.523     1.505    -1.609     0.000     0.000    10.955    -0.446    -6.181     1.299     0.279   308.066     0.002   0.19E+00     0.724     0.568   261.537
   700.000   -16.293     0.452     0.211     0.441     1.442    -1.549     0.000     0.000    10.825    -0.105    -5.782     1.211     0.266   307.689     0.001   0.16E+00     0.881     0.586   257.624
   650.000   -20.636     0.245     0.064     0.380     1.355    -1.465     0.000     0.000    10.725    -0.082    -5.315     1.142     0.265   307.787     0.000   0.11E+00     0.895     0.596   253.259
   600.000   -25.467     0.133    -0.098     0.334     1.238    -1.352     0.000     0.000    10.689    -0.086    -4.629     1.174     0.222   308.088     0.000   0.93E-01     0.827     0.596   248.387
   550.000   -30.924     0.081    -0.204     0.312     1.120    -1.239     0.000     0.000    10.781    -0.077    -3.784     1.278     0.156   308.588     0.000   0.98E-01     0.683     0.585   242.961
   500.000   -37.049     0.060    -0.218     0.333     1.089    -1.214     0.000     0.000    11.082    -0.054    -2.782     1.435     0.075   309.228     0.002   0.63E-01     0.516     0.560   236.938
   450.000   -43.698     0.044    -0.153     0.422     1.147    -1.279     0.000     0.000    11.336     0.000    -1.728     1.657     0.505   309.899     0.043   0.23E+00     0.373     0.524   230.270
   400.000   -50.953     0.025    -0.115     0.529     1.105    -1.243     0.000     0.000    10.898     0.000    -0.851     1.731     1.473   310.535     0.102   0.22E+00     0.270     0.466   222.898
   350.000   -59.014     0.016    -0.099     0.579     0.977    -1.121     0.000     0.000     9.291     0.000    -0.385     1.941     2.983   311.175     0.090   0.14E+00     0.174     0.390   214.729
   300.000   -67.903     0.007    -0.155     0.711     0.677    -0.827     0.000     0.000     4.261     0.000    -0.162     0.751     5.558   311.810     0.231   0.85E-01     0.103     0.305   205.611
   250.000   -73.607     0.004    -1.269     0.846     0.447    -0.588     0.000     0.000     2.056     0.000    -0.052     0.364     2.462   313.569     0.320   0.46E-01     0.027     0.207   195.154
   200.000   -70.833     0.001    -4.000     0.429     0.232    -0.330     0.000     0.000     0.698     0.000    -0.010     0.122     1.443   322.047     0.116   0.19E-01     0.002     0.133   182.399
   150.000   -71.153     0.001    -4.000     0.281     0.050    -0.106     0.000     0.000     0.030     0.000    -0.000     0.001     0.668   334.858     0.065   0.21E-02    -0.000     0.062   165.916
   100.000   -69.701     0.001    -4.000     0.113    -0.006     0.016     0.000     0.000     0.000     0.000    -0.000     0.000     0.030   357.813     0.003   0.53E-04    -0.000     0.006   142.764
    80.000   -66.603     0.001    -4.000     0.027     0.000     0.022     0.000     0.000     0.000     0.000     0.000     0.000     0.000   374.175     0.000   0.00E+00     0.000     0.000     0.000
    60.000   -59.317     0.001     0.000     0.009     0.000     0.046     0.000     0.000     0.000     0.000     0.000     0.000     0.000   398.267     0.000   0.00E+00     0.000     0.000     0.000
    40.000   -49.519     0.001     0.000     0.002     0.000     0.079     0.000     0.000     0.000     0.000     0.000     0.000     0.000   432.468     0.000   0.00E+00     0.000     0.000     0.000
    30.000   -41.732     0.001     0.000     0.001     0.000     0.105     0.000     0.000     0.000     0.000     0.000     0.000     0.000   458.052     0.000   0.00E+00     0.000     0.000     0.000
    25.000   -26.272     0.001     0.000     0.000     0.000     0.156     0.000     0.000     0.000     0.000     0.000     0.000     0.000   484.056     0.000   0.00E+00    -0.001     0.000     0.000
