  1000.000    10.848     5.536     0.000     0.670    -1.666    -1.035     2.640     0.000     0.000     0.000     0.000     0.000     0.000   301.203     0.000   0.00E+00    -1.154     0.319   284.003
   950.000     6.737     5.341     0.001     0.841     1.456    -1.264    -0.135     0.000    14.822     0.000   -12.266     0.000     0.000   301.204     0.000   0.33E-07    -1.680     0.358   279.882
   900.000     3.441     3.956    -0.357     0.732     1.268    -1.270     0.000     0.000    14.820    -0.000   -10.098     0.000     2.108   297.493     0.000   0.14E-01    -0.486     0.383   276.097
   850.000     0.022     2.933     0.272     0.673     1.339    -1.342     0.000     0.000    13.860    -2.106   -10.383     2.401     1.751   295.813     0.029   0.19E+00     0.152     0.410   273.334
   800.000    -3.286     2.031     0.666     0.573     1.517    -1.520     0.000     0.000    12.678    -1.751    -9.187     2.098     0.174   294.344     0.009   0.28E+00     0.841     0.441   270.480
   750.000    -6.531     1.221     0.580     0.417     1.596    -1.599     0.000     0.000    12.575    -0.174    -7.324     1.535     0.123   293.463     0.001   0.17E+00     1.195     0.473   267.314
   700.000    -9.988     0.741     0.367     0.297     1.535    -1.539     0.000     0.000    12.667    -0.000    -6.598     1.406     0.140   293.724     0.001   0.13E+00     1.229     0.499   263.771
   650.000   -14.017     0.467     0.111     0.217     1.384    -1.389     0.000     0.000    12.752    -0.027    -5.765     1.294     0.144   293.694     0.002   0.11E+00     1.058     0.516   259.781
   600.000   -18.609     0.293    -0.111     0.171     1.178    -1.184     0.000     0.000    12.882    -0.045    -4.815     1.357     0.157   294.694     0.002   0.10E+00     0.796     0.521   255.266
   550.000   -23.902     0.185    -0.239     0.158     0.951    -0.959     0.000     0.000    13.153    -0.052    -3.741     1.524     0.155   295.409     0.004   0.93E-01     0.537     0.509   250.145
   500.000   -29.976     0.122    -0.250     0.184     0.796    -0.805     0.000     0.000    13.725    -0.059    -2.523     1.815     0.056   297.177     0.006   0.89E-01     0.339     0.481   244.341
   450.000   -36.712     0.078    -0.184     0.297     0.767    -0.778     0.000     0.000    14.732    -0.000    -1.306     2.154     0.122   296.831     0.032   0.15E+00     0.177     0.439   237.784
   400.000   -44.073     0.043    -0.136     0.517     0.723    -0.737     0.000     0.000    15.478    -0.000    -0.483     2.729     1.113   297.339     0.136   0.16E+00     0.054     0.388   230.406
   350.000   -52.270     0.023    -0.125     0.656     0.480    -0.496     0.000     0.000    16.261     0.000    -0.131     4.551     3.121   297.737     0.222   0.65E-01     0.014     0.320   222.121
   300.000   -61.562     0.018    -0.103     0.975     0.385    -0.403     0.000     0.000     2.038     0.000    -0.007     0.296    14.433   298.343     0.459   0.47E-02     0.000     0.229   212.803
   250.000   -70.864     0.006    -1.171     0.999     0.006    -0.026     0.000     0.000     0.012     0.000    -0.000     0.000     2.026   299.205     0.408   0.69E-03    -0.000     0.062   202.179
   200.000   -67.979     0.001    -4.000     0.095    -0.000    -0.005     0.000     0.000     0.000     0.000    -0.000     0.000     0.012   314.431     0.000   0.58E-05    -0.000     0.001   189.246
   150.000   -69.268     0.001    -4.000     0.083     0.000     0.004     0.000     0.000     0.000     0.000     0.000     0.000     0.000   330.069     0.000   0.00E+00     0.000     0.000   172.580
   100.000   -70.312     0.001    -4.000     0.065     0.000     0.003     0.000     0.000     0.000     0.000     0.000     0.000     0.000   352.888     0.000   0.00E+00     0.000     0.000   149.372
    80.000   -70.136     0.001    -4.000     0.051     0.000     0.003     0.000     0.000     0.000     0.000     0.000     0.000     0.000   365.488     0.000   0.00E+00     0.000     0.000     0.000
    60.000   -67.579     0.001     0.000     0.026     0.000     0.006     0.000     0.000     0.000     0.000     0.000     0.000     0.000   384.148     0.000   0.00E+00     0.000     0.000     0.000
    40.000   -64.394     0.001     0.000     0.011     0.000     0.010     0.000     0.000     0.000     0.000     0.000     0.000     0.000   411.368     0.000   0.00E+00     0.000     0.000     0.000
    30.000   -63.890     0.001     0.000     0.008     0.000     0.010     0.000     0.000     0.000     0.000     0.000     0.000     0.000   428.772     0.000   0.00E+00     0.000     0.000     0.000
    25.000   -66.605     0.001     0.000     0.009     0.000     0.008     0.000     0.000     0.000     0.000     0.000     0.000     0.000   436.273     0.000   0.00E+00    -0.001     0.000     0.000
