  1000.000     4.153     3.225     0.000     0.642    -1.482    -1.034     2.673     0.000     0.000     0.000     0.000     0.000     0.000   291.456     0.000   0.00E+00    -0.855     0.282   277.276
   950.000     0.072     3.053     0.001     0.810     0.843    -1.403     0.383     0.000    18.664     0.000   -12.069     0.000     0.002   291.457     0.000   0.64E-06    -1.070     0.315   273.250
   900.000    -3.745     2.251    -0.149     0.745     1.404    -1.424     0.000     0.000    18.652    -0.002   -14.298     0.002     2.364   288.979     0.001   0.17E-01    -0.358     0.337   269.272
   850.000    -7.274     1.535     0.374     0.679     1.480    -1.505     0.000     0.000    17.253    -2.355   -10.797     2.749     2.347   287.653     0.072   0.43E+00     0.174     0.369   266.288
   800.000   -10.896     0.987     0.579     0.563     1.596    -1.625     0.000     0.000    15.657    -2.329    -7.462     2.715     1.320   286.674     0.022   0.27E+00     0.594     0.403   263.003
   750.000   -14.654     0.536     0.525     0.418     1.555    -1.588     0.000     0.000    14.449    -1.302    -6.040     2.018     0.463   286.231     0.010   0.17E+00     0.808     0.426   259.371
   700.000   -18.596     0.255     0.326     0.308     1.430    -1.467     0.000     0.000    14.123    -0.379    -5.045     1.790     0.492   286.493     0.012   0.13E+00     0.776     0.437   255.342
   650.000   -22.978     0.141     0.138     0.243     1.259    -1.301     0.000     0.000    13.786    -0.398    -4.150     1.638     0.395   287.269     0.016   0.11E+00     0.647     0.437   250.868
   600.000   -27.850     0.064    -0.043     0.212     1.056    -1.104     0.000     0.000    13.592    -0.307    -3.155     1.614     0.406   287.824     0.023   0.90E-01     0.472     0.424   245.904
   550.000   -33.221     0.031    -0.186     0.204     0.795    -0.850     0.000     0.000    13.518    -0.317    -2.206     1.759     0.231   288.453     0.029   0.77E-01     0.317     0.401   240.409
   500.000   -39.272     0.023    -0.270     0.249     0.643    -0.707     0.000     0.000    13.936    -0.160    -1.295     2.088     0.061   288.942     0.037   0.56E-01     0.185     0.365   234.346
   450.000   -45.943     0.020    -0.327     0.415     0.610    -0.683     0.000     0.000    15.306    -0.006    -0.551     2.929     0.162   289.333     0.083   0.96E-01     0.066     0.321   227.673
   400.000   -53.217     0.015    -0.419     0.680     0.452    -0.534     0.000     0.000    15.292    -0.006    -0.162     2.950     1.959   289.644     0.196   0.88E-01     0.019     0.271   220.328
   350.000   -61.273     0.013    -0.518     0.873     0.371    -0.463    -0.000     0.000     8.733    -0.003    -0.033     2.202     7.986   289.853     0.204   0.14E-01     0.002     0.201   212.215
   300.000   -70.183     0.005    -0.841     1.012     0.090    -0.192     0.000     0.000     0.293     0.000    -0.000     0.000     8.439   290.287     0.471   0.25E-02    -0.000     0.103   203.177
   250.000   -74.380     0.003    -4.000     0.999    -0.007    -0.074     0.000     0.000     0.000     0.000    -0.000     0.000     0.293   294.713     0.424   0.60E-04    -0.000     0.012   192.784
   200.000   -72.660     0.001    -4.000     0.179     0.000    -0.022     0.000     0.000     0.000     0.000     0.000     0.000     0.000   308.336     0.000   0.25E-09    -0.000     0.000   180.117
   150.000   -73.239     0.001    -4.000     0.146     0.000    -0.001     0.000     0.000     0.000     0.000     0.000     0.000     0.000   323.196     0.000   0.00E+00     0.000     0.000   163.794
   100.000   -71.600     0.001    -4.000     0.086     0.000     0.008     0.000     0.000     0.000     0.000     0.000     0.000     0.000   347.008     0.000   0.00E+00     0.000     0.000   140.870
    80.000   -68.234     0.001    -4.000     0.048     0.000     0.025     0.000     0.000     0.000     0.000     0.000     0.000     0.000   362.412     0.000   0.00E+00     0.000     0.000     0.000
    60.000   -60.555     0.001     0.000     0.015     0.000     0.063     0.000     0.000     0.000     0.000     0.000     0.000     0.000   386.175     0.000   0.00E+00     0.000     0.000     0.000
    40.000   -50.385     0.001     0.000     0.004     0.000     0.114     0.000     0.000     0.000     0.000     0.000     0.000     0.000   420.310     0.000   0.00E+00     0.000     0.000     0.000
    30.000   -42.250     0.001     0.000     0.001     0.000     0.155     0.000     0.000     0.000     0.000     0.000     0.000     0.000   446.531     0.000   0.00E+00     0.000     0.000     0.000
    25.000   -26.138     0.001     0.000     0.000     0.000     0.235     0.000     0.000     0.000     0.000     0.000     0.000     0.000   475.182     0.000   0.00E+00    -0.001     0.000     0.000
