     0.250     0.027     1.635    11.701    12.515   -21.637     1.096   264.044   243.639    14.016  1009.665     0.125   268.052
     0.500     0.034     1.660    11.898    13.004   -21.888     1.096   264.098   243.855    16.888  1008.389     0.375   265.783
     0.750     0.283     1.742    12.212    13.457   -22.139     1.096   264.140   244.122    19.694  1006.882     0.625   260.744
     1.000     0.794     1.823    12.508    13.875   -22.389     1.096   264.168   244.460    22.079  1005.449     0.875   257.761
     1.250     1.384     1.921    12.807    14.256   -22.639     1.096   264.165   244.986    24.271  1003.996     1.125   254.872
     1.500     1.741     2.026    13.101    14.600   -22.886     1.096   264.169   245.537    26.282  1002.545     1.375   252.183
     1.750     1.980     2.123    13.377    14.910   -23.132     1.096   264.161   246.162    28.149  1001.098     1.625   249.539
     2.000     2.164     2.211    13.627    15.189   -23.376     1.096   264.152   246.794    29.885   999.669     1.875   247.067
     2.250     2.224     2.290    13.858    15.441   -23.625     1.097   264.146   247.375    31.534   998.229     2.125   244.470
     2.500     2.336     2.360    14.069    15.669   -23.921     1.110   264.142   247.908    33.084   996.812     2.375   242.035
     2.750     2.419     2.419    14.264    15.876   -24.204     1.124   264.135   248.443    34.520   995.438     2.625   239.934
     3.000     2.569     2.473    14.444    16.067   -24.395     1.136   264.146   248.884    35.849   994.122     2.875   238.058
     3.250     2.741     2.532    14.605    16.241   -24.482     1.135   264.144   249.427    37.290   992.497     3.125   235.850
     3.500     3.040     2.567    14.747    16.400   -24.531     1.126   264.133   250.070    38.643   990.896     3.375   233.794
     3.750     3.120     2.607    14.877    16.545   -24.543     1.147   264.116   250.863    39.917   989.328     3.625   231.921
     4.000     3.050     2.638    15.003    16.679   -24.564     1.208   264.108   251.454    41.103   987.818     3.875   230.162
     4.250     3.106     2.669    15.121    16.803   -24.481     1.207   264.097   252.213    42.307   986.207     4.125   228.085
     4.500     3.164     2.699    15.232    16.919   -24.291     1.145   264.099   252.543    43.294   984.864     4.375   226.831
     4.750     3.247     2.730    15.331    17.024   -24.061     1.060   264.091   253.125    44.257   983.580     4.625   225.488
     5.000     3.269     2.757    15.424    17.121   -23.899     1.006   264.081   253.925    45.247   982.175     4.875   223.733
     5.250     3.244     2.775    15.515    17.212   -23.765     0.958   264.074   254.471    46.066   980.940     5.125   222.543
     5.500     3.133     2.795    15.606    17.298   -23.626     0.907   264.072   254.948    46.875   979.641     5.375   221.288
     5.750     3.218     2.825    15.686    17.378   -23.466     0.851   264.069   255.420    47.678   978.378     5.625   219.981
     6.000     3.400     2.846    15.752    17.449   -23.326     0.799   264.059   256.189    48.424   977.223     5.875   218.665
     6.250     3.368     2.860    15.817    17.516   -23.241     0.755   264.052   256.746    48.976   976.323     6.125   217.991
     6.500     3.264     2.873    15.884    17.579   -23.167     0.715   264.048   257.223    49.503   975.396     6.375   217.322
     6.750     3.198     2.887    15.949    17.639   -23.091     0.676   264.046   257.685    50.018   974.456     6.625   216.652
     7.000     3.197     2.906    16.009    17.695   -22.971     0.634   264.045   258.154    50.519   973.575     6.875   216.016
     7.250     3.201     2.922    16.064    17.747   -22.851     0.591   264.046   258.577    51.004   972.708     7.125   215.386
     7.500     3.520     2.940    16.104    17.794   -22.706     0.546   264.036   259.215    51.464   971.961     7.375   214.735
     7.750     3.306     2.946    16.154    17.839   -22.605     0.509   264.027   259.769    51.929   971.056     7.625   213.918
     8.000     3.358     2.960    16.198    17.880   -22.524     0.477   264.019   260.369    52.347   970.269     7.875   213.249
     8.250     3.287     2.968    16.240    17.918   -22.498     0.453   264.013   260.860    52.658   969.662     8.125   212.879
     8.500     3.185     2.981    16.281    17.954   -22.487     0.433   264.012   261.167    52.952   969.064     8.375   212.538
     8.750     3.195     3.002    16.316    17.987   -22.467     0.413   264.011   261.561    53.225   968.563     8.625   212.262
     9.000     3.477     3.008    16.337    18.015   -22.400     0.391   264.003   262.115    53.461   968.262     8.875   212.031
     9.250     3.453     3.017    16.361    18.040   -22.318     0.368   263.995   262.807    53.685   967.967     9.125   211.774
     9.500     3.504     3.028    16.382    18.062   -22.224     0.343   263.985   263.554    53.907   967.701     9.375   211.515
     9.750     3.449     3.029    16.405    18.082   -22.123     0.317   263.975   263.958    54.133   967.357     9.625   211.207
    10.000     3.217     3.039    16.433    18.101   -22.015     0.292   263.965   264.030    54.376   966.783     9.875   210.830
    10.250     3.230     3.058    16.457    18.118   -21.894     0.274   263.956   264.087    54.610   966.194    10.125   210.464
    10.500     3.409     3.039    16.469    18.132   -21.780     0.269   263.947   264.236    54.782   965.903    10.375   210.264
    10.750     3.223     3.062    16.493    18.146   -21.728     0.281   263.945   264.574    54.945   965.510    10.625   210.015
    11.000     3.193     3.062    16.510    18.159   -21.724     0.287   263.945   264.985    55.107   965.150    10.875   209.776
    11.250     3.367     3.066    16.518    18.171   -21.752     0.280   263.941   265.742    55.243   964.858    11.125   209.537
    11.500     3.469     3.062    16.526    18.183   -21.789     0.263   263.930   266.471    55.374   964.538    11.375   209.232
    11.750     3.200     3.060    16.547    18.196   -21.845     0.244   263.925   267.092    55.531   964.131    11.625   208.919
    12.000     3.056     3.071    16.567    18.208   -21.882     0.226   263.927   267.300    55.725   963.690    11.875   208.591
    12.250     3.287     3.084    16.569    18.215   -21.877     0.207   263.923   267.712    55.902   963.392    12.125   208.262
    12.500     3.334     3.087    16.571    18.221   -21.852     0.190   263.917   268.119    56.066   963.111    12.375   207.879
    12.750     3.315     3.092    16.574    18.226   -21.808     0.175   263.910   268.463    56.166   962.964    12.625   207.756
    13.000     3.224     3.102    16.581    18.229   -21.752     0.163   263.904   267.915    56.250   962.741    12.875   207.659
    13.250     3.249     3.080    16.583    18.230   -21.675     0.159   263.898   267.841    56.330   962.602    13.125   207.574
    13.500     3.229     3.114    16.588    18.231   -21.604     0.171   263.894   266.763    56.392   962.391    13.375   207.492
    13.750     3.095     3.041    16.589    18.230   -21.568     0.201   263.891   267.170    56.456   962.220    13.625   207.418
    14.000     3.147     3.042    16.591    18.229   -21.600     0.229   263.889   267.253    56.503   962.023    13.875   207.346
    14.250     3.224     3.109    16.592    18.229   -21.664     0.242   263.886   267.204    56.545   961.836    14.125   207.273
    14.500     3.172     3.104    16.592    18.228   -21.734     0.244   263.882   267.444    56.582   961.682    14.375   207.208
    14.750     3.022     3.109    16.595    18.227   -21.836     0.237   263.885   267.800    56.639   961.572    14.625   207.152
    15.000     2.991     3.120    16.595    18.224   -21.926     0.226   263.892   267.984    56.692   961.494    14.875   207.102
    15.250     3.166     3.116    16.585    18.221   -21.940     0.210   263.892   268.112    56.728   961.420    15.125   207.043
    15.500     3.218     3.117    16.577    18.217   -21.913     0.194   263.890   268.322    56.762   961.363    15.375   206.987
    15.750     3.072     3.125    16.578    18.214   -21.854     0.180   263.888   267.600    56.803   961.148    15.625   206.927
    16.000     3.144     3.130    16.575    18.210   -21.773     0.173   263.885   266.524    56.838   961.022    15.875   206.879
    16.250     3.162     3.131    16.569    18.205   -21.679     0.183   263.882   266.995    56.885   960.942    16.125   206.833
    16.500     3.132     3.132    16.573    18.200   -21.661     0.216   263.881   267.116    56.880   960.805    16.375   206.791
    16.750     3.141     3.123    16.566    18.196   -21.683     0.232   263.881   267.252    56.912   960.721    16.625   206.755
    17.000     3.233     3.117    16.561    18.192   -21.745     0.243   263.882   267.372    56.910   960.612    16.875   206.723
    17.250     3.221     3.105    16.557    18.190   -21.809     0.238   263.876   266.715    56.915   960.492    17.125   206.680
    17.500     3.067     3.107    16.558    18.188   -21.896     0.230   263.879   268.421    56.930   960.436    17.375   206.663
    17.750     3.063     3.119    16.556    18.186   -21.982     0.218   263.884   268.993    56.927   960.423    17.625   206.686
    18.000     3.308     3.112    16.542    18.182   -22.038     0.201   263.882   269.681    56.919   960.512    17.875   206.695
    18.250     3.299     3.111    16.532    18.179   -22.075     0.183   263.878   270.254    56.920   960.581    18.125   206.689
    18.500     3.218     3.113    16.527    18.175   -22.084     0.164   263.874   269.946    56.954   960.569    18.375   206.661
    18.750     3.191     3.122    16.522    18.169   -22.046     0.146   263.870   269.910    57.003   960.537    18.625   206.628
    19.000     2.997     3.118    16.521    18.164   -21.955     0.133   263.868   268.398    57.043   960.412    18.875   206.592
    19.250     3.222     3.103    16.509    18.155   -21.817     0.129   263.864   268.304    57.058   960.470    19.125   206.586
    19.500     3.193     3.133    16.503    18.148   -21.707     0.146   263.862   267.902    57.044   960.455    19.375   206.583
    19.750     3.217     3.126    16.497    18.141   -21.669     0.181   263.859   268.100    57.029   960.444    19.625   206.580
    20.000     3.285     3.123    16.495    18.134   -21.731     0.204   263.857   268.353    56.997   960.405    19.875   206.579
    20.250     3.311     3.116    16.490    18.129   -21.826     0.216   263.852   268.815    56.963   960.378    20.125   206.591
    20.500     3.349     3.096    16.483    18.125   -21.926     0.210   263.841   268.968    56.946   960.366    20.375   206.592
    20.750     3.178     3.103    16.484    18.122   -22.014     0.198   263.839   269.310    56.928   960.336    20.625   206.614
    21.000     3.027     3.108    16.485    18.118   -22.109     0.187   263.843   270.018    56.924   960.350    20.875   206.654
    21.250     3.018     3.120    16.479    18.113   -22.192     0.175   263.849   270.351    56.922   960.393    21.125   206.691
    21.500     3.232     3.117    16.463    18.106   -22.241     0.161   263.847   270.756    56.905   960.548    21.375   206.721
    21.750     3.250     3.122    16.449    18.098   -22.265     0.146   263.845   271.296    56.914   960.715    21.625   206.725
    22.000     3.165     3.125    16.439    18.089   -22.252     0.131   263.842   270.593    56.951   960.792    21.875   206.701
    22.250     3.125     3.122    16.429    18.078   -22.186     0.117   263.839   269.886    56.985   960.833    22.125   206.672
    22.500     2.959     3.131    16.424    18.068   -22.063     0.109   263.837   268.593    57.017   960.720    22.375   206.637
    22.750     3.106     3.114    16.411    18.056   -21.907     0.113   263.836   268.002    57.034   960.709    22.625   206.615
    23.000     3.188     3.110    16.400    18.045   -21.784     0.145   263.833   267.431    57.011   960.742    22.875   206.606
    23.250     3.128     3.136    16.400    18.035   -21.789     0.196   263.835   267.470    56.987   960.650    23.125   206.591
    23.500     3.223     3.126    16.395    18.027   -21.884     0.225   263.832   267.883    56.945   960.592    23.375   206.595
    23.750     3.272     3.118    16.390    18.020   -22.022     0.234   263.828   267.626    56.899   960.524    23.625   206.603
    24.000     3.332     3.113    16.381    18.014   -22.135     0.226   263.820   268.307    56.868   960.448    23.875   206.602
    24.250     3.240     3.098    16.374    18.010   -22.235     0.214   263.816   268.851    56.834   960.490    24.125   206.631
    24.500     3.039     3.099    16.373    18.006   -22.336     0.201   263.819   269.621    56.820   960.497    24.375   206.670
    24.750     2.934     3.100    16.370    18.003   -22.433     0.186   263.826   269.943    56.806   960.488    24.625   206.704
    25.000     3.084     3.111    16.358    17.998   -22.499     0.170   263.831   270.251    56.801   960.589    24.875   206.740
    25.250     3.227     3.110    16.341    17.991   -22.530     0.153   263.829   270.828    56.784   960.784    25.125   206.773
    25.500     3.242     3.116    16.326    17.983   -22.531     0.136   263.826   271.332    56.799   960.987    25.375   206.778
    25.750     3.200     3.121    16.313    17.973   -22.492     0.120   263.822   270.677    56.834   961.134    25.625   206.760
    26.000     3.141     3.117    16.302    17.961   -22.398     0.107   263.819   269.757    56.865   961.224    25.875   206.734
    26.250     2.989     3.125    16.296    17.949   -22.249     0.099   263.817   268.300    56.893   961.161    26.125   206.702
    26.500     2.944     3.149    16.298    17.938   -22.126     0.118   263.817   266.616    56.876   960.977    26.375   206.667
    26.750     3.263     3.145    16.281    17.925   -21.983     0.135   263.815   266.239    56.890   961.022    26.625   206.649
    27.000     3.156     3.138    16.276    17.915   -21.939     0.185   263.817   265.848    56.873   960.988    26.875   206.625
    27.250     3.370     3.121    16.266    17.905   -21.969     0.216   263.809   266.641    56.831   961.016    27.125   206.604
    27.500     3.247     3.104    16.264    17.900   -22.104     0.233   263.804   268.107    56.783   960.937    27.375   206.584
    27.750     3.133     3.026    16.267    17.897   -22.279     0.236   263.800   268.586    56.757   960.771    27.625   206.571
    28.000     3.243     3.087    16.263    17.895   -22.412     0.217   263.795   268.629    56.739   960.659    27.875   206.583
    28.250     3.078     3.087    16.259    17.893   -22.530     0.198   263.797   269.438    56.724   960.652    28.125   206.623
    28.500     2.948     3.087    16.257    17.891   -22.630     0.182   263.803   269.790    56.707   960.627    28.375   206.657
    28.750     2.949     3.101    16.250    17.889   -22.709     0.165   263.811   269.994    56.705   960.650    28.625   206.691
    29.000     3.214     3.099    16.232    17.883   -22.736     0.148   263.810   270.568    56.697   960.841    28.875   206.726
    29.250     3.239     3.103    16.216    17.876   -22.735     0.131   263.806   271.064    56.701   961.062    29.125   206.748
    29.500     3.249     3.108    16.202    17.867   -22.700     0.116   263.802   271.115    56.732   961.277    29.375   206.742
    29.750     3.226     3.117    16.188    17.856   -22.611     0.103   263.797   270.548    56.773   961.441    29.625   206.720
    30.000     3.008     3.113    16.183    17.845   -22.483     0.094   263.795   268.705    56.792   961.425    29.875   206.690
    30.250     3.035     3.118    16.177    17.833   -22.308     0.095   263.791   267.440    56.807   961.344    30.125   206.658
    30.500     3.024     3.101    16.172    17.823   -22.200     0.118   263.792   266.978    56.809   961.246    30.375   206.640
    30.750     3.118     3.038    16.166    17.813   -22.119     0.160   263.788   266.482    56.783   961.166    30.625   206.626
    31.000     3.309     3.122    16.163    17.803   -22.148     0.209   263.788   265.500    56.757   961.092    30.875   206.608
    31.250     3.229     3.109    16.163    17.797   -22.275     0.240   263.782   266.156    56.711   960.994    31.125   206.587
    31.500     3.230     3.021    16.158    17.793   -22.429     0.245   263.776   267.805    56.676   960.923    31.375   206.591
    31.750     3.347     3.088    16.151    17.789   -22.565     0.240   263.769   268.130    56.656   960.831    31.625   206.596
    32.000     3.128     3.078    16.148    17.787   -22.685     0.224   263.768   268.879    56.625   960.806    31.875   206.624
    32.250     2.997     3.077    16.147    17.785   -22.796     0.204   263.773   269.221    56.610   960.780    32.125   206.663
    32.500     2.896     3.078    16.145    17.784   -22.897     0.184   263.781   269.488    56.592   960.749    32.375   206.698
    32.750     3.028     3.090    16.135    17.782   -22.958     0.164   263.786   269.962    56.594   960.828    32.625   206.732
    33.000     3.209     3.091    16.118    17.777   -22.974     0.144   263.784   270.481    56.582   961.036    32.875   206.768
    33.250     3.240     3.097    16.103    17.769   -22.956     0.127   263.781   270.937    56.594   961.286    33.125   206.791
    33.500     3.243     3.103    16.089    17.759   -22.903     0.111   263.776   270.888    56.627   961.526    33.375   206.787
    33.750     3.235     3.112    16.074    17.747   -22.797     0.098   263.771   270.379    56.667   961.718    33.625   206.766
    34.000     2.998     3.108    16.069    17.736   -22.659     0.090   263.769   268.476    56.683   961.707    33.875   206.737
    34.250     3.003     3.111    16.063    17.724   -22.481     0.093   263.767   267.098    56.695   961.631    34.125   206.707
    34.500     2.988     3.096    16.061    17.714   -22.381     0.118   263.767   266.690    56.690   961.495    34.375   206.686
    34.750     3.138     3.090    16.055    17.704   -22.306     0.159   263.762   266.228    56.666   961.409    34.625   206.672
    35.000     3.258     3.118    16.057    17.694   -22.353     0.213   263.760   266.459    56.621   961.295    34.875   206.653
    35.250     3.239     3.020    16.047    17.687   -22.454     0.236   263.756   266.951    56.598   961.260    35.125   206.639
    35.500     3.315     3.086    16.046    17.683   -22.621     0.246   263.750   267.512    56.548   961.153    35.375   206.649
    35.750     3.320     3.075    16.038    17.680   -22.760     0.243   263.742   267.947    56.520   961.083    35.625   206.656
    36.000     3.115     3.067    16.037    17.679   -22.881     0.218   263.741   268.651    56.493   961.034    35.875   206.684
    36.250     2.976     3.067    16.037    17.679   -22.990     0.197   263.746   269.055    56.481   960.982    36.125   206.721
    36.500     2.887     3.068    16.036    17.679   -23.087     0.177   263.754   269.324    56.468   960.943    36.375   206.756
    36.750     3.012     3.081    16.026    17.677   -23.147     0.158   263.760   269.788    56.468   961.017    36.625   206.791
    37.000     3.199     3.082    16.010    17.672   -23.162     0.140   263.758   270.310    56.457   961.226    36.875   206.826
    37.250     3.233     3.089    15.996    17.665   -23.144     0.123   263.754   270.744    56.467   961.484    37.125   206.853
    37.500     3.243     3.095    15.981    17.655   -23.092     0.108   263.750   270.918    56.500   961.745    37.375   206.852
    37.750     3.222     3.104    15.966    17.643   -22.990     0.095   263.745   270.405    56.538   961.946    37.625   206.832
    38.000     3.023     3.099    15.960    17.632   -22.855     0.087   263.742   268.514    56.555   961.970    37.875   206.806
    38.250     3.037     3.104    15.954    17.619   -22.676     0.088   263.738   267.231    56.563   961.926    38.125   206.779
    38.500     2.895     3.089    15.954    17.610   -22.577     0.112   263.740   266.445    56.565   961.738    38.375   206.753
    38.750     3.189     3.084    15.945    17.599   -22.490     0.150   263.735   266.385    56.543   961.694    38.625   206.740
    39.000     3.091     3.021    15.944    17.590   -22.517     0.202   263.736   266.138    56.521   961.596    38.875   206.727
    39.250     3.318     3.096    15.941    17.583   -22.635     0.234   263.733   266.524    56.474   961.490    39.125   206.721
    39.500     3.221     3.068    15.938    17.579   -22.797     0.244   263.726   267.146    56.432   961.378    39.375   206.719
    39.750     3.372     3.069    15.928    17.575   -22.930     0.236   263.716   267.588    56.403   961.314    39.625   206.717
    40.000     3.174     3.057    15.927    17.574   -23.051     0.221   263.714   268.068    56.369   961.263    39.875   206.741
    40.250     2.997     3.058    15.928    17.574   -23.160     0.199   263.718   268.682    56.360   961.218    40.125   206.777
    40.500     2.889     3.059    15.928    17.574   -23.254     0.179   263.725   269.230    56.344   961.175    40.375   206.812
    40.750     2.880     3.073    15.924    17.574   -23.327     0.160   263.734   269.424    56.341   961.180    40.625   206.844
    41.000     3.178     3.072    15.907    17.569   -23.346     0.141   263.733   269.952    56.334   961.378    40.875   206.877
    41.250     3.224     3.078    15.892    17.564   -23.334     0.124   263.730   270.414    56.336   961.631    41.125   206.909
    41.500     3.240     3.087    15.877    17.555   -23.290     0.109   263.725   270.785    56.366   961.899    41.375   206.915
    41.750     3.217     3.093    15.863    17.543   -23.203     0.096   263.721   270.115    56.403   962.115    41.625   206.899
    42.000     3.100     3.088    15.854    17.531   -23.080     0.086   263.716   268.874    56.423   962.215    41.875   206.877
    42.250     3.043     3.095    15.846    17.519   -22.901     0.082   263.713   267.553    56.446   962.210    42.125   206.852
    42.500     2.808     3.047    15.849    17.510   -22.781     0.105   263.714   266.323    56.443   962.014    42.375   206.823
    42.750     3.270     3.113    15.839    17.498   -22.676     0.131   263.709   265.406    56.424   961.945    42.625   206.807
    43.000     3.068     3.104    15.838    17.489   -22.669     0.185   263.712   265.925    56.413   961.876    42.875   206.791
    43.250     3.261     3.090    15.834    17.481   -22.758     0.221   263.709   266.265    56.366   961.798    43.125   206.786
    43.500     3.196     3.079    15.835    17.476   -22.918     0.241   263.701   266.005    56.315   961.644    43.375   206.778
    43.750     3.291     3.063    15.827    17.473   -23.068     0.229   263.694   267.397    56.291   961.558    43.625   206.776
    44.000     3.214     3.049    15.823    17.472   -23.198     0.224   263.688   267.861    56.256   961.485    43.875   206.790
    44.250     3.034     3.049    15.823    17.472   -23.313     0.200   263.691   268.468    56.240   961.448    44.125   206.828
    44.500     2.910     3.049    15.823    17.472   -23.414     0.179   263.697   269.047    56.222   961.405    44.375   206.864
    44.750     2.844     3.052    15.822    17.472   -23.499     0.161   263.706   269.252    56.212   961.388    44.625   206.897
    45.000     3.094     3.063    15.807    17.469   -23.531     0.142   263.709   269.710    56.212   961.543    44.875   206.930
    45.250     3.197     3.068    15.791    17.464   -23.525     0.125   263.706   270.158    56.209   961.783    45.125   206.963
    45.500     3.221     3.076    15.777    17.456   -23.484     0.109   263.702   270.524    56.235   962.052    45.375   206.977
    45.750     3.218     3.082    15.762    17.446   -23.406     0.096   263.697   270.172    56.274   962.294    45.625   206.967
    46.000     3.167     3.077    15.750    17.433   -23.286     0.086   263.692   269.268    56.300   962.457    45.875   206.948
    46.250     3.010     3.086    15.743    17.422   -23.122     0.080   263.689   267.737    56.322   962.460    46.125   206.923
    46.500     2.861     3.091    15.746    17.412   -22.978     0.095   263.689   266.323    56.317   962.296    46.375   206.896
    46.750     3.109     3.109    15.741    17.401   -22.880     0.119   263.687   265.367    56.312   962.174    46.625   206.875
    47.000     3.126     3.105    15.741    17.391   -22.848     0.172   263.687   265.622    56.279   962.086    46.875   206.857
    47.250     3.203     3.085    15.731    17.383   -22.897     0.211   263.680   266.179    56.261   962.058    47.125   206.850
    47.500     3.216     3.072    15.730    17.378   -23.043     0.233   263.675   266.658    56.216   961.930    47.375   206.844
    47.750     3.220     2.998    15.726    17.375   -23.208     0.231   263.671   267.000    56.182   961.814    47.625   206.839
    48.000     3.256     3.040    15.722    17.373   -23.343     0.229   263.665   267.225    56.154   961.689    47.875   206.836
    48.250     3.064     3.041    15.721    17.373   -23.460     0.204   263.665   268.222    56.132   961.661    48.125   206.873
    48.500     2.931     3.040    15.722    17.374   -23.563     0.183   263.671   268.643    56.113   961.617    48.375   206.909
    48.750     2.854     3.042    15.721    17.375   -23.653     0.164   263.680   268.888    56.102   961.586    48.625   206.942
    49.000     2.980     3.056    15.711    17.373   -23.702     0.145   263.685   269.310    56.110   961.672    48.875   206.973
    49.250     3.172     3.057    15.695    17.369   -23.704     0.128   263.683   269.781    56.100   961.896    49.125   207.005
    49.500     3.210     3.064    15.681    17.362   -23.672     0.112   263.679   270.179    56.117   962.162    49.375   207.025
    49.750     3.220     3.071    15.667    17.353   -23.606     0.099   263.675   270.237    56.154   962.430    49.625   207.022
    50.000     3.229     3.080    15.651    17.341   -23.490     0.087   263.669   269.863    56.193   962.652    49.875   207.004
    50.250     2.989     3.076    15.646    17.330   -23.350     0.080   263.666   268.020    56.208   962.669    50.125   206.982
    50.500     2.956     3.083    15.648    17.318   -23.201     0.089   263.663   266.661    56.190   962.573    50.375   206.957
    50.750     2.907     3.066    15.644    17.309   -23.088     0.111   263.665   266.094    56.213   962.407    50.625   206.937
    51.000     3.111     2.999    15.636    17.299   -23.008     0.149   263.662   265.441    56.192   962.346    50.875   206.926
    51.250     3.269     3.084    15.632    17.290   -23.039     0.200   263.659   265.562    56.166   962.296    51.125   206.916
    51.500     3.233     3.068    15.629    17.283   -23.163     0.230   263.652   266.100    56.119   962.203    51.375   206.909
    51.750     3.186     3.055    15.629    17.280   -23.334     0.239   263.651   266.493    56.082   962.054    51.625   206.900
    52.000     3.291     3.030    15.621    17.278   -23.463     0.221   263.639   267.069    56.056   961.979    51.875   206.894
    52.250     3.034     3.033    15.624    17.278   -23.570     0.200   263.640   267.605    56.047   961.865    52.125   206.892
    52.500     2.966     3.032    15.624    17.279   -23.673     0.182   263.645   268.357    56.027   961.818    52.375   206.927
    52.750     2.874     3.032    15.624    17.281   -23.761     0.164   263.652   268.735    56.014   961.767    52.625   206.960
    53.000     2.907     3.047    15.619    17.281   -23.825     0.148   263.661   268.957    56.017   961.793    52.875   206.991
    53.250     3.156     3.046    15.604    17.278   -23.840     0.131   263.659   269.493    56.010   961.981    53.125   207.022
    53.500     3.198     3.052    15.591    17.273   -23.824     0.115   263.655   269.956    56.017   962.224    53.375   207.047
    53.750     3.216     3.062    15.577    17.266   -23.777     0.101   263.651   270.287    56.052   962.485    53.625   207.049
    54.000     3.199     3.069    15.564    17.255   -23.682     0.089   263.646   269.659    56.093   962.699    53.875   207.030
    54.250     3.040     3.064    15.557    17.244   -23.559     0.080   263.642   268.412    56.111   962.775    54.125   207.007
    54.500     3.039     3.071    15.548    17.232   -23.376     0.077   263.638   267.058    56.136   962.778    54.375   206.982
    54.750     2.796     3.052    15.553    17.224   -23.271     0.099   263.641   266.045    56.129   962.569    54.625   206.956
    55.000     3.163     3.052    15.543    17.213   -23.166     0.131   263.633   265.540    56.116   962.532    54.875   206.943
    55.250     2.981     2.991    15.546    17.205   -23.197     0.185   263.635   265.425    56.094   962.407    55.125   206.931
    55.500     3.234     3.072    15.545    17.198   -23.303     0.220   263.637   264.616    56.061   962.285    55.375   206.915
    55.750     3.164     3.060    15.547    17.193   -23.461     0.241   263.629   266.260    56.004   962.121    55.625   206.904
    56.000     3.313     3.042    15.533    17.190   -23.591     0.229   263.620   266.545    55.991   962.069    55.875   206.890
    56.250     3.155     3.025    15.530    17.190   -23.702     0.218   263.617   267.071    55.969   961.994    56.125   206.887
    56.500     3.017     3.024    15.531    17.190   -23.804     0.195   263.619   267.936    55.949   961.963    56.375   206.923
    56.750     2.894     3.024    15.532    17.192   -23.897     0.175   263.626   268.359    55.932   961.910    56.625   206.958
    57.000     2.836     3.027    15.532    17.194   -23.976     0.156   263.635   268.621    55.922   961.882    56.875   206.990
    57.250     3.023     3.040    15.521    17.193   -24.015     0.138   263.639   269.083    55.932   961.995    57.125   207.019
    57.500     3.163     3.043    15.506    17.189   -24.013     0.121   263.636   269.561    55.923   962.226    57.375   207.047
    57.750     3.198     3.050    15.493    17.183   -23.977     0.106   263.632   269.948    55.945   962.494    57.625   207.059
    58.000     3.204     3.058    15.479    17.173   -23.906     0.093   263.627   269.889    55.983   962.759    57.875   207.048
    58.250     3.202     3.054    15.465    17.161   -23.789     0.082   263.621   269.645    56.016   962.977    58.125   207.026
    58.500     2.962     3.063    15.460    17.150   -23.641     0.076   263.619   267.729    56.036   962.992    58.375   207.001
    58.750     2.911     3.071    15.464    17.139   -23.501     0.088   263.617   266.298    56.011   962.878    58.625   206.976
    59.000     2.926     3.092    15.461    17.130   -23.393     0.111   263.618   265.178    56.028   962.691    58.875   206.952
    59.250     3.120     3.088    15.458    17.119   -23.338     0.155   263.614   265.202    56.001   962.612    59.125   206.931
    59.500     3.199     3.073    15.449    17.110   -23.361     0.198   263.615   264.225    55.988   962.612    59.375   206.920
    59.750     3.205     3.059    15.452    17.104   -23.479     0.230   263.605   266.000    55.926   962.477    59.625   206.903
    60.000     3.098     2.964    15.446    17.102   -23.629     0.231   263.607   266.317    55.910   962.375    59.875   206.890
    60.250     3.271     3.019    15.440    17.100   -23.776     0.216   263.597   266.798    55.886   962.247    60.125   206.882
    60.500     3.024     3.018    15.442    17.102   -23.890     0.193   263.598   267.620    55.868   962.151    60.375   206.896
    60.750     2.952     3.016    15.442    17.104   -23.996     0.174   263.603   268.035    55.848   962.095    60.625   206.933
    61.000     2.862     3.017    15.443    17.106   -24.087     0.157   263.610   268.352    55.830   962.053    60.875   206.969
    61.250     2.871     3.032    15.440    17.108   -24.153     0.140   263.619   268.762    55.836   962.068    61.125   207.001
    61.500     3.142     3.033    15.424    17.105   -24.164     0.123   263.617   269.260    55.837   962.271    61.375   207.030
    61.750     3.174     3.039    15.410    17.100   -24.143     0.108   263.613   269.682    55.845   962.525    61.625   207.051
    62.000     3.202     3.049    15.396    17.093   -24.087     0.095   263.609   269.968    55.878   962.807    61.875   207.050
    62.250     3.201     3.057    15.382    17.082   -23.987     0.084   263.604   269.470    55.922   963.050    62.125   207.031
    62.500     3.045     3.052    15.374    17.071   -23.861     0.075   263.599   268.341    55.940   963.154    62.375   207.007
    62.750     3.037     3.059    15.366    17.059   -23.677     0.073   263.596   266.966    55.959   963.180    62.625   206.982
    63.000     2.775     3.027    15.373    17.050   -23.575     0.098   263.598   265.774    55.944   962.956    62.875   206.957
    63.250     3.149     3.081    15.369    17.039   -23.486     0.125   263.591   264.611    55.920   962.837    63.125   206.937
    63.500     3.007     3.074    15.367    17.032   -23.487     0.179   263.591   264.964    55.923   962.770    63.375   206.921
    63.750     3.118     2.973    15.363    17.023   -23.585     0.216   263.594   265.112    55.886   962.692    63.625   206.915
    64.000     3.161     3.032    15.361    17.020   -23.747     0.234   263.588   265.701    55.846   962.547    63.875   206.910
    64.250     3.389     3.024    15.349    17.016   -23.873     0.217   263.577   266.283    55.802   962.519    64.125   206.905
    64.500     3.093     3.010    15.351    17.016   -23.993     0.199   263.574   266.764    55.773   962.406    64.375   206.900
    64.750     2.957     3.010    15.354    17.019   -24.094     0.181   263.578   267.492    55.777   962.312    64.625   206.907
    65.000     2.894     3.010    15.355    17.021   -24.183     0.164   263.585   267.917    55.756   962.265    64.875   206.943
    65.250     2.841     3.012    15.355    17.023   -24.257     0.148   263.593   268.420    55.746   962.246    65.125   206.978
    65.500     3.058     3.024    15.343    17.022   -24.287     0.131   263.595   268.706    55.750   962.380    65.375   207.007
    65.750     3.154     3.027    15.329    17.019   -24.281     0.116   263.592   269.198    55.751   962.597    65.625   207.033
    66.000     3.168     3.036    15.317    17.013   -24.244     0.102   263.588   269.566    55.781   962.838    65.875   207.035
    66.250     3.180     3.044    15.304    17.005   -24.169     0.090   263.584   269.365    55.823   963.075    66.125   207.020
    66.500     3.127     3.038    15.293    16.994   -24.055     0.080   263.578   268.866    55.852   963.237    66.375   206.997
    66.750     2.972     3.049    15.288    16.984   -23.900     0.074   263.576   267.316    55.873   963.248    66.625   206.973
    67.000     2.883     3.057    15.294    16.975   -23.767     0.090   263.575   265.936    55.852   963.103    66.875   206.949
    67.250     2.990     3.039    15.287    16.965   -23.655     0.110   263.573   264.812    55.865   962.968    67.125   206.928
    67.500     3.124     2.970    15.279    16.955   -23.593     0.157   263.573   263.520    55.858   962.973    67.375   206.907
    67.750     3.173     3.054    15.280    16.948   -23.675     0.201   263.569   265.188    55.816   962.891    67.625   206.903
    68.000     3.105     3.040    15.281    16.943   -23.827     0.226   263.567   265.599    55.771   962.745    67.875   206.897
    68.250     3.241     3.011    15.273    16.940   -23.975     0.218   263.558   266.051    55.739   962.660    68.125   206.890
    68.500     3.198     3.001    15.270    16.940   -24.090     0.196   263.550   266.661    55.699   962.589    68.375   206.892
    68.750     2.960     3.002    15.274    16.942   -24.191     0.178   263.554   267.259    55.706   962.476    68.625   206.889
    69.000     2.894     3.003    15.276    16.944   -24.284     0.162   263.561   267.680    55.690   962.416    68.875   206.920
    69.250     2.845     3.005    15.276    16.947   -24.359     0.147   263.568   268.232    55.677   962.390    69.125   206.955
    69.500     3.000     3.017    15.267    16.946   -24.401     0.131   263.573   268.510    55.683   962.487    69.375   206.985
    69.750     3.139     3.019    15.254    16.944   -24.402     0.116   263.570   269.027    55.680   962.688    69.625   207.012
    70.000     3.150     3.028    15.242    16.939   -24.373     0.102   263.567   269.414    55.708   962.916    69.875   207.015
    70.250     3.168     3.036    15.229    16.931   -24.307     0.090   263.562   269.301    55.750   963.150    70.125   207.002
    70.500     3.143     3.031    15.217    16.920   -24.198     0.080   263.557   269.099    55.783   963.332    70.375   206.979
    70.750     2.944     3.042    15.213    16.911   -24.054     0.074   263.555   267.389    55.804   963.341    70.625   206.955
    71.000     2.899     3.049    15.214    16.901   -23.902     0.084   263.554   265.430    55.798   963.240    70.875   206.932
    71.250     2.971     3.067    15.211    16.892   -23.792     0.104   263.551   264.891    55.801   963.081    71.125   206.911
    71.500     3.166     3.061    15.201    16.882   -23.724     0.152   263.546   264.924    55.790   963.096    71.375   206.895
    71.750     3.025     2.959    15.202    16.875   -23.802     0.197   263.547   265.119    55.754   963.019    71.625   206.889
    72.000     3.105     3.037    15.206    16.871   -23.960     0.225   263.544   265.529    55.711   962.849    71.875   206.885
    72.250     3.288     3.007    15.196    16.866   -24.100     0.216   263.538   265.872    55.677   962.792    72.125   206.879
    72.500     3.165     2.984    15.194    16.866   -24.221     0.197   263.530   266.483    55.635   962.714    72.375   206.879
    72.750     2.971     2.998    15.197    16.868   -24.325     0.178   263.534   267.064    55.644   962.606    72.625   206.873
    73.000     2.880     2.999    15.199    16.870   -24.418     0.162   263.541   267.466    55.635   962.535    72.875   206.896
    73.250     2.842     3.001    15.199    16.872   -24.493     0.146   263.548   268.042    55.621   962.510    73.125   206.930
    73.500     2.981     3.013    15.191    16.872   -24.533     0.131   263.553   268.330    55.626   962.600    73.375   206.960
    73.750     3.129     3.014    15.177    16.870   -24.533     0.115   263.551   268.872    55.624   962.796    73.625   206.983
    74.000     3.144     3.022    15.165    16.865   -24.502     0.102   263.547   269.267    55.650   963.021    73.875   206.985
    74.250     3.160     3.030    15.153    16.857   -24.433     0.089   263.543   269.141    55.692   963.248    74.125   206.970
    74.500     3.121     3.025    15.142    16.847   -24.324     0.079   263.538   268.971    55.724   963.419    74.375   206.947
    74.750     2.942     3.036    15.138    16.837   -24.177     0.073   263.536   267.254    55.746   963.430    74.625   206.924
    75.000     2.900     3.041    15.136    16.828   -24.021     0.083   263.536   265.945    55.750   963.338    74.875   206.901
    75.250     2.978     3.059    15.135    16.819   -23.918     0.103   263.531   264.697    55.736   963.165    75.125   206.881
    75.500     3.171     2.955    15.123    16.809   -23.851     0.153   263.529   264.580    55.724   963.209    75.375   206.865
    75.750     3.091     2.952    15.126    16.802   -23.929     0.201   263.528   264.818    55.691   963.125    75.625   206.855
    76.000     3.029     2.945    15.129    16.799   -24.086     0.229   263.524   265.349    55.656   962.963    75.875   206.850
    76.250     3.388     3.009    15.119    16.795   -24.218     0.214   263.514   265.845    55.612   962.928    76.125   206.849
    76.500     3.094     2.978    15.120    16.795   -24.347     0.194   263.509   266.359    55.575   962.829    76.375   206.851
    76.750     2.927     2.992    15.125    16.797   -24.448     0.176   263.513   266.957    55.582   962.698    76.625   206.848
    77.000     2.866     2.992    15.127    16.800   -24.540     0.160   263.520   267.523    55.568   962.630    76.875   206.873
    77.250     2.829     2.994    15.127    16.802   -24.613     0.145   263.529   267.898    55.554   962.605    77.125   206.907
    77.500     2.961     3.006    15.119    16.802   -24.657     0.129   263.534   268.180    55.560   962.691    77.375   206.937
    77.750     3.117     3.008    15.106    16.800   -24.659     0.114   263.532   268.726    55.561   962.887    77.625   206.961
    78.000     3.132     3.016    15.094    16.795   -24.630     0.101   263.529   269.119    55.588   963.112    77.875   206.963
    78.250     3.153     3.025    15.081    16.787   -24.565     0.088   263.524   269.069    55.630   963.348    78.125   206.950
    78.500     3.130     3.020    15.069    16.777   -24.456     0.078   263.519   268.931    55.664   963.538    78.375   206.927
    78.750     2.928     3.031    15.065    16.767   -24.314     0.072   263.517   267.285    55.685   963.552    78.625   206.904
    79.000     2.888     3.040    15.069    16.758   -24.177     0.084   263.515   265.910    55.665   963.446    78.875   206.882
    79.250     2.886     3.021    15.064    16.750   -24.059     0.100   263.514   265.023    55.677   963.262    79.125   206.863
    79.500     3.312     3.044    15.050    16.739   -23.974     0.145   263.511   263.217    55.661   963.317    79.375   206.848
    79.750     3.019     3.038    15.055    16.733   -24.056     0.197   263.505   264.795    55.630   963.223    79.625   206.839
    80.000     3.027     2.941    15.057    16.728   -24.205     0.225   263.509   264.968    55.597   963.088    79.875   206.832
    80.250     3.415     3.004    15.043    16.724   -24.323     0.209   263.493   265.550    55.556   963.066    80.125   206.823
    80.500     3.083     2.987    15.046    16.724   -24.447     0.192   263.488   266.061    55.521   962.948    80.375   206.814
    80.750     2.906     2.985    15.051    16.727   -24.544     0.177   263.494   266.461    55.531   962.803    80.625   206.806
    81.000     2.863     2.985    15.054    16.730   -24.629     0.162   263.501   267.196    55.518   962.722    80.875   206.825
    81.250     2.835     2.987    15.055    16.733   -24.707     0.148   263.509   267.609    55.503   962.683    81.125   206.862
    81.500     2.923     3.000    15.050    16.734   -24.761     0.133   263.515   267.912    55.506   962.742    81.375   206.896
    81.750     3.117     3.001    15.037    16.732   -24.774     0.118   263.513   268.495    55.501   962.928    81.625   206.924
    82.000     3.119     3.008    15.026    16.729   -24.758     0.104   263.510   268.933    55.525   963.137    81.875   206.931
    82.250     3.144     3.016    15.014    16.722   -24.708     0.091   263.506   269.055    55.566   963.376    82.125   206.923
    82.500     3.160     3.026    15.000    16.712   -24.606     0.080   263.501   269.012    55.609   963.595    82.375   206.900
    82.750     2.913     3.023    14.998    16.703   -24.483     0.073   263.499   267.530    55.628   963.623    82.625   206.878
    83.000     2.977     3.031    14.991    16.692   -24.308     0.074   263.495   266.226    55.639   963.621    82.875   206.855
    83.250     2.785     3.016    14.996    16.685   -24.207     0.093   263.496   264.818    55.624   963.391    83.125   206.835
    83.500     3.230     3.036    14.982    16.675   -24.105     0.131   263.487   264.553    55.611   963.399    83.375   206.821
    83.750     3.077     2.940    14.981    16.667   -24.143     0.186   263.484   264.565    55.582   963.373    83.625   206.808
    84.000     3.092     3.024    14.987    16.662   -24.276     0.222   263.487   264.796    55.554   963.227    83.875   206.800
    84.250     3.274     3.005    14.978    16.658   -24.408     0.214   263.476   265.292    55.514   963.164    84.125   206.795
    84.500     3.121     2.969    14.977    16.657   -24.543     0.197   263.470   265.997    55.469   963.091    84.375   206.794
    84.750     2.939     2.982    14.982    16.660   -24.652     0.179   263.474   266.340    55.471   962.947    84.625   206.791
    85.000     2.851     2.980    14.985    16.662   -24.748     0.163   263.481   267.056    55.468   962.846    84.875   206.796
    85.250     2.829     2.982    14.986    16.665   -24.829     0.147   263.489   267.457    55.451   962.804    85.125   206.830
    85.500     2.839     2.997    14.984    16.667   -24.891     0.133   263.498   267.944    55.450   962.821    85.375   206.864
    85.750     3.101     2.996    14.970    16.665   -24.902     0.117   263.497   268.303    55.448   963.011    85.625   206.892
    86.000     3.103     3.003    14.958    16.661   -24.884     0.103   263.494   268.749    55.470   963.217    85.875   206.899
    86.250     3.138     3.011    14.945    16.655   -24.833     0.091   263.490   269.066    55.509   963.463    86.125   206.893
    86.500     3.150     3.021    14.932    16.645   -24.732     0.079   263.485   268.928    55.552   963.684    86.375   206.870
    86.750     2.945     3.017    14.928    16.636   -24.610     0.072   263.483   267.539    55.571   963.742    86.625   206.849
    87.000     3.013     3.025    14.919    16.625   -24.425     0.070   263.479   266.255    55.594   963.773    86.875   206.826
    87.250     2.712     3.013    14.928    16.618   -24.334     0.092   263.482   264.706    55.573   963.518    87.125   206.806
    87.500     3.205     3.040    14.915    16.608   -24.224     0.125   263.473   264.500    55.563   963.489    87.375   206.788
    87.750     3.135     3.032    14.913    16.600   -24.255     0.177   263.473   264.365    55.531   963.476    87.625   206.779
    88.000     3.043     3.019    14.915    16.595   -24.371     0.213   263.468   264.918    55.503   963.356    87.875   206.769
    88.250     3.176     3.003    14.912    16.591   -24.518     0.214   263.465   265.122    55.467   963.244    88.125   206.763
    88.500     3.185     2.975    14.908    16.591   -24.649     0.195   263.457   265.766    55.416   963.189    88.375   206.762
    88.750     2.948     2.976    14.912    16.593   -24.762     0.177   263.459   266.195    55.415   963.058    88.625   206.760
    89.000     2.860     2.974    14.916    16.596   -24.861     0.160   263.465   266.902    55.414   962.961    88.875   206.763
    89.250     2.822     2.976    14.918    16.599   -24.944     0.145   263.474   267.294    55.402   962.905    89.125   206.794
    89.500     2.827     2.992    14.917    16.602   -25.006     0.131   263.482   267.791    55.401   962.914    89.375   206.828
    89.750     3.096     2.990    14.903    16.600   -25.016     0.116   263.481   268.150    55.403   963.099    89.625   206.854
    90.000     3.099     2.997    14.891    16.597   -24.995     0.102   263.479   268.598    55.423   963.305    89.875   206.860
    90.250     3.137     3.005    14.879    16.591   -24.942     0.090   263.475   268.923    55.462   963.551    90.125   206.853
    90.500     3.149     3.015    14.865    16.582   -24.839     0.079   263.470   268.764    55.505   963.771    90.375   206.831
    90.750     2.936     3.012    14.862    16.573   -24.717     0.071   263.467   267.405    55.524   963.825    90.625   206.810
    91.000     2.750     3.052    14.869    16.560   -24.578     0.078   263.468   265.408    55.565   963.782    90.875   206.787
    91.250     2.386     3.077    14.881    16.547   -24.517     0.109   263.487   264.154    55.617   963.535    91.125   206.764
    91.500     2.712     3.049    14.862    16.529   -24.414     0.126   263.484   263.693    55.653   963.423    91.375   206.740
    91.750     3.157     3.076    14.837    16.510   -24.401     0.177   263.492   263.320    55.593   963.528    91.625   206.725
    92.000     2.966     3.056    14.832    16.498   -24.531     0.225   263.490   263.662    55.520   963.461    91.875   206.716
    92.250     3.004     3.039    14.831    16.490   -24.692     0.240   263.492   263.963    55.458   963.316    92.125   206.703
    92.500     3.369     3.001    14.810    16.484   -24.809     0.214   263.491   264.504    55.383   963.402    92.375   206.697
    92.750     3.321     2.980    14.803    16.484   -24.894     0.190   263.480   265.193    55.308   963.415    92.625   206.694
    93.000     3.419     2.938    14.804    16.494   -24.948     0.171   263.465   265.970    55.204   963.342    92.875   206.696
    93.250     3.028     2.947    14.819    16.506   -25.024     0.154   263.462   266.872    55.244   963.183    93.125   206.701
    93.500     2.845     2.952    14.830    16.516   -25.092     0.139   263.466   267.292    55.267   963.059    93.375   206.729
    93.750     2.764     2.957    14.836    16.525   -25.153     0.125   263.475   267.561    55.276   962.998    93.625   206.768
    94.000     2.747     2.967    14.838    16.531   -25.187     0.112   263.486   267.908    55.297   963.015    93.875   206.799
    94.250     3.024     2.983    14.826    16.533   -25.168     0.099   263.488   268.307    55.331   963.220    94.125   206.826
    94.500     3.142     2.992    14.812    16.531   -25.114     0.087   263.484   268.712    55.357   963.500    94.375   206.842
    94.750     3.211     3.003    14.798    16.524   -25.033     0.076   263.477   269.001    55.402   963.812    94.625   206.838
    95.000     3.078     3.039    14.790    16.511   -24.915     0.068   263.474   268.596    55.499   964.114    94.875   206.815
    95.250     2.779     3.046    14.788    16.494   -24.788     0.063   263.479   267.160    55.552   964.245    95.125   206.791
    95.500     2.774     3.068    14.786    16.475   -24.654     0.074   263.472   265.621    55.541   964.264    95.375   206.767
    95.750     2.503     3.090    14.796    16.461   -24.612     0.110   263.491   263.518    55.534   964.007    95.625   206.746
    96.000     2.747     3.056    14.780    16.444   -24.557     0.135   263.496   262.856    55.565   963.798    95.875   206.723
    96.250     2.818     2.963    14.771    16.430   -24.587     0.189   263.507   262.470    55.507   963.638    96.125   206.703
    96.500     2.965     2.951    14.761    16.419   -24.698     0.232   263.509   262.474    55.460   963.533    96.375   206.690
    96.750     3.246     3.013    14.745    16.410   -24.839     0.249   263.499   263.205    55.382   963.490    96.625   206.681
    97.000     3.519     2.986    14.723    16.406   -24.950     0.223   263.492   263.838    55.285   963.585    96.875   206.674
    97.250     3.374     2.962    14.719    16.410   -25.037     0.198   263.479   264.752    55.195   963.594    97.125   206.673
    97.500     3.194     2.941    14.727    16.418   -25.087     0.176   263.471   265.306    55.161   963.515    97.375   206.675
    97.750     3.244     2.928    14.735    16.429   -25.123     0.158   263.464   266.078    55.105   963.452    97.625   206.677
    98.000     3.064     2.935    14.750    16.444   -25.179     0.143   263.459   266.659    55.124   963.326    97.875   206.708
    98.250     2.896     2.947    14.762    16.456   -25.229     0.129   263.460   267.271    55.179   963.257    98.125   206.743
    98.500     2.774     2.955    14.768    16.464   -25.271     0.116   263.468   267.465    55.212   963.239    98.375   206.773
    98.750     2.775     2.976    14.770    16.470   -25.290     0.105   263.478   267.762    55.241   963.304    98.625   206.799
    99.000     3.089     2.980    14.755    16.470   -25.247     0.092   263.477   268.171    55.277   963.550    98.875   206.816
    99.250     3.077     3.008    14.746    16.466   -25.177     0.082   263.474   268.482    55.338   963.834    99.125   206.815
    99.500     2.981     3.030    14.737    16.453   -25.078     0.072   263.477   268.197    55.431   964.136    99.375   206.795
    99.750     2.951     3.033    14.727    16.437   -24.954     0.066   263.478   267.624    55.473   964.358    99.625   206.771
   100.000     2.966     3.052    14.713    16.418   -24.780     0.063   263.466   266.082    55.507   964.502    99.875   206.745
   100.250     2.593     2.977    14.719    16.404   -24.705     0.092   263.483   264.271    55.494   964.331   100.125   206.724
   100.500     2.682     3.051    14.720    16.390   -24.695     0.125   263.489   263.045    55.498   964.035   100.375   206.703
   100.750     2.892     3.078    14.709    16.377   -24.653     0.167   263.491   261.399    55.447   963.832   100.625   206.683
   101.000     3.145     3.063    14.701    16.364   -24.716     0.229   263.491   261.097    55.373   963.762   100.875   206.668
   101.250     3.077     3.036    14.697    16.358   -24.847     0.259   263.484   262.766    55.310   963.664   101.125   206.656
   101.500     3.385     2.993    14.674    16.353   -24.958     0.235   263.480   263.480    55.262   963.730   101.375   206.644
   101.750     3.387     2.963    14.667    16.356   -25.075     0.208   263.465   264.375    55.165   963.721   101.625   206.637
   102.000     3.236     2.950    14.673    16.363   -25.151     0.184   263.456   265.040    55.122   963.647   101.875   206.631
   102.250     3.089     2.947    14.683    16.373   -25.181     0.165   263.452   265.281    55.124   963.530   102.125   206.625
   102.500     3.046     2.949    14.692    16.382   -25.209     0.149   263.451   266.207    55.143   963.487   102.375   206.621
   102.750     2.989     2.957    14.700    16.389   -25.235     0.134   263.452   266.698    55.178   963.466   102.625   206.621
   103.000     2.959     2.967    14.704    16.395   -25.243     0.120   263.454   267.343    55.227   963.482   102.875   206.619
   103.250     2.931     2.979    14.706    16.397   -25.219     0.106   263.457   267.322    55.285   963.500   103.125   206.607
   103.500     2.981     2.993    14.703    16.395   -25.143     0.092   263.458   267.335    55.342   963.549   103.375   206.590
   103.750     2.767     2.996    14.706    16.394   -25.034     0.083   263.460   266.030    55.393   963.464   103.625   206.573
   104.000     2.954     3.028    14.700    16.388   -24.883     0.081   263.460   264.934    55.428   963.458   103.875   206.557
   104.250     2.945     3.028    14.695    16.382   -24.754     0.099   263.449   264.103    55.428   963.442   104.125   206.548
   104.500     2.997     3.032    14.698    16.375   -24.726     0.152   263.447   264.473    55.393   963.400   104.375   206.539
   104.750     2.876     3.029    14.704    16.371   -24.820     0.189   263.454   264.565    55.381   963.255   104.625   206.535
   105.000     3.069     3.009    14.695    16.368   -24.936     0.194   263.462   264.805    55.375   963.211   104.875   206.527
   105.250     3.249     2.989    14.685    16.366   -25.053     0.178   263.453   265.151    55.331   963.185   105.125   206.520
   105.500     3.238     2.976    14.679    16.367   -25.121     0.165   263.444   265.541    55.308   963.187   105.375   206.511
   105.750     3.160     2.972    14.681    16.370   -25.145     0.150   263.438   265.771    55.299   963.156   105.625   206.506
   106.000     3.101     2.968    14.683    16.372   -25.144     0.136   263.434   266.262    55.304   963.139   105.875   206.506
   106.250     3.078     2.972    14.684    16.374   -25.127     0.124   263.432   266.735    55.312   963.140   106.125   206.509
   106.500     3.045     2.975    14.685    16.376   -25.104     0.113   263.430   267.107    55.327   963.147   106.375   206.512
   106.750     2.997     2.980    14.685    16.376   -25.074     0.104   263.429   267.058    55.348   963.141   106.625   206.507
   107.000     2.986     2.988    14.686    16.375   -25.033     0.097   263.428   266.954    55.367   963.120   106.875   206.502
   107.250     2.986     2.978    14.682    16.373   -24.984     0.094   263.427   266.671    55.389   963.135   107.125   206.495
   107.500     2.989     2.963    14.680    16.371   -24.937     0.096   263.425   266.272    55.398   963.133   107.375   206.492
   107.750     3.037     2.966    14.677    16.368   -24.904     0.109   263.424   265.910    55.398   963.138   107.625   206.495
   108.000     3.016     2.996    14.677    16.365   -24.932     0.132   263.422   265.935    55.394   963.124   107.875   206.497
   108.250     3.110     2.993    14.674    16.361   -24.996     0.138   263.417   265.955    55.381   963.090   108.125   206.489
   108.500     3.081     2.990    14.672    16.359   -25.049     0.141   263.412   266.093    55.373   963.074   108.375   206.485
   108.750     3.066     2.971    14.669    16.357   -25.088     0.144   263.409   266.081    55.367   963.089   108.625   206.487
   109.000     3.068     2.986    14.668    16.355   -25.111     0.141   263.407   265.713    55.361   963.076   108.875   206.487
   109.250     3.018     2.970    14.666    16.353   -25.132     0.139   263.405   266.237    55.362   963.077   109.125   206.485
   109.500     3.021     2.987    14.666    16.351   -25.142     0.131   263.404   266.426    55.358   963.057   109.375   206.486
   109.750     3.005     2.989    14.663    16.348   -25.142     0.123   263.403   266.406    55.365   963.057   109.625   206.482
   110.000     2.960     2.958    14.660    16.346   -25.124     0.117   263.402   266.311    55.379   963.060   109.875   206.475
   110.250     2.980     2.993    14.658    16.342   -25.090     0.117   263.404   265.973    55.381   963.045   110.125   206.473
   110.500     2.980     2.992    14.653    16.339   -25.068     0.121   263.404   266.063    55.383   963.069   110.375   206.472
   110.750     3.000     2.993    14.649    16.335   -25.068     0.125   263.403   265.925    55.379   963.060   110.625   206.466
   111.000     3.016     2.976    14.643    16.331   -25.083     0.129   263.401   265.999    55.375   963.084   110.875   206.460
   111.250     3.033     2.989    14.641    16.328   -25.104     0.132   263.399   266.106    55.366   963.063   111.125   206.458
   111.500     3.030     2.987    14.638    16.325   -25.126     0.134   263.397   266.098    55.359   963.061   111.375   206.455
   111.750     3.018     2.987    14.636    16.323   -25.147     0.133   263.395   266.180    55.358   963.059   111.625   206.450
   112.000     3.019     2.986    14.633    16.320   -25.159     0.130   263.395   266.235    55.355   963.063   111.875   206.450
   112.250     3.019     2.972    14.629    16.317   -25.165     0.126   263.394   266.363    55.355   963.092   112.125   206.450
   112.500     3.017     2.987    14.627    16.315   -25.162     0.123   263.393   266.215    55.352   963.077   112.375   206.451
   112.750     2.988     2.986    14.624    16.312   -25.158     0.122   263.391   266.281    55.358   963.085   112.625   206.450
   113.000     3.002     2.988    14.621    16.308   -25.155     0.122   263.391   266.095    55.355   963.081   112.875   206.447
   113.250     2.996     2.988    14.618    16.305   -25.156     0.123   263.390   266.179    55.351   963.087   113.125   206.445
   113.500     2.982     2.988    14.615    16.301   -25.165     0.123   263.389   266.154    55.348   963.070   113.375   206.438
   113.750     3.003     2.986    14.610    16.298   -25.164     0.125   263.389   266.003    55.353   963.104   113.625   206.435
   114.000     3.013     2.987    14.606    16.294   -25.171     0.127   263.387   266.151    55.346   963.105   113.875   206.435
   114.250     2.995     2.987    14.603    16.291   -25.185     0.128   263.387   265.989    55.345   963.093   114.125   206.428
   114.500     3.002     2.971    14.599    16.288   -25.195     0.129   263.386   266.016    55.346   963.115   114.375   206.426
   114.750     3.006     2.971    14.596    16.285   -25.201     0.130   263.385   265.914    55.341   963.118   114.625   206.426
   115.000     2.996     2.954    14.592    16.282   -25.210     0.130   263.384   265.964    55.340   963.123   114.875   206.424
   115.250     3.020     2.984    14.590    16.278   -25.221     0.129   263.382   266.054    55.333   963.109   115.125   206.422
   115.500     2.997     2.984    14.587    16.275   -25.232     0.128   263.381   266.134    55.331   963.108   115.375   206.417
   115.750     2.982     2.970    14.583    16.272   -25.237     0.126   263.381   265.985    55.336   963.119   115.625   206.410
   116.000     2.998     2.985    14.581    16.269   -25.232     0.125   263.381   265.994    55.333   963.112   115.875   206.410
   116.250     2.972     2.970    14.577    16.266   -25.232     0.126   263.380   266.021    55.338   963.118   116.125   206.403
   116.500     2.997     2.970    14.573    16.263   -25.235     0.127   263.379   266.045    55.335   963.127   116.375   206.401
   116.750     2.999     2.984    14.570    16.260   -25.240     0.128   263.379   266.031    55.330   963.111   116.625   206.398
   117.000     2.996     2.984    14.567    16.257   -25.249     0.128   263.378   265.992    55.328   963.107   116.875   206.393
   117.250     3.002     2.982    14.563    16.254   -25.258     0.127   263.377   265.934    55.329   963.127   117.125   206.389
   117.500     3.001     2.968    14.560    16.250   -25.262     0.128   263.377   265.984    55.324   963.140   117.375   206.390
   117.750     3.002     2.981    14.557    16.248   -25.270     0.128   263.375   265.958    55.324   963.137   117.625   206.386
   118.000     2.998     2.980    14.554    16.245   -25.280     0.127   263.374   265.963    55.320   963.137   117.875   206.382
   118.250     2.995     2.982    14.551    16.241   -25.283     0.125   263.374   265.461    55.320   963.135   118.125   206.378
   118.500     2.976     2.950    14.547    16.238   -25.283     0.126   263.373   265.889    55.320   963.146   118.375   206.377
   118.750     3.003     2.980    14.545    16.236   -25.285     0.126   263.373   265.394    55.319   963.138   118.625   206.373
   119.000     2.997     2.967    14.541    16.232   -25.289     0.126   263.372   265.924    55.315   963.160   118.875   206.374
   119.250     2.997     2.966    14.538    16.229   -25.296     0.127   263.370   266.061    55.311   963.159   119.125   206.371
   119.500     3.011     2.980    14.535    16.226   -25.307     0.126   263.369   266.010    55.308   963.163   119.375   206.369
   119.750     2.984     2.978    14.532    16.223   -25.315     0.124   263.368   265.932    55.308   963.162   119.625   206.364
   120.000     2.979     2.966    14.529    16.220   -25.316     0.124   263.368   265.895    55.310   963.162   119.875   206.358
   120.250     2.985     2.949    14.525    16.217   -25.314     0.125   263.368   265.775    55.308   963.171   120.125   206.359
   120.500     3.004     2.966    14.522    16.214   -25.314     0.126   263.367   265.851    55.304   963.181   120.375   206.359
   120.750     2.992     2.965    14.519    16.211   -25.324     0.127   263.366   265.921    55.303   963.180   120.625   206.355
   121.000     3.000     2.979    14.517    16.209   -25.337     0.127   263.364   265.962    55.298   963.158   120.875   206.350
   121.250     2.988     2.979    14.514    16.206   -25.345     0.126   263.363   265.895    55.299   963.151   121.125   206.344
   121.500     2.993     2.979    14.511    16.203   -25.348     0.125   263.363   265.747    55.296   963.161   121.375   206.343
   121.750     2.991     2.964    14.507    16.199   -25.349     0.126   263.363   265.835    55.296   963.186   121.625   206.341
   122.000     2.990     2.964    14.504    16.197   -25.355     0.126   263.361   266.017    55.293   963.185   121.875   206.339
   122.250     2.992     2.963    14.501    16.194   -25.362     0.126   263.361   265.786    55.290   963.192   122.125   206.336
   122.500     3.002     2.976    14.498    16.191   -25.369     0.125   263.360   265.943    55.288   963.198   122.375   206.336
   122.750     2.984     2.977    14.496    16.188   -25.376     0.124   263.359   265.941    55.287   963.173   122.625   206.329
   123.000     2.980     2.963    14.492    16.185   -25.381     0.123   263.358   265.889    55.289   963.194   122.875   206.325
   123.250     2.978     2.978    14.491    16.182   -25.382     0.123   263.358   265.795    55.283   963.164   123.125   206.322
   123.500     2.989     2.978    14.487    16.179   -25.380     0.125   263.357   265.932    55.287   963.175   123.375   206.319
   123.750     2.977     2.979    14.485    16.176   -25.386     0.126   263.357   265.796    55.280   963.161   123.625   206.316
   124.000     3.009     2.977    14.480    16.173   -25.392     0.127   263.356   265.823    55.282   963.188   123.875   206.315
   124.250     2.989     2.976    14.477    16.170   -25.405     0.127   263.354   265.848    55.280   963.184   124.125   206.309
   124.500     2.985     2.976    14.475    16.168   -25.413     0.125   263.354   265.748    55.278   963.179   124.375   206.305
   124.750     2.985     2.961    14.471    16.165   -25.416     0.125   263.353   265.779    55.281   963.202   124.625   206.302
   125.000     2.996     2.974    14.468    16.162   -25.415     0.126   263.353   265.304    55.276   963.204   124.875   206.302
   125.250     2.982     2.961    14.465    16.159   -25.423     0.127   263.351   265.902    55.275   963.208   125.125   206.298
   125.500     2.992     2.960    14.461    16.156   -25.433     0.125   263.351   265.882    55.273   963.210   125.375   206.297
   125.750     2.986     2.960    14.458    16.153   -25.437     0.124   263.350   265.799    55.272   963.220   125.625   206.295
   126.000     2.996     2.973    14.455    16.151   -25.439     0.123   263.349   265.804    55.271   963.223   125.875   206.294
   126.250     2.985     2.974    14.453    16.148   -25.442     0.123   263.349   265.822    55.266   963.212   126.125   206.290
   126.500     2.978     2.974    14.451    16.145   -25.446     0.122   263.348   265.874    55.266   963.209   126.375   206.285
   126.750     2.966     2.975    14.449    16.142   -25.448     0.123   263.347   265.796    55.261   963.192   126.625   206.281
   127.000     2.978     2.943    14.444    16.139   -25.447     0.124   263.347   265.735    55.269   963.224   126.875   206.276
   127.250     2.998     2.972    14.441    16.136   -25.455     0.126   263.346   265.759    55.264   963.230   127.125   206.277
   127.500     2.997     2.959    14.438    16.133   -25.465     0.126   263.345   265.822    55.261   963.234   127.375   206.274
   127.750     2.992     2.958    14.435    16.131   -25.474     0.126   263.344   265.749    55.258   963.242   127.625   206.272
   128.000     2.983     2.972    14.433    16.128   -25.481     0.125   263.343   265.642    55.257   963.223   127.875   206.269
   128.250     2.986     2.958    14.429    16.125   -25.487     0.124   263.342   265.775    55.257   963.244   128.125   206.267
   128.500     2.986     2.972    14.427    16.123   -25.490     0.124   263.342   265.689    55.256   963.224   128.375   206.263
   128.750     2.972     2.958    14.424    16.120   -25.490     0.124   263.341   265.793    55.257   963.235   128.625   206.260
   129.000     2.973     2.941    14.421    16.117   -25.493     0.125   263.341   265.679    55.254   963.249   128.875   206.258
   129.250     2.997     2.972    14.419    16.114   -25.498     0.125   263.340   265.685    55.249   963.235   129.125   206.257
   129.500     2.979     2.957    14.415    16.112   -25.508     0.124   263.339   265.739    55.251   963.253   129.375   206.253
   129.750     2.984     2.957    14.412    16.109   -25.511     0.123   263.338   265.806    55.251   963.255   129.625   206.249
   130.000     2.982     2.971    14.410    16.106   -25.512     0.124   263.338   265.726    55.246   963.243   129.875   206.248
   130.250     2.979     2.970    14.407    16.104   -25.517     0.124   263.338   265.102    55.247   963.249   130.125   206.243
   130.500     2.977     2.969    14.404    16.101   -25.522     0.125   263.336   265.728    55.245   963.261   130.375   206.243
   130.750     2.984     2.956    14.401    16.098   -25.531     0.125   263.335   265.736    55.245   963.265   130.625   206.237
   131.000     2.983     2.969    14.398    16.096   -25.537     0.124   263.335   265.638    55.245   963.258   130.875   206.234
   131.250     2.975     2.956    14.396    16.093   -25.538     0.124   263.334   265.732    55.243   963.258   131.125   206.231
   131.500     2.985     2.969    14.393    16.090   -25.540     0.124   263.334   265.634    55.241   963.266   131.375   206.232
   131.750     2.973     2.969    14.390    16.088   -25.546     0.124   263.333   265.660    55.237   963.263   131.625   206.230
   132.000     3.001     2.968    14.387    16.085   -25.551     0.124   263.332   265.588    55.235   963.280   131.875   206.228
   132.250     2.979     2.969    14.385    16.082   -25.559     0.123   263.331   265.742    55.231   963.263   132.125   206.225
   132.500     2.966     2.969    14.384    16.080   -25.569     0.122   263.330   265.573    55.227   963.244   132.375   206.221
   132.750     2.979     2.968    14.380    16.077   -25.569     0.121   263.330   265.567    55.236   963.268   132.625   206.215
   133.000     2.981     2.968    14.376    16.074   -25.564     0.122   263.329   265.631    55.233   963.283   132.875   206.217
   133.250     2.973     2.969    14.374    16.071   -25.567     0.123   263.328   265.579    55.230   963.271   133.125   206.213
   133.500     2.977     2.967    14.370    16.069   -25.577     0.123   263.328   265.586    55.231   963.284   133.375   206.208
   133.750     2.969     2.954    14.367    16.066   -25.583     0.124   263.327   265.539    55.230   963.282   133.625   206.203
   134.000     2.988     2.968    14.366    16.064   -25.585     0.124   263.326   265.517    55.225   963.269   133.875   206.204
   134.250     2.976     2.968    14.363    16.061   -25.594     0.125   263.325   265.614    55.225   963.264   134.125   206.199
   134.500     2.984     2.967    14.360    16.059   -25.600     0.124   263.325   265.632    55.223   963.270   134.375   206.197
   134.750     2.973     2.965    14.357    16.056   -25.606     0.124   263.324   265.480    55.225   963.284   134.625   206.194
   135.000     2.982     2.965    14.354    16.054   -25.612     0.124   263.323   265.560    55.224   963.284   134.875   206.188
   135.250     2.967     2.952    14.351    16.051   -25.612     0.124   263.323   265.527    55.224   963.290   135.125   206.186
   135.500     2.979     2.952    14.349    16.048   -25.615     0.125   263.322   265.715    55.221   963.289   135.375   206.185
   135.750     2.985     2.964    14.346    16.046   -25.626     0.124   263.321   265.582    55.219   963.293   135.625   206.181
   136.000     2.963     2.952    14.344    16.043   -25.632     0.122   263.321   265.563    55.221   963.290   135.875   206.176
   136.250     2.968     2.952    14.341    16.041   -25.631     0.121   263.320   265.538    55.223   963.287   136.125   206.172
   136.500     2.978     2.966    14.339    16.038   -25.628     0.122   263.320   265.464    55.217   963.277   136.375   206.173
   136.750     2.974     2.966    14.336    16.036   -25.632     0.123   263.319   265.587    55.218   963.274   136.625   206.168
   137.000     2.975     2.966    14.334    16.033   -25.638     0.123   263.319   265.471    55.216   963.275   136.875   206.165
   137.250     2.973     2.966    14.331    16.031   -25.644     0.123   263.318   265.591    55.216   963.271   137.125   206.161
   137.500     2.975     2.951    14.328    16.028   -25.650     0.124   263.317   265.606    55.216   963.286   137.375   206.157
   137.750     2.986     2.950    14.324    16.026   -25.654     0.124   263.316   265.592    55.211   963.307   137.625   206.160
   138.000     2.980     2.950    14.322    16.023   -25.661     0.123   263.315   265.616    55.209   963.308   137.875   206.156
   138.250     2.980     2.964    14.320    16.020   -25.668     0.122   263.314   265.584    55.204   963.289   138.125   206.153
   138.500     2.975     2.949    14.317    16.018   -25.673     0.122   263.314   265.664    55.204   963.320   138.375   206.151
   138.750     2.968     2.949    14.315    16.015   -25.676     0.121   263.313   265.607    55.203   963.317   138.625   206.149
   139.000     2.983     2.962    14.312    16.013   -25.679     0.120   263.312   265.562    55.202   963.326   138.875   206.147
   139.250     2.965     2.962    14.309    16.010   -25.679     0.119   263.312   265.517    55.203   963.323   139.125   206.144
   139.500     2.957     2.964    14.309    16.008   -25.679     0.120   263.312   265.460    55.197   963.299   139.375   206.142
   139.750     2.979     2.950    14.304    16.005   -25.678     0.121   263.311   265.552    55.202   963.337   139.625   206.141
   140.000     2.975     2.949    14.301    16.003   -25.685     0.122   263.310   265.603    55.200   963.327   139.875   206.138
   140.250     2.984     2.963    14.299    16.000   -25.696     0.123   263.309   265.601    55.194   963.319   140.125   206.136
   140.500     2.973     2.948    14.296    15.998   -25.705     0.122   263.308   265.568    55.196   963.339   140.375   206.131
   140.750     2.969     2.948    14.293    15.995   -25.710     0.121   263.307   265.485    55.195   963.338   140.625   206.129
   141.000     2.975     2.962    14.292    15.993   -25.712     0.121   263.307   265.552    55.191   963.321   140.875   206.126
   141.250     2.963     2.963    14.290    15.991   -25.714     0.122   263.306   265.555    55.191   963.318   141.125   206.123
   141.500     2.974     2.962    14.287    15.988   -25.716     0.123   263.306   265.508    55.190   963.329   141.375   206.121
   141.750     2.961     2.948    14.283    15.986   -25.725     0.123   263.305   265.530    55.192   963.340   141.625   206.117
   142.000     2.974     2.947    14.281    15.983   -25.729     0.123   263.304   265.562    55.188   963.349   141.875   206.116
   142.250     2.977     2.947    14.278    15.981   -25.734     0.122   263.304   265.420    55.186   963.354   142.125   206.114
   142.500     2.981     2.959    14.275    15.978   -25.738     0.122   263.304   265.372    55.181   963.362   142.375   206.114
   142.750     2.967     2.946    14.272    15.975   -25.744     0.121   263.303   265.430    55.179   963.373   142.625   206.113
   143.000     2.970     2.960    14.271    15.973   -25.748     0.119   263.302   265.466    55.176   963.356   142.875   206.111
   143.250     2.959     2.946    14.268    15.971   -25.747     0.119   263.301   265.529    55.178   963.368   143.125   206.106
   143.500     2.963     2.961    14.266    15.968   -25.747     0.119   263.301   265.356    55.178   963.358   143.375   206.103
   143.750     2.962     2.961    14.264    15.966   -25.747     0.121   263.301   265.361    55.177   963.352   143.625   206.101
   144.000     2.968     2.946    14.260    15.963   -25.751     0.122   263.300   265.443    55.177   963.379   143.875   206.100
   144.250     2.972     2.945    14.257    15.961   -25.762     0.123   263.299   265.479    55.175   963.377   144.125   206.095
   144.500     2.969     2.943    14.255    15.959   -25.774     0.121   263.299   265.461    55.172   963.383   144.375   206.093
   144.750     2.984     2.959    14.254    15.957   -25.785     0.119   263.298   265.642    55.167   963.375   144.625   206.091
   145.000     2.978     2.957    14.251    15.955   -25.791     0.115   263.297   265.487    55.169   963.386   144.875   206.089
   145.250     2.951     2.947    14.249    15.952   -25.781     0.114   263.296   265.333    55.176   963.380   145.125   206.085
   145.500     2.952     2.962    14.248    15.950   -25.769     0.117   263.295   265.388    55.177   963.357   145.375   206.082
   145.750     2.942     2.930    14.244    15.947   -25.769     0.120   263.296   264.826    55.179   963.369   145.625   206.077
   146.000     2.976     2.958    14.241    15.944   -25.779     0.125   263.295   265.151    55.176   963.371   145.875   206.073
   146.250     2.955     2.943    14.238    15.942   -25.797     0.126   263.294   265.333    55.173   963.365   146.125   206.068
   146.500     2.983     2.942    14.235    15.940   -25.817     0.125   263.294   265.291    55.166   963.388   146.375   206.067
   146.750     2.996     2.954    14.233    15.938   -25.823     0.121   263.294   265.540    55.160   963.401   146.625   206.069
   147.000     2.978     2.955    14.231    15.936   -25.823     0.118   263.292   265.556    55.160   963.402   146.875   206.069
   147.250     2.948     2.925    14.229    15.934   -25.819     0.117   263.291   265.602    55.160   963.405   147.125   206.067
   147.500     2.975     2.944    14.227    15.931   -25.816     0.117   263.291   265.317    55.164   963.396   147.375   206.062
   147.750     2.961     2.959    14.226    15.929   -25.814     0.118   263.290   265.420    55.163   963.375   147.625   206.059
   148.000     2.946     2.927    14.222    15.926   -25.815     0.120   263.290   264.916    55.163   963.391   147.875   206.055
   148.250     2.972     2.958    14.220    15.924   -25.818     0.123   263.290   265.236    55.160   963.381   148.125   206.053
   148.500     2.961     2.957    14.217    15.922   -25.831     0.125   263.289   265.391    55.160   963.383   148.375   206.048
   148.750     2.971     2.940    14.214    15.919   -25.851     0.122   263.289   265.389    55.154   963.409   148.625   206.048
   149.000     2.993     2.952    14.211    15.918   -25.864     0.118   263.287   265.594    55.151   963.421   148.875   206.047
   149.250     2.977     2.954    14.209    15.916   -25.865     0.112   263.286   265.580    55.150   963.425   149.125   206.047
   149.500     2.950     2.959    14.209    15.913   -25.849     0.111   263.285   265.575    55.154   963.404   149.375   206.044
   149.750     2.940     2.945    14.206    15.911   -25.832     0.114   263.286   265.036    55.159   963.404   149.625   206.041
   150.000     2.942     2.927    14.203    15.908   -25.831     0.118   263.285   265.152    55.164   963.411   149.875   206.035
