  1000.000     5.011     3.449     0.000     0.650    -1.528    -1.066     2.681     0.000     0.000     0.000     0.000     0.000     0.000   294.449     0.000   0.00E+00    -0.907     0.298   278.137
   950.000     0.924     3.270     0.001     0.819     1.004    -1.398     0.260     0.000    17.858     0.000   -12.287     0.000     0.000   294.435     0.000   0.75E-08    -1.254     0.333   274.099
   900.000    -2.872     2.439    -0.182     0.746     1.397    -1.423     0.000     0.000    17.855    -0.000   -14.018     0.000     2.170   291.586     0.000   0.12E-01    -0.416     0.356   270.102
   850.000    -6.371     1.668     0.334     0.671     1.471    -1.499     0.000     0.000    16.577    -2.167   -10.269     2.539     2.188   289.868     0.051   0.32E+00     0.183     0.390   267.166
   800.000    -9.914     1.066     0.574     0.557     1.589    -1.619     0.000     0.000    15.107    -2.188    -7.728     2.573     1.112   288.903     0.016   0.29E+00     0.651     0.422   263.931
   750.000   -13.584     0.622     0.541     0.412     1.578    -1.609     0.000     0.000    14.143    -1.109    -6.462     1.960     0.402   289.099     0.002   0.18E+00     0.908     0.447   260.349
   700.000   -17.556     0.341     0.363     0.297     1.462    -1.495     0.000     0.000    13.894    -0.364    -5.615     1.764     0.370   288.841     0.001   0.13E+00     0.923     0.461   256.371
   650.000   -21.920     0.169     0.156     0.223     1.297    -1.331     0.000     0.000    13.682    -0.329    -4.674     1.604     0.323   289.379     0.001   0.10E+00     0.792     0.465   251.944
   600.000   -26.733     0.096    -0.036     0.182     1.080    -1.117     0.000     0.000    13.572    -0.282    -3.701     1.589     0.307   290.204     0.001   0.86E-01     0.599     0.459   247.018
   550.000   -32.081     0.043    -0.166     0.167     0.834    -0.874     0.000     0.000    13.594    -0.273    -2.709     1.720     0.179   291.022     0.002   0.77E-01     0.414     0.440   241.549
   500.000   -38.049     0.027    -0.209     0.202     0.691    -0.734     0.000     0.000    14.014    -0.158    -1.701     2.000     0.017   291.442     0.006   0.49E-01     0.252     0.408   235.496
   450.000   -44.806     0.026    -0.199     0.353     0.688    -0.735     0.000     0.000    15.310     0.000    -0.817     2.764     0.120   291.576     0.050   0.11E+00     0.108     0.365   228.818
   400.000   -52.222     0.021    -0.213     0.605     0.561    -0.612     0.000     0.000    15.041     0.000    -0.281     2.639     1.933   292.147     0.159   0.11E+00     0.039     0.314   221.458
   350.000   -60.355     0.015    -0.228     0.728     0.459    -0.514     0.000     0.000    10.381     0.000    -0.076     2.516     6.356   292.364     0.121   0.33E-01     0.006     0.240   213.321
   300.000   -69.288     0.006    -0.354     0.990     0.193    -0.252     0.000     0.000     1.655     0.000    -0.008     0.313     8.975   292.577     0.412   0.11E-01     0.000     0.147   204.252
   250.000   -74.097     0.003    -3.738     1.005     0.020    -0.072     0.000     0.000     0.040     0.000    -0.000     0.000     1.615   296.401     0.264   0.11E-02    -0.000     0.041   193.834
   200.000   -72.811     0.001    -4.000     0.169    -0.003    -0.027     0.000     0.000     0.000     0.000    -0.000     0.000     0.040   309.589     0.000   0.13E-04    -0.000     0.003   181.165
   150.000   -73.841     0.001    -4.000     0.141     0.000    -0.005     0.000     0.000     0.000     0.000     0.000     0.000     0.000   324.720     0.000   0.88E-10    -0.000     0.000   164.876
   100.000   -72.938     0.001    -4.000     0.083     0.000     0.000     0.000     0.000     0.000     0.000     0.000     0.000     0.000   347.767     0.000   0.00E+00     0.000     0.000   142.065
    80.000   -70.384     0.001    -4.000     0.048     0.000     0.005     0.000     0.000     0.000     0.000     0.000     0.000     0.000   363.391     0.000   0.00E+00     0.000     0.000     0.000
    60.000   -63.966     0.001     0.000     0.016     0.000     0.018     0.000     0.000     0.000     0.000     0.000     0.000     0.000   386.317     0.000   0.00E+00     0.000     0.000     0.000
    40.000   -55.352     0.001     0.000     0.004     0.000     0.035     0.000     0.000     0.000     0.000     0.000     0.000     0.000   418.784     0.000   0.00E+00     0.000     0.000     0.000
    30.000   -48.910     0.001     0.000     0.001     0.000     0.048     0.000     0.000     0.000     0.000     0.000     0.000     0.000   442.911     0.000   0.00E+00     0.000     0.000     0.000
    25.000   -37.511     0.001     0.000     0.000     0.000     0.072     0.000     0.000     0.000     0.000     0.000     0.000     0.000   465.805     0.000   0.00E+00    -0.001     0.000     0.000
