  1000.000     8.664     4.669    -0.000     0.715    -1.642    -1.510     2.861     0.000     0.000     0.000     0.000     0.000     0.000   311.597     0.000   0.00E+00    -1.256     0.372   281.811
   950.000     4.565     4.506     0.001     0.894     2.287    -1.671    -0.492     0.000    12.972     0.000   -11.121     0.000     0.000   311.591     0.000   0.00E+00    -2.336     0.410   277.720
   900.000     1.134     3.380    -0.342     0.747     1.521    -1.615     0.000     0.000    12.963     0.000    -7.645     0.000     1.759   307.171     0.000   0.31E-01    -0.696     0.435   273.820
   850.000    -2.467     2.579     0.167     0.690     1.435    -1.535     0.000     0.000    12.075    -1.750    -8.030     1.969     1.376   304.867     0.014   0.89E-01     0.078     0.465   271.070
   800.000    -5.867     1.687     0.414     0.604     1.467    -1.572     0.000     0.000    11.087    -1.376    -7.055     1.651     0.386   303.231     0.009   0.25E+00     0.708     0.495   268.076
   750.000    -9.291     0.966     0.402     0.498     1.467    -1.576     0.000     0.000    10.759    -0.381    -6.634     1.301     0.098   302.272     0.002   0.18E+00     1.089     0.521   264.752
   700.000   -13.021     0.517     0.276     0.409     1.424    -1.536     0.000     0.000    10.838    -0.015    -6.420     1.254     0.105   302.093     0.001   0.15E+00     1.220     0.543   261.038
   650.000   -17.222     0.269     0.115     0.340     1.322    -1.440     0.000     0.000    10.920    -0.019    -6.078     1.188     0.103   302.467     0.001   0.11E+00     1.190     0.558   256.871
   600.000   -21.933     0.139    -0.086     0.290     1.181    -1.306     0.000     0.000    11.042    -0.022    -5.236     1.220     0.104   303.179     0.001   0.11E+00     1.014     0.567   252.183
   550.000   -27.197     0.074    -0.255     0.269     1.031    -1.164     0.000     0.000    11.271    -0.023    -4.130     1.354     0.086   304.157     0.002   0.14E+00     0.753     0.563   246.905
   500.000   -33.061     0.042    -0.275     0.303     0.977    -1.121     0.000     0.000    11.683    -0.017    -2.903     1.526     0.059   305.105     0.006   0.79E-01     0.486     0.539   240.975
   450.000   -39.604     0.028    -0.175     0.406     1.025    -1.181     0.000     0.000    11.857     0.000    -1.652     1.665     0.583   305.869     0.057   0.24E+00     0.275     0.497   234.338
   400.000   -46.930     0.022    -0.098     0.527     0.938    -1.106     0.000     0.000    11.758     0.000    -0.726     1.902     1.262   306.358     0.128   0.24E+00     0.141     0.431   226.934
   350.000   -55.133     0.019    -0.084     0.658     0.751    -0.933     0.000     0.000    11.317     0.000    -0.245     2.487     2.361   306.806     0.166   0.14E+00     0.045     0.351   218.681
   300.000   -64.319     0.013    -0.116     0.845     0.519    -0.716     0.000     0.000     5.425     0.000    -0.060     1.154     6.780   307.220     0.263   0.61E-01     0.006     0.267   209.438
   250.000   -72.427     0.005    -0.732     1.092     0.236    -0.431     0.000     0.000     0.854     0.000    -0.001     0.146     4.663   308.121     0.497   0.19E-01    -0.000     0.148   198.892
   200.000   -69.544     0.001    -4.000     0.404     0.001    -0.110     0.000     0.000     0.000     0.000    -0.000     0.000     0.854   316.506     0.048   0.89E-03    -0.000     0.038   186.058
   150.000   -69.992     0.001    -4.000     0.119     0.000    -0.025     0.000     0.000     0.000     0.000    -0.000     0.000     0.000   332.167     0.000   0.30E-07    -0.000     0.000   169.477
   100.000   -68.748     0.001    -4.000     0.060     0.000     0.029     0.000     0.000     0.000     0.000     0.000     0.000     0.000   355.196     0.000   0.00E+00     0.000     0.000   146.204
    80.000   -65.741     0.001    -4.000     0.037     0.000     0.049     0.000     0.000     0.000     0.000     0.000     0.000     0.000   370.180     0.000   0.00E+00     0.000     0.000     0.000
    60.000   -58.369     0.001     0.000     0.013     0.000     0.099     0.000     0.000     0.000     0.000     0.000     0.000     0.000   393.610     0.000   0.00E+00     0.000     0.000     0.000
    40.000   -48.649     0.001     0.000     0.004     0.000     0.163     0.000     0.000     0.000     0.000     0.000     0.000     0.000   427.440     0.000   0.00E+00     0.000     0.000     0.000
    30.000   -41.142     0.001     0.000     0.002     0.000     0.213     0.000     0.000     0.000     0.000     0.000     0.000     0.000   453.050     0.000   0.00E+00     0.000     0.000     0.000
    25.000   -26.425     0.001     0.000     0.000     0.000     0.311     0.000     0.000     0.000     0.000     0.000     0.000     0.000   479.846     0.000   0.00E+00    -0.001     0.000     0.000
