  1000.000    18.396    10.049     0.000     0.782    -1.850    -1.957     3.087     0.000     0.000     0.000     0.000     0.000     0.000   352.559     0.000   0.00E+00    -2.177     0.584   291.571
   950.000    14.223     9.818     0.001     0.965     3.437    -1.575    -1.394     0.000     9.691     0.000   -11.581     0.000     0.000   352.539     0.000   0.00E+00    -5.285     0.626   287.345
   900.000    11.882     7.367    -0.286     0.811     1.750    -1.879     0.000     0.000     9.691     0.000    -5.391     0.000     1.089   345.364     0.000   0.66E-01    -2.585     0.654   284.467
   850.000     8.909     5.878     0.112     0.770     1.557    -1.688     0.000     0.000     8.870    -1.089    -6.048     1.162     0.388   341.745     0.002   0.11E+00    -1.503     0.695   282.094
   800.000     5.884     4.533     0.175     0.716     1.545    -1.678     0.000     0.000     8.324    -0.388    -5.285     0.755     0.391   339.041     0.002   0.17E+00    -0.604     0.728   279.525
   750.000     2.743     3.508     0.127     0.669     1.513    -1.647     0.000     0.000     8.010    -0.084    -5.007     0.694     0.369   337.231     0.002   0.20E+00    -0.032     0.755   276.724
   700.000    -0.796     2.574     0.068     0.634     1.505    -1.642     0.000     0.000     7.789     0.000    -4.865     0.689     0.358   336.111     0.001   0.17E+00     0.326     0.772   273.648
   650.000    -4.043     1.694     0.030     0.600     1.508    -1.644     0.000     0.000     7.571     0.000    -4.959     0.692     0.348   335.254     0.000   0.12E+00     0.606     0.778   270.415
   600.000    -7.639     1.062    -0.062     0.560     1.523    -1.659     0.000     0.000     7.406     0.000    -4.643     0.688     0.295   334.727     0.000   0.10E+00     0.791     0.777   266.756
   550.000   -11.803     0.654    -0.153     0.525     1.550    -1.687     0.000     0.000     7.302     0.000    -4.151     0.706     0.243   334.656     0.000   0.90E-01     0.825     0.768   262.541
   500.000   -16.792     0.434    -0.191     0.505     1.628    -1.770     0.000     0.000     7.252     0.000    -3.497     0.711     0.205   334.972     0.001   0.84E-01     0.741     0.750   257.629
   450.000   -22.912     0.413    -0.162     0.488     1.739    -1.890     0.000     0.000     6.702     0.000    -2.647     0.645     0.727   335.476     0.018   0.32E+00     0.686     0.720   251.851
   400.000   -30.230     0.276    -0.121     0.440     1.745    -1.909     0.000     0.000     6.334     0.000    -1.718     0.605     0.572   336.208     0.020   0.33E+00     0.648     0.663   245.026
   350.000   -38.439     0.139    -0.022     0.431     1.798    -1.976     0.000     0.000     5.836     0.000    -0.919     0.615     0.767   337.485     0.030   0.27E+00     0.466     0.609   236.976
   300.000   -47.741     0.063    -0.067     0.397     1.507    -1.700     0.000     0.000     5.579     0.000    -0.465     0.753     0.702   338.707     0.036   0.20E+00     0.345     0.530   227.537
   250.000   -58.763     0.031    -0.069     0.533     1.223    -1.434     0.000     0.000     4.719     0.000    -0.177     0.800     1.405   340.319     0.093   0.13E+00     0.158     0.453   216.530
   200.000   -69.382     0.005    -0.144     0.722     0.771    -0.985     0.000     0.000     2.134     0.000    -0.045     0.336     2.807   341.939     0.233   0.66E-01     0.038     0.371   203.510
   150.000   -67.997     0.001    -4.000     0.654     0.373    -0.491     0.000     0.000     0.449     0.000    -0.002     0.061     1.716   347.838     0.210   0.20E-01    -0.000     0.227   186.836
   100.000   -65.501     0.001    -4.000     0.338     0.013     0.008     0.000     0.000     0.000     0.000    -0.000     0.000     0.449   365.606     0.055   0.14E-02    -0.000     0.070   163.238
    80.000   -62.185     0.001    -4.000     0.028     0.000     0.073     0.000     0.000     0.000     0.000     0.000     0.000     0.000   382.856     0.000   0.00E+00     0.000     0.000     0.000
    60.000   -55.081     0.001     0.000     0.010     0.000     0.121     0.000     0.000     0.000     0.000     0.000     0.000     0.000   407.043     0.000   0.00E+00     0.000     0.000     0.000
    40.000   -45.956     0.001     0.000     0.003     0.000     0.181     0.000     0.000     0.000     0.000     0.000     0.000     0.000   440.421     0.000   0.00E+00     0.000     0.000     0.000
    30.000   -39.333     0.001     0.000     0.001     0.000     0.226     0.000     0.000     0.000     0.000     0.000     0.000     0.000   465.448     0.000   0.00E+00     0.000     0.000     0.000
    25.000   -26.875     0.001     0.000     0.000     0.000     0.308     0.000     0.000     0.000     0.000     0.000     0.000     0.000   490.571     0.000   0.00E+00    -0.001     0.000     0.000
