  1000.000     3.060     3.008     0.000     0.640    -1.402    -0.971     2.632     0.000     0.000     0.000     0.000     0.000     0.000   290.722     0.000   0.00E+00    -0.727     0.276   276.167
   950.000    -1.037     2.849     0.001     0.811     0.472    -1.438     0.660     0.000    19.191     0.000   -14.654     0.000     0.000   290.729     0.000   0.00E+00    -1.086     0.308   272.157
   900.000    -4.812     2.026    -0.087     0.733     1.427    -1.453     0.000     0.000    19.187     0.000   -14.006     0.000     2.126   287.786     0.003   0.65E-01    -0.314     0.337   268.286
   850.000    -8.364     1.350     0.376     0.647     1.489    -1.517     0.000     0.000    17.882    -2.122   -10.123     2.583     2.280   286.396     0.043   0.28E+00     0.220     0.370   265.247
   800.000   -12.014     0.848     0.587     0.538     1.583    -1.612     0.000     0.000    16.406    -2.280    -7.419     2.763     1.526   285.458     0.016   0.26E+00     0.602     0.401   261.904
   750.000   -15.796     0.453     0.562     0.400     1.565    -1.596     0.000     0.000    15.105    -1.524    -5.950     2.151     0.614   285.651     0.003   0.17E+00     0.815     0.423   258.213
   700.000   -19.787     0.236     0.380     0.286     1.460    -1.493     0.000     0.000    14.629    -0.585    -4.877     1.866     0.496   285.475     0.001   0.13E+00     0.806     0.433   254.128
   650.000   -24.249     0.130     0.179     0.214     1.309    -1.344     0.000     0.000    14.307    -0.458    -3.960     1.723     0.417   286.180     0.002   0.10E+00     0.680     0.433   249.604
   600.000   -29.159     0.065    -0.018     0.175     1.112    -1.150     0.000     0.000    14.122    -0.378    -3.058     1.657     0.449   286.921     0.003   0.84E-01     0.500     0.422   244.600
   550.000   -34.534     0.026    -0.177     0.146     0.754    -0.794     0.000     0.000    14.046    -0.415    -2.208     1.871     0.095   287.555     0.005   0.74E-01     0.335     0.402   239.080
   500.000   -40.568     0.020    -0.230     0.183     0.600    -0.644     0.000     0.000    14.827    -0.068    -1.340     2.377     0.021   288.013     0.008   0.44E-01     0.193     0.369   233.007
   450.000   -47.232     0.017    -0.229     0.305     0.561    -0.608     0.000     0.000    16.572     0.000    -0.601     3.335     0.120   288.245     0.033   0.73E-01     0.085     0.328   226.341
   400.000   -54.546     0.014    -0.243     0.518     0.434    -0.486     0.000     0.000    19.886     0.000    -0.215     5.514     0.915   288.595     0.120   0.73E-01     0.023     0.279   219.020
   350.000   -62.633     0.014    -0.246     0.888     0.388    -0.444    -0.000     0.000     6.718     0.000    -0.034     1.566    14.093   288.774     0.303   0.23E-01     0.002     0.218   210.946
   300.000   -71.229     0.005    -0.486     1.008     0.105    -0.164     0.000     0.000     0.869     0.000    -0.004     0.176     5.984   288.987     0.441   0.65E-02     0.000     0.105   201.953
   250.000   -74.939     0.003    -4.000     1.003     0.006    -0.056     0.000     0.000     0.010     0.000    -0.000     0.000     0.858   293.768     0.430   0.55E-03    -0.000     0.020   191.595
   200.000   -73.558     0.001    -4.000     0.178    -0.000    -0.027     0.000     0.000     0.000     0.000    -0.000     0.000     0.010   307.896     0.000   0.44E-05    -0.000     0.001   178.976
   150.000   -74.113     0.001    -4.000     0.140     0.000    -0.002     0.000     0.000     0.000     0.000     0.000     0.000     0.000   323.218     0.000   0.00E+00     0.000     0.000   162.726
   100.000   -72.249     0.001    -4.000     0.076     0.000     0.002     0.000     0.000     0.000     0.000     0.000     0.000     0.000   347.948     0.000   0.00E+00     0.000     0.000   139.888
    80.000   -68.777     0.001    -4.000     0.040     0.000     0.009     0.000     0.000     0.000     0.000     0.000     0.000     0.000   363.279     0.000   0.00E+00     0.000     0.000     0.000
    60.000   -61.028     0.001     0.000     0.011     0.000     0.024     0.000     0.000     0.000     0.000     0.000     0.000     0.000   387.358     0.000   0.00E+00     0.000     0.000     0.000
    40.000   -50.741     0.001     0.000     0.002     0.000     0.045     0.000     0.000     0.000     0.000     0.000     0.000     0.000   422.398     0.000   0.00E+00     0.000     0.000     0.000
    30.000   -42.477     0.001     0.000     0.001     0.000     0.061     0.000     0.000     0.000     0.000     0.000     0.000     0.000   448.740     0.000   0.00E+00     0.000     0.000     0.000
    25.000   -26.082     0.001     0.000     0.000     0.000     0.095     0.000     0.000     0.000     0.000     0.000     0.000     0.000   476.975     0.000   0.00E+00    -0.001     0.000     0.000
