  1000.000     2.964     2.984    -0.000     0.641    -1.372    -0.965     2.631     0.000     0.000     0.000     0.000     0.000     0.000   291.982     0.000   0.00E+00    -0.717     0.281   276.070
   950.000    -1.134     2.824     0.001     0.817     0.360    -1.457     0.749     0.000    19.353     0.000   -15.604     0.000     0.000   291.984     0.000   0.00E+00    -1.212     0.312   272.061
   900.000    -4.919     2.008    -0.057     0.732     1.449    -1.475     0.000     0.000    19.353     0.000   -13.730     0.000     1.983   288.389     0.003   0.82E-01    -0.380     0.344   268.188
   850.000    -8.474     1.343     0.374     0.642     1.496    -1.524     0.000     0.000    18.092    -1.982    -9.889     2.483     2.374   287.360     0.037   0.26E+00     0.165     0.378   265.144
   800.000   -12.135     0.850     0.570     0.536     1.576    -1.605     0.000     0.000    16.581    -2.374    -7.184     2.808     1.608   286.000     0.016   0.24E+00     0.551     0.408   261.795
   750.000   -15.931     0.451     0.542     0.401     1.555    -1.585     0.000     0.000    15.208    -1.606    -5.667     2.162     0.658   286.528     0.003   0.16E+00     0.762     0.429   258.099
   700.000   -19.933     0.213     0.376     0.292     1.461    -1.492     0.000     0.000    14.703    -0.632    -4.647     1.891     0.532   285.920     0.000   0.12E+00     0.766     0.439   254.008
   650.000   -24.348     0.114     0.199     0.223     1.327    -1.359     0.000     0.000    14.360    -0.500    -3.826     1.759     0.440   286.771     0.000   0.95E-01     0.667     0.437   249.479
   600.000   -29.246     0.062     0.013     0.182     1.144    -1.177     0.000     0.000    14.160    -0.409    -2.995     1.667     0.478   287.945     0.000   0.77E-01     0.514     0.426   244.472
   550.000   -34.648     0.025    -0.153     0.146     0.764    -0.799     0.000     0.000    14.080    -0.450    -2.200     1.901     0.060   288.632     0.000   0.64E-01     0.363     0.406   238.948
   500.000   -40.686     0.019    -0.214     0.177     0.622    -0.659     0.000     0.000    15.018    -0.038    -1.351     2.502     0.018   288.594     0.001   0.43E-01     0.220     0.376   232.875
   450.000   -47.353     0.016    -0.206     0.275     0.578    -0.617     0.000     0.000    16.971     0.000    -0.643     3.572     0.140   288.809     0.016   0.77E-01     0.115     0.336   226.210
   400.000   -54.670     0.014    -0.199     0.459     0.468    -0.509     0.000     0.000    21.828     0.000    -0.243     6.795     0.578   289.471     0.081   0.69E-01     0.056     0.287   218.891
   350.000   -62.758     0.013    -0.174     0.878     0.426    -0.469    -0.000     0.000     5.081     0.000    -0.069     0.937    17.298   289.623     0.334   0.31E-01     0.017     0.231   210.820
   300.000   -71.337     0.004    -0.431     0.951     0.139    -0.184     0.000     0.000     1.129     0.000    -0.020     0.213     4.118   289.685     0.421   0.16E-01     0.004     0.113   201.831
   250.000   -74.973     0.003    -4.000     0.989     0.061    -0.101     0.000     0.000     0.370     0.000    -0.003     0.076     0.817   294.793     0.308   0.57E-02     0.000     0.038   191.477
   200.000   -73.603     0.001    -4.000     0.249     0.014    -0.042     0.000     0.000     0.011     0.000    -0.000     0.000     0.359   307.963     0.031   0.50E-03    -0.000     0.016   178.861
   150.000   -74.158     0.001    -4.000     0.153    -0.001    -0.013     0.000     0.000     0.000     0.000    -0.000     0.000     0.011   324.007     0.000   0.75E-05    -0.000     0.002   162.613
   100.000   -72.288     0.001    -4.000     0.074     0.000     0.000     0.000     0.000     0.000     0.000     0.000     0.000     0.000   347.852     0.000   0.00E+00     0.000     0.000   139.781
    80.000   -68.812     0.001    -4.000     0.037     0.000     0.004     0.000     0.000     0.000     0.000     0.000     0.000     0.000   363.294     0.000   0.00E+00     0.000     0.000     0.000
    60.000   -61.059     0.001     0.000     0.010     0.000     0.013     0.000     0.000     0.000     0.000     0.000     0.000     0.000   388.792     0.000   0.00E+00     0.000     0.000     0.000
    40.000   -50.767     0.001     0.000     0.002     0.000     0.024     0.000     0.000     0.000     0.000     0.000     0.000     0.000   424.436     0.000   0.00E+00     0.000     0.000     0.000
    30.000   -42.494     0.001     0.000     0.001     0.000     0.033     0.000     0.000     0.000     0.000     0.000     0.000     0.000   449.932     0.000   0.00E+00     0.000     0.000     0.000
    25.000   -26.078     0.001     0.000     0.000     0.000     0.053     0.000     0.000     0.000     0.000     0.000     0.000     0.000   477.854     0.000   0.00E+00    -0.001     0.000     0.000
