  1000.000     9.801     5.066    -0.000     0.663    -1.664    -1.015     2.652     0.000     0.000     0.000     0.000     0.000     0.000   298.913     0.000   0.00E+00    -1.162     0.313   282.952
   950.000     5.696     4.892     0.001     0.833     1.332    -1.261    -0.051     0.000    15.629     0.000   -12.412     0.000     0.000   298.885     0.000   0.88E-07    -1.554     0.351   278.845
   900.000     2.333     3.640    -0.338     0.738     1.270    -1.274     0.000     0.000    15.626    -0.000   -11.109     0.000     2.248   295.822     0.000   0.12E-01    -0.484     0.377   274.956
   850.000    -1.210     2.774     0.332     0.699     1.371    -1.376     0.000     0.000    14.592    -2.246   -12.281     2.604     1.765   293.870     0.053   0.32E+00     0.117     0.402   272.200
   800.000    -4.492     1.854     0.620     0.575     1.556    -1.561     0.000     0.000    13.332    -1.765    -8.492     2.114     0.362   292.628     0.012   0.28E+00     0.762     0.439   269.277
   750.000    -7.872     1.103     0.548     0.416     1.601    -1.607     0.000     0.000    13.028    -0.362    -7.228     1.605     0.147   291.329     0.001   0.17E+00     1.101     0.470   266.031
   700.000   -11.453     0.626     0.339     0.296     1.527    -1.533     0.000     0.000    13.094    -0.029    -6.426     1.487     0.199   292.888     0.001   0.13E+00     1.122     0.493   262.400
   650.000   -15.565     0.364     0.108     0.217     1.367    -1.375     0.000     0.000    13.117    -0.091    -5.567     1.373     0.193   292.269     0.002   0.11E+00     0.962     0.506   258.317
   600.000   -20.249     0.213    -0.094     0.174     1.165    -1.174     0.000     0.000    13.194    -0.102    -4.557     1.439     0.227   293.005     0.003   0.10E+00     0.722     0.508   253.710
   550.000   -25.611     0.130    -0.213     0.159     0.930    -0.941     0.000     0.000    13.417    -0.132    -3.461     1.633     0.166   294.401     0.004   0.94E-01     0.492     0.493   248.505
   500.000   -31.665     0.082    -0.225     0.187     0.781    -0.793     0.000     0.000    13.998    -0.107    -2.262     1.947     0.027   294.864     0.006   0.49E-01     0.316     0.462   242.634
   450.000   -38.312     0.049    -0.174     0.317     0.747    -0.762     0.000     0.000    15.234    -0.000    -1.163     2.464     0.115   295.463     0.041   0.15E+00     0.144     0.418   236.035
   400.000   -45.612     0.027    -0.149     0.563     0.674    -0.692     0.000     0.000    15.503    -0.000    -0.401     2.779     1.621   296.431     0.150   0.15E+00     0.047     0.367   228.643
   350.000   -53.812     0.017    -0.148     0.634     0.467    -0.487     0.000     0.000    16.746     0.000    -0.110     4.821     2.858   296.473     0.182   0.45E-01     0.012     0.291   220.374
   300.000   -63.081     0.014    -0.143     0.983     0.335    -0.357     0.000     0.000     1.616     0.000    -0.006     0.229    15.297   296.504     0.452   0.44E-02     0.000     0.210   211.097
   250.000   -71.874     0.005    -1.595     1.000    -0.008    -0.015     0.000     0.000     0.008     0.000    -0.000     0.000     1.608   298.314     0.343   0.53E-03    -0.000     0.049   200.520
   200.000   -69.267     0.001    -4.000     0.111    -0.000    -0.007     0.000     0.000     0.000     0.000    -0.000     0.000     0.008   312.833     0.000   0.38E-05    -0.000     0.001   187.662
   150.000   -70.508     0.001    -4.000     0.097     0.000     0.003     0.000     0.000     0.000     0.000     0.000     0.000     0.000   328.552     0.000   0.00E+00     0.000     0.000   171.097
   100.000   -71.287     0.001    -4.000     0.073     0.000     0.002     0.000     0.000     0.000     0.000     0.000     0.000     0.000   350.653     0.000   0.00E+00     0.000     0.000   148.013
    80.000   -70.779     0.001    -4.000     0.055     0.000     0.003     0.000     0.000     0.000     0.000     0.000     0.000     0.000   363.216     0.000   0.00E+00     0.000     0.000     0.000
    60.000   -67.611     0.001     0.000     0.026     0.000     0.007     0.000     0.000     0.000     0.000     0.000     0.000     0.000   383.287     0.000   0.00E+00     0.000     0.000     0.000
    40.000   -63.416     0.001     0.000     0.010     0.000     0.012     0.000     0.000     0.000     0.000     0.000     0.000     0.000   410.348     0.000   0.00E+00     0.000     0.000     0.000
    30.000   -61.800     0.001     0.000     0.006     0.000     0.014     0.000     0.000     0.000     0.000     0.000     0.000     0.000   430.687     0.000   0.00E+00     0.000     0.000     0.000
    25.000   -62.132     0.001     0.000     0.005     0.000     0.015     0.000     0.000     0.000     0.000     0.000     0.000     0.000   440.952     0.000   0.00E+00    -0.001     0.000     0.000
