  1000.000     5.400     3.602    -0.000     0.646    -1.462    -1.049     2.676     0.000     0.000     0.000     0.000     0.000     0.000   291.435     0.000   0.00E+00    -0.824     0.280   278.529
   950.000     1.312     3.426     0.001     0.816     0.937    -1.379     0.322     0.000    18.334     0.000   -12.013     0.000     0.005   291.432     0.001   0.14E-04    -1.035     0.313   274.485
   900.000    -2.482     2.605    -0.171     0.754     1.414    -1.411     0.000     0.000    18.329    -0.005   -14.732     0.005     2.314   289.157     0.004   0.17E-01    -0.378     0.335   270.552
   850.000    -6.050     1.830     0.350     0.691     1.469    -1.476     0.000     0.000    16.947    -2.314   -10.401     2.709     2.283   287.696     0.091   0.48E+00     0.158     0.367   267.644
   800.000    -9.608     1.084     0.549     0.579     1.576    -1.590     0.000     0.000    15.376    -2.232    -7.342     2.617     1.286   286.763     0.033   0.28E+00     0.566     0.400   264.439
   750.000   -13.090     0.509     0.497     0.443     1.532    -1.552     0.000     0.000    14.194    -1.227    -5.955     1.944     0.531   286.414     0.024   0.18E+00     0.768     0.423   260.888
   700.000   -16.937     0.263     0.299     0.341     1.389    -1.416     0.000     0.000    13.814    -0.406    -4.973     1.745     0.477   286.707     0.032   0.14E+00     0.733     0.433   256.940
   650.000   -21.300     0.154     0.109     0.287     1.225    -1.262     0.000     0.000    13.493    -0.348    -4.088     1.580     0.441   287.312     0.044   0.11E+00     0.601     0.432   252.540
   600.000   -26.133     0.072    -0.081     0.266     1.015    -1.064     0.000     0.000    13.258    -0.314    -3.093     1.606     0.419   288.012     0.057   0.96E-01     0.436     0.419   247.637
   550.000   -31.465     0.030    -0.248     0.273     0.787    -0.850     0.000     0.000    13.211    -0.278    -2.126     1.738     0.266   288.645     0.066   0.82E-01     0.293     0.393   242.186
   500.000   -37.414     0.023    -0.377     0.340     0.658    -0.737     0.000     0.000    13.630    -0.152    -1.213     2.103     0.158   289.172     0.081   0.74E-01     0.172     0.357   236.141
   450.000   -44.037     0.025    -0.503     0.531     0.625    -0.722     0.000     0.000    15.046    -0.019    -0.512     2.972     0.208   289.585     0.137   0.11E+00     0.055     0.313   229.461
   400.000   -51.379     0.043    -0.682     0.826     0.433    -0.550     0.000     0.000    14.184    -0.017    -0.145     2.735     2.731   289.959     0.251   0.94E-01     0.016     0.264   222.085
   350.000   -59.597     0.017    -0.920     0.877     0.354    -0.492     0.000     0.000     6.975    -0.012    -0.026     1.669     8.204   290.263     0.230   0.72E-02     0.002     0.187   213.926
   300.000   -68.535     0.007    -1.651     1.007     0.075    -0.233     0.000     0.000     0.321    -0.004    -0.000     0.004     6.650   291.101     0.472   0.18E-02    -0.000     0.090   204.828
   250.000   -74.127     0.003    -4.000     0.998    -0.006    -0.124     0.000     0.000     0.000     0.000    -0.000     0.000     0.321   295.603     0.460   0.59E-04    -0.000     0.012   194.398
   200.000   -72.536     0.001    -4.000     0.208     0.000    -0.013     0.000     0.000     0.000     0.000     0.000     0.000     0.000   307.810     0.000   0.34E-09    -0.000     0.000   181.720
   150.000   -73.545     0.001    -4.000     0.159     0.000    -0.004     0.000     0.000     0.000     0.000     0.000     0.000     0.000   322.735     0.000   0.00E+00     0.000     0.000   165.407
   100.000   -72.346     0.001    -4.000     0.100     0.000     0.008     0.000     0.000     0.000     0.000     0.000     0.000     0.000   345.949     0.000   0.00E+00     0.000     0.000   142.544
    80.000   -69.202     0.001    -4.000     0.062     0.000     0.039     0.000     0.000     0.000     0.000     0.000     0.000     0.000   360.521     0.000   0.00E+00     0.000     0.000     0.000
    60.000   -61.265     0.001     0.000     0.022     0.000     0.119     0.000     0.000     0.000     0.000     0.000     0.000     0.000   383.126     0.000   0.00E+00     0.000     0.000     0.000
    40.000   -50.644     0.001     0.000     0.006     0.000     0.225     0.000     0.000     0.000     0.000     0.000     0.000     0.000   416.243     0.000   0.00E+00     0.000     0.000     0.000
    30.000   -42.289     0.001     0.000     0.003     0.000     0.309     0.000     0.000     0.000     0.000     0.000     0.000     0.000   442.238     0.000   0.00E+00     0.000     0.000     0.000
    25.000   -26.067     0.001     0.000     0.001     0.000     0.471     0.000     0.000     0.000     0.000     0.000     0.000     0.000   471.258     0.000   0.00E+00    -0.001     0.000     0.000
