  1000.000     6.627     3.996    -0.000     0.681    -1.581    -1.277     2.754     0.000     0.000     0.000     0.000     0.000     0.000   301.003     0.000   0.00E+00    -1.044     0.323   279.765
   950.000     2.542     3.812     0.001     0.855     1.672    -1.535    -0.134     0.000    15.258     0.000   -11.509     0.000     0.000   300.978     0.000   0.00E+00    -1.611     0.359   275.704
   900.000    -1.052     2.945    -0.299     0.739     1.441    -1.503     0.000     0.000    15.245     0.000   -10.311     0.000     2.159   297.505     0.000   0.19E-01    -0.424     0.382   271.790
   850.000    -4.425     2.038     0.269     0.684     1.443    -1.510     0.000     0.000    14.168    -2.147    -9.517     2.451     1.778   295.767     0.039   0.23E+00     0.216     0.411   268.953
   800.000    -7.897     1.356     0.531     0.583     1.531    -1.602     0.000     0.000    12.930    -1.778    -7.659     2.113     0.596   294.428     0.014   0.30E+00     0.751     0.442   265.824
   750.000   -11.545     0.853     0.498     0.454     1.525    -1.601     0.000     0.000    12.405    -0.589    -6.868     1.593     0.222   293.824     0.003   0.19E+00     1.060     0.468   262.354
   700.000   -15.467     0.475     0.313     0.348     1.431    -1.513     0.000     0.000    12.338    -0.127    -6.184     1.444     0.212   293.906     0.003   0.14E+00     1.101     0.488   258.490
   650.000   -19.737     0.254     0.077     0.274     1.281    -1.368     0.000     0.000    12.312    -0.100    -5.348     1.330     0.205   294.475     0.006   0.12E+00     0.956     0.500   254.171
   600.000   -24.586     0.143    -0.130     0.234     1.087    -1.183     0.000     0.000    12.364    -0.100    -4.426     1.413     0.204   295.370     0.008   0.11E+00     0.728     0.501   249.341
   550.000   -30.071     0.089    -0.249     0.228     0.887    -0.993     0.000     0.000    12.540    -0.112    -3.367     1.576     0.151   296.182     0.016   0.13E+00     0.497     0.486   243.948
   500.000   -36.175     0.061    -0.260     0.278     0.791    -0.908     0.000     0.000    13.021    -0.074    -2.188     1.832     0.061   296.855     0.025   0.70E-01     0.301     0.454   237.946
   450.000   -42.774     0.040    -0.217     0.436     0.796    -0.926     0.000     0.000    13.704     0.000    -1.100     2.171     0.397   297.407     0.090   0.17E+00     0.138     0.409   231.285
   400.000   -50.014     0.023    -0.224     0.639     0.686    -0.828     0.000     0.000    13.479     0.000    -0.407     2.429     1.808   297.787     0.186   0.17E+00     0.045     0.350   223.904
   350.000   -58.099     0.016    -0.280     0.782     0.533    -0.688     0.000     0.000    11.536     0.000    -0.095     2.887     4.183   298.096     0.177   0.71E-01     0.007     0.271   215.714
   300.000   -67.061     0.008    -0.426     1.028     0.301    -0.470     0.000     0.000     2.746     0.000    -0.013     0.585     9.239   298.387     0.397   0.19E-01     0.000     0.181   206.565
   250.000   -73.495     0.004    -2.160     1.010     0.023    -0.179     0.000     0.000     0.034     0.000    -0.000     0.000     2.711   300.257     0.459   0.18E-02    -0.000     0.060   196.092
   200.000   -70.797     0.001    -4.000     0.160    -0.001    -0.070     0.000     0.000     0.000     0.000    -0.000     0.000     0.034   313.656     0.000   0.15E-04    -0.000     0.003   183.332
   150.000   -71.500     0.001    -4.000     0.115     0.000     0.011     0.000     0.000     0.000     0.000     0.000     0.000     0.000   327.483     0.000   0.00E+00     0.000     0.000   166.865
   100.000   -70.247     0.001    -4.000     0.074     0.000     0.019     0.000     0.000     0.000     0.000     0.000     0.000     0.000   350.887     0.000   0.00E+00     0.000     0.000   143.765
    80.000   -67.081     0.001    -4.000     0.044     0.000     0.040     0.000     0.000     0.000     0.000     0.000     0.000     0.000   366.005     0.000   0.00E+00     0.000     0.000     0.000
    60.000   -59.490     0.001     0.000     0.015     0.000     0.091     0.000     0.000     0.000     0.000     0.000     0.000     0.000   389.423     0.000   0.00E+00     0.000     0.000     0.000
    40.000   -49.521     0.001     0.000     0.004     0.000     0.157     0.000     0.000     0.000     0.000     0.000     0.000     0.000   423.325     0.000   0.00E+00     0.000     0.000     0.000
    30.000   -41.692     0.001     0.000     0.002     0.000     0.210     0.000     0.000     0.000     0.000     0.000     0.000     0.000   449.040     0.000   0.00E+00     0.000     0.000     0.000
    25.000   -26.275     0.001     0.000     0.000     0.000     0.312     0.000     0.000     0.000     0.000     0.000     0.000     0.000   476.769     0.000   0.00E+00    -0.001     0.000     0.000
