  1000.000     4.628     3.349    -0.000     0.637    -1.492    -0.981     2.657     0.000     0.000     0.000     0.000     0.000     0.000   291.702     0.000   0.00E+00    -0.844     0.285   277.752
   950.000     0.542     3.176     0.001     0.804     0.694    -1.376     0.467     0.000    19.095     0.000   -12.346     0.000     0.000   291.696     0.000   0.00E+00    -1.104     0.320   273.719
   900.000    -3.271     2.370    -0.115     0.741     1.392    -1.408     0.000     0.000    19.093     0.000   -14.861     0.000     2.205   288.634     0.000   0.12E-01    -0.371     0.342   269.736
   850.000    -6.802     1.626     0.374     0.660     1.490    -1.507     0.000     0.000    17.697    -2.203   -10.383     2.596     2.417   287.295     0.048   0.31E+00     0.190     0.377   266.779
   800.000   -10.406     1.033     0.601     0.545     1.618    -1.636     0.000     0.000    16.102    -2.417    -7.579     2.821     1.488   285.986     0.016   0.27E+00     0.612     0.409   263.522
   750.000   -14.110     0.540     0.567     0.392     1.588    -1.607     0.000     0.000    14.790    -1.486    -6.124     2.131     0.371   286.530     0.002   0.17E+00     0.853     0.432   259.919
   700.000   -18.020     0.262     0.370     0.278     1.491    -1.510     0.000     0.000    14.581    -0.352    -5.113     1.909     0.527   285.997     0.001   0.13E+00     0.835     0.443   255.918
   650.000   -22.406     0.123     0.184     0.204     1.324    -1.344     0.000     0.000    14.199    -0.505    -4.225     1.725     0.347   286.993     0.000   0.10E+00     0.724     0.444   251.470
   600.000   -27.216     0.062    -0.016     0.164     1.120    -1.142     0.000     0.000    14.061    -0.324    -3.230     1.661     0.399   287.793     0.001   0.82E-01     0.539     0.433   246.528
   550.000   -32.627     0.030    -0.167     0.139     0.802    -0.825     0.000     0.000    13.980    -0.380    -2.346     1.815     0.163   288.640     0.001   0.67E-01     0.370     0.413   241.047
   500.000   -38.689     0.022    -0.228     0.165     0.617    -0.642     0.000     0.000    14.468    -0.151    -1.467     2.153     0.009   288.878     0.003   0.43E-01     0.220     0.380   234.991
   450.000   -45.354     0.018    -0.226     0.291     0.603    -0.631     0.000     0.000    16.076     0.000    -0.666     3.151     0.070   288.933     0.028   0.76E-01     0.098     0.338   228.317
   400.000   -52.628     0.013    -0.240     0.512     0.463    -0.493    -0.000     0.000    16.976     0.000    -0.236     3.252     1.243   289.310     0.124   0.85E-01     0.032     0.288   220.963
   350.000   -60.712     0.011    -0.237     0.754     0.409    -0.441     0.000     0.000    10.471     0.000    -0.058     2.775     8.386   289.434     0.160   0.21E-01     0.004     0.224   212.835
   300.000   -69.717     0.006    -0.336     0.989     0.127    -0.161     0.000     0.000     0.993     0.000    -0.006     0.189     9.628   289.728     0.413   0.82E-02     0.000     0.124   203.780
   250.000   -74.292     0.003    -4.000     1.004     0.016    -0.047     0.000     0.000     0.032     0.000    -0.000     0.000     0.961   295.189     0.187   0.71E-03    -0.000     0.025   193.375
   200.000   -73.106     0.001    -4.000     0.183    -0.002    -0.016     0.000     0.000     0.000     0.000    -0.000     0.000     0.032   307.876     0.000   0.97E-05    -0.000     0.003   180.723
   150.000   -74.138     0.001    -4.000     0.153     0.000    -0.004     0.000     0.000     0.000     0.000     0.000     0.000     0.000   323.555     0.000   0.56E-10    -0.000     0.000   164.457
   100.000   -73.186     0.001    -4.000     0.089     0.000    -0.000     0.000     0.000     0.000     0.000     0.000     0.000     0.000   345.901     0.000   0.00E+00     0.000     0.000   141.678
    80.000   -70.592     0.001    -4.000     0.050     0.000     0.002     0.000     0.000     0.000     0.000     0.000     0.000     0.000   362.734     0.000   0.00E+00     0.000     0.000     0.000
    60.000   -64.141     0.001     0.000     0.016     0.000     0.010     0.000     0.000     0.000     0.000     0.000     0.000     0.000   385.159     0.000   0.00E+00     0.000     0.000     0.000
    40.000   -55.485     0.001     0.000     0.003     0.000     0.019     0.000     0.000     0.000     0.000     0.000     0.000     0.000   417.556     0.000   0.00E+00     0.000     0.000     0.000
    30.000   -48.994     0.001     0.000     0.001     0.000     0.026     0.000     0.000     0.000     0.000     0.000     0.000     0.000   441.681     0.000   0.00E+00     0.000     0.000     0.000
    25.000   -37.490     0.001     0.000     0.000     0.000     0.041     0.000     0.000     0.000     0.000     0.000     0.000     0.000   465.238     0.000   0.00E+00    -0.001     0.000     0.000
