     0.250     0.027     1.627    11.653    12.490   -21.666     1.096   262.227   256.615    14.056  1009.648     0.125   268.023
     0.500     0.052     1.658    11.833    12.956   -21.946     1.096   262.283   256.742    16.957  1008.354     0.375   265.746
     0.750     0.346     1.740    12.117    13.385   -22.225     1.096   262.323   256.948    19.732  1006.858     0.625   260.673
     1.000     0.935     1.819    12.374    13.776   -22.503     1.096   262.332   257.304    22.094  1005.434     0.875   257.699
     1.250     1.501     1.909    12.631    14.132   -22.780     1.096   262.336   257.772    24.242  1004.013     1.125   254.859
     1.500     1.850     2.005    12.886    14.451   -23.054     1.096   262.324   258.410    26.195  1002.603     1.375   252.223
     1.750     2.076     2.096    13.129    14.737   -23.326     1.096   262.314   259.097    28.009  1001.200     1.625   249.584
     2.000     2.267     2.179    13.351    14.992   -23.595     1.096   262.306   259.680    29.688   999.823     1.875   247.140
     2.250     2.331     2.255    13.555    15.221   -23.870     1.097   262.297   260.249    31.267   998.453     2.125   244.667
     2.500     2.456     2.323    13.738    15.425   -24.192     1.108   262.288   260.794    32.733   997.126     2.375   242.460
     2.750     2.490     2.383    13.906    15.608   -24.518     1.120   262.282   261.305    34.119   995.811     2.625   240.346
     3.000     2.560     2.436    14.059    15.773   -24.758     1.129   262.272   261.776    35.375   994.581     2.875   238.634
     3.250     2.536     2.484    14.203    15.922   -24.922     1.134   262.284   262.119    36.696   993.157     3.125   236.534
     3.500     3.261     2.526    14.312    16.057   -24.970     1.121   262.274   262.739    37.923   991.740     3.375   234.874
     3.750     3.423     2.554    14.417    16.179   -25.045     1.111   262.249   263.514    39.148   990.256     3.625   232.880
     4.000     3.293     2.586    14.518    16.290   -25.066     1.136   262.222   264.377    40.260   988.870     3.875   231.254
     4.250     3.164     2.612    14.613    16.390   -25.114     1.193   262.208   264.957    41.327   987.547     4.125   229.480
     4.500     3.207     2.635    14.698    16.481   -25.029     1.165   262.197   265.527    42.395   986.107     4.375   227.554
     4.750     3.200     2.659    14.778    16.566   -24.851     1.086   262.193   265.976    43.237   984.992     4.625   226.439
     5.000     3.354     2.682    14.846    16.643   -24.677     1.012   262.177   266.587    44.065   983.907     4.875   225.288
     5.250     3.324     2.702    14.909    16.712   -24.562     0.967   262.163   267.234    44.935   982.686     5.125   223.716
     5.500     3.343     2.716    14.969    16.776   -24.478     0.926   262.150   267.922    45.674   981.606     5.375   222.512
     5.750     3.212     2.730    15.031    16.835   -24.385     0.880   262.144   268.375    46.360   980.525     5.625   221.475
     6.000     3.242     2.750    15.088    16.890   -24.264     0.826   262.141   268.797    47.030   979.467     5.875   220.410
     6.250     3.313     2.768    15.137    16.940   -24.156     0.772   262.134   269.192    47.693   978.438     6.125   219.290
     6.500     3.404     2.785    15.178    16.984   -24.089     0.726   262.122   269.867    48.331   977.428     6.375   218.081
     6.750     3.385     2.794    15.218    17.023   -24.065     0.689   262.109   270.425    48.794   976.654     6.625   217.465
     7.000     3.380     2.805    15.254    17.060   -24.032     0.654   262.097   270.924    49.221   975.927     6.875   216.919
     7.250     3.272     2.816    15.291    17.093   -23.994     0.620   262.090   271.335    49.633   975.192     7.125   216.385
     7.500     3.291     2.831    15.323    17.124   -23.923     0.582   262.084   271.752    50.030   974.521     7.375   215.890
     7.750     3.288     2.844    15.350    17.150   -23.831     0.540   262.076   272.271    50.415   973.877     7.625   215.395
     8.000     3.300     2.855    15.374    17.172   -23.745     0.500   262.066   272.802    50.787   973.236     7.875   214.876
     8.250     3.324     2.865    15.395    17.192   -23.670     0.463   262.055   273.325    51.151   972.596     8.125   214.320
     8.500     3.386     2.873    15.411    17.209   -23.612     0.431   262.041   273.856    51.503   971.972     8.375   213.730
     8.750     3.380     2.879    15.426    17.223   -23.573     0.404   262.026   274.328    51.861   971.304     8.625   213.053
     9.000     3.428     2.887    15.436    17.234   -23.544     0.383   262.010   274.842    52.182   970.722     8.875   212.460
     9.250     3.351     2.892    15.445    17.243   -23.555     0.368   261.997   275.267    52.415   970.310     9.125   212.147
     9.500     3.249     2.897    15.454    17.249   -23.583     0.355   261.989   275.572    52.634   969.909     9.375   211.850
     9.750     3.158     2.906    15.463    17.254   -23.608     0.343   261.984   275.837    52.849   969.525     9.625   211.573
    10.000     3.383     2.913    15.459    17.255   -23.577     0.327   261.972   276.161    53.047   969.249     9.875   211.306
    10.250     3.316     2.920    15.458    17.254   -23.503     0.309   261.957   276.375    53.245   968.842    10.125   211.007
    10.500     3.227     2.935    15.463    17.253   -23.419     0.300   261.943   275.895    53.435   968.337    10.375   210.708
    10.750     3.092     2.950    15.476    17.249   -23.414     0.325   261.936   275.655    53.614   967.836    10.625   210.418
    11.000     2.981     2.953    15.476    17.243   -23.411     0.342   261.935   275.671    53.813   967.422    10.875   210.171
    11.250     3.058     2.957    15.467    17.235   -23.440     0.357   261.930   276.541    53.965   967.082    11.125   209.946
    11.500     3.249     2.938    15.449    17.225   -23.480     0.358   261.930   276.800    54.058   966.921    11.375   209.809
    11.750     3.391     2.929    15.433    17.215   -23.534     0.348   261.918   277.636    54.126   966.757    11.625   209.665
    12.000     3.305     2.926    15.424    17.208   -23.596     0.313   261.908   278.088    54.211   966.539    11.875   209.506
    12.250     3.316     2.925    15.414    17.199   -23.648     0.278   261.897   278.884    54.299   966.365    12.125   209.371
    12.500     3.275     2.937    15.404    17.190   -23.695     0.247   261.888   279.606    54.393   966.174    12.375   209.221
    12.750     3.232     2.940    15.393    17.181   -23.719     0.218   261.880   280.230    54.485   966.015    12.625   209.084
    13.000     3.205     2.943    15.381    17.169   -23.733     0.192   261.873   280.843    54.572   965.878    12.875   208.964
    13.250     3.309     2.941    15.362    17.156   -23.711     0.169   261.859   280.632    54.679   965.692    13.125   208.766
    13.500     3.298     2.956    15.348    17.142   -23.652     0.156   261.845   279.133    54.774   965.460    13.375   208.560
    13.750     3.170     2.938    15.335    17.127   -23.584     0.174   261.832   279.478    54.892   965.270    13.625   208.370
    14.000     3.031     2.937    15.329    17.111   -23.603     0.209   261.828   279.322    54.997   965.002    13.875   208.193
    14.250     3.046     2.953    15.312    17.091   -23.649     0.221   261.824   279.195    55.089   964.794    14.125   208.029
    14.500     3.224     2.955    15.287    17.071   -23.734     0.227   261.814   279.364    55.148   964.646    14.375   207.851
    14.750     3.308     2.960    15.267    17.052   -23.835     0.286   261.799   279.647    55.192   964.448    14.625   207.610
    15.000     3.068     2.956    15.252    17.034   -23.929     0.262   261.794   279.606    55.281   964.236    14.875   207.400
    15.250     3.063     2.944    15.231    17.014   -23.989     0.235   261.790   279.588    55.366   964.084    15.125   207.224
    15.500     3.103     2.952    15.208    16.993   -24.026     0.215   261.786   279.770    55.431   963.945    15.375   207.027
    15.750     3.097     2.939    15.185    16.973   -24.055     0.196   261.782   280.150    55.493   963.824    15.625   206.818
    16.000     3.245     2.930    15.157    16.952   -24.048     0.180   261.771   280.079    55.554   963.703    15.875   206.581
    16.250     3.192     2.928    15.136    16.932   -24.027     0.184   261.759   279.732    55.606   963.531    16.125   206.359
    16.500     3.080     2.936    15.121    16.912   -24.052     0.199   261.754   279.789    55.647   963.420    16.375   206.294
    16.750     3.021     2.939    15.102    16.890   -24.104     0.198   261.750   279.725    55.689   963.317    16.625   206.234
    17.000     3.064     2.950    15.080    16.868   -24.157     0.193   261.746   279.788    55.701   963.238    16.875   206.174
    17.250     3.272     2.948    15.050    16.846   -24.194     0.188   261.735   279.919    55.693   963.230    17.125   206.116
    17.500     3.236     2.936    15.026    16.825   -24.236     0.203   261.724   279.441    55.693   963.213    17.375   206.060
    17.750     3.023     2.944    15.011    16.804   -24.308     0.208   261.717   280.114    55.724   963.086    17.625   206.004
    18.000     3.045     2.944    14.988    16.782   -24.369     0.200   261.713   280.123    55.759   963.044    17.875   205.954
    18.250     3.062     2.944    14.964    16.758   -24.409     0.190   261.710   280.159    55.770   963.008    18.125   205.905
    18.500     3.080     2.942    14.937    16.735   -24.439     0.179   261.705   280.336    55.780   963.003    18.375   205.858
    18.750     3.217     2.943    14.907    16.712   -24.445     0.173   261.695   279.882    55.771   963.009    18.625   205.814
    19.000     3.143     2.941    14.886    16.689   -24.454     0.189   261.685   279.673    55.760   962.927    18.875   205.767
    19.250     2.964     2.940    14.871    16.667   -24.505     0.207   261.678   279.539    55.785   962.806    19.125   205.721
    19.500     2.967     2.942    14.848    16.644   -24.570     0.207   261.675   279.416    55.817   962.737    19.375   205.680
    19.750     2.999     2.938    14.823    16.620   -24.631     0.201   261.673   279.269    55.821   962.706    19.625   205.639
    20.000     3.148     2.935    14.793    16.595   -24.669     0.193   261.665   278.501    55.803   962.690    19.875   205.596
    20.250     3.147     2.931    14.770    16.573   -24.695     0.207   261.654   279.185    55.781   962.651    20.125   205.556
    20.500     3.034     2.923    14.748    16.551   -24.746     0.219   261.648   279.235    55.802   962.618    20.375   205.520
    20.750     2.975     2.928    14.728    16.527   -24.818     0.210   261.645   279.168    55.823   962.557    20.625   205.481
    21.000     3.000     2.910    14.702    16.504   -24.872     0.198   261.643   279.241    55.823   962.559    20.875   205.446
    21.250     3.053     2.916    14.676    16.481   -24.915     0.184   261.640   279.563    55.815   962.576    21.125   205.410
    21.500     3.161     2.919    14.648    16.458   -24.926     0.170   261.632   279.429    55.791   962.558    21.375   205.380
    21.750     3.158     2.917    14.627    16.437   -24.925     0.172   261.619   279.167    55.760   962.514    21.625   205.346
    22.000     3.032     2.899    14.604    16.415   -24.936     0.178   261.613   279.187    55.795   962.542    21.875   205.320
    22.250     2.975     2.900    14.583    16.392   -24.986     0.176   261.609   279.268    55.812   962.494    22.125   205.288
    22.500     3.029     2.908    14.560    16.369   -25.041     0.171   261.606   279.392    55.808   962.489    22.375   205.257
    22.750     3.010     2.903    14.535    16.345   -25.078     0.165   261.600   279.105    55.819   962.508    22.625   205.233
    23.000     2.864     2.920    14.515    16.319   -25.100     0.178   261.601   278.742    55.832   962.468    22.875   205.204
    23.250     2.927     2.890    14.490    16.292   -25.158     0.202   261.597   278.539    55.833   962.453    23.125   205.181
    23.500     3.024     2.940    14.469    16.264   -25.264     0.251   261.582   278.518    55.817   962.414    23.375   205.154
    23.750     2.857     2.848    14.447    16.237   -25.385     0.271   261.592   278.313    55.828   962.403    23.625   205.126
    24.000     3.036     2.924    14.424    16.210   -25.494     0.269   261.590   278.112    55.811   962.362    23.875   205.102
    24.250     3.021     2.931    14.399    16.183   -25.580     0.280   261.587   278.075    55.776   962.308    24.125   205.077
    24.500     3.054     2.922    14.371    16.158   -25.640     0.269   261.579   278.263    55.747   962.322    24.375   205.045
    24.750     3.042     2.915    14.344    16.134   -25.674     0.259   261.574   278.278    55.720   962.327    24.625   205.014
    25.000     3.059     2.894    14.314    16.111   -25.687     0.233   261.568   278.275    55.709   962.383    24.875   204.982
    25.250     3.071     2.901    14.289    16.089   -25.697     0.218   261.562   278.225    55.686   962.382    25.125   204.954
    25.500     3.054     2.895    14.264    16.067   -25.711     0.207   261.554   277.946    55.671   962.404    25.375   204.924
    25.750     3.038     2.882    14.240    16.046   -25.720     0.205   261.549   278.322    55.663   962.430    25.625   204.896
    26.000     3.048     2.879    14.217    16.025   -25.746     0.198   261.541   278.490    55.656   962.435    25.875   204.867
    26.250     3.027     2.891    14.198    16.004   -25.774     0.199   261.535   278.322    55.639   962.396    26.125   204.841
    26.500     3.035     2.888    14.173    15.983   -25.805     0.203   261.527   278.320    55.643   962.437    26.375   204.815
    26.750     3.035     2.846    14.151    15.962   -25.839     0.207   261.521   278.319    55.639   962.450    26.625   204.789
    27.000     3.056     2.886    14.130    15.941   -25.891     0.211   261.515   278.174    55.631   962.447    26.875   204.764
    27.250     3.024     2.873    14.107    15.920   -25.940     0.210   261.506   278.264    55.629   962.449    27.125   204.736
    27.500     3.017     2.842    14.086    15.898   -25.984     0.213   261.500   278.222    55.622   962.452    27.375   204.713
    27.750     3.034     2.871    14.064    15.876   -26.034     0.232   261.493   278.233    55.611   962.447    27.625   204.689
    28.000     3.018     2.882    14.045    15.855   -26.098     0.242   261.487   278.387    55.592   962.409    27.875   204.664
    28.250     3.027     2.879    14.022    15.833   -26.140     0.226   261.480   278.330    55.582   962.414    28.125   204.639
    28.500     3.021     2.877    13.998    15.812   -26.167     0.211   261.475   277.391    55.578   962.438    28.375   204.614
    28.750     3.014     2.875    13.975    15.790   -26.188     0.202   261.469   277.480    55.570   962.454    28.625   204.591
    29.000     2.989     2.861    13.952    15.769   -26.214     0.201   261.461   278.242    55.566   962.473    28.875   204.567
    29.250     3.027     2.870    13.929    15.747   -26.248     0.197   261.454   277.857    55.555   962.481    29.125   204.542
    29.500     2.998     2.858    13.905    15.725   -26.274     0.198   261.449   278.182    55.547   962.508    29.375   204.520
    29.750     2.994     2.856    13.883    15.703   -26.317     0.204   261.443   278.138    55.535   962.521    29.625   204.498
    30.000     3.003     2.866    13.861    15.682   -26.361     0.194   261.435   278.202    55.518   962.510    29.875   204.477
    30.250     2.998     2.865    13.839    15.660   -26.393     0.204   261.430   277.309    55.503   962.526    30.125   204.456
    30.500     2.979     2.851    13.814    15.638   -26.429     0.201   261.423   278.086    55.503   962.573    30.375   204.435
    30.750     3.003     2.849    13.791    15.616   -26.476     0.200   261.415   278.031    55.490   962.593    30.625   204.414
    31.000     2.978     2.832    13.768    15.594   -26.514     0.199   261.409   277.990    55.477   962.613    30.875   204.396
    31.250     3.001     2.858    13.748    15.572   -26.563     0.221   261.402   278.150    55.454   962.598    31.125   204.375
    31.500     2.990     2.856    13.724    15.550   -26.604     0.205   261.396   278.145    55.449   962.638    31.375   204.355
    31.750     2.983     2.842    13.699    15.529   -26.639     0.195   261.389   277.963    55.437   962.674    31.625   204.333
    32.000     2.971     2.852    13.679    15.507   -26.679     0.199   261.383   278.016    55.416   962.651    31.875   204.312
    32.250     2.974     2.850    13.657    15.485   -26.711     0.189   261.376   277.997    55.403   962.671    32.125   204.292
    32.500     2.981     2.848    13.632    15.463   -26.733     0.186   261.371   277.816    55.397   962.713    32.375   204.271
    32.750     2.956     2.847    13.610    15.441   -26.761     0.189   261.367   277.033    55.388   962.731    32.625   204.248
    33.000     2.937     2.803    13.585    15.419   -26.795     0.206   261.361   277.749    55.384   962.770    32.875   204.227
    33.250     2.971     2.844    13.563    15.397   -26.858     0.202   261.357   277.065    55.367   962.767    33.125   204.209
    33.500     2.948     2.842    13.541    15.376   -26.901     0.202   261.349   277.905    55.352   962.781    33.375   204.186
    33.750     2.979     2.838    13.516    15.354   -26.937     0.186   261.342   277.871    55.340   962.809    33.625   204.164
    34.000     2.968     2.835    13.493    15.333   -26.963     0.179   261.335   277.866    55.329   962.831    33.875   204.144
    34.250     2.938     2.822    13.469    15.311   -26.985     0.177   261.330   277.689    55.322   962.863    34.125   204.125
    34.500     2.965     2.821    13.447    15.290   -27.012     0.179   261.325   276.910    55.305   962.886    34.375   204.109
    34.750     2.960     2.829    13.423    15.268   -27.054     0.185   261.317   277.719    55.293   962.922    34.625   204.091
    35.000     2.936     2.829    13.403    15.247   -27.103     0.183   261.313   276.817    55.270   962.906    34.875   204.072
    35.250     2.949     2.827    13.380    15.226   -27.139     0.183   261.305   277.512    55.259   962.926    35.125   204.052
    35.500     2.939     2.783    13.355    15.204   -27.169     0.183   261.299   277.509    55.258   962.990    35.375   204.033
    35.750     2.957     2.797    13.332    15.183   -27.215     0.179   261.291   277.582    55.245   963.011    35.625   204.014
    36.000     2.942     2.822    13.312    15.162   -27.254     0.177   261.286   277.402    55.222   962.997    35.875   203.997
    36.250     2.951     2.818    13.287    15.140   -27.283     0.177   261.279   277.377    55.219   963.058    36.125   203.978
    36.500     2.925     2.816    13.265    15.119   -27.321     0.175   261.272   277.429    55.208   963.082    36.375   203.958
    36.750     2.931     2.805    13.242    15.097   -27.351     0.177   261.268   277.214    55.195   963.107    36.625   203.940
    37.000     2.940     2.814    13.220    15.076   -27.390     0.174   261.260   277.297    55.182   963.110    36.875   203.919
    37.250     2.900     2.802    13.198    15.055   -27.427     0.186   261.256   277.178    55.172   963.145    37.125   203.899
    37.500     2.944     2.800    13.175    15.034   -27.475     0.183   261.249   277.250    55.157   963.178    37.375   203.881
    37.750     2.935     2.810    13.155    15.012   -27.516     0.178   261.242   277.218    55.136   963.171    37.625   203.864
    38.000     2.935     2.796    13.131    14.991   -27.546     0.175   261.237   277.045    55.127   963.225    37.875   203.847
    38.250     2.933     2.804    13.109    14.970   -27.582     0.182   261.231   277.038    55.111   963.244    38.125   203.830
    38.500     2.920     2.802    13.088    14.949   -27.628     0.181   261.224   277.280    55.095   963.271    38.375   203.813
    38.750     2.901     2.802    13.068    14.929   -27.662     0.169   261.218   277.083    55.075   963.274    38.625   203.794
    39.000     2.915     2.799    13.044    14.908   -27.676     0.164   261.213   276.949    55.072   963.317    38.875   203.775
    39.250     2.882     2.801    13.025    14.887   -27.705     0.175   261.208   276.030    55.053   963.318    39.125   203.757
    39.500     2.904     2.799    13.002    14.866   -27.744     0.173   261.202   276.107    55.039   963.346    39.375   203.740
    39.750     2.924     2.796    12.978    14.845   -27.777     0.170   261.196   276.089    55.031   963.395    39.625   203.722
    40.000     2.910     2.794    12.957    14.824   -27.822     0.168   261.188   276.560    55.015   963.421    39.875   203.702
    40.250     2.884     2.750    12.934    14.803   -27.846     0.174   261.182   276.870    55.008   963.467    40.125   203.682
    40.500     2.903     2.779    12.913    14.782   -27.903     0.181   261.176   276.863    54.994   963.484    40.375   203.664
    40.750     2.903     2.745    12.891    14.761   -27.938     0.168   261.171   276.698    54.978   963.516    40.625   203.647
    41.000     2.912     2.776    12.870    14.741   -27.967     0.166   261.165   276.006    54.963   963.538    40.875   203.628
    41.250     2.883     2.774    12.849    14.720   -27.994     0.165   261.157   276.806    54.953   963.543    41.125   203.611
    41.500     2.893     2.784    12.828    14.700   -28.030     0.160   261.151   276.341    54.937   963.554    41.375   203.591
    41.750     2.869     2.739    12.805    14.679   -28.053     0.160   261.145   276.688    54.930   963.600    41.625   203.572
    42.000     2.879     2.738    12.784    14.659   -28.089     0.167   261.142   275.711    54.917   963.628    41.875   203.554
    42.250     2.899     2.768    12.762    14.638   -28.125     0.171   261.136   275.837    54.901   963.659    42.125   203.538
    42.500     2.870     2.775    12.741    14.618   -28.174     0.182   261.129   276.656    54.888   963.685    42.375   203.519
    42.750     2.910     2.762    12.718    14.597   -28.223     0.164   261.122   276.631    54.871   963.727    42.625   203.504
    43.000     2.889     2.760    12.697    14.577   -28.249     0.156   261.115   276.547    54.857   963.749    42.875   203.487
    43.250     2.900     2.769    12.676    14.557   -28.268     0.152   261.110   276.414    54.842   963.771    43.125   203.473
    43.500     2.860     2.768    12.655    14.537   -28.297     0.150   261.103   276.457    54.833   963.803    43.375   203.453
    43.750     2.850     2.757    12.634    14.516   -28.317     0.154   261.098   276.448    54.824   963.829    43.625   203.437
    44.000     2.872     2.766    12.613    14.496   -28.356     0.155   261.092   276.333    54.809   963.854    43.875   203.419
    44.250     2.864     2.755    12.591    14.475   -28.390     0.156   261.086   276.356    54.798   963.868    44.125   203.400
    44.500     2.857     2.738    12.570    14.455   -28.433     0.164   261.080   276.285    54.785   963.908    44.375   203.382
    44.750     2.888     2.761    12.549    14.435   -28.477     0.163   261.076   276.123    54.766   963.932    44.625   203.369
    45.000     2.850     2.749    12.527    14.415   -28.516     0.165   261.069   276.147    54.754   963.968    44.875   203.352
    45.250     2.871     2.747    12.506    14.394   -28.558     0.159   261.061   276.210    54.739   964.000    45.125   203.337
    45.500     2.870     2.755    12.486    14.374   -28.581     0.158   261.057   276.092    54.721   964.020    45.375   203.323
    45.750     2.859     2.743    12.464    14.354   -28.619     0.154   261.050   276.163    54.709   964.059    45.625   203.307
    46.000     2.838     2.710    12.442    14.334   -28.644     0.153   261.044   276.150    54.695   964.087    45.875   203.291
    46.250     2.875     2.749    12.421    14.314   -28.678     0.151   261.038   276.097    54.680   964.117    46.125   203.277
    46.500     2.840     2.739    12.400    14.294   -28.701     0.151   261.034   276.002    54.669   964.142    46.375   203.259
    46.750     2.852     2.746    12.380    14.274   -28.736     0.151   261.028   275.963    54.653   964.163    46.625   203.244
    47.000     2.847     2.745    12.359    14.254   -28.770     0.150   261.023   275.942    54.639   964.195    46.875   203.228
    47.250     2.838     2.719    12.337    14.234   -28.802     0.147   261.015   276.048    54.625   964.230    47.125   203.212
    47.500     2.858     2.742    12.317    14.214   -28.830     0.150   261.012   275.008    54.611   964.261    47.375   203.196
    47.750     2.828     2.732    12.296    14.194   -28.876     0.166   261.004   275.986    54.600   964.297    47.625   203.181
    48.000     2.842     2.742    12.277    14.174   -28.924     0.158   260.999   275.647    54.579   964.302    47.875   203.165
    48.250     2.845     2.740    12.256    14.154   -28.961     0.148   260.992   275.739    54.567   964.331    48.125   203.147
    48.500     2.827     2.726    12.234    14.135   -28.980     0.144   260.985   275.941    54.562   964.370    48.375   203.129
    48.750     2.824     2.734    12.213    14.115   -29.005     0.144   260.980   275.812    54.551   964.394    48.625   203.112
    49.000     2.817     2.733    12.192    14.095   -29.028     0.147   260.975   275.687    54.539   964.418    48.875   203.096
    49.250     2.819     2.722    12.171    14.075   -29.065     0.147   260.970   275.605    54.526   964.448    49.125   203.079
    49.500     2.810     2.688    12.150    14.055   -29.099     0.144   260.964   275.472    54.512   964.477    49.375   203.063
    49.750     2.834     2.728    12.129    14.035   -29.135     0.155   260.959   275.518    54.498   964.499    49.625   203.049
    50.000     2.844     2.726    12.109    14.015   -29.178     0.154   260.954   275.469    54.479   964.527    49.875   203.035
