  1000.000     4.616     3.344     0.000     0.632    -1.483    -0.951     2.646     0.000     0.000     0.000     0.000     0.000     0.000   290.587     0.000   0.00E+00    -0.821     0.280   277.739
   950.000     0.528     3.170     0.001     0.799     0.607    -1.362     0.521     0.000    19.433     0.000   -12.383     0.000     0.000   290.585     0.000   0.73E-07    -1.033     0.314   273.707
   900.000    -3.314     2.364    -0.102     0.740     1.385    -1.397     0.000     0.000    19.431    -0.000   -15.171     0.000     2.245   287.639     0.000   0.11E-01    -0.348     0.336   269.721
   850.000    -6.878     1.638     0.388     0.659     1.493    -1.506     0.000     0.000    18.003    -2.243   -10.506     2.646     2.484   286.268     0.049   0.32E+00     0.196     0.371   266.764
   800.000   -10.495     1.036     0.613     0.543     1.627    -1.641     0.000     0.000    16.369    -2.484    -7.623     2.895     1.544   285.002     0.017   0.26E+00     0.606     0.403   263.507
   750.000   -14.179     0.510     0.575     0.387     1.595    -1.609     0.000     0.000    15.004    -1.544    -6.127     2.179     0.379   285.593     0.002   0.17E+00     0.843     0.426   259.903
   700.000   -18.031     0.225     0.366     0.271     1.493    -1.509     0.000     0.000    14.789    -0.360    -5.006     1.942     0.552   285.099     0.001   0.13E+00     0.807     0.437   255.902
   650.000   -22.378     0.122     0.177     0.198     1.321    -1.338     0.000     0.000    14.380    -0.531    -4.108     1.753     0.359   286.065     0.001   0.99E-01     0.686     0.437   251.453
   600.000   -27.245     0.071    -0.018     0.159     1.115    -1.133     0.000     0.000    14.231    -0.337    -3.116     1.690     0.419   287.035     0.002   0.81E-01     0.502     0.425   246.510
   550.000   -32.619     0.026    -0.165     0.136     0.786    -0.805     0.000     0.000    14.130    -0.401    -2.237     1.846     0.166   287.723     0.003   0.68E-01     0.339     0.403   241.029
   500.000   -38.608     0.018    -0.226     0.162     0.597    -0.619     0.000     0.000    14.631    -0.154    -1.373     2.195     0.010   287.938     0.005   0.42E-01     0.198     0.369   234.971
   450.000   -45.240     0.017    -0.231     0.289     0.581    -0.605     0.000     0.000    16.309     0.000    -0.595     3.246     0.065   288.076     0.029   0.70E-01     0.084     0.327   228.293
   400.000   -52.546     0.016    -0.256     0.511     0.434    -0.459    -0.000     0.000    17.341    -0.000    -0.201     3.364     1.198   288.298     0.124   0.75E-01     0.024     0.278   220.936
   350.000   -60.720     0.017    -0.260     0.768     0.385    -0.412     0.000     0.000    10.505     0.000    -0.042     2.851     8.778   288.415     0.166   0.14E-01     0.002     0.215   212.806
   300.000   -69.702     0.006    -0.366     1.004     0.103    -0.133     0.000     0.000     0.648     0.000    -0.002     0.108     9.939   288.703     0.424   0.42E-02    -0.000     0.113   203.750
   250.000   -74.290     0.003    -4.000     1.001     0.000    -0.026     0.000     0.000     0.005     0.000    -0.000     0.000     0.644   294.506     0.158   0.29E-03    -0.000     0.016   193.346
   200.000   -73.111     0.001    -4.000     0.180    -0.000    -0.013     0.000     0.000     0.000     0.000    -0.000     0.000     0.005   307.356     0.000   0.18E-05    -0.000     0.000   180.693
   150.000   -74.142     0.001    -4.000     0.154     0.000    -0.001     0.000     0.000     0.000     0.000     0.000     0.000     0.000   322.993     0.000   0.00E+00     0.000     0.000   164.428
   100.000   -73.188     0.001    -4.000     0.092     0.000    -0.000     0.000     0.000     0.000     0.000     0.000     0.000     0.000   345.276     0.000   0.00E+00     0.000     0.000   141.649
    80.000   -70.594     0.001    -4.000     0.051     0.000     0.002     0.000     0.000     0.000     0.000     0.000     0.000     0.000   362.023     0.000   0.00E+00     0.000     0.000     0.000
    60.000   -64.143     0.001     0.000     0.016     0.000     0.010     0.000     0.000     0.000     0.000     0.000     0.000     0.000   384.688     0.000   0.00E+00     0.000     0.000     0.000
    40.000   -55.487     0.001     0.000     0.004     0.000     0.019     0.000     0.000     0.000     0.000     0.000     0.000     0.000   417.083     0.000   0.00E+00     0.000     0.000     0.000
    30.000   -48.995     0.001     0.000     0.001     0.000     0.026     0.000     0.000     0.000     0.000     0.000     0.000     0.000   441.151     0.000   0.00E+00     0.000     0.000     0.000
    25.000   -37.490     0.001     0.000     0.000     0.000     0.041     0.000     0.000     0.000     0.000     0.000     0.000     0.000   464.851     0.000   0.00E+00    -0.001     0.000     0.000
