     0.250     0.028     2.946    22.605    23.337   -10.709     2.740   264.377   275.399    32.506   997.964     0.125   258.513
     0.500     0.280     2.947    22.667    23.674   -11.034     2.740   264.431   274.800    37.258   993.355     0.375   246.885
     0.750     3.564     3.096    22.770    23.960   -11.318     2.851   264.410   275.422    41.168   988.796     0.625   239.791
     1.000     4.024     3.206    22.872    24.196   -11.185     2.850   264.388   276.524    44.364   984.766     0.875   234.609
     1.250     4.383     3.273    22.972    24.392   -11.063     2.767   264.362   277.357    47.001   981.079     1.125   231.042
     1.500     4.450     3.344    23.066    24.556   -10.911     2.663   264.351   278.115    49.361   977.507     1.375   227.785
     1.750     4.496     3.405    23.153    24.695   -10.788     2.574   264.335   278.887    51.410   974.222     1.625   225.634
     2.000     4.496     3.484    23.247    24.812   -10.656     2.486   264.316   279.571    53.217   971.124     1.875   223.733
     2.250     4.347     3.519    23.333    24.909   -10.569     2.407   264.302   280.176    54.808   968.216     2.125   221.970
     2.500     4.534     3.564    23.408    24.990   -10.463     2.316   264.298   280.918    56.194   965.611     2.375   220.294
     2.750     4.600     3.601    23.472    25.059   -10.351     2.230   264.280   281.595    57.364   963.307     2.625   218.961
     3.000     4.425     3.631    23.532    25.118   -10.311     2.176   264.273   282.074    58.443   960.963     2.875   217.603
     3.250     4.515     3.658    23.579    25.167   -10.268     2.130   264.269   282.449    59.422   958.794     3.125   216.289
     3.500     4.424     3.681    23.622    25.210   -10.212     2.062   264.255   283.090    60.257   956.815     3.375   215.139
     3.750     4.896     3.757    23.651    25.245   -10.141     2.010   264.251   283.681    60.886   955.450     3.625   214.435
     4.000     4.762     3.711    23.672    25.274   -10.049     1.941   264.240   284.283    61.432   954.295     3.875   213.801
     4.250     4.781     3.721    23.694    25.300    -9.975     1.864   264.227   284.918    61.932   953.106     4.125   213.182
     4.500     4.681     3.791    23.716    25.322    -9.932     1.793   264.215   285.542    62.406   951.892     4.375   212.586
     4.750     4.483     3.741    23.734    25.340    -9.928     1.752   264.208   285.975    62.846   950.739     4.625   212.021
     5.000     4.597     3.778    23.746    25.355    -9.942     1.769   264.198   286.492    63.255   949.646     4.875   211.490
     5.250     4.590     3.816    23.757    25.367    -9.950     1.792   264.187   287.092    63.631   948.619     5.125   210.985
     5.500     4.462     3.792    23.765    25.376    -9.952     1.805   264.179   287.497    63.980   947.639     5.375   210.498
     5.750     4.609     3.771    23.769    25.382    -9.939     1.795   264.168   288.027    64.294   946.776     5.625   210.040
     6.000     4.764     3.843    23.780    25.386    -9.958     1.721   264.161   287.301    64.568   945.922     5.875   209.579
     6.250     4.719     3.778    23.769    25.387    -9.869     1.610   264.144   289.299    64.825   945.610     6.125   209.208
     6.500     4.762     3.848    23.776    25.386    -9.910     1.569   264.133   289.835    65.075   944.761     6.375   208.703
     6.750     4.601     3.847    23.767    25.385    -9.905     1.528   264.123   290.355    65.267   944.384     6.625   208.458
     7.000     4.494     3.816    23.761    25.381    -9.946     1.540   264.111   290.792    65.446   943.860     6.875   208.223
     7.250     4.568     3.856    23.760    25.375   -10.023     1.622   264.099   291.179    65.597   943.202     7.125   207.995
     7.500     4.490     3.794    23.740    25.366   -10.020     1.634   264.088   291.355    65.755   942.996     7.375   207.823
     7.750     4.375     3.826    23.731    25.356   -10.095     1.685   264.081   291.543    65.894   942.502     7.625   207.641
     8.000     4.383     3.829    23.717    25.344   -10.157     1.711   264.071   291.661    66.028   942.019     7.875   207.469
     8.250     4.389     3.832    23.702    25.330   -10.218     1.723   264.060   291.891    66.129   941.688     8.125   207.323
     8.500     4.368     3.834    23.686    25.314   -10.276     1.746   264.052   290.904    66.224   941.377     8.375   207.179
     8.750     4.361     3.871    23.669    25.297   -10.305     1.683   264.044   291.957    66.309   941.072     8.625   207.048
     9.000     4.239     3.872    23.653    25.278   -10.340     1.657   264.035   291.779    66.387   940.729     8.875   206.918
     9.250     4.184     3.806    23.634    25.258   -10.364     1.629   264.028   290.782    66.457   940.447     9.125   206.792
     9.500     4.343     3.875    23.617    25.238   -10.435     1.706   264.020   290.813    66.516   940.126     9.375   206.669
     9.750     4.256     3.873    23.592    25.216   -10.440     1.626   264.013   290.762    66.567   939.991     9.625   206.569
    10.000     4.191     3.834    23.568    25.194   -10.468     1.617   264.003   291.918    66.606   939.858     9.875   206.475
    10.250     4.348     3.868    23.548    25.172   -10.509     1.615   263.996   291.987    66.631   939.619    10.125   206.376
    10.500     4.213     3.829    23.522    25.149   -10.550     1.634   263.989   292.052    66.668   939.571    10.375   206.288
    10.750     4.266     3.864    23.504    25.126   -10.623     1.670   263.982   292.094    66.687   939.235    10.625   206.194
    11.000     4.216     3.823    23.475    25.103   -10.626     1.612   263.974   292.184    66.720   939.253    10.875   206.122
    11.250     4.261     3.821    23.451    25.080   -10.677     1.604   263.967   292.219    66.737   939.126    11.125   206.044
    11.500     4.210     3.784    23.426    25.056   -10.701     1.580   263.961   292.209    66.758   939.001    11.375   205.975
    11.750     4.320     3.854    23.407    25.033   -10.764     1.602   263.953   291.246    66.765   938.733    11.625   205.898
    12.000     4.263     3.850    23.380    25.009   -10.779     1.557   263.947   291.148    66.779   938.715    11.875   205.837
    12.250     4.184     3.848    23.363    24.985   -10.837     1.538   263.939   291.321    66.770   938.488    12.125   205.763
    12.500     4.214     3.845    23.335    24.961   -10.863     1.535   263.932   292.495    66.784   938.410    12.375   205.710
    12.750     4.222     3.803    23.303    24.937   -10.878     1.494   263.925   292.649    66.794   938.486    12.625   205.671
    13.000     4.266     3.838    23.286    24.912   -10.922     1.444   263.918   292.630    66.769   938.233    12.875   205.614
    13.250     4.227     3.836    23.260    24.888   -10.951     1.450   263.909   292.771    66.782   938.193    13.125   205.564
    13.500     4.266     3.829    23.229    24.864   -10.965     1.426   263.903   292.895    66.787   938.279    13.375   205.531
    13.750     4.190     3.830    23.208    24.839   -11.014     1.446   263.896   291.632    66.783   938.075    13.625   205.472
    14.000     4.141     3.827    23.189    24.815   -11.077     1.453   263.888   291.975    66.766   937.892    13.875   205.414
    14.250     4.254     3.824    23.159    24.791   -11.087     1.435   263.881   292.242    66.774   937.897    14.125   205.373
    14.500     4.209     3.820    23.134    24.766   -11.118     1.407   263.874   292.466    66.763   937.847    14.375   205.334
    14.750     4.218     3.816    23.110    24.742   -11.156     1.380   263.865   292.798    66.748   937.788    14.625   205.302
    15.000     4.192     3.814    23.089    24.718   -11.210     1.358   263.857   292.966    66.722   937.687    14.875   205.273
    15.250     4.259     3.811    23.063    24.693   -11.248     1.331   263.849   293.040    66.696   937.715    15.125   205.263
    15.500     4.282     3.806    23.031    24.668   -11.262     1.311   263.841   292.904    66.685   937.840    15.375   205.260
    15.750     4.164     3.731    22.999    24.643   -11.310     1.323   263.831   293.426    66.669   938.003    15.625   205.257
    16.000     4.319     3.801    22.980    24.617   -11.402     1.324   263.823   292.694    66.623   937.905    15.875   205.244
    16.250     4.156     3.802    22.946    24.590   -11.419     1.299   263.816   292.598    66.625   938.014    16.125   205.241
    16.500     4.135     3.801    22.920    24.563   -11.484     1.329   263.809   292.767    66.606   937.994    16.375   205.224
    16.750     4.207     3.796    22.889    24.535   -11.513     1.280   263.802   292.599    66.577   938.109    16.625   205.210
    17.000     4.155     3.793    22.862    24.507   -11.567     1.267   263.793   292.555    66.547   938.159    16.875   205.193
    17.250     4.113     3.792    22.840    24.479   -11.642     1.292   263.785   292.593    66.504   938.103    17.125   205.178
    17.500     4.205     3.766    22.802    24.451   -11.639     1.238   263.778   293.456    66.487   938.367    17.375   205.178
    17.750     4.138     3.744    22.771    24.423   -11.662     1.225   263.771   293.454    66.465   938.463    17.625   205.171
    18.000     4.191     3.779    22.746    24.395   -11.744     1.285   263.762   292.463    66.423   938.388    17.875   205.148
    18.250     4.130     3.776    22.720    24.367   -11.800     1.261   263.754   292.399    66.382   938.421    18.125   205.132
    18.500     4.124     3.773    22.697    24.339   -11.865     1.255   263.746   292.485    66.338   938.441    18.375   205.120
    18.750     4.178     3.768    22.665    24.311   -11.888     1.235   263.739   292.409    66.307   938.571    18.625   205.114
    19.000     4.180     3.745    22.629    24.283   -11.887     1.174   263.731   293.283    66.291   938.767    18.875   205.107
    19.250     4.138     3.756    22.599    24.255   -11.950     1.190   263.725   293.264    66.257   938.855    19.125   205.104
    19.500     4.084     3.756    22.576    24.227   -12.002     1.166   263.715   292.222    66.207   938.764    19.375   205.085
    19.750     4.118     3.754    22.552    24.199   -12.074     1.191   263.707   292.329    66.166   938.801    19.625   205.072
    20.000     4.186     3.741    22.518    24.171   -12.090     1.169   263.698   292.931    66.140   938.995    19.875   205.064
    20.250     4.084     3.738    22.489    24.143   -12.104     1.124   263.692   292.095    66.117   939.039    20.125   205.048
    20.500     4.081     3.743    22.460    24.115   -12.156     1.154   263.685   292.071    66.092   939.087    20.375   205.036
    20.750     4.097     3.738    22.435    24.086   -12.251     1.202   263.676   293.178    66.042   939.100    20.625   205.017
    21.000     4.140     3.734    22.404    24.058   -12.290     1.183   263.669   292.136    66.017   939.209    20.875   205.005
    21.250     4.120     3.719    22.374    24.030   -12.322     1.133   263.660   292.251    65.981   939.350    21.125   204.998
    21.500     4.041     3.720    22.348    24.003   -12.340     1.089   263.652   292.295    65.953   939.333    21.375   204.984
    21.750     4.001     3.726    22.320    23.975   -12.399     1.163   263.647   291.918    65.927   939.335    21.625   204.978
    22.000     4.073     3.721    22.294    23.946   -12.484     1.188   263.638   292.044    65.874   939.378    21.875   204.966
    22.250     4.212     3.711    22.257    23.918   -12.509     1.144   263.631   293.102    65.848   939.680    22.125   204.967
    22.500     4.059     3.704    22.233    23.890   -12.550     1.092   263.621   291.846    65.805   939.628    22.375   204.946
    22.750     4.049     3.701    22.202    23.862   -12.564     1.049   263.614   291.818    65.789   939.729    22.625   204.935
    23.000     4.058     3.694    22.168    23.834   -12.595     1.081   263.606   292.760    65.772   939.869    22.875   204.929
    23.250     4.025     3.661    22.140    23.806   -12.678     1.119   263.598   292.760    65.727   939.953    23.125   204.923
    23.500     4.148     3.659    22.111    23.778   -12.750     1.103   263.590   292.929    65.683   940.053    23.375   204.916
    23.750     4.022     3.655    22.084    23.750   -12.767     1.030   263.582   292.683    65.661   940.093    23.625   204.904
    24.000     3.832     3.668    22.056    23.721   -12.749     0.952   263.578   292.375    65.670   940.076    23.875   204.889
    24.250     3.858     3.685    22.027    23.691   -12.728     0.898   263.575   291.236    65.641   940.034    24.125   204.866
    24.500     3.952     3.690    21.994    23.662   -12.707     0.876   263.570   290.684    65.623   940.099    24.375   204.844
    24.750     3.887     3.690    21.964    23.631   -12.729     0.952   263.562   291.856    65.606   940.134    24.625   204.823
    25.000     3.896     3.687    21.934    23.600   -12.791     1.080   263.557   290.607    65.582   940.134    24.875   204.802
    25.250     3.899     3.684    21.909    23.570   -12.921     1.219   263.552   290.906    65.528   940.153    25.125   204.790
    25.500     4.009     3.674    21.873    23.540   -13.008     1.198   263.545   292.079    65.497   940.360    25.375   204.794
    25.750     4.050     3.669    21.846    23.510   -13.094     1.160   263.537   291.174    65.437   940.369    25.625   204.780
    26.000     4.018     3.663    21.815    23.481   -13.154     1.115   263.528   290.971    65.392   940.473    25.875   204.766
    26.250     4.019     3.647    21.786    23.454   -13.173     1.009   263.522   291.192    65.342   940.586    26.125   204.747
    26.500     4.022     3.651    21.758    23.427   -13.175     0.971   263.514   290.842    65.310   940.624    26.375   204.734
    26.750     3.991     3.648    21.727    23.400   -13.201     1.035   263.506   290.797    65.296   940.683    26.625   204.719
    27.000     3.948     3.647    21.702    23.372   -13.293     1.122   263.498   291.891    65.270   940.696    26.875   204.703
    27.250     3.947     3.644    21.674    23.344   -13.380     1.136   263.490   291.610    65.247   940.772    27.125   204.690
    27.500     3.986     3.630    21.645    23.316   -13.403     1.005   263.485   291.482    65.205   940.858    27.375   204.674
    27.750     4.009     3.594    21.613    23.291   -13.401     0.909   263.478   291.854    65.175   941.067    27.625   204.662
    28.000     4.064     3.619    21.584    23.265   -13.390     0.890   263.467   291.674    65.158   941.107    27.875   204.652
    28.250     3.975     3.628    21.559    23.238   -13.445     0.980   263.459   290.442    65.134   941.039    28.125   204.639
    28.500     3.845     3.629    21.539    23.211   -13.573     1.112   263.454   290.629    65.106   940.979    28.375   204.622
    28.750     3.941     3.618    21.508    23.183   -13.633     1.061   263.446   291.003    65.092   941.082    28.625   204.612
    29.000     3.981     3.610    21.479    23.156   -13.655     0.949   263.438   291.685    65.047   941.207    28.875   204.594
    29.250     4.002     3.593    21.448    23.130   -13.649     0.866   263.432   291.662    65.012   941.408    29.125   204.579
    29.500     4.070     3.604    21.417    23.104   -13.631     0.847   263.421   291.421    64.995   941.478    29.375   204.566
    29.750     3.942     3.598    21.390    23.077   -13.684     0.924   263.414   291.408    64.982   941.491    29.625   204.554
    30.000     3.891     3.607    21.369    23.049   -13.812     1.069   263.406   290.326    64.952   941.386    29.875   204.538
    30.250     3.854     3.596    21.343    23.022   -13.885     0.989   263.398   291.538    64.925   941.462    30.125   204.524
    30.500     3.946     3.590    21.316    22.995   -13.907     0.884   263.392   291.037    64.886   941.567    30.375   204.506
    30.750     3.984     3.562    21.284    22.970   -13.894     0.808   263.385   291.271    64.857   941.771    30.625   204.493
    31.000     3.970     3.551    21.254    22.943   -13.887     0.810   263.374   291.164    64.847   941.834    30.875   204.481
    31.250     3.928     3.552    21.226    22.916   -13.941     0.898   263.367   291.125    64.834   941.857    31.125   204.472
    31.500     3.866     3.543    21.200    22.887   -14.048     0.965   263.359   291.257    64.809   941.899    31.375   204.465
    31.750     3.866     3.576    21.180    22.860   -14.120     0.903   263.354   291.260    64.749   941.876    31.625   204.454
    32.000     3.928     3.569    21.150    22.834   -14.142     0.827   263.347   290.167    64.715   942.033    31.875   204.437
    32.250     3.972     3.572    21.123    22.807   -14.144     0.774   263.335   290.890    64.681   942.068    32.125   204.418
    32.500     3.842     3.574    21.096    22.781   -14.166     0.820   263.330   289.847    64.681   942.055    32.375   204.401
    32.750     3.813     3.566    21.065    22.753   -14.234     0.935   263.323   290.824    64.689   942.117    32.625   204.386
    33.000     3.819     3.563    21.041    22.724   -14.326     0.934   263.317   289.913    64.647   942.123    32.875   204.373
    33.250     3.876     3.547    21.011    22.697   -14.368     0.851   263.310   290.829    64.610   942.279    33.125   204.356
    33.500     3.918     3.548    20.986    22.671   -14.384     0.787   263.301   290.870    64.554   942.341    33.375   204.339
    33.750     3.947     3.552    20.955    22.645   -14.386     0.758   263.294   289.682    64.541   942.444    33.625   204.323
    34.000     3.813     3.553    20.931    22.618   -14.441     0.863   263.285   290.410    64.530   942.360    33.875   204.303
    34.250     3.804     3.537    20.902    22.590   -14.524     0.927   263.279   290.638    64.524   942.462    34.125   204.290
    34.500     3.808     3.521    20.875    22.563   -14.585     0.866   263.274   290.815    64.485   942.546    34.375   204.278
    34.750     3.932     3.532    20.848    22.536   -14.616     0.794   263.263   290.491    64.432   942.625    34.625   204.265
    35.000     3.894     3.525    20.821    22.511   -14.642     0.734   263.258   289.705    64.393   942.746    34.875   204.247
    35.250     3.990     3.522    20.789    22.485   -14.631     0.698   263.248   290.690    64.378   942.888    35.125   204.237
    35.500     3.836     3.524    20.762    22.459   -14.670     0.766   263.239   290.562    64.372   942.889    35.375   204.225
    35.750     3.790     3.524    20.739    22.431   -14.776     0.866   263.233   289.492    64.344   942.879    35.625   204.214
    36.000     3.776     3.512    20.713    22.405   -14.836     0.803   263.224   290.704    64.309   942.985    35.875   204.203
    36.250     3.857     3.512    20.686    22.378   -14.870     0.741   263.218   290.629    64.265   943.101    36.125   204.189
    36.500     3.898     3.506    20.658    22.352   -14.890     0.687   263.211   289.805    64.221   943.223    36.375   204.171
    36.750     3.912     3.503    20.628    22.327   -14.887     0.649   263.201   290.525    64.199   943.353    36.625   204.155
    37.000     3.769     3.476    20.602    22.300   -14.915     0.702   263.192   290.359    64.200   943.334    36.875   204.135
    37.250     3.763     3.469    20.576    22.272   -14.997     0.790   263.186   290.279    64.180   943.339    37.125   204.127
    37.500     3.780     3.502    20.552    22.245   -15.071     0.765   263.181   289.418    64.137   943.396    37.375   204.115
    37.750     3.806     3.469    20.524    22.218   -15.109     0.720   263.173   290.415    64.099   943.536    37.625   204.099
    38.000     3.859     3.482    20.495    22.191   -15.140     0.676   263.165   290.454    64.052   943.660    37.875   204.086
    38.250     3.879     3.477    20.467    22.166   -15.160     0.637   263.157   290.455    64.009   943.799    38.125   204.074
    38.500     3.860     3.485    20.439    22.140   -15.177     0.634   263.146   290.259    64.002   943.853    38.375   204.058
    38.750     3.731     3.479    20.412    22.112   -15.242     0.723   263.139   290.067    64.000   943.832    38.625   204.044
    39.000     3.693     3.458    20.388    22.084   -15.318     0.721   263.134   290.027    63.967   943.881    38.875   204.030
    39.250     3.807     3.477    20.360    22.057   -15.365     0.686   263.124   290.065    63.922   943.990    39.125   204.020
    39.500     3.812     3.473    20.335    22.030   -15.406     0.651   263.118   290.051    63.867   944.064    39.375   204.005
    39.750     3.796     3.468    20.308    22.003   -15.437     0.617   263.110   290.132    63.824   944.164    39.625   203.987
    40.000     3.823     3.463    20.278    21.978   -15.448     0.589   263.104   290.031    63.801   944.327    39.875   203.974
    40.250     3.823     3.465    20.250    21.951   -15.460     0.588   263.093   290.061    63.788   944.385    40.125   203.956
    40.500     3.660     3.429    20.222    21.923   -15.518     0.690   263.087   289.850    63.797   944.395    40.375   203.940
    40.750     3.683     3.457    20.199    21.896   -15.620     0.730   263.082   289.775    63.756   944.428    40.625   203.933
    41.000     3.754     3.441    20.170    21.868   -15.687     0.688   263.074   289.834    63.719   944.542    40.875   203.916
    41.250     3.804     3.452    20.143    21.840   -15.729     0.648   263.066   289.884    63.662   944.618    41.125   203.907
    41.500     3.773     3.420    20.113    21.814   -15.765     0.612   263.059   289.846    63.626   944.787    41.375   203.895
    41.750     3.802     3.442    20.086    21.788   -15.791     0.579   263.050   289.980    63.581   944.875    41.625   203.887
    42.000     3.760     3.438    20.059    21.762   -15.814     0.553   263.042   289.925    63.551   944.978    41.875   203.871
    42.250     3.748     3.435    20.032    21.736   -15.833     0.535   263.036   289.721    63.525   945.098    42.125   203.859
    42.500     3.732     3.434    20.009    21.710   -15.854     0.521   263.028   288.891    63.489   945.133    42.375   203.844
    42.750     3.778     3.440    19.982    21.684   -15.873     0.521   263.021   288.833    63.470   945.251    42.625   203.829
    43.000     3.724     3.430    19.957    21.658   -15.904     0.532   263.011   290.046    63.447   945.330    42.875   203.815
    43.250     3.726     3.419    19.929    21.631   -15.945     0.543   263.004   289.999    63.420   945.422    43.125   203.801
    43.500     3.745     3.398    19.902    21.605   -15.999     0.548   262.997   290.035    63.391   945.509    43.375   203.792
    43.750     3.757     3.414    19.875    21.578   -16.061     0.547   262.989   289.948    63.354   945.588    43.625   203.785
    44.000     3.757     3.418    19.848    21.551   -16.119     0.540   262.979   289.999    63.319   945.649    43.875   203.776
    44.250     3.706     3.408    19.821    21.525   -16.178     0.532   262.972   289.919    63.291   945.760    44.125   203.765
    44.500     3.715     3.406    19.794    21.499   -16.228     0.518   262.964   289.780    63.262   945.846    44.375   203.757
    44.750     3.718     3.410    19.768    21.471   -16.269     0.501   262.957   288.890    63.232   945.906    44.625   203.746
    45.000     3.675     3.410    19.741    21.444   -16.304     0.493   262.948   289.826    63.205   945.991    44.875   203.734
    45.250     3.633     3.401    19.713    21.417   -16.333     0.499   262.942   289.680    63.189   946.091    45.125   203.724
    45.500     3.661     3.380    19.684    21.389   -16.370     0.507   262.936   289.591    63.156   946.156    45.375   203.717
    45.750     3.700     3.404    19.659    21.361   -16.435     0.505   262.927   289.587    63.103   946.202    45.625   203.711
    46.000     3.679     3.396    19.630    21.333   -16.480     0.505   262.920   289.667    63.065   946.387    45.875   203.702
    46.250     3.596     3.377    19.602    21.306   -16.526     0.489   262.915   289.524    63.043   946.584    46.125   203.694
    46.500     3.646     3.392    19.574    21.279   -16.557     0.466   262.910   289.182    63.002   946.717    46.375   203.687
    46.750     3.747     3.393    19.543    21.251   -16.559     0.447   262.897   289.595    62.957   946.854    46.625   203.678
    47.000     3.715     3.392    19.515    21.223   -16.573     0.459   262.893   288.575    62.923   947.006    46.875   203.669
    47.250     3.684     3.392    19.490    21.195   -16.621     0.475   262.885   288.992    62.899   947.104    47.125   203.659
    47.500     3.583     3.365    19.467    21.167   -16.694     0.493   262.879   288.853    62.875   947.177    47.375   203.650
    47.750     3.616     3.382    19.438    21.138   -16.765     0.502   262.870   289.706    62.860   947.203    47.625   203.641
    48.000     3.577     3.364    19.408    21.108   -16.844     0.531   262.864   289.403    62.841   947.207    47.875   203.631
    48.250     3.569     3.360    19.377    21.078   -16.942     0.565   262.856   289.198    62.810   947.267    48.125   203.621
    48.500     3.629     3.362    19.347    21.049   -17.037     0.547   262.849   289.222    62.758   947.417    48.375   203.609
    48.750     3.657     3.354    19.317    21.021   -17.109     0.508   262.843   289.408    62.701   947.585    48.625   203.597
    49.000     3.699     3.335    19.285    20.994   -17.135     0.466   262.836   289.518    62.652   947.740    48.875   203.585
    49.250     3.812     3.352    19.254    20.967   -17.108     0.439   262.827   289.192    62.614   947.920    49.125   203.571
    49.500     3.595     3.353    19.232    20.941   -17.132     0.449   262.819   289.125    62.596   947.877    49.375   203.559
    49.750     3.528     3.355    19.211    20.913   -17.175     0.459   262.813   288.236    62.575   947.840    49.625   203.545
    50.000     3.558     3.350    19.184    20.886   -17.225     0.457   262.805   288.809    62.545   947.925    49.875   203.530
    50.250     3.649     3.343    19.154    20.860   -17.281     0.438   262.798   289.267    62.502   948.160    50.125   203.515
    50.500     3.769     3.338    19.122    20.833   -17.301     0.417   262.789   289.214    62.466   948.290    50.375   203.500
    50.750     3.641     3.345    19.099    20.807   -17.333     0.422   262.782   288.262    62.435   948.308    50.625   203.484
    51.000     3.561     3.339    19.073    20.780   -17.380     0.437   262.776   288.935    62.435   948.359    50.875   203.469
    51.250     3.506     3.337    19.049    20.753   -17.440     0.441   262.767   288.608    62.402   948.377    51.125   203.453
    51.500     3.601     3.330    19.021    20.726   -17.500     0.426   262.761   288.688    62.366   948.499    51.375   203.436
    51.750     3.714     3.332    18.989    20.700   -17.532     0.405   262.753   288.105    62.334   948.612    51.625   203.420
    52.000     3.646     3.331    18.963    20.673   -17.558     0.408   262.744   287.792    62.311   948.673    51.875   203.403
    52.250     3.460     3.326    18.943    20.646   -17.614     0.419   262.737   288.997    62.290   948.672    52.125   203.387
    52.500     3.541     3.321    18.917    20.620   -17.653     0.409   262.731   288.879    62.257   948.739    52.375   203.369
    52.750     3.658     3.321    18.887    20.594   -17.691     0.395   262.723   288.920    62.219   948.841    52.625   203.354
    53.000     3.583     3.324    18.866    20.568   -17.755     0.408   262.713   288.851    62.179   948.842    52.875   203.338
    53.250     3.564     3.313    18.833    20.541   -17.775     0.409   262.708   287.934    62.191   948.944    53.125   203.321
    53.500     3.562     3.307    18.806    20.514   -17.833     0.404   262.701   288.392    62.153   949.036    53.375   203.306
    53.750     3.629     3.301    18.778    20.488   -17.900     0.387   262.693   288.960    62.115   949.174    53.625   203.293
    54.000     3.700     3.304    18.748    20.463   -17.926     0.370   262.683   287.901    62.087   949.246    53.875   203.279
    54.250     3.506     3.300    18.725    20.436   -17.964     0.383   262.675   287.878    62.072   949.283    54.125   203.309
    54.500     3.497     3.297    18.699    20.409   -17.990     0.386   262.670   287.884    62.026   949.395    54.375   203.357
    54.750     3.547     3.291    18.673    20.383   -18.038     0.383   262.662   288.270    61.971   949.514    54.625   203.400
    55.000     3.655     3.294    18.644    20.357   -18.094     0.369   262.654   287.892    61.911   949.641    54.875   203.443
    55.250     3.521     3.231    18.615    20.331   -18.127     0.372   262.643   288.595    61.885   949.772    55.125   203.523
    55.500     3.509     3.288    18.593    20.304   -18.179     0.380   262.639   287.711    61.840   949.805    55.375   203.564
    55.750     3.527     3.265    18.564    20.278   -18.228     0.376   262.631   288.390    61.786   949.982    55.625   203.632
    56.000     3.592     3.268    18.536    20.251   -18.287     0.361   262.623   288.751    61.719   950.155    55.875   203.691
    56.250     3.610     3.252    18.507    20.226   -18.331     0.343   262.615   288.644    61.658   950.316    56.125   203.754
    56.500     3.566     3.248    18.480    20.199   -18.357     0.345   262.604   288.530    61.636   950.417    56.375   203.817
    56.750     3.477     3.274    18.460    20.173   -18.395     0.351   262.598   288.592    61.582   950.411    56.625   203.836
    57.000     3.520     3.261    18.431    20.146   -18.438     0.348   262.592   288.357    61.531   950.609    56.875   203.912
    57.250     3.560     3.255    18.403    20.120   -18.499     0.337   262.584   288.593    61.467   950.777    57.125   203.968
    57.500     3.655     3.261    18.372    20.094   -18.532     0.323   262.573   288.580    61.414   950.924    57.375   204.028
    57.750     3.428     3.265    18.352    20.067   -18.583     0.335   262.565   288.363    61.383   950.889    57.625   204.061
    58.000     3.494     3.260    18.324    20.039   -18.629     0.336   262.559   288.275    61.332   951.053    57.875   204.123
    58.250     3.512     3.255    18.297    20.012   -18.688     0.327   262.552   287.916    61.270   951.200    58.125   204.171
    58.500     3.542     3.250    18.268    19.986   -18.736     0.315   262.544   288.460    61.210   951.378    58.375   204.222
    58.750     3.563     3.255    18.241    19.959   -18.773     0.303   262.536   288.214    61.152   951.501    58.625   204.259
    59.000     3.515     3.262    18.214    19.932   -18.796     0.312   262.527   287.049    61.133   951.582    58.875   204.301
    59.250     3.373     3.221    18.187    19.904   -18.821     0.319   262.521   288.242    61.100   951.684    59.125   204.329
    59.500     3.483     3.242    18.160    19.877   -18.866     0.324   262.515   287.972    61.040   951.781    59.375   204.366
    59.750     3.537     3.221    18.130    19.850   -18.926     0.318   262.507   288.199    60.978   951.937    59.625   204.403
    60.000     3.593     3.234    18.101    19.824   -18.987     0.306   262.498   288.282    60.916   952.080    59.875   204.449
    60.250     3.493     3.226    18.074    19.797   -19.030     0.307   262.487   288.218    60.882   952.145    60.125   204.488
    60.500     3.462     3.231    18.051    19.770   -19.080     0.307   262.480   287.601    60.832   952.194    60.375   204.509
    60.750     3.479     3.220    18.022    19.743   -19.132     0.302   262.473   288.234    60.781   952.366    60.625   204.562
    61.000     3.502     3.225    17.996    19.716   -19.185     0.293   262.465   288.306    60.731   952.448    60.875   204.574
    61.250     3.495     3.213    17.967    19.690   -19.234     0.283   262.458   288.205    60.676   952.624    61.125   204.625
    61.500     3.475     3.189    17.939    19.664   -19.267     0.272   262.449   288.375    60.631   952.759    61.375   204.658
    61.750     3.510     3.223    17.913    19.636   -19.286     0.276   262.442   286.775    60.613   952.779    61.625   204.673
    62.000     3.422     3.221    17.887    19.608   -19.310     0.286   262.433   288.205    60.566   952.855    61.875   204.679
    62.250     3.431     3.216    17.861    19.580   -19.357     0.297   262.426   288.093    60.524   952.922    62.125   204.686
    62.500     3.449     3.203    17.832    19.553   -19.424     0.300   262.420   287.806    60.474   953.055    62.375   204.719
    62.750     3.487     3.197    17.803    19.527   -19.494     0.293   262.411   287.947    60.423   953.168    62.625   204.741
    63.000     3.498     3.194    17.775    19.500   -19.561     0.280   262.402   288.106    60.369   953.295    62.875   204.770
    63.250     3.463     3.198    17.750    19.474   -19.617     0.267   262.394   287.844    60.326   953.361    63.125   204.784
    63.500     3.441     3.190    17.723    19.448   -19.654     0.255   262.385   288.210    60.287   953.474    63.375   204.806
    63.750     3.428     3.190    17.696    19.421   -19.674     0.247   262.379   287.803    60.255   953.559    63.625   204.818
    64.000     3.426     3.178    17.668    19.394   -19.692     0.244   262.371   287.750    60.211   953.682    63.875   204.847
    64.250     3.453     3.203    17.643    19.366   -19.718     0.245   262.362   287.818    60.164   953.721    64.125   204.858
    64.500     3.409     3.194    17.615    19.338   -19.748     0.257   262.354   287.723    60.124   953.806    64.375   204.877
    64.750     3.425     3.180    17.585    19.311   -19.799     0.269   262.347   287.481    60.076   953.944    64.625   204.909
    65.000     3.446     3.156    17.557    19.284   -19.869     0.270   262.338   287.503    60.021   954.051    64.875   204.928
    65.250     3.473     3.163    17.529    19.256   -19.944     0.266   262.329   287.573    59.970   954.150    65.125   204.948
    65.500     3.438     3.176    17.502    19.229   -20.007     0.260   262.322   286.682    59.925   954.219    65.375   204.959
    65.750     3.388     3.169    17.475    19.202   -20.056     0.257   262.313   287.668    59.882   954.327    65.625   204.983
    66.000     3.391     3.145    17.446    19.175   -20.102     0.254   262.306   287.512    59.839   954.420    65.875   204.996
    66.250     3.416     3.169    17.419    19.147   -20.153     0.249   262.298   287.282    59.792   954.480    66.125   205.006
    66.500     3.403     3.161    17.389    19.120   -20.204     0.244   262.290   287.636    59.747   954.618    66.375   205.033
    66.750     3.382     3.165    17.362    19.092   -20.246     0.239   262.283   287.248    59.704   954.665    66.625   205.035
    67.000     3.367     3.137    17.332    19.064   -20.288     0.236   262.275   287.507    59.663   954.796    66.875   205.056
    67.250     3.384     3.135    17.303    19.036   -20.328     0.234   262.268   287.262    59.619   954.894    67.125   205.067
    67.500     3.164     3.179    17.283    19.008   -20.376     0.235   262.266   286.225    59.620   954.892    67.375   205.086
    67.750     2.961     3.193    17.254    18.975   -20.413     0.248   262.272   285.706    59.639   954.904    67.625   205.096
    68.000     3.212     3.178    17.215    18.941   -20.465     0.278   262.270   286.400    59.580   955.048    67.875   205.104
    68.250     3.365     3.161    17.180    18.909   -20.554     0.296   262.267   286.513    59.510   955.177    68.125   205.110
    68.500     3.342     3.133    17.148    18.878   -20.655     0.308   262.257   286.108    59.457   955.246    68.375   205.122
    68.750     3.381     3.170    17.122    18.847   -20.780     0.402   262.249   285.087    59.407   955.251    68.625   205.109
    69.000     3.230     3.131    17.094    18.816   -20.921     0.439   262.244   286.058    59.368   955.329    68.875   205.121
    69.250     3.215     3.144    17.065    18.786   -21.046     0.394   262.242   285.884    59.328   955.382    69.125   205.131
    69.500     3.199     3.155    17.033    18.755   -21.118     0.338   262.240   285.819    59.287   955.457    69.375   205.127
    69.750     3.227     3.148    16.997    18.725   -21.146     0.297   262.240   285.907    59.233   955.592    69.625   205.126
    70.000     3.269     3.143    16.963    18.696   -21.156     0.265   262.238   286.226    59.172   955.757    69.875   205.129
    70.250     3.429     3.126    16.924    18.668   -21.135     0.239   262.230   286.029    59.115   955.931    70.125   205.134
    70.500     3.468     3.129    16.893    18.641   -21.093     0.227   262.219   285.718    59.046   956.047    70.375   205.137
    70.750     3.381     3.105    16.868    18.615   -21.080     0.243   262.208   285.782    59.000   956.134    70.625   205.141
    71.000     3.295     3.125    16.850    18.590   -21.133     0.253   262.202   285.485    58.969   956.144    70.875   205.135
    71.250     3.277     3.123    16.823    18.563   -21.203     0.246   262.197   285.511    58.944   956.234    71.125   205.133
    71.500     3.365     3.120    16.792    18.537   -21.259     0.235   262.190   285.660    58.895   956.343    71.375   205.141
    71.750     3.469     3.120    16.768    18.511   -21.299     0.242   262.178   285.069    58.823   956.385    71.625   205.123
    72.000     3.361     3.094    16.740    18.486   -21.333     0.249   262.170   285.818    58.795   956.521    71.875   205.139
    72.250     3.261     3.110    16.718    18.461   -21.401     0.242   262.163   285.888    58.781   956.548    72.125   205.133
    72.500     3.243     3.095    16.691    18.435   -21.469     0.230   262.159   285.954    58.754   956.626    72.375   205.129
    72.750     3.393     3.112    16.660    18.408   -21.496     0.218   262.152   284.847    58.709   956.720    72.625   205.133
    73.000     3.422     3.109    16.636    18.382   -21.516     0.227   262.138   285.758    58.644   956.761    72.875   205.116
    73.250     3.353     3.107    16.611    18.357   -21.547     0.243   262.132   284.711    58.618   956.844    73.125   205.121
    73.500     3.177     3.103    16.589    18.331   -21.609     0.246   262.126   285.717    58.609   956.872    73.375   205.119
    73.750     3.205     3.102    16.562    18.304   -21.684     0.237   262.122   285.614    58.587   956.921    73.625   205.113
    74.000     3.358     3.101    16.529    18.277   -21.735     0.226   262.115   284.590    58.532   957.003    73.875   205.113
    74.250     3.418     3.095    16.498    18.251   -21.753     0.232   262.104   284.720    58.484   957.124    74.125   205.105
    74.500     3.245     3.083    16.475    18.225   -21.806     0.240   262.096   285.488    58.450   957.181    74.375   205.109
    74.750     3.205     3.084    16.450    18.199   -21.875     0.233   262.091   285.445    58.436   957.222    74.625   205.101
    75.000     3.264     3.094    16.422    18.173   -21.934     0.220   262.086   285.233    58.403   957.283    74.875   205.095
    75.250     3.398     3.059    16.387    18.146   -21.945     0.214   262.074   285.342    58.346   957.416    75.125   205.094
    75.500     3.309     3.013    16.362    18.120   -21.973     0.227   262.066   285.201    58.293   957.485    75.375   205.102
    75.750     3.236     3.077    16.342    18.095   -22.048     0.228   262.059   285.070    58.272   957.494    75.625   205.095
    76.000     3.187     3.076    16.316    18.069   -22.122     0.218   262.056   285.283    58.257   957.567    75.875   205.089
    76.250     3.315     3.078    16.283    18.042   -22.154     0.207   262.049   284.276    58.213   957.656    76.125   205.083
    76.500     3.351     3.068    16.253    18.016   -22.158     0.214   262.037   285.167    58.157   957.771    76.375   205.088
    76.750     3.271     3.060    16.232    17.990   -22.204     0.227   262.029   285.170    58.120   957.806    76.625   205.081
    77.000     3.173     3.066    16.208    17.964   -22.276     0.222   262.025   284.928    58.107   957.836    76.875   205.074
    77.250     3.196     3.074    16.180    17.937   -22.347     0.211   262.021   285.069    58.082   957.897    77.125   205.061
    77.500     3.370     3.063    16.147    17.910   -22.368     0.203   262.010   284.891    58.025   957.980    77.375   205.055
    77.750     3.315     3.060    16.121    17.885   -22.392     0.216   262.002   284.683    57.979   958.052    77.625   205.051
    78.000     3.189     3.053    16.098    17.860   -22.447     0.226   261.994   284.696    57.960   958.102    77.875   205.050
    78.250     3.145     3.050    16.072    17.834   -22.523     0.219   261.990   284.847    57.947   958.155    78.125   205.041
    78.500     3.247     3.058    16.042    17.807   -22.579     0.206   261.985   284.508    57.920   958.211    78.375   205.022
    78.750     3.378     3.049    16.011    17.781   -22.590     0.202   261.973   284.666    57.853   958.317    78.625   205.021
    79.000     3.239     3.035    15.988    17.756   -22.627     0.217   261.967   284.691    57.809   958.387    78.875   205.031
    79.250     3.142     3.029    15.965    17.731   -22.698     0.214   261.959   284.719    57.802   958.428    79.125   205.021
    79.500     3.143     3.039    15.940    17.705   -22.768     0.203   261.956   284.642    57.783   958.475    79.375   205.010
    79.750     3.296     3.043    15.909    17.678   -22.794     0.192   261.948   283.696    57.731   958.523    79.625   204.997
    80.000     3.355     3.038    15.879    17.652   -22.794     0.200   261.937   283.870    57.687   958.653    79.875   204.995
    80.250     3.152     3.032    15.860    17.627   -22.845     0.213   261.930   284.492    57.658   958.661    80.125   204.991
    80.500     3.123     3.033    15.835    17.602   -22.920     0.207   261.926   284.239    57.649   958.694    80.375   204.982
    80.750     3.191     3.026    15.804    17.575   -22.981     0.195   261.922   284.139    57.629   958.786    80.625   204.970
    81.000     3.343     3.004    15.771    17.549   -22.993     0.187   261.910   284.042    57.563   958.892    80.875   204.974
    81.250     3.243     3.027    15.752    17.525   -23.030     0.203   261.900   284.304    57.510   958.881    81.125   204.962
    81.500     3.156     3.021    15.728    17.500   -23.091     0.204   261.894   284.408    57.505   958.942    81.375   204.956
    81.750     3.099     3.018    15.702    17.474   -23.176     0.195   261.890   284.364    57.496   958.997    81.625   204.948
    82.000     3.214     3.025    15.672    17.447   -23.219     0.183   261.886   284.146    57.465   959.058    81.875   204.932
    82.250     3.293     3.017    15.641    17.422   -23.220     0.178   261.875   283.489    57.404   959.157    82.125   204.932
    82.500     3.250     3.015    15.616    17.397   -23.233     0.195   261.868   283.898    57.364   959.210    82.375   204.935
    82.750     3.124     2.996    15.594    17.371   -23.295     0.203   261.858   283.979    57.355   959.249    82.625   204.923
    83.000     3.091     3.007    15.570    17.346   -23.377     0.196   261.854   283.935    57.344   959.268    82.875   204.908
    83.250     3.170     2.987    15.539    17.319   -23.431     0.185   261.849   283.810    57.313   959.354    83.125   204.902
    83.500     3.316     3.004    15.509    17.293   -23.444     0.185   261.837   283.755    57.246   959.423    83.375   204.896
    83.750     3.242     2.990    15.483    17.269   -23.474     0.194   261.828   283.635    57.207   959.505    83.625   204.902
    84.000     3.085     2.998    15.463    17.244   -23.547     0.193   261.822   283.750    57.203   959.506    83.875   204.885
    84.250     3.064     2.984    15.437    17.218   -23.618     0.184   261.819   283.798    57.193   959.556    84.125   204.868
    84.500     3.211     2.998    15.408    17.192   -23.648     0.175   261.813   282.955    57.142   959.589    84.375   204.858
    84.750     3.256     2.990    15.378    17.167   -23.650     0.183   261.801   283.607    57.102   959.710    84.625   204.858
    85.000     3.193     2.982    15.354    17.142   -23.699     0.193   261.792   283.705    57.075   959.755    84.875   204.852
    85.250     3.053     2.974    15.332    17.117   -23.777     0.190   261.789   283.508    57.074   959.772    85.125   204.838
    85.500     3.071     2.973    15.306    17.091   -23.840     0.180   261.786   283.613    57.054   959.813    85.375   204.824
    85.750     3.260     2.983    15.273    17.065   -23.858     0.170   261.778   283.180    57.002   959.899    85.625   204.823
    86.000     3.254     2.978    15.246    17.040   -23.870     0.179   261.765   283.389    56.947   959.981    85.875   204.825
    86.250     3.137     2.975    15.224    17.015   -23.933     0.186   261.757   283.551    56.930   960.010    86.125   204.818
    86.500     3.027     2.963    15.201    16.990   -24.014     0.180   261.755   283.363    56.931   960.038    86.375   204.803
    86.750     3.092     2.972    15.172    16.964   -24.064     0.169   261.753   283.370    56.914   960.103    86.625   204.789
    87.000     3.246     2.949    15.140    16.938   -24.066     0.162   261.741   283.014    56.855   960.191    86.875   204.787
    87.250     3.163     2.947    15.117    16.914   -24.081     0.177   261.731   283.200    56.814   960.236    87.125   204.781
    87.500     3.111     2.964    15.095    16.889   -24.148     0.181   261.725   283.240    56.807   960.267    87.375   204.771
    87.750     3.012     2.954    15.071    16.863   -24.228     0.173   261.722   283.023    56.803   960.280    87.625   204.755
    88.000     3.120     2.971    15.042    16.837   -24.271     0.163   261.718   283.106    56.780   960.333    87.875   204.742
    88.250     3.197     2.936    15.010    16.812   -24.272     0.162   261.706   282.917    56.727   960.431    88.125   204.730
    88.500     3.201     2.959    14.986    16.787   -24.298     0.179   261.698   282.792    56.684   960.458    88.375   204.731
    88.750     3.070     2.955    14.965    16.763   -24.376     0.183   261.691   282.910    56.674   960.473    88.625   204.723
    89.000     3.012     2.941    14.940    16.737   -24.459     0.175   261.688   282.827    56.669   960.509    88.875   204.707
    89.250     3.077     2.948    14.912    16.712   -24.508     0.163   261.686   282.829    56.647   960.566    89.125   204.693
    89.500     3.241     2.948    14.880    16.687   -24.509     0.155   261.673   282.547    56.594   960.653    89.375   204.683
    89.750     3.127     2.877    14.855    16.663   -24.511     0.171   261.664   282.481    56.557   960.702    89.625   204.679
    90.000     3.082     2.929    14.834    16.639   -24.583     0.177   261.656   282.778    56.551   960.723    89.875   204.672
    90.250     3.008     2.930    14.811    16.614   -24.664     0.170   261.653   282.604    56.546   960.740    90.125   204.659
    90.500     3.071     2.937    14.783    16.588   -24.715     0.159   261.651   282.750    56.524   960.813    90.375   204.647
    90.750     3.210     2.937    14.753    16.563   -24.721     0.152   261.639   282.336    56.463   960.852    90.625   204.640
    91.000     3.162     2.935    14.728    16.540   -24.737     0.163   261.628   282.341    56.429   960.921    90.875   204.639
    91.250     3.033     2.933    14.708    16.515   -24.800     0.167   261.621   282.595    56.427   960.928    91.125   204.626
    91.500     2.980     2.920    14.684    16.490   -24.876     0.161   261.619   282.349    56.426   960.962    91.375   204.611
    91.750     3.079     2.937    14.656    16.465   -24.916     0.152   261.615   282.320    56.399   960.999    91.625   204.598
    92.000     3.183     2.903    14.623    16.440   -24.911     0.152   261.603   282.042    56.355   961.098    91.875   204.583
    92.250     3.117     2.904    14.601    16.416   -24.943     0.168   261.594   282.139    56.321   961.125    92.125   204.583
    92.500     3.005     2.921    14.580    16.392   -25.018     0.170   261.589   282.019    56.322   961.124    92.375   204.572
    92.750     2.971     2.909    14.556    16.367   -25.087     0.163   261.586   281.972    56.314   961.156    92.625   204.557
    93.000     2.919     2.916    14.531    16.340   -25.123     0.156   261.585   281.539    56.317   961.207    92.875   204.546
    93.250     2.904     2.946    14.508    16.311   -25.139     0.168   261.586   281.357    56.290   961.235    93.125   204.536
    93.500     2.924     2.899    14.480    16.282   -25.191     0.179   261.586   281.113    56.273   961.312    93.375   204.526
    93.750     3.019     2.931    14.452    16.253   -25.281     0.225   261.569   280.823    56.248   961.353    93.625   204.514
    94.000     2.954     2.934    14.431    16.224   -25.410     0.248   261.569   280.747    56.220   961.362    93.875   204.506
    94.250     2.967     2.929    14.406    16.196   -25.521     0.249   261.576   280.550    56.192   961.369    94.125   204.495
    94.500     3.075     2.922    14.378    16.169   -25.592     0.244   261.572   279.631    56.145   961.423    94.375   204.482
    94.750     3.064     2.927    14.349    16.142   -25.650     0.238   261.565   279.877    56.101   961.461    94.625   204.471
    95.000     3.058     2.918    14.320    16.117   -25.694     0.233   261.559   279.736    56.063   961.519    94.875   204.456
    95.250     3.041     2.912    14.293    16.093   -25.726     0.223   261.551   280.620    56.024   961.553    95.125   204.445
    95.500     3.056     2.907    14.267    16.070   -25.744     0.201   261.544   280.606    55.993   961.605    95.375   204.429
    95.750     3.041     2.903    14.242    16.047   -25.745     0.192   261.538   280.561    55.970   961.648    95.625   204.417
    96.000     3.026     2.899    14.217    16.025   -25.759     0.188   261.532   280.319    55.954   961.708    95.875   204.404
    96.250     3.036     2.898    14.193    16.003   -25.780     0.190   261.528   279.496    55.932   961.743    96.125   204.391
    96.500     3.024     2.885    14.169    15.981   -25.806     0.202   261.522   280.176    55.918   961.797    96.375   204.380
    96.750     3.018     2.867    14.146    15.960   -25.863     0.205   261.513   280.215    55.901   961.828    96.625   204.368
    97.000     3.057     2.893    14.125    15.938   -25.913     0.217   261.508   279.335    55.878   961.841    96.875   204.358
    97.250     3.050     2.890    14.102    15.916   -25.973     0.232   261.502   279.982    55.861   961.877    97.125   204.350
    97.500     2.997     2.847    14.079    15.894   -26.030     0.222   261.495   280.112    55.845   961.921    97.375   204.340
    97.750     3.036     2.844    14.056    15.872   -26.072     0.212   261.487   280.093    55.826   961.953    97.625   204.332
    98.000     3.058     2.883    14.034    15.850   -26.104     0.203   261.480   279.977    55.802   961.970    97.875   204.325
    98.250     2.993     2.884    14.014    15.828   -26.137     0.205   261.473   279.963    55.777   961.971    98.125   204.314
    98.500     2.992     2.883    13.992    15.807   -26.164     0.207   261.469   279.274    55.760   962.002    98.375   204.303
    98.750     3.017     2.878    13.966    15.785   -26.194     0.203   261.461   279.851    55.752   962.075    98.625   204.293
    99.000     3.004     2.877    13.943    15.762   -26.232     0.196   261.454   279.880    55.732   962.084    98.875   204.280
    99.250     2.983     2.877    13.922    15.741   -26.268     0.207   261.451   278.697    55.708   962.097    99.125   204.268
    99.500     3.004     2.874    13.898    15.719   -26.305     0.204   261.442   279.782    55.695   962.152    99.375   204.258
    99.750     3.000     2.873    13.875    15.697   -26.339     0.202   261.438   278.884    55.679   962.189    99.625   204.247
   100.000     2.979     2.843    13.851    15.675   -26.386     0.206   261.430   279.589    55.666   962.241    99.875   204.234
