  1000.000    14.500     7.315     0.000     0.701    -1.691    -1.185     2.677     0.000     0.000     0.000     0.000     0.000     0.000   309.735     0.000   0.00E+00    -1.241     0.350   287.667
   950.000    10.360     7.107     0.001     0.877     1.950    -1.243    -0.489     0.000    12.538     0.000   -11.999     0.000     0.000   309.409     0.000   0.00E+00    -2.286     0.388   283.494
   900.000     7.453     5.213    -0.402     0.742     1.228    -1.220     0.000     0.000    12.532     0.000    -7.726     0.000     1.745   305.295     0.000   0.24E-01    -0.754     0.415   279.986
   850.000     4.156     3.955     0.217     0.683     1.197    -1.192     0.000     0.000    11.739    -1.739    -7.626     1.919     1.387   303.067     0.001   0.31E-02     0.106     0.446   277.408
   800.000     0.876     2.876     0.615     0.594     1.296    -1.292     0.000     0.000    10.785    -1.387    -6.972     1.625     0.199   301.069     0.005   0.29E+00     0.698     0.475   274.607
   750.000    -2.534     1.929     0.869     0.505     1.433    -1.431     0.000     0.000    10.622    -0.198    -8.478     1.366     0.109   300.073     0.002   0.15E+00     1.355     0.493   271.643
   700.000    -5.690     1.161     0.689     0.381     1.539    -1.537     0.000     0.000    10.659    -0.001    -6.526     1.269     0.109   299.723     0.003   0.11E+00     1.571     0.521   268.420
   650.000    -9.216     0.691     0.367     0.282     1.499    -1.497     0.000     0.000    10.695    -0.000    -5.761     1.087     0.096   300.183     0.004   0.84E-01     1.494     0.540   264.781
   600.000   -13.297     0.421     0.010     0.215     1.350    -1.351     0.000     0.000    10.758     0.000    -4.941     1.021     0.088   301.143     0.006   0.73E-01     1.226     0.552   260.637
   550.000   -18.168     0.280    -0.267     0.185     1.148    -1.151     0.000     0.000    10.883     0.000    -4.011     1.113     0.095   302.354     0.011   0.71E-01     0.890     0.552   255.884
   500.000   -23.949     0.202    -0.390     0.195     0.965    -0.973     0.000     0.000    11.129     0.000    -2.946     1.242     0.092   303.454     0.016   0.70E-01     0.572     0.532   250.410
   450.000   -30.553     0.135    -0.373     0.261     0.884    -0.898     0.000     0.000    11.551    -0.000    -1.798     1.414     0.128   304.264     0.024   0.15E+00     0.332     0.495   244.102
   400.000   -37.914     0.085    -0.319     0.422     0.837    -0.858     0.000     0.000    11.901    -0.001    -0.830     1.600     0.487   304.983     0.086   0.20E+00     0.126     0.444   236.852
   350.000   -46.154     0.052    -0.325     0.698     0.672    -0.700     0.000     0.000    11.256     0.000    -0.269     1.927     1.978   305.468     0.210   0.16E+00     0.035     0.381   228.564
   300.000   -55.514     0.032    -0.368     0.846     0.535    -0.571     0.000     0.000     8.500     0.000    -0.052     2.005     4.320   305.812     0.306   0.25E-01     0.005     0.286   219.116
   250.000   -66.163     0.012    -0.615     0.998     0.151    -0.195     0.000     0.000     0.214     0.000    -0.001     0.000     8.286   306.137     0.478   0.33E-02    -0.000     0.177   208.302
   200.000   -62.264     0.001    -4.000     0.072    -0.007     0.010     0.000     0.000     0.000     0.000    -0.000     0.000     0.214   321.033     0.000   0.11E-03    -0.000     0.016   195.037
   150.000   -63.813     0.001    -4.000     0.052     0.000     0.031     0.000     0.000     0.000     0.000     0.000     0.000     0.000   336.022     0.000   0.00E+00     0.000     0.000   177.925
   100.000   -65.878     0.001    -4.000     0.044     0.000     0.024     0.000     0.000     0.000     0.000     0.000     0.000     0.000   358.210     0.000   0.00E+00     0.000     0.000   154.166
    80.000   -66.609     0.001    -4.000     0.037     0.000     0.022     0.000     0.000     0.000     0.000     0.000     0.000     0.000   370.498     0.000   0.00E+00     0.000     0.000     0.000
    60.000   -65.471     0.001     0.000     0.023     0.000     0.026     0.000     0.000     0.000     0.000     0.000     0.000     0.000   388.767     0.000   0.00E+00     0.000     0.000     0.000
    40.000   -64.933     0.001     0.000     0.013     0.000     0.028     0.000     0.000     0.000     0.000     0.000     0.000     0.000   412.790     0.000   0.00E+00     0.000     0.000     0.000
    30.000   -67.682     0.001     0.000     0.014     0.000     0.019     0.000     0.000     0.000     0.000     0.000     0.000     0.000   427.685     0.000   0.00E+00     0.000     0.000     0.000
    25.000   -77.306     0.001     0.000     0.046     0.000    -0.015     0.000     0.000     0.000     0.000     0.000     0.000     0.000   428.795     0.000   0.00E+00    -0.001     0.000     0.000
