  1000.000     4.647     3.353     0.000     0.638    -1.498    -0.988     2.657     0.000     0.000     0.000     0.000     0.000     0.000   291.630     0.000   0.00E+00    -0.847     0.286   277.772
   950.000     0.562     3.179     0.001     0.805     0.735    -1.373     0.436     0.000    18.928     0.000   -12.355     0.000     0.000   291.623     0.000   0.55E-07    -1.097     0.320   273.739
   900.000    -3.246     2.372    -0.128     0.742     1.389    -1.405     0.000     0.000    18.925    -0.000   -14.818     0.000     2.226   289.074     0.000   0.10E-01    -0.366     0.342   269.752
   850.000    -6.773     1.626     0.371     0.663     1.487    -1.505     0.000     0.000    17.546    -2.224   -10.439     2.618     2.389   287.233     0.050   0.32E+00     0.196     0.377   266.796
   800.000   -10.376     1.036     0.601     0.547     1.618    -1.636     0.000     0.000    15.965    -2.389    -7.661     2.794     1.411   285.973     0.016   0.27E+00     0.625     0.409   263.540
   750.000   -14.083     0.548     0.563     0.394     1.592    -1.612     0.000     0.000    14.723    -1.409    -6.226     2.109     0.386   286.746     0.002   0.17E+00     0.867     0.432   259.937
   700.000   -17.993     0.279     0.363     0.278     1.484    -1.505     0.000     0.000    14.497    -0.362    -5.200     1.887     0.484   286.068     0.001   0.13E+00     0.846     0.444   255.938
   650.000   -22.403     0.133     0.168     0.205     1.315    -1.337     0.000     0.000    14.165    -0.457    -4.290     1.708     0.350   286.930     0.001   0.10E+00     0.720     0.446   251.491
   600.000   -27.207     0.059    -0.026     0.166     1.105    -1.129     0.000     0.000    14.028    -0.322    -3.304     1.662     0.384   288.234     0.002   0.84E-01     0.532     0.436   246.549
   550.000   -32.590     0.030    -0.168     0.145     0.800    -0.826     0.000     0.000    13.971    -0.361    -2.388     1.812     0.170   288.701     0.003   0.72E-01     0.361     0.415   241.069
   500.000   -38.663     0.022    -0.222     0.174     0.624    -0.652     0.000     0.000    14.460    -0.154    -1.478     2.146     0.011   288.980     0.006   0.44E-01     0.214     0.381   235.013
   450.000   -45.341     0.019    -0.221     0.309     0.613    -0.644     0.000     0.000    16.070     0.000    -0.663     3.146     0.080   289.161     0.036   0.84E-01     0.092     0.338   228.339
   400.000   -52.618     0.014    -0.243     0.540     0.472    -0.506     0.000     0.000    16.711     0.000    -0.226     3.142     1.419   289.463     0.134   0.87E-01     0.027     0.289   220.985
   350.000   -60.700     0.011    -0.250     0.755     0.406    -0.443    -0.000     0.000    10.585     0.000    -0.052     2.806     8.053   289.615     0.151   0.20E-01     0.003     0.223   212.857
   300.000   -69.702     0.006    -0.360     1.000     0.130    -0.170     0.000     0.000     0.939     0.000    -0.004     0.167     9.776   289.990     0.420   0.60E-02     0.000     0.123   203.801
   250.000   -74.277     0.003    -4.000     1.002     0.004    -0.039     0.000     0.000     0.011     0.000    -0.000     0.000     0.927   295.050     0.202   0.48E-03    -0.000     0.023   193.396
   200.000   -73.075     0.001    -4.000     0.175    -0.001    -0.018     0.000     0.000     0.000     0.000    -0.000     0.000     0.011   308.027     0.000   0.39E-05    -0.000     0.001   180.742
   150.000   -74.110     0.001    -4.000     0.147     0.000    -0.001     0.000     0.000     0.000     0.000     0.000     0.000     0.000   323.491     0.000   0.00E+00     0.000     0.000   164.474
   100.000   -73.165     0.001    -4.000     0.089     0.000    -0.000     0.000     0.000     0.000     0.000     0.000     0.000     0.000   346.310     0.000   0.00E+00     0.000     0.000   141.692
    80.000   -70.576     0.001    -4.000     0.050     0.000     0.003     0.000     0.000     0.000     0.000     0.000     0.000     0.000   362.080     0.000   0.00E+00     0.000     0.000     0.000
    60.000   -64.129     0.001     0.000     0.016     0.000     0.013     0.000     0.000     0.000     0.000     0.000     0.000     0.000   385.342     0.000   0.00E+00     0.000     0.000     0.000
    40.000   -55.476     0.001     0.000     0.004     0.000     0.025     0.000     0.000     0.000     0.000     0.000     0.000     0.000   417.703     0.000   0.00E+00     0.000     0.000     0.000
    30.000   -48.989     0.001     0.000     0.001     0.000     0.034     0.000     0.000     0.000     0.000     0.000     0.000     0.000   441.637     0.000   0.00E+00     0.000     0.000     0.000
    25.000   -37.491     0.001     0.000     0.000     0.000     0.052     0.000     0.000     0.000     0.000     0.000     0.000     0.000   465.109     0.000   0.00E+00    -0.001     0.000     0.000
