  1000.000     3.014     2.996    -0.000     0.639    -1.386    -0.957     2.625     0.000     0.000     0.000     0.000     0.000     0.000   290.584     0.000   0.00E+00    -0.706     0.275   276.121
   950.000    -1.083     2.837     0.001     0.811     0.397    -1.440     0.714     0.000    19.357     0.000   -15.060     0.000     0.001   290.585     0.000   0.11E-06    -1.089     0.306   272.112
   900.000    -4.866     2.013    -0.073     0.731     1.430    -1.456     0.000     0.000    19.354    -0.001   -13.996     0.001     2.082   287.435     0.003   0.71E-01    -0.314     0.337   268.239
   850.000    -8.422     1.346     0.381     0.644     1.490    -1.517     0.000     0.000    18.058    -2.080   -10.076     2.560     2.329   286.172     0.041   0.28E+00     0.218     0.370   265.198
   800.000   -12.079     0.847     0.589     0.535     1.582    -1.610     0.000     0.000    16.561    -2.329    -7.346     2.798     1.577   285.025     0.017   0.26E+00     0.593     0.400   261.852
   750.000   -15.846     0.460     0.567     0.398     1.564    -1.593     0.000     0.000    15.219    -1.574    -5.854     2.170     0.630   285.603     0.003   0.17E+00     0.802     0.422   258.158
   700.000   -19.865     0.244     0.394     0.285     1.463    -1.494     0.000     0.000    14.732    -0.605    -4.829     1.890     0.515   285.073     0.001   0.13E+00     0.802     0.431   254.070
   650.000   -24.336     0.125     0.193     0.213     1.318    -1.351     0.000     0.000    14.396    -0.482    -3.892     1.746     0.429   285.899     0.001   0.99E-01     0.680     0.431   249.544
   600.000   -29.223     0.060    -0.009     0.172     1.121    -1.156     0.000     0.000    14.203    -0.396    -3.004     1.667     0.459   286.896     0.001   0.82E-01     0.503     0.420   244.539
   550.000   -34.596     0.025    -0.174     0.140     0.748    -0.785     0.000     0.000    14.131    -0.430    -2.178     1.893     0.078   287.417     0.002   0.69E-01     0.340     0.400   239.018
   500.000   -40.635     0.020    -0.229     0.176     0.594    -0.634     0.000     0.000    14.971    -0.057    -1.326     2.432     0.017   287.828     0.005   0.43E-01     0.197     0.368   232.945
   450.000   -47.299     0.017    -0.224     0.291     0.549    -0.592     0.000     0.000    16.800     0.000    -0.605     3.416     0.104   288.057     0.027   0.68E-01     0.090     0.327   226.280
   400.000   -54.613     0.014    -0.228     0.498     0.433    -0.479     0.000     0.000    20.617     0.000    -0.224     5.928     0.783   288.354     0.108   0.69E-01     0.026     0.279   218.960
   350.000   -62.697     0.013    -0.222     0.893     0.389    -0.439    -0.000     0.000     6.129     0.000    -0.039     1.335    15.289   288.491     0.321   0.24E-01     0.003     0.220   210.888
   300.000   -71.282     0.004    -0.471     0.996     0.103    -0.155     0.000     0.000     0.936     0.000    -0.006     0.195     5.347   288.677     0.438   0.81E-02     0.000     0.104   201.897
   250.000   -74.957     0.003    -4.000     1.005     0.015    -0.060     0.000     0.000     0.026     0.000    -0.000     0.000     0.910   293.537     0.398   0.76E-03    -0.000     0.022   191.541
   200.000   -73.581     0.001    -4.000     0.182    -0.001    -0.025     0.000     0.000     0.000     0.000    -0.000     0.000     0.026   307.636     0.000   0.85E-05    -0.000     0.002   178.924
   150.000   -74.136     0.001    -4.000     0.147     0.000    -0.005     0.000     0.000     0.000     0.000     0.000     0.000     0.000   323.127     0.000   0.74E-10    -0.000     0.000   162.675
   100.000   -72.269     0.001    -4.000     0.076     0.000     0.001     0.000     0.000     0.000     0.000     0.000     0.000     0.000   348.006     0.000   0.00E+00     0.000     0.000   139.840
    80.000   -68.794     0.001    -4.000     0.039     0.000     0.007     0.000     0.000     0.000     0.000     0.000     0.000     0.000   363.267     0.000   0.00E+00     0.000     0.000     0.000
    60.000   -61.043     0.001     0.000     0.011     0.000     0.020     0.000     0.000     0.000     0.000     0.000     0.000     0.000   387.375     0.000   0.00E+00     0.000     0.000     0.000
    40.000   -50.753     0.001     0.000     0.002     0.000     0.037     0.000     0.000     0.000     0.000     0.000     0.000     0.000   422.565     0.000   0.00E+00     0.000     0.000     0.000
    30.000   -42.485     0.001     0.000     0.001     0.000     0.051     0.000     0.000     0.000     0.000     0.000     0.000     0.000   448.954     0.000   0.00E+00     0.000     0.000     0.000
    25.000   -26.080     0.001     0.000     0.000     0.000     0.080     0.000     0.000     0.000     0.000     0.000     0.000     0.000   477.125     0.000   0.00E+00    -0.001     0.000     0.000
