  1000.000     4.848     3.403     0.000     0.645    -1.516    -1.029     2.667     0.000     0.000     0.000     0.000     0.000     0.000   293.011     0.000   0.00E+00    -0.877     0.292   277.973
   950.000     0.761     3.225     0.001     0.813     0.895    -1.380     0.327     0.000    18.289     0.000   -12.342     0.000     0.001   293.005     0.000   0.13E-06    -1.165     0.326   273.937
   900.000    -3.054     2.397    -0.166     0.745     1.390    -1.410     0.000     0.000    18.286    -0.001   -14.434     0.001     2.223   290.301     0.000   0.11E-01    -0.390     0.349   269.940
   850.000    -6.568     1.639     0.350     0.670     1.477    -1.500     0.000     0.000    16.966    -2.219   -10.426     2.606     2.273   288.544     0.053   0.33E+00     0.187     0.383   266.995
   800.000   -10.121     1.038     0.588     0.554     1.604    -1.628     0.000     0.000    15.446    -2.273    -7.790     2.669     1.187   287.635     0.016   0.28E+00     0.642     0.415   263.751
   750.000   -13.777     0.587     0.548     0.404     1.587    -1.612     0.000     0.000    14.413    -1.186    -6.476     2.021     0.413   287.907     0.002   0.17E+00     0.895     0.440   260.159
   700.000   -17.728     0.329     0.347     0.287     1.464    -1.491     0.000     0.000    14.153    -0.379    -5.436     1.804     0.388   287.807     0.002   0.13E+00     0.880     0.454   256.170
   650.000   -22.123     0.174     0.146     0.215     1.293    -1.322     0.000     0.000    13.922    -0.351    -4.547     1.642     0.345   288.182     0.002   0.10E+00     0.742     0.457   251.734
   600.000   -26.953     0.096    -0.038     0.176     1.074    -1.106     0.000     0.000    13.794    -0.305    -3.559     1.630     0.330   289.199     0.003   0.87E-01     0.550     0.449   246.800
   550.000   -32.300     0.043    -0.164     0.162     0.813    -0.847     0.000     0.000    13.797    -0.298    -2.571     1.764     0.184   289.826     0.005   0.80E-01     0.374     0.428   241.326
   500.000   -38.250     0.026    -0.207     0.199     0.665    -0.703     0.000     0.000    14.240    -0.161    -1.582     2.060     0.017   290.213     0.010   0.48E-01     0.223     0.395   235.270
   450.000   -44.986     0.027    -0.205     0.351     0.662    -0.703     0.000     0.000    15.666     0.000    -0.722     2.933     0.117   290.461     0.052   0.11E+00     0.091     0.351   228.591
   400.000   -52.427     0.023    -0.233     0.605     0.524    -0.569    -0.000     0.000    15.557    -0.000    -0.235     2.769     1.878   290.861     0.158   0.10E+00     0.028     0.300   221.233
   350.000   -60.587     0.016    -0.257     0.743     0.427    -0.476     0.000     0.000    10.480     0.000    -0.056     2.660     6.901   291.071     0.127   0.24E-01     0.004     0.228   213.102
   300.000   -69.477     0.006    -0.392     1.007     0.163    -0.216     0.000     0.000     1.167     0.000    -0.004     0.195     9.462   291.380     0.427   0.62E-02    -0.000     0.133   204.040
   250.000   -74.148     0.003    -4.000     1.001     0.001    -0.047     0.000     0.000     0.008     0.000    -0.000     0.000     1.159   295.518     0.234   0.53E-03    -0.000     0.029   193.627
   200.000   -72.871     0.001    -4.000     0.167    -0.001    -0.023     0.000     0.000     0.000     0.000    -0.000     0.000     0.008   308.874     0.000   0.33E-05    -0.000     0.001   180.962
   150.000   -73.910     0.001    -4.000     0.140     0.000    -0.001     0.000     0.000     0.000     0.000     0.000     0.000     0.000   323.987     0.000   0.00E+00     0.000     0.000   164.678
   100.000   -73.000     0.001    -4.000     0.086     0.000     0.000     0.000     0.000     0.000     0.000     0.000     0.000     0.000   347.051     0.000   0.00E+00     0.000     0.000   141.875
    80.000   -70.440     0.001    -4.000     0.050     0.000     0.005     0.000     0.000     0.000     0.000     0.000     0.000     0.000   362.610     0.000   0.00E+00     0.000     0.000     0.000
    60.000   -64.020     0.001     0.000     0.016     0.000     0.018     0.000     0.000     0.000     0.000     0.000     0.000     0.000   385.694     0.000   0.00E+00     0.000     0.000     0.000
    40.000   -55.397     0.001     0.000     0.004     0.000     0.035     0.000     0.000     0.000     0.000     0.000     0.000     0.000   418.145     0.000   0.00E+00     0.000     0.000     0.000
    30.000   -48.940     0.001     0.000     0.001     0.000     0.048     0.000     0.000     0.000     0.000     0.000     0.000     0.000   442.184     0.000   0.00E+00     0.000     0.000     0.000
    25.000   -37.503     0.001     0.000     0.000     0.000     0.072     0.000     0.000     0.000     0.000     0.000     0.000     0.000   465.294     0.000   0.00E+00    -0.001     0.000     0.000
