  1000.000     6.582     3.974     0.000     0.728    -1.715    -1.607     2.917     0.000     0.000     0.000     0.000     0.000     0.000   324.786     0.000   0.00E+00    -1.578     0.444   279.720
   950.000     2.497     3.788     0.001     0.907     2.506    -1.586    -0.714     0.000    12.641     0.000   -11.619     0.000     0.000   324.726     0.000   0.00E+00    -3.320     0.484   275.660
   900.000    -1.107     2.913    -0.299     0.772     1.593    -1.697     0.000     0.000    12.641     0.000    -7.996     0.000     1.628   319.451     0.000   0.40E-01    -1.416     0.509   271.733
   850.000    -4.477     2.008     0.188     0.721     1.499    -1.606     0.000     0.000    11.699    -1.628    -7.928     1.823     1.124   317.010     0.021   0.17E+00    -0.554     0.544   268.893
   800.000    -7.929     1.330     0.360     0.641     1.536    -1.645     0.000     0.000    10.792    -1.124    -6.591     1.469     0.485   314.836     0.007   0.24E+00     0.159     0.577   265.760
   750.000   -11.554     0.839     0.324     0.549     1.518    -1.630     0.000     0.000    10.379    -0.347    -6.060     1.175     0.277   313.655     0.001   0.18E+00     0.593     0.603   262.286
   700.000   -15.474     0.498     0.207     0.474     1.468    -1.582     0.000     0.000    10.256    -0.064    -5.714     1.105     0.268   313.197     0.001   0.15E+00     0.795     0.622   258.416
   650.000   -19.776     0.276     0.062     0.416     1.392    -1.510     0.000     0.000    10.157    -0.051    -5.298     1.045     0.262   313.133     0.000   0.12E+00     0.850     0.632   254.092
   600.000   -24.586     0.155    -0.103     0.370     1.292    -1.413     0.000     0.000    10.112    -0.053    -4.670     1.080     0.239   313.318     0.000   0.97E-01     0.821     0.633   249.258
   550.000   -30.049     0.098    -0.209     0.347     1.191    -1.317     0.000     0.000    10.179    -0.058    -3.868     1.176     0.172   313.710     0.000   0.10E+00     0.700     0.622   243.860
   500.000   -36.194     0.073    -0.224     0.362     1.177    -1.309     0.000     0.000    10.430    -0.039    -2.896     1.314     0.109   314.269     0.002   0.72E-01     0.539     0.599   237.853
   450.000   -42.859     0.051    -0.152     0.434     1.246    -1.385     0.000     0.000    10.549     0.000    -1.899     1.462     0.536   314.819     0.038   0.24E+00     0.420     0.561   231.191
   400.000   -50.126     0.027    -0.096     0.514     1.229    -1.374     0.000     0.000    10.214     0.000    -1.027     1.575     1.267   315.482     0.088   0.24E+00     0.327     0.504   223.811
   350.000   -58.206     0.017    -0.084     0.561     1.118    -1.270     0.000     0.000     9.026     0.000    -0.498     1.813     2.485   316.156     0.087   0.16E+00     0.231     0.432   215.624
   300.000   -67.142     0.008    -0.125     0.665     0.839    -0.997     0.000     0.000     4.512     0.000    -0.222     0.771     5.051   316.899     0.196   0.10E+00     0.151     0.350   206.478
   250.000   -73.332     0.004    -0.925     0.797     0.592    -0.743     0.000     0.000     2.315     0.000    -0.077     0.386     2.464   318.560     0.297   0.59E-01     0.057     0.250   196.001
   200.000   -70.293     0.001    -4.000     0.451     0.332    -0.439     0.000     0.000     0.917     0.000    -0.018     0.141     1.492   326.116     0.124   0.29E-01     0.012     0.174   183.219
   150.000   -70.577     0.001    -4.000     0.349     0.148    -0.213     0.000     0.000     0.153     0.000    -0.000     0.018     0.772   338.033     0.102   0.75E-02    -0.000     0.097   166.690
   100.000   -69.170     0.001    -4.000     0.167     0.002     0.000     0.000     0.000     0.000     0.000    -0.000     0.000     0.153   359.951     0.021   0.45E-03    -0.000     0.025   143.475
    80.000   -66.136     0.001    -4.000     0.025     0.000     0.023     0.000     0.000     0.000     0.000     0.000     0.000     0.000   376.521     0.000   0.00E+00     0.000     0.000     0.000
    60.000   -58.922     0.001     0.000     0.008     0.000     0.047     0.000     0.000     0.000     0.000     0.000     0.000     0.000   400.805     0.000   0.00E+00     0.000     0.000     0.000
    40.000   -49.227     0.001     0.000     0.002     0.000     0.080     0.000     0.000     0.000     0.000     0.000     0.000     0.000   434.771     0.000   0.00E+00     0.000     0.000     0.000
    30.000   -41.551     0.001     0.000     0.001     0.000     0.105     0.000     0.000     0.000     0.000     0.000     0.000     0.000   460.275     0.000   0.00E+00     0.000     0.000     0.000
    25.000   -26.324     0.001     0.000     0.000     0.000     0.156     0.000     0.000     0.000     0.000     0.000     0.000     0.000   485.978     0.000   0.00E+00    -0.001     0.000     0.000
