  1000.000     7.123     4.153    -0.000     0.710    -1.645    -1.487     2.860     0.000     0.000     0.000     0.000     0.000     0.000   311.405     0.000   0.00E+00    -1.282     0.374   280.263
   950.000     3.035     3.963     0.001     0.888     2.191    -1.652    -0.439     0.000    13.413     0.000   -11.341     0.000     0.000   311.397     0.000   0.00E+00    -2.368     0.412   276.195
   900.000    -0.549     3.071    -0.331     0.750     1.526    -1.620     0.000     0.000    13.411     0.000    -8.322     0.000     1.795   307.052     0.000   0.30E-01    -0.776     0.436   272.271
   850.000    -3.895     2.131     0.181     0.695     1.454    -1.551     0.000     0.000    12.476    -1.793    -8.462     2.026     1.439   304.824     0.023   0.14E+00    -0.007     0.467   269.463
   800.000    -7.291     1.408     0.406     0.603     1.487    -1.588     0.000     0.000    11.435    -1.439    -7.067     1.718     0.416   303.108     0.009   0.23E+00     0.635     0.499   266.365
   750.000   -10.842     0.888     0.370     0.494     1.474    -1.577     0.000     0.000    11.065    -0.414    -6.509     1.345     0.153   302.221     0.001   0.17E+00     1.004     0.525   262.927
   700.000   -14.710     0.553     0.242     0.405     1.415    -1.522     0.000     0.000    11.077    -0.053    -6.203     1.277     0.156   302.038     0.001   0.13E+00     1.124     0.546   259.095
   650.000   -19.013     0.337     0.094     0.340     1.313    -1.426     0.000     0.000    11.108    -0.047    -5.793     1.207     0.154   302.411     0.000   0.10E+00     1.088     0.559   254.808
   600.000   -23.793     0.189    -0.065     0.295     1.179    -1.297     0.000     0.000    11.184    -0.053    -5.073     1.248     0.152   303.052     0.000   0.95E-01     0.946     0.564   250.006
   550.000   -29.161     0.116    -0.197     0.276     1.041    -1.166     0.000     0.000    11.363    -0.061    -3.994     1.372     0.115   303.889     0.001   0.12E+00     0.721     0.557   244.632
   500.000   -35.295     0.091    -0.227     0.305     1.000    -1.134     0.000     0.000    11.752    -0.044    -2.768     1.559     0.063   304.755     0.004   0.77E-01     0.474     0.533   238.639
   450.000   -42.055     0.069    -0.149     0.407     1.043    -1.187     0.000     0.000    11.946     0.000    -1.582     1.717     0.596   305.470     0.051   0.24E+00     0.284     0.492   231.979
   400.000   -49.405     0.037    -0.091     0.525     0.952    -1.106     0.000     0.000    11.772     0.000    -0.708     1.964     1.395   305.963     0.119   0.22E+00     0.164     0.426   224.593
   350.000   -57.525     0.021    -0.070     0.618     0.768    -0.932     0.000     0.000    10.639     0.000    -0.264     2.334     2.888   306.399     0.126   0.13E+00     0.065     0.347   216.391
   300.000   -66.483     0.009    -0.095     0.801     0.521    -0.694     0.000     0.000     4.763     0.000    -0.078     0.950     6.593   306.871     0.266   0.62E-01     0.015     0.263   207.223
   250.000   -73.159     0.004    -1.026     0.970     0.244    -0.410     0.000     0.000     1.452     0.000    -0.010     0.301     3.538   308.115     0.410   0.22E-01     0.001     0.152   196.731
   200.000   -70.068     0.001    -4.000     0.419     0.044    -0.143     0.000     0.000     0.034     0.000    -0.000     0.000     1.418   317.034     0.126   0.16E-02    -0.000     0.061   183.935
   150.000   -70.416     0.001    -4.000     0.123    -0.003    -0.033     0.000     0.000     0.000     0.000    -0.000     0.000     0.034   332.421     0.000   0.28E-04    -0.000     0.004   167.391
   100.000   -69.067     0.001    -4.000     0.054     0.000     0.020     0.000     0.000     0.000     0.000     0.000     0.000     0.000   355.969     0.000   0.00E+00     0.000     0.000   144.161
    80.000   -66.012     0.001    -4.000     0.033     0.000     0.036     0.000     0.000     0.000     0.000     0.000     0.000     0.000   371.183     0.000   0.00E+00     0.000     0.000     0.000
    60.000   -58.740     0.001     0.000     0.011     0.000     0.072     0.000     0.000     0.000     0.000     0.000     0.000     0.000   394.879     0.000   0.00E+00     0.000     0.000     0.000
    40.000   -49.053     0.001     0.000     0.003     0.000     0.120     0.000     0.000     0.000     0.000     0.000     0.000     0.000   428.885     0.000   0.00E+00     0.000     0.000     0.000
    30.000   -41.433     0.001     0.000     0.001     0.000     0.159     0.000     0.000     0.000     0.000     0.000     0.000     0.000   454.510     0.000   0.00E+00     0.000     0.000     0.000
    25.000   -26.353     0.001     0.000     0.000     0.000     0.234     0.000     0.000     0.000     0.000     0.000     0.000     0.000   481.081     0.000   0.00E+00    -0.001     0.000     0.000
