  1000.000     5.738     3.676    -0.000     0.639    -1.457    -0.980     2.649     0.000     0.000     0.000     0.000     0.000     0.000   290.442     0.000   0.00E+00    -0.770     0.279   278.870
   950.000     1.654     3.495     0.001     0.807     0.740    -1.314     0.420     0.000    19.060     0.000   -12.528     0.000     0.000   290.441     0.000   0.00E+00    -0.956     0.312   274.822
   900.000    -2.041     2.646    -0.126     0.763     1.394    -1.376     0.000     0.000    19.060     0.000   -16.551     0.000     2.210   288.224     0.003   0.15E-01    -0.404     0.333   270.846
   850.000    -5.466     1.809     0.348     0.682     1.480    -1.467     0.000     0.000    17.661    -2.210   -10.304     2.620     2.384   286.748     0.085   0.47E+00     0.150     0.371   267.953
   800.000    -8.971     1.185     0.559     0.567     1.599    -1.591     0.000     0.000    16.056    -2.345    -7.606     2.749     1.387   285.846     0.030   0.28E+00     0.556     0.404   264.763
   750.000   -12.655     0.735     0.517     0.425     1.574    -1.571     0.000     0.000    14.838    -1.336    -6.105     2.081     0.621   285.425     0.019   0.18E+00     0.760     0.427   261.230
   700.000   -16.641     0.413     0.329     0.313     1.422    -1.425     0.000     0.000    14.374    -0.545    -5.066     1.865     0.449   285.715     0.025   0.14E+00     0.736     0.437   257.300
   650.000   -20.978     0.215     0.135     0.254     1.246    -1.255     0.000     0.000    14.084    -0.386    -4.135     1.701     0.444   286.376     0.033   0.11E+00     0.601     0.435   252.918
   600.000   -25.797     0.113    -0.046     0.228     1.024    -1.041     0.000     0.000    13.834    -0.383    -3.129     1.688     0.415   287.028     0.041   0.89E-01     0.439     0.422   248.033
   550.000   -31.236     0.068    -0.200     0.229     0.781    -0.808     0.000     0.000    13.764    -0.335    -2.139     1.803     0.262   287.625     0.046   0.72E-01     0.298     0.397   242.595
   500.000   -37.363     0.052    -0.308     0.285     0.644    -0.683     0.000     0.000    14.139    -0.195    -1.220     2.123     0.105   288.135     0.054   0.56E-01     0.176     0.362   236.564
   450.000   -44.034     0.039    -0.403     0.470     0.626    -0.677     0.000     0.000    15.651    -0.017    -0.510     3.083     0.131   288.585     0.108   0.95E-01     0.057     0.318   229.895
   400.000   -51.302     0.023    -0.543     0.776     0.450    -0.514     0.000     0.000    14.714    -0.014    -0.137     2.648     2.661   288.930     0.220   0.84E-01     0.018     0.270   222.526
   350.000   -59.362     0.015    -0.724     0.805     0.372    -0.449     0.000     0.000     7.846    -0.010    -0.027     1.832     7.929   289.147     0.171   0.41E-02     0.002     0.194   214.366
   300.000   -68.265     0.007    -1.293     0.999     0.092    -0.182     0.000     0.000     0.418    -0.001    -0.000     0.001     7.427   289.814     0.456   0.16E-02    -0.000     0.100   205.260
   250.000   -74.094     0.003    -4.000     0.998    -0.010    -0.064     0.000     0.000     0.000     0.000    -0.000     0.000     0.418   294.252     0.324   0.74E-04    -0.000     0.015   194.824
   200.000   -72.711     0.001    -4.000     0.182     0.000     0.003     0.000     0.000     0.000     0.000     0.000     0.000     0.000   307.099     0.000   0.00E+00     0.000     0.000   182.152
   150.000   -73.823     0.001    -4.000     0.166     0.000    -0.004     0.000     0.000     0.000     0.000     0.000     0.000     0.000   322.074     0.000   0.00E+00     0.000     0.000   165.858
   100.000   -73.027     0.001    -4.000     0.106     0.000     0.001     0.000     0.000     0.000     0.000     0.000     0.000     0.000   345.109     0.000   0.00E+00     0.000     0.000   143.052
    80.000   -70.476     0.001    -4.000     0.066     0.000     0.018     0.000     0.000     0.000     0.000     0.000     0.000     0.000   359.596     0.000   0.00E+00     0.000     0.000     0.000
    60.000   -63.958     0.001     0.000     0.024     0.000     0.061     0.000     0.000     0.000     0.000     0.000     0.000     0.000   381.685     0.000   0.00E+00     0.000     0.000     0.000
    40.000   -55.289     0.001     0.000     0.006     0.000     0.119     0.000     0.000     0.000     0.000     0.000     0.000     0.000   413.812     0.000   0.00E+00     0.000     0.000     0.000
    30.000   -48.850     0.001     0.000     0.003     0.000     0.162     0.000     0.000     0.000     0.000     0.000     0.000     0.000   438.008     0.000   0.00E+00     0.000     0.000     0.000
    25.000   -37.488     0.001     0.000     0.001     0.000     0.237     0.000     0.000     0.000     0.000     0.000     0.000     0.000   461.726     0.000   0.00E+00    -0.001     0.000     0.000
