  1000.000     3.101     3.019    -0.001     0.693    -1.554    -1.347     2.735     0.000     0.000     0.000     0.000     0.000     0.000   322.569     0.000   0.00E+00    -1.425     0.389   276.208
   950.000    -0.996     2.860     0.007     0.868     1.513    -1.260    -0.220     0.000    15.282     0.000   -13.141     0.000     0.000   322.532     0.001   0.50E-05    -3.163     0.425   272.198
   900.000    -4.770     2.035    -0.105     0.766     1.443    -1.506    -0.000     0.000    15.281     0.000   -10.773     0.000     1.676   317.633     0.002   0.83E-01    -1.523     0.452   268.329
   850.000    -8.321     1.357     0.373     0.703     1.442    -1.506     0.000     0.000    14.207    -1.675    -8.598     1.980     1.568   314.888     0.029   0.23E+00    -0.771     0.487   265.292
   800.000   -11.966     0.852     0.592     0.618     1.538    -1.604     0.000     0.000    13.099    -1.561    -6.591     1.973     1.066   312.733     0.013   0.23E+00    -0.155     0.519   261.952
   750.000   -15.741     0.461     0.611     0.516     1.548    -1.614     0.000     0.000    12.191    -0.954    -5.512     1.556     0.488   312.358     0.005   0.18E+00     0.263     0.542   258.263
   700.000   -19.742     0.243     0.508     0.433     1.507    -1.575     0.000     0.000    11.835    -0.339    -4.756     1.381     0.445   310.740     0.004   0.14E+00     0.452     0.555   254.180
   650.000   -24.210     0.131     0.375     0.378     1.433    -1.502     0.000     0.000    11.538    -0.291    -4.107     1.280     0.380   310.783     0.010   0.12E+00     0.506     0.558   249.658
   600.000   -29.109     0.063     0.215     0.342     1.326    -1.397     0.000     0.000    11.351    -0.228    -3.408     1.239     0.393   311.163     0.047   0.12E+00     0.451     0.551   244.656
   550.000   -34.472     0.026     0.072     0.315     1.123    -1.197     0.000     0.000    11.245    -0.254    -2.711     1.379     0.168   311.337     0.053   0.14E+00     0.353     0.534   239.137
   500.000   -40.504     0.020     0.011     0.332     1.057    -1.133     0.000     0.000    11.659    -0.050    -1.957     1.685     0.106   311.325     0.055   0.13E+00     0.229     0.506   233.064
   450.000   -47.169     0.017     0.016     0.408     1.087    -1.165     0.000     0.000    12.556     0.000    -1.229     2.257     0.287   311.151     0.076   0.20E+00     0.129     0.467   226.398
   400.000   -54.484     0.014     0.027     0.537     1.037    -1.120     0.001     0.000    14.136     0.000    -0.710     3.425     0.928   311.291     0.135   0.21E+00     0.035     0.415   219.075
   350.000   -62.573     0.013    -0.189     0.749     0.977    -1.055    -0.004     0.000     6.401    -0.000    -0.397     1.281     8.466   310.893     0.230   0.16E+00     0.113     0.350   211.000
   300.000   -71.178     0.005    -0.650     0.822     0.777    -0.872     0.006     0.000     2.339    -0.001    -0.221     0.364     4.302   311.068     0.336   0.12E+00     0.115     0.255   202.004
   250.000   -74.897     0.003    -4.000     0.853     0.698    -0.728    -0.035     0.000     1.302    -0.000    -0.094     0.207     1.170   314.315     0.342   0.63E-01     0.108     0.175   191.645
   200.000   -73.449     0.001    -4.000     0.351     0.465    -0.558     0.021     0.000     0.723    -0.000    -0.038     0.115     0.650   324.216     0.068   0.40E-01     0.075     0.131   179.021
   150.000   -73.984     0.001    -4.000     0.300     0.253    -0.315     0.012     0.000     0.349     0.000    -0.012     0.058     0.414   336.536     0.065   0.22E-01    -0.001     0.091   162.760
   100.000   -72.149     0.001    -4.000     0.200     0.061    -0.077     0.000     0.000     0.000     0.000    -0.000     0.000     0.349   357.596     0.039   0.57E-02    -0.000     0.049   139.910
    80.000   -68.710     0.001    -4.000     0.037     0.000     0.003     0.000     0.000     0.000     0.000     0.000     0.000     0.000   374.270     0.000   0.12E-09    -0.000     0.000     0.000
    60.000   -60.989     0.001     0.000     0.008     0.000     0.017     0.000     0.000     0.000     0.000     0.000     0.000     0.000   399.032     0.000   0.00E+00     0.000     0.000     0.000
    40.000   -50.716     0.001     0.000     0.002     0.000     0.032     0.000     0.000     0.000     0.000     0.000     0.000     0.000   433.643     0.000   0.00E+00     0.000     0.000     0.000
    30.000   -42.462     0.001     0.000     0.001     0.000     0.044     0.000     0.000     0.000     0.000     0.000     0.000     0.000   459.022     0.000   0.00E+00     0.000     0.000     0.000
    25.000   -26.086     0.001     0.000     0.000     0.000     0.067     0.000     0.000     0.000     0.000     0.000     0.000     0.000   485.607     0.000   0.00E+00    -0.001     0.000     0.000
