  1000.000    10.001     5.136     0.000     0.675    -1.655    -1.088     2.663     0.000     0.000     0.000     0.000     0.000     0.000   301.579     0.000   0.00E+00    -1.139     0.322   283.152
   950.000     5.893     4.957     0.001     0.847     1.558    -1.312    -0.177     0.000    14.716     0.000   -12.035     0.000     0.001   301.503     0.000   0.24E-06    -1.688     0.360   279.043
   900.000     2.496     3.706    -0.350     0.734     1.298    -1.307     0.000     0.000    14.710    -0.001    -9.874     0.001     2.131   298.058     0.000   0.17E-01    -0.461     0.385   275.149
   850.000    -1.032     2.796     0.283     0.681     1.360    -1.372     0.000     0.000    13.743    -2.125   -10.508     2.444     1.695   296.329     0.031   0.19E+00     0.182     0.412   272.393
   800.000    -4.269     1.816     0.612     0.573     1.526    -1.540     0.000     0.000    12.578    -1.695    -8.675     2.048     0.239   294.856     0.010   0.28E+00     0.849     0.444   269.482
   750.000    -7.541     1.065     0.541     0.424     1.588    -1.603     0.000     0.000    12.448    -0.238    -7.432     1.564     0.088   293.925     0.002   0.17E+00     1.210     0.475   266.248
   700.000   -11.076     0.644     0.319     0.305     1.522    -1.539     0.000     0.000    12.568    -0.006    -6.663     1.425     0.123   294.061     0.003   0.13E+00     1.239     0.502   262.631
   650.000   -15.153     0.414     0.059     0.225     1.356    -1.375     0.000     0.000    12.659    -0.047    -5.889     1.308     0.119   294.980     0.005   0.11E+00     1.064     0.519   258.561
   600.000   -19.795     0.255    -0.166     0.181     1.133    -1.155     0.000     0.000    12.815    -0.053    -4.967     1.393     0.124   295.612     0.007   0.10E+00     0.796     0.525   253.965
   550.000   -25.076     0.157    -0.285     0.171     0.907    -0.933     0.000     0.000    13.103    -0.059    -3.893     1.560     0.101   296.515     0.011   0.11E+00     0.537     0.515   248.768
   500.000   -31.169     0.114    -0.281     0.208     0.783    -0.815     0.000     0.000    13.686    -0.037    -2.620     1.814     0.052   297.331     0.016   0.53E-01     0.342     0.487   242.901
   450.000   -38.002     0.085    -0.211     0.331     0.768    -0.806     0.000     0.000    14.770    -0.000    -1.346     2.254     0.100   297.841     0.054   0.18E+00     0.177     0.444   236.305
   400.000   -45.405     0.049    -0.172     0.591     0.762    -0.808     0.000     0.000    15.231    -0.001    -0.473     2.672     1.320   298.361     0.160   0.18E+00     0.048     0.392   228.914
   350.000   -53.604     0.023    -0.197     0.699     0.517    -0.570     0.000     0.000    15.045     0.000    -0.131     4.045     3.584   298.539     0.222   0.74E-01     0.012     0.318   220.643
   300.000   -62.853     0.015    -0.239     0.962     0.388    -0.448     0.000     0.000     3.103     0.000    -0.013     0.612    12.390   298.696     0.407   0.74E-02     0.000     0.218   211.360
   250.000   -71.719     0.005    -1.291     1.000     0.013    -0.075     0.000     0.000     0.021     0.000    -0.000     0.000     3.083   300.046     0.393   0.11E-02    -0.000     0.071   200.776
   200.000   -68.968     0.001    -4.000     0.114    -0.000    -0.019     0.000     0.000     0.000     0.000    -0.000     0.000     0.021   314.619     0.000   0.10E-04    -0.000     0.001   187.902
   150.000   -70.216     0.001    -4.000     0.094     0.000     0.010     0.000     0.000     0.000     0.000     0.000     0.000     0.000   329.179     0.000   0.00E+00     0.000     0.000   171.314
   100.000   -71.062     0.001    -4.000     0.072     0.000     0.007     0.000     0.000     0.000     0.000     0.000     0.000     0.000   351.437     0.000   0.00E+00     0.000     0.000   148.200
    80.000   -70.601     0.001    -4.000     0.055     0.000     0.009     0.000     0.000     0.000     0.000     0.000     0.000     0.000   364.358     0.000   0.00E+00     0.000     0.000     0.000
    60.000   -67.467     0.001     0.000     0.027     0.000     0.019     0.000     0.000     0.000     0.000     0.000     0.000     0.000   384.028     0.000   0.00E+00     0.000     0.000     0.000
    40.000   -63.317     0.001     0.000     0.010     0.000     0.033     0.000     0.000     0.000     0.000     0.000     0.000     0.000   411.710     0.000   0.00E+00     0.000     0.000     0.000
    30.000   -61.741     0.001     0.000     0.006     0.000     0.038     0.000     0.000     0.000     0.000     0.000     0.000     0.000   430.681     0.000   0.00E+00     0.000     0.000     0.000
    25.000   -62.147     0.001     0.000     0.005     0.000     0.037     0.000     0.000     0.000     0.000     0.000     0.000     0.000   441.158     0.000   0.00E+00    -0.001     0.000     0.000
