  1000.000     4.689     3.356     0.000     0.641    -1.507    -1.010     2.663     0.000     0.000     0.000     0.000     0.000     0.000   292.380     0.000   0.00E+00    -0.863     0.289   277.813
   950.000     0.603     3.180     0.001     0.809     0.816    -1.378     0.382     0.000    18.605     0.000   -12.342     0.000     0.000   292.371     0.000   0.64E-07    -1.136     0.324   273.779
   900.000    -3.203     2.356    -0.146     0.743     1.390    -1.409     0.000     0.000    18.602    -0.000   -14.607     0.000     2.218   289.737     0.000   0.99E-02    -0.378     0.346   269.779
   850.000    -6.704     1.604     0.360     0.666     1.483    -1.503     0.000     0.000    17.253    -2.215   -10.412     2.606     2.330   287.929     0.051   0.32E+00     0.194     0.380   266.824
   800.000   -10.267     1.029     0.594     0.550     1.611    -1.633     0.000     0.000    15.705    -2.330    -7.703     2.730     1.314   286.798     0.016   0.27E+00     0.636     0.413   263.569
   750.000   -13.979     0.607     0.556     0.399     1.590    -1.613     0.000     0.000    14.552    -1.312    -6.316     2.065     0.395   287.361     0.002   0.17E+00     0.882     0.436   259.967
   700.000   -17.990     0.316     0.359     0.282     1.476    -1.501     0.000     0.000    14.316    -0.366    -5.321     1.849     0.438   286.909     0.001   0.13E+00     0.868     0.449   255.969
   650.000   -22.337     0.152     0.160     0.210     1.308    -1.334     0.000     0.000    14.033    -0.407    -4.412     1.678     0.346   287.575     0.001   0.10E+00     0.737     0.451   251.523
   600.000   -27.155     0.087    -0.031     0.170     1.094    -1.123     0.000     0.000    13.903    -0.314    -3.428     1.645     0.359   288.757     0.002   0.85E-01     0.547     0.442   246.582
   550.000   -32.517     0.039    -0.168     0.152     0.808    -0.838     0.000     0.000    13.875    -0.332    -2.483     1.789     0.175   289.302     0.004   0.75E-01     0.372     0.422   241.102
   500.000   -38.526     0.026    -0.217     0.183     0.642    -0.676     0.000     0.000    14.348    -0.157    -1.539     2.108     0.013   289.628     0.007   0.46E-01     0.222     0.388   235.044
   450.000   -45.275     0.024    -0.214     0.325     0.635    -0.671     0.000     0.000    15.897     0.000    -0.700     3.068     0.093   289.838     0.042   0.93E-01     0.094     0.345   228.368
   400.000   -52.632     0.018    -0.236     0.565     0.497    -0.537     0.000     0.000    16.232     0.000    -0.237     2.978     1.598   290.191     0.143   0.95E-01     0.029     0.295   221.014
   350.000   -60.720     0.014    -0.248     0.747     0.418    -0.462    -0.000     0.000    10.586     0.000    -0.056     2.754     7.542   290.368     0.141   0.23E-01     0.003     0.227   212.887
   300.000   -69.666     0.006    -0.365     1.000     0.147    -0.193     0.000     0.000     1.095     0.000    -0.005     0.195     9.643   290.806     0.420   0.68E-02     0.000     0.129   203.830
   250.000   -74.245     0.003    -4.000     1.002     0.005    -0.045     0.000     0.000     0.013     0.000    -0.000     0.000     1.082   295.351     0.222   0.56E-03    -0.000     0.026   193.424
   200.000   -73.016     0.001    -4.000     0.172    -0.001    -0.020     0.000     0.000     0.000     0.000    -0.000     0.000     0.013   308.455     0.000   0.45E-05    -0.000     0.001   180.766
   150.000   -74.052     0.001    -4.000     0.143     0.000    -0.002     0.000     0.000     0.000     0.000     0.000     0.000     0.000   323.781     0.000   0.00E+00     0.000     0.000   164.494
   100.000   -73.122     0.001    -4.000     0.087     0.000    -0.000     0.000     0.000     0.000     0.000     0.000     0.000     0.000   346.721     0.000   0.00E+00     0.000     0.000   141.706
    80.000   -70.543     0.001    -4.000     0.050     0.000     0.004     0.000     0.000     0.000     0.000     0.000     0.000     0.000   362.389     0.000   0.00E+00     0.000     0.000     0.000
    60.000   -64.102     0.001     0.000     0.016     0.000     0.015     0.000     0.000     0.000     0.000     0.000     0.000     0.000   385.708     0.000   0.00E+00     0.000     0.000     0.000
    40.000   -55.457     0.001     0.000     0.004     0.000     0.029     0.000     0.000     0.000     0.000     0.000     0.000     0.000   418.083     0.000   0.00E+00     0.000     0.000     0.000
    30.000   -48.977     0.001     0.000     0.001     0.000     0.040     0.000     0.000     0.000     0.000     0.000     0.000     0.000   441.933     0.000   0.00E+00     0.000     0.000     0.000
    25.000   -37.494     0.001     0.000     0.000     0.000     0.060     0.000     0.000     0.000     0.000     0.000     0.000     0.000   465.245     0.000   0.00E+00    -0.001     0.000     0.000
