  1000.000    13.004     6.563     0.000     0.710    -1.587    -1.295     2.728     0.000     0.000     0.000     0.000     0.000     0.000   307.826     0.000   0.00E+00    -1.098     0.340   286.167
   950.000     8.876     6.360     0.001     0.889     2.139    -1.417    -0.489     0.000    12.693     0.000   -10.784     0.000     0.000   307.831     0.000   0.00E+00    -2.020     0.377   282.016
   900.000     5.814     4.667    -0.357     0.742     1.366    -1.354     0.000     0.000    12.655     0.000    -7.130     0.000     1.964   303.692     0.002   0.34E-01    -0.509     0.401   278.425
   850.000     2.398     3.550     0.201     0.687     1.293    -1.297     0.000     0.000    11.752    -1.926    -7.073     2.139     1.473   301.643     0.010   0.40E-01     0.212     0.429   275.774
   800.000    -1.001     2.536     0.510     0.612     1.363    -1.380     0.000     0.000    10.750    -1.473    -7.063     1.754     0.294   300.144     0.014   0.32E+00     0.757     0.455   272.915
   750.000    -4.016     1.528     0.617     0.522     1.439    -1.458     0.000     0.000    10.502    -0.289    -7.464     1.370     0.124   299.230     0.011   0.16E+00     1.232     0.476   269.918
   700.000    -7.355     0.879     0.399     0.418     1.457    -1.480     0.000     0.000    10.549    -0.007    -6.158     1.246     0.118   299.148     0.018   0.12E+00     1.332     0.500   266.565
   650.000   -11.073     0.487     0.102     0.343     1.359    -1.389     0.000     0.000    10.603    -0.003    -5.504     1.079     0.103   299.738     0.028   0.10E+00     1.200     0.518   262.781
   600.000   -15.354     0.275    -0.191     0.302     1.185    -1.228     0.000     0.000    10.713     0.000    -4.730     1.120     0.091   300.731     0.043   0.95E-01     0.931     0.527   258.479
   550.000   -20.381     0.178    -0.395     0.302     0.991    -1.054     0.000     0.000    10.869     0.000    -3.800     1.246     0.139   301.831     0.068   0.11E+00     0.635     0.521   253.564
   500.000   -26.252     0.141    -0.481     0.347     0.848    -0.942     0.000     0.000    11.167     0.000    -2.698     1.387     0.151   302.805     0.097   0.12E+00     0.389     0.496   247.935
   450.000   -32.941     0.124    -0.499     0.469     0.849    -0.981     0.000     0.000    11.593    -0.002    -1.525     1.580     0.279   303.601     0.137   0.21E+00     0.208     0.453   241.501
   400.000   -40.402     0.110    -0.591     0.677     0.811    -0.985     0.000     0.000    11.627    -0.006    -0.635     1.829     1.046   304.233     0.225   0.24E+00     0.064     0.398   234.176
   350.000   -48.706     0.060    -0.820     0.943     0.612    -0.831    -0.000     0.000    10.862     0.000    -0.184     2.313     2.546   304.783     0.302   0.15E+00     0.012     0.324   225.873
   300.000   -58.043     0.021    -1.221     1.017     0.425    -0.691     0.000     0.000     5.978     0.000    -0.033     1.518     6.115   305.348     0.354   0.25E-01     0.000     0.226   216.470
   250.000   -68.667     0.008    -2.243     1.005     0.058    -0.370     0.000     0.000     0.051     0.000    -0.000     0.000     5.927   306.536     0.477   0.25E-02    -0.000     0.102   205.749
   200.000   -68.080     0.001    -4.000     0.212    -0.003    -0.094     0.000     0.000     0.000     0.000    -0.000     0.000     0.051   316.908     0.000   0.21E-04    -0.000     0.004   192.776
   150.000   -70.875     0.001    -4.000     0.121     0.000     0.045     0.000     0.000     0.000     0.000     0.000     0.000     0.000   329.132     0.000   0.00E+00     0.000     0.000   176.198
   100.000   -72.048     0.001    -4.000     0.093     0.000     0.022     0.000     0.000     0.000     0.000     0.000     0.000     0.000   351.109     0.000   0.00E+00     0.000     0.000   153.183
    80.000   -71.432     0.001    -4.000     0.072     0.000     0.034     0.000     0.000     0.000     0.000     0.000     0.000     0.000   364.053     0.000   0.00E+00     0.000     0.000     0.000
    60.000   -67.519     0.001     0.000     0.038     0.000     0.113     0.000     0.000     0.000     0.000     0.000     0.000     0.000   383.092     0.000   0.00E+00     0.000     0.000     0.000
    40.000   -61.883     0.001     0.000     0.015     0.000     0.225     0.000     0.000     0.000     0.000     0.000     0.000     0.000   410.814     0.000   0.00E+00     0.000     0.000     0.000
    30.000   -58.809     0.001     0.000     0.008     0.000     0.287     0.000     0.000     0.000     0.000     0.000     0.000     0.000   430.692     0.000   0.00E+00     0.000     0.000     0.000
    25.000   -56.336     0.001     0.000     0.004     0.000     0.336     0.000     0.000     0.000     0.000     0.000     0.000     0.000   445.461     0.000   0.00E+00    -0.001     0.000     0.000
