  1000.000     6.554     3.961     0.000     0.665    -1.571    -1.138     2.699     0.000     0.000     0.000     0.000     0.000     0.000   297.531     0.000   0.00E+00    -0.994     0.308   279.691
   950.000     2.468     3.779     0.001     0.837     1.359    -1.423     0.026     0.000    16.288     0.000   -11.965     0.000     0.000   297.511     0.000   0.00E+00    -1.408     0.344   275.631
   900.000    -1.167     2.938    -0.277     0.741     1.392    -1.424     0.000     0.000    16.277     0.000   -11.967     0.000     2.248   294.424     0.001   0.16E-01    -0.411     0.367   271.703
   850.000    -4.585     2.045     0.302     0.682     1.441    -1.477     0.000     0.000    15.129    -2.238   -10.333     2.584     1.946   292.807     0.053   0.31E+00     0.192     0.396   268.861
   800.000    -8.101     1.343     0.562     0.571     1.562    -1.602     0.000     0.000    13.792    -1.946    -8.020     2.306     0.662   291.518     0.016   0.30E+00     0.726     0.429   265.727
   750.000   -11.750     0.769     0.504     0.429     1.559    -1.603     0.000     0.000    13.218    -0.659    -6.873     1.723     0.299   291.041     0.004   0.18E+00     1.004     0.456   262.253
   700.000   -15.586     0.395     0.298     0.316     1.442    -1.489     0.000     0.000    13.084    -0.213    -6.007     1.551     0.228   291.220     0.005   0.14E+00     1.003     0.475   258.383
   650.000   -19.902     0.203     0.076     0.245     1.269    -1.321     0.000     0.000    13.045    -0.142    -5.178     1.438     0.252   291.801     0.007   0.11E+00     0.842     0.485   254.060
   600.000   -24.777     0.111    -0.106     0.209     1.056    -1.114     0.000     0.000    13.055    -0.173    -4.210     1.518     0.232   292.696     0.012   0.10E+00     0.624     0.482   249.226
   550.000   -30.246     0.068    -0.210     0.206     0.845    -0.910     0.000     0.000    13.205    -0.169    -3.119     1.673     0.170   293.387     0.018   0.12E+00     0.421     0.465   243.831
   500.000   -36.272     0.045    -0.226     0.257     0.745    -0.819     0.000     0.000    13.694    -0.113    -1.940     1.937     0.045   293.951     0.028   0.62E-01     0.257     0.431   237.826
   450.000   -42.829     0.029    -0.209     0.430     0.756    -0.838     0.000     0.000    14.641    -0.001    -0.913     2.414     0.282   294.450     0.091   0.16E+00     0.106     0.386   231.163
   400.000   -50.045     0.018    -0.248     0.660     0.633    -0.725     0.000     0.000    14.310    -0.002    -0.305     2.626     2.056   294.800     0.187   0.14E+00     0.031     0.331   223.781
   350.000   -58.150     0.014    -0.319     0.762     0.472    -0.574     0.000     0.000    11.877     0.000    -0.073     3.110     4.838   295.055     0.148   0.44E-01     0.005     0.252   215.591
   300.000   -67.160     0.008    -0.478     1.008     0.254    -0.365     0.000     0.000     1.523     0.000    -0.005     0.238    10.513   295.368     0.436   0.62E-02    -0.000     0.161   206.445
   250.000   -73.633     0.004    -2.763     1.001    -0.007    -0.096     0.000     0.000     0.000     0.000    -0.000     0.000     1.523   297.741     0.347   0.64E-03    -0.000     0.039   195.977
   200.000   -71.653     0.001    -4.000     0.155     0.000    -0.042     0.000     0.000     0.000     0.000    -0.000     0.000     0.000   311.649     0.000   0.17E-06    -0.000     0.000   183.253
   150.000   -72.619     0.001    -4.000     0.126     0.000     0.003     0.000     0.000     0.000     0.000     0.000     0.000     0.000   325.923     0.000   0.00E+00     0.000     0.000   166.868
   100.000   -71.954     0.001    -4.000     0.084     0.000     0.006     0.000     0.000     0.000     0.000     0.000     0.000     0.000   348.873     0.000   0.00E+00     0.000     0.000   143.932
    80.000   -69.545     0.001    -4.000     0.052     0.000     0.018     0.000     0.000     0.000     0.000     0.000     0.000     0.000   363.570     0.000   0.00E+00     0.000     0.000     0.000
    60.000   -63.251     0.001     0.000     0.018     0.000     0.049     0.000     0.000     0.000     0.000     0.000     0.000     0.000   385.952     0.000   0.00E+00     0.000     0.000     0.000
    40.000   -54.817     0.001     0.000     0.005     0.000     0.092     0.000     0.000     0.000     0.000     0.000     0.000     0.000   418.344     0.000   0.00E+00     0.000     0.000     0.000
    30.000   -48.584     0.001     0.000     0.002     0.000     0.123     0.000     0.000     0.000     0.000     0.000     0.000     0.000   442.329     0.000   0.00E+00     0.000     0.000     0.000
    25.000   -37.591     0.001     0.000     0.001     0.000     0.178     0.000     0.000     0.000     0.000     0.000     0.000     0.000   464.988     0.000   0.00E+00    -0.001     0.000     0.000
