  1000.000    13.605     6.960    -0.000     0.761    -1.746    -1.846     3.040     0.000     0.000     0.000     0.000     0.000     0.000   333.271     0.000   0.00E+00    -1.728     0.486   286.768
   950.000     9.472     6.747     0.001     0.945     3.102    -1.763    -1.022     0.000    10.638     0.000   -11.143     0.000     0.000   333.202     0.000   0.00E+00    -3.895     0.526   282.608
   900.000     6.560     4.898    -0.335     0.783     1.700    -1.824     0.000     0.000    10.638     0.000    -5.832     0.000     1.240   327.181     0.000   0.53E-01    -1.610     0.552   279.165
   850.000     3.255     3.736     0.072     0.730     1.502    -1.631     0.000     0.000     9.837    -1.240    -6.286     1.352     0.744   324.117     0.001   0.15E-01    -0.613     0.589   276.549
   800.000    -0.067     2.704     0.203     0.664     1.464    -1.596     0.000     0.000     9.147    -0.744    -5.635     1.027     0.404   321.896     0.004   0.20E+00     0.140     0.621   273.705
   750.000    -3.432     1.797     0.213     0.601     1.441    -1.577     0.000     0.000     8.796    -0.256    -5.772     0.925     0.222   320.485     0.002   0.18E+00     0.642     0.645   270.740
   700.000    -6.657     1.056     0.152     0.543     1.441    -1.578     0.000     0.000     8.732     0.000    -5.702     0.941     0.222   319.767     0.001   0.15E+00     0.923     0.663   267.449
   650.000   -10.266     0.600     0.046     0.486     1.426    -1.564     0.000     0.000     8.670     0.000    -5.597     0.900     0.213   319.443     0.000   0.98E-01     1.065     0.674   263.735
   600.000   -14.423     0.343    -0.116     0.433     1.383    -1.524     0.000     0.000     8.677     0.000    -5.183     0.898     0.154   319.528     0.000   0.72E-01     1.089     0.679   259.508
   550.000   -19.321     0.213    -0.236     0.399     1.327    -1.474     0.000     0.000     8.765     0.000    -4.547     0.957     0.108   320.099     0.000   0.72E-01     0.960     0.677   254.668
   500.000   -25.075     0.153    -0.260     0.396     1.330    -1.487     0.000     0.000     8.931     0.000    -3.645     1.007     0.092   320.955     0.001   0.80E-01     0.759     0.663   249.109
   450.000   -31.694     0.134    -0.186     0.424     1.451    -1.620     0.000     0.000     8.641     0.000    -2.387     0.999     0.639   321.914     0.021   0.29E+00     0.571     0.634   242.727
   400.000   -39.200     0.163    -0.101     0.433     1.452    -1.636     0.000     0.000     8.190     0.000    -1.273     1.010     0.923   322.761     0.050   0.30E+00     0.434     0.572   235.433
   350.000   -47.554     0.076    -0.044     0.475     1.342    -1.541     0.000     0.000     7.992     0.000    -0.594     1.206     0.945   323.697     0.072   0.23E+00     0.268     0.495   227.134
   300.000   -56.924     0.024    -0.071     0.515     0.978    -1.193     0.000     0.000     6.994     0.000    -0.257     1.308     1.947   324.574     0.081   0.15E+00     0.145     0.417   217.710
   250.000   -67.536     0.009    -0.012     0.764     0.740    -0.970     0.000     0.000     3.694     0.000    -0.073     0.680     3.788   325.529     0.257   0.75E-01     0.027     0.329   206.947
   200.000   -68.777     0.001    -2.082     0.724     0.348    -0.519     0.000     0.000     1.010     0.000    -0.010     0.179     2.807   328.260     0.239   0.28E-01    -0.000     0.217   193.982
   150.000   -68.231     0.001    -4.000     0.391     0.037    -0.116     0.000     0.000     0.015     0.000    -0.000     0.000     0.996   338.647     0.086   0.17E-02    -0.000     0.082   177.293
   100.000   -66.465     0.001    -4.000     0.069    -0.011     0.056     0.000     0.000     0.000     0.000    -0.000     0.000     0.015   361.477     0.000   0.94E-05     0.000     0.003   153.780
    80.000   -63.559     0.001    -4.000     0.030     0.000     0.064     0.000     0.000     0.000     0.000     0.000     0.000     0.000   377.415     0.000   0.00E+00     0.000     0.000     0.000
    60.000   -56.409     0.001     0.000     0.011     0.000     0.112     0.000     0.000     0.000     0.000     0.000     0.000     0.000   400.997     0.000   0.00E+00     0.000     0.000     0.000
    40.000   -47.053     0.001     0.000     0.003     0.000     0.174     0.000     0.000     0.000     0.000     0.000     0.000     0.000   434.591     0.000   0.00E+00     0.000     0.000     0.000
    30.000   -40.077     0.001     0.000     0.002     0.000     0.220     0.000     0.000     0.000     0.000     0.000     0.000     0.000   459.896     0.000   0.00E+00     0.000     0.000     0.000
    25.000   -26.689     0.001     0.000     0.000     0.000     0.310     0.000     0.000     0.000     0.000     0.000     0.000     0.000   485.609     0.000   0.00E+00    -0.001     0.000     0.000
