  1000.000     2.967     2.983     0.000     0.655    -1.426    -1.063     2.676     0.000     0.000     0.000     0.000     0.000     0.000   298.052     0.000   0.00E+00    -0.868     0.312   276.073
   950.000    -1.131     2.823     0.001     0.831     0.674    -1.465     0.527     0.000    18.420     0.000   -15.128     0.000     0.000   298.044     0.000   0.00E+00    -1.614     0.344   272.064
   900.000    -4.917     2.007    -0.082     0.740     1.479    -1.516     0.000     0.000    18.420     0.000   -12.986     0.000     1.916   294.185     0.003   0.79E-01    -0.602     0.376   268.189
   850.000    -8.470     1.341     0.352     0.656     1.505    -1.544     0.000     0.000    17.194    -1.916    -9.565     2.372     2.161   292.884     0.035   0.25E+00    -0.004     0.410   265.145
   800.000   -12.126     0.852     0.536     0.554     1.580    -1.620     0.000     0.000    15.781    -2.161    -7.037     2.602     1.488   291.324     0.014   0.24E+00     0.431     0.440   261.796
   750.000   -15.927     0.471     0.507     0.428     1.558    -1.599     0.000     0.000    14.516    -1.446    -5.644     2.017     0.632   291.606     0.003   0.17E+00     0.678     0.462   258.100
   700.000   -19.969     0.221     0.348     0.324     1.471    -1.513     0.000     0.000    14.034    -0.565    -4.698     1.768     0.521   290.916     0.000   0.13E+00     0.718     0.472   254.009
   650.000   -24.369     0.106     0.174     0.258     1.346    -1.389     0.000     0.000    13.694    -0.450    -3.927     1.648     0.435   291.674     0.000   0.10E+00     0.652     0.472   249.481
   600.000   -29.239     0.059    -0.011     0.216     1.178    -1.223     0.000     0.000    13.497    -0.365    -3.133     1.569     0.460   292.604     0.000   0.81E-01     0.532     0.461   244.473
   550.000   -34.642     0.025    -0.167     0.181     0.839    -0.885     0.000     0.000    13.416    -0.402    -2.378     1.780     0.081   293.353     0.000   0.67E-01     0.401     0.443   238.950
   500.000   -40.683     0.019    -0.218     0.208     0.717    -0.766     0.000     0.000    14.241    -0.038    -1.571     2.311     0.034   293.204     0.001   0.45E-01     0.271     0.413   232.877
   450.000   -47.350     0.016    -0.206     0.298     0.688    -0.738     0.000     0.000    15.944     0.000    -0.856     3.259     0.175   293.325     0.017   0.95E-01     0.176     0.375   226.211
   400.000   -54.668     0.014    -0.195     0.464     0.599    -0.652     0.000     0.000    20.122     0.000    -0.388     6.073     0.635   294.180     0.078   0.94E-01     0.116     0.326   218.892
   350.000   -62.757     0.013    -0.166     0.833     0.568    -0.623    -0.000     0.000     5.279     0.000    -0.155     0.963    15.395   294.439     0.298   0.53E-01     0.069     0.269   210.822
   300.000   -71.335     0.004    -0.403     0.892     0.270    -0.326     0.000     0.000     1.494     0.000    -0.067     0.253     3.968   294.519     0.381   0.33E-01     0.045     0.154   201.833
   250.000   -74.973     0.003    -4.000     0.935     0.178    -0.230     0.000     0.000     0.750     0.000    -0.023     0.127     0.832   299.502     0.298   0.18E-01     0.016     0.079   191.479
   200.000   -73.602     0.001    -4.000     0.279     0.103    -0.142     0.000     0.000     0.298     0.000    -0.005     0.049     0.485   311.745     0.040   0.86E-02     0.002     0.054   178.862
   150.000   -74.157     0.001    -4.000     0.225     0.036    -0.060     0.000     0.000     0.030     0.000    -0.000     0.003     0.269   326.555     0.033   0.21E-02    -0.000     0.029   162.615
   100.000   -72.287     0.001    -4.000     0.102    -0.001    -0.001     0.000     0.000     0.000     0.000    -0.000     0.000     0.030   349.668     0.004   0.78E-04    -0.000     0.005   139.782
    80.000   -68.811     0.001    -4.000     0.034     0.000     0.004     0.000     0.000     0.000     0.000     0.000     0.000     0.000   365.662     0.000   0.00E+00     0.000     0.000     0.000
    60.000   -61.059     0.001     0.000     0.009     0.000     0.013     0.000     0.000     0.000     0.000     0.000     0.000     0.000   391.254     0.000   0.00E+00     0.000     0.000     0.000
    40.000   -50.766     0.001     0.000     0.002     0.000     0.024     0.000     0.000     0.000     0.000     0.000     0.000     0.000   426.762     0.000   0.00E+00     0.000     0.000     0.000
    30.000   -42.493     0.001     0.000     0.001     0.000     0.033     0.000     0.000     0.000     0.000     0.000     0.000     0.000   452.098     0.000   0.00E+00     0.000     0.000     0.000
    25.000   -26.078     0.001     0.000     0.000     0.000     0.053     0.000     0.000     0.000     0.000     0.000     0.000     0.000   479.580     0.000   0.00E+00    -0.001     0.000     0.000
