  1000.000     2.969     2.983     0.000     0.662    -1.460    -1.109     2.692     0.000     0.000     0.000     0.000     0.000     0.000   302.460     0.000   0.00E+00    -0.975     0.333   276.075
   950.000    -1.129     2.824     0.001     0.838     0.832    -1.432     0.390     0.000    17.884     0.000   -14.910     0.000     0.000   302.466     0.000   0.00E+00    -1.919     0.367   272.066
   900.000    -4.916     2.004    -0.088     0.745     1.479    -1.522     0.000     0.000    17.884     0.000   -12.582     0.000     1.869   298.411     0.003   0.78E-01    -0.794     0.398   268.191
   850.000    -8.472     1.338     0.353     0.665     1.502    -1.547     0.000     0.000    16.680    -1.869    -9.394     2.299     2.051   296.914     0.034   0.25E+00    -0.167     0.432   265.147
   800.000   -12.126     0.846     0.535     0.566     1.583    -1.628     0.000     0.000    15.326    -2.050    -6.956     2.495     1.420   295.215     0.014   0.24E+00     0.307     0.463   261.798
   750.000   -15.904     0.477     0.509     0.445     1.566    -1.612     0.000     0.000    14.119    -1.361    -5.622     1.934     0.613   295.340     0.003   0.17E+00     0.586     0.486   258.101
   700.000   -19.965     0.240     0.355     0.345     1.485    -1.533     0.000     0.000    13.655    -0.526    -4.712     1.699     0.512   294.573     0.000   0.13E+00     0.659     0.496   254.011
   650.000   -24.405     0.114     0.183     0.280     1.368    -1.417     0.000     0.000    13.318    -0.423    -3.968     1.581     0.430   295.228     0.000   0.10E+00     0.623     0.496   249.483
   600.000   -29.267     0.053    -0.003     0.239     1.208    -1.258     0.000     0.000    13.118    -0.344    -3.197     1.506     0.453   296.036     0.000   0.84E-01     0.527     0.487   244.476
   550.000   -34.640     0.025    -0.161     0.204     0.890    -0.942     0.000     0.000    13.029    -0.376    -2.456     1.703     0.097   296.800     0.000   0.71E-01     0.413     0.469   238.953
   500.000   -40.685     0.019    -0.218     0.229     0.781    -0.835     0.000     0.000    13.780    -0.037    -1.667     2.195     0.047   296.516     0.001   0.48E-01     0.292     0.440   232.880
   450.000   -47.350     0.016    -0.218     0.313     0.762    -0.818     0.000     0.000    15.308     0.000    -0.952     3.059     0.211   296.528     0.017   0.11E+00     0.204     0.402   226.215
   400.000   -54.664     0.014    -0.218     0.467     0.680    -0.738     0.000     0.000    19.020     0.000    -0.495     5.551     0.633   297.458     0.076   0.10E+00     0.155     0.352   218.896
   350.000   -62.750     0.013    -0.194     0.810     0.647    -0.707    -0.000     0.000     5.381     0.000    -0.249     0.983    14.197   297.763     0.281   0.62E-01     0.113     0.296   210.825
   300.000   -71.334     0.004    -0.415     0.868     0.368    -0.430     0.000     0.000     1.675     0.000    -0.117     0.269     3.892   297.953     0.362   0.44E-01     0.088     0.185   201.836
   250.000   -74.971     0.003    -4.000     0.911     0.294    -0.350     0.000     0.000     0.897     0.000    -0.044     0.142     0.873   302.862     0.292   0.28E-01     0.046     0.110   191.482
   200.000   -73.600     0.001    -4.000     0.277     0.182    -0.226     0.000     0.000     0.443     0.000    -0.014     0.068     0.498   314.598     0.040   0.17E-01     0.021     0.078   178.865
   150.000   -74.155     0.001    -4.000     0.232     0.097    -0.127     0.000     0.000     0.158     0.000    -0.003     0.025     0.302   328.993     0.036   0.73E-02    -0.000     0.051   162.618
   100.000   -72.286     0.001    -4.000     0.132     0.011    -0.019     0.000     0.000     0.000     0.000    -0.000     0.000     0.158   351.274     0.019   0.77E-03    -0.000     0.022   139.785
    80.000   -68.810     0.001    -4.000     0.033     0.000     0.004     0.000     0.000     0.000     0.000     0.000     0.000     0.000   367.349     0.000   0.00E+00     0.000     0.000     0.000
    60.000   -61.058     0.001     0.000     0.009     0.000     0.013     0.000     0.000     0.000     0.000     0.000     0.000     0.000   393.037     0.000   0.00E+00     0.000     0.000     0.000
    40.000   -50.766     0.001     0.000     0.002     0.000     0.024     0.000     0.000     0.000     0.000     0.000     0.000     0.000   428.362     0.000   0.00E+00     0.000     0.000     0.000
    30.000   -42.493     0.001     0.000     0.001     0.000     0.033     0.000     0.000     0.000     0.000     0.000     0.000     0.000   453.628     0.000   0.00E+00     0.000     0.000     0.000
    25.000   -26.078     0.001     0.000     0.000     0.000     0.053     0.000     0.000     0.000     0.000     0.000     0.000     0.000   480.840     0.000   0.00E+00    -0.001     0.000     0.000
