  1000.000     4.772     3.382     0.000     0.630    -1.467    -0.937     2.639     0.000     0.000     0.000     0.000     0.000     0.000   289.421     0.000   0.00E+00    -0.785     0.276   277.895
   950.000     0.683     3.207     0.001     0.796     0.568    -1.331     0.538     0.000    19.664     0.000   -12.534     0.000     0.000   289.434     0.000   0.00E+00    -0.946     0.309   273.861
   900.000    -3.151     2.389    -0.098     0.749     1.385    -1.384     0.000     0.000    19.664     0.000   -16.175     0.000     2.258   287.092     0.001   0.91E-02    -0.363     0.331   269.867
   850.000    -6.696     1.649     0.385     0.666     1.497    -1.498     0.000     0.000    18.214    -2.258   -10.629     2.678     2.500   285.487     0.065   0.39E+00     0.178     0.367   266.918
   800.000   -10.276     1.040     0.598     0.547     1.629    -1.632     0.000     0.000    16.555    -2.489    -7.606     2.908     1.545   285.132     0.022   0.27E+00     0.575     0.400   263.669
   750.000   -13.922     0.532     0.556     0.394     1.597    -1.602     0.000     0.000    15.185    -1.529    -6.031     2.190     0.510   284.658     0.008   0.17E+00     0.785     0.423   260.074
   700.000   -17.797     0.297     0.357     0.278     1.466    -1.473     0.000     0.000    14.829    -0.476    -4.937     1.955     0.525   285.179     0.009   0.13E+00     0.747     0.432   256.081
   650.000   -22.199     0.145     0.172     0.211     1.287    -1.296     0.000     0.000    14.450    -0.496    -4.010     1.772     0.412   285.433     0.012   0.10E+00     0.621     0.430   251.640
   600.000   -26.992     0.090    -0.011     0.178     1.066    -1.077     0.000     0.000    14.233    -0.382    -3.002     1.714     0.425   286.048     0.015   0.81E-01     0.451     0.416   246.702
   550.000   -32.380     0.048    -0.156     0.164     0.776    -0.791     0.000     0.000    14.124    -0.391    -2.077     1.838     0.218   286.518     0.017   0.62E-01     0.306     0.392   241.225
   500.000   -38.340     0.023    -0.238     0.200     0.604    -0.624     0.000     0.000    14.549    -0.191    -1.214     2.177     0.038   287.275     0.021   0.46E-01     0.178     0.358   235.167
   450.000   -45.018     0.025    -0.285     0.352     0.586    -0.610     0.000     0.000    16.264    -0.005    -0.503     3.279     0.063   287.697     0.054   0.73E-01     0.065     0.315   228.487
   400.000   -52.445     0.027    -0.358     0.619     0.419    -0.448     0.000     0.000    16.317    -0.005    -0.147     2.964     1.863   287.748     0.163   0.69E-01     0.019     0.267   221.129
   350.000   -60.691     0.018    -0.420     0.777     0.368    -0.403    -0.000     0.000     9.020    -0.003    -0.029     2.275     8.697   287.873     0.147   0.32E-02     0.002     0.200   212.999
   300.000   -69.549     0.006    -0.701     1.000     0.078    -0.117     0.000     0.000     0.318    -0.002    -0.000     0.002     8.700   288.258     0.444   0.17E-02    -0.000     0.101   203.940
   250.000   -74.192     0.003    -4.000     0.999    -0.007    -0.024     0.000     0.000     0.000     0.000    -0.000     0.000     0.318   293.037     0.211   0.55E-04    -0.000     0.012   193.529
   200.000   -72.940     0.001    -4.000     0.192     0.000    -0.002     0.000     0.000     0.000     0.000     0.000     0.000     0.000   306.817     0.000   0.73E-10    -0.000     0.000   180.868
   150.000   -73.974     0.001    -4.000     0.163     0.000    -0.002     0.000     0.000     0.000     0.000     0.000     0.000     0.000   322.055     0.000   0.00E+00     0.000     0.000   164.589
   100.000   -73.055     0.001    -4.000     0.099     0.000     0.000     0.000     0.000     0.000     0.000     0.000     0.000     0.000   345.261     0.000   0.00E+00     0.000     0.000   141.793
    80.000   -70.487     0.001    -4.000     0.057     0.000     0.006     0.000     0.000     0.000     0.000     0.000     0.000     0.000   360.283     0.000   0.00E+00     0.000     0.000     0.000
    60.000   -64.058     0.001     0.000     0.018     0.000     0.023     0.000     0.000     0.000     0.000     0.000     0.000     0.000   383.592     0.000   0.00E+00     0.000     0.000     0.000
    40.000   -55.425     0.001     0.000     0.004     0.000     0.044     0.000     0.000     0.000     0.000     0.000     0.000     0.000   416.085     0.000   0.00E+00     0.000     0.000     0.000
    30.000   -48.956     0.001     0.000     0.002     0.000     0.060     0.000     0.000     0.000     0.000     0.000     0.000     0.000   439.729     0.000   0.00E+00     0.000     0.000     0.000
    25.000   -37.499     0.001     0.000     0.000     0.000     0.089     0.000     0.000     0.000     0.000     0.000     0.000     0.000   463.409     0.000   0.00E+00    -0.001     0.000     0.000
