  1000.000     5.055     3.479     0.000     0.637    -1.498    -0.980     2.652     0.000     0.000     0.000     0.000     0.000     0.000   291.213     0.000   0.00E+00    -0.845     0.283   278.181
   950.000     0.968     3.303     0.001     0.805     0.749    -1.345     0.414     0.000    18.891     0.000   -12.466     0.000     0.001   291.215     0.000   0.13E-06    -1.046     0.317   274.143
   900.000    -2.835     2.484    -0.147     0.748     1.381    -1.388     0.000     0.000    18.886    -0.001   -15.290     0.001     2.291   288.687     0.000   0.89E-02    -0.380     0.339   270.174
   850.000    -6.373     1.716     0.368     0.673     1.483    -1.493     0.000     0.000    17.503    -2.286   -10.862     2.688     2.367   287.049     0.065   0.39E+00     0.170     0.374   267.243
   800.000    -9.964     1.081     0.591     0.553     1.612    -1.624     0.000     0.000    15.911    -2.359    -7.771     2.756     1.257   286.453     0.019   0.27E+00     0.605     0.407   264.014
   750.000   -13.619     0.539     0.537     0.401     1.588    -1.602     0.000     0.000    14.794    -1.249    -6.248     2.066     0.499   286.165     0.006   0.18E+00     0.821     0.432   260.439
   700.000   -17.444     0.264     0.346     0.285     1.451    -1.467     0.000     0.000    14.442    -0.444    -5.231     1.844     0.437   286.558     0.006   0.13E+00     0.794     0.443   256.466
   650.000   -21.840     0.130     0.158     0.218     1.274    -1.292     0.000     0.000    14.159    -0.384    -4.295     1.684     0.393   286.755     0.008   0.10E+00     0.657     0.444   252.044
   600.000   -26.663     0.057    -0.013     0.184     1.054    -1.075     0.000     0.000    13.967    -0.341    -3.277     1.656     0.378   287.611     0.011   0.85E-01     0.482     0.432   247.123
   550.000   -32.032     0.027    -0.141     0.173     0.801    -0.826     0.000     0.000    13.914    -0.327    -2.282     1.778     0.226   288.077     0.014   0.68E-01     0.328     0.409   241.658
   500.000   -38.056     0.019    -0.207     0.213     0.652    -0.680     0.000     0.000    14.302    -0.190    -1.339     2.076     0.031   288.612     0.019   0.49E-01     0.194     0.374   235.608
   450.000   -44.699     0.017    -0.244     0.377     0.633    -0.667     0.000     0.000    15.739    -0.003    -0.580     2.949     0.093   289.089     0.062   0.94E-01     0.069     0.331   228.932
   400.000   -51.999     0.013    -0.311     0.655     0.478    -0.516    -0.000     0.000    15.328    -0.003    -0.165     2.733     2.141   289.139     0.179   0.85E-01     0.022     0.282   221.568
   350.000   -60.106     0.011    -0.367     0.777     0.393    -0.437     0.000     0.000     9.750    -0.001    -0.038     2.438     7.163   289.262     0.130   0.94E-02     0.003     0.209   213.423
   300.000   -69.175     0.006    -0.588     1.006     0.116    -0.164     0.000     0.000     0.434     0.000    -0.000     0.000     9.316   289.650     0.456   0.23E-02    -0.000     0.117   204.347
   250.000   -74.093     0.003    -4.000     0.999    -0.011    -0.029     0.000     0.000     0.000     0.000    -0.000     0.000     0.434   294.219     0.216   0.83E-04    -0.000     0.017   193.927
   200.000   -72.812     0.001    -4.000     0.177     0.000    -0.012     0.000     0.000     0.000     0.000     0.000     0.000     0.000   307.775     0.000   0.12E-09    -0.000     0.000   181.258
   150.000   -73.837     0.001    -4.000     0.152     0.000    -0.002     0.000     0.000     0.000     0.000     0.000     0.000     0.000   322.732     0.000   0.00E+00     0.000     0.000   164.969
   100.000   -72.934     0.001    -4.000     0.093     0.000     0.001     0.000     0.000     0.000     0.000     0.000     0.000     0.000   346.105     0.000   0.00E+00     0.000     0.000   142.158
    80.000   -70.378     0.001    -4.000     0.054     0.000     0.007     0.000     0.000     0.000     0.000     0.000     0.000     0.000   361.101     0.000   0.00E+00     0.000     0.000     0.000
    60.000   -63.958     0.001     0.000     0.018     0.000     0.023     0.000     0.000     0.000     0.000     0.000     0.000     0.000   384.495     0.000   0.00E+00     0.000     0.000     0.000
    40.000   -55.345     0.001     0.000     0.004     0.000     0.044     0.000     0.000     0.000     0.000     0.000     0.000     0.000   416.871     0.000   0.00E+00     0.000     0.000     0.000
    30.000   -48.905     0.001     0.000     0.002     0.000     0.060     0.000     0.000     0.000     0.000     0.000     0.000     0.000   440.940     0.000   0.00E+00     0.000     0.000     0.000
    25.000   -37.512     0.001     0.000     0.000     0.000     0.090     0.000     0.000     0.000     0.000     0.000     0.000     0.000   464.096     0.000   0.00E+00    -0.001     0.000     0.000
