  1000.000    31.888    23.975    -0.000     0.795    -2.078    -1.909     2.964     0.000     0.000     0.000     0.000     0.000     0.000   389.658     0.000   0.00E+00    -2.997     0.769   305.092
   950.000    27.605    23.697     0.001     0.974     3.463    -0.729    -2.041     0.000     8.559     0.000   -12.941     0.000     0.000   389.693     0.000   0.00E+00    -7.953     0.817   300.685
   900.000    26.145    19.850    -0.127     0.848     1.495    -1.657     0.000     0.000     8.559     0.000    -5.260     0.000     0.833   381.028     0.003   0.10E+00    -4.671     0.848   298.596
   850.000    23.665    17.520     0.414     0.832     1.476    -1.635     0.000     0.000     7.837    -0.833    -6.075     0.882     0.013   376.251     0.004   0.34E+00    -3.494     0.894   296.739
   800.000    21.416    15.467     0.572     0.799     1.686    -1.835     0.000     0.000     7.595    -0.000    -5.116     0.578     0.436   372.324     0.002   0.20E+00    -2.304     0.930   294.757
   750.000    19.020    13.684     0.623     0.772     1.780    -1.918     0.000     0.000     7.257     0.000    -4.719     0.489     0.498   369.305     0.001   0.16E+00    -1.393     0.958   292.633
   700.000    16.471    12.043     0.538     0.740     1.839    -1.965     0.000     0.000     6.926     0.000    -4.367     0.452     0.468   366.870     0.000   0.14E+00    -0.638     0.975   290.343
   650.000    13.695    10.498     0.359     0.706     1.853    -1.967     0.000     0.000     6.625     0.000    -4.082     0.405     0.420   364.897     0.000   0.13E+00    -0.043     0.984   287.857
   600.000    10.626     9.007     0.142     0.674     1.853    -1.956     0.000     0.000     6.325     0.000    -3.793     0.374     0.401   363.458     0.000   0.13E+00     0.372     0.988   285.135
   550.000     7.205     7.503    -0.072     0.645     1.887    -1.979     0.000     0.000     6.017     0.000    -3.459     0.380     0.407   362.493     0.000   0.13E+00     0.600     0.984   282.126
   500.000     3.450     5.831    -0.265     0.615     2.007    -2.087     0.000     0.000     5.785     0.000    -3.096     0.473     0.336   361.886     0.001   0.13E+00     0.648     0.966   278.756
   450.000    -1.160     4.416    -0.469     0.556     2.118    -2.195     0.000     0.000     5.304     0.000    -2.821     0.419     0.591   361.030     0.003   0.26E+00     0.755     0.932   274.924
   400.000    -5.790     2.997    -0.548     0.503     2.212    -2.273     0.000     0.000     5.177     0.000    -2.605     0.414     0.241   360.715     0.004   0.26E+00     0.938     0.872   270.735
   350.000   -11.255     1.802    -0.535     0.458     2.346    -2.395     0.000     0.000     4.828     0.000    -2.061     0.393     0.472   361.578     0.004   0.26E+00     1.009     0.847   265.737
   300.000   -18.203     0.874    -0.567     0.398     2.457    -2.505     0.000     0.000     4.388     0.000    -1.101     0.394     0.583   363.486     0.005   0.28E+00     0.944     0.797   259.435
   250.000   -27.005     0.357    -0.298     0.368     2.621    -2.679     0.000     0.000     3.767     0.000    -0.466     0.388     0.789   366.311     0.014   0.24E+00     0.653     0.721   251.089
   200.000   -38.972     0.187    -0.294     0.298     1.911    -2.006     0.000     0.000     3.812     0.000    -0.190     0.519     0.244   369.404     0.018   0.19E+00     0.374     0.604   239.514
   150.000   -55.085     0.081     0.285     0.769     1.468    -1.623     0.000     0.000     2.702     0.000    -0.055     0.454     1.412   372.524     0.291   0.12E+00    -0.000     0.540   223.245
   100.000   -71.455     0.011    -1.153     0.980     0.263    -0.377     0.000     0.000     0.000     0.000    -0.000     0.000     2.702   376.235     0.343   0.14E-01    -0.000     0.368   200.252
    80.000   -65.085     0.001    -4.000     0.044     0.000     0.161     0.000     0.000     0.000     0.000     0.000     0.000     0.000   388.102     0.000   0.00E+00     0.000     0.000     0.000
    60.000   -56.607     0.001     0.000     0.018     0.000     0.331     0.000     0.000     0.000     0.000     0.000     0.000     0.000   410.350     0.000   0.00E+00     0.000     0.000     0.000
    40.000   -47.466     0.001     0.000     0.007     0.000     0.514     0.000     0.000     0.000     0.000     0.000     0.000     0.000   441.046     0.000   0.00E+00     0.000     0.000     0.000
    30.000   -40.281     0.001     0.000     0.004     0.000     0.657     0.000     0.000     0.000     0.000     0.000     0.000     0.000   464.695     0.000   0.00E+00     0.000     0.000     0.000
    25.000   -26.974     0.001     0.000     0.001     0.000     0.924     0.000     0.000     0.000     0.000     0.000     0.000     0.000   489.977     0.000   0.00E+00    -0.001     0.000     0.000
