  1000.000     4.622     3.344     0.000     0.638    -1.496    -0.988     2.659     0.000     0.000     0.000     0.000     0.000     0.000   291.705     0.000   0.00E+00    -0.849     0.286   277.744
   950.000     0.533     3.169     0.001     0.805     0.726    -1.376     0.445     0.000    18.969     0.000   -12.348     0.000     0.000   291.696     0.000   0.47E-08    -1.110     0.321   273.712
   900.000    -3.315     2.362    -0.123     0.742     1.391    -1.408     0.000     0.000    18.967    -0.000   -14.806     0.000     2.208   289.152     0.000   0.11E-01    -0.372     0.343   269.723
   850.000    -6.879     1.634     0.371     0.662     1.487    -1.505     0.000     0.000    17.583    -2.207   -10.396     2.599     2.394   287.315     0.049   0.31E+00     0.192     0.377   266.766
   800.000   -10.486     1.028     0.600     0.547     1.615    -1.634     0.000     0.000    16.001    -2.394    -7.613     2.798     1.439   285.948     0.016   0.27E+00     0.618     0.410   263.509
   750.000   -14.145     0.510     0.566     0.394     1.589    -1.609     0.000     0.000    14.732    -1.437    -6.177     2.114     0.378   286.871     0.002   0.17E+00     0.860     0.433   259.905
   700.000   -18.000     0.269     0.372     0.279     1.487    -1.508     0.000     0.000    14.516    -0.355    -5.192     1.895     0.509   285.984     0.001   0.13E+00     0.847     0.444   255.904
   650.000   -22.438     0.128     0.178     0.205     1.320    -1.342     0.000     0.000    14.155    -0.483    -4.263     1.711     0.345   287.009     0.001   0.10E+00     0.728     0.446   251.456
   600.000   -27.239     0.058    -0.021     0.165     1.113    -1.137     0.000     0.000    14.019    -0.320    -3.280     1.656     0.389   288.288     0.001   0.82E-01     0.541     0.436   246.512
   550.000   -32.555     0.031    -0.167     0.143     0.804    -0.830     0.000     0.000    13.951    -0.367    -2.380     1.807     0.168   288.799     0.002   0.68E-01     0.370     0.415   241.030
   500.000   -38.554     0.019    -0.225     0.169     0.624    -0.651     0.000     0.000    14.432    -0.155    -1.485     2.140     0.010   289.062     0.004   0.44E-01     0.220     0.382   234.971
   450.000   -45.202     0.019    -0.223     0.300     0.611    -0.641     0.000     0.000    16.023     0.000    -0.676     3.124     0.075   289.146     0.031   0.79E-01     0.096     0.340   228.292
   400.000   -52.558     0.020    -0.239     0.525     0.471    -0.504    -0.000     0.000    16.764     0.000    -0.236     3.175     1.342   289.540     0.130   0.87E-01     0.031     0.290   220.934
   350.000   -60.768     0.017    -0.240     0.752     0.411    -0.446     0.000     0.000    10.496     0.000    -0.057     2.758     8.140   289.676     0.154   0.22E-01     0.004     0.225   212.806
   300.000   -69.709     0.006    -0.344     0.993     0.132    -0.170     0.000     0.000     1.035     0.000    -0.005     0.196     9.617   289.998     0.415   0.77E-02     0.000     0.125   203.751
   250.000   -74.285     0.003    -4.000     1.003     0.012    -0.045     0.000     0.000     0.025     0.000    -0.000     0.000     1.009   295.216     0.201   0.66E-03    -0.000     0.025   193.346
   200.000   -73.093     0.001    -4.000     0.178    -0.002    -0.017     0.000     0.000     0.000     0.000    -0.000     0.000     0.025   308.040     0.000   0.79E-05    -0.000     0.002   180.693
   150.000   -74.126     0.001    -4.000     0.152     0.000    -0.004     0.000     0.000     0.000     0.000     0.000     0.000     0.000   323.606     0.000   0.55E-10    -0.000     0.000   164.426
   100.000   -73.177     0.001    -4.000     0.089     0.000    -0.000     0.000     0.000     0.000     0.000     0.000     0.000     0.000   346.160     0.000   0.00E+00     0.000     0.000   141.646
    80.000   -70.585     0.001    -4.000     0.050     0.000     0.003     0.000     0.000     0.000     0.000     0.000     0.000     0.000   362.555     0.000   0.00E+00     0.000     0.000     0.000
    60.000   -64.136     0.001     0.000     0.016     0.000     0.011     0.000     0.000     0.000     0.000     0.000     0.000     0.000   385.306     0.000   0.00E+00     0.000     0.000     0.000
    40.000   -55.482     0.001     0.000     0.004     0.000     0.022     0.000     0.000     0.000     0.000     0.000     0.000     0.000   417.694     0.000   0.00E+00     0.000     0.000     0.000
    30.000   -48.992     0.001     0.000     0.001     0.000     0.030     0.000     0.000     0.000     0.000     0.000     0.000     0.000   441.767     0.000   0.00E+00     0.000     0.000     0.000
    25.000   -37.491     0.001     0.000     0.000     0.000     0.046     0.000     0.000     0.000     0.000     0.000     0.000     0.000   465.240     0.000   0.00E+00    -0.001     0.000     0.000
