  1000.000     6.670     3.973     0.000     0.658    -1.554    -1.083     2.682     0.000     0.000     0.000     0.000     0.000     0.000   295.504     0.000   0.00E+00    -0.975     0.298   279.806
   950.000     2.580     3.785     0.001     0.829     1.229    -1.385     0.104     0.000    16.784     0.000   -12.007     0.000     0.003   295.485     0.000   0.10E-05    -1.294     0.333   275.745
   900.000    -1.088     2.911    -0.270     0.741     1.380    -1.395     0.000     0.000    16.770    -0.003   -12.483     0.003     2.347   292.694     0.001   0.13E-01    -0.392     0.357   271.778
   850.000    -4.499     2.020     0.323     0.688     1.445    -1.466     0.000     0.000    15.556    -2.336   -10.939     2.693     2.034   291.141     0.064   0.36E+00     0.172     0.385   268.941
   800.000    -7.946     1.320     0.569     0.572     1.569    -1.594     0.000     0.000    14.140    -2.015    -8.025     2.369     0.671   289.958     0.020   0.28E+00     0.696     0.419   265.811
   750.000   -11.524     0.796     0.476     0.427     1.556    -1.585     0.000     0.000    13.523    -0.656    -6.573     1.725     0.363   289.547     0.010   0.18E+00     0.925     0.446   262.341
   700.000   -15.361     0.447     0.281     0.319     1.425    -1.460     0.000     0.000    13.325    -0.232    -5.780     1.556     0.294   289.788     0.013   0.14E+00     0.907     0.463   258.474
   650.000   -19.608     0.272     0.075     0.255     1.253    -1.293     0.000     0.000    13.240    -0.166    -4.899     1.469     0.306   290.339     0.018   0.12E+00     0.748     0.470   254.152
   600.000   -24.401     0.162    -0.096     0.226     1.049    -1.097     0.000     0.000    13.194    -0.201    -3.895     1.545     0.312   291.249     0.027   0.11E+00     0.548     0.464   249.317
   550.000   -29.753     0.100    -0.209     0.227     0.837    -0.894     0.000     0.000    13.288    -0.215    -2.806     1.702     0.224   291.901     0.035   0.12E+00     0.368     0.443   243.917
   500.000   -35.852     0.084    -0.260     0.283     0.730    -0.798     0.000     0.000    13.760    -0.147    -1.682     1.993     0.073   292.428     0.046   0.63E-01     0.224     0.408   237.904
   450.000   -42.679     0.083    -0.294     0.465     0.705    -0.787     0.000     0.000    14.811    -0.006    -0.768     2.530     0.286   292.882     0.110   0.15E+00     0.081     0.363   231.237
   400.000   -50.088     0.052    -0.380     0.725     0.578    -0.674     0.000     0.000    14.415    -0.007    -0.225     2.745     2.250   293.215     0.218   0.13E+00     0.025     0.310   223.855
   350.000   -58.230     0.020    -0.505     0.812     0.417    -0.527     0.000     0.000    11.576    -0.002    -0.060     3.156     5.306   293.516     0.166   0.27E-01     0.004     0.232   215.668
   300.000   -67.096     0.008    -0.789     1.021     0.191    -0.313     0.000     0.000     0.550     0.000    -0.001     0.000    11.026   293.880     0.504   0.35E-02    -0.000     0.143   206.522
   250.000   -73.639     0.004    -3.679     0.999    -0.015    -0.096     0.000     0.000     0.000     0.000    -0.000     0.000     0.550   296.886     0.358   0.12E-03    -0.000     0.025   196.054
   200.000   -71.759     0.001    -4.000     0.170     0.000    -0.030     0.000     0.000     0.000     0.000     0.000     0.000     0.000   310.333     0.000   0.38E-09    -0.000     0.000   183.334
   150.000   -72.845     0.001    -4.000     0.140     0.000     0.002     0.000     0.000     0.000     0.000     0.000     0.000     0.000   324.717     0.000   0.00E+00     0.000     0.000   166.962
   100.000   -72.215     0.001    -4.000     0.093     0.000     0.006     0.000     0.000     0.000     0.000     0.000     0.000     0.000   347.610     0.000   0.00E+00     0.000     0.000   144.055
    80.000   -69.779     0.001    -4.000     0.058     0.000     0.022     0.000     0.000     0.000     0.000     0.000     0.000     0.000   361.992     0.000   0.00E+00     0.000     0.000     0.000
    60.000   -63.388     0.001     0.000     0.021     0.000     0.065     0.000     0.000     0.000     0.000     0.000     0.000     0.000   384.215     0.000   0.00E+00     0.000     0.000     0.000
    40.000   -54.880     0.001     0.000     0.006     0.000     0.122     0.000     0.000     0.000     0.000     0.000     0.000     0.000   416.231     0.000   0.00E+00     0.000     0.000     0.000
    30.000   -48.598     0.001     0.000     0.002     0.000     0.164     0.000     0.000     0.000     0.000     0.000     0.000     0.000   440.234     0.000   0.00E+00     0.000     0.000     0.000
    25.000   -37.578     0.001     0.000     0.001     0.000     0.237     0.000     0.000     0.000     0.000     0.000     0.000     0.000   463.481     0.000   0.00E+00    -0.001     0.000     0.000
