     0.250     0.027     1.634    11.695    12.510   -21.640     1.096   263.716   245.725    14.016  1009.665     0.125   268.054
     0.500     0.047     1.660    11.889    12.996   -21.895     1.096   263.771   245.936    16.886  1008.390     0.375   265.790
     0.750     0.293     1.741    12.199    13.445   -22.150     1.096   263.810   246.209    19.685  1006.886     0.625   260.752
     1.000     0.812     1.822    12.489    13.859   -22.403     1.096   263.820   246.670    22.065  1005.456     0.875   257.735
     1.250     1.387     1.917    12.781    14.236   -22.656     1.096   263.836   247.072    24.246  1004.013     1.125   254.879
     1.500     1.752     2.020    13.069    14.576   -22.907     1.096   263.839   247.631    26.246  1002.571     1.375   252.212
     1.750     1.994     2.117    13.341    14.883   -23.156     1.096   263.830   248.265    28.109  1001.129     1.625   249.560
     2.000     2.183     2.205    13.588    15.159   -23.403     1.096   263.820   248.908    29.837   999.708     1.875   247.107
     2.250     2.236     2.284    13.814    15.407   -23.655     1.097   263.815   249.493    31.482   998.274     2.125   244.504
     2.500     2.352     2.353    14.021    15.631   -23.953     1.109   263.809   250.038    33.020   996.870     2.375   242.096
     2.750     2.408     2.412    14.212    15.835   -24.244     1.123   263.802   250.574    34.451   995.503     2.625   240.001
     3.000     2.579     2.465    14.388    16.021   -24.443     1.135   263.812   250.998    35.771   994.198     2.875   238.140
     3.250     2.684     2.523    14.548    16.193   -24.543     1.135   263.812   251.525    37.205   992.592     3.125   235.908
     3.500     3.117     2.557    14.683    16.348   -24.591     1.125   263.799   252.210    38.543   991.014     3.375   233.918
     3.750     3.118     2.597    14.811    16.490   -24.612     1.142   263.781   253.005    39.822   989.444     3.625   231.984
     4.000     3.071     2.628    14.933    16.621   -24.633     1.198   263.772   253.609    40.993   987.961     3.875   230.280
     4.250     3.109     2.658    15.047    16.742   -24.574     1.209   263.761   254.377    42.207   986.342     4.125   228.130
     4.500     3.163     2.687    15.155    16.854   -24.394     1.148   263.762   254.718    43.191   985.006     4.375   226.865
     4.750     3.270     2.718    15.251    16.957   -24.167     1.062   263.754   255.291    44.139   983.747     4.625   225.571
     5.000     3.269     2.744    15.341    17.051   -24.003     1.006   263.743   256.022    45.121   982.362     4.875   223.855
     5.250     3.273     2.761    15.428    17.139   -23.876     0.958   263.734   256.660    45.952   981.124     5.125   222.584
     5.500     3.152     2.781    15.515    17.222   -23.744     0.908   263.731   257.148    46.752   979.847     5.375   221.352
     5.750     3.195     2.806    15.593    17.299   -23.589     0.852   263.727   257.661    47.557   978.567     5.625   220.017
     6.000     3.402     2.831    15.657    17.368   -23.446     0.798   263.718   258.305    48.308   977.404     5.875   218.695
     6.250     3.400     2.845    15.718    17.432   -23.365     0.755   263.709   258.962    48.871   976.506     6.125   217.963
     6.500     3.289     2.858    15.781    17.492   -23.296     0.714   263.704   259.448    49.393   975.594     6.375   217.298
     6.750     3.220     2.871    15.843    17.549   -23.225     0.675   263.701   259.900    49.898   974.676     6.625   216.642
     7.000     3.209     2.888    15.901    17.603   -23.121     0.634   263.699   260.365    50.394   973.799     6.875   216.006
     7.250     3.206     2.905    15.954    17.653   -23.004     0.591   263.700   260.777    50.877   972.939     7.125   215.375
     7.500     3.383     2.926    15.995    17.697   -22.878     0.547   263.693   261.357    51.342   972.147     7.375   214.731
     7.750     3.322     2.929    16.040    17.739   -22.780     0.509   263.684   261.959    51.798   971.279     7.625   213.960
     8.000     3.362     2.944    16.080    17.778   -22.698     0.475   263.674   262.533    52.241   970.446     7.875   213.189
     8.250     3.347     2.951    16.117    17.813   -22.663     0.450   263.666   263.101    52.553   969.853     8.125   212.813
     8.500     3.217     2.961    16.155    17.846   -22.654     0.429   263.662   263.485    52.846   969.259     8.375   212.458
     8.750     3.209     2.975    16.189    17.877   -22.643     0.410   263.660   263.808    53.116   968.752     8.625   212.169
     9.000     3.470     2.989    16.208    17.902   -22.584     0.388   263.652   264.424    53.360   968.433     8.875   211.920
     9.250     3.472     2.998    16.228    17.924   -22.507     0.365   263.643   265.056    53.585   968.143     9.125   211.657
     9.500     3.529     3.008    16.246    17.944   -22.416     0.341   263.631   265.798    53.806   967.888     9.375   211.393
     9.750     3.378     3.009    16.269    17.961   -22.321     0.315   263.620   266.037    54.038   967.470     9.625   211.061
    10.000     3.220     3.020    16.293    17.977   -22.210     0.291   263.610   266.144    54.281   966.889     9.875   210.690
    10.250     3.223     3.014    16.313    17.991   -22.092     0.275   263.600   265.857    54.503   966.343    10.125   210.356
    10.500     3.380     3.038    16.329    18.002   -22.004     0.277   263.592   266.542    54.662   966.016    10.375   210.139
    10.750     3.189     3.044    16.345    18.013   -21.965     0.288   263.594   265.958    54.835   965.686    10.625   209.926
    11.000     3.206     3.040    16.357    18.023   -21.971     0.288   263.591   267.261    54.985   965.342    10.875   209.691
    11.250     3.431     3.043    16.360    18.033   -22.001     0.277   263.583   268.050    55.116   965.053    11.125   209.440
    11.500     3.428     3.032    16.369    18.043   -22.045     0.259   263.571   268.707    55.238   964.726    11.375   209.163
    11.750     3.152     3.041    16.387    18.053   -22.104     0.240   263.568   269.325    55.403   964.335    11.625   208.891
    12.000     3.072     3.050    16.402    18.062   -22.144     0.223   263.570   269.614    55.581   963.936    11.875   208.593
    12.250     3.373     3.061    16.398    18.066   -22.139     0.203   263.563   270.096    55.741   963.700    12.125   208.303
    12.500     3.359     3.064    16.398    18.069   -22.118     0.185   263.554   270.564    55.893   963.463    12.375   207.966
    12.750     3.241     3.061    16.401    18.071   -22.074     0.170   263.547   270.485    56.057   963.132    12.625   207.593
    13.000     3.259     3.081    16.403    18.071   -22.003     0.159   263.540   270.090    56.146   962.927    12.875   207.494
    13.250     3.228     3.059    16.404    18.070   -21.925     0.161   263.533   269.861    56.223   962.777    13.125   207.402
    13.500     3.183     3.093    16.412    18.067   -21.893     0.186   263.528   269.698    56.270   962.520    13.375   207.308
    13.750     3.108     3.056    16.410    18.065   -21.896     0.212   263.527   268.943    56.344   962.359    13.625   207.229
    14.000     3.093     3.082    16.409    18.061   -21.946     0.221   263.527   269.713    56.407   962.185    13.875   207.154
    14.250     3.223     3.076    16.399    18.056   -22.004     0.216   263.522   269.752    56.444   962.046    14.125   207.081
    14.500     3.236     3.060    16.393    18.053   -22.043     0.208   263.518   268.658    56.471   961.903    14.375   207.008
    14.750     3.217     3.083    16.390    18.049   -22.055     0.204   263.512   269.637    56.510   961.750    14.625   206.943
    15.000     3.029     3.086    16.393    18.046   -22.081     0.205   263.512   269.944    56.571   961.621    14.875   206.877
    15.250     3.014     3.096    16.389    18.041   -22.126     0.202   263.518   270.194    56.635   961.516    15.125   206.817
    15.500     3.187     3.092    16.379    18.035   -22.135     0.194   263.515   269.967    56.657   961.394    15.375   206.754
    15.750     3.197     3.091    16.370    18.029   -22.126     0.185   263.510   269.817    56.681   961.284    15.625   206.698
    16.000     3.154     3.094    16.365    18.024   -22.097     0.180   263.507   268.750    56.714   961.159    15.875   206.643
    16.250     3.223     3.096    16.357    18.017   -22.046     0.189   263.503   268.675    56.753   961.098    16.125   206.599
    16.500     3.099     3.094    16.355    18.011   -22.055     0.212   263.502   269.596    56.776   960.983    16.375   206.557
    16.750     3.034     3.086    16.353    18.004   -22.103     0.221   263.503   269.839    56.801   960.874    16.625   206.517
    17.000     3.097     3.096    16.344    17.997   -22.184     0.216   263.506   270.319    56.832   960.825    16.875   206.477
    17.250     3.219     3.077    16.332    17.991   -22.222     0.203   263.502   270.217    56.829   960.740    17.125   206.432
    17.500     3.244     3.074    16.322    17.985   -22.225     0.189   263.496   270.278    56.832   960.675    17.375   206.397
    17.750     3.246     3.084    16.315    17.979   -22.198     0.180   263.490   270.292    56.848   960.613    17.625   206.370
    18.000     3.133     3.080    16.313    17.973   -22.180     0.181   263.488   270.371    56.864   960.535    17.875   206.342
    18.250     3.043     3.092    16.310    17.967   -22.210     0.181   263.492   271.031    56.902   960.501    18.125   206.315
    18.500     3.211     3.075    16.298    17.960   -22.230     0.176   263.488   270.846    56.907   960.458    18.375   206.280
    18.750     3.276     3.072    16.287    17.953   -22.234     0.168   263.483   270.886    56.892   960.458    18.625   206.273
    19.000     3.286     3.081    16.279    17.947   -22.222     0.162   263.476   271.124    56.889   960.459    18.875   206.273
    19.250     3.244     3.082    16.273    17.940   -22.210     0.165   263.471   271.016    56.888   960.435    19.125   206.271
    19.500     3.177     3.077    16.269    17.933   -22.231     0.171   263.467   271.293    56.877   960.429    19.375   206.282
    19.750     3.077     3.082    16.266    17.927   -22.318     0.172   263.468   272.062    56.870   960.481    19.625   206.320
    20.000     3.200     3.089    16.253    17.918   -22.412     0.167   263.468   272.482    56.870   960.581    19.875   206.337
    20.250     3.226     3.084    16.240    17.909   -22.475     0.155   263.464   272.362    56.870   960.625    20.125   206.314
    20.500     3.186     3.089    16.230    17.900   -22.492     0.141   263.459   272.362    56.900   960.617    20.375   206.282
    20.750     3.041     3.086    16.226    17.890   -22.456     0.129   263.456   271.164    56.926   960.529    20.625   206.245
    21.000     3.129     3.074    16.213    17.878   -22.357     0.123   263.452   270.825    56.956   960.548    20.875   206.230
    21.250     3.075     3.078    16.205    17.867   -22.261     0.136   263.451   270.190    56.954   960.493    21.125   206.219
    21.500     3.124     3.026    16.195    17.854   -22.218     0.172   263.448   270.151    56.943   960.501    21.375   206.220
    21.750     3.152     3.077    16.188    17.843   -22.285     0.202   263.451   270.285    56.919   960.451    21.625   206.223
    22.000     3.253     3.094    16.175    17.832   -22.385     0.214   263.447   270.637    56.883   960.444    21.875   206.225
    22.250     3.295     3.081    16.160    17.822   -22.481     0.208   263.437   270.688    56.853   960.446    22.125   206.224
    22.500     3.136     3.076    16.154    17.814   -22.582     0.202   263.434   271.596    56.818   960.478    22.375   206.252
    22.750     3.032     3.076    16.147    17.805   -22.689     0.190   263.438   271.970    56.795   960.534    22.625   206.293
    23.000     2.958     3.087    16.140    17.798   -22.786     0.176   263.445   272.236    56.774   960.570    22.875   206.327
    23.250     3.218     3.083    16.120    17.787   -22.837     0.159   263.443   272.625    56.757   960.747    23.125   206.351
    23.500     3.240     3.086    16.102    17.776   -22.859     0.142   263.439   273.189    56.758   960.930    23.375   206.352
    23.750     3.176     3.090    16.087    17.764   -22.838     0.126   263.435   272.802    56.790   961.035    23.625   206.329
    24.000     3.093     3.087    16.076    17.751   -22.765     0.112   263.431   271.612    56.820   961.069    23.875   206.300
    24.250     2.980     3.096    16.067    17.737   -22.627     0.104   263.429   270.418    56.854   961.000    24.125   206.268
    24.500     3.061     3.117    16.056    17.722   -22.487     0.111   263.428   268.846    56.851   960.943    24.375   206.241
    24.750     3.028     3.117    16.055    17.709   -22.405     0.154   263.427   268.336    56.818   960.855    24.625   206.213
    25.000     3.281     3.106    16.034    17.694   -22.357     0.197   263.427   268.297    56.829   960.966    24.875   206.195
    25.250     3.171     3.093    16.030    17.683   -22.458     0.226   263.421   269.917    56.778   960.885    25.125   206.172
    25.500     3.124     3.084    16.027    17.676   -22.619     0.238   263.421   269.262    56.745   960.757    25.375   206.152
    25.750     3.212     3.048    16.015    17.668   -22.755     0.224   263.414   270.191    56.730   960.660    25.625   206.144
    26.000     3.196     3.060    16.006    17.662   -22.855     0.212   263.410   270.790    56.699   960.636    25.875   206.164
    26.250     3.040     3.059    15.999    17.657   -22.971     0.197   263.414   271.303    56.680   960.641    26.125   206.201
    26.500     2.947     3.059    15.993    17.652   -23.078     0.181   263.419   271.624    56.660   960.634    26.375   206.236
    26.750     2.999     3.071    15.981    17.647   -23.158     0.163   263.424   272.085    56.652   960.699    26.625   206.269
    27.000     3.229     3.069    15.961    17.638   -23.189     0.144   263.421   272.619    56.631   960.917    26.875   206.304
    27.250     3.241     3.075    15.944    17.628   -23.185     0.127   263.416   273.072    56.640   961.149    27.125   206.317
    27.500     3.236     3.080    15.927    17.615   -23.138     0.112   263.411   272.783    56.673   961.365    27.375   206.305
    27.750     3.185     3.077    15.911    17.600   -23.039     0.099   263.405   272.029    56.703   961.519    27.625   206.281
    28.000     2.992     3.086    15.903    17.586   -22.890     0.091   263.402   270.383    56.728   961.502    27.875   206.251
    28.250     2.887     3.093    15.902    17.573   -22.749     0.104   263.402   268.534    56.726   961.345    28.125   206.215
    28.500     3.133     3.074    15.888    17.558   -22.632     0.125   263.399   268.085    56.725   961.294    28.375   206.196
    28.750     3.156     3.100    15.879    17.545   -22.583     0.175   263.399   268.490    56.711   961.273    28.625   206.173
    29.000     3.332     3.086    15.867    17.531   -22.611     0.213   263.392   267.910    56.672   961.265    28.875   206.151
    29.250     3.230     3.072    15.863    17.523   -22.752     0.238   263.386   268.554    56.622   961.156    29.125   206.126
    29.500     3.151     2.988    15.860    17.517   -22.908     0.235   263.381   270.066    56.597   961.044    29.375   206.108
    29.750     3.164     3.048    15.857    17.512   -23.084     0.230   263.377   270.325    56.565   960.888    29.625   206.121
    30.000     3.090     3.046    15.849    17.508   -23.215     0.205   263.378   271.036    56.547   960.880    29.875   206.158
    30.250     2.965     3.044    15.842    17.504   -23.334     0.183   263.382   271.547    56.521   960.861    30.125   206.193
    30.500     2.887     3.045    15.836    17.500   -23.429     0.164   263.390   271.757    56.508   960.849    30.375   206.225
    30.750     3.065     3.057    15.820    17.494   -23.476     0.144   263.393   272.174    56.508   960.983    30.625   206.259
    31.000     3.228     3.059    15.800    17.486   -23.473     0.127   263.388   272.630    56.496   961.235    30.875   206.292
    31.250     3.252     3.066    15.781    17.475   -23.434     0.111   263.383   272.998    56.519   961.506    31.125   206.298
    31.500     3.240     3.073    15.764    17.461   -23.350     0.097   263.377   272.406    56.554   961.737    31.375   206.283
    31.750     3.123     3.068    15.751    17.447   -23.230     0.087   263.371   271.179    56.574   961.847    31.625   206.259
    32.000     3.059     3.075    15.740    17.432   -23.051     0.083   263.367   269.783    56.598   961.854    31.875   206.231
    32.250     2.805     3.044    15.741    17.420   -22.943     0.106   263.370   268.586    56.598   961.643    32.125   206.197
    32.500     3.240     3.096    15.733    17.405   -22.849     0.135   263.361   267.620    56.566   961.564    32.375   206.173
    32.750     2.962     3.095    15.738    17.394   -22.876     0.192   263.364   268.140    56.542   961.402    32.625   206.149
    33.000     3.210     3.075    15.722    17.383   -22.948     0.224   263.363   268.387    56.537   961.374    32.875   206.138
    33.250     3.153     2.984    15.715    17.375   -23.107     0.240   263.356   268.994    56.490   961.263    33.125   206.131
    33.500     3.337     3.050    15.707    17.368   -23.260     0.239   263.348   269.547    56.454   961.138    33.375   206.119
    33.750     3.235     3.032    15.696    17.363   -23.387     0.226   263.342   269.892    56.422   961.117    33.625   206.127
    34.000     3.072     3.030    15.691    17.359   -23.506     0.202   263.343   270.544    56.397   961.113    33.875   206.163
    34.250     2.948     3.029    15.687    17.357   -23.609     0.181   263.348   271.160    56.376   961.081    34.125   206.197
    34.500     2.878     3.031    15.683    17.355   -23.696     0.162   263.355   271.400    56.364   961.067    34.375   206.228
    34.750     3.058     3.043    15.667    17.350   -23.737     0.142   263.358   271.838    56.369   961.195    34.625   206.260
    35.000     3.222     3.046    15.649    17.342   -23.731     0.125   263.353   272.313    56.356   961.448    34.875   206.293
    35.250     3.245     3.053    15.631    17.331   -23.691     0.109   263.347   272.709    56.379   961.721    35.125   206.302
    35.500     3.240     3.060    15.614    17.318   -23.610     0.095   263.341   272.289    56.415   961.963    35.375   206.288
    35.750     3.141     3.055    15.601    17.304   -23.492     0.085   263.334   271.252    56.436   962.100    35.625   206.267
    36.000     3.041     3.064    15.591    17.289   -23.320     0.080   263.330   269.778    56.461   962.112    35.875   206.241
    36.250     2.813     3.071    15.596    17.277   -23.206     0.102   263.332   267.903    56.449   961.893    36.125   206.209
    36.500     3.157     3.085    15.582    17.263   -23.100     0.125   263.326   267.509    56.450   961.823    36.375   206.187
    36.750     3.141     3.079    15.575    17.250   -23.081     0.177   263.328   266.622    56.433   961.793    36.625   206.169
    37.000     3.133     2.980    15.568    17.239   -23.171     0.214   263.324   268.234    56.390   961.727    36.875   206.161
    37.250     3.207     3.053    15.570    17.231   -23.344     0.241   263.315   268.814    56.331   961.524    37.125   206.143
    37.500     3.207     3.038    15.560    17.226   -23.502     0.236   263.310   269.205    56.312   961.407    37.375   206.131
    37.750     3.192     3.020    15.551    17.221   -23.632     0.221   263.305   269.563    56.290   961.351    37.625   206.129
    38.000     3.064     3.018    15.545    17.218   -23.741     0.197   263.305   270.441    56.266   961.341    37.875   206.166
    38.250     2.942     3.016    15.541    17.216   -23.842     0.176   263.310   270.860    56.243   961.309    38.125   206.200
    38.500     2.878     3.018    15.537    17.213   -23.928     0.158   263.317   271.127    56.227   961.301    38.375   206.233
    38.750     3.008     3.031    15.524    17.209   -23.976     0.140   263.321   271.559    56.234   961.404    38.625   206.263
    39.000     3.200     3.033    15.505    17.202   -23.977     0.123   263.317   272.039    56.223   961.644    38.875   206.295
    39.250     3.228     3.040    15.488    17.192   -23.943     0.107   263.311   272.439    56.241   961.915    39.125   206.308
    39.500     3.230     3.047    15.471    17.180   -23.868     0.094   263.305   272.188    56.278   962.168    39.375   206.298
    39.750     3.161     3.043    15.457    17.165   -23.754     0.083   263.298   271.392    56.302   962.336    39.625   206.279
    40.000     3.010     3.052    15.448    17.151   -23.591     0.077   263.294   269.823    56.328   962.354    39.875   206.255
    40.250     2.833     3.005    15.447    17.139   -23.452     0.093   263.294   268.429    56.326   962.207    40.125   206.227
    40.500     3.145     3.037    15.433    17.125   -23.344     0.117   263.288   267.967    56.324   962.137    40.375   206.212
    40.750     2.888     2.976    15.436    17.114   -23.352     0.171   263.291   267.635    56.298   961.985    40.625   206.197
    41.000     3.276     3.059    15.428    17.101   -23.423     0.212   263.289   266.675    56.268   961.923    40.875   206.182
    41.250     3.210     3.045    15.426    17.092   -23.565     0.241   263.278   268.384    56.205   961.787    41.125   206.161
    41.500     3.197     3.029    15.416    17.086   -23.720     0.235   263.274   268.763    56.186   961.690    41.375   206.146
    41.750     3.163     3.009    15.408    17.082   -23.848     0.212   263.268   269.239    56.168   961.583    41.625   206.132
    42.000     3.065     3.007    15.402    17.079   -23.950     0.192   263.269   269.984    56.148   961.553    41.875   206.157
    42.250     2.957     3.004    15.398    17.077   -24.053     0.174   263.274   270.424    56.118   961.525    42.125   206.193
    42.500     2.883     3.004    15.395    17.075   -24.142     0.157   263.280   270.745    56.097   961.509    42.375   206.227
    42.750     2.919     3.019    15.386    17.072   -24.207     0.141   263.286   271.160    56.096   961.565    42.625   206.258
    43.000     3.180     3.019    15.367    17.066   -24.219     0.124   263.282   271.668    56.091   961.792    42.875   206.290
    43.250     3.202     3.025    15.350    17.058   -24.197     0.108   263.277   272.076    56.104   962.051    43.125   206.310
    43.500     3.221     3.032    15.333    17.046   -24.139     0.095   263.271   272.219    56.138   962.326    43.375   206.308
    43.750     3.232     3.042    15.314    17.032   -24.029     0.083   263.264   271.939    56.179   962.564    43.625   206.291
    44.000     2.966     3.038    15.308    17.019   -23.895     0.076   263.260   270.164    56.193   962.587    43.875   206.269
    44.250     2.959     3.047    15.306    17.005   -23.745     0.085   263.256   268.763    56.181   962.516    44.125   206.245
    44.500     2.878     3.068    15.303    16.993   -23.642     0.105   263.257   267.362    56.189   962.298    44.375   206.220
    44.750     3.193     3.059    15.289    16.978   -23.551     0.147   263.255   265.937    56.189   962.313    44.625   206.200
    45.000     3.138     2.960    15.280    16.965   -23.584     0.195   263.251   267.443    56.154   962.309    44.875   206.188
    45.250     3.091     2.952    15.278    16.957   -23.728     0.227   263.244   267.984    56.112   962.171    45.125   206.177
    45.500     3.221     3.021    15.274    16.950   -23.903     0.232   263.238   268.375    56.069   962.017    45.375   206.168
    45.750     3.253     2.997    15.264    16.945   -24.037     0.208   263.230   268.929    56.026   961.963    45.625   206.165
    46.000     2.979     2.994    15.263    16.943   -24.152     0.187   263.232   269.297    56.026   961.829    45.875   206.153
    46.250     2.952     2.992    15.260    16.942   -24.250     0.169   263.236   270.059    56.003   961.780    46.125   206.176
    46.500     2.893     2.992    15.256    16.941   -24.330     0.153   263.242   270.479    55.983   961.750    46.375   206.208
    46.750     2.870     3.007    15.252    16.939   -24.398     0.138   263.249   270.728    55.975   961.764    46.625   206.239
    47.000     3.169     3.006    15.233    16.934   -24.411     0.122   263.246   271.292    55.978   961.969    46.875   206.269
    47.250     3.183     3.011    15.216    16.927   -24.398     0.108   263.241   271.762    55.987   962.201    47.125   206.288
    47.500     3.207     3.018    15.200    16.917   -24.353     0.095   263.235   272.098    56.022   962.456    47.375   206.287
    47.750     3.211     3.028    15.183    16.904   -24.256     0.083   263.228   271.783    56.063   962.673    47.625   206.271
    48.000     2.966     3.025    15.177    16.892   -24.135     0.075   263.224   270.177    56.081   962.701    47.875   206.251
    48.250     2.977     3.031    15.170    16.878   -23.970     0.079   263.221   268.757    56.091   962.670    48.125   206.229
    48.500     2.877     3.016    15.167    16.867   -23.867     0.097   263.219   267.338    56.087   962.489    48.375   206.207
    48.750     3.069     3.052    15.168    16.854   -23.820     0.144   263.213   267.175    56.044   962.364    48.625   206.194
    49.000     3.037     3.043    15.159    16.843   -23.865     0.195   263.215   267.189    56.053   962.332    48.875   206.183
    49.250     3.010     2.946    15.155    16.834   -24.004     0.226   263.215   267.429    56.020   962.213    49.125   206.173
    49.500     3.416     3.009    15.138    16.824   -24.139     0.222   263.206   267.871    55.971   962.203    49.375   206.167
    49.750     3.250     2.987    15.130    16.819   -24.263     0.204   263.193   268.618    55.915   962.167    49.625   206.164
    50.000     2.980     2.984    15.130    16.817   -24.375     0.186   263.195   269.091    55.921   962.046    49.875   206.148
    50.250     2.921     2.983    15.128    16.816   -24.467     0.169   263.200   269.756    55.907   961.979    50.125   206.158
    50.500     2.888     2.983    15.125    16.814   -24.550     0.153   263.206   270.211    55.883   961.957    50.375   206.192
    50.750     2.868     2.997    15.120    16.813   -24.616     0.138   263.213   270.483    55.877   961.974    50.625   206.222
    51.000     3.157     2.996    15.102    16.807   -24.631     0.122   263.210   271.061    55.872   962.176    50.875   206.251
    51.250     3.160     3.001    15.086    16.800   -24.618     0.107   263.206   271.524    55.883   962.397    51.125   206.262
    51.500     3.185     3.008    15.070    16.790   -24.572     0.094   263.200   271.654    55.917   962.644    51.375   206.255
    51.750     3.188     3.005    15.054    16.778   -24.474     0.082   263.193   271.570    55.957   962.865    51.625   206.235
    52.000     2.935     3.015    15.048    16.766   -24.351     0.075   263.190   269.940    55.974   962.877    51.875   206.212
    52.250     2.968     3.023    15.041    16.752   -24.185     0.078   263.188   268.629    55.985   962.849    52.125   206.189
    52.500     2.822     3.043    15.042    16.741   -24.094     0.098   263.186   267.118    55.970   962.606    52.375   206.165
    52.750     3.282     3.034    15.025    16.727   -24.003     0.142   263.176   267.111    55.957   962.672    52.625   206.149
    53.000     3.019     2.937    15.022    16.716   -24.065     0.191   263.179   266.113    55.931   962.621    52.875   206.136
    53.250     3.039     2.931    15.021    16.708   -24.205     0.221   263.174   267.629    55.900   962.495    53.125   206.123
    53.500     3.306     2.997    15.010    16.701   -24.351     0.214   263.166   267.946    55.854   962.411    53.375   206.117
    53.750     3.113     2.977    15.006    16.697   -24.487     0.195   263.159   268.570    55.816   962.312    53.625   206.105
    54.000     2.950     2.974    15.005    16.695   -24.591     0.177   263.163   268.871    55.822   962.196    53.875   206.093
    54.250     2.905     2.973    15.002    16.694   -24.682     0.161   263.168   269.617    55.804   962.137    54.125   206.109
    54.500     2.873     2.973    14.999    16.693   -24.761     0.146   263.174   270.060    55.784   962.115    54.375   206.142
    54.750     2.881     2.987    14.993    16.691   -24.825     0.132   263.181   270.335    55.780   962.151    54.625   206.173
    55.000     3.147     2.987    14.975    16.686   -24.840     0.117   263.177   270.930    55.776   962.356    54.875   206.201
    55.250     3.148     2.992    14.960    16.679   -24.827     0.103   263.172   271.392    55.790   962.579    55.125   206.207
    55.500     3.172     3.000    14.944    16.669   -24.779     0.090   263.166   271.472    55.826   962.824    55.375   206.199
    55.750     3.163     2.996    14.929    16.656   -24.682     0.079   263.160   271.452    55.861   963.036    55.625   206.179
    56.000     2.922     3.008    14.922    16.644   -24.552     0.072   263.157   269.742    55.882   963.060    55.875   206.157
    56.250     2.925     3.016    14.917    16.630   -24.391     0.079   263.154   267.831    55.887   963.017    56.125   206.134
    56.500     2.749     3.002    14.919    16.620   -24.306     0.098   263.154   266.926    55.878   962.750    56.375   206.110
    56.750     3.392     3.022    14.896    16.605   -24.207     0.139   263.148   265.575    55.864   962.868    56.625   206.092
    57.000     3.142     3.013    14.892    16.594   -24.263     0.187   263.142   267.136    55.826   962.844    56.875   206.077
    57.250     2.944     2.913    14.894    16.586   -24.392     0.210   263.141   266.675    55.795   962.699    57.125   206.065
    57.500     3.208     2.986    14.886    16.580   -24.550     0.204   263.132   267.910    55.754   962.605    57.375   206.061
    57.750     3.114     2.965    14.881    16.576   -24.693     0.185   263.128   268.390    55.711   962.527    57.625   206.061
    58.000     2.945     2.964    14.880    16.574   -24.802     0.167   263.131   268.901    55.711   962.412    57.875   206.052
    58.250     2.874     2.964    14.878    16.574   -24.901     0.152   263.136   269.600    55.702   962.331    58.125   206.061
    58.500     2.859     2.964    14.875    16.574   -24.978     0.137   263.142   270.006    55.687   962.312    58.375   206.094
    58.750     2.893     2.979    14.868    16.572   -25.034     0.123   263.149   270.265    55.688   962.366    58.625   206.123
    59.000     3.125     2.978    14.850    16.566   -25.040     0.109   263.145   270.844    55.686   962.570    58.875   206.144
    59.250     3.141     2.985    14.835    16.559   -25.017     0.096   263.141   271.263    55.705   962.801    59.125   206.146
    59.500     3.160     2.993    14.819    16.548   -24.953     0.084   263.135   271.145    55.744   963.038    59.375   206.132
    59.750     3.088     2.989    14.806    16.536   -24.852     0.074   263.128   270.781    55.771   963.201    59.625   206.112
    60.000     2.858     3.024    14.801    16.521   -24.701     0.069   263.127   269.170    55.838   963.249    59.875   206.089
    60.250     2.457     3.050    14.814    16.504   -24.621     0.091   263.141   266.967    55.859   963.079    60.125   206.067
    60.500     2.531     3.035    14.805    16.485   -24.549     0.112   263.143   266.099    55.900   962.875    60.375   206.043
    60.750     3.130     3.062    14.773    16.461   -24.473     0.154   263.145   265.902    55.872   962.978    60.625   206.021
    61.000     2.900     2.940    14.761    16.444   -24.560     0.208   263.148   265.948    55.803   962.951    60.875   206.006
    61.250     3.011     2.922    14.754    16.431   -24.696     0.230   263.148   266.272    55.743   962.872    61.125   205.992
    61.500     3.260     3.001    14.738    16.420   -24.851     0.218   263.153   266.619    55.670   962.833    61.375   205.986
    61.750     3.326     2.972    14.722    16.415   -24.973     0.194   263.141   267.330    55.582   962.875    61.625   205.978
    62.000     3.185     2.961    14.721    16.415   -25.048     0.174   263.133   267.840    55.528   962.794    61.875   205.972
    62.250     3.092     2.955    14.721    16.416   -25.090     0.163   263.129   268.020    55.518   962.721    62.125   205.961
    62.500     3.086     2.951    14.720    16.417   -25.119     0.148   263.126   268.797    55.525   962.717    62.375   205.951
    62.750     3.020     2.956    14.719    16.418   -25.133     0.132   263.126   268.987    55.551   962.697    62.625   205.937
    63.000     2.994     2.962    14.717    16.418   -25.105     0.117   263.126   269.319    55.589   962.661    62.875   205.918
    63.250     2.956     2.975    14.716    16.416   -25.052     0.103   263.126   269.229    55.624   962.615    63.125   205.902
    63.500     2.948     2.984    14.711    16.412   -24.970     0.093   263.125   269.213    55.662   962.598    63.375   205.890
    63.750     2.984     2.991    14.707    16.407   -24.885     0.091   263.123   267.909    55.675   962.580    63.625   205.880
    64.000     3.059     2.993    14.697    16.400   -24.796     0.102   263.121   267.702    55.697   962.628    63.875   205.869
    64.250     2.948     2.961    14.695    16.395   -24.794     0.134   263.119   268.104    55.692   962.594    64.125   205.870
    64.500     3.132     2.973    14.688    16.388   -24.864     0.154   263.115   268.002    55.678   962.571    64.375   205.864
    64.750     3.138     2.965    14.682    16.383   -24.972     0.160   263.107   268.311    55.653   962.563    64.625   205.863
    65.000     3.155     2.975    14.678    16.378   -25.052     0.163   263.100   268.254    55.628   962.518    64.875   205.861
    65.250     3.123     2.972    14.674    16.374   -25.103     0.158   263.094   268.418    55.627   962.508    65.125   205.853
    65.500     3.070     2.971    14.670    16.370   -25.125     0.150   263.089   268.522    55.627   962.494    65.375   205.849
    65.750     3.027     2.957    14.666    16.365   -25.125     0.142   263.088   268.446    55.633   962.485    65.625   205.842
    66.000     3.044     2.970    14.661    16.360   -25.118     0.133   263.085   268.657    55.635   962.490    65.875   205.840
    66.250     3.008     2.960    14.655    16.355   -25.110     0.126   263.084   268.700    55.639   962.488    66.125   205.834
    66.500     3.006     2.977    14.651    16.350   -25.097     0.122   263.082   268.711    55.635   962.459    66.375   205.830
    66.750     3.018     2.975    14.643    16.344   -25.081     0.120   263.080   268.757    55.642   962.505    66.625   205.829
    67.000     3.001     2.946    14.636    16.338   -25.072     0.121   263.079   268.661    55.643   962.522    66.875   205.823
    67.250     3.038     2.977    14.629    16.331   -25.073     0.125   263.077   268.199    55.639   962.526    67.125   205.818
    67.500     3.018     2.962    14.622    16.325   -25.090     0.129   263.074   268.527    55.637   962.536    67.375   205.810
    67.750     3.028     2.961    14.616    16.318   -25.111     0.133   263.070   268.459    55.637   962.527    67.625   205.800
    68.000     3.013     2.944    14.610    16.312   -25.146     0.136   263.067   268.526    55.632   962.514    67.875   205.793
    68.250     3.048     2.971    14.604    16.306   -25.169     0.136   263.066   268.337    55.621   962.534    68.125   205.798
    68.500     3.022     2.957    14.597    16.300   -25.185     0.136   263.064   268.613    55.615   962.553    68.375   205.797
    68.750     3.022     2.957    14.591    16.293   -25.202     0.133   263.062   268.461    55.613   962.551    68.625   205.790
    69.000     3.015     2.957    14.585    16.287   -25.215     0.130   263.059   268.615    55.610   962.553    68.875   205.785
    69.250     3.010     2.970    14.579    16.281   -25.220     0.127   263.058   268.458    55.608   962.554    69.125   205.781
    69.500     3.008     2.972    14.573    16.274   -25.224     0.126   263.056   268.446    55.608   962.553    69.375   205.773
    69.750     2.998     2.974    14.567    16.268   -25.224     0.129   263.054   268.329    55.604   962.537    69.625   205.768
    70.000     2.986     2.960    14.559    16.261   -25.235     0.135   263.053   268.410    55.605   962.567    69.875   205.761
    70.250     2.996     2.959    14.552    16.254   -25.259     0.136   263.051   268.308    55.603   962.553    70.125   205.751
    70.500     3.005     2.955    14.544    16.247   -25.271     0.136   263.050   268.350    55.594   962.576    70.375   205.752
    70.750     3.018     2.970    14.538    16.240   -25.289     0.135   263.048   268.485    55.584   962.571    70.625   205.745
    71.000     3.011     2.965    14.530    16.234   -25.308     0.131   263.046   268.396    55.581   962.591    70.875   205.737
    71.250     3.015     2.952    14.523    16.228   -25.316     0.127   263.044   268.474    55.574   962.614    71.125   205.737
    71.500     3.009     2.969    14.519    16.222   -25.317     0.126   263.042   268.383    55.566   962.591    71.375   205.733
    71.750     2.998     2.955    14.510    16.215   -25.318     0.127   263.040   268.354    55.571   962.621    71.625   205.728
    72.000     2.992     2.969    14.506    16.209   -25.324     0.130   263.038   268.367    55.562   962.588    71.875   205.722
    72.250     3.000     2.954    14.497    16.202   -25.339     0.132   263.036   268.230    55.566   962.615    72.125   205.713
    72.500     3.005     2.966    14.491    16.195   -25.358     0.133   263.035   268.235    55.557   962.617    72.375   205.708
    72.750     3.001     2.966    14.484    16.189   -25.378     0.132   263.034   268.166    55.551   962.624    72.625   205.704
    73.000     3.010     2.961    14.476    16.183   -25.388     0.129   263.032   268.312    55.546   962.654    72.875   205.703
    73.250     3.014     2.964    14.471    16.177   -25.397     0.127   263.030   268.408    55.541   962.650    73.125   205.698
    73.500     2.991     2.948    14.464    16.171   -25.408     0.125   263.028   268.340    55.540   962.669    73.375   205.692
    73.750     3.002     2.965    14.458    16.165   -25.414     0.124   263.027   268.273    55.537   962.656    73.625   205.686
    74.000     2.995     2.965    14.452    16.158   -25.417     0.125   263.025   268.163    55.534   962.655    73.875   205.680
    74.250     2.987     2.963    14.445    16.152   -25.425     0.127   263.022   268.116    55.537   962.668    74.125   205.672
    74.500     2.981     2.951    14.438    16.145   -25.437     0.132   263.021   268.221    55.534   962.681    74.375   205.669
    74.750     2.991     2.960    14.431    16.139   -25.463     0.133   263.019   268.129    55.530   962.681    74.625   205.662
    75.000     2.990     2.946    14.424    16.132   -25.480     0.129   263.018   268.113    55.521   962.695    74.875   205.657
    75.250     3.011     2.961    14.418    16.126   -25.488     0.127   263.016   268.289    55.512   962.689    75.125   205.655
    75.500     2.985     2.945    14.411    16.120   -25.498     0.125   263.015   268.215    55.514   962.698    75.375   205.644
    75.750     3.001     2.961    14.406    16.114   -25.501     0.126   263.013   268.280    55.505   962.699    75.625   205.643
    76.000     2.990     2.957    14.398    16.107   -25.508     0.127   263.012   268.172    55.504   962.722    75.875   205.638
    76.250     2.986     2.959    14.392    16.101   -25.521     0.128   263.010   268.157    55.499   962.724    76.125   205.635
    76.500     3.012     2.956    14.385    16.095   -25.534     0.128   263.008   268.232    55.495   962.743    76.375   205.631
    76.750     2.984     2.959    14.380    16.089   -25.550     0.127   263.006   268.098    55.485   962.715    76.625   205.624
    77.000     3.000     2.954    14.372    16.083   -25.558     0.125   263.005   268.052    55.488   962.749    76.875   205.620
    77.250     2.979     2.925    14.366    16.077   -25.567     0.124   263.002   268.133    55.486   962.756    77.125   205.613
    77.500     3.007     2.957    14.361    16.071   -25.575     0.124   263.001   268.120    55.478   962.745    77.375   205.610
    77.750     2.988     2.957    14.354    16.065   -25.584     0.124   262.999   268.154    55.474   962.750    77.625   205.605
    78.000     2.976     2.924    14.347    16.058   -25.594     0.123   262.998   267.931    55.473   962.774    77.875   205.599
    78.250     2.999     2.956    14.342    16.052   -25.605     0.123   262.995   268.104    55.469   962.761    78.125   205.593
    78.500     2.979     2.954    14.335    16.046   -25.615     0.124   262.994   268.012    55.468   962.780    78.375   205.586
    78.750     2.992     2.954    14.328    16.040   -25.626     0.126   262.992   267.989    55.463   962.790    78.625   205.582
    79.000     2.980     2.953    14.322    16.034   -25.641     0.127   262.991   267.924    55.462   962.792    78.875   205.575
    79.250     2.977     2.955    14.316    16.027   -25.655     0.126   262.989   267.988    55.457   962.778    79.125   205.567
    79.500     2.976     2.954    14.310    16.021   -25.662     0.128   262.988   268.038    55.453   962.781    79.375   205.561
    79.750     2.980     2.954    14.303    16.015   -25.676     0.129   262.986   268.033    55.450   962.783    79.625   205.555
    80.000     2.985     2.949    14.296    16.009   -25.692     0.129   262.984   267.892    55.451   962.805    79.875   205.548
    80.250     2.976     2.936    14.289    16.003   -25.706     0.128   262.982   267.993    55.448   962.806    80.125   205.540
    80.500     2.986     2.952    14.284    15.997   -25.713     0.127   262.981   267.960    55.440   962.792    80.375   205.536
    80.750     2.982     2.951    14.277    15.991   -25.719     0.126   262.981   267.706    55.437   962.803    80.625   205.532
    81.000     2.981     2.950    14.271    15.985   -25.729     0.125   262.978   267.837    55.434   962.814    80.875   205.527
    81.250     2.976     2.950    14.265    15.979   -25.740     0.124   262.977   267.947    55.429   962.811    81.125   205.520
    81.500     2.978     2.933    14.258    15.973   -25.748     0.123   262.975   267.842    55.428   962.842    81.375   205.514
    81.750     2.976     2.916    14.251    15.967   -25.752     0.123   262.974   267.885    55.421   962.856    81.625   205.512
    82.000     3.000     2.945    14.245    15.961   -25.762     0.124   262.972   267.878    55.415   962.867    81.875   205.511
    82.250     2.977     2.932    14.239    15.955   -25.777     0.123   262.970   267.863    55.411   962.869    82.125   205.504
    82.500     2.990     2.947    14.233    15.949   -25.788     0.122   262.968   267.842    55.406   962.870    82.375   205.500
    82.750     2.972     2.943    14.227    15.943   -25.800     0.121   262.967   267.836    55.406   962.886    82.625   205.492
    83.000     2.972     2.945    14.221    15.937   -25.804     0.120   262.966   267.398    55.402   962.885    82.875   205.486
    83.250     2.968     2.947    14.216    15.932   -25.806     0.123   262.964   267.798    55.400   962.876    83.125   205.483
    83.500     2.970     2.946    14.210    15.926   -25.821     0.124   262.962   267.797    55.397   962.877    83.375   205.478
    83.750     2.973     2.913    14.202    15.920   -25.833     0.126   262.961   267.728    55.394   962.912    83.625   205.475
    84.000     2.991     2.941    14.196    15.914   -25.853     0.127   262.958   267.813    55.388   962.914    83.875   205.469
    84.250     2.962     2.945    14.192    15.908   -25.870     0.125   262.957   267.780    55.378   962.885    84.125   205.463
    84.500     2.982     2.941    14.185    15.902   -25.875     0.125   262.955   267.764    55.381   962.922    84.375   205.458
    84.750     2.962     2.928    14.178    15.896   -25.885     0.125   262.953   267.866    55.381   962.927    84.625   205.452
    85.000     2.971     2.942    14.173    15.891   -25.895     0.123   262.952   267.670    55.376   962.919    84.875   205.445
    85.250     2.968     2.941    14.166    15.885   -25.902     0.122   262.951   267.662    55.374   962.934    85.125   205.440
    85.500     2.949     2.909    14.160    15.879   -25.907     0.122   262.950   267.662    55.372   962.943    85.375   205.434
    85.750     2.984     2.942    14.154    15.873   -25.914     0.122   262.948   267.703    55.364   962.931    85.625   205.430
    86.000     2.963     2.937    14.147    15.867   -25.926     0.122   262.946   267.654    55.363   962.952    85.875   205.424
    86.250     2.971     2.925    14.141    15.861   -25.937     0.122   262.945   267.728    55.359   962.964    86.125   205.418
    86.500     2.974     2.940    14.136    15.855   -25.945     0.124   262.944   267.608    55.354   962.954    86.375   205.413
    86.750     2.969     2.936    14.129    15.850   -25.961     0.124   262.942   267.655    55.352   962.970    86.625   205.408
    87.000     2.956     2.939    14.126    15.845   -25.976     0.123   262.940   267.567    55.345   962.941    86.875   205.401
    87.250     2.967     2.923    14.118    15.839   -25.981     0.122   262.939   267.608    55.351   962.977    87.125   205.394
    87.500     2.959     2.923    14.112    15.833   -25.985     0.123   262.938   267.584    55.347   962.979    87.375   205.388
    87.750     2.963     2.923    14.106    15.827   -25.996     0.124   262.936   267.554    55.344   962.983    87.625   205.383
    88.000     2.968     2.934    14.100    15.822   -26.010     0.124   262.934   267.677    55.340   962.982    87.875   205.379
    88.250     2.977     2.933    14.094    15.816   -26.022     0.123   262.933   267.604    55.334   962.994    88.125   205.374
    88.500     2.959     2.936    14.089    15.811   -26.032     0.122   262.931   267.613    55.332   962.978    88.375   205.367
    88.750     2.963     2.933    14.083    15.805   -26.040     0.121   262.930   267.556    55.333   963.001    88.625   205.360
    89.000     2.943     2.933    14.077    15.800   -26.047     0.120   262.928   267.477    55.334   962.992    88.875   205.351
    89.250     2.966     2.936    14.072    15.794   -26.048     0.122   262.928   267.451    55.325   962.992    89.125   205.348
    89.500     2.954     2.931    14.065    15.789   -26.060     0.124   262.926   267.497    55.325   963.004    89.375   205.343
    89.750     2.972     2.934    14.060    15.783   -26.076     0.123   262.924   267.565    55.318   962.995    89.625   205.338
    90.000     2.966     2.933    14.054    15.778   -26.090     0.122   262.923   267.509    55.313   963.001    89.875   205.333
    90.250     2.958     2.931    14.048    15.773   -26.099     0.121   262.921   267.468    55.313   963.019    90.125   205.330
    90.500     2.973     2.931    14.043    15.767   -26.104     0.120   262.919   267.587    55.306   963.025    90.375   205.327
    90.750     2.959     2.930    14.037    15.761   -26.115     0.119   262.918   267.399    55.306   963.039    90.625   205.321
    91.000     2.950     2.917    14.031    15.756   -26.121     0.118   262.916   267.473    55.305   963.040    90.875   205.313
    91.250     2.942     2.899    14.026    15.750   -26.127     0.118   262.916   266.879    55.303   963.044    91.125   205.306
    91.500     2.960     2.916    14.020    15.745   -26.131     0.120   262.914   267.420    55.301   963.053    91.375   205.302
    91.750     2.966     2.931    14.015    15.740   -26.140     0.122   262.913   267.347    55.294   963.045    91.625   205.299
    92.000     2.956     2.915    14.008    15.734   -26.155     0.123   262.911   267.458    55.292   963.068    91.875   205.294
    92.250     2.973     2.927    14.002    15.729   -26.175     0.123   262.909   267.493    55.286   963.071    92.125   205.291
    92.500     2.963     2.929    13.998    15.724   -26.185     0.121   262.907   267.404    55.279   963.070    92.375   205.287
    92.750     2.950     2.913    13.991    15.718   -26.194     0.121   262.905   267.492    55.279   963.090    92.625   205.282
    93.000     2.952     2.913    13.986    15.713   -26.203     0.119   262.904   267.505    55.278   963.086    92.875   205.276
    93.250     2.952     2.913    13.980    15.707   -26.208     0.117   262.903   267.415    55.275   963.101    93.125   205.272
    93.500     2.950     2.913    13.975    15.702   -26.211     0.117   262.901   267.460    55.271   963.101    93.375   205.268
    93.750     2.953     2.928    13.970    15.696   -26.221     0.116   262.900   267.408    55.267   963.095    93.625   205.261
    94.000     2.954     2.924    13.963    15.691   -26.226     0.117   262.899   267.297    55.265   963.123    93.875   205.259
    94.250     2.937     2.924    13.958    15.686   -26.235     0.119   262.897   267.290    55.267   963.118    94.125   205.252
    94.500     2.942     2.911    13.951    15.680   -26.251     0.120   262.896   267.321    55.266   963.125    94.375   205.245
    94.750     2.957     2.911    13.946    15.675   -26.263     0.119   262.895   267.289    55.257   963.129    94.625   205.242
    95.000     2.954     2.924    13.940    15.670   -26.272     0.119   262.894   266.774    55.257   963.132    94.875   205.235
    95.250     2.928     2.910    13.935    15.664   -26.279     0.124   262.892   267.279    55.257   963.135    95.125   205.230
    95.500     2.959     2.922    13.928    15.659   -26.298     0.124   262.891   267.247    55.252   963.140    95.375   205.227
    95.750     2.935     2.924    13.925    15.654   -26.316     0.122   262.889   267.305    55.243   963.111    95.625   205.219
    96.000     2.935     2.924    13.919    15.648   -26.325     0.119   262.889   266.689    55.242   963.109    95.875   205.209
    96.250     2.942     2.908    13.912    15.643   -26.321     0.119   262.888   267.162    55.248   963.143    96.125   205.205
    96.500     2.941     2.920    13.906    15.638   -26.324     0.120   262.886   267.135    55.245   963.143    96.375   205.203
    96.750     2.947     2.888    13.899    15.633   -26.334     0.120   262.885   267.147    55.238   963.165    96.625   205.201
    97.000     2.964     2.921    13.895    15.628   -26.353     0.118   262.883   267.314    55.230   963.151    96.875   205.194
    97.250     2.930     2.887    13.889    15.623   -26.361     0.116   262.882   267.138    55.233   963.171    97.125   205.185
    97.500     2.952     2.921    13.885    15.618   -26.360     0.116   262.880   267.314    55.228   963.155    97.375   205.181
    97.750     2.937     2.921    13.880    15.613   -26.361     0.118   262.880   267.189    55.226   963.159    97.625   205.176
    98.000     2.938     2.917    13.874    15.607   -26.376     0.119   262.878   266.731    55.227   963.169    97.875   205.167
    98.250     2.937     2.904    13.867    15.602   -26.385     0.119   262.877   267.141    55.227   963.183    98.125   205.163
    98.500     2.950     2.903    13.862    15.597   -26.396     0.120   262.875   267.167    55.223   963.190    98.375   205.161
    98.750     2.948     2.902    13.856    15.592   -26.413     0.119   262.873   267.271    55.220   963.191    98.625   205.155
    99.000     2.931     2.885    13.851    15.587   -26.425     0.116   262.872   267.147    55.220   963.191    98.875   205.148
    99.250     2.943     2.918    13.848    15.583   -26.429     0.115   262.870   267.142    55.210   963.163    99.125   205.143
    99.500     2.930     2.914    13.841    15.577   -26.432     0.115   262.870   267.008    55.218   963.187    99.375   205.135
    99.750     2.925     2.918    13.838    15.572   -26.435     0.116   262.869   266.948    55.208   963.162    99.625   205.131
   100.000     2.937     2.917    13.832    15.567   -26.441     0.117   262.868   266.515    55.204   963.169    99.875   205.126
