  1000.000     5.600     3.633    -0.000     0.649    -1.529    -1.049     2.671     0.000     0.000     0.000     0.000     0.000     0.000   293.820     0.000   0.00E+00    -0.901     0.293   278.728
   950.000     1.508     3.454     0.001     0.818     1.013    -1.376     0.244     0.000    17.776     0.000   -12.299     0.000     0.001   293.812     0.000   0.18E-06    -1.183     0.328   274.681
   900.000    -2.299     2.614    -0.205     0.746     1.386    -1.405     0.000     0.000    17.769    -0.001   -14.098     0.001     2.265   291.107     0.001   0.12E-01    -0.392     0.351   270.707
   850.000    -5.854     1.835     0.335     0.677     1.466    -1.488     0.000     0.000    16.494    -2.259   -10.656     2.637     2.185   289.520     0.062   0.37E+00     0.178     0.384   267.807
   800.000    -9.364     1.133     0.576     0.560     1.591    -1.615     0.000     0.000    15.014    -2.181    -8.090     2.562     0.936   288.489     0.017   0.28E+00     0.668     0.417   264.612
   750.000   -12.905     0.605     0.500     0.410     1.577    -1.603     0.000     0.000    14.209    -0.931    -6.540     1.914     0.433   288.218     0.004   0.18E+00     0.892     0.443   261.071
   700.000   -16.827     0.300     0.310     0.296     1.436    -1.464     0.000     0.000    13.921    -0.375    -5.656     1.708     0.318   288.461     0.005   0.14E+00     0.874     0.459   257.133
   650.000   -21.111     0.147     0.111     0.228     1.259    -1.291     0.000     0.000    13.770    -0.257    -4.744     1.580     0.338   288.870     0.007   0.11E+00     0.721     0.464   252.743
   600.000   -25.861     0.090    -0.054     0.194     1.039    -1.075     0.000     0.000    13.661    -0.276    -3.733     1.609     0.305   289.726     0.011   0.97E-01     0.530     0.456   247.848
   550.000   -31.194     0.052    -0.161     0.189     0.814    -0.854     0.000     0.000    13.713    -0.251    -2.665     1.744     0.200   290.403     0.015   0.10E+00     0.358     0.435   242.401
   500.000   -37.159     0.031    -0.197     0.238     0.702    -0.747     0.000     0.000    14.141    -0.159    -1.590     2.014     0.034   290.797     0.021   0.50E-01     0.215     0.401   236.358
   450.000   -43.854     0.049    -0.210     0.416     0.702    -0.753     0.000     0.000    15.274    -0.002    -0.705     2.659     0.206   291.242     0.082   0.13E+00     0.079     0.356   229.677
   400.000   -51.296     0.080    -0.269     0.682     0.560    -0.619     0.000     0.000    14.647    -0.002    -0.211     2.633     2.313   291.398     0.188   0.11E+00     0.025     0.304   222.302
   350.000   -59.485     0.018    -0.337     0.751     0.417    -0.483     0.000     0.000    10.632     0.000    -0.054     2.690     5.923   291.669     0.117   0.21E-01     0.005     0.227   214.142
   300.000   -68.339     0.007    -0.527     1.016     0.175    -0.247     0.000     0.000     0.635     0.000    -0.000     0.029    10.000   292.036     0.491   0.33E-02    -0.000     0.137   205.038
   250.000   -74.014     0.004    -3.834     0.999    -0.012    -0.052     0.000     0.000     0.000     0.000    -0.000     0.000     0.635   295.616     0.293   0.17E-03    -0.000     0.026   194.600
   200.000   -72.476     0.001    -4.000     0.164     0.000    -0.024     0.000     0.000     0.000     0.000     0.000     0.000     0.000   309.349     0.000   0.24E-09    -0.000     0.000   181.917
   150.000   -73.452     0.001    -4.000     0.139     0.000    -0.001     0.000     0.000     0.000     0.000     0.000     0.000     0.000   324.134     0.000   0.00E+00     0.000     0.000   165.598
   100.000   -72.623     0.001    -4.000     0.088     0.000     0.002     0.000     0.000     0.000     0.000     0.000     0.000     0.000   347.383     0.000   0.00E+00     0.000     0.000   142.748
    80.000   -70.129     0.001    -4.000     0.052     0.000     0.010     0.000     0.000     0.000     0.000     0.000     0.000     0.000   362.338     0.000   0.00E+00     0.000     0.000     0.000
    60.000   -63.747     0.001     0.000     0.018     0.000     0.032     0.000     0.000     0.000     0.000     0.000     0.000     0.000   385.063     0.000   0.00E+00     0.000     0.000     0.000
    40.000   -55.180     0.001     0.000     0.004     0.000     0.060     0.000     0.000     0.000     0.000     0.000     0.000     0.000   417.394     0.000   0.00E+00     0.000     0.000     0.000
    30.000   -48.798     0.001     0.000     0.002     0.000     0.081     0.000     0.000     0.000     0.000     0.000     0.000     0.000   441.678     0.000   0.00E+00     0.000     0.000     0.000
    25.000   -37.538     0.001     0.000     0.000     0.000     0.119     0.000     0.000     0.000     0.000     0.000     0.000     0.000   464.749     0.000   0.00E+00    -0.001     0.000     0.000
