  1000.000     3.167     3.037    -0.001     0.704    -1.556    -1.432     2.724     0.000     0.000     0.000     0.000     0.000     0.000   332.532     0.000   0.00E+00    -1.707     0.391   276.274
   950.000    -0.931     2.878     0.010     0.879     1.689    -1.128    -0.438     0.000    14.411     0.000   -12.599     0.000     0.000   332.462     0.001   0.66E-05    -3.826     0.427   272.263
   900.000    -4.698     2.054    -0.066     0.772     1.400    -1.466     0.000     0.000    14.409     0.000   -10.140     0.000     1.581   326.958     0.002   0.87E-01    -1.906     0.454   268.396
   850.000    -8.246     1.372     0.450     0.716     1.388    -1.455     0.000     0.000    13.397    -1.580    -8.278     1.852     1.432   323.780     0.027   0.22E+00    -1.083     0.489   265.363
   800.000   -11.894     0.864     0.730     0.639     1.495    -1.563     0.000     0.000    12.357    -1.425    -6.412     1.807     0.977   321.455     0.012   0.23E+00    -0.417     0.520   262.027
   750.000   -15.673     0.451     0.819     0.545     1.523    -1.592     0.000     0.000    11.518    -0.849    -5.363     1.426     0.453   320.369     0.004   0.18E+00     0.067     0.543   258.342
   700.000   -19.642     0.232     0.784     0.470     1.507    -1.578     0.000     0.000    11.184    -0.287    -4.610     1.269     0.430   318.670     0.006   0.15E+00     0.313     0.555   254.263
   650.000   -24.093     0.128     0.704     0.421     1.464    -1.536     0.000     0.000    10.891    -0.253    -3.967     1.179     0.375   318.177     0.028   0.13E+00     0.429     0.558   249.744
   600.000   -29.000     0.069     0.583     0.389     1.388    -1.462     0.000     0.000    10.700    -0.197    -3.307     1.146     0.385   318.227     0.092   0.18E+00     0.340     0.550   244.744
   550.000   -34.382     0.026     0.469     0.366     1.233    -1.309     0.000     0.000    10.578    -0.223    -2.653     1.269     0.191   318.211     0.098   0.21E+00     0.233     0.532   239.226
   500.000   -40.410     0.020     0.421     0.381     1.196    -1.274     0.000     0.000    10.903    -0.048    -1.941     1.535     0.136   317.986     0.099   0.20E+00     0.117     0.503   233.154
   450.000   -47.079     0.017     0.421     0.452     1.243    -1.324     0.000     0.000    11.647     0.000    -1.223     2.050     0.322   317.424     0.120   0.27E+00     0.023     0.463   226.487
   400.000   -54.400     0.014     0.349     0.572     1.209    -1.295     0.001     0.000    12.891     0.000    -0.716     2.994     0.920   317.060     0.177   0.28E+00    -0.049     0.410   219.163
   350.000   -62.498     0.014    -0.502     0.751     1.163    -1.250     0.001     0.000     6.309    -0.004    -0.412     1.272     7.312   315.994     0.249   0.19E+00     0.076     0.343   211.085
   300.000   -71.095     0.005    -3.095     0.810     1.037    -1.049    -0.054     0.000     2.352    -0.004    -0.225     0.369     4.198   315.577     0.320   0.12E+00     0.144     0.253   202.087
   250.000   -74.848     0.003    -4.000     0.833     0.810    -0.867    -0.017     0.000     1.302    -0.001    -0.094     0.208     1.183   318.217     0.319   0.61E-01     0.115     0.178   191.724
   200.000   -73.307     0.001    -4.000     0.382     0.517    -0.665     0.058     0.000     0.736    -0.000    -0.039     0.117     0.638   327.294     0.077   0.40E-01     0.082     0.132   179.093
   150.000   -73.823     0.001    -4.000     0.328     0.292    -0.360     0.014     0.000     0.359     0.000    -0.013     0.058     0.417   338.791     0.067   0.23E-01    -0.001     0.093   162.821
   100.000   -72.028     0.001    -4.000     0.191     0.055    -0.074     0.000     0.000     0.000     0.000    -0.000     0.000     0.359   359.559     0.039   0.62E-02    -0.000     0.051   139.954
    80.000   -68.625     0.001    -4.000     0.032     0.000     0.000     0.000     0.000     0.000     0.000     0.000     0.000     0.000   376.493     0.000   0.16E-09    -0.000     0.000     0.000
    60.000   -60.920     0.001     0.000     0.007     0.000     0.017     0.000     0.000     0.000     0.000     0.000     0.000     0.000   401.113     0.000   0.00E+00     0.000     0.000     0.000
    40.000   -50.678     0.001     0.000     0.002     0.000     0.032     0.000     0.000     0.000     0.000     0.000     0.000     0.000   435.670     0.000   0.00E+00     0.000     0.000     0.000
    30.000   -42.440     0.001     0.000     0.001     0.000     0.044     0.000     0.000     0.000     0.000     0.000     0.000     0.000   461.116     0.000   0.00E+00     0.000     0.000     0.000
    25.000   -26.091     0.001     0.000     0.000     0.000     0.067     0.000     0.000     0.000     0.000     0.000     0.000     0.000   487.343     0.000   0.00E+00    -0.001     0.000     0.000
