  1000.000     3.149     3.030     0.000     0.684    -1.569    -1.287     2.771     0.000     0.000     0.000     0.000     0.000     0.000   311.143     0.000   0.00E+00    -1.226     0.377   276.256
   950.000    -0.949     2.872     0.001     0.859     1.453    -1.448    -0.047     0.000    16.060     0.000   -13.328     0.000     0.000   311.151     0.000   0.00E+00    -2.467     0.413   272.245
   900.000    -4.717     2.048    -0.159     0.758     1.505    -1.570     0.000     0.000    16.060     0.000   -11.343     0.000     1.815   307.085     0.002   0.58E-01    -1.083     0.441   268.375
   850.000    -8.258     1.363     0.304     0.689     1.500    -1.566     0.000     0.000    14.915    -1.815    -8.943     2.141     1.696   304.860     0.032   0.24E+00    -0.369     0.476   265.341
   800.000   -11.894     0.865     0.486     0.595     1.575    -1.643     0.000     0.000    13.732    -1.695    -6.869     2.130     1.102   302.986     0.012   0.24E+00     0.198     0.508   262.003
   750.000   -15.701     0.496     0.459     0.483     1.559    -1.628     0.000     0.000    12.792    -1.014    -5.801     1.675     0.488   303.144     0.002   0.18E+00     0.541     0.532   258.316
   700.000   -19.757     0.235     0.315     0.392     1.487    -1.558     0.000     0.000    12.447    -0.358    -5.062     1.490     0.435   302.014     0.001   0.14E+00     0.668     0.546   254.237
   650.000   -24.145     0.108     0.152     0.330     1.380    -1.453     0.000     0.000    12.174    -0.301    -4.411     1.384     0.370   302.331     0.000   0.11E+00     0.673     0.549   249.717
   600.000   -28.996     0.061    -0.027     0.288     1.243    -1.318     0.000     0.000    12.011    -0.241    -3.670     1.343     0.381   302.877     0.000   0.90E-01     0.607     0.543   244.717
   550.000   -34.394     0.026    -0.170     0.259     1.012    -1.089     0.000     0.000    11.942    -0.266    -2.903     1.489     0.145   303.315     0.000   0.83E-01     0.500     0.527   239.198
   500.000   -40.430     0.020    -0.223     0.278     0.930    -1.010     0.000     0.000    12.421    -0.055    -2.076     1.812     0.070   303.602     0.001   0.57E-01     0.373     0.500   233.125
   450.000   -47.098     0.017    -0.218     0.361     0.946    -1.029     0.000     0.000    13.361     0.000    -1.267     2.406     0.316   303.620     0.025   0.15E+00     0.277     0.462   226.458
   400.000   -54.416     0.014    -0.217     0.497     0.871    -0.957     0.000     0.000    14.989     0.000    -0.700     3.552     0.949   304.294     0.090   0.15E+00     0.223     0.409   219.134
   350.000   -62.508     0.013    -0.197     0.717     0.824    -0.913    -0.000     0.000     7.074     0.000    -0.373     1.474     8.758   304.750     0.193   0.93E-01     0.170     0.348   211.056
   300.000   -71.121     0.005    -0.340     0.802     0.548    -0.641     0.000     0.000     2.512     0.000    -0.175     0.403     4.834   305.032     0.304   0.66E-01     0.131     0.249   202.059
   250.000   -74.860     0.003    -3.412     0.867     0.441    -0.526     0.000     0.000     1.345     0.000    -0.066     0.214     1.309   308.892     0.357   0.43E-01     0.069     0.164   191.697
   200.000   -73.341     0.001    -4.000     0.311     0.272    -0.338     0.000     0.000     0.664     0.000    -0.022     0.103     0.747   319.676     0.060   0.25E-01     0.032     0.118   179.068
   150.000   -73.859     0.001    -4.000     0.263     0.145    -0.189     0.000     0.000     0.237     0.000    -0.005     0.038     0.452   333.013     0.054   0.11E-01    -0.000     0.076   162.798
   100.000   -72.064     0.001    -4.000     0.155     0.017    -0.028     0.000     0.000     0.000     0.000    -0.000     0.000     0.237   355.382     0.029   0.12E-02    -0.000     0.033   139.936
    80.000   -68.646     0.001    -4.000     0.029     0.000     0.007     0.000     0.000     0.000     0.000     0.000     0.000     0.000   371.687     0.000   0.00E+00     0.000     0.000     0.000
    60.000   -60.938     0.001     0.000     0.008     0.000     0.020     0.000     0.000     0.000     0.000     0.000     0.000     0.000   396.098     0.000   0.00E+00     0.000     0.000     0.000
    40.000   -50.689     0.001     0.000     0.002     0.000     0.037     0.000     0.000     0.000     0.000     0.000     0.000     0.000   430.759     0.000   0.00E+00     0.000     0.000     0.000
    30.000   -42.446     0.001     0.000     0.001     0.000     0.051     0.000     0.000     0.000     0.000     0.000     0.000     0.000   456.439     0.000   0.00E+00     0.000     0.000     0.000
    25.000   -26.090     0.001     0.000     0.000     0.000     0.079     0.000     0.000     0.000     0.000     0.000     0.000     0.000   483.002     0.000   0.00E+00    -0.001     0.000     0.000
