  1000.000    23.039    13.914    -0.003     0.795    -1.798    -2.022     2.870     0.000     0.000     0.000     0.000     0.000     0.000   391.677     0.000   0.00E+00    -2.870     0.621   296.233
   950.000    18.825    13.667     0.024     0.975     3.283    -0.703    -1.886     0.000     8.145     0.000   -11.138     0.000     0.000   391.603     0.004   0.18E-04    -7.673     0.662   291.943
   900.000    16.950    10.677    -0.044     0.836     1.431    -1.541    -0.001     0.000     8.139     0.000    -4.859     0.000     0.776   381.986     0.002   0.15E+00    -4.246     0.689   289.517
   850.000    14.309     8.874     0.467     0.817     1.334    -1.446     0.000     0.000     7.491    -0.770    -5.620     0.817     0.134   376.885     0.003   0.15E+00    -3.091     0.729   287.353
   800.000    11.738     7.162     0.706     0.789     1.475    -1.585     0.000     0.000     7.128    -0.108    -4.741     0.478     0.392   372.573     0.009   0.19E+00    -2.030     0.761   285.023
   750.000     9.089     5.796     0.835     0.765     1.565    -1.674     0.000     0.000     6.809     0.000    -4.220     0.437     0.439   369.251     0.011   0.19E+00    -1.188     0.785   282.495
   700.000     6.008     4.769     0.883     0.746     1.650    -1.758     0.000     0.000     6.476     0.000    -3.796     0.412     0.435   366.645     0.014   0.17E+00    -0.579     0.799   279.736
   650.000     2.516     3.924     0.855     0.729     1.735    -1.845     0.000     0.000     6.140     0.000    -3.435     0.392     0.428   364.773     0.033   0.16E+00    -0.165     0.803   276.697
   600.000    -1.478     3.081     0.768     0.709     1.808    -1.919     0.000     0.000     5.837     0.000    -3.208     0.400     0.392   363.236     0.164   0.23E+00     0.047     0.797   273.316
   550.000    -5.269     2.258     0.686     0.689     1.886    -1.996     0.000     0.000     5.585     0.000    -3.065     0.414     0.344   362.080     0.186   0.30E+00     0.147     0.781   269.747
   500.000    -9.721     1.655     0.606     0.669     1.995    -2.106     0.000     0.000     5.358     0.000    -2.722     0.418     0.324   361.163     0.191   0.33E+00     0.142     0.759   265.588
   450.000   -14.997     0.992     0.572     0.649     2.144    -2.258     0.000     0.000     4.985     0.000    -2.246     0.408     0.480   360.347     0.197   0.45E+00     0.116     0.726   260.667
   400.000   -21.201     0.484     0.582     0.624     2.281    -2.404     0.004     0.000     4.495     0.000    -1.685     0.400     0.618   359.367     0.197   0.49E+00    -0.034     0.677   254.734
   350.000   -28.692     0.241    -0.223     0.593     2.229    -2.333    -0.014     0.000     4.025    -0.000    -1.155     0.369     0.606   357.386     0.172   0.44E+00     0.352     0.608   247.475
   300.000   -37.726     0.151    -1.400     0.545     2.251    -2.415     0.020     0.000     3.793    -0.003    -0.713     0.402     0.407   358.048     0.204   0.36E+00     0.393     0.544   238.541
   250.000   -48.543     0.077    -4.000     0.522     2.268    -2.242    -0.122     0.000     3.516    -0.000    -0.323     0.506     0.576   358.610     0.095   0.21E+00     0.378     0.484   227.614
   200.000   -61.706     0.026    -4.000     0.639     1.607    -1.874     0.073     0.000     2.516    -0.000    -0.132     0.402     1.248   360.087     0.175   0.14E+00     0.262     0.415   214.378
   150.000   -70.179     0.002    -2.585     0.756     0.884    -1.082     0.041     0.000     1.221     0.000    -0.043     0.201     1.435   362.600     0.228   0.77E-01    -0.004     0.317   197.743
   100.000   -65.781     0.001    -4.000     0.553     0.214    -0.239     0.000     0.000     0.000     0.000    -0.000     0.000     1.221   374.535     0.136   0.20E-01    -0.001     0.172   174.241
    80.000   -60.827     0.001    -4.000     0.055     0.000     0.050     0.000     0.000     0.000     0.000     0.000     0.000     0.000   391.393     0.000   0.43E-09    -0.000     0.000     0.000
    60.000   -53.639     0.001     0.000     0.008     0.000     0.098     0.000     0.000     0.000     0.000     0.000     0.000     0.000   416.568     0.000   0.00E+00     0.000     0.000     0.000
    40.000   -44.920     0.001     0.000     0.003     0.000     0.141     0.000     0.000     0.000     0.000     0.000     0.000     0.000   449.719     0.000   0.00E+00     0.000     0.000     0.000
    30.000   -38.665     0.001     0.000     0.001     0.000     0.173     0.000     0.000     0.000     0.000     0.000     0.000     0.000   474.363     0.000   0.00E+00     0.000     0.000     0.000
    25.000   -27.044     0.001     0.000     0.000     0.000     0.230     0.000     0.000     0.000     0.000     0.000     0.000     0.000   498.555     0.000   0.00E+00    -0.001     0.000     0.000
