  1000.000    14.628     7.530     0.000     0.774    -1.836    -1.891     3.040     0.000     0.000     0.000     0.000     0.000     0.000   349.096     0.000   0.00E+00    -2.087     0.564   287.793
   950.000    10.487     7.313     0.001     0.957     3.281    -1.527    -1.316     0.000     9.991     0.000   -11.592     0.000     0.000   349.094     0.000   0.00E+00    -5.029     0.606   283.619
   900.000     7.679     5.357    -0.284     0.803     1.687    -1.815     0.000     0.000     9.991     0.000    -5.587     0.000     1.124   342.174     0.001   0.65E-01    -2.436     0.633   280.279
   850.000     4.422     4.146     0.145     0.760     1.519    -1.650     0.000     0.000     9.191    -1.124    -6.171     1.213     0.494   338.673     0.002   0.10E+00    -1.382     0.673   277.715
   800.000     1.123     3.084     0.257     0.704     1.530    -1.664     0.000     0.000     8.621    -0.492    -5.422     0.857     0.427   336.080     0.003   0.21E+00    -0.513     0.706   274.930
   750.000    -2.252     2.120     0.254     0.653     1.523    -1.659     0.000     0.000     8.277    -0.164    -5.336     0.781     0.316   334.264     0.001   0.19E+00     0.077     0.731   271.967
   700.000    -5.405     1.286     0.195     0.607     1.529    -1.665     0.000     0.000     8.120     0.000    -5.266     0.786     0.307   333.080     0.001   0.16E+00     0.472     0.748   268.768
   650.000    -8.920     0.752     0.094     0.562     1.525    -1.662     0.000     0.000     7.966     0.000    -5.118     0.749     0.293   332.325     0.000   0.12E+00     0.723     0.758   265.157
   600.000   -12.953     0.436    -0.064     0.515     1.505    -1.643     0.000     0.000     7.849     0.000    -4.746     0.737     0.256   331.950     0.000   0.94E-01     0.861     0.760   261.045
   550.000   -17.717     0.269    -0.184     0.483     1.485    -1.627     0.000     0.000     7.804     0.000    -4.202     0.775     0.206   332.110     0.000   0.91E-01     0.838     0.755   256.325
   500.000   -23.367     0.188    -0.228     0.470     1.527    -1.676     0.000     0.000     7.813     0.000    -3.484     0.807     0.189   332.542     0.001   0.91E-01     0.714     0.738   250.881
   450.000   -29.920     0.149    -0.186     0.472     1.651    -1.809     0.000     0.000     7.451     0.000    -2.551     0.782     0.612   333.040     0.016   0.30E+00     0.617     0.707   244.596
   400.000   -37.352     0.165    -0.123     0.450     1.675    -1.843     0.000     0.000     7.053     0.000    -1.649     0.757     0.713   333.503     0.032   0.32E+00     0.580     0.649   237.361
   350.000   -45.737     0.101    -0.072     0.461     1.680    -1.860     0.000     0.000     6.705     0.000    -0.905     0.846     0.813   334.563     0.047   0.26E+00     0.437     0.587   229.079
   300.000   -55.141     0.031    -0.133     0.453     1.373    -1.565     0.000     0.000     6.018     0.000    -0.451     0.969     1.345   335.698     0.054   0.18E+00     0.348     0.512   219.629
   250.000   -65.865     0.011    -0.060     0.615     1.204    -1.408     0.000     0.000     3.852     0.000    -0.172     0.610     2.572   337.200     0.172   0.11E+00     0.179     0.426   208.807
   200.000   -69.189     0.001    -1.129     0.628     0.708    -0.878     0.000     0.000     1.861     0.000    -0.052     0.295     2.179   339.654     0.184   0.65E-01     0.070     0.331   195.832
   150.000   -67.891     0.001    -4.000     0.553     0.393    -0.491     0.000     0.000     0.623     0.000    -0.009     0.098     1.301   347.550     0.151   0.25E-01    -0.000     0.211   179.139
   100.000   -65.774     0.001    -4.000     0.321     0.031    -0.026     0.000     0.000     0.000     0.000    -0.000     0.000     0.623   365.940     0.070   0.23E-02    -0.000     0.089   155.562
    80.000   -62.829     0.001    -4.000     0.024     0.000     0.052     0.000     0.000     0.000     0.000     0.000     0.000     0.000   383.015     0.000   0.00E+00     0.000     0.000     0.000
    60.000   -55.844     0.001     0.000     0.008     0.000     0.087     0.000     0.000     0.000     0.000     0.000     0.000     0.000   407.511     0.000   0.00E+00     0.000     0.000     0.000
    40.000   -46.660     0.001     0.000     0.003     0.000     0.133     0.000     0.000     0.000     0.000     0.000     0.000     0.000   441.143     0.000   0.00E+00     0.000     0.000     0.000
    30.000   -39.842     0.001     0.000     0.001     0.000     0.167     0.000     0.000     0.000     0.000     0.000     0.000     0.000   466.122     0.000   0.00E+00     0.000     0.000     0.000
    25.000   -26.747     0.001     0.000     0.000     0.000     0.232     0.000     0.000     0.000     0.000     0.000     0.000     0.000   491.093     0.000   0.00E+00    -0.001     0.000     0.000
