  1000.000     4.849     3.413    -0.000     0.633    -1.485    -0.957     2.646     0.000     0.000     0.000     0.000     0.000     0.000   290.295     0.000   0.00E+00    -0.821     0.279   277.974
   950.000     0.763     3.238     0.001     0.800     0.662    -1.337     0.473     0.000    19.281     0.000   -12.503     0.000     0.001   290.305     0.000   0.12E-05    -0.998     0.313   273.939
   900.000    -3.032     2.428    -0.126     0.748     1.381    -1.384     0.000     0.000    19.275    -0.001   -15.687     0.001     2.288   287.845     0.001   0.92E-02    -0.374     0.335   269.958
   850.000    -6.552     1.667     0.380     0.671     1.489    -1.494     0.000     0.000    17.855    -2.284   -10.840     2.696     2.435   286.277     0.067   0.40E+00     0.171     0.370   267.014
   800.000   -10.142     1.062     0.595     0.551     1.622    -1.630     0.000     0.000    16.224    -2.421    -7.663     2.829     1.407   285.804     0.021   0.27E+00     0.588     0.404   263.771
   750.000   -13.836     0.561     0.548     0.398     1.593    -1.603     0.000     0.000    14.969    -1.393    -6.132     2.124     0.504   285.433     0.007   0.17E+00     0.802     0.427   260.181
   700.000   -17.740     0.280     0.352     0.282     1.458    -1.469     0.000     0.000    14.618    -0.457    -5.073     1.901     0.468   285.908     0.007   0.13E+00     0.771     0.438   256.195
   650.000   -22.129     0.133     0.166     0.215     1.284    -1.298     0.000     0.000    14.300    -0.426    -4.140     1.726     0.411   286.117     0.010   0.10E+00     0.639     0.436   251.760
   600.000   -26.923     0.060    -0.011     0.181     1.065    -1.082     0.000     0.000    14.085    -0.367    -3.127     1.683     0.409   286.823     0.013   0.83E-01     0.467     0.424   246.828
   550.000   -32.319     0.031    -0.150     0.168     0.789    -0.810     0.000     0.000    14.005    -0.362    -2.170     1.812     0.220   287.338     0.015   0.65E-01     0.317     0.400   241.355
   500.000   -38.394     0.023    -0.226     0.206     0.626    -0.650     0.000     0.000    14.420    -0.190    -1.270     2.134     0.032   287.944     0.020   0.48E-01     0.186     0.365   235.302
   450.000   -45.071     0.019    -0.267     0.364     0.608    -0.637     0.000     0.000    16.025    -0.004    -0.538     3.145     0.076   288.374     0.059   0.82E-01     0.067     0.322   228.628
   400.000   -52.349     0.014    -0.337     0.633     0.446    -0.480     0.000     0.000    15.884    -0.004    -0.158     2.881     1.990   288.470     0.169   0.77E-01     0.020     0.273   221.270
   350.000   -60.440     0.011    -0.396     0.771     0.379    -0.418    -0.000     0.000     9.536    -0.002    -0.034     2.443     7.925   288.568     0.136   0.52E-02     0.002     0.203   213.135
   300.000   -69.456     0.006    -0.640     1.002     0.095    -0.139     0.000     0.000     0.359    -0.001    -0.000     0.001     9.176   288.867     0.449   0.20E-02    -0.000     0.108   204.070
   250.000   -74.159     0.003    -4.000     0.999    -0.009    -0.026     0.000     0.000     0.000     0.000    -0.000     0.000     0.359   293.738     0.209   0.67E-04    -0.000     0.014   193.657
   200.000   -72.887     0.001    -4.000     0.184     0.000    -0.007     0.000     0.000     0.000     0.000     0.000     0.000     0.000   307.315     0.000   0.96E-10    -0.000     0.000   180.993
   150.000   -73.924     0.001    -4.000     0.157     0.000    -0.002     0.000     0.000     0.000     0.000     0.000     0.000     0.000   322.414     0.000   0.00E+00     0.000     0.000   164.710
   100.000   -73.012     0.001    -4.000     0.096     0.000     0.000     0.000     0.000     0.000     0.000     0.000     0.000     0.000   345.755     0.000   0.00E+00     0.000     0.000   141.909
    80.000   -70.451     0.001    -4.000     0.055     0.000     0.007     0.000     0.000     0.000     0.000     0.000     0.000     0.000   360.624     0.000   0.00E+00     0.000     0.000     0.000
    60.000   -64.029     0.001     0.000     0.018     0.000     0.023     0.000     0.000     0.000     0.000     0.000     0.000     0.000   384.089     0.000   0.00E+00     0.000     0.000     0.000
    40.000   -55.404     0.001     0.000     0.004     0.000     0.044     0.000     0.000     0.000     0.000     0.000     0.000     0.000   416.500     0.000   0.00E+00     0.000     0.000     0.000
    30.000   -48.944     0.001     0.000     0.002     0.000     0.060     0.000     0.000     0.000     0.000     0.000     0.000     0.000   440.327     0.000   0.00E+00     0.000     0.000     0.000
    25.000   -37.502     0.001     0.000     0.000     0.000     0.089     0.000     0.000     0.000     0.000     0.000     0.000     0.000   463.647     0.000   0.00E+00    -0.001     0.000     0.000
