  1000.000     2.979     2.988     0.000     0.622    -1.292    -0.811     2.564     0.000     0.000     0.000     0.000     0.000     0.000   286.114     0.000   0.00E+00    -0.551     0.252   276.085
   950.000    -1.118     2.828     0.001     0.797    -0.151    -1.397     1.082     0.000    20.962     0.000   -16.783     0.000     0.001   286.148     0.000   0.46E-06    -0.864     0.282   272.077
   900.000    -4.903     2.010     0.013     0.725     1.422    -1.425     0.000     0.000    20.959    -0.001   -15.041     0.001     2.069   282.859     0.005   0.98E-01    -0.247     0.316   268.204
   850.000    -8.458     1.345     0.433     0.630     1.502    -1.507     0.000     0.000    19.620    -2.067   -10.359     2.645     2.649   282.241     0.045   0.30E+00     0.224     0.349   265.161
   800.000   -12.120     0.849     0.621     0.519     1.599    -1.604     0.000     0.000    17.956    -2.643    -7.193     3.112     1.921   281.056     0.019   0.24E+00     0.536     0.379   261.813
   750.000   -15.908     0.444     0.592     0.378     1.574    -1.580     0.000     0.000    16.313    -1.914    -5.413     2.374     0.793   281.539     0.005   0.17E+00     0.699     0.399   258.118
   700.000   -19.895     0.220     0.413     0.263     1.469    -1.477     0.000     0.000    15.675    -0.775    -4.207     2.055     0.636   281.042     0.003   0.12E+00     0.665     0.405   254.028
   650.000   -24.333     0.119     0.224     0.195     1.322    -1.330     0.000     0.000    15.227    -0.618    -3.277     1.908     0.520   282.375     0.005   0.94E-01     0.544     0.399   249.500
   600.000   -29.237     0.065     0.027     0.157     1.114    -1.124     0.000     0.000    14.954    -0.502    -2.413     1.785     0.560   283.473     0.006   0.75E-01     0.386     0.383   244.493
   550.000   -34.638     0.025    -0.153     0.120     0.675    -0.687     0.000     0.000    14.824    -0.541    -1.673     2.047     0.051   284.030     0.007   0.52E-01     0.254     0.360   238.970
   500.000   -40.675     0.020    -0.225     0.157     0.514    -0.527     0.000     0.000    15.897    -0.037    -0.928     2.748     0.016   283.883     0.009   0.36E-01     0.139     0.328   232.897
   450.000   -47.340     0.017    -0.249     0.262     0.442    -0.458     0.000     0.000    18.260    -0.002    -0.369     4.000     0.028   284.067     0.017   0.37E-01     0.060     0.288   226.232
   400.000   -54.654     0.014    -0.274     0.472     0.329    -0.347     0.000     0.000    24.186    -0.002    -0.130     7.875     0.415   284.489     0.084   0.27E-01     0.012     0.244   218.913
   350.000   -62.737     0.013    -0.277     0.967     0.311    -0.331    -0.000     0.000     3.456    -0.001    -0.006     0.528    20.974   284.583     0.403   0.32E-02     0.000     0.193   210.842
   300.000   -71.319     0.004    -0.655     1.001     0.020    -0.042     0.000     0.000     0.052    -0.000    -0.000     0.000     3.404   284.713     0.472   0.81E-03    -0.000     0.066   201.852
   250.000   -74.970     0.003    -4.000     1.000    -0.001    -0.016     0.000     0.000     0.000     0.000    -0.000     0.000     0.052   291.079     0.326   0.10E-04    -0.000     0.002   191.498
   200.000   -73.598     0.001    -4.000     0.205     0.000    -0.005     0.000     0.000     0.000     0.000     0.000     0.000     0.000   304.830     0.000   0.43E-10    -0.000     0.000   178.881
   150.000   -74.152     0.001    -4.000     0.167     0.000    -0.002     0.000     0.000     0.000     0.000     0.000     0.000     0.000   320.879     0.000   0.00E+00     0.000     0.000   162.633
   100.000   -72.283     0.001    -4.000     0.087     0.000     0.000     0.000     0.000     0.000     0.000     0.000     0.000     0.000   345.098     0.000   0.00E+00     0.000     0.000   139.800
    80.000   -68.807     0.001    -4.000     0.043     0.000     0.004     0.000     0.000     0.000     0.000     0.000     0.000     0.000   360.315     0.000   0.00E+00     0.000     0.000     0.000
    60.000   -61.055     0.001     0.000     0.011     0.000     0.012     0.000     0.000     0.000     0.000     0.000     0.000     0.000   385.809     0.000   0.00E+00     0.000     0.000     0.000
    40.000   -50.763     0.001     0.000     0.002     0.000     0.024     0.000     0.000     0.000     0.000     0.000     0.000     0.000   421.453     0.000   0.00E+00     0.000     0.000     0.000
    30.000   -42.491     0.001     0.000     0.001     0.000     0.033     0.000     0.000     0.000     0.000     0.000     0.000     0.000   447.585     0.000   0.00E+00     0.000     0.000     0.000
    25.000   -26.079     0.001     0.000     0.000     0.000     0.054     0.000     0.000     0.000     0.000     0.000     0.000     0.000   476.149     0.000   0.00E+00    -0.001     0.000     0.000
