  1000.000    22.315    13.257     0.000     0.784    -1.776    -2.016     3.150     0.000     0.000     0.000     0.000     0.000     0.000   344.647     0.000   0.00E+00    -2.008     0.545   295.501
   950.000    18.107    13.012     0.001     0.970     3.493    -1.814    -1.268     0.000     9.712     0.000   -10.933     0.000     0.000   344.629     0.000   0.00E+00    -4.699     0.586   291.221
   900.000    16.176    10.093    -0.323     0.804     1.823    -1.944     0.000     0.000     9.709     0.000    -5.245     0.000     1.103   337.736     0.000   0.66E-01    -2.095     0.612   288.740
   850.000    13.500     8.334     0.010     0.757     1.570    -1.692     0.000     0.000     8.882    -1.101    -5.899     1.166     0.541   334.345     0.000   0.00E+00    -1.014     0.652   286.546
   800.000    10.895     6.657     0.035     0.697     1.483    -1.602     0.000     0.000     8.246    -0.541    -5.272     0.786     0.188   331.796     0.002   0.81E-01    -0.140     0.685   284.180
   750.000     8.211     5.320    -0.077     0.647     1.427    -1.541     0.000     0.000     8.034     0.000    -4.979     0.718     0.357   330.310     0.002   0.11E+00     0.336     0.712   281.612
   700.000     5.089     4.327    -0.131     0.614     1.392    -1.506     0.000     0.000     7.815     0.000    -4.802     0.723     0.356   329.471     0.001   0.90E-01     0.594     0.730   278.805
   650.000     1.560     3.517    -0.161     0.585     1.401    -1.518     0.000     0.000     7.608     0.000    -4.568     0.719     0.340   328.992     0.001   0.64E-01     0.718     0.736   275.710
   600.000    -2.462     2.711    -0.104     0.562     1.428    -1.552     0.000     0.000     7.457     0.000    -4.747     0.746     0.287   328.748     0.001   0.45E-01     0.851     0.729   272.340
   550.000    -6.317     1.938    -0.001     0.542     1.493    -1.615     0.000     0.000     7.367     0.000    -4.617     0.733     0.228   328.797     0.001   0.43E-01     0.901     0.715   268.666
   500.000   -10.856     1.391    -0.026     0.518     1.619    -1.745     0.000     0.000     7.312     0.000    -3.561     0.688     0.196   329.367     0.003   0.68E-01     0.832     0.699   264.392
   450.000   -16.287     0.896    -0.051     0.502     1.806    -1.945     0.000     0.000     6.544     0.000    -2.261     0.605     0.928   330.349     0.021   0.38E+00     0.686     0.676   259.333
   400.000   -22.629     0.424    -0.040     0.435     1.835    -1.994     0.000     0.000     5.976     0.000    -1.334     0.575     0.756   331.258     0.023   0.31E+00     0.572     0.609   253.241
   350.000   -30.259     0.244    -0.103     0.347     1.545    -1.734     0.000     0.000     5.793     0.000    -0.756     0.612     0.432   332.431     0.024   0.26E+00     0.408     0.541   245.819
   300.000   -39.389     0.137    -0.088     0.398     1.249    -1.481     0.000     0.000     5.925     0.000    -0.338     0.760     0.289   333.967     0.056   0.20E+00     0.168     0.477   236.756
   250.000   -50.232     0.065    -0.046     0.684     0.970    -1.253     0.000     0.000     5.682     0.000    -0.094     1.086     1.062   335.266     0.133   0.13E+00     0.017     0.416   225.776
   200.000   -63.315     0.021    -0.163     1.175     0.511    -0.853     0.000     0.000     0.563     0.000    -0.002     0.042     5.126   336.220     0.598   0.46E-01    -0.001     0.326   212.568
   150.000   -70.934     0.002    -4.000     0.666     0.001    -0.233     0.000     0.000     0.000     0.000    -0.000     0.000     0.563   340.998     0.031   0.86E-03    -0.000     0.068   195.985
   100.000   -69.037     0.001    -4.000     0.072     0.000     0.082     0.000     0.000     0.000     0.000     0.000     0.000     0.000   361.936     0.000   0.00E+00     0.000     0.000   172.763
    80.000   -66.656     0.001    -4.000     0.050     0.000     0.130     0.000     0.000     0.000     0.000     0.000     0.000     0.000   375.870     0.000   0.00E+00     0.000     0.000     0.000
    60.000   -59.819     0.001     0.000     0.023     0.000     0.267     0.000     0.000     0.000     0.000     0.000     0.000     0.000   396.904     0.000   0.00E+00     0.000     0.000     0.000
    40.000   -49.627     0.001     0.000     0.008     0.000     0.470     0.000     0.000     0.000     0.000     0.000     0.000     0.000   428.025     0.000   0.00E+00     0.000     0.000     0.000
    30.000   -41.523     0.001     0.000     0.004     0.000     0.633     0.000     0.000     0.000     0.000     0.000     0.000     0.000   452.167     0.000   0.00E+00     0.000     0.000     0.000
    25.000   -26.686     0.001     0.000     0.001     0.000     0.929     0.000     0.000     0.000     0.000     0.000     0.000     0.000   478.550     0.000   0.00E+00    -0.001     0.000     0.000
