     0.250     0.100     3.997    28.606    29.229    -4.737     4.357   265.689   284.880    61.278   954.957     0.125   217.134
     0.500     6.776     4.109    28.347    29.419    -4.271     4.092   265.690   285.646    64.127   948.976     0.375   215.025
     0.750    10.507     4.228    28.295    29.534    -3.453     3.754   265.616   288.651    66.107   946.096     0.625   213.793
     1.000     6.599     4.283    28.329    29.629    -3.063     3.779   265.577   288.583    67.911   941.416     0.875   211.890
     1.250     5.393     4.364    28.376    29.712    -3.015     3.818   265.561   289.027    69.384   936.976     1.125   210.470
     1.500     5.591     4.374    28.415    29.775    -3.010     3.826   265.546   289.691    70.470   934.079     1.375   209.469
     1.750     5.618     4.380    28.443    29.821    -2.884     3.782   265.530   291.484    71.346   932.074     1.625   208.759
     2.000     5.607     4.418    28.477    29.854    -2.856     3.706   265.518   292.040    72.057   930.015     1.875   208.071
     2.250     5.412     4.446    28.505    29.877    -2.866     3.678   265.505   292.590    72.588   928.389     2.125   207.509
     2.500     5.509     4.467    28.521    29.893    -2.867     3.612   265.496   293.073    72.809   927.989     2.375   207.065
     2.750     5.489     4.482    28.532    29.902    -2.874     3.555   265.485   293.595    73.164   926.890     2.625   206.633
     3.000     5.385     4.494    28.539    29.908    -2.926     3.556   265.475   294.094    73.514   925.572     2.875   206.176
     3.250     5.497     4.502    28.540    29.910    -2.985     3.558   265.467   294.668    73.797   924.559     3.125   205.782
     3.500     5.564     4.506    28.539    29.909    -2.966     3.456   265.461   295.246    74.026   923.642     3.375   205.463
     3.750     5.558     4.512    28.534    29.906    -3.021     3.424   265.450   295.850    74.200   923.059     3.625   205.285
     4.000     5.727     4.516    28.520    29.900    -3.012     3.367   265.441   296.431    74.346   922.716     3.875   205.135
     4.250     5.642     4.619    28.513    29.893    -3.053     3.330   265.429   297.063    74.461   922.180     4.125   204.982
     4.500     5.537     4.494    28.500    29.884    -3.052     3.310   265.417   297.689    74.537   921.910     4.375   204.853
     4.750     5.416     4.507    28.497    29.878    -3.050     3.223   265.405   298.322    74.642   921.452     4.625   204.716
     5.000     5.420     4.515    28.488    29.869    -3.068     3.151   265.396   298.658    74.776   920.991     4.875   204.600
     5.250     5.433     4.516    28.474    29.857    -3.096     3.121   265.387   298.989    74.892   920.608     5.125   204.495
     5.500     5.333     4.516    28.457    29.843    -3.153     3.249   265.377   299.146    74.990   920.175     5.375   204.395
     5.750     5.437     4.588    28.443    29.826    -3.234     3.415   265.366   299.493    75.088   919.563     5.625   204.294
     6.000     5.457     4.503    28.406    29.806    -3.132     3.272   265.348   299.332    75.159   919.512     5.875   204.223
     6.250     5.263     4.501    28.406    29.790    -3.194     3.184   265.344   299.667    75.119   919.230     6.125   204.126
     6.500     5.368     4.600    28.396    29.774    -3.276     3.208   265.337   299.957    75.240   918.771     6.375   204.057
     6.750     5.336     4.643    28.381    29.753    -3.343     3.251   265.325   299.033    75.280   918.425     6.625   203.979
     7.000     5.161     4.515    28.350    29.732    -3.329     3.138   265.313   299.193    75.340   918.567     6.875   203.923
     7.250     5.229     4.622    28.341    29.710    -3.383     3.133   265.305   300.006    75.334   917.848     7.125   203.842
     7.500     5.509     4.601    28.298    29.686    -3.267     2.973   265.292   299.797    75.389   918.038     7.375   203.801
     7.750     5.671     4.596    28.254    29.658    -3.108     2.856   265.274   299.471    75.422   918.151     7.625   203.757
     8.000     5.659     4.488    28.211    29.628    -2.975     2.795   265.256   299.415    75.386   918.562     7.875   203.717
     8.250     5.406     4.591    28.210    29.604    -2.988     2.770   265.244   298.430    75.265   918.241     8.125   203.650
     8.500     5.468     4.592    28.187    29.582    -2.970     2.749   265.232   298.616    75.264   918.488     8.375   203.610
     8.750     4.855     4.475    28.180    29.564    -3.045     2.734   265.229   299.931    75.285   918.385     8.625   203.558
     9.000     5.167     4.581    28.168    29.543    -3.091     2.708   265.219   298.748    75.334   917.914     8.875   203.505
     9.250     5.199     4.613    28.141    29.518    -3.116     2.684   265.209   299.865    75.379   917.766     9.125   203.462
     9.500     4.880     4.581    28.116    29.495    -3.176     2.663   265.206   299.857    75.406   917.663     9.375   203.424
     9.750     5.232     4.598    28.086    29.468    -3.209     2.641   265.197   298.598    75.401   917.592     9.625   203.389
    10.000     5.046     4.583    28.070    29.444    -3.292     2.624   265.190   298.742    75.344   917.369     9.875   203.343
    10.250     4.951     4.469    28.034    29.421    -3.314     2.596   265.186   299.922    75.396   917.491    10.125   203.318
    10.500     5.028     4.468    28.010    29.397    -3.367     2.570   265.180   299.841    75.415   917.378    10.375   203.286
    10.750     4.768     4.476    27.992    29.375    -3.461     2.547   265.175   299.986    75.433   917.051    10.625   203.252
    11.000     4.884     4.479    27.963    29.349    -3.532     2.519   265.172   299.767    75.479   916.857    10.875   203.226
    11.250     4.808     4.481    27.936    29.323    -3.633     2.495   265.168   299.865    75.490   916.680    11.125   203.203
    11.500     4.773     4.475    27.909    29.296    -3.730     2.469   265.164   299.805    75.483   916.543    11.375   203.180
    11.750     4.740     4.477    27.884    29.270    -3.844     2.444   265.162   299.872    75.468   916.324    11.625   203.155
    12.000     4.860     4.474    27.853    29.243    -3.943     2.419   265.157   299.699    75.471   916.199    11.875   203.132
    12.250     4.874     4.473    27.827    29.216    -4.077     2.436   265.153   299.879    75.447   915.971    12.125   203.103
    12.500     5.017     4.468    27.781    29.186    -4.163     2.545   265.143   299.700    75.464   916.100    12.375   203.084
    12.750     5.163     4.454    27.737    29.155    -4.197     2.593   265.134   299.517    75.426   916.195    12.625   203.068
    13.000     5.189     4.562    27.720    29.125    -4.293     2.625   265.123   298.461    75.318   915.932    12.875   203.035
    13.250     5.129     4.551    27.689    29.096    -4.333     2.608   265.112   298.435    75.251   916.086    13.125   203.014
    13.500     5.095     4.426    27.640    29.067    -4.279     2.516   265.104   299.460    75.266   916.618    13.375   203.005
    13.750     5.131     4.423    27.613    29.040    -4.302     2.455   265.098   299.362    75.215   916.708    13.625   202.991
    14.000     4.729     4.424    27.595    29.018    -4.386     2.438   265.095   299.607    75.198   916.480    13.875   202.972
    14.250     5.024     4.415    27.562    28.991    -4.446     2.483   265.086   299.603    75.195   916.491    14.125   202.958
    14.500     5.088     4.417    27.531    28.964    -4.496     2.505   265.076   299.684    75.172   916.474    14.375   202.950
    14.750     5.127     4.498    27.502    28.936    -4.553     2.535   265.067   299.729    75.148   916.506    14.625   202.940
    15.000     5.004     4.408    27.470    28.907    -4.596     2.543   265.060   299.767    75.109   916.670    14.875   202.931
    15.250     4.997     4.399    27.440    28.880    -4.647     2.551   265.051   299.831    75.065   916.909    15.125   202.925
    15.500     4.932     4.465    27.413    28.852    -4.698     2.543   265.043   299.630    75.034   916.909    15.375   202.913
    15.750     4.734     4.411    27.381    28.823    -4.756     2.576   265.038   299.572    75.053   916.821    15.625   202.900
    16.000     4.734     4.408    27.341    28.791    -4.828     2.641   265.031   299.103    75.050   916.716    15.875   202.887
    16.250     4.905     4.446    27.298    28.758    -4.883     2.681   265.023   298.916    74.989   916.850    16.125   202.875
    16.500     4.864     4.385    27.259    28.726    -4.925     2.671   265.017   298.976    74.911   916.985    16.375   202.863
    16.750     5.041     4.466    27.230    28.696    -4.983     2.692   265.005   297.923    74.825   916.899    16.625   202.845
    17.000     4.860     4.362    27.191    28.668    -5.010     2.710   264.998   298.706    74.758   917.279    16.875   202.850
    17.250     4.962     4.353    27.162    28.640    -5.042     2.718   264.989   297.746    74.691   917.331    17.125   202.845
    17.500     5.095     4.406    27.133    28.614    -5.097     2.761   264.982   298.834    74.625   917.401    17.375   202.843
    17.750     4.984     4.378    27.102    28.587    -5.135     2.748   264.970   298.710    74.571   917.613    17.625   202.843
    18.000     5.052     4.391    27.072    28.561    -5.193     2.821   264.961   298.734    74.529   917.735    17.875   202.837
    18.250     4.966     4.327    27.041    28.535    -5.214     2.735   264.950   298.734    74.481   917.875    18.125   202.831
    18.500     5.052     4.379    27.015    28.508    -5.250     2.663   264.939   298.694    74.429   917.992    18.375   202.829
    18.750     4.934     4.357    26.987    28.482    -5.284     2.621   264.931   298.685    74.392   918.093    18.625   202.823
    19.000     4.847     4.314    26.960    28.456    -5.321     2.596   264.925   298.714    74.357   918.163    18.875   202.815
    19.250     4.984     4.360    26.931    28.429    -5.365     2.581   264.917   298.616    74.319   918.278    19.125   202.812
    19.500     4.845     4.364    26.904    28.402    -5.409     2.570   264.908   298.663    74.278   918.340    19.375   202.809
    19.750     4.827     4.303    26.874    28.375    -5.430     2.552   264.899   298.692    74.248   918.446    19.625   202.802
    20.000     4.908     4.299    26.847    28.348    -5.487     2.548   264.892   298.593    74.193   918.553    19.875   202.800
    20.250     4.821     4.294    26.819    28.321    -5.531     2.537   264.883   298.579    74.157   918.650    20.125   202.795
    20.500     4.866     4.291    26.790    28.293    -5.574     2.526   264.876   298.500    74.112   918.752    20.375   202.794
    20.750     4.869     4.286    26.761    28.266    -5.617     2.516   264.869   298.593    74.066   918.904    20.625   202.796
    21.000     4.871     4.282    26.732    28.239    -5.659     2.503   264.859   298.424    74.017   919.030    20.875   202.794
    21.250     4.899     4.316    26.705    28.212    -5.708     2.492   264.852   298.450    73.967   919.146    21.125   202.794
    21.500     4.883     4.274    26.673    28.184    -5.734     2.476   264.844   298.411    73.923   919.335    21.375   202.795
    21.750     4.794     4.268    26.646    28.157    -5.778     2.465   264.833   298.065    73.877   919.446    21.625   202.794
    22.000     4.907     4.321    26.619    28.130    -5.835     2.459   264.828   298.434    73.827   919.556    21.875   202.796
    22.250     4.875     4.327    26.590    28.103    -5.881     2.450   264.818   298.540    73.776   919.713    22.125   202.798
    22.500     4.832     4.312    26.561    28.075    -5.915     2.434   264.810   298.380    73.733   919.851    22.375   202.800
    22.750     4.794     4.288    26.532    28.048    -5.962     2.425   264.800   298.420    73.674   920.097    22.625   202.802
    23.000     4.856     4.248    26.502    28.020    -5.995     2.409   264.795   298.585    73.625   920.264    22.875   202.803
    23.250     4.810     4.242    26.475    27.993    -6.039     2.397   264.786   298.252    73.574   920.360    23.125   202.804
    23.500     4.805     4.238    26.445    27.966    -6.083     2.384   264.778   298.366    73.532   920.519    23.375   202.805
    23.750     4.889     4.234    26.416    27.938    -6.116     2.369   264.768   298.415    73.480   920.658    23.625   202.807
    24.000     4.888     4.306    26.388    27.911    -6.178     2.364   264.758   298.389    73.428   920.810    23.875   202.808
    24.250     4.773     4.261    26.358    27.883    -6.211     2.346   264.750   298.345    73.382   920.977    24.125   202.810
    24.500     4.771     4.219    26.328    27.856    -6.243     2.328   264.742   298.513    73.337   921.129    24.375   202.811
    24.750     4.836     4.214    26.299    27.828    -6.292     2.319   264.736   298.308    73.282   921.297    24.625   202.812
    25.000     4.858     4.257    26.271    27.801    -6.337     2.306   264.725   298.393    73.236   921.413    24.875   202.811
    25.250     4.811     4.271    26.243    27.774    -6.381     2.292   264.716   298.365    73.188   921.548    25.125   202.810
    25.500     4.702     4.201    26.213    27.746    -6.417     2.276   264.709   298.286    73.147   921.698    25.375   202.808
    25.750     4.864     4.244    26.185    27.719    -6.464     2.264   264.702   298.248    73.102   921.832    25.625   202.806
    26.000     4.780     4.229    26.156    27.691    -6.511     2.252   264.693   298.212    73.050   921.964    25.875   202.802
    26.250     4.720     4.224    26.128    27.664    -6.557     2.242   264.683   298.220    73.009   922.095    26.125   202.798
    26.500     4.747     4.229    26.100    27.637    -6.597     2.228   264.675   298.254    72.972   922.194    26.375   202.792
    26.750     4.758     4.225    26.071    27.610    -6.634     2.215   264.666   297.948    72.933   922.313    26.625   202.786
    27.000     4.709     4.176    26.041    27.582    -6.677     2.205   264.661   298.089    72.890   922.443    26.875   202.780
    27.250     4.777     4.173    26.011    27.554    -6.692     2.182   264.650   297.941    72.854   922.537    27.125   202.774
    27.500     4.781     4.168    25.982    27.526    -6.743     2.175   264.644   298.026    72.806   922.702    27.375   202.766
    27.750     4.694     4.208    25.956    27.500    -6.804     2.171   264.634   298.080    72.767   922.760    27.625   202.757
    28.000     4.691     4.194    25.927    27.473    -6.852     2.163   264.628   297.919    72.730   922.914    27.875   202.748
    28.250     4.658     4.153    25.898    27.445    -6.890     2.151   264.619   297.859    72.692   923.020    28.125   202.739
    28.500     4.781     4.204    25.870    27.418    -6.928     2.136   264.610   297.844    72.657   923.112    28.375   202.731
    28.750     4.720     4.191    25.840    27.390    -6.966     2.122   264.601   297.794    72.626   923.256    28.625   202.718
    29.000     4.645     4.142    25.812    27.363    -7.006     2.113   264.594   297.615    72.579   923.330    28.875   202.708
    29.250     4.703     4.174    25.785    27.336    -7.065     2.108   264.587   297.647    72.544   923.438    29.125   202.695
    29.500     4.620     4.132    25.755    27.308    -7.092     2.094   264.579   297.501    72.514   923.534    29.375   202.680
    29.750     4.659     4.128    25.728    27.281    -7.148     2.089   264.568   297.553    72.475   923.640    29.625   202.667
    30.000     4.665     4.125    25.699    27.254    -7.192     2.079   264.561   297.493    72.440   923.725    29.875   202.654
    30.250     4.777     4.185    25.670    27.227    -7.231     2.068   264.553   297.438    72.405   923.814    30.125   202.642
    30.500     4.550     4.117    25.642    27.199    -7.271     2.055   264.547   297.385    72.375   923.914    30.375   202.628
    30.750     4.697     4.148    25.614    27.172    -7.321     2.047   264.539   297.324    72.336   924.004    30.625   202.613
    31.000     4.653     4.161    25.585    27.145    -7.353     2.032   264.529   297.351    72.313   924.100    30.875   202.596
    31.250     4.610     4.168    25.559    27.119    -7.410     2.026   264.523   297.252    72.273   924.174    31.125   202.586
    31.500     4.606     4.144    25.529    27.091    -7.446     2.016   264.514   297.267    72.239   924.377    31.375   202.570
    31.750     4.572     4.096    25.502    27.064    -7.488     2.006   264.507   297.118    72.199   924.450    31.625   202.556
    32.000     4.718     4.127    25.473    27.036    -7.540     2.003   264.499   297.110    72.155   924.591    31.875   202.544
    32.250     4.513     4.087    25.444    27.010    -7.571     1.987   264.490   297.263    72.131   924.669    32.125   202.530
    32.500     4.680     4.117    25.416    26.982    -7.621     1.979   264.480   297.147    72.089   924.791    32.375   202.514
    32.750     4.626     4.115    25.389    26.955    -7.667     1.970   264.476   297.096    72.052   924.849    32.625   202.502
    33.000     4.542     4.075    25.361    26.928    -7.705     1.958   264.467   297.218    72.019   924.946    32.875   202.492
    33.250     4.611     4.071    25.331    26.901    -7.742     1.945   264.460   297.089    71.989   925.079    33.125   202.477
    33.500     4.625     4.067    25.303    26.873    -7.775     1.930   264.449   297.056    71.952   925.154    33.375   202.465
    33.750     4.570     4.098    25.276    26.847    -7.839     1.928   264.444   297.072    71.916   925.256    33.625   202.453
    34.000     4.550     4.058    25.248    26.819    -7.877     1.917   264.435   297.041    71.881   925.362    33.875   202.441
    34.250     4.623     4.054    25.218    26.792    -7.915     1.905   264.427   297.029    71.844   925.491    34.125   202.429
    34.500     4.578     4.085    25.192    26.765    -7.972     1.901   264.419   297.115    71.803   925.581    34.375   202.419
    34.750     4.568     4.081    25.163    26.738    -8.014     1.891   264.411   297.102    71.768   925.688    34.625   202.408
    35.000     4.598     4.077    25.134    26.711    -8.052     1.876   264.402   297.085    71.729   925.838    34.875   202.409
    35.250     4.524     4.037    25.106    26.684    -8.092     1.864   264.394   297.103    71.670   926.010    35.125   202.468
    35.500     4.558     4.067    25.079    26.657    -8.144     1.856   264.385   297.027    71.615   926.145    35.375   202.510
    35.750     4.613     4.091    25.050    26.630    -8.169     1.838   264.378   297.008    71.557   926.301    35.625   202.578
    36.000     4.538     4.058    25.021    26.602    -8.221     1.832   264.372   296.856    71.498   926.502    35.875   202.613
    36.250     4.502     4.020    24.993    26.575    -8.261     1.820   264.362   296.935    71.447   926.662    36.125   202.657
    36.500     4.526     4.052    24.967    26.548    -8.317     1.817   264.355   296.962    71.385   926.757    36.375   202.706
    36.750     4.557     4.048    24.939    26.521    -8.357     1.805   264.348   297.014    71.328   926.902    36.625   202.754
    37.000     4.522     4.051    24.909    26.494    -8.394     1.793   264.339   296.994    71.264   927.186    36.875   202.824
    37.250     4.541     4.039    24.882    26.466    -8.437     1.785   264.332   296.800    71.206   927.298    37.125   202.853
    37.500     4.488     4.001    24.851    26.439    -8.465     1.769   264.323   296.925    71.155   927.488    37.375   202.912
    37.750     4.532     4.048    24.824    26.412    -8.521     1.763   264.315   296.914    71.100   927.610    37.625   202.951
    38.000     4.488     4.028    24.797    26.384    -8.571     1.755   264.309   296.738    71.043   927.744    37.875   202.989
    38.250     4.240     4.057    24.774    26.357    -8.629     1.753   264.301   296.639    71.017   927.754    38.125   203.043
    38.500     4.127     3.996    24.744    26.328    -8.663     1.737   264.300   296.490    70.993   927.821    38.375   203.118
    38.750     4.254     4.070    24.712    26.298    -8.734     1.765   264.297   296.323    70.939   927.916    38.625   203.187
    39.000     4.343     4.024    24.674    26.266    -8.754     1.767   264.290   296.478    70.854   928.252    38.875   203.269
    39.250     4.393     3.982    24.639    26.235    -8.784     1.785   264.286   296.597    70.777   928.456    39.125   203.326
    39.500     4.485     4.057    24.618    26.206    -8.878     1.842   264.277   295.624    70.670   928.394    39.375   203.336
    39.750     4.462     4.049    24.586    26.176    -8.909     1.855   264.270   295.914    70.586   928.691    39.625   203.405
    40.000     4.486     4.042    24.556    26.148    -8.951     1.869   264.263   296.043    70.521   928.828    39.875   203.445
    40.250     4.469     3.956    24.518    26.120    -8.966     1.812   264.256   296.972    70.477   929.075    40.125   203.494
    40.500     4.586     3.984    24.489    26.093    -9.004     1.753   264.247   296.942    70.426  1012.500    40.375   203.507
    40.750     4.471     3.988    24.463    26.066    -9.044     1.713   264.239   296.739    70.353  1012.500    40.625   203.554
    41.000     4.447     4.013    24.434    26.039    -9.082     1.699   264.230   296.571    70.297  1012.500    40.875   203.610
    41.250     4.463     3.973    24.405    26.012    -9.112     1.667   264.220   296.742    70.421   928.843    41.125   203.658
    41.500     4.403     3.935    24.376    25.984    -9.161     1.696   264.213   296.727    70.361   928.985    41.375   203.700
    41.750     4.462     3.973    24.349    25.957    -9.212     1.681   264.205   296.625    70.296   929.156    41.625   203.750
    42.000     4.495     3.999    24.321    25.929    -9.260     1.670   264.197   296.668    70.232   929.306    41.875   203.792
    42.250     4.415     3.958    24.292    25.901    -9.303     1.667   264.190   296.545    70.167   929.458    42.125   203.831
    42.500     4.372     3.920    24.262    25.874    -9.350     1.664   264.181   296.441    70.106   929.644    42.375   203.876
    42.750     4.441     3.957    24.235    25.846    -9.404     1.654   264.173   296.529    70.026   929.876    42.625   203.931
    43.000     4.393     3.945    24.206    25.818    -9.447     1.653   264.165   296.414    69.968   930.000    42.875   203.965
    43.250     4.489     3.960    24.178    25.790    -9.490     1.619   264.157   296.473    69.903   930.146    43.125   204.002
    43.500     4.358     3.938    24.148    25.762    -9.532     1.617   264.150   296.391    69.843   930.301    43.375   204.039
    43.750     4.363     3.900    24.119    25.734    -9.566     1.595   264.141   296.420    69.781   930.456    43.625   204.074
    44.000     4.462     3.948    24.090    25.706    -9.626     1.631   264.133   296.455    69.721   930.577    43.875   204.105
    44.250     4.403     3.943    24.063    25.678    -9.665     1.597   264.126   296.337    69.651   930.688    44.125   204.131
    44.500     4.339     3.929    24.033    25.651    -9.715     1.594   264.116   296.314    69.597   930.848    44.375   204.166
    44.750     4.429     3.917    24.004    25.622    -9.750     1.560   264.108   296.187    69.531   930.980    44.625   204.189
    45.000     4.399     3.913    23.975    25.595    -9.795     1.558   264.102   296.232    69.470   931.126    44.875   204.220
    45.250     4.345     3.917    23.947    25.567    -9.851     1.563   264.091   296.273    69.408   931.276    45.125   204.256
    45.500     4.382     3.949    23.924    25.539    -9.906     1.566   264.084   295.265    69.340   931.255    45.375   204.262
    45.750     4.296     3.946    23.900    25.511    -9.984     1.604   264.076   295.470    69.264   931.328    45.625   204.284
    46.000     4.335     3.941    23.870    25.482   -10.008     1.579   264.068   295.488    69.214   931.479    45.875   204.311
    46.250     4.409     3.931    23.835    25.454   -10.032     1.557   264.061   295.557    69.148   931.854    46.125   204.357
    46.500     4.351     3.931    23.809    25.426   -10.093     1.596   264.052   295.865    69.082   931.931    46.375   204.371
    46.750     4.313     3.927    23.786    25.399   -10.153     1.550   264.044   295.626    69.004   932.012    46.625   204.387
    47.000     4.325     3.923    23.755    25.371   -10.175     1.502   264.036   295.542    68.958   932.170    46.875   204.410
    47.250     4.297     3.920    23.731    25.344   -10.239     1.502   264.028   295.889    68.882   932.234    47.125   204.423
    47.500     4.402     3.872    23.690    25.316   -10.246     1.496   264.022   296.181    68.849   932.635    47.375   204.474
    47.750     4.346     3.867    23.659    25.288   -10.290     1.474   264.014   296.174    68.778   932.888    47.625   204.504
    48.000     4.344     3.881    23.631    25.261   -10.343     1.467   264.005   296.061    68.719   933.005    47.875   204.525
    48.250     4.315     3.867    23.602    25.233   -10.389     1.453   263.995   296.052    68.660   933.185    48.125   204.547
    48.500     4.331     3.890    23.573    25.205   -10.429     1.433   263.987   296.031    68.604   933.310    48.375   204.567
    48.750     4.309     3.851    23.544    25.177   -10.468     1.406   263.981   296.038    68.544   933.476    48.625   204.578
    49.000     4.299     3.848    23.515    25.149   -10.518     1.424   263.972   295.979    68.492   933.570    48.875   204.589
    49.250     4.291     3.870    23.488    25.121   -10.572     1.417   263.963   295.923    68.436   933.697    49.125   204.606
    49.500     4.251     3.857    23.459    25.093   -10.613     1.402   263.954   295.788    68.381   933.819    49.375   204.620
    49.750     4.268     3.803    23.428    25.065   -10.653     1.412   263.946   295.769    68.324   933.990    49.625   204.632
    50.000     4.330     3.850    23.401    25.037   -10.705     1.393   263.939   295.698    68.263   934.078    49.875   204.646
