     0.250     0.056     2.655    20.613    21.366   -12.699     2.334   263.970   272.273    27.536  1001.967     0.125   261.651
     0.500     0.143     2.658    20.700    21.727   -13.015     2.334   264.023   271.777    31.255   998.950     0.375   256.740
     0.750     1.602     2.776    20.869    22.049   -13.338     2.334   264.044   271.652    34.895   995.509     0.625   248.311
     1.000     2.910     2.885    21.012    22.325   -13.653     2.363   264.029   272.101    37.866   992.380     0.875   243.535
     1.250     3.895     2.987    21.129    22.558   -13.849     2.539   264.013   272.963    40.401   989.492     1.125   240.573
     1.500     4.336     3.068    21.242    22.754   -13.787     2.616   263.981   274.034    43.118   986.184     1.375   235.266
     1.750     4.553     3.119    21.342    22.920   -13.445     2.423   263.952   275.225    45.174   983.714     1.625   232.418
     2.000     4.075     3.215    21.465    23.061   -13.303     2.306   263.930   276.059    47.119   980.898     1.875   229.589
     2.250     3.704     3.243    21.581    23.184   -13.217     2.219   263.927   276.515    48.887   978.064     2.125   227.068
     2.500     4.300     3.290    21.670    23.288   -13.080     2.121   263.905   277.471    50.377   975.766     2.375   225.221
     2.750     4.141     3.332    21.757    23.377   -13.010     2.035   263.905   277.873    51.849   973.262     2.625   222.995
     3.000     4.053     3.385    21.834    23.456   -12.948     1.963   263.892   278.462    53.176   970.821     2.875   221.106
     3.250     4.026     3.396    21.898    23.524   -12.892     1.902   263.887   278.865    54.406   968.460     3.125   219.380
     3.500     4.390     3.471    21.952    23.582   -12.790     1.823   263.879   279.577    55.437   966.479     3.375   218.079
     3.750     4.257     3.445    21.998    23.632   -12.685     1.745   263.867   280.144    56.293   964.796     3.625   217.118
     4.000     4.333     3.510    22.042    23.677   -12.638     1.697   263.855   280.702    57.086   963.077     3.875   216.166
     4.250     4.202     3.479    22.078    23.716   -12.590     1.678   263.852   281.132    57.810   961.505     4.125   215.285
     4.500     4.226     3.496    22.109    23.750   -12.547     1.657   263.845   281.553    58.482   960.007     4.375   214.447
     4.750     4.302     3.512    22.133    23.778   -12.494     1.640   263.838   282.016    59.096   958.635     4.625   213.621
     5.000     4.958     3.581    22.137    23.798   -12.329     1.519   263.821   282.761    59.586   957.913     4.875   212.981
     5.250     4.586     3.584    22.160    23.815   -12.224     1.421   263.810   283.583    59.961   957.026     5.125   212.491
     5.500     4.067     3.591    22.190    23.833   -12.214     1.358   263.797   284.105    60.354   955.840     5.375   211.982
     5.750     4.324     3.598    22.203    23.849   -12.179     1.305   263.796   283.371    60.721   954.938     5.625   211.538
     6.000     4.259     3.607    22.214    23.861   -12.186     1.271   263.781   285.011    61.062   954.088     5.875   211.141
     6.250     4.199     3.615    22.219    23.871   -12.189     1.280   263.777   284.348    61.397   953.291     6.125   210.762
     6.500     4.157     3.624    22.227    23.878   -12.234     1.362   263.765   285.748    61.703   952.392     6.375   210.381
     6.750     4.207     3.631    22.231    23.882   -12.249     1.346   263.761   284.969    61.968   951.666     6.625   210.048
     7.000     4.090     3.639    22.237    23.884   -12.292     1.348   263.753   285.311    62.215   950.868     6.875   209.722
     7.250     4.237     3.645    22.233    23.884   -12.289     1.338   263.745   285.633    62.442   950.277     7.125   209.443
     7.500     4.229     3.594    22.222    23.882   -12.274     1.279   263.734   287.403    62.634   949.930     7.375   209.245
     7.750     4.425     3.643    22.215    23.877   -12.278     1.229   263.725   286.774    62.790   949.576     7.625   209.050
     8.000     4.208     3.646    22.212    23.873   -12.291     1.180   263.716   287.476    62.946   949.115     7.875   208.826
     8.250     4.243     3.614    22.197    23.866   -12.299     1.248   263.702   289.133    63.111   948.760     8.125   208.639
     8.500     4.192     3.617    22.187    23.858   -12.379     1.318   263.694   289.200    63.264   948.329     8.375   208.433
     8.750     4.123     3.623    22.179    23.848   -12.477     1.370   263.685   289.433    63.420   947.869     8.625   208.219
     9.000     4.047     3.628    22.168    23.835   -12.567     1.386   263.676   289.581    63.566   947.432     8.875   208.013
     9.250     4.041     3.602    22.154    23.821   -12.645     1.401   263.668   289.704    63.688   947.078     9.125   207.835
     9.500     4.107     3.643    22.138    23.804   -12.672     1.286   263.659   289.823    63.794   946.754     9.375   207.654
     9.750     4.115     3.643    22.119    23.787   -12.655     1.158   263.650   289.702    63.878   946.507     9.625   207.470
    10.000     4.153     3.656    22.099    23.769   -12.617     1.059   263.642   289.705    63.956   946.290     9.875   207.280
    10.250     4.027     3.631    22.078    23.750   -12.597     1.046   263.633   289.823    64.053   946.045    10.125   207.103
    10.500     4.080     3.661    22.057    23.730   -12.638     1.126   263.624   289.667    64.139   945.804    10.375   206.924
    10.750     4.002     3.633    22.036    23.708   -12.702     1.165   263.616   289.768    64.214   945.594    10.625   206.746
    11.000     4.062     3.668    22.016    23.686   -12.771     1.173   263.607   289.811    64.281   945.376    10.875   206.563
    11.250     4.023     3.661    21.997    23.663   -12.810     1.134   263.601   288.917    64.333   945.091    11.125   206.356
    11.500     4.075     3.625    21.969    23.640   -12.803     1.051   263.592   289.917    64.353   945.124    11.375   206.273
    11.750     4.097     3.649    21.945    23.618   -12.794     1.034   263.584   289.861    64.383   945.024    11.625   206.192
    12.000     4.010     3.591    21.919    23.595   -12.851     1.136   263.576   289.915    64.412   944.944    11.875   206.115
    12.250     3.975     3.590    21.898    23.571   -12.950     1.201   263.569   290.171    64.437   944.819    12.125   206.040
    12.500     4.052     3.649    21.877    23.547   -13.016     1.143   263.559   289.990    64.458   944.700    12.375   205.968
    12.750     3.977     3.619    21.851    23.522   -13.057     1.104   263.554   290.072    64.469   944.638    12.625   205.901
    13.000     4.041     3.641    21.829    23.498   -13.058     1.014   263.546   289.342    64.467   944.447    12.875   205.822
    13.250     4.030     3.645    21.806    23.475   -13.065     0.991   263.538   289.009    64.474   944.367    13.125   205.754
    13.500     3.983     3.608    21.775    23.450   -13.086     1.046   263.530   289.099    64.510   944.418    13.375   205.696
    13.750     3.897     3.642    21.753    23.425   -13.189     1.155   263.523   290.123    64.526   944.264    13.625   205.636
    14.000     3.953     3.643    21.733    23.399   -13.286     1.196   263.516   289.159    64.518   944.096    13.875   205.573
    14.250     4.022     3.621    21.701    23.374   -13.289     1.053   263.510   290.049    64.520   944.199    14.125   205.524
    14.500     4.008     3.594    21.673    23.349   -13.278     0.962   263.500   290.163    64.505   944.252    14.375   205.474
    14.750     4.031     3.591    21.646    23.325   -13.285     0.970   263.493   290.132    64.514   944.197    14.625   205.426
    15.000     3.928     3.591    21.621    23.300   -13.367     1.064   263.485   290.233    64.526   944.128    14.875   205.381
    15.250     3.913     3.609    21.598    23.275   -13.468     1.101   263.478   290.164    64.538   944.051    15.125   205.337
    15.500     3.967     3.589    21.571    23.249   -13.503     1.017   263.471   290.177    64.524   944.042    15.375   205.293
    15.750     4.007     3.583    21.545    23.223   -13.503     0.936   263.463   290.246    64.501   944.072    15.625   205.251
    16.000     4.014     3.576    21.517    23.199   -13.492     0.879   263.456   290.221    64.484   944.122    15.875   205.212
    16.250     3.942     3.575    21.490    23.174   -13.517     0.917   263.447   290.073    64.493   944.062    16.125   205.175
    16.500     3.904     3.544    21.463    23.147   -13.597     1.009   263.438   290.283    64.495   944.025    16.375   205.140
    16.750     3.945     3.602    21.440    23.121   -13.703     1.050   263.433   290.177    64.490   943.972    16.625   205.106
    17.000     3.994     3.596    21.413    23.094   -13.734     0.952   263.424   290.106    64.458   944.021    16.875   205.073
    17.250     3.951     3.582    21.386    23.069   -13.748     0.883   263.417   290.264    64.428   944.092    17.125   205.038
    17.500     3.987     3.557    21.359    23.044   -13.736     0.831   263.410   290.233    64.397   944.184    17.375   205.007
    17.750     4.000     3.554    21.332    23.019   -13.740     0.834   263.401   290.258    64.391   944.194    17.625   204.977
    18.000     3.917     3.554    21.304    22.992   -13.800     0.936   263.391   290.336    64.398   944.148    17.875   204.949
    18.250     3.879     3.547    21.281    22.966   -13.914     1.004   263.386   290.437    64.387   944.109    18.125   204.922
    18.500     3.927     3.551    21.255    22.939   -13.965     0.920   263.378   290.303    64.359   944.160    18.375   204.896
    18.750     3.994     3.575    21.229    22.913   -13.990     0.846   263.370   289.477    64.320   944.211    18.625   204.867
    19.000     3.962     3.570    21.202    22.888   -13.993     0.794   263.361   290.117    64.293   944.289    18.875   204.840
    19.250     3.946     3.563    21.174    22.863   -13.987     0.768   263.352   290.352    64.280   944.346    19.125   204.816
    19.500     3.885     3.535    21.145    22.836   -14.025     0.832   263.343   290.291    64.284   944.337    19.375   204.794
    19.750     3.872     3.557    21.120    22.809   -14.136     0.944   263.337   290.206    64.280   944.290    19.625   204.772
    20.000     3.848     3.554    21.096    22.781   -14.218     0.904   263.330   290.313    64.250   944.315    19.875   204.751
    20.250     3.920     3.528    21.067    22.754   -14.240     0.838   263.322   290.401    64.215   944.405    20.125   204.731
    20.500     3.967     3.541    21.039    22.728   -14.262     0.786   263.312   290.589    64.176   944.490    20.375   204.711
    20.750     3.936     3.553    21.016    22.703   -14.285     0.741   263.305   289.474    64.128   944.481    20.625   204.689
    21.000     3.914     3.555    20.987    22.677   -14.308     0.763   263.296   289.307    64.138   944.526    20.875   204.670
    21.250     3.744     3.552    20.964    22.649   -14.378     0.842   263.290   289.311    64.134   944.456    21.125   204.649
    21.500     3.811     3.516    20.933    22.621   -14.423     0.824   263.282   290.171    64.118   944.572    21.375   204.633
    21.750     3.927     3.529    20.904    22.594   -14.464     0.788   263.275   290.116    64.077   944.661    21.625   204.616
    22.000     3.902     3.504    20.875    22.567   -14.495     0.752   263.267   290.186    64.038   944.767    21.875   204.600
    22.250     3.940     3.534    20.851    22.541   -14.525     0.725   263.259   290.064    63.990   944.769    22.125   204.580
    22.500     3.899     3.524    20.821    22.515   -14.553     0.720   263.251   290.217    63.984   944.876    22.375   204.566
    22.750     3.827     3.526    20.793    22.487   -14.628     0.804   263.242   290.084    63.986   944.839    22.625   204.551
    23.000     3.770     3.497    20.767    22.459   -14.715     0.813   263.235   290.069    63.960   944.869    22.875   204.536
    23.250     3.871     3.501    20.739    22.432   -14.761     0.766   263.227   290.104    63.924   944.955    23.125   204.522
    23.500     3.889     3.514    20.711    22.405   -14.797     0.725   263.220   290.149    63.883   945.037    23.375   204.507
    23.750     3.891     3.500    20.682    22.378   -14.816     0.689   263.213   290.104    63.847   945.147    23.625   204.493
    24.000     3.853     3.476    20.654    22.352   -14.833     0.658   263.204   290.127    63.812   945.243    23.875   204.479
    24.250     3.886     3.501    20.630    22.326   -14.854     0.631   263.196   289.439    63.773   945.284    24.125   204.464
    24.500     3.851     3.496    20.602    22.300   -14.868     0.617   263.187   290.220    63.759   945.381    24.375   204.452
    24.750     3.845     3.499    20.573    22.273   -14.915     0.679   263.177   290.069    63.765   945.375    24.625   204.440
    25.000     3.728     3.492    20.548    22.244   -15.021     0.766   263.171   289.947    63.745   945.360    24.875   204.430
    25.250     3.785     3.498    20.522    22.216   -15.094     0.730   263.165   288.963    63.707   945.415    25.125   204.419
    25.500     3.808     3.463    20.492    22.188   -15.139     0.695   263.156   290.144    63.669   945.554    25.375   204.408
    25.750     3.850     3.477    20.464    22.161   -15.171     0.662   263.149   290.092    63.624   945.644    25.625   204.397
    26.000     3.843     3.472    20.435    22.134   -15.198     0.630   263.141   290.106    63.585   945.754    25.875   204.386
    26.250     3.853     3.476    20.407    22.107   -15.221     0.603   263.133   290.163    63.550   945.856    26.125   204.374
    26.500     3.809     3.445    20.378    22.081   -15.242     0.583   263.125   290.191    63.522   945.963    26.375   204.363
    26.750     3.783     3.445    20.351    22.053   -15.280     0.616   263.116   289.888    63.523   945.956    26.625   204.351
    27.000     3.713     3.438    20.325    22.025   -15.364     0.677   263.109   289.768    63.505   945.964    26.875   204.338
    27.250     3.767     3.454    20.298    21.996   -15.430     0.663   263.101   289.804    63.472   946.021    27.125   204.325
    27.500     3.800     3.458    20.269    21.968   -15.481     0.640   263.094   289.894    63.433   946.123    27.375   204.311
    27.750     3.802     3.443    20.240    21.940   -15.524     0.615   263.086   289.861    63.391   946.232    27.625   204.298
    28.000     3.816     3.447    20.211    21.913   -15.559     0.589   263.078   289.957    63.344   946.419    27.875   204.285
    28.250     3.765     3.425    20.183    21.886   -15.588     0.566   263.070   289.921    63.315   946.507    28.125   204.269
    28.500     3.809     3.440    20.156    21.859   -15.615     0.548   263.062   290.018    63.286   946.593    28.375   204.253
    28.750     3.766     3.419    20.128    21.833   -15.640     0.534   263.054   289.952    63.262   946.674    28.625   204.236
    29.000     3.784     3.427    20.102    21.806   -15.669     0.525   263.047   289.888    63.237   946.739    28.875   204.218
    29.250     3.764     3.431    20.075    21.779   -15.700     0.519   263.038   289.907    63.216   946.788    29.125   204.199
    29.500     3.770     3.403    20.045    21.751   -15.738     0.544   263.028   289.679    63.215   946.830    29.375   204.180
    29.750     3.654     3.431    20.023    21.724   -15.832     0.589   263.023   289.490    63.192   946.790    29.625   204.159
    30.000     3.700     3.427    19.996    21.696   -15.894     0.580   263.015   289.451    63.166   946.818    29.875   204.138
    30.250     3.720     3.406    19.967    21.668   -15.947     0.568   263.008   289.364    63.140   946.891    30.125   204.118
    30.500     3.721     3.420    19.938    21.640   -15.995     0.558   263.000   289.360    63.114   946.946    30.375   204.098
    30.750     3.698     3.399    19.910    21.612   -16.034     0.548   262.993   289.277    63.087   946.998    30.625   204.077
    31.000     3.686     3.414    19.882    21.585   -16.074     0.538   262.986   289.203    63.065   947.034    30.875   204.057
    31.250     3.687     3.394    19.853    21.557   -16.113     0.534   262.979   289.150    63.044   947.092    31.125   204.036
    31.500     3.689     3.409    19.826    21.530   -16.154     0.536   262.972   289.126    63.020   947.128    31.375   204.015
    31.750     3.684     3.406    19.798    21.502   -16.202     0.534   262.966   288.992    62.995   947.160    31.625   203.994
    32.000     3.665     3.373    19.770    21.475   -16.248     0.529   262.959   288.964    62.974   947.220    31.875   203.973
    32.250     3.692     3.382    19.742    21.447   -16.297     0.531   262.952   288.962    62.949   947.261    32.125   203.952
    32.500     3.706     3.405    19.716    21.420   -16.348     0.533   262.944   288.361    62.923   947.275    32.375   203.931
    32.750     3.675     3.402    19.690    21.393   -16.402     0.539   262.936   289.219    62.893   947.300    32.625   203.910
    33.000     3.653     3.399    19.663    21.366   -16.458     0.543   262.930   288.492    62.865   947.311    32.875   203.889
    33.250     3.680     3.396    19.635    21.338   -16.514     0.543   262.923   288.505    62.845   947.362    33.125   203.868
    33.500     3.653     3.378    19.605    21.311   -16.562     0.532   262.915   289.026    62.826   947.464    33.375   203.849
    33.750     3.603     3.370    19.578    21.285   -16.603     0.510   262.910   289.000    62.805   947.634    33.625   203.830
    34.000     3.591     3.377    19.551    21.258   -16.644     0.481   262.905   288.945    62.784   947.747    33.875   203.812
    34.250     3.650     3.387    19.523    21.231   -16.662     0.452   262.900   288.713    62.744   947.844    34.125   203.793
    34.500     3.781     3.384    19.492    21.204   -16.639     0.435   262.887   289.004    62.719   947.949    34.375   203.773
    34.750     3.696     3.384    19.467    21.176   -16.646     0.449   262.881   288.270    62.705   948.054    34.625   203.753
    35.000     3.570     3.386    19.448    21.149   -16.703     0.472   262.875   288.208    62.688   948.040    34.875   203.732
    35.250     3.542     3.388    19.426    21.121   -16.777     0.490   262.869   287.923    62.679   948.013    35.125   203.712
    35.500     3.573     3.390    19.402    21.092   -16.860     0.497   262.862   288.904    62.655   947.995    35.375   203.691
    35.750     3.631     3.377    19.365    21.062   -16.910     0.503   262.856   287.957    62.657   948.080    35.625   203.671
    36.000     3.510     3.382    19.340    21.033   -17.001     0.537   262.848   288.570    62.619   948.033    35.875   203.649
    36.250     3.575     3.356    19.306    21.005   -17.066     0.528   262.842   288.384    62.589   948.172    36.125   203.630
    36.500     3.675     3.347    19.275    20.977   -17.129     0.496   262.835   288.566    62.535   948.315    36.375   203.613
    36.750     3.821     3.357    19.242    20.950   -17.145     0.462   262.828   287.650    62.497   948.419    36.625   203.594
    37.000     3.643     3.356    19.220    20.924   -17.170     0.457   262.820   287.636    62.458   948.447    36.875   203.574
    37.250     3.552     3.319    19.194    20.898   -17.204     0.459   262.813   288.634    62.456   948.509    37.125   203.553
    37.500     3.579     3.335    19.168    20.872   -17.250     0.451   262.805   288.721    62.431   948.555    37.375   203.535
    37.750     3.657     3.321    19.139    20.847   -17.299     0.430   262.798   288.715    62.396   948.678    37.625   203.519
    38.000     3.789     3.341    19.109    20.821   -17.308     0.411   262.788   287.619    62.368   948.713    37.875   203.501
    38.250     3.603     3.342    19.087    20.795   -17.349     0.424   262.780   287.758    62.352   948.737    38.125   203.483
    38.500     3.512     3.336    19.065    20.769   -17.399     0.434   262.773   288.469    62.335   948.723    38.375   203.464
    38.750     3.575     3.312    19.035    20.742   -17.455     0.425   262.766   288.549    62.307   948.878    38.625   203.484
    39.000     3.695     3.325    19.006    20.716   -17.499     0.406   262.758   288.480    62.252   949.001    38.875   203.525
    39.250     3.682     3.305    18.976    20.689   -17.522     0.404   262.748   288.398    62.216   949.133    39.125   203.564
    39.500     3.505     3.317    18.956    20.663   -17.586     0.418   262.743   288.502    62.186   949.132    39.375   203.597
    39.750     3.544     3.311    18.929    20.636   -17.634     0.410   262.736   288.358    62.139   949.253    39.625   203.647
    40.000     3.606     3.286    18.899    20.610   -17.682     0.392   262.728   288.531    62.082   949.426    39.875   203.697
    40.250     3.753     3.311    18.869    20.583   -17.700     0.382   262.717   288.360    62.036   949.545    40.125   203.733
    40.500     3.512     3.322    18.854    20.557   -17.773     0.402   262.711   287.661    61.996   949.498    40.375   203.741
    40.750     3.516     3.301    18.822    20.530   -17.800     0.394   262.704   288.337    61.965   949.678    40.625   203.801
    41.000     3.600     3.295    18.793    20.503   -17.848     0.381   262.697   288.513    61.908   949.833    40.875   203.846
    41.250     3.747     3.300    18.760    20.477   -17.866     0.368   262.686   288.281    61.862   949.975    41.125   203.892
    41.500     3.486     3.310    18.741    20.450   -17.929     0.383   262.679   288.327    61.828   949.928    41.375   203.915
    41.750     3.527     3.299    18.714    20.423   -17.978     0.384   262.671   288.297    61.782   950.058    41.625   203.958
    42.000     3.582     3.284    18.684    20.397   -18.041     0.371   262.664   288.354    61.727   950.258    41.875   204.014
    42.250     3.633     3.288    18.655    20.371   -18.083     0.354   262.656   288.306    61.670   950.398    42.125   204.060
    42.500     3.602     3.301    18.634    20.344   -18.127     0.363   262.645   288.383    61.628   950.398    42.375   204.071
    42.750     3.477     3.290    18.605    20.317   -18.142     0.370   262.641   287.543    61.608   950.521    42.625   204.115
    43.000     3.494     3.276    18.578    20.290   -18.188     0.371   262.634   288.141    61.559   950.641    42.875   204.154
    43.250     3.591     3.260    18.548    20.263   -18.248     0.359   262.626   288.326    61.500   950.810    43.125   204.199
    43.500     3.688     3.283    18.519    20.236   -18.283     0.353   262.614   288.243    61.458   950.871    43.375   204.227
    43.750     3.399     3.277    18.497    20.209   -18.344     0.363   262.610   287.235    61.429   950.902    43.625   204.255
    44.000     3.510     3.274    18.471    20.182   -18.397     0.357   262.603   287.729    61.377   951.006    43.875   204.284
    44.250     3.567     3.269    18.442    20.156   -18.456     0.344   262.594   288.313    61.319   951.169    44.125   204.324
    44.500     3.583     3.271    18.414    20.129   -18.506     0.328   262.587   287.973    61.262   951.314    44.375   204.355
    44.750     3.598     3.277    18.388    20.102   -18.535     0.327   262.574   288.190    61.225   951.356    44.625   204.378
    45.000     3.363     3.268    18.363    20.074   -18.559     0.337   262.570   288.004    61.211   951.403    44.875   204.406
    45.250     3.485     3.254    18.332    20.047   -18.589     0.340   262.565   287.760    61.165   951.565    45.125   204.447
    45.500     3.567     3.256    18.303    20.020   -18.647     0.334   262.557   288.064    61.104   951.694    45.375   204.474
    45.750     3.572     3.257    18.276    19.994   -18.713     0.322   262.548   288.233    61.045   951.818    45.625   204.495
    46.000     3.585     3.254    18.245    19.967   -18.738     0.317   262.537   287.819    61.023   951.928    45.875   204.540
    46.250     3.410     3.243    18.221    19.939   -18.778     0.326   262.532   287.747    60.986   951.965    46.125   204.553
    46.500     3.479     3.238    18.195    19.912   -18.822     0.328   262.525   287.710    60.938   952.055    46.375   204.573
    46.750     3.541     3.232    18.166    19.885   -18.879     0.321   262.517   287.762    60.880   952.195    46.625   204.604
    47.000     3.541     3.227    18.138    19.859   -18.937     0.309   262.509   288.019    60.824   952.328    46.875   204.633
    47.250     3.551     3.224    18.110    19.833   -18.985     0.296   262.500   288.121    60.772   952.471    47.125   204.670
    47.500     3.525     3.239    18.084    19.806   -19.014     0.299   262.491   286.512    60.762   952.471    47.375   204.686
    47.750     3.380     3.234    18.060    19.778   -19.053     0.309   262.485   286.934    60.721   952.536    47.625   204.700
    48.000     3.457     3.230    18.033    19.751   -19.104     0.312   262.477   287.358    60.667   952.619    47.875   204.725
    48.250     3.507     3.225    18.004    19.724   -19.168     0.305   262.469   287.862    60.610   952.757    48.125   204.752
    48.500     3.504     3.213    17.974    19.697   -19.227     0.293   262.461   287.994    60.564   952.901    48.375   204.771
    48.750     3.498     3.201    17.946    19.670   -19.275     0.281   262.453   288.058    60.516   953.044    48.625   204.798
    49.000     3.519     3.196    17.918    19.644   -19.302     0.269   262.446   287.848    60.470   953.159    48.875   204.826
    49.250     3.468     3.218    17.892    19.616   -19.315     0.275   262.434   287.743    60.460   953.171    49.125   204.828
    49.500     3.390     3.209    17.865    19.588   -19.342     0.288   262.428   287.742    60.423   953.256    49.375   204.834
    49.750     3.444     3.213    17.841    19.561   -19.393     0.297   262.421   287.625    60.371   953.276    49.625   204.834
    50.000     3.475     3.206    17.812    19.534   -19.462     0.297   262.414   287.199    60.322   953.390    49.875   204.850
    50.250     3.499     3.203    17.784    19.507   -19.535     0.288   262.405   287.781    60.273   953.502    50.125   204.864
    50.500     3.457     3.198    17.757    19.480   -19.597     0.277   262.397   287.462    60.230   953.586    50.375   204.874
    50.750     3.458     3.190    17.729    19.454   -19.641     0.266   262.388   287.560    60.191   953.706    50.625   204.895
    51.000     3.435     3.190    17.702    19.427   -19.668     0.257   262.381   287.736    60.160   953.789    50.875   204.904
    51.250     3.417     3.194    17.676    19.401   -19.692     0.254   262.375   286.418    60.119   953.865    51.125   204.916
    51.500     3.428     3.194    17.650    19.373   -19.722     0.253   262.366   287.092    60.074   953.931    51.375   204.925
    51.750     3.460     3.182    17.620    19.346   -19.757     0.253   262.357   287.552    60.035   954.069    51.625   204.946
    52.000     3.441     3.188    17.595    19.319   -19.807     0.253   262.349   287.482    59.984   954.124    51.875   204.957
    52.250     3.441     3.185    17.567    19.292   -19.858     0.252   262.341   287.101    59.942   954.214    52.125   204.971
    52.500     3.430     3.154    17.537    19.265   -19.904     0.252   262.332   287.450    59.909   954.359    52.375   204.992
    52.750     3.425     3.171    17.510    19.238   -19.949     0.253   262.325   287.203    59.863   954.425    52.625   205.004
    53.000     3.435     3.169    17.482    19.210   -20.002     0.253   262.317   287.149    59.818   954.513    52.875   205.015
    53.250     3.417     3.172    17.456    19.183   -20.062     0.251   262.308   287.335    59.773   954.559    53.125   205.015
    53.500     3.411     3.171    17.428    19.156   -20.119     0.249   262.299   287.195    59.735   954.641    53.375   205.026
    53.750     3.380     3.169    17.401    19.128   -20.171     0.248   262.292   286.697    59.693   954.714    53.625   205.036
    54.000     3.367     3.167    17.372    19.100   -20.215     0.249   262.286   286.958    59.657   954.803    53.875   205.046
    54.250     3.362     3.164    17.344    19.072   -20.260     0.252   262.279   286.580    59.616   954.882    54.125   205.055
    54.500     3.397     3.161    17.314    19.044   -20.310     0.253   262.271   287.027    59.568   954.978    54.375   205.066
    54.750     3.385     3.159    17.286    19.016   -20.371     0.252   262.263   286.701    59.518   955.045    54.625   205.070
    55.000     3.010     3.174    17.263    18.986   -20.432     0.253   262.265   285.671    59.560   955.072    54.875   205.096
    55.250     3.031     3.161    17.228    18.953   -20.474     0.262   262.269   286.096    59.557   955.136    55.125   205.100
    55.500     3.309     3.172    17.190    18.920   -20.539     0.282   262.268   286.105    59.482   955.237    55.375   205.097
    55.750     3.325     3.123    17.157    18.889   -20.618     0.290   262.261   285.962    59.415   955.352    55.625   205.106
    56.000     3.368     3.170    17.130    18.858   -20.716     0.337   262.251   285.842    59.369   955.359    55.875   205.099
    56.250     3.328     3.167    17.100    18.827   -20.824     0.406   262.247   284.549    59.331   955.449    56.125   205.101
    56.500     3.162     3.160    17.079    18.796   -20.975     0.443   262.241   285.834    59.279   955.424    56.375   205.096
    56.750     3.203     3.157    17.046    18.765   -21.072     0.376   262.240   285.480    59.255   955.534    56.625   205.105
    57.000     3.222     3.146    17.010    18.735   -21.137     0.328   262.239   285.717    59.208   955.656    56.875   205.106
    57.250     3.260     3.138    16.974    18.705   -21.163     0.289   262.238   285.807    59.152   955.799    57.125   205.103
    57.500     3.332     3.131    16.938    18.677   -21.168     0.259   262.235   286.150    59.098   955.955    57.375   205.105
    57.750     3.456     3.108    16.903    18.650   -21.140     0.235   262.224   285.615    59.027   956.080    57.625   205.104
    58.000     3.499     3.125    16.874    18.623   -21.092     0.231   262.211   285.620    58.974   956.202    57.875   205.107
    58.250     3.296     3.123    16.856    18.598   -21.112     0.247   262.203   285.636    58.928   956.209    58.125   205.106
    58.500     3.270     3.122    16.831    18.572   -21.169     0.248   262.198   285.636    58.915   956.294    58.375   205.106
    58.750     3.310     3.124    16.803    18.546   -21.240     0.241   262.193   285.845    58.884   956.379    58.625   205.096
    59.000     3.482     3.118    16.772    18.520   -21.274     0.237   262.181   285.681    58.814   956.471    58.875   205.096
    59.250     3.377     3.118    16.751    18.495   -21.322     0.255   262.171   285.720    58.765   956.516    59.125   205.090
    59.500     3.274     3.111    16.727    18.470   -21.380     0.254   262.165   285.294    58.754   956.578    59.375   205.091
    59.750     3.245     3.105    16.701    18.444   -21.455     0.243   262.160   285.729    58.736   956.666    59.625   205.096
    60.000     3.284     3.114    16.673    18.417   -21.507     0.229   262.156   285.781    58.703   956.746    59.875   205.089
    60.250     3.432     3.108    16.640    18.391   -21.518     0.219   262.146   284.736    58.652   956.832    60.125   205.085
    60.500     3.362     3.107    16.618    18.366   -21.535     0.236   262.136   284.376    58.601   956.890    60.375   205.080
    60.750     3.294     3.109    16.598    18.340   -21.586     0.253   262.128   284.425    58.572   956.884    60.625   205.075
    61.000     3.222     3.096    16.570    18.314   -21.654     0.252   262.122   285.247    58.568   956.975    60.875   205.078
    61.250     3.222     3.094    16.542    18.287   -21.733     0.240   262.118   285.268    58.542   957.023    61.125   205.065
    61.500     3.305     3.075    16.509    18.260   -21.788     0.225   262.112   285.381    58.509   957.141    61.375   205.058
    61.750     3.436     3.087    16.477    18.233   -21.794     0.216   262.100   285.239    58.441   957.228    61.625   205.062
    62.000     3.347     3.090    16.456    18.208   -21.823     0.231   262.090   285.244    58.385   957.236    61.875   205.054
    62.250     3.229     3.083    16.432    18.183   -21.881     0.234   262.084   285.001    58.379   957.311    62.125   205.053
    62.500     3.188     3.070    16.406    18.156   -21.957     0.225   262.080   285.220    58.363   957.371    62.375   205.043
    62.750     3.304     3.087    16.376    18.130   -22.006     0.213   262.075   284.321    58.324   957.425    62.625   205.028
    63.000     3.361     3.080    16.348    18.104   -22.015     0.216   262.061   285.060    58.268   957.493    62.875   205.016
    63.250     3.336     3.079    16.322    18.078   -22.041     0.232   262.055   284.766    58.235   957.551    63.125   205.018
    63.500     3.186     3.074    16.300    18.052   -22.118     0.234   262.047   285.042    58.225   957.592    63.375   205.009
    63.750     3.169     3.072    16.273    18.026   -22.199     0.224   262.044   284.905    58.210   957.649    63.625   205.002
    64.000     3.257     3.050    16.240    17.999   -22.241     0.211   262.039   284.670    58.171   957.750    63.875   205.001
    64.250     3.398     3.063    16.207    17.973   -22.243     0.210   262.026   284.784    58.107   957.860    64.125   205.003
    64.500     3.305     3.056    16.186    17.947   -22.284     0.224   262.018   283.746    58.058   957.895    64.375   205.002
    64.750     3.174     3.061    16.163    17.921   -22.359     0.224   262.011   284.542    58.054   957.913    64.625   204.985
    65.000     3.161     3.056    16.135    17.895   -22.438     0.213   262.008   284.834    58.036   957.999    64.875   204.983
    65.250     3.280     3.036    16.103    17.868   -22.468     0.201   262.000   284.727    57.993   958.090    65.125   204.978
    65.500     3.371     3.055    16.074    17.842   -22.468     0.203   261.992   284.471    57.931   958.149    65.375   204.973
    65.750     3.275     3.041    16.050    17.817   -22.505     0.217   261.980   284.513    57.897   958.223    65.625   204.972
    66.000     3.154     3.049    16.028    17.791   -22.580     0.214   261.975   284.284    57.888   958.249    65.875   204.964
    66.250     3.145     3.049    16.003    17.765   -22.651     0.205   261.971   284.596    57.868   958.294    66.125   204.952
    66.500     3.286     3.049    15.972    17.738   -22.683     0.196   261.964   284.375    57.815   958.353    66.375   204.944
    66.750     3.360     3.043    15.941    17.713   -22.689     0.205   261.954   283.632    57.768   958.479    66.625   204.943
    67.000     3.188     3.038    15.921    17.687   -22.744     0.217   261.946   284.353    57.740   958.498    66.875   204.938
    67.250     3.122     3.025    15.896    17.661   -22.821     0.212   261.941   284.279    57.733   958.551    67.125   204.932
    67.500     3.168     3.045    15.868    17.635   -22.887     0.200   261.938   284.350    57.711   958.599    67.375   204.917
    67.750     3.339     3.035    15.836    17.609   -22.904     0.191   261.927   284.209    57.649   958.685    67.625   204.910
    68.000     3.275     3.032    15.811    17.584   -22.926     0.206   261.918   283.618    57.601   958.750    67.875   204.909
    68.250     3.179     3.011    15.786    17.558   -22.981     0.213   261.910   284.277    57.588   958.820    68.125   204.908
    68.500     3.115     3.026    15.763    17.533   -23.067     0.205   261.906   284.051    57.573   958.826    68.375   204.895
    68.750     3.177     3.020    15.733    17.506   -23.122     0.191   261.903   284.222    57.549   958.916    68.625   204.890
    69.000     3.360     3.021    15.699    17.480   -23.123     0.182   261.891   283.270    57.490   959.026    68.875   204.887
    69.250     3.232     3.016    15.675    17.455   -23.137     0.196   261.881   283.817    57.448   959.076    69.125   204.882
    69.500     3.148     3.014    15.655    17.430   -23.205     0.202   261.873   283.968    57.430   959.079    69.375   204.872
    69.750     3.087     3.015    15.630    17.404   -23.288     0.194   261.871   283.775    57.424   959.118    69.625   204.859
    70.000     3.188     3.019    15.601    17.377   -23.333     0.182   261.865   283.756    57.393   959.171    69.875   204.847
    70.250     3.269     2.940    15.566    17.351   -23.327     0.181   261.853   283.704    57.342   959.307    70.125   204.839
    70.500     3.243     3.008    15.544    17.327   -23.368     0.199   261.844   283.726    57.294   959.329    70.375   204.850
    70.750     3.118     2.990    15.522    17.301   -23.449     0.200   261.839   283.727    57.290   959.369    70.625   204.835
    71.000     3.075     2.990    15.497    17.275   -23.525     0.190   261.836   283.727    57.276   959.399    70.875   204.822
    71.250     3.199     3.006    15.467    17.248   -23.563     0.177   261.831   282.895    57.238   959.441    71.125   204.804
    71.500     3.259     2.928    15.433    17.222   -23.547     0.177   261.819   283.447    57.191   959.574    71.375   204.799
    71.750     3.242     2.985    15.411    17.198   -23.589     0.196   261.810   283.547    57.145   959.616    71.625   204.811
    72.000     3.076     2.992    15.390    17.173   -23.673     0.195   261.804   283.483    57.143   959.613    71.875   204.794
    72.250     3.074     2.989    15.364    17.147   -23.752     0.184   261.801   283.578    57.131   959.673    72.125   204.781
    72.500     3.195     2.980    15.332    17.121   -23.778     0.172   261.794   283.315    57.087   959.747    72.375   204.778
    72.750     3.309     2.985    15.302    17.095   -23.775     0.175   261.783   282.748    57.032   959.837    72.625   204.772
    73.000     3.165     2.975    15.280    17.071   -23.816     0.187   261.773   283.439    57.003   959.882    72.875   204.773
    73.250     3.050     2.981    15.259    17.046   -23.898     0.186   261.769   283.345    57.002   959.877    73.125   204.755
    73.500     3.051     2.977    15.232    17.020   -23.971     0.176   261.767   283.322    56.992   959.929    73.375   204.738
    73.750     3.223     2.980    15.201    16.994   -23.988     0.167   261.758   283.043    56.945   959.997    73.625   204.730
    74.000     3.241     2.975    15.174    16.969   -23.992     0.176   261.748   282.615    56.893   960.059    73.875   204.722
    74.250     3.119     2.954    15.150    16.944   -24.044     0.189   261.739   283.141    56.876   960.113    74.125   204.722
    74.500     3.046     2.968    15.127    16.919   -24.131     0.184   261.735   283.092    56.876   960.127    74.375   204.709
    74.750     3.032     2.955    15.102    16.893   -24.198     0.173   261.733   282.992    56.860   960.161    74.625   204.691
    75.000     3.240     2.966    15.068    16.867   -24.208     0.162   261.724   282.846    56.808   960.255    74.875   204.694
    75.250     3.210     2.965    15.046    16.842   -24.226     0.174   261.713   282.431    56.742   960.270    75.125   204.686
    75.500     3.130     2.957    15.020    16.818   -24.269     0.180   261.704   282.982    56.741   960.334    75.375   204.675
    75.750     3.004     2.946    14.997    16.793   -24.348     0.176   261.701   282.726    56.748   960.362    75.625   204.660
    76.000     3.038     2.943    14.970    16.767   -24.406     0.166   261.699   282.742    56.731   960.417    75.875   204.647
    76.250     3.230     2.931    14.938    16.741   -24.409     0.158   261.689   282.051    56.677   960.495    76.125   204.639
    76.500     3.174     2.951    14.912    16.717   -24.422     0.171   261.678   282.595    56.632   960.543    76.375   204.641
    76.750     3.102     2.933    14.890    16.693   -24.485     0.177   261.670   282.741    56.621   960.575    76.625   204.631
    77.000     3.025     2.948    14.868    16.668   -24.564     0.171   261.667   282.542    56.615   960.581    76.875   204.618
    77.250     3.039     2.956    14.842    16.642   -24.622     0.161   261.665   282.563    56.594   960.633    77.125   204.603
    77.500     3.212     2.918    14.807    16.617   -24.625     0.155   261.654   282.393    56.552   960.734    77.375   204.592
    77.750     3.180     2.940    14.784    16.593   -24.642     0.166   261.644   282.389    56.505   960.773    77.625   204.591
    78.000     3.074     2.933    14.762    16.569   -24.708     0.174   261.636   282.546    56.499   960.805    77.875   204.584
    78.250     2.975     2.924    14.739    16.544   -24.789     0.168   261.633   282.324    56.502   960.807    78.125   204.567
    78.500     3.031     2.945    14.713    16.518   -24.843     0.158   261.631   282.426    56.479   960.854    78.375   204.555
    78.750     3.167     2.909    14.681    16.493   -24.851     0.149   261.620   282.134    56.435   960.915    78.625   204.541
    79.000     3.184     2.931    14.656    16.469   -24.857     0.160   261.609   282.090    56.391   960.947    78.875   204.532
    79.250     3.041     2.924    14.635    16.445   -24.903     0.172   261.602   282.289    56.388   960.974    79.125   204.523
    79.500     2.961     2.914    14.612    16.420   -24.990     0.170   261.599   282.063    56.395   960.987    79.375   204.506
    79.750     3.002     2.923    14.586    16.395   -25.060     0.161   261.597   282.076    56.377   961.028    79.625   204.490
    80.000     3.029     2.915    14.557    16.368   -25.079     0.152   261.591   281.641    56.361   961.098    79.875   204.484
    80.250     2.875     2.946    14.535    16.339   -25.084     0.165   261.593   281.093    56.351   961.127    80.125   204.478
    80.500     2.920     2.937    14.509    16.310   -25.130     0.178   261.591   280.943    56.334   961.165    80.375   204.469
    80.750     2.959     2.856    14.479    16.280   -25.214     0.218   261.578   280.722    56.309   961.239    80.625   204.461
    81.000     2.963     2.856    14.456    16.251   -25.338     0.236   261.576   280.678    56.275   961.264    80.875   204.455
    81.250     3.036     2.949    14.439    16.222   -25.461     0.249   261.584   279.860    56.223   961.223    81.125   204.445
    81.500     3.052     2.939    14.407    16.195   -25.544     0.254   261.577   280.765    56.190   961.284    81.375   204.433
    81.750     3.064     2.885    14.374    16.168   -25.592     0.233   261.572   280.573    56.156   961.389    81.625   204.422
    82.000     3.090     2.919    14.346    16.143   -25.636     0.225   261.565   280.612    56.113   961.434    81.875   204.410
    82.250     3.067     2.913    14.319    16.119   -25.664     0.218   261.560   279.867    56.075   961.475    82.125   204.397
    82.500     3.048     2.909    14.294    16.096   -25.693     0.208   261.552   280.696    56.039   961.514    82.375   204.387
    82.750     3.069     2.903    14.267    16.073   -25.710     0.188   261.545   280.166    56.014   961.575    82.625   204.374
    83.000     3.038     2.890    14.243    16.051   -25.712     0.183   261.539   280.464    55.996   961.625    82.875   204.362
    83.250     3.048     2.900    14.219    16.029   -25.729     0.187   261.532   280.418    55.973   961.659    83.125   204.354
    83.500     3.006     2.855    14.195    16.007   -25.765     0.189   261.526   280.277    55.959   961.719    83.375   204.341
    83.750     3.033     2.896    14.173    15.985   -25.804     0.200   261.519   280.182    55.944   961.737    83.625   204.332
    84.000     3.047     2.896    14.152    15.963   -25.860     0.201   261.512   279.786    55.921   961.745    83.875   204.319
    84.250     3.029     2.893    14.127    15.941   -25.906     0.221   261.505   279.973    55.911   961.796    84.125   204.309
    84.500     3.035     2.893    14.107    15.918   -25.987     0.255   261.498   280.105    55.885   961.780    84.375   204.296
    84.750     3.023     2.892    14.084    15.896   -26.044     0.230   261.494   279.286    55.874   961.827    84.625   204.285
    85.000     3.028     2.888    14.060    15.873   -26.079     0.218   261.486   280.133    55.860   961.855    84.875   204.273
    85.250     2.996     2.886    14.038    15.851   -26.105     0.224   261.481   279.194    55.842   961.876    85.125   204.259
    85.500     3.015     2.884    14.015    15.829   -26.152     0.222   261.474   280.002    55.820   961.891    85.375   204.250
    85.750     3.025     2.869    13.989    15.807   -26.186     0.204   261.467   279.933    55.802   961.961    85.625   204.242
    86.000     2.990     2.836    13.966    15.785   -26.206     0.197   261.463   279.046    55.780   961.993    85.875   204.233
    86.250     3.025     2.875    13.943    15.763   -26.229     0.198   261.455   279.768    55.761   962.038    86.125   204.225
    86.500     2.990     2.832    13.919    15.741   -26.259     0.192   261.449   279.685    55.743   962.083    86.375   204.215
    86.750     3.013     2.873    13.898    15.719   -26.297     0.195   261.442   279.809    55.718   962.091    86.625   204.205
    87.000     3.008     2.871    13.874    15.697   -26.331     0.192   261.436   279.733    55.701   962.143    86.875   204.195
    87.250     2.990     2.870    13.853    15.675   -26.369     0.200   261.430   279.602    55.677   962.156    87.125   204.186
    87.500     2.991     2.856    13.828    15.654   -26.410     0.198   261.424   279.539    55.669   962.226    87.375   204.174
    87.750     3.002     2.867    13.808    15.632   -26.458     0.202   261.417   279.498    55.641   962.224    87.625   204.164
    88.000     3.000     2.863    13.784    15.610   -26.493     0.201   261.412   278.741    55.630   962.277    87.875   204.152
    88.250     2.968     2.863    13.763    15.588   -26.548     0.232   261.406   279.357    55.606   962.282    88.125   204.142
    88.500     3.009     2.859    13.739    15.566   -26.603     0.209   261.398   279.509    55.587   962.334    88.375   204.133
    88.750     3.001     2.855    13.715    15.545   -26.633     0.192   261.391   279.356    55.574   962.392    88.625   204.120
    89.000     2.965     2.856    13.694    15.523   -26.652     0.186   261.384   279.398    55.555   962.390    88.875   204.106
    89.250     2.970     2.843    13.670    15.501   -26.672     0.186   261.380   279.154    55.545   962.450    89.125   204.096
    89.500     2.956     2.841    13.647    15.480   -26.701     0.189   261.373   279.127    55.529   962.479    89.375   204.083
    89.750     2.970     2.840    13.624    15.458   -26.743     0.194   261.368   279.141    55.510   962.518    89.625   204.071
    90.000     2.954     2.837    13.601    15.436   -26.783     0.193   261.362   279.105    55.496   962.553    89.875   204.061
    90.250     2.980     2.846    13.579    15.415   -26.828     0.188   261.355   279.066    55.472   962.576    90.125   204.049
    90.500     2.959     2.844    13.556    15.393   -26.861     0.189   261.349   279.016    55.461   962.594    90.375   204.034
    90.750     2.936     2.845    13.536    15.372   -26.904     0.227   261.346   278.835    55.439   962.594    90.625   204.021
    91.000     2.944     2.843    13.514    15.351   -26.965     0.203   261.341   279.004    55.423   962.618    90.875   204.009
    91.250     2.982     2.839    13.489    15.329   -26.996     0.181   261.333   278.999    55.407   962.663    91.125   203.994
    91.500     2.944     2.826    13.466    15.308   -27.009     0.180   261.326   278.923    55.401   962.702    91.375   203.979
    91.750     2.951     2.834    13.443    15.287   -27.032     0.179   261.323   278.694    55.385   962.733    91.625   203.968
    92.000     2.910     2.791    13.420    15.266   -27.062     0.185   261.317   278.728    55.372   962.774    91.875   203.955
    92.250     2.957     2.832    13.399    15.245   -27.106     0.182   261.310   278.694    55.349   962.765    92.125   203.944
    92.500     2.952     2.786    13.374    15.224   -27.143     0.182   261.303   278.714    55.335   962.843    92.375   203.934
    92.750     2.932     2.784    13.352    15.203   -27.180     0.193   261.298   278.723    55.318   962.880    92.625   203.922
    93.000     2.974     2.825    13.331    15.182   -27.225     0.188   261.292   278.696    55.298   962.892    92.875   203.910
    93.250     2.954     2.821    13.308    15.161   -27.266     0.177   261.285   278.257    55.283   962.929    93.125   203.894
    93.500     2.909     2.822    13.289    15.141   -27.295     0.184   261.280   278.448    55.264   962.921    93.375   203.882
    93.750     2.945     2.818    13.265    15.120   -27.325     0.178   261.273   278.413    55.256   962.994    93.625   203.870
    94.000     2.934     2.818    13.244    15.099   -27.358     0.179   261.266   278.478    55.238   963.000    93.875   203.855
    94.250     2.910     2.818    13.224    15.078   -27.394     0.181   261.263   277.428    55.218   963.010    94.125   203.840
    94.500     2.919     2.817    13.203    15.058   -27.429     0.197   261.256   278.363    55.206   963.037    94.375   203.825
    94.750     2.941     2.813    13.180    15.037   -27.476     0.183   261.250   278.312    55.195   963.080    94.625   203.811
    95.000     2.922     2.812    13.159    15.016   -27.512     0.176   261.244   278.149    55.175   963.098    94.875   203.797
    95.250     2.911     2.811    13.137    14.996   -27.537     0.185   261.237   278.176    55.167   963.129    95.125   203.782
    95.500     2.927     2.808    13.115    14.975   -27.578     0.179   261.232   277.678    55.152   963.166    95.375   203.769
    95.750     2.912     2.806    13.094    14.955   -27.610     0.173   261.225   278.123    55.135   963.185    95.625   203.756
    96.000     2.899     2.762    13.071    14.934   -27.634     0.171   261.222   276.970    55.121   963.234    95.875   203.744
    96.250     2.943     2.801    13.050    14.914   -27.674     0.180   261.215   277.834    55.104   963.266    96.125   203.735
    96.500     2.916     2.800    13.028    14.893   -27.717     0.173   261.207   277.996    55.088   963.295    96.375   203.719
    96.750     2.894     2.800    13.009    14.873   -27.748     0.172   261.202   277.859    55.064   963.307    96.625   203.707
    97.000     2.911     2.798    12.988    14.853   -27.780     0.171   261.195   277.902    55.049   963.339    96.875   203.695
    97.250     2.896     2.753    12.963    14.832   -27.805     0.165   261.191   277.672    55.043   963.410    97.125   203.682
    97.500     2.912     2.794    12.944    14.812   -27.838     0.168   261.183   277.845    55.023   963.418    97.375   203.669
    97.750     2.910     2.791    12.922    14.791   -27.874     0.169   261.178   277.784    55.009   963.460    97.625   203.655
    98.000     2.880     2.779    12.900    14.771   -27.908     0.170   261.172   277.628    54.998   963.505    97.875   203.642
    98.250     2.910     2.777    12.878    14.751   -27.950     0.171   261.166   277.664    54.982   963.547    98.125   203.630
    98.500     2.885     2.744    12.857    14.730   -27.982     0.165   261.160   277.497    54.965   963.576    98.375   203.618
    98.750     2.909     2.774    12.836    14.710   -28.021     0.166   261.154   277.557    54.950   963.604    98.625   203.605
    99.000     2.889     2.774    12.815    14.690   -28.038     0.174   261.150   276.663    54.937   963.632    98.875   203.589
    99.250     2.863     2.785    12.797    14.670   -28.100     0.192   261.143   277.574    54.915   963.614    99.125   203.575
    99.500     2.886     2.782    12.776    14.650   -28.143     0.178   261.138   277.504    54.897   963.648    99.375   203.562
    99.750     2.902     2.777    12.753    14.630   -28.167     0.164   261.133   276.576    54.888   963.699    99.625   203.548
   100.000     2.855     2.734    12.732    14.610   -28.189     0.162   261.128   276.527    54.875   963.732    99.875   203.535
   100.250     2.901     2.776    12.712    14.590   -28.221     0.158   261.120   277.003    54.859   963.751   100.125   203.521
   100.500     2.867     2.775    12.691    14.570   -28.244     0.161   261.114   277.362    54.845   963.780   100.375   203.507
   100.750     2.876     2.771    12.669    14.551   -28.278     0.156   261.108   276.914    54.833   963.822   100.625   203.491
   101.000     2.843     2.773    12.651    14.531   -28.305     0.157   261.103   277.193    54.814   963.820   100.875   203.478
   101.250     2.882     2.768    12.627    14.510   -28.333     0.162   261.097   277.073    54.809   963.888   101.125   203.462
   101.500     2.847     2.725    12.606    14.490   -28.379     0.164   261.092   277.009    54.793   963.922   101.375   203.448
   101.750     2.881     2.768    12.588    14.471   -28.421     0.164   261.088   276.140    54.766   963.919   101.625   203.437
   102.000     2.876     2.765    12.566    14.451   -28.449     0.162   261.082   276.080    54.759   963.960   101.875   203.423
   102.250     2.860     2.764    12.546    14.431   -28.496     0.169   261.075   277.095    54.740   963.988   102.125   203.411
   102.500     2.868     2.762    12.525    14.412   -28.533     0.155   261.068   277.123    54.726   964.019   102.375   203.399
   102.750     2.872     2.756    12.503    14.392   -28.555     0.148   261.062   276.646    54.715   964.073   102.625   203.383
   103.000     2.835     2.759    12.484    14.372   -28.572     0.155   261.057   276.946    54.700   964.073   102.875   203.368
   103.250     2.857     2.755    12.462    14.352   -28.604     0.151   261.052   276.559    54.687   964.111   103.125   203.355
   103.500     2.844     2.753    12.442    14.333   -28.630     0.154   261.047   276.717    54.674   964.147   103.375   203.342
   103.750     2.851     2.752    12.421    14.313   -28.667     0.161   261.042   276.697    54.658   964.184   103.625   203.330
   104.000     2.855     2.739    12.399    14.294   -28.714     0.159   261.036   276.781    54.641   964.234   103.875   203.319
   104.250     2.872     2.737    12.379    14.274   -28.750     0.153   261.029   276.728    54.623   964.267   104.125   203.308
   104.500     2.855     2.736    12.359    14.255   -28.785     0.149   261.021   276.541    54.608   964.287   104.375   203.293
   104.750     2.840     2.735    12.339    14.236   -28.806     0.149   261.016   276.674    54.598   964.306   104.625   203.281
   105.000     2.828     2.747    12.321    14.216   -28.841     0.152   261.010   276.731    54.581   964.315   104.875   203.266
   105.250     2.838     2.718    12.298    14.197   -28.870     0.148   261.005   276.594    54.570   964.371   105.125   203.253
   105.500     2.826     2.731    12.278    14.178   -28.903     0.157   260.999   276.623    54.559   964.407   105.375   203.239
   105.750     2.846     2.739    12.258    14.158   -28.937     0.151   260.996   275.622    54.541   964.429   105.625   203.226
   106.000     2.815     2.742    12.240    14.138   -28.975     0.154   260.988   276.542    54.521   964.430   105.875   203.213
   106.250     2.827     2.741    12.220    14.119   -29.013     0.153   260.982   276.482    54.506   964.454   106.125   203.198
   106.500     2.825     2.733    12.197    14.100   -29.041     0.164   260.977   276.371    54.502   964.511   106.375   203.186
   106.750     2.851     2.722    12.176    14.080   -29.091     0.162   260.971   276.420    54.484   964.542   106.625   203.173
   107.000     2.838     2.720    12.155    14.061   -29.126     0.160   260.967   276.187    54.466   964.576   106.875   203.161
   107.250     2.846     2.717    12.135    14.042   -29.156     0.153   260.960   276.307    54.450   964.613   107.125   203.150
   107.500     2.837     2.723    12.115    14.023   -29.185     0.147   260.953   276.337    54.434   964.636   107.375   203.139
   107.750     2.815     2.729    12.098    14.004   -29.214     0.144   260.945   276.460    54.414   964.631   107.625   203.125
   108.000     2.818     2.728    12.076    13.985   -29.229     0.141   260.942   275.576    54.411   964.671   107.875   203.110
   108.250     2.796     2.729    12.059    13.966   -29.266     0.168   260.934   276.356    54.391   964.676   108.125   203.096
   108.500     2.812     2.727    12.038    13.947   -29.312     0.172   260.930   276.291    54.379   964.710   108.375   203.082
   108.750     2.804     2.724    12.018    13.928   -29.357     0.161   260.925   276.270    54.368   964.734   108.625   203.068
   109.000     2.804     2.709    11.997    13.909   -29.402     0.143   260.922   276.495    54.354   964.805   108.875   203.054
   109.250     2.804     2.706    11.977    13.891   -29.452     0.123   260.920   277.393    54.350   964.885   109.125   203.040
   109.500     2.793     2.707    11.956    13.872   -29.440     0.103   260.917   276.884    54.343   964.914   109.375   203.027
   109.750     2.786     2.693    11.934    13.852   -29.390     0.092   260.911   276.524    54.333   964.951   109.625   203.015
   110.000     2.768     2.697    11.915    13.832   -29.342     0.096   260.905   276.162    54.330   964.977   109.875   203.002
   110.250     2.749     2.719    11.897    13.812   -29.354     0.111   260.901   276.121    54.320   964.982   110.125   202.989
   110.500     2.830     2.729    11.874    13.790   -29.421     0.146   260.896   275.205    54.306   965.023   110.375   202.974
   110.750     2.771     2.726    11.856    13.769   -29.518     0.157   260.894   274.941    54.284   965.044   110.625   202.959
   111.000     2.810     2.719    11.836    13.749   -29.624     0.161   260.887   275.407    54.257   965.053   110.875   202.945
   111.250     2.848     2.683    11.812    13.730   -29.694     0.148   260.879   275.868    54.231   965.097   111.125   202.932
   111.500     2.867     2.677    11.790    13.711   -29.718     0.131   260.868   275.972    54.206   965.128   111.375   202.919
   111.750     2.774     2.688    11.774    13.694   -29.755     0.118   260.864   277.002    54.184   965.153   111.625   202.907
   112.000     2.823     2.697    11.754    13.677   -29.794     0.103   260.863   277.238    54.188   965.240   111.875   202.894
   112.250     2.749     2.691    11.734    13.659   -29.795     0.087   260.858   276.995    54.182   965.261   112.125   202.881
   112.500     2.815     2.711    11.712    13.638   -29.742     0.076   260.851   276.341    54.176   965.317   112.375   202.865
   112.750     2.731     2.717    11.692    13.618   -29.659     0.081   260.846   275.549    54.182   965.339   112.625   202.847
   113.000     2.296     2.836    11.700    13.590   -29.696     0.120   260.861   274.342    54.217   965.241   112.875   202.829
   113.250     2.176     2.695    11.686    13.548   -29.794     0.144   260.883   274.111    54.257   965.292   113.125   202.808
   113.500     2.470     2.756    11.650    13.505   -29.927     0.185   260.893   273.500    54.171   965.383   113.375   202.789
   113.750     2.740     2.763    11.606    13.466   -30.061     0.178   260.899   273.342    54.046   965.563   113.625   202.770
   114.000     2.841     2.734    11.567    13.437   -30.147     0.154   260.911   273.840    53.924   965.709   113.875   202.756
   114.250     2.841     2.713    11.539    13.417   -30.222     0.129   260.908   274.956    53.838   965.808   114.125   202.745
   114.500     2.833     2.700    11.516    13.400   -30.269     0.107   260.906   275.555    53.784   965.898   114.375   202.734
   114.750     2.785     2.698    11.499    13.386   -30.279     0.087   260.905   276.052    53.761   965.970   114.625   202.723
   115.000     2.779     2.704    11.481    13.370   -30.265     0.071   260.902   276.631    53.762   966.075   114.875   202.710
   115.250     3.002     2.711    11.451    13.348   -30.196     0.058   260.876   277.245    53.772   966.336   115.125   202.694
   115.500     2.852     2.698    11.425    13.324   -30.088     0.050   260.868   276.306    53.745   966.554   115.375   202.811
   115.750     2.591     2.717    11.409    13.304   -29.986     0.057   260.868   274.274    53.731   966.542   115.625   202.853
   116.000     2.470     2.633    11.395    13.283   -29.953     0.104   260.872   273.245    53.727   966.481   115.875   202.895
   116.250     2.516     2.642    11.382    13.258   -30.066     0.153   260.881   272.831    53.705   966.440   116.125   202.964
   116.500     2.830     2.754    11.353    13.230   -30.201     0.178   260.883   271.268    53.645   966.488   116.375   203.008
   116.750     2.914     2.707    11.322    13.206   -30.337     0.161   260.866   272.941    53.575   966.528   116.625   202.953
   117.000     2.820     2.678    11.300    13.192   -30.480     0.139   260.859   273.409    53.531   966.450   116.875   202.872
   117.250     2.809     2.669    11.286    13.182   -30.581     0.117   260.868   274.350    53.502   966.393   117.125   202.829
   117.500     2.813     2.662    11.275    13.174   -30.625     0.096   260.864   274.797    53.487   966.391   117.375   202.805
   117.750     2.769     2.666    11.265    13.165   -30.632     0.079   260.861   275.535    53.483   966.417   117.625   202.811
   118.000     2.770     2.677    11.253    13.155   -30.611     0.064   260.858   276.112    53.480   966.530   117.875   202.878
   118.250     2.999     2.700    11.228    13.136   -30.540     0.053   260.831   276.780    53.454   966.894   118.125   203.063
   118.500     2.921     2.703    11.202    13.114   -30.438     0.044   260.819   276.138    53.430   967.179   118.375   203.188
   118.750     2.706     2.695    11.185    13.093   -30.327     0.045   260.814   274.449    53.417   967.272   118.625   203.230
   119.000     2.550     2.721    11.171    13.072   -30.253     0.077   260.814   272.256    53.416   967.209   118.875   203.230
   119.250     2.433     2.808    11.167    13.049   -30.314     0.138   260.827   271.050    53.406   967.032   119.125   203.209
   119.500     2.594     2.791    11.148    13.022   -30.436     0.173   260.830   271.583    53.375   966.992   119.375   203.231
   119.750     2.932     2.687    11.107    12.996   -30.599     0.157   260.819   272.186    53.322   967.128   119.625   203.244
   120.000     2.825     2.666    11.083    12.980   -30.770     0.135   260.807   272.855    53.267   967.008   119.875   203.148
   120.250     2.721     2.656    11.072    12.972   -30.890     0.115   260.819   273.551    53.239   966.861   120.125   203.086
   120.500     2.815     2.642    11.060    12.965   -30.954     0.095   260.815   274.266    53.213   966.855   120.375   203.064
   120.750     2.754     2.643    11.051    12.959   -30.974     0.078   260.812   274.833    53.209   966.842   120.625   203.050
   121.000     2.750     2.654    11.042    12.952   -30.961     0.064   260.809   275.467    53.211   966.912   120.875   203.091
   121.250     2.890     2.682    11.023    12.938   -30.907     0.053   260.787   276.096    53.202   967.180   121.125   203.231
   121.500     3.041     2.680    10.994    12.916   -30.814     0.044   260.767   276.676    53.168   967.597   121.375   203.408
   121.750     2.874     2.700    10.972    12.893   -30.705     0.039   260.757   275.734    53.150   967.835   121.625   203.482
   122.000     2.607     2.693    10.955    12.872   -30.601     0.050   260.755   273.471    53.156   967.865   121.875   203.489
   122.250     2.359     2.784    10.953    12.853   -30.599     0.098   260.762   271.640    53.161   967.604   122.125   203.410
   122.500     2.458     2.795    10.941    12.827   -30.688     0.140   260.776   270.226    53.155   967.500   122.375   203.410
   122.750     2.784     2.738    10.907    12.798   -30.818     0.153   260.777   269.951    53.119   967.581   122.625   203.431
   123.000     2.889     2.666    10.874    12.776   -30.995     0.141   260.755   271.803    53.048   967.560   122.875   203.362
   123.250     2.674     2.634    10.860    12.766   -31.163     0.123   260.766   272.395    53.011   967.364   123.125   203.283
   123.500     2.721     2.631    10.851    12.760   -31.275     0.104   260.766   273.371    52.983   967.273   123.375   203.253
   123.750     2.756     2.623    10.842    12.756   -31.319     0.085   260.764   273.849    52.960   967.245   123.625   203.227
   124.000     2.736     2.630    10.835    12.751   -31.321     0.069   260.761   274.591    52.960   967.262   123.875   203.237
   124.250     2.746     2.643    10.825    12.743   -31.291     0.057   260.757   275.151    52.967   967.377   124.125   203.305
   124.500     3.022     2.671    10.799    12.726   -31.209     0.046   260.726   275.859    52.943   967.774   124.375   203.491
   124.750     2.988     2.673    10.772    12.703   -31.108     0.039   260.711   275.935    52.918   968.152   124.625   203.623
   125.000     2.781     2.700    10.754    12.681   -31.010     0.037   260.702   274.368    52.910   968.302   124.875   203.648
   125.250     2.611     2.688    10.734    12.657   -30.910     0.053   260.699   272.653    52.919   968.372   125.125   203.665
   125.500     2.274     2.782    10.734    12.637   -30.941     0.105   260.713   270.299    52.921   968.056   125.375   203.561
   125.750     2.441     2.782    10.720    12.611   -31.040     0.138   260.722   269.776    52.909   967.937   125.625   203.539
   126.000     2.790     2.725    10.688    12.583   -31.193     0.150   260.718   270.548    52.857   967.965   125.875   203.513
   126.250     2.860     2.645    10.653    12.564   -31.369     0.136   260.702   271.395    52.797   967.953   126.125   203.464
   126.500     2.642     2.621    10.643    12.557   -31.526     0.118   260.714   272.238    52.758   967.757   126.375   203.414
   126.750     2.728     2.611    10.634    12.553   -31.628     0.099   260.715   272.919    52.732   967.687   126.625   203.394
   127.000     2.736     2.606    10.627    12.551   -31.660     0.080   260.712   273.390    52.716   967.653   126.875   203.377
   127.250     2.727     2.615    10.621    12.547   -31.653     0.065   260.709   274.114    52.721   967.680   127.125   203.401
   127.500     2.746     2.647    10.612    12.540   -31.617     0.054   260.690   274.738    52.728   967.816   127.375   203.479
   127.750     3.044     2.658    10.584    12.521   -31.525     0.044   260.670   275.396    52.701   968.250   127.625   203.669
   128.000     2.977     2.661    10.558    12.499   -31.422     0.037   260.655   275.440    52.680   968.626   127.875   203.779
   128.250     2.718     2.693    10.542    12.477   -31.333     0.035   260.648   273.890    52.676   968.741   128.125   203.781
   128.500     2.600     2.679    10.521    12.451   -31.242     0.049   260.646   272.288    52.689   968.820   128.375   203.796
   128.750     2.293     2.708    10.515    12.430   -31.257     0.096   260.658   269.917    52.694   968.580   128.625   203.708
   129.000     2.421     2.767    10.504    12.405   -31.365     0.129   260.671   269.049    52.672   968.401   128.875   203.646
   129.250     2.698     2.704    10.473    12.378   -31.510     0.145   260.669   269.876    52.638   968.404   129.125   203.609
   129.500     2.757     2.621    10.445    12.361   -31.696     0.135   260.658   270.653    52.580   968.328   129.375   203.538
   129.750     2.700     2.599    10.430    12.353   -31.843     0.116   260.666   271.553    52.530   968.172   129.625   203.497
   130.000     2.720     2.596    10.422    12.350   -31.946     0.096   260.665   272.317    52.503   968.084   129.875   203.484
   130.250     2.742     2.590    10.416    12.349   -31.977     0.078   260.661   272.767    52.487   968.051   130.125   203.476
   130.500     2.719     2.597    10.411    12.347   -31.966     0.064   260.657   273.463    52.492   968.071   130.375   203.502
   130.750     2.724     2.613    10.403    12.341   -31.926     0.052   260.637   274.062    52.502   968.195   130.625   203.576
   131.000     3.006     2.642    10.378    12.324   -31.840     0.044   260.619   274.706    52.481   968.594   130.875   203.744
   131.250     2.999     2.645    10.351    12.302   -31.744     0.037   260.602   275.174    52.456   968.997   131.125   203.862
   131.500     2.806     2.615    10.329    12.279   -31.643     0.034   260.591   274.170    52.455   969.215   131.375   203.884
   131.750     2.618     2.660    10.312    12.255   -31.560     0.047   260.585   272.250    52.460   969.257   131.625   203.865
   132.000     2.222     2.692    10.313    12.237   -31.586     0.086   260.598   269.721    52.467   968.938   131.875   203.751
   132.250     2.436     2.736    10.298    12.214   -31.692     0.121   260.610   268.702    52.478   968.760   132.125   203.694
   132.500     2.590     2.685    10.271    12.190   -31.847     0.141   260.615   269.515    52.466   968.716   132.375   203.660
   132.750     2.692     2.629    10.248    12.171   -32.027     0.135   260.602   270.006    52.404   968.594   132.625   203.573
   133.000     2.674     2.589    10.232    12.162   -32.168     0.117   260.615   270.835    52.341   968.491   132.875   203.561
   133.250     2.710     2.584    10.223    12.158   -32.260     0.097   260.614   271.653    52.304   968.431   133.125   203.553
   133.500     2.726     2.577    10.217    12.157   -32.291     0.079   260.609   272.307    52.285   968.407   133.375   203.549
   133.750     2.706     2.585    10.212    12.155   -32.277     0.064   260.605   272.795    52.286   968.435   133.625   203.578
   134.000     2.713     2.599    10.203    12.149   -32.235     0.053   260.586   273.400    52.295   968.564   133.875   203.650
   134.250     2.992     2.628    10.178    12.132   -32.147     0.044   260.567   274.054    52.275   968.952   134.125   203.803
   134.500     2.992     2.632    10.152    12.111   -32.051     0.038   260.551   274.611    52.251   969.349   134.375   203.907
   134.750     2.833     2.656    10.131    12.087   -31.955     0.035   260.536   273.628    52.243   969.556   134.625   203.911
   135.000     2.595     2.647    10.113    12.065   -31.865     0.047   260.530   272.111    52.254   969.624   134.875   203.893
   135.250     2.290     2.660    10.109    12.047   -31.896     0.083   260.542   269.399    52.266   969.345   135.125   203.791
   135.500     2.382     2.707    10.097    12.028   -32.015     0.116   260.553   268.375    52.291   969.094   135.375   203.715
   135.750     2.506     2.520    10.073    12.006   -32.167     0.142   260.557   269.146    52.291   969.008   135.625   203.677
   136.000     2.666     2.601    10.052    11.987   -32.350     0.138   260.550   269.606    52.241   968.894   135.875   203.604
   136.250     2.627     2.586    10.039    11.978   -32.493     0.117   260.565   270.400    52.170   968.787   136.125   203.595
   136.500     2.694     2.572    10.030    11.974   -32.582     0.095   260.563   271.245    52.122   968.748   136.375   203.591
   136.750     2.710     2.566    10.024    11.973   -32.603     0.077   260.559   271.880    52.097   968.740   136.625   203.594
   137.000     2.693     2.574    10.019    11.970   -32.578     0.062   260.555   272.348    52.096   968.784   136.875   203.630
   137.250     2.701     2.589    10.010    11.964   -32.526     0.051   260.535   272.930    52.102   968.933   137.125   203.707
   137.500     2.977     2.619     9.985    11.946   -32.432     0.043   260.516   273.540    52.079   969.330   137.375   203.854
   137.750     2.975     2.624     9.958    11.924   -32.332     0.037   260.501   274.051    52.056   969.725   137.625   203.943
   138.000     2.787     2.652     9.939    11.901   -32.246     0.034   260.487   273.133    52.047   969.906   137.875   203.933
   138.250     2.571     2.632     9.920    11.877   -32.164     0.045   260.484   271.409    52.060   969.971   138.125   203.917
   138.500     2.319     2.638     9.912    11.861   -32.183     0.082   260.492   269.036    52.075   969.701   138.375   203.812
   138.750     2.365     2.685     9.901    11.845   -32.297     0.113   260.503   267.984    52.110   969.420   138.625   203.731
   139.000     2.520     2.631     9.880    11.826   -32.454     0.145   260.505   268.910    52.117   969.275   138.875   203.674
   139.250     2.536     2.599     9.861    11.809   -32.630     0.138   260.502   268.938    52.098   969.121   139.125   203.604
   139.500     2.632     2.575     9.849    11.799   -32.771     0.117   260.518   269.741    52.010   969.040   139.375   203.590
   139.750     2.675     2.560     9.841    11.795   -32.865     0.096   260.517   270.587    51.955   968.998   139.625   203.582
   140.000     2.712     2.552     9.836    11.794   -32.892     0.077   260.512   271.243    51.926   969.000   139.875   203.587
   140.250     2.691     2.560     9.832    11.793   -32.873     0.062   260.507   271.739    51.924   969.042   140.125   203.621
   140.500     2.695     2.575     9.824    11.787   -32.821     0.052   260.487   272.322    51.930   969.184   140.375   203.694
   140.750     2.898     2.606     9.803    11.772   -32.734     0.043   260.471   272.889    51.916   969.535   140.625   203.823
   141.000     2.974     2.617     9.777    11.750   -32.635     0.037   260.455   273.427    51.886   969.953   140.875   203.925
   141.250     2.864     2.635     9.755    11.725   -32.540     0.034   260.437   273.194    51.868   970.219   141.125   203.930
   141.500     2.546     2.611     9.737    11.704   -32.467     0.039   260.435   271.389    51.887   970.260   141.375   203.904
   141.750     2.405     2.615     9.723    11.689   -32.445     0.071   260.437   269.076    51.910   970.083   141.625   203.822
   142.000     2.305     2.667     9.716    11.675   -32.545     0.101   260.448   267.801    51.954   969.730   141.875   203.728
   142.250     2.461     2.540     9.693    11.658   -32.697     0.134   260.453   268.194    51.989   969.587   142.125   203.682
   142.500     2.513     2.594     9.677    11.641   -32.887     0.139   260.451   268.414    51.984   969.387   142.375   203.611
   142.750     2.565     2.565     9.667    11.628   -33.041     0.119   260.469   269.160    51.890   969.286   142.625   203.568
   143.000     2.643     2.554     9.660    11.623   -33.144     0.098   260.470   269.996    51.816   969.244   142.875   203.558
   143.250     2.710     2.542     9.655    11.621   -33.175     0.078   260.466   270.683    51.774   969.261   143.125   203.564
   143.500     2.683     2.548     9.651    11.620   -33.155     0.063   260.460   271.225    51.764   969.305   143.375   203.596
   143.750     2.685     2.562     9.644    11.615   -33.103     0.052   260.440   271.868    51.766   969.443   143.625   203.665
   144.000     2.828     2.595     9.627    11.601   -33.021     0.043   260.427   272.403    51.755   969.758   143.875   203.781
   144.250     2.967     2.605     9.600    11.580   -32.919     0.037   260.410   272.963    51.723   970.185   144.125   203.888
   144.500     2.916     2.618     9.573    11.554   -32.808     0.033   260.393   273.017    51.705   970.540   144.375   203.916
   144.750     2.515     2.594     9.559    11.535   -32.753     0.035   260.389   271.470    51.723   970.528   144.625   203.874
   145.000     2.518     2.598     9.540    11.517   -32.712     0.058   260.384   269.796    51.740   970.449   144.875   203.815
   145.250     2.224     2.653     9.534    11.508   -32.792     0.088   260.397   267.647    51.796   970.041   145.125   203.710
   145.500     2.405     2.494     9.513    11.493   -32.916     0.117   260.403   267.527    51.849   969.885   145.375   203.666
   145.750     2.514     2.593     9.500    11.477   -33.098     0.128   260.403   267.931    51.844   969.650   145.625   203.585
   146.000     2.515     2.564     9.486    11.462   -33.259     0.117   260.420   268.553    51.794   969.536   145.875   203.536
   146.250     2.604     2.541     9.481    11.455   -33.379     0.100   260.423   269.344    51.693   969.481   146.125   203.518
   146.500     2.688     2.533     9.476    11.452   -33.437     0.081   260.420   270.212    51.636   969.499   146.375   203.524
   146.750     2.686     2.534     9.473    11.451   -33.430     0.065   260.415   270.624    51.612   969.542   146.625   203.549
   147.000     2.682     2.546     9.468    11.447   -33.386     0.053   260.394   271.332    51.608   969.663   146.875   203.610
   147.250     2.709     2.583     9.457    11.437   -33.319     0.044   260.386   271.838    51.605   969.892   147.125   203.700
   147.500     2.968     2.593     9.431    11.417   -33.217     0.037   260.367   272.436    51.572   970.329   147.375   203.824
   147.750     2.916     2.598     9.404    11.392   -33.110     0.033   260.351   272.562    51.551   970.709   147.625   203.864
   148.000     2.627     2.612     9.389    11.373   -33.046     0.032   260.341   271.751    51.554   970.764   147.875   203.825
   148.250     2.581     2.578     9.362    11.354   -32.970     0.045   260.334   270.287    51.597   970.804   148.125   203.809
   148.500     2.241     2.588     9.356    11.345   -33.021     0.071   260.342   268.345    51.641   970.439   148.375   203.705
   148.750     2.313     2.632     9.346    11.334   -33.142     0.103   260.354   266.744    51.698   970.092   148.625   203.626
   149.000     2.493     2.582     9.326    11.318   -33.300     0.121   260.353   267.610    51.717   969.942   148.875   203.573
   149.250     2.466     2.556     9.311    11.303   -33.464     0.117   260.366   268.314    51.715   969.793   149.125   203.513
   149.500     2.555     2.541     9.305    11.292   -33.594     0.102   260.376   268.720    51.598   969.735   149.375   203.477
   149.750     2.670     2.528     9.300    11.286   -33.670     0.084   260.374   269.630    51.513   969.760   149.625   203.477
   150.000     2.695     2.523     9.297    11.285   -33.681     0.068   260.368   270.297    51.468   969.811   149.875   203.497
