  1000.000     5.488     3.591     0.000     0.662    -1.555    -1.140     2.708     0.000     0.000     0.000     0.000     0.000     0.000   297.581     0.000   0.00E+00    -0.972     0.311   278.616
   950.000     1.399     3.410     0.001     0.833     1.245    -1.433     0.108     0.000    16.888     0.000   -12.159     0.000     0.000   297.564     0.000   0.00E+00    -1.433     0.346   274.571
   900.000    -2.377     2.560    -0.225     0.748     1.411    -1.447     0.000     0.000    16.885     0.000   -13.033     0.000     2.097   294.456     0.000   0.15E-01    -0.470     0.369   270.581
   850.000    -5.874     1.772     0.301     0.677     1.458    -1.497     0.000     0.000    15.696    -2.094   -10.018     2.439     2.014   292.633     0.051   0.31E+00     0.164     0.402   267.673
   800.000    -9.390     1.134     0.545     0.565     1.566    -1.607     0.000     0.000    14.326    -2.014    -7.708     2.377     0.915   291.557     0.015   0.28E+00     0.670     0.435   264.468
   750.000   -12.988     0.644     0.515     0.426     1.560    -1.602     0.000     0.000    13.545    -0.912    -6.588     1.824     0.366   291.160     0.002   0.19E+00     0.947     0.461   260.917
   700.000   -16.866     0.367     0.347     0.314     1.449    -1.493     0.000     0.000    13.331    -0.324    -5.846     1.654     0.275   291.276     0.001   0.14E+00     0.983     0.477   256.969
   650.000   -21.241     0.223     0.153     0.241     1.293    -1.339     0.000     0.000    13.221    -0.229    -5.054     1.518     0.288   291.648     0.001   0.11E+00     0.871     0.484   252.570
   600.000   -26.077     0.133    -0.045     0.197     1.087    -1.136     0.000     0.000    13.153    -0.239    -4.045     1.522     0.256   292.432     0.001   0.91E-01     0.677     0.480   247.668
   550.000   -31.423     0.069    -0.178     0.182     0.864    -0.917     0.000     0.000    13.236    -0.216    -3.019     1.656     0.157   293.261     0.001   0.88E-01     0.478     0.464   242.216
   500.000   -37.402     0.051    -0.214     0.220     0.742    -0.799     0.000     0.000    13.656    -0.135    -1.940     1.909     0.016   293.722     0.006   0.57E-01     0.298     0.434   236.172
   450.000   -44.188     0.060    -0.185     0.377     0.753    -0.815     0.000     0.000    14.726     0.000    -0.974     2.501     0.157   294.251     0.057   0.14E+00     0.135     0.392   229.495
   400.000   -51.614     0.047    -0.181     0.622     0.641    -0.708     0.000     0.000    14.163     0.000    -0.356     2.459     2.102   294.513     0.163   0.14E+00     0.054     0.339   222.127
   350.000   -59.821     0.019    -0.195     0.701     0.513    -0.585     0.000     0.000    10.656     0.000    -0.107     2.513     5.249   294.809     0.111   0.49E-01     0.011     0.260   213.976
   300.000   -68.526     0.007    -0.306     0.965     0.253    -0.330     0.000     0.000     2.326     0.000    -0.016     0.459     8.697   295.078     0.393   0.19E-01     0.001     0.171   204.882
   250.000   -74.039     0.004    -3.062     1.010     0.051    -0.121     0.000     0.000     0.093     0.000    -0.000     0.000     2.232   298.113     0.318   0.22E-02    -0.000     0.060   194.448
   200.000   -72.532     0.001    -4.000     0.180    -0.004    -0.037     0.000     0.000     0.000     0.000    -0.000     0.000     0.093   311.167     0.000   0.28E-04    -0.000     0.009   181.767
   150.000   -73.506     0.001    -4.000     0.130     0.000    -0.011     0.000     0.000     0.000     0.000     0.000     0.000     0.000   326.192     0.000   0.14E-09    -0.000     0.000   165.453
   100.000   -72.665     0.001    -4.000     0.077     0.000     0.001     0.000     0.000     0.000     0.000     0.000     0.000     0.000   349.421     0.000   0.00E+00     0.000     0.000   142.608
    80.000   -70.167     0.001    -4.000     0.045     0.000     0.007     0.000     0.000     0.000     0.000     0.000     0.000     0.000   364.671     0.000   0.00E+00     0.000     0.000     0.000
    60.000   -63.784     0.001     0.000     0.015     0.000     0.023     0.000     0.000     0.000     0.000     0.000     0.000     0.000   387.253     0.000   0.00E+00     0.000     0.000     0.000
    40.000   -55.210     0.001     0.000     0.004     0.000     0.045     0.000     0.000     0.000     0.000     0.000     0.000     0.000   419.694     0.000   0.00E+00     0.000     0.000     0.000
    30.000   -48.819     0.001     0.000     0.001     0.000     0.061     0.000     0.000     0.000     0.000     0.000     0.000     0.000   443.775     0.000   0.00E+00     0.000     0.000     0.000
    25.000   -37.533     0.001     0.000     0.000     0.000     0.089     0.000     0.000     0.000     0.000     0.000     0.000     0.000   466.669     0.000   0.00E+00    -0.001     0.000     0.000
