  1000.000    15.287     7.930     0.000     0.746    -1.632    -1.695     2.952     0.000     0.000     0.000     0.000     0.000     0.000   318.940     0.000   0.00E+00    -1.318     0.403   288.457
   950.000    11.142     7.710     0.001     0.930     2.794    -1.748    -0.782     0.000    11.228     0.000   -10.425     0.000     0.005   318.928     0.000   0.29E-06    -2.747     0.441   284.274
   900.000     8.399     5.676    -0.353     0.761     1.589    -1.665     0.000     0.000    11.200    -0.005    -5.941     0.005     1.335   313.764     0.000   0.43E-01    -0.823     0.465   281.015
   850.000     5.176     4.410     0.086     0.704     1.409    -1.497     0.000     0.000    10.438    -1.311    -6.216     1.451     0.998   311.292     0.002   0.99E-02     0.055     0.497   278.486
   800.000     1.938     3.296     0.310     0.638     1.381    -1.479     0.000     0.000     9.655    -0.998    -5.575     1.215     0.588   309.563     0.010   0.28E+00     0.637     0.526   275.740
   750.000    -1.405     2.311     0.412     0.570     1.386    -1.492     0.000     0.000     9.108    -0.560    -5.837     1.061     0.074   308.441     0.005   0.24E+00     1.041     0.546   272.772
   700.000    -4.548     1.462     0.393     0.502     1.426    -1.533     0.000     0.000     9.196     0.000    -6.361     1.125     0.088   307.986     0.003   0.16E+00     1.341     0.560   269.633
   650.000    -8.017     0.881     0.269     0.431     1.408    -1.516     0.000     0.000     9.291     0.000    -6.181     1.045     0.071   308.042     0.003   0.12E+00     1.456     0.575   266.092
   600.000   -11.979     0.521    -0.068     0.364     1.330    -1.444     0.000     0.000     9.396     0.000    -5.115     0.947     0.061   308.758     0.006   0.99E-01     1.280     0.589   262.058
   550.000   -16.640     0.321    -0.348     0.330     1.178    -1.306     0.000     0.000     9.582     0.000    -4.277     1.089     0.048   309.888     0.012   0.95E-01     0.974     0.596   257.421
   500.000   -22.196     0.229    -0.446     0.350     1.060    -1.213     0.000     0.000     9.842     0.000    -3.213     1.222     0.084   311.129     0.033   0.13E+00     0.630     0.581   252.059
   450.000   -28.765     0.208    -0.354     0.436     1.084    -1.273     0.000     0.000     9.923     0.000    -2.008     1.281     0.416   312.165     0.083   0.25E+00     0.351     0.543   245.846
   400.000   -36.232     0.149    -0.257     0.539     1.016    -1.247     0.000     0.000     9.460     0.000    -0.937     1.285     1.136   312.892     0.162   0.31E+00     0.186     0.480   238.665
   350.000   -44.477     0.070    -0.288     0.730     0.940    -1.214     0.000     0.000     9.569     0.000    -0.330     1.562     0.944   313.551     0.224   0.21E+00     0.038     0.394   230.403
   300.000   -53.897     0.040    -0.496     0.920     0.585    -0.907     0.000     0.000     7.243     0.000    -0.087     1.665     3.699   314.135     0.267   0.12E+00     0.007     0.322   220.941
   250.000   -64.685     0.014    -0.932     1.088     0.339    -0.711     0.000     0.000     0.542     0.000    -0.002     0.000     6.700   314.849     0.664   0.13E-01    -0.001     0.198   210.079
   200.000   -69.261     0.001    -4.000     0.417    -0.024    -0.236     0.000     0.000     0.000     0.000    -0.001     0.000     0.542   320.673     0.000   0.16E-03    -0.000     0.051   197.092
   150.000   -70.189     0.001    -4.000     0.186     0.000    -0.018     0.000     0.000     0.000     0.000     0.000     0.000     0.000   333.090     0.000   0.11E-08    -0.000     0.000   180.522
   100.000   -70.546     0.001    -4.000     0.083     0.000     0.052     0.000     0.000     0.000     0.000     0.000     0.000     0.000   354.665     0.000   0.00E+00     0.000     0.000   157.376
    80.000   -68.721     0.001    -4.000     0.059     0.000     0.089     0.000     0.000     0.000     0.000     0.000     0.000     0.000   368.352     0.000   0.00E+00     0.000     0.000     0.000
    60.000   -61.679     0.001     0.000     0.026     0.000     0.229     0.000     0.000     0.000     0.000     0.000     0.000     0.000   389.295     0.000   0.00E+00     0.000     0.000     0.000
    40.000   -51.180     0.001     0.000     0.009     0.000     0.439     0.000     0.000     0.000     0.000     0.000     0.000     0.000   420.442     0.000   0.00E+00     0.000     0.000     0.000
    30.000   -42.579     0.001     0.000     0.004     0.000     0.611     0.000     0.000     0.000     0.000     0.000     0.000     0.000   444.780     0.000   0.00E+00     0.000     0.000     0.000
    25.000   -26.451     0.001     0.000     0.001     0.000     0.934     0.000     0.000     0.000     0.000     0.000     0.000     0.000   472.043     0.000   0.00E+00    -0.001     0.000     0.000
