  1000.000    14.458     7.284     0.000     0.698    -1.698    -1.166     2.669     0.000     0.000     0.000     0.000     0.000     0.000   308.925     0.000   0.00E+00    -1.237     0.348   287.624
   950.000    10.317     7.082     0.001     0.873     1.897    -1.239    -0.458     0.000    12.698     0.000   -12.114     0.000     0.000   308.750     0.000   0.00E+00    -2.246     0.387   283.452
   900.000     7.422     5.200    -0.403     0.740     1.224    -1.222     0.000     0.000    12.696     0.000    -7.910     0.000     1.789   303.875     0.000   0.23E-01    -0.737     0.414   279.935
   850.000     4.133     3.955     0.219     0.678     1.205    -1.203     0.000     0.000    11.894    -1.787    -7.729     1.969     1.423   301.645     0.000   0.10E-02     0.126     0.445   277.355
   800.000     0.819     2.916     0.616     0.585     1.311    -1.310     0.000     0.000    10.929    -1.423    -7.027     1.667     0.199   300.720     0.005   0.30E+00     0.716     0.473   274.551
   750.000    -2.656     1.970     0.876     0.493     1.452    -1.451     0.000     0.000    10.765    -0.199    -8.499     1.388     0.106   298.941     0.001   0.15E+00     1.368     0.492   271.588
   700.000    -5.822     1.167     0.688     0.367     1.549    -1.549     0.000     0.000    10.804    -0.000    -6.554     1.287     0.106   298.987     0.001   0.11E+00     1.572     0.520   268.361
   650.000    -9.391     0.687     0.363     0.267     1.497    -1.497     0.000     0.000    10.841    -0.000    -5.783     1.100     0.093   299.923     0.002   0.85E-01     1.481     0.539   264.719
   600.000   -13.521     0.412     0.009     0.200     1.338    -1.339     0.000     0.000    10.906     0.000    -4.954     1.042     0.086   301.027     0.002   0.73E-01     1.207     0.550   260.572
   550.000   -18.410     0.265    -0.257     0.169     1.131    -1.133     0.000     0.000    11.039     0.000    -4.012     1.139     0.089   301.653     0.004   0.70E-01     0.872     0.549   255.818
   500.000   -24.146     0.180    -0.366     0.180     0.950    -0.953     0.000     0.000    11.299     0.000    -2.928     1.265     0.083   302.493     0.005   0.61E-01     0.559     0.529   250.342
   450.000   -30.682     0.115    -0.335     0.246     0.875    -0.880     0.000     0.000    11.750    -0.000    -1.761     1.444     0.109   303.931     0.012   0.15E+00     0.327     0.491   244.031
   400.000   -37.967     0.067    -0.265     0.412     0.836    -0.843     0.000     0.000    12.113    -0.000    -0.802     1.608     0.469   304.878     0.075   0.19E+00     0.119     0.440   236.779
   350.000   -46.161     0.041    -0.253     0.690     0.655    -0.665     0.000     0.000    11.378     0.000    -0.258     1.984     2.115   304.910     0.203   0.15E+00     0.034     0.378   228.488
   300.000   -55.518     0.024    -0.252     0.820     0.548    -0.560     0.000     0.000     8.078     0.000    -0.049     1.848     4.693   305.000     0.250   0.17E-01     0.004     0.280   219.039
   250.000   -66.188     0.011    -0.451     0.998     0.129    -0.144     0.000     0.000     0.183     0.000    -0.001     0.000     7.895   305.608     0.471   0.32E-02    -0.000     0.169   208.224
   200.000   -62.286     0.001    -4.000     0.051    -0.004     0.005     0.000     0.000     0.000     0.000    -0.000     0.000     0.183   322.340     0.000   0.96E-04    -0.000     0.013   194.961
   150.000   -63.812     0.001    -4.000     0.042     0.000     0.010     0.000     0.000     0.000     0.000     0.000     0.000     0.000   337.368     0.000   0.00E+00     0.000     0.000   177.849
   100.000   -65.873     0.001    -4.000     0.037     0.000     0.008     0.000     0.000     0.000     0.000     0.000     0.000     0.000   359.148     0.000   0.00E+00     0.000     0.000   154.090
    80.000   -66.603     0.001    -4.000     0.032     0.000     0.007     0.000     0.000     0.000     0.000     0.000     0.000     0.000   371.780     0.000   0.00E+00     0.000     0.000     0.000
    60.000   -65.470     0.001     0.000     0.020     0.000     0.009     0.000     0.000     0.000     0.000     0.000     0.000     0.000   389.563     0.000   0.00E+00     0.000     0.000     0.000
    40.000   -64.933     0.001     0.000     0.012     0.000     0.010     0.000     0.000     0.000     0.000     0.000     0.000     0.000   413.925     0.000   0.00E+00     0.000     0.000     0.000
    30.000   -67.682     0.001     0.000     0.013     0.000     0.007     0.000     0.000     0.000     0.000     0.000     0.000     0.000   427.656     0.000   0.00E+00     0.000     0.000     0.000
    25.000   -77.306     0.001     0.000     0.047     0.000    -0.006     0.000     0.000     0.000     0.000     0.000     0.000     0.000   428.599     0.000   0.00E+00    -0.001     0.000     0.000
