  1000.000     2.966     2.984     0.000     0.642    -1.379    -0.972     2.634     0.000     0.000     0.000     0.000     0.000     0.000   291.911     0.000   0.00E+00    -0.722     0.281   276.072
   950.000    -1.132     2.824     0.001     0.817     0.397    -1.457     0.723     0.000    19.264     0.000   -15.408     0.000     0.000   291.917     0.000   0.00E+00    -1.198     0.312   272.064
   900.000    -4.917     2.008    -0.065     0.732     1.445    -1.473     0.000     0.000    19.263     0.000   -13.723     0.000     1.998   288.418     0.003   0.79E-01    -0.369     0.344   268.190
   850.000    -8.471     1.342     0.372     0.643     1.493    -1.522     0.000     0.000    17.998    -1.996    -9.908     2.488     2.350   287.279     0.038   0.26E+00     0.177     0.377   265.145
   800.000   -12.129     0.852     0.571     0.536     1.575    -1.605     0.000     0.000    16.497    -2.350    -7.218     2.788     1.581   285.871     0.016   0.24E+00     0.564     0.407   261.797
   750.000   -15.928     0.462     0.545     0.402     1.554    -1.585     0.000     0.000    15.148    -1.581    -5.721     2.150     0.644   286.792     0.003   0.17E+00     0.777     0.429   258.100
   700.000   -19.953     0.216     0.380     0.292     1.460    -1.492     0.000     0.000    14.654    -0.619    -4.710     1.881     0.518   285.822     0.000   0.13E+00     0.781     0.438   254.010
   650.000   -24.356     0.109     0.203     0.223     1.325    -1.359     0.000     0.000    14.322    -0.488    -3.891     1.748     0.432   286.754     0.000   0.97E-01     0.681     0.437   249.481
   600.000   -29.240     0.060     0.015     0.182     1.141    -1.176     0.000     0.000    14.127    -0.401    -3.055     1.660     0.470   288.031     0.000   0.80E-01     0.526     0.426   244.474
   550.000   -34.642     0.025    -0.159     0.146     0.767    -0.803     0.000     0.000    14.051    -0.441    -2.209     1.889     0.064   288.415     0.000   0.66E-01     0.368     0.408   238.950
   500.000   -40.683     0.019    -0.219     0.178     0.623    -0.662     0.000     0.000    14.962    -0.042    -1.369     2.475     0.018   288.773     0.001   0.44E-01     0.220     0.377   232.877
   450.000   -47.350     0.016    -0.210     0.279     0.579    -0.620     0.000     0.000    16.871     0.000    -0.652     3.523     0.141   288.999     0.018   0.78E-01     0.112     0.337   226.212
   400.000   -54.667     0.014    -0.204     0.465     0.462    -0.506     0.000     0.000    21.464     0.000    -0.244     6.584     0.647   289.287     0.087   0.72E-01     0.052     0.287   218.893
   350.000   -62.756     0.013    -0.180     0.876     0.419    -0.466    -0.000     0.000     5.404     0.000    -0.065     1.048    16.679   289.445     0.327   0.31E-01     0.014     0.230   210.822
   300.000   -71.334     0.004    -0.429     0.957     0.134    -0.182     0.000     0.000     1.173     0.000    -0.017     0.228     4.411   289.548     0.421   0.15E-01     0.003     0.113   201.833
   250.000   -74.972     0.003    -4.000     0.999     0.054    -0.097     0.000     0.000     0.313     0.000    -0.002     0.065     0.909   294.308     0.337   0.48E-02     0.000     0.036   191.479
   200.000   -73.602     0.001    -4.000     0.242     0.007    -0.036     0.000     0.000     0.006     0.000    -0.000     0.000     0.307   307.741     0.027   0.33E-03    -0.000     0.013   178.862
   150.000   -74.157     0.001    -4.000     0.146     0.000    -0.013     0.000     0.000     0.000     0.000    -0.000     0.000     0.006   323.934     0.000   0.52E-05    -0.000     0.001   162.615
   100.000   -72.287     0.001    -4.000     0.073     0.000     0.001     0.000     0.000     0.000     0.000     0.000     0.000     0.000   348.206     0.000   0.00E+00     0.000     0.000   139.782
    80.000   -68.811     0.001    -4.000     0.037     0.000     0.005     0.000     0.000     0.000     0.000     0.000     0.000     0.000   363.517     0.000   0.00E+00     0.000     0.000     0.000
    60.000   -61.059     0.001     0.000     0.010     0.000     0.014     0.000     0.000     0.000     0.000     0.000     0.000     0.000   388.587     0.000   0.00E+00     0.000     0.000     0.000
    40.000   -50.766     0.001     0.000     0.002     0.000     0.027     0.000     0.000     0.000     0.000     0.000     0.000     0.000   424.144     0.000   0.00E+00     0.000     0.000     0.000
    30.000   -42.493     0.001     0.000     0.001     0.000     0.038     0.000     0.000     0.000     0.000     0.000     0.000     0.000   449.793     0.000   0.00E+00     0.000     0.000     0.000
    25.000   -26.078     0.001     0.000     0.000     0.000     0.060     0.000     0.000     0.000     0.000     0.000     0.000     0.000   477.749     0.000   0.00E+00    -0.001     0.000     0.000
