  1000.000     3.007     2.994    -0.000     0.628    -1.337    -0.868     2.588     0.000     0.000     0.000     0.000     0.000     0.000   287.511     0.000   0.00E+00    -0.622     0.260   276.113
   950.000    -1.091     2.835     0.001     0.800     0.090    -1.405     0.914     0.000    20.325     0.000   -15.825     0.000     0.001   287.568     0.000   0.12E-06    -0.925     0.291   272.104
   900.000    -4.873     2.012    -0.029     0.728     1.421    -1.431     0.000     0.000    20.321    -0.001   -14.806     0.001     2.133   284.512     0.004   0.82E-01    -0.270     0.322   268.231
   850.000    -8.429     1.342     0.411     0.637     1.498    -1.510     0.000     0.000    18.959    -2.130   -10.390     2.653     2.468   283.577     0.047   0.31E+00     0.220     0.355   265.189
   800.000   -12.082     0.843     0.606     0.526     1.595    -1.608     0.000     0.000    17.388    -2.463    -7.345     2.966     1.758   282.548     0.018   0.25E+00     0.560     0.386   261.843
   750.000   -15.853     0.456     0.571     0.386     1.571    -1.586     0.000     0.000    15.889    -1.753    -5.619     2.292     0.731   282.912     0.005   0.17E+00     0.733     0.407   258.149
   700.000   -19.866     0.242     0.390     0.271     1.462    -1.478     0.000     0.000    15.299    -0.704    -4.455     1.977     0.589   282.569     0.004   0.13E+00     0.702     0.414   254.060
   650.000   -24.341     0.127     0.200     0.203     1.308    -1.326     0.000     0.000    14.894    -0.557    -3.526     1.836     0.481   283.700     0.005   0.98E-01     0.577     0.411   249.534
   600.000   -29.234     0.060     0.008     0.166     1.108    -1.128     0.000     0.000    14.652    -0.451    -2.633     1.738     0.525   284.552     0.007   0.80E-01     0.413     0.396   244.529
   550.000   -34.606     0.025    -0.160     0.134     0.704    -0.727     0.000     0.000    14.527    -0.496    -1.840     1.974     0.082   284.999     0.009   0.59E-01     0.272     0.373   239.007
   500.000   -40.644     0.020    -0.229     0.172     0.545    -0.570     0.000     0.000    15.456    -0.058    -1.048     2.586     0.019   285.285     0.012   0.39E-01     0.152     0.340   232.934
   450.000   -47.309     0.017    -0.253     0.288     0.484    -0.512     0.000     0.000    17.531    -0.002    -0.426     3.707     0.072   285.474     0.029   0.50E-01     0.063     0.300   226.269
   400.000   -54.623     0.014    -0.285     0.506     0.360    -0.392     0.000     0.000    22.258    -0.002    -0.142     6.823     0.673   285.742     0.107   0.42E-01     0.014     0.254   218.949
   350.000   -62.708     0.013    -0.297     0.948     0.333    -0.368    -0.000     0.000     4.952    -0.000    -0.013     1.023    17.863   285.864     0.360   0.73E-02     0.001     0.199   210.877
   300.000   -71.293     0.004    -0.624     1.005     0.041    -0.078     0.000     0.000     0.113     0.000    -0.000     0.000     4.838   286.032     0.473   0.14E-02    -0.000     0.078   201.887
   250.000   -74.963     0.003    -4.000     1.000    -0.002    -0.028     0.000     0.000     0.000     0.000    -0.000     0.000     0.113   291.839     0.345   0.23E-04    -0.000     0.005   191.532
   200.000   -73.587     0.001    -4.000     0.194     0.000    -0.011     0.000     0.000     0.000     0.000     0.000     0.000     0.000   305.693     0.000   0.94E-10    -0.000     0.000   178.914
   150.000   -74.141     0.001    -4.000     0.158     0.000    -0.002     0.000     0.000     0.000     0.000     0.000     0.000     0.000   321.347     0.000   0.00E+00     0.000     0.000   162.666
   100.000   -72.273     0.001    -4.000     0.084     0.000     0.001     0.000     0.000     0.000     0.000     0.000     0.000     0.000   346.493     0.000   0.00E+00     0.000     0.000   139.831
    80.000   -68.798     0.001    -4.000     0.043     0.000     0.007     0.000     0.000     0.000     0.000     0.000     0.000     0.000   361.472     0.000   0.00E+00     0.000     0.000     0.000
    60.000   -61.047     0.001     0.000     0.012     0.000     0.020     0.000     0.000     0.000     0.000     0.000     0.000     0.000   385.796     0.000   0.00E+00     0.000     0.000     0.000
    40.000   -50.756     0.001     0.000     0.002     0.000     0.037     0.000     0.000     0.000     0.000     0.000     0.000     0.000   420.906     0.000   0.00E+00     0.000     0.000     0.000
    30.000   -42.487     0.001     0.000     0.001     0.000     0.050     0.000     0.000     0.000     0.000     0.000     0.000     0.000   447.740     0.000   0.00E+00     0.000     0.000     0.000
    25.000   -26.080     0.001     0.000     0.000     0.000     0.080     0.000     0.000     0.000     0.000     0.000     0.000     0.000   476.235     0.000   0.00E+00    -0.001     0.000     0.000
